Next
1486727840.33
Page_Up
1486727844.4
Page_Up
1486727845.44
Next
1486727848.87
Next
1486727849.89
Page_Up
1486727854.01
Page_Up
1486727855.09
Next
1486727858.84
Next
1486727859.84
Page_Up
1486727863.71
Page_Up
1486727864.72
Next
1486727868.82
Next
1486727869.67
Page_Up
1486727873.91
Page_Up
1486727874.79
Next
1486727878.24
Next
1486727879.34
Page_Up
1486727883.15
Page_Up
1486727884.06
Next
1486727887.64
Next
1486727888.78
Page_Up
1486727892.57
Page_Up
1486727893.39
Next
1486727897.13
Next
1486727898.08
Page_Up
1486727901.63
Page_Up
1486727902.64
Next
1486727906.28
Next
1486727907.38
Page_Up
1486727911.24
Page_Up
1486727912.03
Next
1486727915.94
Next
1486727916.6
Page_Up
1486727926.39
Page_Up
1486727927.54
Next
1486727930.78
grave
1486727938.51
