1486734010.947
False
0
60
1486734011.68
False
0
60
1486734011.125
False
0
60
1486734011.238
False
0
60
1486734011.339
False
0
60
1486734011.411
False
0
60
1486734011.570
False
0
60
1486734011.678
False
0
60
1486734011.716
False
0
60
1486734011.749
False
0
60
1486734011.804
False
0
60
1486734012.63
False
0
60
1486734012.102
False
0
60
1486734012.137
False
0
60
1486734012.185
False
0
60
1486734012.226
False
0
60
1486734012.251
False
0
60
1486734012.283
False
0
60
1486734012.324
False
0
60
1486734012.361
False
0
60
1486734012.575
False
0
60
1486734012.685
False
0
60
1486734012.791
False
0
60
1486734012.823
False
0
60
1486734012.863
False
0
60
1486734012.903
False
0
60
1486734012.940
False
0
60
1486734012.977
False
0
60
1486734013.15
False
0
60
1486734013.55
False
0
60
1486734013.94
False
0
60
1486734013.132
False
0
60
1486734013.171
False
0
60
1486734013.212
False
0
60
1486734013.247
False
0
60
1486734013.286
False
0
60
1486734013.324
False
0
60
1486734013.363
False
0
60
1486734013.404
False
0
60
1486734013.441
False
0
60
1486734013.479
False
0
60
1486734013.517
False
0
60
1486734013.555
False
0
60
1486734013.593
False
0
60
1486734013.633
False
0
60
1486734013.672
False
0
60
1486734013.714
False
0
60
1486734013.747
False
0
60
1486734013.787
False
0
60
1486734013.826
False
0
60
1486734013.864
False
0
60
1486734013.905
False
0
60
1486734013.942
False
0
60
1486734013.980
False
0
60
1486734014.18
False
0
60
1486734014.58
False
0
60
1486734014.95
False
0
60
1486734014.134
False
0
60
1486734014.173
False
0
60
1486734014.212
False
0
60
1486734014.254
False
0
60
1486734014.291
False
0
60
1486734014.327
False
0
60
1486734014.366
False
0
60
1486734014.508
False
0
60
1486734014.619
False
0
60
1486734014.727
False
0
60
1486734014.762
False
0
60
1486734014.893
False
0
60
1486734014.984
False
0
60
1486734015.34
False
0
60
1486734015.82
False
0
60
1486734015.190
False
0
60
1486734015.237
False
0
60
1486734015.332
False
0
60
1486734015.386
False
0
60
1486734015.432
False
0
60
1486734015.464
False
0
60
1486734015.508
False
0
60
1486734015.602
False
0
60
1486734015.660
False
0
60
1486734015.755
False
0
60
1486734015.816
False
0
60
1486734015.853
False
0
60
1486734015.892
False
0
60
1486734015.925
False
0
60
1486734016.23
False
0
60
1486734016.81
False
0
60
1486734016.263
False
0
60
1486734016.303
False
0
60
1486734016.362
False
0
60
1486734016.389
False
0
60
1486734016.424
False
0
60
1486734016.686
False
0
60
1486734016.739
False
0
60
1486734016.837
False
0
60
1486734016.894
False
0
60
1486734016.994
False
0
60
1486734017.39
False
0
60
1486734017.84
False
0
60
1486734017.132
False
0
60
1486734017.157
False
0
60
1486734017.197
False
0
60
1486734017.297
False
0
60
1486734017.354
False
0
60
1486734017.459
False
0
60
1486734017.569
False
0
60
1486734017.767
False
0
60
1486734017.879
False
0
60
1486734018.82
False
0
60
1486734018.196
False
0
60
1486734018.382
False
0
60
1486734018.421
False
0
60
1486734018.482
False
0
60
1486734018.514
False
0
60
1486734018.615
False
0
60
1486734018.647
False
0
60
1486734018.682
False
0
60
1486734018.722
False
0
60
1486734018.759
False
0
60
1486734018.797
False
0
60
1486734018.836
False
0
60
1486734018.874
False
0
60
1486734018.914
False
0
60
1486734018.951
False
0
60
1486734018.991
False
0
60
1486734019.28
False
0
60
1486734019.67
False
0
60
1486734019.105
False
0
60
1486734019.144
False
0
60
1486734019.182
False
0
60
1486734019.223
False
0
60
1486734019.259
False
0
60
1486734019.299
False
0
60
1486734019.337
False
0
60
1486734019.375
False
0
60
1486734019.414
False
0
60
1486734019.454
False
0
60
1486734019.492
False
0
60
1486734019.529
False
0
60
1486734019.568
False
0
60
1486734019.607
False
0
60
1486734019.646
False
0
60
1486734019.684
False
0
60
1486734019.725
False
0
60
1486734019.769
False
0
60
1486734019.804
False
0
60
1486734019.838
False
0
60
1486734019.876
False
0
60
1486734019.915
False
0
60
1486734019.954
False
0
60
1486734019.992
False
0
60
1486734020.30
False
0
60
1486734020.71
False
0
60
1486734020.108
False
0
60
1486734020.146
False
0
60
1486734020.185
False
0
60
1486734020.224
False
0
60
1486734020.262
False
0
60
1486734020.300
False
0
60
1486734020.339
False
0
60
1486734020.377
False
0
60
1486734020.422
False
0
60
1486734020.468
False
0
60
1486734020.500
False
0
60
1486734020.532
False
0
60
1486734020.573
False
0
60
1486734020.607
False
0
60
1486734020.648
False
0
60
1486734020.686
False
0
60
1486734020.725
False
0
60
1486734020.763
False
0
60
1486734020.802
False
0
60
1486734020.840
False
0
60
1486734020.878
False
0
60
1486734020.917
False
0
60
1486734020.955
False
0
60
1486734020.995
False
0
60
1486734021.32
False
0
60
1486734021.72
False
0
60
1486734021.110
False
0
60
1486734021.148
False
0
60
1486734021.187
False
0
60
1486734021.226
False
0
60
1486734021.264
False
0
60
1486734021.303
False
0
60
1486734021.341
False
0
60
1486734021.379
False
0
60
1486734021.418
False
0
60
1486734021.456
False
0
60
1486734021.496
False
0
60
1486734021.534
False
0
60
1486734021.573
False
0
60
1486734021.611
False
0
60
1486734021.650
False
0
60
1486734021.687
False
0
60
1486734021.727
False
0
60
1486734021.765
False
0
60
1486734021.804
False
0
60
1486734021.843
False
0
60
1486734021.881
False
0
60
1486734021.922
False
0
60
1486734021.958
False
0
60
1486734021.996
False
0
60
1486734022.34
False
0
60
1486734022.73
False
0
60
1486734022.113
False
0
60
1486734022.151
False
0
60
1486734022.190
False
0
60
1486734022.227
False
0
60
1486734022.266
False
0
60
1486734022.304
False
0
60
1486734022.343
False
0
60
1486734022.381
False
0
60
1486734022.420
False
0
60
1486734022.459
False
0
60
1486734022.498
False
0
60
1486734022.536
False
0
60
1486734022.575
False
0
60
1486734022.614
False
0
60
1486734022.652
False
0
60
1486734022.690
False
0
60
1486734022.728
False
0
60
1486734022.767
False
0
60
1486734022.806
False
0
60
1486734022.844
False
0
60
1486734022.884
False
0
60
1486734022.922
False
0
60
1486734022.960
False
0
60
1486734022.999
False
0
60
1486734023.37
False
0
60
1486734023.75
False
0
60
1486734023.113
False
0
60
1486734023.153
False
0
60
1486734023.191
False
0
60
1486734023.229
False
0
60
1486734023.268
False
0
60
1486734023.307
False
0
60
1486734023.346
False
0
60
1486734023.385
False
0
60
1486734023.422
False
0
60
1486734023.462
False
0
60
1486734023.500
False
0
60
1486734023.538
False
0
60
1486734023.576
False
0
60
1486734023.632
False
0
60
1486734023.682
False
0
60
1486734023.708
False
0
60
1486734023.732
False
0
60
1486734023.772
False
0
60
1486734023.811
False
0
60
1486734023.847
False
0
60
1486734023.885
False
0
60
1486734023.924
False
0
60
1486734023.962
False
0
60
1486734023.1000
False
0
60
1486734024.232
False
0
60
1486734024.270
False
0
60
1486734024.310
False
0
60
1486734024.347
False
0
60
1486734024.386
False
0
60
1486734024.425
False
0
60
1486734024.464
False
0
60
1486734024.502
False
0
60
1486734024.539
False
0
60
1486734024.579
False
0
60
1486734024.618
False
0
60
1486734024.655
False
0
60
1486734024.694
False
0
60
1486734024.746
False
0
60
1486734024.788
False
0
60
1486734024.807
False
0
60
1486734024.850
False
0
60
1486734024.887
False
0
60
1486734024.925
False
0
60
1486734024.964
False
0
60
1486734025.3
False
0
60
1486734025.43
False
0
60
1486734025.80
False
0
60
1486734025.118
False
0
60
1486734025.157
False
0
60
1486734025.195
False
0
60
1486734025.233
False
0
60
1486734025.276
False
0
60
1486734025.312
False
0
60
1486734025.350
False
0
60
1486734025.388
False
0
60
1486734025.427
False
0
60
1486734025.465
False
0
60
1486734025.504
False
0
60
1486734025.542
False
0
60
1486734025.597
False
0
60
1486734025.628
False
0
60
1486734025.667
False
0
60
1486734025.709
False
0
60
1486734025.739
False
0
60
1486734025.775
False
0
60
1486734025.812
False
0
60
1486734025.850
False
0
60
1486734025.889
False
0
60
1486734025.927
False
0
60
1486734025.966
False
0
60
1486734026.4
False
0
60
1486734026.42
False
0
60
1486734026.84
False
0
60
1486734026.121
False
0
60
1486734026.159
False
0
60
1486734026.198
False
0
60
1486734026.236
False
0
60
1486734026.275
False
0
60
1486734026.313
False
0
60
1486734026.352
False
0
60
1486734026.390
False
0
60
1486734026.429
False
0
60
1486734026.468
False
0
60
1486734026.529
False
0
60
1486734026.622
False
0
60
1486734026.664
False
0
60
1486734026.701
False
0
60
1486734026.738
False
0
60
1486734026.778
False
0
60
1486734026.815
False
0
60
1486734026.854
False
0
60
1486734026.892
False
0
60
1486734026.930
False
0
60
1486734026.971
False
0
60
1486734027.6
False
0
60
1486734027.45
False
0
60
1486734027.86
False
0
60
1486734027.126
False
0
60
1486734027.162
False
0
60
1486734027.208
False
0
60
1486734027.242
False
0
60
1486734027.278
False
0
60
1486734027.469
False
0
60
1486734027.508
False
0
60
1486734027.546
False
0
60
1486734027.585
False
0
60
1486734027.625
False
0
60
1486734027.662
False
0
60
1486734027.700
False
0
60
1486734027.738
False
0
60
1486734027.777
False
0
60
1486734027.817
False
0
60
1486734027.855
False
0
60
1486734027.894
False
0
60
1486734027.932
False
0
60
1486734027.972
False
0
60
1486734028.9
False
0
60
1486734028.48
False
0
60
1486734028.87
False
0
60
1486734028.126
False
0
60
1486734028.163
False
0
60
1486734028.202
False
0
60
1486734028.239
False
0
60
1486734028.279
False
0
60
1486734028.320
False
0
60
1486734028.355
False
0
60
1486734028.395
False
0
60
1486734028.432
False
0
60
1486734028.471
False
0
60
1486734028.512
False
0
60
1486734028.550
False
0
60
1486734028.586
False
0
60
1486734028.627
False
0
60
1486734028.664
False
0
60
1486734028.710
False
0
60
1486734028.821
False
0
60
1486734028.857
False
0
60
1486734028.896
False
0
60
1486734028.935
False
0
60
1486734028.972
False
0
60
1486734029.14
False
0
60
1486734029.50
False
0
60
1486734029.89
False
0
60
1486734029.127
False
0
60
1486734029.166
False
0
60
1486734029.204
False
0
60
1486734029.243
False
0
60
1486734029.280
False
0
60
1486734029.322
False
0
60
1486734029.358
False
0
60
1486734029.398
False
0
60
1486734029.435
False
0
60
1486734029.474
False
0
60
1486734029.514
False
0
60
1486734029.551
False
0
60
1486734029.589
False
0
60
1486734029.628
False
0
60
1486734029.667
False
0
60
1486734029.705
False
0
60
1486734029.743
False
0
60
1486734029.782
False
0
60
1486734029.822
False
0
60
1486734029.858
False
0
60
1486734029.898
False
0
60
1486734029.936
False
0
60
1486734029.975
False
0
60
1486734030.14
False
0
60
1486734030.52
False
0
60
1486734030.91
False
0
60
1486734030.128
False
0
60
1486734030.168
False
0
60
1486734030.214
False
0
60
1486734030.247
False
0
60
1486734030.283
False
0
60
1486734030.324
False
0
60
1486734030.359
False
0
60
1486734030.398
False
0
60
1486734030.448
False
0
60
1486734030.489
False
0
60
1486734030.529
False
0
60
1486734030.555
False
0
60
1486734030.591
False
0
60
1486734030.633
False
0
60
1486734030.669
False
0
60
1486734030.706
False
0
60
1486734030.746
False
0
60
1486734030.784
False
0
60
1486734030.827
False
0
60
1486734030.862
False
0
60
1486734030.900
False
0
60
1486734030.937
False
0
60
1486734030.977
False
0
60
1486734031.15
False
0
60
1486734031.54
False
0
60
1486734031.93
False
0
60
1486734031.133
False
0
60
1486734031.170
False
0
60
1486734031.208
False
0
60
1486734031.246
False
0
60
1486734031.286
False
0
60
1486734031.326
False
0
60
1486734031.361
False
0
60
1486734031.401
False
0
60
1486734031.439
False
0
60
1486734031.478
False
0
60
1486734031.516
False
0
60
1486734031.555
False
0
60
1486734031.594
False
0
60
1486734031.634
False
0
60
1486734031.672
False
0
60
1486734031.715
False
0
60
1486734031.748
False
0
60
1486734031.786
False
0
60
1486734031.828
False
0
60
1486734031.863
False
0
60
1486734031.903
False
0
60
1486734031.943
False
0
60
1486734031.980
False
0
60
1486734032.18
False
0
60
1486734032.56
False
0
60
1486734032.95
False
0
60
1486734032.134
False
0
60
1486734032.171
False
0
60
1486734032.211
False
0
60
1486734032.250
False
0
60
1486734032.286
False
0
60
1486734032.327
False
0
60
1486734032.365
False
0
60
1486734032.405
False
0
60
1486734032.445
False
0
60
1486734032.480
False
0
60
1486734032.519
False
0
60
1486734032.557
False
0
60
1486734032.596
False
0
60
1486734032.636
False
0
60
1486734032.674
False
0
60
1486734032.712
False
0
60
1486734032.750
False
0
60
1486734032.788
False
0
60
1486734032.827
False
0
60
1486734032.866
False
0
60
1486734032.903
False
0
60
1486734032.944
False
0
60
1486734032.981
False
0
60
1486734033.19
False
0
60
1486734033.57
False
0
60
1486734033.97
False
0
60
1486734033.137
False
0
60
1486734033.174
False
0
60
1486734033.218
False
0
60
1486734033.253
False
0
60
1486734033.289
False
0
60
1486734033.328
False
0
60
1486734033.366
False
0
60
1486734033.405
False
0
60
1486734033.447
False
0
60
1486734033.482
False
0
60
1486734033.521
False
0
60
1486734033.560
False
0
60
1486734033.598
False
0
60
1486734033.638
False
0
60
1486734033.676
False
0
60
1486734033.713
False
0
60
1486734033.753
False
0
60
1486734033.790
False
0
60
1486734033.829
False
0
60
1486734033.867
False
0
60
1486734033.905
False
0
60
1486734033.946
False
0
60
1486734033.983
False
0
60
1486734034.22
False
0
60
1486734034.60
False
0
60
1486734034.99
False
0
60
1486734034.142
False
0
60
1486734034.177
False
0
60
1486734034.214
False
0
60
1486734034.255
False
0
60
1486734034.290
False
0
60
1486734034.330
False
0
60
1486734034.368
False
0
60
1486734034.406
False
0
60
1486734034.447
False
0
60
1486734034.484
False
0
60
1486734034.522
False
0
60
1486734034.561
False
0
60
1486734034.601
False
0
60
1486734034.641
False
0
60
1486734034.676
False
0
60
1486734034.724
False
0
60
1486734034.758
False
0
60
1486734034.795
False
0
60
1486734034.832
False
0
60
1486734034.870
False
0
60
1486734034.908
False
0
60
1486734034.949
False
0
60
1486734034.986
False
0
60
1486734035.23
False
0
60
1486734035.63
False
0
60
1486734035.101
False
0
60
1486734035.139
False
0
60
1486734035.178
False
0
60
1486734035.216
False
0
60
1486734035.256
False
0
60
1486734035.294
False
0
60
1486734035.334
False
0
60
1486734035.369
False
0
60
1486734035.408
False
0
60
1486734035.450
False
0
60
1486734035.487
False
0
60
1486734035.524
False
0
60
1486734035.563
False
0
60
1486734035.603
False
0
60
1486734035.640
False
0
60
1486734035.679
False
0
60
1486734035.718
False
0
60
1486734035.759
False
0
60
1486734035.794
False
0
60
1486734035.833
False
0
60
1486734035.872
False
0
60
1486734035.910
False
0
60
1486734035.948
False
0
60
1486734035.987
False
0
60
1486734036.25
False
0
60
1486734036.65
False
0
60
1486734036.103
False
0
60
1486734036.142
False
0
60
1486734036.179
False
0
60
1486734036.218
False
0
60
1486734036.259
False
0
60
1486734036.294
False
0
60
1486734036.333
False
0
60
1486734036.373
False
0
60
1486734036.411
False
0
60
1486734036.450
False
0
60
1486734036.489
False
0
60
1486734036.527
False
0
60
1486734036.566
False
0
60
1486734036.604
False
0
60
1486734036.642
False
0
60
1486734036.681
False
0
60
1486734036.720
False
0
60
1486734036.760
False
0
60
1486734036.796
False
0
60
1486734036.836
False
0
60
1486734036.873
False
0
60
1486734036.912
False
0
60
1486734036.950
False
0
60
1486734036.990
False
0
60
1486734037.27
False
0
60
1486734037.68
False
0
60
1486734037.106
False
0
60
1486734037.144
False
0
60
1486734037.183
False
0
60
1486734037.222
False
0
60
1486734037.261
False
0
60
1486734037.298
False
0
60
1486734037.337
False
0
60
1486734037.374
False
0
60
1486734037.415
False
0
60
1486734037.452
False
0
60
1486734037.489
False
0
60
1486734037.529
False
0
60
1486734037.569
False
0
60
1486734037.607
False
0
60
1486734037.645
False
0
60
1486734037.683
False
0
60
1486734037.722
False
0
60
1486734037.764
False
0
60
1486734037.799
False
0
60
1486734037.838
False
0
60
1486734037.876
False
0
60
1486734037.914
False
0
60
1486734037.952
False
0
60
1486734037.992
False
0
60
1486734038.29
False
0
60
1486734038.70
False
0
60
1486734038.107
False
0
60
1486734038.146
False
0
60
1486734038.185
False
0
60
1486734038.223
False
0
60
1486734038.263
False
0
60
1486734038.299
False
0
60
1486734038.338
False
0
60
1486734038.377
False
0
60
1486734038.416
False
0
60
1486734038.454
False
0
60
1486734038.492
False
0
60
1486734038.531
False
0
60
1486734038.571
False
0
60
1486734038.608
False
0
60
1486734038.646
False
0
60
1486734038.686
False
0
60
1486734038.723
False
0
60
1486734038.764
False
0
60
1486734038.801
False
0
60
1486734038.840
False
0
60
1486734038.878
False
0
60
1486734038.916
False
0
60
1486734038.954
False
0
60
1486734038.995
False
0
60
1486734039.32
False
0
60
1486734039.71
False
0
60
1486734039.109
False
0
60
1486734039.147
False
0
60
1486734039.186
False
0
60
1486734039.224
False
0
60
1486734039.266
False
0
60
1486734039.302
False
0
60
1486734039.341
False
0
60
1486734039.378
False
0
60
1486734039.418
False
0
60
1486734039.457
False
0
60
1486734039.496
False
0
60
1486734039.533
False
0
60
1486734039.574
False
0
60
1486734039.609
False
0
60
1486734039.649
False
0
60
1486734039.688
False
0
60
1486734039.726
False
0
60
1486734039.767
False
0
60
1486734039.804
False
0
60
1486734039.841
False
0
60
1486734039.879
False
0
60
1486734039.918
False
0
60
1486734039.956
False
0
60
1486734039.995
False
0
60
1486734040.34
False
0
60
1486734040.74
False
0
60
1486734040.112
False
0
60
1486734040.150
False
0
60
1486734040.190
False
0
60
1486734040.227
False
0
60
1486734040.267
False
0
60
1486734040.305
False
0
60
1486734040.343
False
0
60
1486734040.380
False
0
60
1486734040.435
False
0
60
1486734040.470
False
0
60
1486734040.501
False
0
60
1486734040.537
False
0
60
1486734040.580
False
0
60
1486734040.613
False
0
60
1486734040.650
False
0
60
1486734040.690
False
0
60
1486734040.729
False
0
60
1486734040.772
False
0
60
1486734040.804
False
0
60
1486734040.843
False
0
60
1486734040.882
False
0
60
1486734040.920
False
0
60
1486734040.959
False
0
60
1486734040.999
False
0
60
1486734041.35
False
0
60
1486734041.77
False
0
60
1486734041.113
False
0
60
1486734041.152
False
0
60
1486734041.191
False
0
60
1486734041.230
False
0
60
1486734041.270
False
0
60
1486734041.307
False
0
60
1486734041.345
False
0
60
1486734041.383
False
0
60
1486734041.422
False
0
60
1486734041.460
False
0
60
1486734041.499
False
0
60
1486734041.537
False
0
60
1486734041.578
False
0
60
1486734041.615
False
0
60
1486734041.653
False
0
60
1486734041.691
False
0
60
1486734041.731
False
0
60
1486734041.771
False
0
60
1486734041.807
False
0
60
1486734041.846
False
0
60
1486734041.884
False
0
60
1486734041.923
False
0
60
1486734041.962
False
0
60
1486734042.0
False
0
60
1486734042.38
False
0
60
1486734042.79
False
0
60
1486734042.115
False
0
60
1486734042.156
False
0
60
1486734042.193
False
0
60
1486734042.236
False
0
60
1486734042.273
False
0
60
1486734042.310
False
0
60
1486734042.346
False
0
60
1486734042.386
False
0
60
1486734042.424
False
0
60
1486734042.462
False
0
60
1486734042.501
False
0
60
1486734042.539
False
0
60
1486734042.580
False
0
60
1486734042.617
False
0
60
1486734042.655
False
0
60
1486734042.693
False
0
60
1486734042.731
False
0
60
1486734042.773
False
0
60
1486734042.810
False
0
60
1486734042.848
False
0
60
1486734042.886
False
0
60
1486734042.924
False
0
60
1486734042.964
False
0
60
1486734043.2
False
0
60
1486734043.40
False
0
60
1486734043.81
False
0
60
1486734043.117
False
0
60
1486734043.156
False
0
60
1486734043.195
False
0
60
1486734043.233
False
0
60
1486734043.275
False
0
60
1486734043.311
False
0
60
1486734043.350
False
0
60
1486734043.387
False
0
60
1486734043.426
False
0
60
1486734043.465
False
0
60
1486734043.504
False
0
60
1486734043.542
False
0
60
1486734043.583
False
0
60
1486734043.618
False
0
60
1486734043.657
False
0
60
1486734043.695
False
0
60
1486734043.741
False
0
60
1486734043.775
False
0
60
1486734043.812
False
0
60
1486734043.850
False
0
60
1486734043.888
False
0
60
1486734043.927
False
0
60
1486734043.966
False
0
60
1486734044.4
False
0
60
1486734044.43
False
0
60
1486734044.83
False
0
60
1486734044.119
False
0
60
1486734044.157
False
0
60
1486734044.197
False
0
60
1486734044.236
False
0
60
1486734044.275
False
0
60
1486734044.313
False
0
60
1486734044.352
False
0
60
1486734044.391
False
0
60
1486734044.427
False
0
60
1486734044.465
False
0
60
1486734044.505
False
0
60
1486734044.543
False
0
60
1486734044.584
False
0
60
1486734044.620
False
0
60
1486734044.658
False
0
60
1486734044.698
False
0
60
1486734044.737
False
0
60
1486734044.774
False
0
60
1486734044.826
False
0
60
1486734044.853
False
0
60
1486734044.892
False
0
60
1486734044.929
False
0
60
1486734044.967
False
0
60
1486734045.6
False
0
60
1486734045.46
False
0
60
1486734045.85
False
0
60
1486734045.121
False
0
60
1486734045.161
False
0
60
1486734045.198
False
0
60
1486734045.246
False
0
60
1486734045.277
False
0
60
1486734045.313
False
0
60
1486734045.354
False
0
60
1486734045.394
False
0
60
1486734045.430
False
0
60
1486734045.469
False
0
60
1486734045.508
False
0
60
1486734045.547
False
0
60
1486734045.586
False
0
60
1486734045.643
False
0
60
1486734045.749
False
0
60
1486734045.872
False
0
60
1486734046.52
False
0
60
1486734046.103
False
0
60
1486734046.148
False
0
60
1486734046.241
False
0
60
1486734046.295
False
0
60
1486734046.404
False
0
60
1486734046.453
False
0
60
1486734046.492
False
0
60
1486734046.591
False
0
60
1486734046.638
False
0
60
1486734046.686
False
0
60
1486734046.722
False
0
60
1486734046.766
False
0
60
1486734046.870
False
0
60
1486734046.973
False
0
60
1486734047.16
False
0
60
1486734047.52
False
0
60
1486734047.89
False
0
60
1486734047.127
False
0
60
1486734047.164
False
0
60
1486734047.203
False
0
60
1486734047.243
False
0
60
1486734047.281
True
10
0
1486734047.319
True
10
0
1486734047.358
True
10
0
1486734047.398
True
23
0
1486734047.435
True
23
0
1486734047.473
True
23
0
1486734047.511
True
36
8
1486734047.551
True
36
8
1486734047.592
True
36
8
1486734047.627
True
52
23
1486734047.666
True
52
23
1486734047.704
True
52
23
1486734047.743
True
59
41
1486734047.781
True
59
41
1486734047.820
True
59
41
1486734047.858
True
59
58
1486734047.899
True
59
58
1486734047.936
True
59
58
1486734047.976
False
0
60
1486734048.11
False
0
60
1486734048.51
False
0
60
1486734048.92
False
0
60
1486734048.128
False
0
60
1486734048.166
False
0
60
1486734048.208
False
0
60
1486734048.250
False
0
60
1486734048.282
False
0
60
1486734048.320
False
0
60
1486734048.359
False
0
60
1486734048.401
False
0
60
1486734048.436
False
0
60
1486734048.475
False
0
60
1486734048.515
False
0
60
1486734048.552
False
0
60
1486734048.595
False
0
60
1486734048.632
False
0
60
1486734048.667
False
0
60
1486734048.709
False
0
60
1486734048.744
False
0
60
1486734048.783
False
0
60
1486734048.822
False
0
60
1486734048.861
False
0
60
1486734048.901
False
0
60
1486734048.937
False
0
60
1486734048.977
False
0
60
1486734049.15
False
0
60
1486734049.54
False
0
60
1486734049.92
False
0
60
1486734049.132
False
0
60
1486734049.169
False
0
60
1486734049.211
False
0
60
1486734049.245
False
0
60
1486734049.285
False
0
60
1486734049.324
False
0
60
1486734049.362
False
0
60
1486734049.401
False
0
60
1486734049.438
False
0
60
1486734049.477
False
0
60
1486734049.518
False
0
60
1486734049.553
False
0
60
1486734049.592
False
0
60
1486734049.632
False
0
60
1486734049.670
False
0
60
1486734049.711
False
0
60
1486734049.754
False
0
60
1486734049.786
False
0
60
1486734049.825
False
0
60
1486734049.884
False
0
60
1486734049.979
False
0
60
1486734050.37
False
0
60
1486734050.132
False
0
60
1486734050.171
False
0
60
1486734050.211
False
0
60
1486734050.247
False
0
60
1486734050.286
False
0
60
1486734050.325
False
0
60
1486734050.364
False
0
60
1486734050.411
False
0
60
1486734050.449
False
0
60
1486734050.487
False
0
60
1486734050.522
False
0
60
1486734050.561
False
0
60
1486734050.597
False
0
60
1486734050.634
False
0
60
1486734050.673
False
0
60
1486734050.712
False
0
60
1486734050.748
False
0
60
1486734050.786
False
0
60
1486734050.825
False
0
60
1486734050.864
False
0
60
1486734050.905
False
0
60
1486734050.942
False
0
60
1486734050.993
False
0
60
1486734051.45
False
0
60
1486734051.93
False
0
60
1486734051.117
False
0
60
1486734051.145
False
0
60
1486734051.177
False
0
60
1486734051.293
False
0
60
1486734051.330
False
0
60
1486734051.366
False
0
60
1486734051.406
False
0
60
1486734051.444
False
0
60
1486734051.482
False
0
60
1486734051.519
False
0
60
1486734051.558
False
0
60
1486734051.597
False
0
60
1486734051.635
False
0
60
1486734051.676
False
0
60
1486734051.714
False
0
60
1486734051.752
False
0
60
1486734051.789
False
0
60
1486734051.827
False
0
60
1486734051.866
False
0
60
1486734051.907
False
0
60
1486734051.943
False
0
60
1486734051.982
False
0
60
1486734052.22
False
0
60
1486734052.58
False
0
60
1486734052.97
False
0
60
1486734052.137
False
0
60
1486734052.175
False
0
60
1486734052.214
False
0
60
1486734052.252
False
0
60
1486734052.290
False
0
60
1486734052.328
False
0
60
1486734052.368
False
0
60
1486734052.410
False
0
60
1486734052.446
False
0
60
1486734052.485
False
0
60
1486734052.522
False
0
60
1486734052.561
False
0
60
1486734052.599
False
0
60
1486734052.638
False
0
60
1486734052.679
False
0
60
1486734052.716
False
0
60
1486734052.760
False
0
60
1486734052.795
False
0
60
1486734052.829
False
0
60
1486734052.870
False
0
60
1486734052.908
False
0
60
1486734052.946
False
0
60
1486734052.985
False
0
60
1486734053.22
False
0
60
1486734053.62
False
0
60
1486734053.99
False
0
60
1486734053.138
False
0
60
1486734053.176
False
0
60
1486734053.218
False
0
60
1486734053.254
False
0
60
1486734053.294
False
0
60
1486734053.330
False
0
60
1486734053.370
False
0
60
1486734053.411
False
0
60
1486734053.446
False
0
60
1486734053.485
False
0
60
1486734053.525
True
59
56
1486734053.562
True
59
56
1486734053.602
True
59
56
1486734053.642
True
59
42
1486734053.677
True
59
42
1486734053.718
True
59
42
1486734053.755
True
54
23
1486734053.794
True
54
23
1486734053.833
True
54
23
1486734053.870
True
37
7
1486734053.911
True
37
7
1486734053.949
True
37
7
1486734053.986
True
22
0
1486734054.25
True
22
0
1486734054.63
True
22
0
1486734054.102
True
8
0
1486734054.140
True
8
0
1486734054.179
True
8
0
1486734054.220
False
0
60
1486734054.262
False
0
60
1486734054.294
False
0
60
1486734054.334
False
0
60
1486734054.371
False
0
60
1486734054.412
False
0
60
1486734054.449
False
0
60
1486734054.489
False
0
60
1486734054.525
False
0
60
1486734054.564
False
0
60
1486734054.604
False
0
60
1486734054.642
False
0
60
1486734054.682
False
0
60
1486734054.721
False
0
60
1486734054.758
False
0
60
1486734054.796
False
0
60
1486734054.835
False
0
60
1486734054.873
False
0
60
1486734054.914
False
0
60
1486734054.949
False
0
60
1486734054.989
False
0
60
1486734055.27
False
0
60
1486734055.85
False
0
60
1486734055.258
False
0
60
1486734055.321
False
0
60
1486734055.348
False
0
60
1486734055.374
False
0
60
1486734055.413
False
0
60
1486734055.451
False
0
60
1486734055.489
False
0
60
1486734055.529
False
0
60
1486734055.567
False
0
60
1486734055.605
False
0
60
1486734055.644
False
0
60
1486734055.683
False
0
60
1486734055.723
False
0
60
1486734055.765
False
0
60
1486734055.796
False
0
60
1486734055.839
False
0
60
1486734055.875
False
0
60
1486734055.914
False
0
60
1486734055.953
False
0
60
1486734055.991
False
0
60
1486734056.32
False
0
60
1486734056.68
False
0
60
1486734056.123
False
0
60
1486734056.235
False
0
60
1486734056.301
False
0
60
1486734056.377
False
0
60
1486734056.414
False
0
60
1486734056.454
False
0
60
1486734056.491
False
0
60
1486734056.531
False
0
60
1486734056.569
False
0
60
1486734056.607
False
0
60
1486734056.645
False
0
60
1486734056.684
False
0
60
1486734056.722
False
0
60
1486734056.761
False
0
60
1486734056.799
False
0
60
1486734056.838
False
0
60
1486734056.877
False
0
60
1486734056.915
False
0
60
1486734056.954
False
0
60
1486734056.992
False
0
60
1486734057.33
False
0
60
1486734057.70
False
0
60
1486734057.108
False
0
60
1486734057.146
False
0
60
1486734057.186
False
0
60
1486734057.224
False
0
60
1486734057.270
False
0
60
1486734057.300
False
0
60
1486734057.341
False
0
60
1486734057.378
False
0
60
1486734057.417
False
0
60
1486734057.463
False
0
60
1486734057.496
False
0
60
1486734057.533
False
0
60
1486734057.571
False
0
60
1486734057.609
False
0
60
1486734057.648
False
0
60
1486734057.687
False
0
60
1486734057.725
False
0
60
1486734057.763
False
0
60
1486734057.803
True
6
0
1486734057.842
True
6
0
1486734057.880
True
6
0
1486734057.917
True
17
0
1486734057.957
True
17
0
1486734057.995
True
17
0
1486734058.33
True
30
4
1486734058.73
True
30
4
1486734058.110
True
30
4
1486734058.149
True
44
18
1486734058.188
True
44
18
1486734058.225
True
44
18
1486734058.264
True
59
35
1486734058.302
True
59
35
1486734058.344
True
59
35
1486734058.380
True
59
52
1486734058.419
True
59
52
1486734058.458
True
59
52
1486734058.496
False
0
60
1486734058.536
False
0
60
1486734058.572
False
0
60
1486734058.611
False
0
60
1486734058.652
False
0
60
1486734058.688
False
0
60
1486734058.727
False
0
60
1486734058.771
False
0
60
1486734058.803
False
0
60
1486734058.846
False
0
60
1486734058.883
False
0
60
1486734058.920
False
0
60
1486734058.958
False
0
60
1486734058.997
False
0
60
1486734059.35
False
0
60
1486734059.75
False
0
60
1486734059.113
False
0
60
1486734059.152
False
0
60
1486734059.189
False
0
60
1486734059.227
False
0
60
1486734059.268
False
0
60
1486734059.305
False
0
60
1486734059.346
False
0
60
1486734059.381
False
0
60
1486734059.420
False
0
60
1486734059.459
False
0
60
1486734059.498
False
0
60
1486734059.536
False
0
60
1486734059.575
False
0
60
1486734059.613
False
0
60
1486734059.655
False
0
60
1486734059.691
False
0
60
1486734059.730
False
0
60
1486734059.768
False
0
60
1486734059.806
False
0
60
1486734059.850
False
0
60
1486734059.884
False
0
60
1486734059.923
False
0
60
1486734059.960
False
0
60
1486734059.999
False
0
60
1486734060.40
False
0
60
1486734060.75
False
0
60
1486734060.115
False
0
60
1486734060.155
False
0
60
1486734060.209
False
0
60
1486734060.307
False
0
60
1486734060.349
False
0
60
1486734060.385
False
0
60
1486734060.512
False
0
60
1486734060.552
False
0
60
1486734060.581
False
0
60
1486734060.615
False
0
60
1486734060.657
False
0
60
1486734060.693
False
0
60
1486734060.732
False
0
60
1486734060.770
False
0
60
1486734060.807
False
0
60
1486734060.849
False
0
60
1486734060.885
False
0
60
1486734060.925
False
0
60
1486734060.962
False
0
60
1486734061.10
False
0
60
1486734061.56
False
0
60
1486734061.100
False
0
60
1486734061.120
False
0
60
1486734061.156
False
0
60
1486734061.194
False
0
60
1486734061.232
False
0
60
1486734061.271
False
0
60
1486734061.310
False
0
60
1486734061.351
False
0
60
1486734061.405
False
0
60
1486734061.502
False
0
60
1486734061.540
False
0
60
1486734061.579
False
0
60
1486734061.624
False
0
60
1486734061.734
False
0
60
1486734061.776
False
0
60
1486734061.811
False
0
60
1486734061.850
False
0
60
1486734061.887
False
0
60
1486734061.926
False
0
60
1486734061.968
False
0
60
1486734062.4
False
0
60
1486734062.40
False
0
60
1486734062.80
False
0
60
1486734062.118
False
0
60
1486734062.159
False
0
60
1486734062.195
False
0
60
1486734062.235
False
0
60
1486734062.273
False
0
60
1486734062.312
False
0
60
1486734062.349
False
0
60
1486734062.389
False
0
60
1486734062.426
False
0
60
1486734062.468
False
0
60
1486734062.504
False
0
60
1486734062.542
False
0
60
1486734062.581
False
0
60
1486734062.620
False
0
60
1486734062.662
False
0
60
1486734062.697
False
0
60
1486734062.736
False
0
60
1486734062.773
False
0
60
1486734062.812
False
0
60
1486734062.852
False
0
60
1486734062.889
False
0
60
1486734062.928
False
0
60
1486734062.970
False
0
60
1486734063.4
False
0
60
1486734063.43
False
0
60
1486734063.82
False
0
60
1486734063.121
False
0
60
1486734063.161
False
0
60
1486734063.198
False
0
60
1486734063.236
False
0
60
1486734063.279
False
0
60
1486734063.315
False
0
60
1486734063.353
False
0
60
1486734063.391
False
0
60
1486734063.429
False
0
60
1486734063.469
False
0
60
1486734063.506
False
0
60
1486734063.544
False
0
60
1486734063.582
False
0
60
1486734063.623
False
0
60
1486734063.663
False
0
60
1486734063.699
False
0
60
1486734063.737
False
0
60
1486734063.776
False
0
60
1486734063.816
False
0
60
1486734063.854
False
0
60
1486734063.892
False
0
60
1486734063.931
False
0
60
1486734063.972
False
0
60
1486734064.8
False
0
60
1486734064.46
False
0
60
1486734064.85
False
0
60
1486734064.123
False
0
60
1486734064.163
False
0
60
1486734064.200
False
0
60
1486734064.239
False
0
60
1486734064.276
True
59
46
1486734064.317
True
59
46
1486734064.355
True
59
46
1486734064.394
True
59
30
1486734064.431
True
59
30
1486734064.470
True
59
30
1486734064.509
True
45
15
1486734064.548
True
45
15
1486734064.585
True
45
15
1486734064.623
True
29
1
1486734064.666
True
29
1
1486734064.702
True
29
1
1486734064.739
True
13
0
1486734064.782
True
13
0
1486734064.816
True
13
0
1486734064.855
False
0
60
1486734064.895
False
0
60
1486734064.932
False
0
60
1486734064.974
False
0
60
1486734065.9
False
0
60
1486734065.48
False
0
60
1486734065.87
False
0
60
1486734065.125
False
0
60
1486734065.165
False
0
60
1486734065.202
False
0
60
1486734065.241
False
0
60
1486734065.279
False
0
60
1486734065.318
False
0
60
1486734065.356
False
0
60
1486734065.396
False
0
60
1486734065.434
False
0
60
1486734065.473
False
0
60
1486734065.510
False
0
60
1486734065.574
False
0
60
1486734065.746
False
0
60
1486734065.804
False
0
60
1486734065.831
False
0
60
1486734065.861
False
0
60
1486734065.896
False
0
60
1486734065.938
False
0
60
1486734065.976
False
0
60
1486734066.11
False
0
60
1486734066.50
False
0
60
1486734066.88
False
0
60
1486734066.126
False
0
60
1486734066.168
False
0
60
1486734066.203
False
0
60
1486734066.242
False
0
60
1486734066.283
False
0
60
1486734066.319
False
0
60
1486734066.358
False
0
60
1486734066.396
False
0
60
1486734066.435
False
0
60
1486734066.476
False
0
60
1486734066.530
False
0
60
1486734066.627
False
0
60
1486734066.668
False
0
60
1486734066.718
False
0
60
1486734066.772
False
0
60
1486734066.794
False
0
60
1486734066.822
False
0
60
1486734066.865
False
0
60
1486734066.900
False
0
60
1486734066.936
False
0
60
1486734066.977
False
0
60
1486734067.13
False
0
60
1486734067.52
False
0
60
1486734067.91
False
0
60
1486734067.129
False
0
60
1486734067.170
False
0
60
1486734067.207
False
0
60
1486734067.246
False
0
60
1486734067.284
False
0
60
1486734067.322
False
0
60
1486734067.363
False
0
60
1486734067.402
False
0
60
1486734067.437
False
0
60
1486734067.477
False
0
60
1486734067.514
False
0
60
1486734067.554
False
0
60
1486734067.595
False
0
60
1486734067.630
False
0
60
1486734067.671
False
0
60
1486734067.707
False
0
60
1486734067.746
False
0
60
1486734067.786
False
0
60
1486734067.823
False
0
60
1486734067.863
False
0
60
1486734067.900
False
0
60
1486734067.939
False
0
60
1486734067.979
False
0
60
1486734068.15
False
0
60
1486734068.54
False
0
60
1486734068.92
False
0
60
1486734068.132
False
0
60
1486734068.324
True
5
0
1486734068.362
True
5
0
1486734068.402
True
5
0
1486734068.439
True
16
0
1486734068.479
True
16
0
1486734068.517
True
16
0
1486734068.555
True
30
2
1486734068.596
True
30
2
1486734068.632
True
30
2
1486734068.673
True
44
16
1486734068.709
True
44
16
1486734068.748
True
44
16
1486734068.787
True
59
33
1486734068.825
True
59
33
1486734068.864
True
59
33
1486734068.902
True
59
51
1486734068.941
True
59
51
1486734068.984
True
59
51
1486734069.18
False
0
60
1486734069.56
False
0
60
1486734069.96
False
0
60
1486734069.133
False
0
60
1486734069.172
False
0
60
1486734069.210
False
0
60
1486734069.250
False
0
60
1486734069.292
False
0
60
1486734069.326
False
0
60
1486734069.365
False
0
60
1486734069.403
False
0
60
1486734069.443
False
0
60
1486734069.482
False
0
60
1486734069.519
False
0
60
1486734069.557
False
0
60
1486734069.596
False
0
60
1486734069.635
False
0
60
1486734069.673
False
0
60
1486734069.712
False
0
60
1486734069.751
False
0
60
1486734069.790
False
0
60
1486734069.826
False
0
60
1486734069.865
False
0
60
1486734069.904
False
0
60
1486734069.943
False
0
60
1486734069.983
False
0
60
1486734070.19
False
0
60
1486734070.58
False
0
60
1486734070.97
False
0
60
1486734070.136
False
0
60
1486734070.174
False
0
60
1486734070.213
False
0
60
1486734070.252
False
0
60
1486734070.292
False
0
60
1486734070.328
False
0
60
1486734070.367
False
0
60
1486734070.424
False
0
60
1486734070.466
False
0
60
1486734070.508
False
0
60
1486734070.530
False
0
60
1486734070.558
False
0
60
1486734070.597
False
0
60
1486734070.637
False
0
60
1486734070.676
False
0
60
1486734070.714
False
0
60
1486734070.834
False
0
60
1486734070.868
False
0
60
1486734070.906
False
0
60
1486734070.945
False
0
60
1486734070.1000
False
0
60
1486734071.101
False
0
60
1486734071.138
False
0
60
1486734071.176
False
0
60
1486734071.214
False
0
60
1486734071.253
False
0
60
1486734071.294
False
0
60
1486734071.330
False
0
60
1486734071.370
False
0
60
1486734071.407
False
0
60
1486734071.445
False
0
60
1486734071.484
False
0
60
1486734071.523
False
0
60
1486734071.561
False
0
60
1486734071.603
False
0
60
1486734071.640
False
0
60
1486734071.677
False
0
60
1486734071.715
False
0
60
1486734071.754
False
0
60
1486734071.795
False
0
60
1486734071.832
False
0
60
1486734071.870
False
0
60
1486734071.934
False
0
60
1486734072.104
False
0
60
1486734072.155
False
0
60
1486734072.211
False
0
60
1486734072.239
False
0
60
1486734072.261
False
0
60
1486734072.292
False
0
60
1486734072.331
False
0
60
1486734072.371
False
0
60
1486734072.412
False
0
60
1486734072.448
False
0
60
1486734072.487
False
0
60
1486734072.527
False
0
60
1486734072.564
False
0
60
1486734072.604
False
0
60
1486734072.642
False
0
60
1486734072.680
False
0
60
1486734072.718
False
0
60
1486734072.757
False
0
60
1486734072.796
False
0
60
1486734072.834
False
0
60
1486734072.871
False
0
60
1486734072.913
False
0
60
1486734072.948
False
0
60
1486734072.988
False
0
60
1486734073.26
False
0
60
1486734073.65
False
0
60
1486734073.104
False
0
60
1486734073.142
False
0
60
1486734073.180
False
0
60
1486734073.225
False
0
60
1486734073.257
False
0
60
1486734073.296
False
0
60
1486734073.335
False
0
60
1486734073.374
False
0
60
1486734073.413
False
0
60
1486734073.451
False
0
60
1486734073.489
False
0
60
1486734073.529
False
0
60
1486734073.566
False
0
60
1486734073.604
False
0
60
1486734073.642
False
0
60
1486734073.681
False
0
60
1486734073.722
False
0
60
1486734073.758
False
0
60
1486734073.798
False
0
60
1486734073.835
False
0
60
1486734073.875
False
0
60
1486734073.915
False
0
60
1486734073.952
False
0
60
1486734073.989
False
0
60
1486734074.29
False
0
60
1486734074.66
False
0
60
1486734074.105
False
0
60
1486734074.143
False
0
60
1486734074.183
False
0
60
1486734074.224
False
0
60
1486734074.261
False
0
60
1486734074.298
False
0
60
1486734074.337
False
0
60
1486734074.376
False
0
60
1486734074.416
False
0
60
1486734074.452
False
0
60
1486734074.491
False
0
60
1486734074.530
False
0
60
1486734074.568
False
0
60
1486734074.606
False
0
60
1486734074.645
False
0
60
1486734074.684
False
0
60
1486734074.724
False
0
60
1486734074.761
False
0
60
1486734074.800
False
0
60
1486734074.838
False
0
60
1486734074.876
False
0
60
1486734074.926
False
0
60
1486734074.956
False
0
60
1486734074.995
False
0
60
1486734075.35
True
59
55
1486734075.69
True
59
55
1486734075.107
True
59
55
1486734075.146
True
59
40
1486734075.186
True
59
40
1486734075.225
True
59
40
1486734075.262
True
52
24
1486734075.302
True
52
24
1486734075.339
True
52
24
1486734075.377
True
35
7
1486734075.418
True
35
7
1486734075.454
True
35
7
1486734075.493
True
19
0
1486734075.535
True
19
0
1486734075.573
True
19
0
1486734075.609
True
3
0
1486734075.648
True
3
0
1486734075.686
True
3
0
1486734075.727
False
0
60
1486734075.762
False
0
60
1486734075.802
False
0
60
1486734075.841
False
0
60
1486734075.878
False
0
60
1486734075.917
False
0
60
1486734075.955
False
0
60
1486734075.994
False
0
60
1486734076.33
False
0
60
1486734076.71
False
0
60
1486734076.109
False
0
60
1486734076.148
False
0
60
1486734076.187
False
0
60
1486734076.227
False
0
60
1486734076.264
False
0
60
1486734076.302
False
0
60
1486734076.344
False
0
60
1486734076.408
False
0
60
1486734076.495
False
0
60
1486734076.558
False
0
60
1486734076.650
False
0
60
1486734076.688
False
0
60
1486734076.726
False
0
60
1486734076.765
False
0
60
1486734076.804
False
0
60
1486734076.844
False
0
60
1486734076.881
False
0
60
1486734076.919
False
0
60
1486734076.956
False
0
60
1486734076.995
False
0
60
1486734077.34
False
0
60
1486734077.74
False
0
60
1486734077.111
False
0
60
1486734077.152
False
0
60
1486734077.190
False
0
60
1486734077.229
False
0
60
1486734077.347
False
0
60
1486734077.381
False
0
60
1486734077.420
False
0
60
1486734077.474
False
0
60
1486734077.574
False
0
60
1486734077.612
False
0
60
1486734077.655
False
0
60
1486734077.689
False
0
60
1486734077.728
False
0
60
1486734077.767
False
0
60
1486734077.806
False
0
60
1486734077.847
False
0
60
1486734077.882
False
0
60
1486734077.920
False
0
60
1486734077.960
False
0
60
1486734077.998
False
0
60
1486734078.36
False
0
60
1486734078.76
False
0
60
1486734078.115
False
0
60
1486734078.153
False
0
60
1486734078.191
False
0
60
1486734078.230
False
0
60
1486734078.268
False
0
60
1486734078.307
False
0
60
1486734078.344
False
0
60
1486734078.385
False
0
60
1486734078.421
False
0
60
1486734078.462
False
0
60
1486734078.499
False
0
60
1486734078.537
False
0
60
1486734078.575
False
0
60
1486734078.616
False
0
60
1486734078.655
False
0
60
1486734078.692
False
0
60
1486734078.731
False
0
60
1486734078.769
False
0
60
1486734078.808
False
0
60
1486734078.847
False
0
60
1486734078.885
False
0
60
1486734078.923
False
0
60
1486734078.963
False
0
60
1486734079.2
False
0
60
1486734079.38
False
0
60
1486734079.78
False
0
60
1486734079.117
False
0
60
1486734079.156
False
0
60
1486734079.193
False
0
60
1486734079.233
False
0
60
1486734079.269
False
0
60
1486734079.309
True
5
0
1486734079.347
True
5
0
1486734079.386
True
5
0
1486734079.424
True
17
0
1486734079.465
True
17
0
1486734079.501
True
17
0
1486734079.539
True
30
3
1486734079.579
True
30
3
1486734079.617
True
30
3
1486734079.655
True
43
17
1486734079.693
True
43
17
1486734079.733
True
43
17
1486734079.773
True
57
32
1486734079.812
True
57
32
1486734079.848
True
57
32
1486734079.886
True
59
48
1486734079.925
True
59
48
1486734079.968
True
59
48
1486734080.2
False
0
60
1486734080.40
False
0
60
1486734080.80
False
0
60
1486734080.117
False
0
60
1486734080.156
False
0
60
1486734080.195
False
0
60
1486734080.233
False
0
60
1486734080.273
False
0
60
1486734080.310
False
0
60
1486734080.350
False
0
60
1486734080.389
False
0
60
1486734080.431
False
0
60
1486734080.473
False
0
60
1486734080.510
False
0
60
1486734080.544
False
0
60
1486734080.579
False
0
60
1486734080.619
False
0
60
1486734080.657
False
0
60
1486734080.695
False
0
60
1486734080.735
False
0
60
1486734080.775
False
0
60
1486734080.811
False
0
60
1486734080.851
False
0
60
1486734080.889
False
0
60
1486734080.926
False
0
60
1486734080.968
False
0
60
1486734081.6
False
0
60
1486734081.42
False
0
60
1486734081.82
False
0
60
1486734081.119
False
0
60
1486734081.158
False
0
60
1486734081.197
False
0
60
1486734081.236
False
0
60
1486734081.281
False
0
60
1486734081.314
False
0
60
1486734081.352
False
0
60
1486734081.389
False
0
60
1486734081.429
False
0
60
1486734081.467
False
0
60
1486734081.505
False
0
60
1486734081.545
False
0
60
1486734081.585
False
0
60
1486734081.622
False
0
60
1486734081.659
False
0
60
1486734081.697
False
0
60
1486734081.737
False
0
60
1486734081.791
False
0
60
1486734081.846
False
0
60
1486734081.928
False
0
60
1486734081.980
False
0
60
1486734082.32
False
0
60
1486734082.68
False
0
60
1486734082.85
False
0
60
1486734082.123
False
0
60
1486734082.158
False
0
60
1486734082.198
False
0
60
1486734082.238
False
0
60
1486734082.277
False
0
60
1486734082.314
False
0
60
1486734082.353
False
0
60
1486734082.392
False
0
60
1486734082.430
False
0
60
1486734082.469
False
0
60
1486734082.508
False
0
60
1486734082.547
False
0
60
1486734082.588
False
0
60
1486734082.623
False
0
60
1486734082.662
False
0
60
1486734082.702
False
0
60
1486734082.739
False
0
60
1486734082.777
False
0
60
1486734082.816
False
0
60
1486734082.855
False
0
60
1486734082.894
False
0
60
1486734082.932
False
0
60
1486734082.970
False
0
60
1486734083.9
False
0
60
1486734083.47
False
0
60
1486734083.86
False
0
60
1486734083.125
False
0
60
1486734083.163
False
0
60
1486734083.202
False
0
60
1486734083.241
False
0
60
1486734083.277
False
0
60
1486734083.318
False
0
60
1486734083.355
False
0
60
1486734083.395
False
0
60
1486734083.434
False
0
60
1486734083.470
False
0
60
1486734083.510
False
0
60
1486734083.549
False
0
60
1486734083.588
False
0
60
1486734083.625
False
0
60
1486734083.663
False
0
60
1486734083.703
False
0
60
1486734083.741
False
0
60
1486734083.795
False
0
60
1486734083.898
False
0
60
1486734083.934
False
0
60
1486734083.972
False
0
60
1486734084.32
False
0
60
1486734084.128
False
0
60
1486734084.165
False
0
60
1486734084.205
False
0
60
1486734084.242
False
0
60
1486734084.285
False
0
60
1486734084.323
False
0
60
1486734084.356
False
0
60
1486734084.399
False
0
60
1486734084.434
False
0
60
1486734084.474
False
0
60
1486734084.513
False
0
60
1486734084.551
False
0
60
1486734084.589
False
0
60
1486734084.627
False
0
60
1486734084.665
False
0
60
1486734084.707
False
0
60
1486734084.742
False
0
60
1486734084.782
False
0
60
1486734084.819
False
0
60
1486734084.859
False
0
60
1486734084.897
False
0
60
1486734084.935
False
0
60
1486734084.973
False
0
60
1486734085.15
False
0
60
1486734085.52
False
0
60
1486734085.91
False
0
60
1486734085.128
False
0
60
1486734085.168
False
0
60
1486734085.207
False
0
60
1486734085.244
False
0
60
1486734085.281
False
0
60
1486734085.321
False
0
60
1486734085.360
False
0
60
1486734085.398
False
0
60
1486734085.436
False
0
60
1486734085.474
False
0
60
1486734085.516
False
0
60
1486734085.552
False
0
60
1486734085.591
False
0
60
1486734085.629
False
0
60
1486734085.669
False
0
60
1486734085.708
False
0
60
1486734085.744
False
0
60
1486734085.790
False
0
60
1486734085.824
False
0
60
1486734085.862
False
0
60
1486734085.899
False
0
60
1486734085.938
False
0
60
1486734085.980
False
0
60
1486734086.17
False
0
60
1486734086.53
False
0
60
1486734086.93
False
0
60
1486734086.131
False
0
60
1486734086.169
False
0
60
1486734086.210
False
0
60
1486734086.246
True
59
59
1486734086.284
True
59
59
1486734086.324
True
59
59
1486734086.362
True
59
46
1486734086.400
True
59
46
1486734086.440
True
59
46
1486734086.477
True
58
31
1486734086.517
True
58
31
1486734086.554
True
58
31
1486734086.593
True
43
16
1486734086.634
True
43
16
1486734086.670
True
43
16
1486734086.709
True
29
2
1486734086.747
True
29
2
1486734086.786
True
29
2
1486734086.826
True
14
0
1486734086.862
True
14
0
1486734086.902
True
14
0
1486734086.939
True
2
0
1486734086.980
True
2
0
1486734087.19
True
2
0
1486734087.55
False
0
60
1486734087.94
False
0
60
1486734087.133
False
0
60
1486734087.171
False
0
60
1486734087.210
False
0
60
1486734087.249
False
0
60
1486734087.292
False
0
60
1486734087.327
False
0
60
1486734087.364
False
0
60
1486734087.402
False
0
60
1486734087.439
False
0
60
1486734087.486
False
0
60
1486734087.595
False
0
60
1486734087.646
False
0
60
1486734087.749
False
0
60
1486734087.787
False
0
60
1486734087.828
False
0
60
1486734087.864
False
0
60
1486734087.902
False
0
60
1486734087.942
False
0
60
1486734087.981
False
0
60
1486734088.19
False
0
60
1486734088.58
False
0
60
1486734088.95
False
0
60
1486734088.137
False
0
60
1486734088.173
False
0
60
1486734088.212
False
0
60
1486734088.250
False
0
60
1486734088.288
False
0
60
1486734088.327
False
0
60
1486734088.366
False
0
60
1486734088.405
False
0
60
1486734088.443
False
0
60
1486734088.506
False
0
60
1486734088.677
False
0
60
1486734088.728
False
0
60
1486734088.754
False
0
60
1486734088.796
False
0
60
1486734088.835
False
0
60
1486734088.870
False
0
60
1486734088.906
False
0
60
1486734088.947
False
0
60
1486734088.982
False
0
60
1486734089.104
False
0
60
1486734089.145
False
0
60
1486734089.175
False
0
60
1486734089.219
False
0
60
1486734089.254
False
0
60
1486734089.292
False
0
60
1486734089.330
False
0
60
1486734089.369
False
0
60
1486734089.406
False
0
60
1486734089.448
False
0
60
1486734089.484
False
0
60
1486734089.521
False
0
60
1486734089.562
False
0
60
1486734089.599
False
0
60
1486734089.641
False
0
60
1486734089.677
False
0
60
1486734089.715
False
0
60
1486734089.755
False
0
60
1486734089.791
False
0
60
1486734089.831
False
0
60
1486734089.870
False
0
60
1486734089.906
False
0
60
1486734089.949
False
0
60
1486734089.985
False
0
60
1486734090.23
False
0
60
1486734090.62
False
0
60
1486734090.101
False
0
60
1486734090.139
False
0
60
1486734090.178
False
0
60
1486734090.216
False
0
60
1486734090.271
False
0
60
1486734090.371
False
0
60
1486734090.423
False
0
60
1486734090.453
False
0
60
1486734090.503
False
0
60
1486734090.533
False
0
60
1486734090.567
False
0
60
1486734090.603
False
0
60
1486734090.640
True
3
0
1486734090.677
True
3
0
1486734090.717
True
3
0
1486734090.912
True
26
0
1486734090.948
True
26
0
1486734090.986
True
37
12
1486734091.25
True
37
12
1486734091.66
True
37
12
1486734091.103
True
50
27
1486734091.141
True
50
27
1486734091.180
True
50
27
1486734091.218
True
59
42
1486734091.259
True
59
42
1486734091.296
True
59
42
1486734091.413
True
59
56
1486734091.454
False
0
60
1486734091.489
False
0
60
1486734091.525
False
0
60
1486734091.568
False
0
60
1486734091.605
False
0
60
1486734091.641
False
0
60
1486734091.680
False
0
60
1486734091.718
False
0
60
1486734091.757
False
0
60
1486734091.803
False
0
60
1486734091.837
False
0
60
1486734091.880
False
0
60
1486734091.917
False
0
60
1486734091.951
False
0
60
1486734091.990
False
0
60
1486734092.27
False
0
60
1486734092.70
False
0
60
1486734092.105
False
0
60
1486734092.144
False
0
60
1486734092.183
False
0
60
1486734092.222
False
0
60
1486734092.260
False
0
60
1486734092.297
False
0
60
1486734092.346
False
0
60
1486734092.400
False
0
60
1486734092.493
False
0
60
1486734092.527
False
0
60
1486734092.570
False
0
60
1486734092.605
False
0
60
1486734092.644
False
0
60
1486734092.684
False
0
60
1486734092.722
False
0
60
1486734092.764
False
0
60
1486734092.802
False
0
60
1486734092.837
False
0
60
1486734092.881
False
0
60
1486734092.921
False
0
60
1486734092.956
False
0
60
1486734092.995
False
0
60
1486734093.28
False
0
60
1486734093.68
False
0
60
1486734093.107
False
0
60
1486734093.146
False
0
60
1486734093.187
False
0
60
1486734093.250
False
0
60
1486734093.338
False
0
60
1486734093.381
False
0
60
1486734093.434
False
0
60
1486734093.532
False
0
60
1486734093.569
False
0
60
1486734093.607
False
0
60
1486734093.646
False
0
60
1486734093.693
False
0
60
1486734093.725
False
0
60
1486734093.761
False
0
60
1486734093.801
False
0
60
1486734093.841
False
0
60
1486734093.877
False
0
60
1486734093.916
False
0
60
1486734093.954
False
0
60
1486734093.996
False
0
60
1486734094.33
False
0
60
1486734094.70
False
0
60
1486734094.108
False
0
60
1486734094.146
False
0
60
1486734094.189
False
0
60
1486734094.224
False
0
60
1486734094.263
False
0
60
1486734094.302
False
0
60
1486734094.340
False
0
60
1486734094.378
False
0
60
1486734094.418
False
0
60
1486734094.477
False
0
60
1486734094.571
False
0
60
1486734094.609
False
0
60
1486734094.658
False
0
60
1486734094.711
False
0
60
1486734094.739
False
0
60
1486734094.763
False
0
60
1486734094.812
False
0
60
1486734094.845
False
0
60
1486734094.881
False
0
60
1486734094.919
False
0
60
1486734094.957
False
0
60
1486734094.996
False
0
60
1486734095.35
False
0
60
1486734095.72
False
0
60
1486734095.110
False
0
60
1486734095.149
False
0
60
1486734095.188
False
0
60
1486734095.225
False
0
60
1486734095.264
False
0
60
1486734095.308
False
0
60
1486734095.342
False
0
60
1486734095.380
False
0
60
1486734095.418
False
0
60
1486734095.458
False
0
60
1486734095.499
False
0
60
1486734095.534
False
0
60
1486734095.573
False
0
60
1486734095.614
False
0
60
1486734095.650
False
0
60
1486734095.689
False
0
60
1486734095.728
False
0
60
1486734095.766
False
0
60
1486734095.808
False
0
60
1486734095.843
False
0
60
1486734095.882
False
0
60
1486734095.920
False
0
60
1486734095.959
False
0
60
1486734095.996
False
0
60
1486734096.36
False
0
60
1486734096.75
False
0
60
1486734096.117
False
0
60
1486734096.152
False
0
60
1486734096.191
False
0
60
1486734096.229
False
0
60
1486734096.269
False
0
60
1486734096.315
False
0
60
1486734096.348
False
0
60
1486734096.383
False
0
60
1486734096.422
False
0
60
1486734096.460
False
0
60
1486734096.499
False
0
60
1486734096.536
False
0
60
1486734096.575
False
0
60
1486734096.617
False
0
60
1486734096.652
False
0
60
1486734096.690
False
0
60
1486734096.729
False
0
60
1486734096.768
False
0
60
1486734096.810
False
0
60
1486734096.846
False
0
60
1486734096.883
False
0
60
1486734096.925
False
0
60
1486734096.961
False
0
60
1486734096.999
False
0
60
1486734097.37
False
0
60
1486734097.76
False
0
60
1486734097.116
False
0
60
1486734097.153
False
0
60
1486734097.192
False
0
60
1486734097.232
False
0
60
1486734097.269
False
0
60
1486734097.307
False
0
60
1486734097.345
False
0
60
1486734097.385
False
0
60
1486734097.426
False
0
60
1486734097.463
False
0
60
1486734097.500
False
0
60
1486734097.540
False
0
60
1486734097.577
True
59
53
1486734097.618
True
59
53
1486734097.655
True
59
53
1486734097.694
True
59
38
1486734097.732
True
59
38
1486734097.770
True
59
38
1486734097.819
True
50
21
1486734097.851
True
50
21
1486734097.886
True
50
21
1486734097.927
True
33
5
1486734097.962
True
33
5
1486734098.2
True
33
5
1486734098.38
True
16
0
1486734098.79
True
16
0
1486734098.117
True
16
0
1486734098.156
True
2
0
1486734098.194
True
2
0
1486734098.235
True
2
0
1486734098.271
False
0
60
1486734098.311
False
0
60
1486734098.348
False
0
60
1486734098.389
False
0
60
1486734098.427
False
0
60
1486734098.464
False
0
60
1486734098.503
False
0
60
1486734098.541
False
0
60
1486734098.580
False
0
60
1486734098.618
False
0
60
1486734098.655
False
0
60
1486734098.696
False
0
60
1486734098.736
False
0
60
1486734098.772
False
0
60
1486734098.812
False
0
60
1486734098.848
False
0
60
1486734098.888
False
0
60
1486734098.958
False
0
60
1486734099.43
False
0
60
1486734099.95
False
0
60
1486734099.142
False
0
60
1486734099.167
False
0
60
1486734099.201
False
0
60
1486734099.251
False
0
60
1486734099.293
False
0
60
1486734099.392
False
0
60
1486734099.426
False
0
60
1486734099.466
False
0
60
1486734099.504
False
0
60
1486734099.545
False
0
60
1486734099.581
False
0
60
1486734099.620
False
0
60
1486734099.659
False
0
60
1486734099.697
False
0
60
1486734099.737
False
0
60
1486734099.775
False
0
60
1486734099.814
False
0
60
1486734099.874
False
0
60
1486734099.970
False
0
60
1486734100.4
False
0
60
1486734100.67
False
0
60
1486734100.159
False
0
60
1486734100.198
False
0
60
1486734100.239
False
0
60
1486734100.277
False
0
60
1486734100.315
False
0
60
1486734100.352
False
0
60
1486734100.391
False
0
60
1486734100.453
False
0
60
1486734100.488
False
0
60
1486734100.524
False
0
60
1486734100.553
False
0
60
1486734100.583
False
0
60
1486734100.624
False
0
60
1486734100.662
False
0
60
1486734100.700
False
0
60
1486734100.738
False
0
60
1486734100.776
False
0
60
1486734100.818
False
0
60
1486734100.854
False
0
60
1486734100.892
False
0
60
1486734100.931
False
0
60
1486734100.970
False
0
60
1486734101.7
False
0
60
1486734101.47
False
0
60
1486734101.85
False
0
60
1486734101.124
False
0
60
1486734101.161
False
0
60
1486734101.201
False
0
60
1486734101.238
False
0
60
1486734101.278
False
0
60
1486734101.318
False
0
60
1486734101.357
False
0
60
1486734101.396
False
0
60
1486734101.432
False
0
60
1486734101.471
False
0
60
1486734101.508
False
0
60
1486734101.549
False
0
60
1486734101.586
False
0
60
1486734101.623
False
0
60
1486734101.663
False
0
60
1486734101.703
False
0
60
1486734101.740
False
0
60
1486734101.777
False
0
60
1486734101.818
False
0
60
1486734101.858
False
0
60
1486734101.894
False
0
60
1486734101.933
False
0
60
1486734101.972
True
11
0
1486734102.10
True
11
0
1486734102.48
True
11
0
1486734102.87
True
23
0
1486734102.127
True
23
0
1486734102.165
True
23
0
1486734102.203
True
35
8
1486734102.241
True
35
8
1486734102.278
True
35
8
1486734102.319
True
49
23
1486734102.360
True
49
23
1486734102.395
True
49
23
1486734102.434
True
59
40
1486734102.473
True
59
40
1486734102.511
True
59
40
1486734102.549
True
59
55
1486734102.587
True
59
55
1486734102.626
True
59
55
1486734102.667
False
0
60
1486734102.703
False
0
60
1486734102.742
False
0
60
1486734102.779
False
0
60
1486734102.819
False
0
60
1486734102.859
False
0
60
1486734102.896
False
0
60
1486734102.935
False
0
60
1486734102.974
False
0
60
1486734103.11
False
0
60
1486734103.51
False
0
60
1486734103.88
False
0
60
1486734103.128
False
0
60
1486734103.168
False
0
60
1486734103.204
False
0
60
1486734103.242
False
0
60
1486734103.280
False
0
60
1486734103.320
False
0
60
1486734103.362
False
0
60
1486734103.398
False
0
60
1486734103.436
False
0
60
1486734103.475
False
0
60
1486734103.513
False
0
60
1486734103.552
False
0
60
1486734103.590
False
0
60
1486734103.628
False
0
60
1486734103.668
False
0
60
1486734103.706
False
0
60
1486734103.744
False
0
60
1486734103.782
False
0
60
1486734103.824
False
0
60
1486734103.859
False
0
60
1486734103.897
False
0
60
1486734103.937
False
0
60
1486734103.977
False
0
60
1486734104.14
False
0
60
1486734104.52
False
0
60
1486734104.91
False
0
60
1486734104.130
False
0
60
1486734104.170
False
0
60
1486734104.207
False
0
60
1486734104.245
False
0
60
1486734104.284
False
0
60
1486734104.323
False
0
60
1486734104.374
False
0
60
1486734104.506
False
0
60
1486734104.604
False
0
60
1486734104.645
False
0
60
1486734104.686
False
0
60
1486734104.716
False
0
60
1486734104.775
False
0
60
1486734104.862
False
0
60
1486734104.900
False
0
60
1486734104.939
False
0
60
1486734104.989
False
0
60
1486734105.20
False
0
60
1486734105.54
False
0
60
1486734105.94
False
0
60
1486734105.132
False
0
60
1486734105.172
False
0
60
1486734105.210
False
0
60
1486734105.248
False
0
60
1486734105.286
False
0
60
1486734105.325
False
0
60
1486734105.363
False
0
60
1486734105.402
False
0
60
1486734105.457
False
0
60
1486734105.556
False
0
60
1486734105.596
False
0
60
1486734105.632
False
0
60
1486734105.672
False
0
60
1486734105.732
False
0
60
1486734105.769
False
0
60
1486734105.798
False
0
60
1486734105.825
False
0
60
1486734105.865
False
0
60
1486734105.908
False
0
60
1486734105.946
False
0
60
1486734105.983
False
0
60
1486734106.18
False
0
60
1486734106.57
False
0
60
1486734106.95
False
0
60
1486734106.133
False
0
60
1486734106.172
False
0
60
1486734106.211
False
0
60
1486734106.250
False
0
60
1486734106.289
False
0
60
1486734106.327
False
0
60
1486734106.365
False
0
60
1486734106.403
False
0
60
1486734106.442
False
0
60
1486734106.481
False
0
60
1486734106.519
False
0
60
1486734106.557
False
0
60
1486734106.597
False
0
60
1486734106.635
False
0
60
1486734106.673
False
0
60
1486734106.711
False
0
60
1486734106.751
False
0
60
1486734106.788
False
0
60
1486734106.829
False
0
60
1486734106.866
False
0
60
1486734106.904
False
0
60
1486734106.943
False
0
60
1486734106.982
False
0
60
1486734107.20
False
0
60
1486734107.59
False
0
60
1486734107.98
False
0
60
1486734107.135
False
0
60
1486734107.175
False
0
60
1486734107.213
False
0
60
1486734107.251
False
0
60
1486734107.290
False
0
60
1486734107.328
False
0
60
1486734107.367
False
0
60
1486734107.407
False
0
60
1486734107.444
False
0
60
1486734107.483
False
0
60
1486734107.521
False
0
60
1486734107.561
False
0
60
1486734107.598
False
0
60
1486734107.638
False
0
60
1486734107.675
False
0
60
1486734107.715
False
0
60
1486734107.752
False
0
60
1486734107.791
False
0
60
1486734107.831
False
0
60
1486734107.868
False
0
60
1486734107.906
False
0
60
1486734107.946
False
0
60
1486734107.983
False
0
60
1486734108.22
False
0
60
1486734108.61
False
0
60
1486734108.101
False
0
60
1486734108.137
False
0
60
1486734108.176
False
0
60
1486734108.216
False
0
60
1486734108.254
False
0
60
1486734108.292
False
0
60
1486734108.334
False
0
60
1486734108.368
False
0
60
1486734108.409
False
0
60
1486734108.446
False
0
60
1486734108.487
False
0
60
1486734108.523
False
0
60
1486734108.562
False
0
60
1486734108.602
False
0
60
1486734108.642
False
0
60
1486734108.678
True
59
51
1486734108.716
True
59
51
1486734108.754
True
59
51
1486734108.793
True
59
35
1486734108.842
True
59
35
1486734108.892
True
59
35
1486734108.919
True
48
18
1486734108.953
True
48
18
1486734108.991
True
48
18
1486734109.24
True
31
2
1486734109.63
True
31
2
1486734109.101
True
31
2
1486734109.139
True
14
0
1486734109.179
True
14
0
1486734109.217
True
14
0
1486734109.256
False
0
60
1486734109.294
False
0
60
1486734109.334
False
0
60
1486734109.372
False
0
60
1486734109.410
False
0
60
1486734109.449
False
0
60
1486734109.487
False
0
60
1486734109.529
False
0
60
1486734109.565
False
0
60
1486734109.608
False
0
60
1486734109.640
False
0
60
1486734109.680
False
0
60
1486734109.718
False
0
60
1486734109.757
False
0
60
1486734109.794
False
0
60
1486734109.833
False
0
60
1486734109.872
False
0
60
1486734109.911
False
0
60
1486734109.950
False
0
60
1486734110.64
False
0
60
1486734110.103
False
0
60
1486734110.155
False
0
60
1486734110.211
False
0
60
1486734110.242
False
0
60
1486734110.266
False
0
60
1486734110.296
False
0
60
1486734110.339
False
0
60
1486734110.375
False
0
60
1486734110.421
False
0
60
1486734110.455
False
0
60
1486734110.495
False
0
60
1486734110.528
False
0
60
1486734110.566
False
0
60
1486734110.605
False
0
60
1486734110.644
False
0
60
1486734110.682
False
0
60
1486734110.720
False
0
60
1486734110.758
False
0
60
1486734110.797
False
0
60
1486734110.835
False
0
60
1486734110.875
False
0
60
1486734110.913
False
0
60
1486734110.951
False
0
60
1486734110.989
False
0
60
1486734111.27
False
0
60
1486734111.67
False
0
60
1486734111.105
False
0
60
1486734111.164
False
0
60
1486734111.260
False
0
60
1486734111.300
False
0
60
1486734111.365
False
0
60
1486734111.454
False
0
60
1486734111.490
False
0
60
1486734111.528
False
0
60
1486734111.568
False
0
60
1486734111.607
False
0
60
1486734111.646
False
0
60
1486734111.684
False
0
60
1486734111.722
False
0
60
1486734111.761
False
0
60
1486734111.799
False
0
60
1486734111.837
False
0
60
1486734111.877
False
0
60
1486734111.916
False
0
60
1486734111.953
False
0
60
1486734111.992
False
0
60
1486734112.30
False
0
60
1486734112.68
False
0
60
1486734112.108
False
0
60
1486734112.146
False
0
60
1486734112.184
False
0
60
1486734112.223
False
0
60
1486734112.263
False
0
60
1486734112.301
False
0
60
1486734112.339
False
0
60
1486734112.378
False
0
60
1486734112.417
False
0
60
1486734112.455
False
0
60
1486734112.493
False
0
60
1486734112.532
False
0
60
1486734112.569
False
0
60
1486734112.609
False
0
60
1486734112.647
False
0
60
1486734112.687
False
0
60
1486734112.725
False
0
60
1486734112.762
False
0
60
1486734112.802
False
0
60
1486734112.841
False
0
60
1486734112.880
False
0
60
1486734112.918
False
0
60
1486734112.956
True
8
0
1486734112.994
True
8
0
1486734113.32
True
8
0
1486734113.72
True
20
0
1486734113.110
True
20
0
1486734113.148
True
20
0
1486734113.191
True
33
6
1486734113.226
True
33
6
1486734113.264
True
33
6
1486734113.304
True
47
21
1486734113.340
True
47
21
1486734113.380
True
47
21
1486734113.420
True
59
38
1486734113.457
True
59
38
1486734113.495
True
59
38
1486734113.533
True
59
54
1486734113.573
True
59
54
1486734113.612
True
59
54
1486734113.651
False
0
60
1486734113.688
False
0
60
1486734113.726
False
0
60
1486734113.765
False
0
60
1486734113.804
False
0
60
1486734113.843
False
0
60
1486734113.881
False
0
60
1486734113.919
False
0
60
1486734113.958
False
0
60
1486734113.998
False
0
60
1486734114.34
False
0
60
1486734114.75
False
0
60
1486734114.113
False
0
60
1486734114.151
False
0
60
1486734114.191
False
0
60
1486734114.226
False
0
60
1486734114.267
False
0
60
1486734114.305
False
0
60
1486734114.346
False
0
60
1486734114.384
False
0
60
1486734114.421
False
0
60
1486734114.459
False
0
60
1486734114.496
False
0
60
1486734114.536
False
0
60
1486734114.577
False
0
60
1486734114.613
False
0
60
1486734114.653
False
0
60
1486734114.691
False
0
60
1486734114.728
False
0
60
1486734114.767
False
0
60
1486734114.805
False
0
60
1486734114.844
False
0
60
1486734114.885
False
0
60
1486734114.923
False
0
60
1486734114.959
False
0
60
1486734114.998
False
0
60
1486734115.36
False
0
60
1486734115.77
False
0
60
1486734115.113
False
0
60
1486734115.153
False
0
60
1486734115.191
False
0
60
1486734115.231
False
0
60
1486734115.271
False
0
60
1486734115.306
False
0
60
1486734115.346
False
0
60
1486734115.385
False
0
60
1486734115.423
False
0
60
1486734115.486
False
0
60
1486734115.577
False
0
60
1486734115.625
False
0
60
1486734115.670
False
0
60
1486734115.718
False
0
60
1486734115.734
False
0
60
1486734115.769
False
0
60
1486734115.812
False
0
60
1486734115.850
False
0
60
1486734115.888
False
0
60
1486734115.923
False
0
60
1486734115.962
False
0
60
1486734116.0
False
0
60
1486734116.39
False
0
60
1486734116.80
False
0
60
1486734116.116
False
0
60
1486734116.155
False
0
60
1486734116.347
False
0
60
1486734116.388
False
0
60
1486734116.425
False
0
60
1486734116.464
False
0
60
1486734116.500
False
0
60
1486734116.540
False
0
60
1486734116.582
False
0
60
1486734116.618
False
0
60
1486734116.733
False
0
60
1486734116.771
False
0
60
1486734116.809
False
0
60
1486734116.849
False
0
60
1486734116.898
False
0
60
1486734116.950
False
0
60
1486734116.977
False
0
60
1486734117.6
False
0
60
1486734117.43
False
0
60
1486734117.234
False
0
60
1486734117.274
False
0
60
1486734117.311
False
0
60
1486734117.353
False
0
60
1486734117.388
False
0
60
1486734117.429
False
0
60
1486734117.466
False
0
60
1486734117.504
False
0
60
1486734117.544
False
0
60
1486734117.583
False
0
60
1486734117.619
False
0
60
1486734117.658
False
0
60
1486734117.696
False
0
60
1486734117.735
False
0
60
1486734117.773
False
0
60
1486734117.812
False
0
60
1486734117.851
False
0
60
1486734117.891
False
0
60
1486734117.928
False
0
60
1486734117.968
False
0
60
1486734118.5
False
0
60
1486734118.43
False
0
60
1486734118.85
False
0
60
1486734118.120
False
0
60
1486734118.159
False
0
60
1486734118.198
False
0
60
1486734118.236
False
0
60
1486734118.276
False
0
60
1486734118.313
False
0
60
1486734118.353
False
0
60
1486734118.392
False
0
60
1486734118.429
False
0
60
1486734118.468
False
0
60
1486734118.507
False
0
60
1486734118.544
False
0
60
1486734118.586
False
0
60
1486734118.621
False
0
60
1486734118.660
False
0
60
1486734118.700
False
0
60
1486734118.736
False
0
60
1486734118.775
False
0
60
1486734118.814
False
0
60
1486734118.855
False
0
60
1486734118.894
False
0
60
1486734118.930
False
0
60
1486734118.972
False
0
60
1486734119.7
False
0
60
1486734119.44
False
0
60
1486734119.84
False
0
60
1486734119.123
False
0
60
1486734119.161
False
0
60
1486734119.201
False
0
60
1486734119.238
False
0
60
1486734119.276
False
0
60
1486734119.314
False
0
60
1486734119.354
False
0
60
1486734119.394
False
0
60
1486734119.431
False
0
60
1486734119.470
False
0
60
1486734119.508
False
0
60
1486734119.547
True
59
52
1486734119.585
True
59
52
1486734119.624
True
59
52
1486734119.664
True
59
38
1486734119.703
True
59
38
1486734119.739
True
59
38
1486734119.777
True
50
20
1486734119.816
True
50
20
1486734119.855
True
50
20
1486734120.47
True
18
0
1486734120.86
True
18
0
1486734120.124
True
3
0
1486734120.162
True
3
0
1486734120.203
True
3
0
1486734120.241
False
0
60
1486734120.278
False
0
60
1486734120.318
False
0
60
1486734120.358
False
0
60
1486734120.396
False
0
60
1486734120.447
False
0
60
1486734120.485
False
0
60
1486734120.530
False
0
60
1486734120.561
False
0
60
1486734120.585
False
0
60
1486734120.627
False
0
60
1486734120.663
False
0
60
1486734120.704
False
0
60
1486734120.742
False
0
60
1486734120.779
False
0
60
1486734120.836
False
0
60
1486734120.934
False
0
60
1486734121.166
False
0
60
1486734121.207
False
0
60
1486734121.241
False
0
60
1486734121.280
False
0
60
1486734121.319
False
0
60
1486734121.358
False
0
60
1486734121.397
False
0
60
1486734121.434
False
0
60
1486734121.473
False
0
60
1486734121.521
False
0
60
1486734121.552
False
0
60
1486734121.589
False
0
60
1486734121.628
False
0
60
1486734121.666
False
0
60
1486734121.706
False
0
60
1486734121.748
False
0
60
1486734121.783
False
0
60
1486734121.828
False
0
60
1486734121.859
False
0
60
1486734121.897
False
0
60
1486734121.935
False
0
60
1486734121.976
False
0
60
1486734122.29
False
0
60
1486734122.129
False
0
60
1486734122.182
False
0
60
1486734122.285
False
0
60
1486734122.323
False
0
60
1486734122.360
False
0
60
1486734122.399
False
0
60
1486734122.436
False
0
60
1486734122.477
False
0
60
1486734122.517
False
0
60
1486734122.553
False
0
60
1486734122.592
False
0
60
1486734122.631
False
0
60
1486734122.669
False
0
60
1486734122.706
False
0
60
1486734122.746
False
0
60
1486734122.784
False
0
60
1486734122.824
False
0
60
1486734122.861
False
0
60
1486734122.901
False
0
60
1486734122.938
False
0
60
1486734122.978
False
0
60
1486734123.18
False
0
60
1486734123.55
False
0
60
1486734123.92
False
0
60
1486734123.133
False
0
60
1486734123.170
False
0
60
1486734123.209
False
0
60
1486734123.247
False
0
60
1486734123.285
False
0
60
1486734123.336
False
0
60
1486734123.365
False
0
60
1486734123.405
False
0
60
1486734123.440
False
0
60
1486734123.478
False
0
60
1486734123.516
False
0
60
1486734123.554
False
0
60
1486734123.596
False
0
60
1486734123.634
False
0
60
1486734123.671
False
0
60
1486734123.709
False
0
60
1486734123.748
False
0
60
1486734123.785
False
0
60
1486734123.827
False
0
60
1486734123.863
False
0
60
1486734123.902
False
0
60
1486734123.940
True
2
0
1486734123.978
True
2
0
1486734124.19
True
2
0
1486734124.57
True
14
0
1486734124.94
True
14
0
1486734124.135
True
14
0
1486734124.172
True
27
0
1486734124.209
True
27
0
1486734124.250
True
27
0
1486734124.286
True
41
14
1486734124.328
True
41
14
1486734124.365
True
41
14
1486734124.401
True
58
32
1486734124.444
True
58
32
1486734124.480
True
58
32
1486734124.518
True
59
49
1486734124.558
True
59
49
1486734124.594
True
59
49
1486734124.637
False
0
60
1486734124.674
False
0
60
1486734124.713
False
0
60
1486734124.751
False
0
60
1486734124.788
False
0
60
1486734124.836
False
0
60
1486734124.868
False
0
60
1486734124.903
False
0
60
1486734124.944
False
0
60
1486734124.980
False
0
60
1486734125.18
False
0
60
1486734125.58
False
0
60
1486734125.97
False
0
60
1486734125.135
False
0
60
1486734125.175
False
0
60
1486734125.213
False
0
60
1486734125.252
False
0
60
1486734125.290
False
0
60
1486734125.327
False
0
60
1486734125.369
False
0
60
1486734125.405
False
0
60
1486734125.445
False
0
60
1486734125.482
False
0
60
1486734125.521
False
0
60
1486734125.559
False
0
60
1486734125.598
False
0
60
1486734125.639
False
0
60
1486734125.677
False
0
60
1486734125.714
False
0
60
1486734125.755
False
0
60
1486734125.790
False
0
60
1486734125.829
False
0
60
1486734125.867
False
0
60
1486734125.905
False
0
60
1486734125.947
False
0
60
1486734125.982
False
0
60
1486734126.21
False
0
60
1486734126.61
False
0
60
1486734126.99
False
0
60
1486734126.138
False
0
60
1486734126.175
False
0
60
1486734126.214
False
0
60
1486734126.253
False
0
60
1486734126.292
False
0
60
1486734126.337
False
0
60
1486734126.369
False
0
60
1486734126.407
False
0
60
1486734126.447
False
0
60
1486734126.563
False
0
60
1486734126.600
False
0
60
1486734126.638
False
0
60
1486734126.697
False
0
60
1486734126.741
False
0
60
1486734126.767
False
0
60
1486734126.798
False
0
60
1486734126.831
False
0
60
1486734126.874
False
0
60
1486734126.910
False
0
60
1486734126.948
False
0
60
1486734126.985
False
0
60
1486734127.23
False
0
60
1486734127.65
False
0
60
1486734127.102
False
0
60
1486734127.139
False
0
60
1486734127.177
False
0
60
1486734127.216
False
0
60
1486734127.256
False
0
60
1486734127.294
False
0
60
1486734127.331
False
0
60
1486734127.371
False
0
60
1486734127.408
False
0
60
1486734127.470
False
0
60
1486734127.517
False
0
60
1486734127.545
False
0
60
1486734127.567
False
0
60
1486734127.606
False
0
60
1486734127.654
False
0
60
1486734127.698
False
0
60
1486734127.731
False
0
60
1486734127.764
False
0
60
1486734127.793
False
0
60
1486734127.842
False
0
60
1486734127.875
False
0
60
1486734127.908
False
0
60
1486734127.950
False
0
60
1486734127.988
False
0
60
1486734128.25
False
0
60
1486734128.65
False
0
60
1486734128.103
False
0
60
1486734128.142
False
0
60
1486734128.179
False
0
60
1486734128.218
False
0
60
1486734128.259
False
0
60
1486734128.295
False
0
60
1486734128.335
False
0
60
1486734128.372
False
0
60
1486734128.412
False
0
60
1486734128.450
False
0
60
1486734128.489
False
0
60
1486734128.529
False
0
60
1486734128.566
False
0
60
1486734128.603
False
0
60
1486734128.644
False
0
60
1486734128.682
False
0
60
1486734128.719
False
0
60
1486734128.760
False
0
60
1486734128.795
False
0
60
1486734128.836
False
0
60
1486734128.875
False
0
60
1486734128.914
False
0
60
1486734128.951
False
0
60
1486734128.989
False
0
60
1486734129.27
False
0
60
1486734129.69
False
0
60
1486734129.104
False
0
60
1486734129.143
False
0
60
1486734129.182
False
0
60
1486734129.220
False
0
60
1486734129.263
False
0
60
1486734129.298
False
0
60
1486734129.344
False
0
60
1486734129.377
False
0
60
1486734129.412
False
0
60
1486734129.452
False
0
60
1486734129.489
False
0
60
1486734129.528
False
0
60
1486734129.569
False
0
60
1486734129.606
False
0
60
1486734129.647
False
0
60
1486734129.683
False
0
60
1486734129.721
False
0
60
1486734129.760
False
0
60
1486734129.799
False
0
60
1486734129.838
False
0
60
1486734129.877
False
0
60
1486734129.914
False
0
60
1486734129.956
False
0
60
1486734129.992
False
0
60
1486734130.29
False
0
60
1486734130.68
False
0
60
1486734130.106
False
0
60
1486734130.146
False
0
60
1486734130.186
False
0
60
1486734130.223
False
0
60
1486734130.261
False
0
60
1486734130.300
False
0
60
1486734130.338
False
0
60
1486734130.378
False
0
60
1486734130.437
False
0
60
1486734130.469
False
0
60
1486734130.498
False
0
60
1486734130.535
False
0
60
1486734130.572
False
0
60
1486734130.610
False
0
60
1486734130.648
False
0
60
1486734130.687
False
0
60
1486734130.723
False
0
60
1486734130.763
True
59
46
1486734130.800
True
59
46
1486734130.845
True
59
46
1486734130.877
True
59
28
1486734130.916
True
59
28
1486734130.954
True
59
28
1486734130.996
True
43
10
1486734131.31
True
43
10
1486734131.71
True
43
10
1486734131.109
True
26
0
1486734131.149
True
26
0
1486734131.188
True
26
0
1486734131.226
True
12
0
1486734131.263
True
12
0
1486734131.301
True
12
0
1486734131.341
True
1
0
1486734131.378
True
1
0
1486734131.418
True
1
0
1486734131.456
False
0
60
1486734131.497
False
0
60
1486734131.533
False
0
60
1486734131.572
False
0
60
1486734131.611
False
0
60
1486734131.648
False
0
60
1486734131.689
False
0
60
1486734131.726
False
0
60
1486734131.765
False
0
60
1486734131.803
False
0
60
1486734131.841
False
0
60
1486734132.35
False
0
60
1486734132.95
False
0
60
1486734132.121
False
0
60
1486734132.148
False
0
60
1486734132.188
False
0
60
1486734132.226
False
0
60
1486734132.266
False
0
60
1486734132.305
False
0
60
1486734132.348
False
0
60
1486734132.382
False
0
60
1486734132.420
False
0
60
1486734132.458
False
0
60
1486734132.499
False
0
60
1486734132.534
False
0
60
1486734132.575
False
0
60
1486734132.612
False
0
60
1486734132.652
False
0
60
1486734132.692
False
0
60
1486734132.727
False
0
60
1486734132.767
False
0
60
1486734132.806
False
0
60
1486734132.843
False
0
60
1486734132.899
False
0
60
1486734133.1
False
0
60
1486734133.35
False
0
60
1486734133.96
False
0
60
1486734133.137
False
0
60
1486734133.159
False
0
60
1486734133.193
False
0
60
1486734133.229
False
0
60
1486734133.272
False
0
60
1486734133.311
False
0
60
1486734133.347
False
0
60
1486734133.383
False
0
60
1486734133.422
False
0
60
1486734133.460
False
0
60
1486734133.498
False
0
60
1486734133.538
False
0
60
1486734133.576
False
0
60
1486734133.616
False
0
60
1486734133.652
False
0
60
1486734133.694
False
0
60
1486734133.729
False
0
60
1486734133.769
False
0
60
1486734133.809
False
0
60
1486734133.852
False
0
60
1486734133.885
False
0
60
1486734133.923
False
0
60
1486734133.961
False
0
60
1486734133.999
False
0
60
1486734134.39
False
0
60
1486734134.76
False
0
60
1486734134.118
False
0
60
1486734134.154
False
0
60
1486734134.191
False
0
60
1486734134.232
False
0
60
1486734134.270
False
0
60
1486734134.312
False
0
60
1486734134.346
False
0
60
1486734134.384
False
0
60
1486734134.425
False
0
60
1486734134.462
False
0
60
1486734134.500
False
0
60
1486734134.539
False
0
60
1486734134.578
False
0
60
1486734134.618
False
0
60
1486734134.655
False
0
60
1486734134.693
False
0
60
1486734134.733
False
0
60
1486734134.770
False
0
60
1486734134.809
False
0
60
1486734134.848
False
0
60
1486734134.887
False
0
60
1486734134.926
False
0
60
1486734134.962
False
0
60
1486734135.2
False
0
60
1486734135.56
True
1
0
1486734135.80
True
1
0
1486734135.123
True
1
0
1486734136.313
False
0
60
1486734136.351
False
0
60
1486734136.389
False
0
60
1486734136.429
False
0
60
1486734136.466
False
0
60
1486734136.505
False
0
60
1486734136.544
False
0
60
1486734136.582
False
0
60
1486734136.621
False
0
60
1486734136.659
False
0
60
1486734136.698
False
0
60
1486734136.738
False
0
60
1486734136.775
False
0
60
1486734136.814
False
0
60
1486734136.858
False
0
60
1486734136.893
False
0
60
1486734136.930
False
0
60
1486734136.968
False
0
60
1486734137.5
False
0
60
1486734137.46
False
0
60
1486734137.83
False
0
60
1486734137.122
False
0
60
1486734137.160
False
0
60
1486734137.199
False
0
60
1486734137.238
False
0
60
1486734137.275
False
0
60
1486734137.315
False
0
60
1486734137.353
False
0
60
1486734137.392
False
0
60
1486734137.433
False
0
60
1486734137.468
False
0
60
1486734137.507
False
0
60
1486734137.548
False
0
60
1486734137.585
False
0
60
1486734137.639
False
0
60
1486734137.690
False
0
60
1486734137.777
False
0
60
1486734137.815
False
0
60
1486734137.868
False
0
60
1486734137.929
False
0
60
1486734137.952
False
0
60
1486734137.976
False
0
60
1486734138.12
False
0
60
1486734138.50
False
0
60
1486734138.85
False
0
60
1486734138.124
False
0
60
1486734138.165
False
0
60
1486734138.202
False
0
60
1486734138.238
False
0
60
1486734138.277
False
0
60
1486734138.319
False
0
60
1486734138.367
False
0
60
1486734138.402
False
0
60
1486734138.433
False
0
60
1486734138.471
False
0
60
1486734138.508
False
0
60
1486734138.550
False
0
60
1486734138.586
False
0
60
1486734138.626
False
0
60
1486734138.662
False
0
60
1486734138.702
False
0
60
1486734138.740
False
0
60
1486734138.802
False
0
60
1486734138.895
False
0
60
1486734138.933
False
0
60
1486734138.973
False
0
60
1486734139.25
False
0
60
1486734139.74
False
0
60
1486734139.105
False
0
60
1486734139.127
False
0
60
1486734139.167
False
0
60
1486734139.202
False
0
60
1486734139.241
False
0
60
1486734139.279
False
0
60
1486734139.318
False
0
60
1486734139.359
False
0
60
1486734139.396
False
0
60
1486734139.434
False
0
60
1486734139.473
False
0
60
1486734139.510
False
0
60
1486734139.552
False
0
60
1486734139.588
False
0
60
1486734139.628
False
0
60
1486734139.666
False
0
60
1486734139.703
False
0
60
1486734139.742
False
0
60
1486734139.780
False
0
60
1486734139.820
False
0
60
1486734139.867
False
0
60
1486734139.899
False
0
60
1486734139.935
False
0
60
1486734139.978
False
0
60
1486734140.10
False
0
60
1486734140.53
False
0
60
1486734140.89
False
0
60
1486734140.128
False
0
60
1486734140.553
False
0
60
1486734140.603
False
0
60
1486734140.644
False
0
60
1486734140.691
False
0
60
1486734140.713
False
0
60
1486734140.750
False
0
60
1486734140.786
False
0
60
1486734140.820
False
0
60
1486734140.864
False
0
60
1486734140.899
False
0
60
1486734140.937
False
0
60
1486734140.977
False
0
60
1486734141.15
False
0
60
1486734141.55
False
0
60
1486734141.91
False
0
60
1486734141.131
False
0
60
1486734141.170
False
0
60
1486734141.206
False
0
60
1486734141.245
False
0
60
1486734141.284
False
0
60
1486734141.326
False
0
60
1486734141.371
False
0
60
1486734141.408
False
0
60
1486734141.441
False
0
60
1486734141.480
False
0
60
1486734141.516
False
0
60
1486734141.554
False
0
60
1486734141.592
False
0
60
1486734141.632
False
0
60
1486734141.671
False
0
60
1486734141.708
False
0
60
1486734141.748
False
0
60
1486734141.784
False
0
60
1486734141.823
False
0
60
1486734141.864
False
0
60
1486734141.901
False
0
60
1486734141.939
False
0
60
1486734141.979
True
59
53
1486734142.17
True
59
53
1486734142.55
True
59
53
1486734142.94
True
59
41
1486734142.132
True
59
41
1486734142.172
True
59
41
1486734142.209
True
53
25
1486734142.248
True
53
25
1486734142.286
True
53
25
1486734142.325
True
38
10
1486734142.363
True
38
10
1486734142.402
True
38
10
1486734142.441
True
23
0
1486734142.479
True
23
0
1486734142.517
True
23
0
1486734142.556
True
8
0
1486734142.596
True
8
0
1486734142.634
True
8
0
1486734142.676
False
0
60
1486734142.711
False
0
60
1486734142.750
False
0
60
1486734142.788
False
0
60
1486734142.826
False
0
60
1486734142.870
False
0
60
1486734142.901
False
0
60
1486734142.942
False
0
60
1486734142.982
False
0
60
1486734143.20
False
0
60
1486734143.60
False
0
60
1486734143.96
False
0
60
1486734143.135
False
0
60
1486734143.174
False
0
60
1486734143.210
False
0
60
1486734143.251
False
0
60
1486734143.288
False
0
60
1486734143.327
False
0
60
1486734143.366
False
0
60
1486734143.404
False
0
60
1486734143.523
False
0
60
1486734143.560
False
0
60
1486734143.616
False
0
60
1486734143.712
False
0
60
1486734143.752
False
0
60
1486734143.788
False
0
60
1486734143.828
False
0
60
1486734143.866
False
0
60
1486734143.906
False
0
60
1486734143.944
False
0
60
1486734143.983
False
0
60
1486734144.20
False
0
60
1486734144.61
False
0
60
1486734144.98
False
0
60
1486734144.136
False
0
60
1486734144.175
False
0
60
1486734144.215
False
0
60
1486734144.253
False
0
60
1486734144.291
False
0
60
1486734144.328
False
0
60
1486734144.368
False
0
60
1486734144.434
False
0
60
1486734144.523
False
0
60
1486734144.579
False
0
60
1486734144.677
False
0
60
1486734144.715
False
0
60
1486734144.754
False
0
60
1486734144.793
False
0
60
1486734144.830
False
0
60
1486734144.868
False
0
60
1486734144.908
False
0
60
1486734144.946
False
0
60
1486734145.138
False
0
60
1486734145.176
False
0
60
1486734145.216
False
0
60
1486734145.254
False
0
60
1486734145.294
False
0
60
1486734145.332
False
0
60
1486734145.369
False
0
60
1486734145.409
False
0
60
1486734145.447
False
0
60
1486734145.484
False
0
60
1486734145.525
False
0
60
1486734145.565
False
0
60
1486734145.603
False
0
60
1486734145.639
False
0
60
1486734145.677
False
0
60
1486734145.717
False
0
60
1486734145.755
False
0
60
1486734145.795
False
0
60
1486734145.832
False
0
60
1486734145.871
False
0
60
1486734145.911
False
0
60
1486734145.947
False
0
60
1486734145.987
False
0
60
1486734146.25
False
0
60
1486734146.65
False
0
60
1486734146.105
False
0
60
1486734146.141
False
0
60
1486734146.178
False
0
60
1486734146.217
False
0
60
1486734146.258
True
1
0
1486734146.297
True
1
0
1486734146.334
True
1
0
1486734146.374
True
13
0
1486734146.412
True
13
0
1486734146.449
True
13
0
1486734146.488
True
26
0
1486734146.525
True
26
0
1486734146.565
True
26
0
1486734146.604
True
39
10
1486734146.642
True
39
10
1486734146.681
True
39
10
1486734146.719
True
56
28
1486734146.756
True
56
28
1486734146.796
True
56
28
1486734146.835
True
59
46
1486734146.872
True
59
46
1486734146.915
True
59
46
1486734146.949
False
0
60
1486734146.987
False
0
60
1486734147.27
False
0
60
1486734147.66
False
0
60
1486734147.106
False
0
60
1486734147.142
False
0
60
1486734147.181
False
0
60
1486734147.220
False
0
60
1486734147.258
False
0
60
1486734147.297
False
0
60
1486734147.336
False
0
60
1486734147.375
False
0
60
1486734147.415
False
0
60
1486734147.452
False
0
60
1486734147.489
False
0
60
1486734147.528
False
0
60
1486734147.568
False
0
60
1486734147.607
False
0
60
1486734147.644
False
0
60
1486734147.683
False
0
60
1486734147.721
False
0
60
1486734147.759
False
0
60
1486734147.797
False
0
60
1486734147.837
False
0
60
1486734147.875
False
0
60
1486734147.916
False
0
60
1486734147.951
False
0
60
1486734147.991
False
0
60
1486734148.28
False
0
60
1486734148.68
False
0
60
1486734148.106
False
0
60
1486734148.145
False
0
60
1486734148.183
False
0
60
1486734148.224
False
0
60
1486734148.260
False
0
60
1486734148.299
False
0
60
1486734148.337
False
0
60
1486734148.376
False
0
60
1486734148.418
False
0
60
1486734148.453
False
0
60
1486734148.491
False
0
60
1486734148.532
False
0
60
1486734148.569
False
0
60
1486734148.607
False
0
60
1486734148.645
False
0
60
1486734148.684
False
0
60
1486734148.725
False
0
60
1486734148.762
False
0
60
1486734148.802
False
0
60
1486734148.837
False
0
60
1486734148.960
False
0
60
1486734148.995
False
0
60
1486734149.34
False
0
60
1486734149.70
False
0
60
1486734149.126
False
0
60
1486734149.227
False
0
60
1486734149.263
False
0
60
1486734149.301
False
0
60
1486734149.340
False
0
60
1486734149.378
False
0
60
1486734149.422
False
0
60
1486734149.454
False
0
60
1486734149.493
False
0
60
1486734149.533
False
0
60
1486734149.571
False
0
60
1486734149.609
False
0
60
1486734149.648
False
0
60
1486734149.686
False
0
60
1486734149.726
False
0
60
1486734149.764
False
0
60
1486734149.803
False
0
60
1486734149.841
False
0
60
1486734149.881
False
0
60
1486734149.918
False
0
60
1486734149.975
False
0
60
1486734150.72
False
0
60
1486734150.110
False
0
60
1486734150.165
False
0
60
1486734150.212
False
0
60
1486734150.241
False
0
60
1486734150.266
False
0
60
1486734150.300
False
0
60
1486734150.344
False
0
60
1486734150.384
False
0
60
1486734150.434
False
0
60
1486734150.475
False
0
60
1486734150.507
False
0
60
1486734150.539
False
0
60
1486734150.572
False
0
60
1486734150.614
False
0
60
1486734150.651
False
0
60
1486734150.688
False
0
60
1486734150.729
False
0
60
1486734150.766
False
0
60
1486734150.804
False
0
60
1486734150.842
False
0
60
1486734150.881
False
0
60
1486734150.920
False
0
60
1486734150.959
False
0
60
1486734150.996
False
0
60
1486734151.36
False
0
60
1486734151.74
False
0
60
1486734151.112
False
0
60
1486734151.152
False
0
60
1486734151.190
False
0
60
1486734151.230
False
0
60
1486734151.267
False
0
60
1486734151.305
False
0
60
1486734151.346
False
0
60
1486734151.383
False
0
60
1486734151.422
False
0
60
1486734151.460
False
0
60
1486734151.497
False
0
60
1486734151.537
False
0
60
1486734151.575
False
0
60
1486734151.612
False
0
60
1486734151.652
False
0
60
1486734151.691
False
0
60
1486734151.730
False
0
60
1486734151.767
False
0
60
1486734151.807
False
0
60
1486734151.848
False
0
60
1486734151.887
False
0
60
1486734151.921
False
0
60
1486734151.960
False
0
60
1486734151.1000
False
0
60
1486734152.39
False
0
60
1486734152.76
False
0
60
1486734152.116
False
0
60
1486734152.153
False
0
60
1486734152.191
False
0
60
1486734152.231
False
0
60
1486734152.269
False
0
60
1486734152.306
False
0
60
1486734152.347
False
0
60
1486734152.385
False
0
60
1486734152.423
False
0
60
1486734152.461
False
0
60
1486734152.500
False
0
60
1486734152.541
False
0
60
1486734152.577
False
0
60
1486734152.616
False
0
60
1486734152.656
False
0
60
1486734152.693
False
0
60
1486734152.731
True
59
56
1486734152.769
True
59
56
1486734152.808
True
59
56
1486734152.849
True
59
39
1486734152.885
True
59
39
1486734152.923
True
59
39
1486734152.969
True
55
21
1486734153.18
True
55
21
1486734153.42
True
55
21
1486734153.83
True
35
4
1486734153.116
True
35
4
1486734153.156
True
35
4
1486734153.194
True
18
0
1486734153.232
True
18
0
1486734153.270
True
18
0
1486734153.309
True
3
0
1486734153.350
True
3
0
1486734153.390
True
3
0
1486734153.425
False
0
60
1486734153.464
False
0
60
1486734153.501
False
0
60
1486734153.540
False
0
60
1486734153.578
False
0
60
1486734153.618
False
0
60
1486734153.658
False
0
60
1486734153.698
False
0
60
1486734153.734
False
0
60
1486734153.771
False
0
60
1486734153.810
False
0
60
1486734153.849
False
0
60
1486734153.887
False
0
60
1486734153.926
False
0
60
1486734153.967
False
0
60
1486734154.4
False
0
60
1486734154.41
False
0
60
1486734154.81
False
0
60
1486734154.118
False
0
60
1486734154.176
False
0
60
1486734154.273
False
0
60
1486734154.312
False
0
60
1486734154.349
False
0
60
1486734154.405
False
0
60
1486734154.451
False
0
60
1486734154.479
False
0
60
1486734154.502
False
0
60
1486734154.541
False
0
60
1486734154.583
False
0
60
1486734154.620
False
0
60
1486734154.658
False
0
60
1486734154.696
False
0
60
1486734154.735
False
0
60
1486734154.775
False
0
60
1486734154.812
False
0
60
1486734154.852
False
0
60
1486734154.893
False
0
60
1486734154.928
False
0
60
1486734154.973
False
0
60
1486734155.4
False
0
60
1486734155.45
False
0
60
1486734155.82
False
0
60
1486734155.121
False
0
60
1486734155.159
False
0
60
1486734155.214
False
0
60
1486734155.248
False
0
60
1486734155.284
False
0
60
1486734155.317
False
0
60
1486734155.352
False
0
60
1486734155.391
False
0
60
1486734155.429
False
0
60
1486734155.469
False
0
60
1486734155.505
False
0
60
1486734155.545
False
0
60
1486734155.583
False
0
60
1486734155.621
False
0
60
1486734155.660
False
0
60
1486734155.700
False
0
60
1486734155.738
False
0
60
1486734155.777
False
0
60
1486734155.815
False
0
60
1486734155.853
False
0
60
1486734155.891
False
0
60
1486734155.932
False
0
60
1486734155.971
False
0
60
1486734156.8
False
0
60
1486734156.48
False
0
60
1486734156.84
False
0
60
1486734156.123
False
0
60
1486734156.161
False
0
60
1486734156.199
False
0
60
1486734156.239
False
0
60
1486734156.279
False
0
60
1486734156.316
False
0
60
1486734156.356
False
0
60
1486734156.391
False
0
60
1486734156.431
False
0
60
1486734156.471
False
0
60
1486734156.509
False
0
60
1486734156.547
False
0
60
1486734156.585
False
0
60
1486734156.624
False
0
60
1486734156.662
False
0
60
1486734156.701
False
0
60
1486734156.738
False
0
60
1486734156.779
False
0
60
1486734156.816
False
0
60
1486734156.855
False
0
60
1486734156.893
False
0
60
1486734156.932
False
0
60
1486734156.973
False
0
60
1486734157.9
False
0
60
1486734157.47
False
0
60
1486734157.87
False
0
60
1486734157.124
False
0
60
1486734157.164
False
0
60
1486734157.202
False
0
60
1486734157.241
False
0
60
1486734157.281
False
0
60
1486734157.317
False
0
60
1486734157.358
False
0
60
1486734157.395
False
0
60
1486734157.434
False
0
60
1486734157.473
False
0
60
1486734157.510
False
0
60
1486734157.549
False
0
60
1486734157.588
False
0
60
1486734157.626
False
0
60
1486734157.666
False
0
60
1486734157.702
False
0
60
1486734157.742
False
0
60
1486734157.781
False
0
60
1486734157.819
False
0
60
1486734157.857
False
0
60
1486734157.898
False
0
60
1486734157.934
False
0
60
1486734157.976
False
0
60
1486734158.11
False
0
60
1486734158.50
False
0
60
1486734158.88
False
0
60
1486734158.127
False
0
60
1486734158.166
False
0
60
1486734158.204
False
0
60
1486734158.242
False
0
60
1486734158.283
False
0
60
1486734158.320
False
0
60
1486734158.361
False
0
60
1486734158.396
False
0
60
1486734158.435
False
0
60
1486734158.475
False
0
60
1486734158.513
False
0
60
1486734158.551
False
0
60
1486734158.588
False
0
60
1486734158.628
False
0
60
1486734158.669
False
0
60
1486734158.705
False
0
60
1486734158.744
False
0
60
1486734158.783
False
0
60
1486734158.821
False
0
60
1486734158.859
False
0
60
1486734158.897
False
0
60
1486734158.936
False
0
60
1486734158.977
False
0
60
1486734159.14
False
0
60
1486734159.51
False
0
60
1486734159.91
False
0
60
1486734159.130
False
0
60
1486734159.167
False
0
60
1486734159.206
False
0
60
1486734159.244
False
0
60
1486734159.437
False
0
60
1486734159.479
False
0
60
1486734159.516
False
0
60
1486734159.553
False
0
60
1486734159.591
False
0
60
1486734159.631
False
0
60
1486734159.669
False
0
60
1486734159.707
False
0
60
1486734159.746
False
0
60
1486734159.786
False
0
60
1486734159.822
False
0
60
1486734159.861
False
0
60
1486734159.899
False
0
60
1486734159.939
False
0
60
1486734159.980
False
0
60
1486734160.15
False
0
60
1486734160.54
False
0
60
1486734160.91
False
0
60
1486734160.132
False
0
60
1486734160.169
False
0
60
1486734160.209
False
0
60
1486734160.248
False
0
60
1486734160.286
False
0
60
1486734160.324
False
0
60
1486734160.363
False
0
60
1486734160.422
False
0
60
1486734160.449
False
0
60
1486734160.503
False
0
60
1486734160.526
False
0
60
1486734160.553
False
0
60
1486734160.595
False
0
60
1486734160.633
False
0
60
1486734160.671
False
0
60
1486734160.708
False
0
60
1486734160.747
False
0
60
1486734160.787
False
0
60
1486734160.824
False
0
60
1486734160.863
False
0
60
1486734160.903
False
0
60
1486734160.940
False
0
60
1486734160.982
False
0
60
1486734161.18
False
0
60
1486734161.59
False
0
60
1486734161.97
False
0
60
1486734161.133
False
0
60
1486734161.172
False
0
60
1486734161.210
False
0
60
1486734161.249
False
0
60
1486734161.290
False
0
60
1486734161.327
False
0
60
1486734161.366
False
0
60
1486734161.403
False
0
60
1486734161.442
False
0
60
1486734161.485
False
0
60
1486734161.519
False
0
60
1486734161.558
False
0
60
1486734161.597
False
0
60
1486734161.634
False
0
60
1486734161.673
False
0
60
1486734161.712
False
0
60
1486734161.750
False
0
60
1486734161.791
False
0
60
1486734161.827
False
0
60
1486734161.866
False
0
60
1486734161.904
False
0
60
1486734161.942
False
0
60
1486734161.981
False
0
60
1486734162.21
False
0
60
1486734162.59
False
0
60
1486734162.98
False
0
60
1486734162.135
False
0
60
1486734162.198
False
0
60
1486734162.300
False
0
60
1486734162.421
False
0
60
1486734162.615
False
0
60
1486734162.721
False
0
60
1486734162.931
False
0
60
1486734163.44
False
0
60
1486734163.149
False
0
60
1486734163.256
False
0
60
1486734163.304
False
0
60
1486734163.419
False
0
60
1486734163.468
False
0
60
1486734163.564
False
0
60
1486734163.613
False
0
60
1486734163.746
False
0
60
1486734163.835
False
0
60
1486734163.899
False
0
60
1486734163.947
False
0
60
1486734164.45
False
0
60
1486734164.85
False
0
60
1486734164.191
False
0
60
1486734164.243
False
0
60
1486734164.353
False
0
60
1486734164.455
False
0
60
1486734164.577
False
0
60
1486734164.613
False
0
60
1486734164.645
False
0
60
1486734164.835
False
0
60
1486734164.895
False
0
60
1486734164.987
False
0
60
1486734165.26
False
0
60
1486734165.65
False
0
60
1486734165.264
False
0
60
1486734166.145
False
0
60
1486734166.182
False
0
60
1486734166.224
False
0
60
1486734166.258
False
0
60
1486734166.298
False
0
60
1486734166.337
False
0
60
1486734166.374
False
0
60
1486734166.415
False
0
60
1486734166.452
False
0
60
1486734166.491
False
0
60
1486734166.529
False
0
60
1486734166.567
False
0
60
1486734166.607
False
0
60
1486734166.646
False
0
60
1486734166.684
False
0
60
1486734166.721
False
0
60
1486734166.762
False
0
60
1486734166.799
False
0
60
1486734166.837
False
0
60
1486734166.876
False
0
60
1486734166.923
False
0
60
1486734166.954
False
0
60
