Next
1492891268.4
Page_Up
1492891272.38
Page_Up
1492891273.49
Next
1492891277.38
Next
1492891278.37
Page_Up
1492891282.58
Page_Up
1492891283.74
Next
1492891287.69
Next
1492891288.9
Page_Up
1492891292.88
Page_Up
1492891294.06
Next
1492891297.69
Next
1492891298.98
Page_Up
1492891302.89
Page_Up
1492891303.95
Next
1492891307.48
Next
1492891308.81
Page_Up
1492891312.84
Page_Up
1492891314.15
Next
1492891318.38
Next
1492891319.29
Page_Up
1492891323.4
Page_Up
1492891324.4
Next
1492891328.56
Next
1492891329.67
Page_Up
1492891333.69
Page_Up
1492891334.79
Next
1492891338.47
Next
1492891339.55
Page_Up
1492891343.69
Page_Up
1492891344.84
Next
1492891348.88
Next
1492891349.89
Page_Up
1492891353.77
Page_Up
1492891354.91
Next
1492891358.97
Next
1492891359.88
Page_Up
1492891363.89
Page_Up
1492891364.83
Next
1492891368.84
Next
1492891369.95
Page_Up
1492891373.44
Page_Up
1492891374.66
Next
1492891378.74
Next
1492891379.73
Page_Up
1492891383.96
Page_Up
1492891385.02
Next
1492891389.28
Next
1492891390.61
Page_Up
1492891395.09
Page_Up
1492891396.05
Next
1492891400.37
Next
1492891401.38
Page_Up
1492891405.9
Page_Up
1492891407.07
Next
1492891411.03
Next
1492891412.25
Page_Up
1492891416.42
Page_Up
1492891417.49
Next
1492891421.6
Next
1492891422.69
Page_Up
1492891426.72
Page_Up
1492891427.87
Next
1492891432.05
Next
1492891433.09
Page_Up
1492891437.4
Page_Up
1492891438.45
Next
1492891442.33
Next
1492891443.69
Page_Up
1492891447.55
Page_Up
1492891448.68
Next
1492891452.72
Next
1492891453.74
Page_Up
1492891457.7
Page_Up
1492891458.74
Next
1492891462.78
Next
1492891463.82
Page_Up
1492891468.07
Page_Up
1492891469.35
Next
1492891473.06
grave
1492891482.81
