Next
1492891720.06
Page_Up
1492891724.91
Page_Up
1492891726.06
Next
1492891730.64
Next
1492891731.5
Page_Up
1492891736.09
Page_Up
1492891738.03
Next
1492891742.43
Next
1492891743.94
Page_Up
1492891749.04
Page_Up
1492891750.47
Next
1492891755.36
Next
1492891756.77
Page_Up
1492891761.58
Page_Up
1492891762.8
Next
1492891768.09
Next
1492891769.42
Page_Up
1492891775.18
Page_Up
1492891776.12
Next
1492891781.77
Next
1492891783.05
Page_Up
1492891788.52
Page_Up
1492891789.58
Next
1492891795.21
Next
1492891796.48
Page_Up
1492891801.69
Page_Up
1492891803.04
Next
1492891808.81
Next
1492891810.07
Page_Up
1492891815.7
Page_Up
1492891817.23
Next
1492891823.11
Next
1492891824.55
Page_Up
1492891830.32
Page_Up
1492891831.7
Next
1492891837.31
Next
1492891838.55
Page_Up
1492891844.57
Page_Up
1492891845.3
Next
1492891851.03
Next
1492891851.7
Page_Up
1492891857.31
Page_Up
1492891858.27
Next
1492891863.67
Next
1492891864.79
Page_Up
1492891870.89
Page_Up
1492891871.56
Next
1492891877.29
Next
1492891878.26
Page_Up
1492891883.57
Page_Up
1492891884.58
Next
1492891890.07
Next
1492891890.95
Page_Up
1492891896.32
Page_Up
1492891897.2
Next
1492891902.24
Next
1492891903.16
Page_Up
1492891908.45
Page_Up
1492891909.39
Next
1492891914.56
Next
1492891915.59
Page_Up
1492891920.2
Page_Up
1492891921.16
Next
1492891926.37
Next
1492891927.26
Page_Up
1492891932.35
Page_Up
1492891933.66
Next
1492891938.82
Next
1492891939.98
Page_Up
1492891945.17
Page_Up
1492891946.09
Next
1492891951.29
Next
1492891952.2
Page_Up
1492891957.11
Page_Up
1492891958.01
Next
1492891963.23
Next
1492891964.2
Page_Up
1492891969.73
Page_Up
1492891970.84
Next
1492891975.46
grave
1492891982.65
