Next
1486579298.69
Page_Up
1486579303.29
Page_Up
1486579304.63
Next
1486579308.72
Next
1486579309.89
Page_Up
1486579314.28
Page_Up
1486579315.76
Next
1486579319.68
Next
1486579321.34
Page_Up
1486579325.2
Page_Up
1486579326.64
Next
1486579330.34
Next
1486579331.47
Page_Up
1486579336.84
Page_Up
1486579337.65
Next
1486579341.18
Next
1486579342.42
Page_Up
1486579346.26
Page_Up
1486579347.51
Next
1486579351.06
Next
1486579352.3
Page_Up
1486579355.99
Page_Up
1486579357.12
Next
1486579360.98
Next
1486579362.04
Page_Up
1486579366.05
Page_Up
1486579367.23
Next
1486579370.62
Next
1486579371.65
Page_Up
1486579375.49
Page_Up
1486579376.4
Next
1486579379.96
Next
1486579381.09
Page_Up
1486579384.72
Page_Up
1486579386.05
Next
1486579389.38
Next
1486579390.53
Page_Up
1486579394.38
Page_Up
1486579395.53
Next
1486579399.32
grave
1486579409.38
