Page_Up
1493408247.45
Next
1493408250.78
Next
1493408251.73
Page_Up
1493408253.76
Page_Up
1493408254.93
Next
1493408257.17
Next
1493408257.94
Page_Up
1493408260.0
Page_Up
1493408260.96
Next
1493408263.16
Next
1493408263.91
Page_Up
1493408267.4
Page_Up
1493408267.83
Next
1493408269.81
Next
1493408270.75
Page_Up
1493408272.98
Page_Up
1493408273.83
Next
1493408276.11
Next
1493408277.1
Page_Up
1493408279.11
Page_Up
1493408280.06
Next
1493408282.62
Next
1493408283.47
Page_Up
1493408285.71
Page_Up
1493408286.63
Next
1493408289.27
Next
1493408289.98
Page_Up
1493408292.16
Page_Up
1493408293.12
Next
1493408295.57
Next
1493408296.36
Page_Up
1493408298.34
Page_Up
1493408299.23
Next
1493408302.25
Next
1493408303.02
Page_Up
1493408305.08
Page_Up
1493408306.25
Next
1493408308.91
Next
1493408309.59
Page_Up
1493408311.98
grave
1493408315.42
