Page_Up
1493407977.15
Next
1493407981.43
Next
1493407982.81
Page_Up
1493407985.02
Page_Up
1493407986.07
Next
1493407988.58
Next
1493407989.44
Page_Up
1493407991.71
Page_Up
1493407992.61
Next
1493407994.83
Next
1493407996.3
Page_Up
1493407998.56
Page_Up
1493407999.47
Next
1493408001.96
Next
1493408002.68
Page_Up
1493408005.31
Page_Up
1493408006.41
Next
1493408008.55
Next
1493408009.81
Page_Up
1493408012.64
Page_Up
1493408014.53
Next
1493408016.18
Next
1493408016.94
Page_Up
1493408019.05
Page_Up
1493408019.82
Next
1493408022.56
Next
1493408023.66
Page_Up
1493408026.66
Page_Up
1493408028.25
Next
1493408030.39
Next
1493408031.03
Page_Up
1493408033.65
Page_Up
1493408034.84
Next
1493408037.34
Next
1493408038.25
Page_Up
1493408041.21
Page_Up
1493408042.03
Next
1493408044.88
Next
1493408045.69
Page_Up
1493408048.55
grave
1493408052.4
