Page_Up
1493408432.57
Next
1493408436.64
Next
1493408438.04
Page_Up
1493408441.43
Page_Up
1493408443.92
Next
1493408447.73
Next
1493408450.01
Page_Up
1493408453.72
Page_Up
1493408456.05
Next
1493408459.92
Next
1493408461.82
Page_Up
1493408465.94
Page_Up
1493408468.14
Next
1493408472.34
Next
1493408474.52
Page_Up
1493408478.58
Page_Up
1493408480.71
Next
1493408484.89
Next
1493408486.65
Page_Up
1493408490.41
Page_Up
1493408492.82
Next
1493408497.61
Next
1493408499.42
Page_Up
1493408503.8
Page_Up
1493408505.05
Next
1493408508.92
Next
1493408510.57
Page_Up
1493408514.44
Page_Up
1493408516.84
Next
1493408520.63
Next
1493408522.49
Page_Up
1493408526.59
grave
1493408545.63
