Page_Up
1493408759.08
Next
1493408762.04
Next
1493408763.11
Page_Up
1493408767.46
Page_Up
1493408769.36
Next
1493408773.38
Next
1493408774.96
Page_Up
1493408778.44
Page_Up
1493408780.63
Next
1493408784.79
Next
1493408785.94
Page_Up
1493408789.71
Page_Up
1493408791.74
Next
1493408795.09
Next
1493408797.21
Page_Up
1493408801.14
Page_Up
1493408802.71
Next
1493408806.86
Next
1493408808.21
Page_Up
1493408812.84
Page_Up
1493408815.82
Next
1493408821.34
Page_Up
1493408825.44
Page_Up
1493408826.24
Next
1493408829.96
Next
1493408831.72
Page_Up
1493408834.94
Page_Up
1493408837.67
Next
1493408840.98
Next
1493408843.21
Page_Up
1493408846.81
Page_Up
1493408849.47
Next
1493408852.32
Next
1493408854.79
Page_Up
1493408858.4
Page_Up
1493408861.63
Next
1493408865.35
Next
1493408866.6
Page_Up
1493408870.09
grave
1493408884.36
