Next
1486727185.38
Page_Up
1486727190.02
Page_Up
1486727191.21
Next
1486727195.33
Next
1486727196.36
Page_Up
1486727201.14
Page_Up
1486727201.99
Next
1486727206.82
Next
1486727207.7
Page_Up
1486727212.75
Page_Up
1486727213.52
Next
1486727218.31
Next
1486727219.25
Page_Up
1486727224.17
Page_Up
1486727224.7
Next
1486727229.26
Next
1486727229.99
Page_Up
1486727234.71
Page_Up
1486727235.57
Next
1486727240.49
Next
1486727241.24
Page_Up
1486727246.64
Page_Up
1486727247.19
Next
1486727251.67
Next
1486727252.49
Page_Up
1486727257.1
Page_Up
1486727257.81
Next
1486727263.17
Next
1486727263.79
Page_Up
1486727268.81
Page_Up
1486727269.94
Next
1486727275.22
Next
1486727275.92
Page_Up
1486727280.82
Page_Up
1486727281.47
Next
1486727286.19
Next
1486727287.11
Page_Up
1486727292.08
Page_Up
1486727293.07
Next
1486727298.34
grave
1486727307.34
