Next
1486789956.65
Page_Up
1486789960.54
Page_Up
1486789962.36
Next
1486789967.0
Next
1486789969.48
Page_Up
1486789973.54
Page_Up
1486789975.4
Next
1486789979.59
Next
1486789981.8
Page_Up
1486789985.94
Page_Up
1486789987.84
Next
1486789991.99
Next
1486789994.12
Page_Up
1486789997.85
Page_Up
1486789999.96
Next
1486790003.96
Next
1486790005.67
Page_Up
1486790009.7
Page_Up
1486790011.75
Next
1486790015.8
Next
1486790017.5
Page_Up
1486790021.31
Page_Up
1486790022.99
Next
1486790026.81
Next
1486790028.74
Page_Up
1486790032.66
Page_Up
1486790034.26
Next
1486790038.12
Next
1486790039.94
Page_Up
1486790043.77
Page_Up
1486790045.24
Next
1486790049.73
Next
1486790051.79
Page_Up
1486790055.24
Page_Up
1486790056.82
Next
1486790060.52
Next
1486790062.11
Page_Up
1486790065.62
Page_Up
1486790066.98
Next
1486790071.26
grave
1486790078.13
