1486730994.662
0
HO
False
1486730994.769
0
HO
False
1486730994.893
0
HO
False
1486730994.991
0
HO
False
1486730995.106
0
HO
False
1486730995.151
0
HO
False
1486730995.183
0
HO
False
1486730995.315
0
HO
False
1486730995.339
0
HO
False
1486730995.378
0
HO
False
1486730995.416
0
HO
False
1486730995.456
0
HO
False
1486730995.489
0
HO
False
1486730995.527
0
HO
False
1486730995.569
0
HO
False
1486730995.606
0
HO
False
1486730995.743
0
HO
False
1486730995.841
0
HO
False
1486730995.888
0
HO
False
1486730995.921
0
HO
False
1486730995.957
0
HO
False
1486730995.990
0
HO
False
1486730996.178
0
HO
False
1486730996.216
0
HO
False
1486730996.255
0
HO
False
1486730996.294
0
HO
False
1486730996.333
0
HO
False
1486730996.386
0
HO
False
1486730996.651
0
HO
False
1486730996.679
0
HO
False
1486730996.717
0
HO
False
1486730996.757
0
HO
False
1486730996.795
0
HO
False
1486730996.836
0
HO
False
1486730996.871
0
HO
False
1486730996.911
0
HO
False
1486730996.950
0
HO
False
1486730996.988
0
HO
False
1486730997.27
0
HO
False
1486730997.64
0
HO
False
1486730997.103
0
HO
False
1486730997.141
0
HO
False
1486730997.180
0
HO
False
1486730997.221
0
HO
False
1486730997.257
0
HO
False
1486730997.297
0
HO
False
1486730997.334
0
HO
False
1486730997.381
0
HO
False
1486730997.452
0
HO
False
1486730997.545
0
HO
False
1486730997.659
0
HO
False
1486730997.772
0
HO
False
1486730997.809
0
HO
False
1486730997.951
0
HO
False
1486730998.33
0
HO
False
1486730998.79
0
HO
False
1486730998.129
0
HO
False
1486730998.181
0
HO
False
1486730998.275
0
HO
False
1486730998.319
0
HO
False
1486730998.362
0
HO
False
1486730998.402
0
HO
False
1486730998.445
0
HO
False
1486730998.473
0
HO
False
1486730998.519
0
HO
False
1486730998.624
0
HO
False
1486730998.672
0
HO
False
1486730998.703
0
HO
False
1486730998.800
0
HO
False
1486730998.862
0
HO
False
1486730999.43
0
HO
False
1486730999.82
0
HO
False
1486730999.184
0
HO
False
1486730999.247
0
HO
False
1486730999.292
0
HO
False
1486730999.374
0
HO
False
1486730999.438
0
HO
False
1486730999.533
0
HO
False
1486730999.587
0
HO
False
1486730999.634
0
HO
False
1486730999.670
0
HO
False
1486730999.708
0
HO
False
1486730999.823
0
HO
False
1486730999.861
0
HO
False
1486730999.910
0
HO
False
1486731000.15
0
HO
False
1486731000.61
0
HO
False
1486731000.148
0
HO
False
1486731000.199
0
HO
False
1486731000.250
0
HO
False
1486731000.344
0
HO
False
1486731000.461
0
HO
False
1486731000.513
0
HO
False
1486731000.557
0
HO
False
1486731000.596
0
HO
False
1486731000.640
0
HO
False
1486731000.817
0
HO
False
1486731000.939
0
HO
False
1486731001.61
0
HO
False
1486731001.168
0
HO
False
1486731001.282
0
HO
False
1486731001.407
0
HO
False
1486731001.586
0
HO
False
1486731001.634
0
HO
False
1486731001.681
0
HO
False
1486731001.773
0
HO
False
1486731001.813
0
HO
False
1486731001.861
0
HO
False
1486731001.906
0
HO
False
1486731001.923
0
HO
False
1486731001.957
0
HO
False
1486731001.998
0
HO
False
1486731002.37
0
HO
False
1486731002.75
0
HO
False
1486731002.114
0
HO
False
1486731002.152
0
HO
False
1486731002.190
0
HO
False
1486731002.228
0
HO
False
1486731002.266
0
HO
False
1486731002.305
0
HO
False
1486731002.347
0
HO
False
1486731002.384
0
HO
False
1486731002.421
0
HO
False
1486731002.459
0
HO
False
1486731002.499
0
HO
False
1486731002.691
0
HO
False
1486731002.730
0
HO
False
1486731002.769
0
HO
False
1486731002.807
0
HO
False
1486731002.849
0
HO
False
1486731002.885
0
HO
False
1486731002.922
0
HO
False
1486731002.962
0
HO
False
1486731002.999
0
HO
False
1486731003.39
0
HO
False
1486731003.77
0
HO
False
1486731003.115
0
HO
False
1486731003.156
0
HO
False
1486731003.192
0
HO
False
1486731003.231
0
HO
False
1486731003.270
0
HO
False
1486731003.308
0
HO
False
1486731003.349
0
HO
False
1486731003.391
0
HO
False
1486731003.424
0
HO
False
1486731003.462
0
HO
False
1486731003.500
0
HO
False
1486731003.539
0
HO
False
1486731003.577
0
HO
False
1486731003.617
0
HO
False
1486731003.657
0
HO
False
1486731003.694
0
HO
False
1486731003.736
0
HO
False
1486731003.773
0
HO
False
1486731003.809
0
HO
False
1486731003.851
0
HO
False
1486731003.886
0
HO
False
1486731003.925
0
HO
False
1486731003.962
0
HO
False
1486731004.2
0
HO
False
1486731004.40
0
HO
False
1486731004.79
0
HO
False
1486731004.117
0
HO
False
1486731004.158
0
HO
False
1486731004.195
0
HO
False
1486731004.234
0
HO
False
1486731004.271
0
HO
False
1486731004.311
0
HO
False
1486731004.352
0
HO
False
1486731004.386
0
HO
False
1486731004.426
0
HO
False
1486731004.466
0
HO
False
1486731004.503
0
HO
False
1486731004.544
0
HO
False
1486731004.579
0
HO
False
1486731004.620
0
HO
False
1486731004.660
0
HO
False
1486731004.695
0
HO
False
1486731004.733
0
HO
False
1486731004.774
0
HO
False
1486731004.811
0
HO
False
1486731004.850
0
HO
False
1486731004.896
0
HO
False
1486731004.929
0
HO
False
1486731004.966
0
HO
False
1486731005.4
0
HO
False
1486731005.44
0
HO
False
1486731005.83
0
HO
False
1486731005.121
0
HO
False
1486731005.159
0
HO
False
1486731005.196
0
HO
False
1486731005.234
0
HO
False
1486731005.274
0
HO
False
1486731005.313
0
HO
False
1486731005.351
0
HO
False
1486731005.389
0
HO
False
1486731005.428
0
HO
False
1486731005.468
0
HO
False
1486731005.505
0
HO
False
1486731005.544
0
HO
False
1486731005.582
0
HO
False
1486731005.623
0
HO
False
1486731005.661
0
HO
False
1486731005.697
0
HO
False
1486731005.737
0
HO
False
1486731005.776
0
HO
False
1486731005.813
0
HO
False
1486731005.853
0
HO
False
1486731005.889
0
HO
False
1486731005.929
0
HO
False
1486731005.968
0
HO
False
1486731006.5
0
HO
False
1486731006.44
0
HO
False
1486731006.82
0
HO
False
1486731006.122
0
HO
False
1486731006.159
0
HO
False
1486731006.199
0
HO
False
1486731006.239
0
HO
False
1486731006.277
0
HO
False
1486731006.314
0
HO
False
1486731006.354
0
HO
False
1486731006.398
0
HO
False
1486731006.428
0
HO
False
1486731006.470
0
HO
False
1486731006.508
0
HO
False
1486731006.546
0
HO
False
1486731006.584
0
HO
False
1486731006.623
0
HO
False
1486731006.660
0
HO
False
1486731006.701
0
HO
False
1486731006.738
0
HO
False
1486731006.777
0
HO
False
1486731006.815
0
HO
False
1486731006.854
0
HO
False
1486731006.892
0
HO
False
1486731006.932
0
HO
False
1486731006.972
0
HO
False
1486731007.7
0
HO
False
1486731007.47
0
HO
False
1486731007.86
0
HO
False
1486731007.123
0
HO
False
1486731007.164
0
HO
False
1486731007.200
0
HO
False
1486731007.238
0
HO
False
1486731007.279
0
HO
False
1486731007.316
0
HO
False
1486731007.356
0
HO
False
1486731007.393
0
HO
False
1486731007.432
0
HO
False
1486731007.473
0
HO
False
1486731007.509
0
HO
False
1486731007.548
0
HO
False
1486731007.586
0
HO
False
1486731007.626
0
HO
False
1486731007.665
0
HO
False
1486731007.703
0
HO
False
1486731007.740
0
HO
False
1486731007.778
0
HO
False
1486731007.816
0
HO
False
1486731007.856
0
HO
False
1486731007.903
0
HO
False
1486731007.935
0
HO
False
1486731007.973
0
HO
False
1486731008.10
0
HO
False
1486731008.48
0
HO
False
1486731008.87
0
HO
False
1486731008.125
0
HO
False
1486731008.166
0
HO
False
1486731008.203
0
HO
False
1486731008.242
0
HO
False
1486731008.279
0
HO
False
1486731008.319
0
HO
False
1486731008.357
0
HO
False
1486731008.396
0
HO
False
1486731008.434
0
HO
False
1486731008.475
0
HO
False
1486731008.510
0
HO
False
1486731008.549
0
HO
False
1486731008.587
0
HO
False
1486731008.627
0
HO
False
1486731008.666
0
HO
False
1486731008.705
0
HO
False
1486731008.741
0
HO
False
1486731008.780
0
HO
False
1486731008.819
0
HO
False
1486731008.858
0
HO
False
1486731008.897
0
HO
False
1486731008.935
0
HO
False
1486731008.975
0
HO
False
1486731009.12
0
HO
False
1486731009.50
0
HO
False
1486731009.89
0
HO
False
1486731009.128
0
HO
False
1486731009.168
0
HO
False
1486731009.205
0
HO
False
1486731009.243
0
HO
False
1486731009.282
0
HO
False
1486731009.320
0
HO
False
1486731009.361
0
HO
False
1486731009.404
0
HO
False
1486731009.437
0
HO
False
1486731009.475
0
HO
False
1486731009.513
0
HO
False
1486731009.552
0
HO
False
1486731009.590
0
HO
False
1486731009.629
0
HO
False
1486731009.669
0
HO
False
1486731009.706
0
HO
False
1486731009.745
0
HO
False
1486731009.782
0
HO
False
1486731009.821
0
HO
False
1486731009.859
0
HO
False
1486731009.899
0
HO
False
1486731009.938
0
HO
False
1486731009.976
0
HO
False
1486731010.15
0
HO
False
1486731010.54
0
HO
False
1486731010.91
0
HO
False
1486731010.131
0
HO
False
1486731010.170
0
HO
False
1486731010.207
0
HO
False
1486731010.246
0
HO
False
1486731010.283
0
HO
False
1486731010.324
0
HO
False
1486731010.361
0
HO
False
1486731010.420
0
HO
False
1486731010.455
0
HO
False
1486731010.487
0
HO
False
1486731010.515
0
HO
False
1486731010.556
0
HO
False
1486731010.593
0
HO
False
1486731010.631
0
HO
False
1486731010.671
0
HO
False
1486731010.708
0
HO
False
1486731010.746
0
HO
False
1486731010.785
0
HO
False
1486731010.823
0
HO
False
1486731010.861
0
HO
False
1486731010.904
0
HO
False
1486731010.940
0
HO
False
1486731010.978
0
HO
False
1486731011.16
0
HO
False
1486731011.55
0
HO
False
1486731011.93
0
HO
False
1486731011.131
0
HO
False
1486731011.171
0
HO
False
1486731011.217
0
HO
False
1486731011.252
0
HO
False
1486731011.288
0
HO
False
1486731011.332
0
HO
False
1486731011.367
0
HO
False
1486731011.401
0
HO
False
1486731011.441
0
HO
False
1486731011.479
0
HO
False
1486731011.519
0
HO
False
1486731011.556
0
HO
False
1486731011.594
0
HO
False
1486731011.633
0
HO
False
1486731011.672
0
HO
False
1486731011.710
0
HO
False
1486731011.749
0
HO
False
1486731011.787
0
HO
False
1486731011.825
0
HO
False
1486731011.864
0
HO
False
1486731011.904
0
HO
False
1486731011.942
0
HO
False
1486731011.979
0
HO
False
1486731012.19
0
HO
False
1486731012.58
0
HO
False
1486731012.96
0
HO
False
1486731012.134
0
HO
False
1486731012.174
0
HO
False
1486731012.210
0
HO
False
1486731012.250
0
HO
False
1486731012.288
0
HO
False
1486731012.327
0
HO
False
1486731012.365
0
HO
False
1486731012.406
0
HO
False
1486731012.442
0
HO
False
1486731012.481
0
HO
False
1486731012.520
0
HO
False
1486731012.558
0
HO
False
1486731012.596
0
HO
False
1486731012.635
0
HO
False
1486731012.673
0
HO
False
1486731012.711
0
HO
False
1486731012.752
0
HO
False
1486731012.788
0
HO
False
1486731012.827
0
HO
False
1486731012.866
0
HO
False
1486731012.906
0
HO
False
1486731012.943
0
HO
False
1486731012.983
0
HO
False
1486731013.21
0
HO
False
1486731013.59
0
HO
False
1486731013.97
0
HO
False
1486731013.136
0
HO
False
1486731013.175
0
HO
False
1486731013.214
0
HO
False
1486731013.253
0
HO
False
1486731013.291
0
HO
False
1486731013.329
0
HO
False
1486731013.368
0
HO
False
1486731013.406
0
HO
False
1486731013.446
0
HO
False
1486731013.485
0
HO
False
1486731013.522
0
HO
False
1486731013.561
0
HO
False
1486731013.598
0
HO
False
1486731013.637
0
HO
False
1486731013.676
0
HO
False
1486731013.714
0
HO
False
1486731013.753
0
HO
False
1486731013.792
0
HO
False
1486731013.830
0
HO
False
1486731013.868
0
HO
False
1486731013.910
0
HO
False
1486731013.946
0
HO
False
1486731013.984
0
HO
False
1486731014.177
0
HO
False
1486731014.216
0
HO
False
1486731014.255
0
HO
False
1486731014.293
0
HO
False
1486731014.331
0
HO
False
1486731014.369
0
HO
False
1486731014.422
0
HO
False
1486731014.463
0
HO
False
1486731014.482
0
HO
False
1486731014.525
0
HO
False
1486731014.562
0
HO
False
1486731014.602
0
HO
False
1486731014.639
0
HO
False
1486731014.678
0
HO
False
1486731014.716
0
HO
False
1486731014.754
0
HO
False
1486731014.793
0
HO
False
1486731014.832
0
HO
False
1486731014.870
0
HO
False
1486731014.908
0
HO
False
1486731014.948
0
HO
False
1486731014.987
0
HO
False
1486731015.26
0
HO
False
1486731015.64
0
HO
False
1486731015.104
0
HO
False
1486731015.143
0
HO
False
1486731015.178
0
HO
False
1486731015.218
0
HO
False
1486731015.256
0
HO
False
1486731015.296
0
HO
False
1486731015.333
0
HO
False
1486731015.372
0
HO
False
1486731015.410
0
HO
False
1486731015.448
0
HO
False
1486731015.487
0
HO
False
1486731015.527
0
HO
False
1486731015.563
0
HO
False
1486731015.604
0
HO
False
1486731015.641
0
HO
False
1486731015.680
0
HO
False
1486731015.719
0
HO
False
1486731015.756
0
HO
False
1486731015.795
0
HO
False
1486731015.835
0
HO
False
1486731015.873
0
HO
False
1486731015.911
0
HO
False
1486731015.949
0
HO
False
1486731015.989
0
HO
False
1486731016.27
0
HO
False
1486731016.73
0
HO
False
1486731016.106
0
HO
False
1486731016.143
0
HO
False
1486731016.183
0
HO
False
1486731016.219
0
HO
False
1486731016.258
0
HO
False
1486731016.297
0
HO
False
1486731016.335
0
HO
False
1486731016.381
0
HO
False
1486731016.422
0
HO
False
1486731016.450
0
HO
False
1486731016.489
0
HO
False
1486731016.528
0
HO
False
1486731016.567
0
HO
False
1486731016.604
0
HO
False
1486731016.643
0
HO
False
1486731016.682
0
HO
False
1486731016.720
0
HO
False
1486731016.760
0
HO
False
1486731016.796
0
HO
False
1486731016.850
0
HO
False
1486731016.961
0
HO
False
1486731017.79
0
HO
False
1486731017.191
0
HO
False
1486731017.302
0
HO
False
1486731017.358
0
HO
False
1486731017.397
0
HO
False
1486731017.493
0
HO
False
1486731017.543
0
HO
False
1486731017.651
0
HO
False
1486731017.711
0
HO
False
1486731017.744
0
HO
False
1486731017.776
0
HO
False
1486731017.816
0
HO
False
1486731017.852
0
HO
False
1486731017.902
0
HO
False
1486731017.940
0
HO
False
1486731018.51
0
HO
False
1486731018.148
0
HO
False
1486731018.195
0
HO
False
1486731018.230
0
HO
False
1486731018.263
0
HO
False
1486731018.301
0
HO
False
1486731018.340
49
HA
True
1486731018.377
49
HA
True
1486731018.416
49
HA
True
1486731018.455
50
HA
True
1486731018.493
50
HA
True
1486731018.533
50
HA
True
1486731018.571
49
HA
True
1486731018.609
49
HA
True
1486731018.648
49
HA
True
1486731018.687
44
HB
True
1486731018.725
44
HB
True
1486731018.766
44
HB
True
1486731018.803
43
HB
True
1486731018.840
43
HB
True
1486731018.878
43
HB
True
1486731018.917
19
HB
True
1486731018.955
19
HB
True
1486731018.994
19
HB
True
1486731019.33
0
HO
False
1486731019.72
0
HO
False
1486731019.110
0
HO
False
1486731019.149
0
HO
False
1486731019.187
0
HO
False
1486731019.225
0
HO
False
1486731019.265
0
HO
False
1486731019.304
0
HO
False
1486731019.341
0
HO
False
1486731019.380
0
HO
False
1486731019.419
0
HO
False
1486731019.457
0
HO
False
1486731019.496
0
HO
False
1486731019.535
0
HO
False
1486731019.575
0
HO
False
1486731019.612
0
HO
False
1486731019.650
0
HO
False
1486731019.689
0
HO
False
1486731019.727
0
HO
False
1486731019.766
0
HO
False
1486731019.804
0
HO
False
1486731019.843
0
HO
False
1486731019.881
0
HO
False
1486731019.920
0
HO
False
1486731019.958
0
HO
False
1486731020.5
0
HO
False
1486731020.45
0
HO
False
1486731020.76
0
HO
False
1486731020.111
0
HO
False
1486731020.153
0
HO
False
1486731020.189
0
HO
False
1486731020.229
0
HO
False
1486731020.268
0
HO
False
1486731020.305
0
HO
False
1486731020.343
0
HO
False
1486731020.391
0
HO
False
1486731020.419
0
HO
False
1486731020.468
0
HO
False
1486731020.501
0
HO
False
1486731020.536
0
HO
False
1486731020.577
0
HO
False
1486731020.614
0
HO
False
1486731020.653
0
HO
False
1486731020.690
0
HO
False
1486731020.732
0
HO
False
1486731020.772
0
HO
False
1486731020.826
0
HO
False
1486731020.928
0
HO
False
1486731020.964
0
HO
False
1486731021.18
0
HO
False
1486731021.192
0
HO
False
1486731021.231
0
HO
False
1486731021.271
0
HO
False
1486731021.308
0
HO
False
1486731021.346
0
HO
False
1486731021.384
0
HO
False
1486731021.431
0
HO
False
1486731021.466
0
HO
False
1486731021.499
0
HO
False
1486731021.538
0
HO
False
1486731021.580
0
HO
False
1486731021.615
0
HO
False
1486731021.655
0
HO
False
1486731021.694
0
HO
False
1486731021.731
0
HO
False
1486731021.772
0
HO
False
1486731021.809
0
HO
False
1486731021.864
0
HO
False
1486731021.891
0
HO
False
1486731021.926
0
HO
False
1486731021.963
0
HO
False
1486731022.82
0
HO
False
1486731022.115
0
HO
False
1486731022.169
0
HO
False
1486731022.221
0
HO
False
1486731022.255
0
HO
False
1486731022.281
0
HO
False
1486731022.313
0
HO
False
1486731022.352
0
HO
False
1486731022.392
0
HO
False
1486731022.428
0
HO
False
1486731022.464
0
HO
False
1486731022.502
0
HO
False
1486731022.539
0
HO
False
1486731022.582
0
HO
False
1486731022.618
0
HO
False
1486731022.656
0
HO
False
1486731022.695
0
HO
False
1486731022.734
0
HO
False
1486731022.774
0
HO
False
1486731022.811
0
HO
False
1486731022.849
0
HO
False
1486731022.887
0
HO
False
1486731022.931
0
HO
False
1486731023.42
0
HO
False
1486731023.82
0
HO
False
1486731023.119
0
HO
False
1486731023.157
0
HO
False
1486731023.196
0
HO
False
1486731023.235
0
HO
False
1486731023.274
0
HO
False
1486731023.311
0
HO
False
1486731023.349
0
HO
False
1486731023.387
0
HO
False
1486731023.427
0
HO
False
1486731023.466
0
HO
False
1486731023.504
0
HO
False
1486731023.543
0
HO
False
1486731023.584
0
HO
False
1486731023.620
0
HO
False
1486731023.658
0
HO
False
1486731023.696
0
HO
False
1486731023.736
0
HO
False
1486731023.773
0
HO
False
1486731023.815
0
HO
False
1486731023.850
0
HO
False
1486731023.891
0
HO
False
1486731023.928
0
HO
False
1486731023.966
0
HO
False
1486731024.5
0
HO
False
1486731024.44
0
HO
False
1486731024.84
0
HO
False
1486731024.122
0
HO
False
1486731024.160
0
HO
False
1486731024.198
0
HO
False
1486731024.237
0
HO
False
1486731024.274
0
HO
False
1486731024.314
0
HO
False
1486731024.353
0
HO
False
1486731024.391
0
HO
False
1486731024.435
0
HO
False
1486731024.467
0
HO
False
1486731024.507
0
HO
False
1486731024.546
0
HO
False
1486731024.584
0
HO
False
1486731024.622
0
HO
False
1486731024.662
0
HO
False
1486731024.701
0
HO
False
1486731024.738
0
HO
False
1486731024.776
0
HO
False
1486731024.815
0
HO
False
1486731024.854
0
HO
False
1486731024.893
0
HO
False
1486731024.930
47
HB
True
1486731024.969
47
HB
True
1486731025.8
47
HB
True
1486731025.47
43
HB
True
1486731025.86
43
HB
True
1486731025.124
43
HB
True
1486731025.161
43
HO
True
1486731025.200
43
HO
True
1486731025.240
43
HO
True
1486731025.278
43
HA
True
1486731025.317
43
HA
True
1486731025.355
43
HA
True
1486731025.396
0
HO
False
1486731025.432
0
HO
False
1486731025.471
0
HO
False
1486731025.508
0
HO
False
1486731025.547
0
HO
False
1486731025.587
0
HO
False
1486731025.623
0
HO
False
1486731025.663
0
HO
False
1486731025.703
0
HO
False
1486731025.740
0
HO
False
1486731025.777
0
HO
False
1486731025.816
0
HO
False
1486731025.857
0
HO
False
1486731025.895
0
HO
False
1486731025.938
0
HO
False
1486731025.972
0
HO
False
1486731026.9
0
HO
False
1486731026.50
0
HO
False
1486731026.88
0
HO
False
1486731026.125
0
HO
False
1486731026.163
0
HO
False
1486731026.202
0
HO
False
1486731026.240
0
HO
False
1486731026.280
0
HO
False
1486731026.317
0
HO
False
1486731026.356
0
HO
False
1486731026.396
0
HO
False
1486731026.450
0
HO
False
1486731026.548
0
HO
False
1486731026.589
0
HO
False
1486731026.642
0
HO
False
1486731026.692
0
HO
False
1486731026.720
0
HO
False
1486731026.747
0
HO
False
1486731026.786
0
HO
False
1486731026.820
0
HO
False
1486731026.860
0
HO
False
1486731026.899
0
HO
False
1486731026.935
0
HO
False
1486731026.973
0
HO
False
1486731027.12
0
HO
False
1486731027.51
0
HO
False
1486731027.91
0
HO
False
1486731027.128
0
HO
False
1486731027.166
0
HO
False
1486731027.218
0
HO
False
1486731027.249
0
HO
False
1486731027.285
0
HO
False
1486731027.320
0
HO
False
1486731027.359
0
HO
False
1486731027.400
0
HO
False
1486731027.442
0
HO
False
1486731027.475
0
HO
False
1486731027.513
0
HO
False
1486731027.552
0
HO
False
1486731027.592
0
HO
False
1486731027.627
0
HO
False
1486731027.667
0
HO
False
1486731027.705
0
HO
False
1486731027.743
0
HO
False
1486731027.783
0
HO
False
1486731027.821
0
HO
False
1486731027.859
0
HO
False
1486731027.901
0
HO
False
1486731027.937
0
HO
False
1486731027.975
0
HO
False
1486731028.40
0
HO
False
1486731028.129
0
HO
False
1486731028.168
0
HO
False
1486731028.221
0
HO
False
1486731028.323
0
HO
False
1486731028.361
0
HO
False
1486731028.401
0
HO
False
1486731028.438
0
HO
False
1486731028.477
0
HO
False
1486731028.514
0
HO
False
1486731028.554
0
HO
False
1486731028.594
0
HO
False
1486731028.711
0
HO
False
1486731028.748
0
HO
False
1486731029.864
41
HB
True
1486731029.904
0
HO
False
1486731029.940
0
HO
False
1486731029.981
0
HO
False
1486731030.18
0
HO
False
1486731030.56
0
HO
False
1486731030.95
0
HO
False
1486731030.132
0
HO
False
1486731030.171
0
HO
False
1486731030.214
0
HO
False
1486731030.249
0
HO
False
1486731030.287
0
HO
False
1486731030.326
0
HO
False
1486731030.364
0
HO
False
1486731030.416
0
HO
False
1486731030.469
0
HO
False
1486731030.501
0
HO
False
1486731030.531
0
HO
False
1486731030.557
0
HO
False
1486731030.601
0
HO
False
1486731030.633
0
HO
False
1486731030.673
0
HO
False
1486731030.713
0
HO
False
1486731030.750
0
HO
False
1486731030.788
0
HO
False
1486731030.829
0
HO
False
1486731030.866
0
HO
False
1486731030.905
0
HO
False
1486731030.942
0
HO
False
1486731030.981
0
HO
False
1486731031.20
0
HO
False
1486731031.58
0
HO
False
1486731031.98
0
HO
False
1486731031.136
0
HO
False
1486731031.174
0
HO
False
1486731031.215
0
HO
False
1486731031.251
0
HO
False
1486731031.291
0
HO
False
1486731031.328
0
HO
False
1486731031.366
0
HO
False
1486731031.407
0
HO
False
1486731031.444
0
HO
False
1486731031.482
0
HO
False
1486731031.522
0
HO
False
1486731031.559
0
HO
False
1486731031.597
0
HO
False
1486731031.637
0
HO
False
1486731031.675
0
HO
False
1486731031.715
0
HO
False
1486731031.753
0
HO
False
1486731031.790
0
HO
False
1486731031.829
0
HO
False
1486731031.868
0
HO
False
1486731031.907
0
HO
False
1486731031.952
0
HO
False
1486731031.985
0
HO
False
1486731032.23
0
HO
False
1486731032.61
0
HO
False
1486731032.125
0
HO
False
1486731032.171
0
HO
False
1486731032.187
0
HO
False
1486731032.224
0
HO
False
1486731032.257
0
HO
False
1486731032.316
0
HO
False
1486731032.356
0
HO
False
1486731032.386
0
HO
False
1486731032.408
0
HO
False
1486731032.449
0
HO
False
1486731032.485
0
HO
False
1486731032.524
0
HO
False
1486731032.562
0
HO
False
1486731032.599
0
HO
False
1486731032.639
0
HO
False
1486731032.678
0
HO
False
1486731032.717
0
HO
False
1486731032.755
0
HO
False
1486731032.792
0
HO
False
1486731032.832
0
HO
False
1486731032.869
0
HO
False
1486731032.908
0
HO
False
1486731032.947
0
HO
False
1486731032.986
0
HO
False
1486731033.25
0
HO
False
1486731033.63
0
HO
False
1486731033.101
0
HO
False
1486731033.139
0
HO
False
1486731033.178
0
HO
False
1486731033.220
0
HO
False
1486731033.256
0
HO
False
1486731033.293
0
HO
False
1486731033.333
0
HO
False
1486731033.393
0
HO
False
1486731033.487
0
HO
False
1486731033.526
0
HO
False
1486731033.564
0
HO
False
1486731033.625
0
HO
False
1486731033.720
0
HO
False
1486731033.757
0
HO
False
1486731033.795
0
HO
False
1486731033.833
0
HO
False
1486731033.871
0
HO
False
1486731033.911
0
HO
False
1486731033.950
0
HO
False
1486731033.987
0
HO
False
1486731034.27
0
HO
False
1486731034.65
0
HO
False
1486731034.104
0
HO
False
1486731034.142
0
HO
False
1486731034.180
0
HO
False
1486731034.220
0
HO
False
1486731034.256
0
HO
False
1486731034.296
0
HO
False
1486731034.335
0
HO
False
1486731034.372
0
HO
False
1486731034.412
0
HO
False
1486731034.450
0
HO
False
1486731034.489
0
HO
False
1486731034.529
0
HO
False
1486731034.566
0
HO
False
1486731034.605
0
HO
False
1486731034.642
0
HO
False
1486731034.681
0
HO
False
1486731034.721
0
HO
False
1486731034.758
0
HO
False
1486731034.798
0
HO
False
1486731034.836
0
HO
False
1486731034.874
0
HO
False
1486731034.912
0
HO
False
1486731034.957
0
HO
False
1486731034.988
0
HO
False
1486731035.31
0
HO
False
1486731035.67
0
HO
False
1486731035.105
0
HO
False
1486731035.144
0
HO
False
1486731035.182
0
HO
False
1486731035.223
0
HO
False
1486731035.260
0
HO
False
1486731035.298
0
HO
False
1486731035.337
0
HO
False
1486731035.374
0
HO
False
1486731035.416
0
HO
False
1486731035.452
0
HO
False
1486731035.492
0
HO
False
1486731035.531
0
HO
False
1486731035.569
0
HO
False
1486731035.606
0
HO
False
1486731035.645
0
HO
False
1486731035.683
0
HO
False
1486731035.724
0
HO
False
1486731035.761
0
HO
False
1486731035.799
0
HO
False
1486731035.837
0
HO
False
1486731035.876
0
HO
False
1486731035.915
0
HO
False
1486731035.954
0
HO
False
1486731035.992
0
HO
False
1486731036.31
0
HO
False
1486731036.69
0
HO
False
1486731036.108
0
HO
False
1486731036.147
0
HO
False
1486731036.186
0
HO
False
1486731036.225
0
HO
False
1486731036.262
45
HB
True
1486731036.301
45
HB
True
1486731036.340
45
HB
True
1486731036.377
40
HO
True
1486731036.415
40
HO
True
1486731036.461
40
HO
True
1486731036.493
41
HA
True
1486731036.534
41
HA
True
1486731036.571
41
HA
True
1486731036.608
50
HA
True
1486731036.647
50
HA
True
1486731036.685
50
HA
True
1486731036.728
0
HO
False
1486731036.763
0
HO
False
1486731036.801
0
HO
False
1486731036.838
0
HO
False
1486731036.878
0
HO
False
1486731036.918
0
HO
False
1486731036.954
0
HO
False
1486731036.994
0
HO
False
1486731037.33
0
HO
False
1486731037.71
0
HO
False
1486731037.109
0
HO
False
1486731037.148
0
HO
False
1486731037.187
0
HO
False
1486731037.226
0
HO
False
1486731037.263
0
HO
False
1486731037.302
0
HO
False
1486731037.342
0
HO
False
1486731037.380
0
HO
False
1486731037.417
0
HO
False
1486731037.456
0
HO
False
1486731037.495
0
HO
False
1486731037.534
0
HO
False
1486731037.573
0
HO
False
1486731037.610
0
HO
False
1486731037.651
0
HO
False
1486731037.688
0
HO
False
1486731037.729
0
HO
False
1486731037.787
0
HO
False
1486731037.880
0
HO
False
1486731037.918
0
HO
False
1486731037.971
0
HO
False
1486731038.73
0
HO
False
1486731038.111
0
HO
False
1486731038.151
0
HO
False
1486731038.188
0
HO
False
1486731038.228
0
HO
False
1486731038.265
0
HO
False
1486731038.304
0
HO
False
1486731038.343
0
HO
False
1486731038.382
0
HO
False
1486731038.421
0
HO
False
1486731038.460
0
HO
False
1486731038.497
0
HO
False
1486731038.537
0
HO
False
1486731038.574
0
HO
False
1486731038.614
0
HO
False
1486731038.652
0
HO
False
1486731038.690
0
HO
False
1486731038.729
0
HO
False
1486731038.766
0
HO
False
1486731038.806
0
HO
False
1486731038.844
0
HO
False
1486731038.883
0
HO
False
1486731038.921
0
HO
False
1486731038.958
0
HO
False
1486731038.998
0
HO
False
1486731039.40
0
HO
False
1486731039.75
0
HO
False
1486731039.114
0
HO
False
1486731039.153
0
HO
False
1486731039.191
0
HO
False
1486731039.231
0
HO
False
1486731039.269
0
HO
False
1486731039.321
0
HO
False
1486731039.422
0
HO
False
1486731039.464
0
HO
False
1486731039.508
0
HO
False
1486731039.565
0
HO
False
1486731039.602
0
HO
False
1486731039.632
0
HO
False
1486731039.658
0
HO
False
1486731039.694
0
HO
False
1486731039.732
0
HO
False
1486731039.769
0
HO
False
1486731039.810
0
HO
False
1486731039.845
0
HO
False
1486731039.884
0
HO
False
1486731039.923
0
HO
False
1486731039.962
0
HO
False
1486731040.0
0
HO
False
1486731040.41
0
HO
False
1486731040.76
0
HO
False
1486731040.115
0
HO
False
1486731040.154
0
HO
False
1486731040.193
0
HO
False
1486731040.233
0
HO
False
1486731040.270
0
HO
False
1486731040.309
0
HO
False
1486731040.346
0
HO
False
1486731040.405
0
HO
False
1486731040.446
0
HO
False
1486731040.479
0
HO
False
1486731040.511
0
HO
False
1486731040.539
0
HO
False
1486731040.577
0
HO
False
1486731040.616
0
HO
False
1486731040.655
0
HO
False
1486731040.693
0
HO
False
1486731040.735
0
HO
False
1486731040.771
0
HO
False
1486731040.810
0
HO
False
1486731040.848
0
HO
False
1486731040.887
49
HA
True
1486731040.927
49
HA
True
1486731040.966
49
HA
True
1486731041.3
50
HA
True
1486731041.41
50
HA
True
1486731041.80
50
HA
True
1486731041.118
48
HA
True
1486731041.156
48
HA
True
1486731041.195
48
HA
True
1486731041.236
42
HB
True
1486731041.272
42
HB
True
1486731041.311
42
HB
True
1486731041.348
0
HO
False
1486731041.387
0
HO
False
1486731041.428
0
HO
False
1486731041.466
18
HB
True
1486731041.503
18
HB
True
1486731041.542
18
HB
True
1486731041.580
0
HO
False
1486731041.620
0
HO
False
1486731041.657
0
HO
False
1486731041.696
0
HO
False
1486731041.736
0
HO
False
1486731041.773
0
HO
False
1486731041.812
0
HO
False
1486731041.851
0
HO
False
1486731041.889
0
HO
False
1486731041.928
0
HO
False
1486731041.966
0
HO
False
1486731042.4
0
HO
False
1486731042.43
0
HO
False
1486731042.81
0
HO
False
1486731042.120
0
HO
False
1486731042.158
0
HO
False
1486731042.198
0
HO
False
1486731042.237
0
HO
False
1486731042.273
0
HO
False
1486731042.312
0
HO
False
1486731042.351
0
HO
False
1486731042.389
0
HO
False
1486731042.431
0
HO
False
1486731042.468
0
HO
False
1486731042.505
0
HO
False
1486731042.543
0
HO
False
1486731042.582
0
HO
False
1486731042.621
0
HO
False
1486731042.660
0
HO
False
1486731042.699
0
HO
False
1486731042.739
0
HO
False
1486731042.774
0
HO
False
1486731042.813
0
HO
False
1486731042.853
0
HO
False
1486731042.891
0
HO
False
1486731042.930
0
HO
False
1486731042.968
0
HO
False
1486731043.6
0
HO
False
1486731043.51
0
HO
False
1486731043.87
0
HO
False
1486731043.124
0
HO
False
1486731043.160
0
HO
False
1486731043.199
0
HO
False
1486731043.240
0
HO
False
1486731043.275
0
HO
False
1486731043.316
0
HO
False
1486731043.367
0
HO
False
1486731043.414
0
HO
False
1486731043.452
0
HO
False
1486731043.471
0
HO
False
1486731043.510
0
HO
False
1486731043.549
0
HO
False
1486731043.584
0
HO
False
1486731043.622
0
HO
False
1486731043.662
0
HO
False
1486731043.701
0
HO
False
1486731043.740
0
HO
False
1486731043.800
0
HO
False
1486731043.896
0
HO
False
1486731043.953
0
HO
False
1486731044.47
0
HO
False
1486731044.85
0
HO
False
1486731044.124
0
HO
False
1486731044.163
0
HO
False
1486731044.202
0
HO
False
1486731044.241
0
HO
False
1486731044.278
0
HO
False
1486731044.318
0
HO
False
1486731044.355
0
HO
False
1486731044.401
0
HO
False
1486731044.461
0
HO
False
1486731044.497
0
HO
False
1486731044.523
0
HO
False
1486731044.553
0
HO
False
1486731044.589
0
HO
False
1486731044.625
0
HO
False
1486731044.663
0
HO
False
1486731044.702
0
HO
False
1486731044.743
0
HO
False
1486731044.779
0
HO
False
1486731044.818
0
HO
False
1486731044.856
0
HO
False
1486731044.894
0
HO
False
1486731044.938
0
HO
False
1486731044.976
0
HO
False
1486731045.11
0
HO
False
1486731045.49
0
HO
False
1486731045.88
0
HO
False
1486731045.126
0
HO
False
1486731045.320
0
HO
False
1486731045.373
0
HO
False
1486731045.424
0
HO
False
1486731045.511
0
HO
False
1486731045.552
0
HO
False
1486731045.588
0
HO
False
1486731045.626
0
HO
False
1486731045.666
0
HO
False
1486731045.704
0
HO
False
1486731045.745
0
HO
False
1486731045.781
0
HO
False
1486731045.820
0
HO
False
1486731045.858
0
HO
False
1486731045.897
0
HO
False
1486731045.936
0
HO
False
1486731045.973
0
HO
False
1486731046.13
0
HO
False
1486731046.52
0
HO
False
1486731046.89
0
HO
False
1486731046.129
0
HO
False
1486731046.166
0
HO
False
1486731046.206
0
HO
False
1486731046.245
0
HO
False
1486731046.282
0
HO
False
1486731046.321
0
HO
False
1486731046.363
0
HO
False
1486731046.406
0
HO
False
1486731046.455
0
HO
False
1486731046.494
0
HO
False
1486731046.524
0
HO
False
1486731046.552
0
HO
False
1486731046.593
0
HO
False
1486731046.630
0
HO
False
1486731046.668
0
HO
False
1486731046.707
0
HO
False
1486731046.748
0
HO
False
1486731046.783
0
HO
False
1486731046.821
0
HO
False
1486731046.860
0
HO
False
1486731046.899
0
HO
False
1486731046.942
0
HO
False
1486731046.982
0
HO
False
1486731047.13
0
HO
False
1486731047.56
0
HO
False
1486731047.92
0
HO
False
1486731047.131
0
HO
False
1486731047.169
0
HO
False
1486731047.208
0
HO
False
1486731047.248
0
HO
False
1486731047.284
0
HO
False
1486731047.324
0
HO
False
1486731047.363
0
HO
False
1486731047.400
0
HO
False
1486731047.438
0
HO
False
1486731047.477
0
HO
False
1486731047.516
0
HO
False
1486731047.556
0
HO
False
1486731047.593
48
HB
True
1486731047.632
48
HB
True
1486731047.670
48
HB
True
1486731047.709
45
HB
True
1486731047.748
45
HB
True
1486731047.785
45
HB
True
1486731047.824
40
HA
True
1486731047.862
40
HA
True
1486731047.901
40
HA
True
1486731047.940
40
HA
True
1486731047.978
40
HA
True
1486731048.17
40
HA
True
1486731048.57
0
HO
False
1486731048.94
0
HO
False
1486731048.132
0
HO
False
1486731048.170
0
HO
False
1486731048.212
0
HO
False
1486731048.249
0
HO
False
1486731048.287
0
HO
False
1486731048.325
0
HO
False
1486731048.363
0
HO
False
1486731048.402
0
HO
False
1486731048.441
0
HO
False
1486731048.479
0
HO
False
1486731048.521
0
HO
False
1486731048.559
0
HO
False
1486731048.598
0
HO
False
1486731048.634
0
HO
False
1486731048.672
0
HO
False
1486731048.711
0
HO
False
1486731048.750
0
HO
False
1486731048.787
0
HO
False
1486731048.828
0
HO
False
1486731048.868
0
HO
False
1486731048.906
0
HO
False
1486731048.942
0
HO
False
1486731048.980
0
HO
False
1486731049.19
0
HO
False
1486731049.58
0
HO
False
1486731049.97
0
HO
False
1486731049.135
0
HO
False
1486731049.173
0
HO
False
1486731049.214
0
HO
False
1486731049.253
0
HO
False
1486731049.289
0
HO
False
1486731049.328
0
HO
False
1486731049.389
0
HO
False
1486731049.481
0
HO
False
1486731049.538
0
HO
False
1486731049.584
0
HO
False
1486731049.608
0
HO
False
1486731049.635
0
HO
False
1486731049.676
0
HO
False
1486731049.712
0
HO
False
1486731049.753
0
HO
False
1486731049.790
0
HO
False
1486731049.828
0
HO
False
1486731049.866
0
HO
False
1486731049.906
0
HO
False
1486731049.945
0
HO
False
1486731049.985
0
HO
False
1486731050.21
0
HO
False
1486731050.62
0
HO
False
1486731050.101
0
HO
False
1486731050.140
0
HO
False
1486731050.178
0
HO
False
1486731050.216
0
HO
False
1486731050.258
0
HO
False
1486731050.291
0
HO
False
1486731050.329
0
HO
False
1486731050.368
0
HO
False
1486731050.413
0
HO
False
1486731050.454
0
HO
False
1486731050.489
0
HO
False
1486731050.524
0
HO
False
1486731050.563
0
HO
False
1486731050.598
0
HO
False
1486731050.639
0
HO
False
1486731050.677
0
HO
False
1486731050.714
0
HO
False
1486731050.757
0
HO
False
1486731050.812
0
HO
False
1486731050.862
0
HO
False
1486731050.889
0
HO
False
1486731050.916
0
HO
False
1486731050.944
0
HO
False
1486731050.987
0
HO
False
1486731051.22
0
HO
False
1486731051.84
0
HO
False
1486731051.257
0
HO
False
1486731051.293
0
HO
False
1486731051.332
0
HO
False
1486731051.369
0
HO
False
1486731051.410
0
HO
False
1486731051.450
0
HO
False
1486731051.488
0
HO
False
1486731051.525
0
HO
False
1486731051.566
0
HO
False
1486731051.602
0
HO
False
1486731051.642
0
HO
False
1486731051.679
0
HO
False
1486731051.717
0
HO
False
1486731051.760
0
HO
False
1486731051.794
0
HO
False
1486731051.833
0
HO
False
1486731051.872
0
HO
False
1486731051.909
0
HO
False
1486731051.950
0
HO
False
1486731051.986
0
HO
False
1486731052.26
0
HO
False
1486731052.66
0
HO
False
1486731052.103
49
HA
True
1486731052.141
49
HA
True
1486731052.181
49
HA
True
1486731052.219
51
HA
True
1486731052.258
51
HA
True
1486731052.295
51
HA
True
1486731052.333
48
HO
True
1486731052.372
48
HO
True
1486731052.411
48
HO
True
1486731052.453
41
HB
True
1486731052.487
41
HB
True
1486731052.526
41
HB
True
1486731052.566
0
HO
False
1486731052.604
0
HO
False
1486731052.641
0
HO
False
1486731052.682
0
HO
False
1486731052.719
0
HO
False
1486731052.758
0
HO
False
1486731052.797
0
HO
False
1486731052.835
0
HO
False
1486731052.873
0
HO
False
1486731052.911
0
HO
False
1486731052.950
0
HO
False
1486731052.990
0
HO
False
1486731053.30
0
HO
False
1486731053.69
0
HO
False
1486731053.103
0
HO
False
1486731053.143
0
HO
False
1486731053.182
0
HO
False
1486731053.220
0
HO
False
1486731053.261
0
HO
False
1486731053.297
0
HO
False
1486731053.336
0
HO
False
1486731053.374
0
HO
False
1486731053.413
0
HO
False
1486731053.452
0
HO
False
1486731053.491
0
HO
False
1486731053.527
0
HO
False
1486731053.567
0
HO
False
1486731053.605
0
HO
False
1486731053.644
0
HO
False
1486731053.683
0
HO
False
1486731053.722
0
HO
False
1486731053.761
0
HO
False
1486731053.798
0
HO
False
1486731053.837
0
HO
False
1486731053.877
0
HO
False
1486731053.914
0
HO
False
1486731053.952
0
HO
False
1486731053.994
0
HO
False
1486731054.28
0
HO
False
1486731054.69
0
HO
False
1486731054.106
0
HO
False
1486731054.145
0
HO
False
1486731054.185
0
HO
False
1486731054.223
0
HO
False
1486731054.263
0
HO
False
1486731054.300
0
HO
False
1486731054.337
0
HO
False
1486731054.376
0
HO
False
1486731054.415
0
HO
False
1486731054.453
0
HO
False
1486731054.492
0
HO
False
1486731054.530
0
HO
False
1486731054.570
0
HO
False
1486731054.607
0
HO
False
1486731054.646
0
HO
False
1486731054.685
0
HO
False
1486731054.801
0
HO
False
1486731054.838
0
HO
False
1486731054.877
0
HO
False
1486731054.926
0
HO
False
1486731054.974
0
HO
False
1486731055.2
0
HO
False
1486731055.29
0
HO
False
1486731055.76
0
HO
False
1486731055.111
0
HO
False
1486731055.146
0
HO
False
1486731055.185
0
HO
False
1486731055.224
0
HO
False
1486731055.263
0
HO
False
1486731055.302
0
HO
False
1486731055.340
0
HO
False
1486731055.379
0
HO
False
1486731055.418
0
HO
False
1486731055.456
0
HO
False
1486731055.494
0
HO
False
1486731055.533
0
HO
False
1486731055.572
0
HO
False
1486731055.610
0
HO
False
1486731055.648
0
HO
False
1486731055.686
0
HO
False
1486731055.726
0
HO
False
1486731055.765
0
HO
False
1486731055.803
0
HO
False
1486731055.841
0
HO
False
1486731055.879
0
HO
False
1486731055.918
0
HO
False
1486731055.957
0
HO
False
1486731055.999
0
HO
False
1486731056.111
0
HO
False
1486731056.151
0
HO
False
1486731056.189
0
HO
False
1486731056.234
0
HO
False
1486731056.294
0
HO
False
1486731056.380
0
HO
False
1486731056.418
0
HO
False
1486731056.471
0
HO
False
1486731056.518
0
HO
False
1486731056.552
0
HO
False
1486731056.578
0
HO
False
1486731056.624
0
HO
False
1486731056.727
0
HO
False
1486731056.767
0
HO
False
1486731056.809
0
HO
False
1486731056.842
0
HO
False
1486731056.882
0
HO
False
1486731056.920
0
HO
False
1486731056.958
0
HO
False
1486731056.997
0
HO
False
1486731057.35
0
HO
False
1486731057.79
0
HO
False
1486731057.115
0
HO
False
1486731057.154
0
HO
False
1486731057.196
0
HO
False
1486731057.231
0
HO
False
1486731057.270
0
HO
False
1486731057.305
0
HO
False
1486731057.346
0
HO
False
1486731057.382
0
HO
False
1486731057.421
0
HO
False
1486731057.459
0
HO
False
1486731057.499
0
HO
False
1486731057.535
0
HO
False
1486731057.577
0
HO
False
1486731057.614
0
HO
False
1486731057.656
0
HO
False
1486731057.693
0
HO
False
1486731057.730
0
HO
False
1486731057.770
0
HO
False
1486731057.805
0
HO
False
1486731057.846
0
HO
False
1486731057.883
0
HO
False
1486731057.921
0
HO
False
1486731057.960
0
HO
False
1486731057.999
0
HO
False
1486731058.40
0
HO
False
1486731058.78
0
HO
False
1486731058.115
0
HO
False
1486731058.154
0
HO
False
1486731058.192
0
HO
False
1486731058.231
0
HO
False
1486731058.274
0
HO
False
1486731058.309
0
HO
False
1486731058.347
0
HO
False
1486731058.385
0
HO
False
1486731058.424
0
HO
False
1486731058.462
0
HO
False
1486731058.501
0
HO
False
1486731058.539
0
HO
False
1486731058.578
47
HB
True
1486731058.616
47
HB
True
1486731058.654
47
HB
True
1486731058.693
46
HB
True
1486731058.732
46
HB
True
1486731058.782
46
HB
True
1486731058.807
41
HO
True
1486731058.847
41
HO
True
1486731060.119
0
HO
False
1486731060.180
0
HO
False
1486731060.227
0
HO
False
1486731060.248
0
HO
False
1486731060.271
0
HO
False
1486731060.323
0
HO
False
1486731060.370
0
HO
False
1486731060.486
0
HO
False
1486731060.516
0
HO
False
1486731060.547
0
HO
False
1486731060.582
0
HO
False
1486731060.621
0
HO
False
1486731060.658
0
HO
False
1486731060.697
0
HO
False
1486731060.736
0
HO
False
1486731060.774
0
HO
False
1486731060.812
0
HO
False
1486731060.852
0
HO
False
1486731060.889
0
HO
False
1486731060.928
0
HO
False
1486731060.968
0
HO
False
1486731061.15
0
HO
False
1486731061.57
0
HO
False
1486731061.98
0
HO
False
1486731061.123
0
HO
False
1486731061.160
0
HO
False
1486731061.198
0
HO
False
1486731061.236
0
HO
False
1486731061.274
0
HO
False
1486731061.315
0
HO
False
1486731061.352
0
HO
False
1486731061.390
0
HO
False
1486731061.430
0
HO
False
1486731061.468
0
HO
False
1486731061.507
0
HO
False
1486731061.544
0
HO
False
1486731061.583
0
HO
False
1486731061.624
0
HO
False
1486731061.660
0
HO
False
1486731061.700
0
HO
False
1486731061.737
0
HO
False
1486731061.775
0
HO
False
1486731061.814
0
HO
False
1486731061.871
0
HO
False
1486731061.975
0
HO
False
1486731062.7
0
HO
False
1486731062.45
0
HO
False
1486731062.101
0
HO
False
1486731062.200
0
HO
False
1486731062.238
0
HO
False
1486731062.277
0
HO
False
1486731062.315
0
HO
False
1486731062.355
0
HO
False
1486731062.394
0
HO
False
1486731062.432
0
HO
False
1486731062.470
0
HO
False
1486731062.510
0
HO
False
1486731062.547
0
HO
False
1486731062.586
0
HO
False
1486731062.625
0
HO
False
1486731062.663
0
HO
False
1486731062.703
0
HO
False
1486731062.741
0
HO
False
1486731062.778
0
HO
False
1486731062.818
0
HO
False
1486731062.855
0
HO
False
1486731062.894
0
HO
False
1486731062.933
0
HO
False
1486731062.971
48
HA
True
1486731063.9
48
HA
True
1486731063.47
48
HA
True
1486731063.86
50
HA
True
1486731063.125
50
HA
True
1486731063.164
50
HA
True
1486731063.205
47
HA
True
1486731063.243
47
HA
True
1486731063.280
47
HA
True
1486731063.322
41
HB
True
1486731063.357
41
HB
True
1486731063.396
41
HB
True
1486731063.434
42
HB
True
1486731063.479
42
HB
True
1486731063.511
42
HB
True
1486731063.551
0
HO
False
1486731063.588
0
HO
False
1486731063.627
0
HO
False
1486731063.664
0
HO
False
1486731063.707
0
HO
False
1486731063.742
0
HO
False
1486731063.782
0
HO
False
1486731063.819
0
HO
False
1486731063.857
0
HO
False
1486731063.899
0
HO
False
1486731063.935
0
HO
False
1486731063.974
0
HO
False
1486731064.12
0
HO
False
1486731064.50
0
HO
False
1486731064.88
0
HO
False
1486731064.127
0
HO
False
1486731064.169
0
HO
False
1486731064.205
0
HO
False
1486731064.248
0
HO
False
1486731064.286
0
HO
False
1486731064.321
0
HO
False
1486731064.359
0
HO
False
1486731064.397
0
HO
False
1486731064.436
0
HO
False
1486731064.476
0
HO
False
1486731064.513
0
HO
False
1486731064.552
0
HO
False
1486731064.591
0
HO
False
1486731064.628
0
HO
False
1486731064.667
0
HO
False
1486731064.706
0
HO
False
1486731064.745
0
HO
False
1486731064.782
0
HO
False
1486731064.822
0
HO
False
1486731064.860
0
HO
False
1486731064.898
0
HO
False
1486731064.937
0
HO
False
1486731064.982
0
HO
False
1486731065.15
0
HO
False
1486731065.52
0
HO
False
1486731065.92
0
HO
False
1486731065.130
0
HO
False
1486731065.168
0
HO
False
1486731065.207
0
HO
False
1486731065.246
0
HO
False
1486731065.283
0
HO
False
1486731065.321
0
HO
False
1486731065.361
0
HO
False
1486731065.399
0
HO
False
1486731065.437
0
HO
False
1486731065.478
0
HO
False
1486731065.515
0
HO
False
1486731065.554
0
HO
False
1486731065.592
0
HO
False
1486731065.630
0
HO
False
1486731065.670
0
HO
False
1486731065.707
0
HO
False
1486731065.746
0
HO
False
1486731065.806
0
HO
False
1486731065.901
0
HO
False
1486731065.939
0
HO
False
1486731065.977
0
HO
False
1486731066.31
0
HO
False
1486731066.76
0
HO
False
1486731066.112
0
HO
False
1486731066.138
0
HO
False
1486731066.171
0
HO
False
1486731066.212
0
HO
False
1486731066.249
0
HO
False
1486731066.286
0
HO
False
1486731066.324
0
HO
False
1486731066.363
0
HO
False
1486731066.402
0
HO
False
1486731066.440
0
HO
False
1486731066.485
0
HO
False
1486731066.517
0
HO
False
1486731066.558
0
HO
False
1486731066.596
0
HO
False
1486731066.634
0
HO
False
1486731066.672
0
HO
False
1486731066.710
0
HO
False
1486731066.748
0
HO
False
1486731066.786
0
HO
False
1486731066.825
0
HO
False
1486731066.864
0
HO
False
1486731066.904
0
HO
False
1486731066.941
0
HO
False
1486731066.979
0
HO
False
1486731067.18
0
HO
False
1486731067.76
0
HO
False
1486731067.251
0
HO
False
1486731067.287
0
HO
False
1486731067.345
0
HO
False
1486731067.441
0
HO
False
1486731067.480
0
HO
False
1486731067.519
0
HO
False
1486731067.558
0
HO
False
1486731067.597
0
HO
False
1486731067.636
0
HO
False
1486731067.675
0
HO
False
1486731067.714
0
HO
False
1486731067.751
0
HO
False
1486731067.789
0
HO
False
1486731067.827
0
HO
False
1486731067.867
0
HO
False
1486731067.904
0
HO
False
1486731067.944
0
HO
False
1486731067.989
0
HO
False
1486731068.19
0
HO
False
1486731068.59
0
HO
False
1486731068.98
0
HO
False
1486731068.136
0
HO
False
1486731068.176
0
HO
False
1486731068.213
0
HO
False
1486731068.251
0
HO
False
1486731068.291
0
HO
False
1486731068.329
0
HO
False
1486731068.369
0
HO
False
1486731068.405
0
HO
False
1486731068.444
0
HO
False
1486731068.482
0
HO
False
1486731068.521
0
HO
False
1486731068.560
0
HO
False
1486731068.597
0
HO
False
1486731068.638
0
HO
False
1486731068.677
0
HO
False
1486731068.716
0
HO
False
1486731068.754
0
HO
False
1486731068.795
0
HO
False
1486731068.832
0
HO
False
1486731068.871
0
HO
False
1486731068.908
0
HO
False
1486731068.946
0
HO
False
1486731068.984
0
HO
False
1486731069.23
0
HO
False
1486731069.61
0
HO
False
1486731069.103
0
HO
False
1486731069.136
0
HO
False
1486731069.177
0
HO
False
1486731069.215
0
HO
False
1486731069.253
0
HO
False
1486731069.293
0
HO
False
1486731069.331
0
HO
False
1486731069.371
0
HO
False
1486731069.409
0
HO
False
1486731069.446
0
HO
False
1486731069.491
0
HO
False
1486731069.523
0
HO
False
1486731069.561
46
HB
True
1486731069.601
46
HB
True
1486731069.639
46
HB
True
1486731069.679
41
HB
True
1486731069.716
41
HB
True
1486731069.757
41
HB
True
1486731069.799
37
HA
True
1486731069.831
37
HA
True
1486731069.872
37
HA
True
1486731069.909
39
HA
True
1486731069.949
39
HA
True
1486731069.986
39
HA
True
1486731070.24
0
HO
False
1486731070.64
0
HO
False
1486731070.102
0
HO
False
1486731070.140
0
HO
False
1486731070.178
0
HO
False
1486731070.218
0
HO
False
1486731070.255
0
HO
False
1486731070.293
0
HO
False
1486731070.334
0
HO
False
1486731070.371
0
HO
False
1486731070.420
0
HO
False
1486731070.458
0
HO
False
1486731070.485
0
HO
False
1486731070.525
0
HO
False
1486731070.566
0
HO
False
1486731070.602
0
HO
False
1486731070.640
0
HO
False
1486731070.680
0
HO
False
1486731070.718
0
HO
False
1486731070.759
0
HO
False
1486731070.794
0
HO
False
1486731070.835
0
HO
False
1486731070.874
0
HO
False
1486731070.911
0
HO
False
1486731070.949
0
HO
False
1486731070.995
0
HO
False
1486731071.26
0
HO
False
1486731071.67
0
HO
False
1486731071.104
0
HO
False
1486731071.144
0
HO
False
1486731071.181
0
HO
False
1486731071.218
0
HO
False
1486731071.424
0
HO
False
1486731071.470
0
HO
False
1486731071.510
0
HO
False
1486731071.531
0
HO
False
1486731071.571
0
HO
False
1486731071.610
0
HO
False
1486731071.643
0
HO
False
1486731071.683
0
HO
False
1486731071.719
0
HO
False
1486731071.759
0
HO
False
1486731071.798
0
HO
False
1486731071.836
0
HO
False
1486731071.876
0
HO
False
1486731071.913
0
HO
False
1486731071.952
0
HO
False
1486731071.991
0
HO
False
1486731072.28
0
HO
False
1486731072.67
0
HO
False
1486731072.107
0
HO
False
1486731072.144
0
HO
False
1486731072.185
0
HO
False
1486731072.222
0
HO
False
1486731072.260
0
HO
False
1486731072.299
0
HO
False
1486731072.498
0
HO
False
1486731072.529
0
HO
False
1486731072.568
0
HO
False
1486731072.607
0
HO
False
1486731072.644
0
HO
False
1486731072.704
0
HO
False
1486731072.750
0
HO
False
1486731072.791
0
HO
False
1486731072.813
0
HO
False
1486731072.845
0
HO
False
1486731072.883
0
HO
False
1486731072.936
0
HO
False
1486731073.32
0
HO
False
1486731073.70
0
HO
False
1486731073.107
0
HO
False
1486731073.145
0
HO
False
1486731073.187
0
HO
False
1486731073.225
0
HO
False
1486731073.261
0
HO
False
1486731073.301
0
HO
False
1486731073.341
0
HO
False
1486731073.531
0
HO
False
1486731073.571
0
HO
False
1486731073.609
0
HO
False
1486731073.647
0
HO
False
1486731073.689
0
HO
False
1486731073.725
0
HO
False
1486731073.762
0
HO
False
1486731073.802
0
HO
False
1486731073.840
0
HO
False
1486731073.879
0
HO
False
1486731073.917
0
HO
False
1486731073.954
0
HO
False
1486731074.1
0
HO
False
1486731074.36
0
HO
False
1486731074.72
46
HA
True
1486731074.110
46
HA
True
1486731074.148
46
HA
True
1486731074.189
50
HA
True
1486731074.225
50
HA
True
1486731074.264
50
HA
True
1486731074.304
49
HA
True
1486731074.342
49
HA
True
1486731074.384
49
HA
True
1486731074.418
42
HB
True
1486731074.458
42
HB
True
1486731074.496
42
HB
True
1486731074.533
42
HB
True
1486731074.573
42
HB
True
1486731074.611
42
HB
True
1486731074.650
0
HO
False
1486731074.691
0
HO
False
1486731074.727
0
HO
False
1486731074.764
0
HO
False
1486731074.805
0
HO
False
1486731074.842
0
HO
False
1486731074.884
0
HO
False
1486731074.918
0
HO
False
1486731074.958
0
HO
False
1486731074.996
0
HO
False
1486731075.36
0
HO
False
1486731075.74
0
HO
False
1486731075.112
0
HO
False
1486731075.151
0
HO
False
1486731075.190
0
HO
False
1486731075.228
0
HO
False
1486731075.267
0
HO
False
1486731075.306
0
HO
False
1486731075.344
0
HO
False
1486731075.384
0
HO
False
1486731075.420
0
HO
False
1486731075.459
0
HO
False
1486731075.503
0
HO
False
1486731075.536
0
HO
False
1486731075.575
0
HO
False
1486731075.612
0
HO
False
1486731075.654
0
HO
False
1486731075.845
0
HO
False
1486731075.885
0
HO
False
1486731075.921
0
HO
False
1486731075.960
0
HO
False
1486731075.998
0
HO
False
1486731076.37
0
HO
False
1486731076.76
0
HO
False
1486731076.115
0
HO
False
1486731076.153
0
HO
False
1486731076.193
0
HO
False
1486731076.229
0
HO
False
1486731076.268
0
HO
False
1486731076.307
0
HO
False
1486731076.345
0
HO
False
1486731076.387
0
HO
False
1486731076.423
0
HO
False
1486731076.460
0
HO
False
1486731076.500
0
HO
False
1486731076.540
0
HO
False
1486731076.576
0
HO
False
1486731076.617
0
HO
False
1486731076.653
0
HO
False
1486731076.694
0
HO
False
1486731076.731
0
HO
False
1486731076.769
0
HO
False
1486731076.807
0
HO
False
1486731076.846
0
HO
False
1486731076.887
0
HO
False
1486731076.924
0
HO
False
1486731077.55
0
HO
False
1486731077.155
0
HO
False
1486731077.197
0
HO
False
1486731077.240
0
HO
False
1486731077.273
0
HO
False
1486731077.312
0
HO
False
1486731077.434
0
HO
False
1486731077.466
0
HO
False
1486731077.503
0
HO
False
1486731077.539
0
HO
False
1486731077.578
0
HO
False
1486731077.620
0
HO
False
1486731077.655
0
HO
False
1486731077.698
0
HO
False
1486731077.733
0
HO
False
1486731077.771
0
HO
False
1486731077.811
0
HO
False
1486731077.849
0
HO
False
1486731077.889
0
HO
False
1486731077.925
0
HO
False
1486731077.964
0
HO
False
1486731078.3
0
HO
False
1486731078.40
0
HO
False
1486731078.79
0
HO
False
1486731078.119
0
HO
False
1486731078.157
0
HO
False
1486731078.197
0
HO
False
1486731078.234
0
HO
False
1486731078.272
0
HO
False
1486731078.311
0
HO
False
1486731078.350
0
HO
False
1486731078.390
0
HO
False
1486731078.428
0
HO
False
1486731078.465
0
HO
False
1486731078.509
0
HO
False
1486731078.544
0
HO
False
1486731078.608
0
HO
False
1486731078.776
0
HO
False
1486731078.890
0
HO
False
1486731078.926
0
HO
False
1486731078.967
0
HO
False
1486731079.4
0
HO
False
1486731079.44
0
HO
False
1486731079.83
0
HO
False
1486731079.121
0
HO
False
1486731079.158
0
HO
False
1486731079.199
0
HO
False
1486731079.236
0
HO
False
1486731079.274
0
HO
False
1486731079.313
0
HO
False
1486731079.351
0
HO
False
1486731079.393
0
HO
False
1486731079.430
0
HO
False
1486731079.468
0
HO
False
1486731079.505
0
HO
False
1486731079.544
0
HO
False
1486731079.583
0
HO
False
1486731079.622
0
HO
False
1486731079.659
0
HO
False
1486731079.701
0
HO
False
1486731079.737
0
HO
False
1486731079.775
0
HO
False
1486731079.814
0
HO
False
1486731079.853
0
HO
False
1486731079.892
0
HO
False
1486731079.929
0
HO
False
1486731079.968
0
HO
False
1486731080.12
0
HO
False
1486731080.47
0
HO
False
1486731080.85
0
HO
False
1486731080.122
0
HO
False
1486731080.160
0
HO
False
1486731080.202
0
HO
False
1486731080.237
0
HO
False
1486731080.275
0
HO
False
1486731080.315
0
HO
False
1486731080.354
0
HO
False
1486731080.403
0
HO
False
1486731080.430
0
HO
False
1486731080.470
0
HO
False
1486731080.512
0
HO
False
1486731080.550
0
HO
False
1486731080.586
0
HO
False
1486731080.627
0
HO
False
1486731080.661
0
HO
False
1486731080.702
0
HO
False
1486731080.740
0
HO
False
1486731080.778
0
HO
False
1486731080.817
0
HO
False
1486731080.855
0
HO
False
1486731080.894
0
HO
False
1486731080.933
0
HO
False
1486731080.970
0
HO
False
1486731081.11
44
HB
True
1486731081.49
44
HB
True
1486731081.86
44
HB
True
1486731081.125
39
HO
True
1486731081.162
39
HO
True
1486731081.204
39
HO
True
1486731081.240
39
HA
True
1486731081.278
39
HA
True
1486731081.317
39
HA
True
1486731081.357
41
HA
True
1486731081.396
41
HA
True
1486731081.432
41
HA
True
1486731081.472
0
HO
False
1486731081.516
0
HO
False
1486731081.548
0
HO
False
1486731081.586
0
HO
False
1486731081.626
0
HO
False
1486731081.664
0
HO
False
1486731081.704
0
HO
False
1486731081.741
0
HO
False
1486731081.779
0
HO
False
1486731081.818
0
HO
False
1486731081.856
0
HO
False
1486731081.896
0
HO
False
1486731081.934
0
HO
False
1486731081.973
0
HO
False
1486731082.10
0
HO
False
1486731082.51
0
HO
False
1486731082.88
0
HO
False
1486731082.127
0
HO
False
1486731082.166
0
HO
False
1486731082.205
0
HO
False
1486731082.242
0
HO
False
1486731082.280
0
HO
False
1486731082.320
0
HO
False
1486731082.359
0
HO
False
1486731082.398
0
HO
False
1486731082.448
0
HO
False
1486731082.553
0
HO
False
1486731082.589
0
HO
False
1486731082.628
0
HO
False
1486731082.678
0
HO
False
1486731082.737
0
HO
False
1486731082.764
0
HO
False
1486731082.786
0
HO
False
1486731082.827
0
HO
False
1486731082.861
0
HO
False
1486731082.899
0
HO
False
1486731082.937
0
HO
False
1486731082.974
0
HO
False
1486731083.17
0
HO
False
1486731083.51
0
HO
False
1486731083.92
0
HO
False
1486731083.129
0
HO
False
1486731083.168
0
HO
False
1486731083.207
0
HO
False
1486731083.245
0
HO
False
1486731083.285
0
HO
False
1486731083.321
0
HO
False
1486731083.361
0
HO
False
1486731083.401
0
HO
False
1486731083.436
0
HO
False
1486731083.474
0
HO
False
1486731083.517
0
HO
False
1486731083.552
0
HO
False
1486731083.591
0
HO
False
1486731083.629
0
HO
False
1486731083.668
0
HO
False
1486731083.709
0
HO
False
1486731083.744
0
HO
False
1486731083.783
0
HO
False
1486731083.825
0
HO
False
1486731083.860
0
HO
False
1486731083.901
0
HO
False
1486731083.937
0
HO
False
1486731083.976
0
HO
False
1486731084.16
0
HO
False
1486731084.55
0
HO
False
1486731084.92
0
HO
False
1486731084.132
0
HO
False
1486731084.169
0
HO
False
1486731084.209
0
HO
False
1486731084.247
0
HO
False
1486731084.285
0
HO
False
1486731084.338
0
HO
False
1486731084.440
0
HO
False
1486731084.478
0
HO
False
1486731084.594
0
HO
False
1486731084.632
0
HO
False
1486731084.671
0
HO
False
1486731084.710
0
HO
False
1486731084.748
0
HO
False
1486731084.785
0
HO
False
1486731084.825
0
HO
False
1486731084.863
0
HO
False
1486731084.904
0
HO
False
1486731084.941
0
HO
False
1486731084.978
0
HO
False
1486731085.20
0
HO
False
1486731085.55
0
HO
False
1486731085.95
0
HO
False
1486731085.133
0
HO
False
1486731085.171
0
HO
False
1486731085.212
0
HO
False
1486731085.248
0
HO
False
1486731085.287
0
HO
False
1486731085.327
0
HO
False
1486731085.364
0
HO
False
1486731085.402
0
HO
False
1486731085.441
0
HO
False
1486731085.480
0
HO
False
1486731085.519
47
HA
True
1486731085.557
47
HA
True
1486731085.595
47
HA
True
1486731085.634
50
HA
True
1486731085.672
50
HA
True
1486731085.713
50
HA
True
1486731085.749
49
HA
True
1486731085.788
49
HA
True
1486731085.826
49
HA
True
1486731085.865
47
HO
True
1486731085.907
47
HO
True
1486731085.944
47
HO
True
1486731085.981
41
HB
True
1486731086.24
41
HB
True
1486731086.56
41
HB
True
1486731086.97
0
HO
False
1486731086.136
0
HO
False
1486731086.173
0
HO
False
1486731086.213
0
HO
False
1486731086.251
0
HO
False
1486731086.289
0
HO
False
1486731086.328
0
HO
False
1486731086.366
0
HO
False
1486731086.405
0
HO
False
1486731086.444
0
HO
False
1486731086.482
0
HO
False
1486731086.523
0
HO
False
1486731086.558
0
HO
False
1486731086.597
0
HO
False
1486731086.635
0
HO
False
1486731086.675
0
HO
False
1486731086.714
0
HO
False
1486731086.752
0
HO
False
1486731086.791
0
HO
False
1486731086.828
0
HO
False
1486731086.868
0
HO
False
1486731086.906
0
HO
False
1486731086.946
0
HO
False
1486731086.983
0
HO
False
1486731087.23
0
HO
False
1486731087.60
0
HO
False
1486731087.98
0
HO
False
1486731087.137
0
HO
False
1486731087.176
0
HO
False
1486731087.215
0
HO
False
1486731087.252
0
HO
False
1486731087.290
0
HO
False
1486731087.330
0
HO
False
1486731087.368
0
HO
False
1486731087.406
0
HO
False
1486731087.445
0
HO
False
1486731087.484
0
HO
False
1486731087.528
0
HO
False
1486731087.561
0
HO
False
1486731087.600
0
HO
False
1486731087.637
0
HO
False
1486731087.677
0
HO
False
1486731087.718
0
HO
False
1486731087.753
0
HO
False
1486731087.793
0
HO
False
1486731087.831
0
HO
False
1486731087.869
0
HO
False
1486731087.907
0
HO
False
1486731087.946
0
HO
False
1486731087.985
0
HO
False
1486731088.25
0
HO
False
1486731088.62
0
HO
False
1486731088.101
0
HO
False
1486731088.222
0
HO
False
1486731088.254
0
HO
False
1486731088.294
0
HO
False
1486731088.344
0
HO
False
1486731088.391
0
HO
False
1486731088.433
0
HO
False
1486731088.451
0
HO
False
1486731088.484
0
HO
False
1486731088.525
0
HO
False
1486731088.568
0
HO
False
1486731088.603
0
HO
False
1486731088.641
0
HO
False
1486731088.685
0
HO
False
1486731088.718
0
HO
False
1486731088.755
0
HO
False
1486731088.794
0
HO
False
1486731088.833
0
HO
False
1486731088.879
0
HO
False
1486731088.911
0
HO
False
1486731089.873
0
HO
False
1486731089.913
0
HO
False
1486731089.952
0
HO
False
1486731089.1000
0
HO
False
1486731090.61
0
HO
False
1486731090.87
0
HO
False
1486731090.107
0
HO
False
1486731090.145
0
HO
False
1486731090.186
0
HO
False
1486731090.223
0
HO
False
1486731090.259
0
HO
False
1486731090.297
0
HO
False
1486731090.338
0
HO
False
1486731090.375
0
HO
False
1486731090.430
0
HO
False
1486731090.477
0
HO
False
1486731090.512
0
HO
False
1486731090.534
0
HO
False
1486731090.566
0
HO
False
1486731090.609
0
HO
False
1486731090.644
0
HO
False
1486731090.688
0
HO
False
1486731090.721
0
HO
False
1486731090.760
0
HO
False
1486731090.798
0
HO
False
1486731090.837
0
HO
False
1486731090.875
0
HO
False
1486731090.914
0
HO
False
1486731090.953
0
HO
False
1486731090.992
0
HO
False
1486731091.32
0
HO
False
1486731091.67
0
HO
False
1486731091.106
0
HO
False
1486731091.145
0
HO
False
1486731091.186
0
HO
False
1486731091.222
0
HO
False
1486731091.260
0
HO
False
1486731091.299
0
HO
False
1486731091.340
0
HO
False
1486731091.380
0
HO
False
1486731091.415
0
HO
False
1486731091.454
0
HO
False
1486731091.492
0
HO
False
1486731091.529
0
HO
False
1486731091.570
0
HO
False
1486731091.607
0
HO
False
1486731091.647
0
HO
False
1486731091.687
0
HO
False
1486731091.724
0
HO
False
1486731091.762
0
HO
False
1486731091.802
0
HO
False
1486731091.841
0
HO
False
1486731091.878
0
HO
False
1486731091.917
0
HO
False
1486731091.955
0
HO
False
1486731091.994
0
HO
False
1486731092.33
0
HO
False
1486731092.71
0
HO
False
1486731092.109
0
HO
False
1486731092.148
0
HO
False
1486731092.187
0
HO
False
1486731092.224
48
HB
True
1486731092.264
48
HB
True
1486731092.303
48
HB
True
1486731092.343
44
HB
True
1486731092.378
44
HB
True
1486731092.417
44
HB
True
1486731092.455
41
HO
True
1486731092.494
41
HO
True
1486731092.532
41
HO
True
1486731092.572
43
HA
True
1486731092.610
43
HA
True
1486731092.650
43
HA
True
1486731092.687
50
HA
True
1486731092.725
50
HA
True
1486731092.764
50
HA
True
1486731092.803
0
HO
False
1486731092.843
0
HO
False
1486731092.880
0
HO
False
1486731092.919
0
HO
False
1486731092.956
0
HO
False
1486731092.994
0
HO
False
1486731093.33
0
HO
False
1486731093.72
0
HO
False
1486731093.111
0
HO
False
1486731093.153
0
HO
False
1486731093.189
0
HO
False
1486731093.227
0
HO
False
1486731093.266
0
HO
False
1486731093.304
0
HO
False
1486731093.346
0
HO
False
1486731093.383
0
HO
False
1486731093.419
0
HO
False
1486731093.458
0
HO
False
1486731093.496
0
HO
False
1486731093.537
0
HO
False
1486731093.572
0
HO
False
1486731093.613
0
HO
False
1486731093.653
0
HO
False
1486731093.689
0
HO
False
1486731093.728
0
HO
False
1486731093.768
0
HO
False
1486731093.811
0
HO
False
1486731093.848
0
HO
False
1486731093.883
0
HO
False
1486731093.946
0
HO
False
1486731094.38
0
HO
False
1486731094.93
0
HO
False
1486731094.191
0
HO
False
1486731094.229
0
HO
False
1486731094.268
0
HO
False
1486731094.306
0
HO
False
1486731094.349
0
HO
False
1486731094.384
0
HO
False
1486731094.421
0
HO
False
1486731094.462
0
HO
False
1486731094.499
0
HO
False
1486731094.537
0
HO
False
1486731094.577
0
HO
False
1486731094.615
0
HO
False
1486731094.654
0
HO
False
1486731094.692
0
HO
False
1486731094.731
0
HO
False
1486731094.769
0
HO
False
1486731094.807
0
HO
False
1486731094.846
0
HO
False
1486731094.885
0
HO
False
1486731094.922
0
HO
False
1486731094.963
0
HO
False
1486731095.1
0
HO
False
1486731095.41
0
HO
False
1486731095.77
0
HO
False
1486731095.117
0
HO
False
1486731095.158
0
HO
False
1486731095.192
0
HO
False
1486731095.231
0
HO
False
1486731095.269
0
HO
False
1486731095.307
0
HO
False
1486731095.346
0
HO
False
1486731095.385
0
HO
False
1486731095.423
0
HO
False
1486731095.463
0
HO
False
1486731095.501
0
HO
False
1486731095.540
0
HO
False
1486731095.656
0
HO
False
1486731095.693
0
HO
False
1486731095.743
0
HO
False
1486731095.785
0
HO
False
1486731095.886
0
HO
False
1486731095.925
0
HO
False
1486731095.965
0
HO
False
1486731096.1
0
HO
False
1486731096.39
0
HO
False
1486731096.80
0
HO
False
1486731096.120
0
HO
False
1486731096.157
0
HO
False
1486731096.193
0
HO
False
1486731096.234
0
HO
False
1486731096.273
0
HO
False
1486731096.310
0
HO
False
1486731096.350
0
HO
False
1486731096.388
0
HO
False
1486731096.425
0
HO
False
1486731096.465
0
HO
False
1486731096.503
0
HO
False
1486731096.543
0
HO
False
1486731096.581
0
HO
False
1486731096.618
0
HO
False
1486731096.658
0
HO
False
1486731096.696
0
HO
False
1486731096.734
0
HO
False
1486731096.774
0
HO
False
1486731096.812
0
HO
False
1486731096.850
49
HA
True
1486731096.887
49
HA
True
1486731096.927
49
HA
True
1486731096.967
50
HA
True
1486731097.4
50
HA
True
1486731097.41
50
HA
True
1486731097.81
48
HA
True
1486731097.122
48
HA
True
1486731097.157
48
HA
True
1486731097.197
43
HB
True
1486731097.235
43
HB
True
1486731097.273
43
HB
True
1486731097.312
43
HB
True
1486731097.352
43
HB
True
1486731097.389
43
HB
True
1486731097.428
16
HB
True
1486731097.469
16
HB
True
1486731097.505
16
HB
True
1486731097.543
0
HO
False
1486731097.582
0
HO
False
1486731097.621
0
HO
False
1486731097.661
0
HO
False
1486731097.698
0
HO
False
1486731097.738
0
HO
False
1486731097.774
0
HO
False
1486731097.813
0
HO
False
1486731097.851
0
HO
False
1486731097.890
0
HO
False
1486731097.928
0
HO
False
1486731097.968
0
HO
False
1486731098.5
0
HO
False
1486731098.44
0
HO
False
1486731098.83
0
HO
False
1486731098.122
0
HO
False
1486731098.161
0
HO
False
1486731098.198
0
HO
False
1486731098.237
0
HO
False
1486731098.276
0
HO
False
1486731098.314
0
HO
False
1486731098.353
0
HO
False
1486731098.391
0
HO
False
1486731098.430
0
HO
False
1486731098.469
0
HO
False
1486731098.507
0
HO
False
1486731098.546
0
HO
False
1486731098.584
0
HO
False
1486731098.623
0
HO
False
1486731098.663
0
HO
False
1486731098.699
0
HO
False
1486731098.738
0
HO
False
1486731098.776
0
HO
False
1486731098.816
0
HO
False
1486731098.855
0
HO
False
1486731098.893
0
HO
False
1486731098.931
0
HO
False
1486731098.971
0
HO
False
1486731099.8
0
HO
False
1486731099.45
0
HO
False
1486731099.86
0
HO
False
1486731099.126
0
HO
False
1486731099.163
0
HO
False
1486731099.201
0
HO
False
1486731099.239
0
HO
False
1486731099.277
0
HO
False
1486731099.316
0
HO
False
1486731099.355
0
HO
False
1486731099.394
0
HO
False
1486731099.433
0
HO
False
1486731099.473
0
HO
False
1486731099.507
0
HO
False
1486731099.547
0
HO
False
1486731099.586
0
HO
False
1486731099.624
0
HO
False
1486731099.666
0
HO
False
1486731099.702
0
HO
False
1486731099.741
0
HO
False
1486731099.804
0
HO
False
1486731099.895
0
HO
False
1486731099.934
0
HO
False
1486731099.973
0
HO
False
1486731100.9
0
HO
False
1486731100.48
0
HO
False
1486731100.104
0
HO
False
1486731100.202
0
HO
False
1486731100.242
0
HO
False
1486731100.279
0
HO
False
1486731100.319
0
HO
False
1486731100.357
0
HO
False
1486731100.414
0
HO
False
1486731100.457
0
HO
False
1486731100.483
0
HO
False
1486731100.513
0
HO
False
1486731100.549
0
HO
False
1486731100.590
0
HO
False
1486731100.627
0
HO
False
1486731100.666
0
HO
False
1486731100.703
0
HO
False
1486731100.741
0
HO
False
1486731100.779
0
HO
False
1486731100.819
0
HO
False
1486731100.859
0
HO
False
1486731100.897
0
HO
False
1486731100.935
0
HO
False
1486731100.975
0
HO
False
1486731101.16
0
HO
False
1486731101.143
0
HO
False
1486731101.186
0
HO
False
1486731101.222
0
HO
False
1486731101.251
0
HO
False
1486731101.286
0
HO
False
1486731101.347
0
HO
False
1486731101.436
0
HO
False
1486731101.476
0
HO
False
1486731101.513
0
HO
False
1486731101.554
0
HO
False
1486731101.591
0
HO
False
1486731101.629
0
HO
False
1486731101.667
0
HO
False
1486731101.706
0
HO
False
1486731101.744
0
HO
False
1486731101.785
0
HO
False
1486731101.822
0
HO
False
1486731101.864
0
HO
False
1486731101.904
0
HO
False
1486731101.937
0
HO
False
1486731101.979
0
HO
False
1486731102.14
0
HO
False
1486731102.54
0
HO
False
1486731102.93
0
HO
False
1486731102.130
0
HO
False
1486731102.168
0
HO
False
1486731102.207
0
HO
False
1486731102.246
0
HO
False
1486731102.286
0
HO
False
1486731102.322
0
HO
False
1486731102.362
0
HO
False
1486731102.400
0
HO
False
1486731102.438
0
HO
False
1486731102.476
0
HO
False
1486731102.515
0
HO
False
1486731102.555
0
HO
False
1486731102.594
0
HO
False
1486731102.630
0
HO
False
1486731102.669
0
HO
False
1486731102.709
0
HO
False
1486731102.747
0
HO
False
1486731102.786
0
HO
False
1486731102.823
0
HO
False
1486731102.861
0
HO
False
1486731102.901
0
HO
False
1486731102.939
0
HO
False
1486731102.978
0
HO
False
1486731103.16
0
HO
False
1486731103.54
0
HO
False
1486731103.95
0
HO
False
1486731103.132
0
HO
False
1486731103.172
0
HO
False
1486731103.208
0
HO
False
1486731103.248
0
HO
False
1486731103.287
0
HO
False
1486731103.324
0
HO
False
1486731103.363
0
HO
False
1486731103.402
0
HO
False
1486731103.440
0
HO
False
1486731103.480
0
HO
False
1486731103.517
0
HO
False
1486731103.555
0
HO
False
1486731103.596
0
HO
False
1486731103.634
0
HO
False
1486731103.672
41
HB
True
1486731103.711
41
HB
True
1486731103.749
41
HB
True
1486731103.788
42
HB
True
1486731103.825
42
HB
True
1486731103.865
42
HB
True
1486731103.902
41
HO
True
1486731103.941
41
HO
True
1486731103.979
41
HO
True
1486731104.19
43
HA
True
1486731104.60
43
HA
True
1486731104.97
43
HA
True
1486731104.134
0
HO
False
1486731104.172
0
HO
False
1486731104.212
0
HO
False
1486731104.250
0
HO
False
1486731104.290
0
HO
False
1486731104.326
0
HO
False
1486731104.366
0
HO
False
1486731104.405
0
HO
False
1486731104.442
0
HO
False
1486731104.480
0
HO
False
1486731104.519
0
HO
False
1486731104.557
0
HO
False
1486731104.597
0
HO
False
1486731104.635
0
HO
False
1486731104.674
0
HO
False
1486731104.712
0
HO
False
1486731104.751
0
HO
False
1486731104.789
0
HO
False
1486731104.827
0
HO
False
1486731104.866
0
HO
False
1486731104.905
0
HO
False
1486731104.944
0
HO
False
1486731104.982
0
HO
False
1486731105.21
0
HO
False
1486731105.59
0
HO
False
1486731105.99
0
HO
False
1486731105.136
0
HO
False
1486731105.174
0
HO
False
1486731105.213
0
HO
False
1486731105.252
0
HO
False
1486731105.292
0
HO
False
1486731105.329
0
HO
False
1486731105.368
0
HO
False
1486731105.406
0
HO
False
1486731105.476
0
HO
False
1486731105.560
0
HO
False
1486731105.611
0
HO
False
1486731105.661
0
HO
False
1486731105.696
0
HO
False
1486731105.717
0
HO
False
1486731105.753
0
HO
False
1486731105.792
0
HO
False
1486731105.831
0
HO
False
1486731105.868
0
HO
False
1486731105.907
0
HO
False
1486731105.945
0
HO
False
1486731105.984
0
HO
False
1486731106.22
0
HO
False
1486731106.62
0
HO
False
1486731106.101
0
HO
False
1486731106.140
0
HO
False
1486731106.177
0
HO
False
1486731106.216
0
HO
False
1486731106.253
0
HO
False
1486731106.292
0
HO
False
1486731106.331
0
HO
False
1486731106.370
0
HO
False
1486731106.408
0
HO
False
1486731106.447
0
HO
False
1486731106.485
0
HO
False
1486731106.523
0
HO
False
1486731106.562
0
HO
False
1486731106.601
0
HO
False
1486731106.641
0
HO
False
1486731106.678
0
HO
False
1486731106.716
0
HO
False
1486731106.754
0
HO
False
1486731106.794
0
HO
False
1486731106.833
0
HO
False
1486731106.871
0
HO
False
1486731106.909
0
HO
False
1486731106.947
0
HO
False
1486731106.986
0
HO
False
1486731107.31
0
HO
False
1486731107.81
0
HO
False
1486731107.179
0
HO
False
1486731107.217
0
HO
False
1486731107.255
0
HO
False
1486731107.314
0
HO
False
1486731107.358
0
HO
False
1486731107.379
0
HO
False
1486731107.410
0
HO
False
1486731107.453
0
HO
False
1486731107.489
0
HO
False
1486731107.525
0
HO
False
1486731107.565
0
HO
False
1486731107.603
0
HO
False
1486731107.641
0
HO
False
1486731107.680
0
HO
False
1486731107.719
0
HO
False
1486731107.757
0
HO
False
1486731107.795
0
HO
False
1486731107.833
0
HO
False
1486731107.873
0
HO
False
1486731107.911
0
HO
False
1486731107.950
0
HO
False
1486731107.988
0
HO
False
1486731108.26
0
HO
False
1486731108.66
0
HO
False
1486731108.104
0
HO
False
1486731108.142
0
HO
False
1486731108.181
0
HO
False
1486731108.219
0
HO
False
1486731108.258
0
HO
False
1486731108.296
0
HO
False
1486731108.335
0
HO
False
1486731108.374
0
HO
False
1486731108.411
0
HO
False
1486731108.452
0
HO
False
1486731108.489
0
HO
False
1486731108.531
0
HO
False
1486731108.567
0
HO
False
1486731108.605
0
HO
False
1486731108.643
50
HA
True
1486731108.682
50
HA
True
1486731108.720
50
HA
True
1486731108.759
50
HA
True
1486731108.799
50
HA
True
1486731108.837
50
HA
True
1486731108.876
47
HO
True
1486731108.914
47
HO
True
1486731108.955
47
HO
True
1486731108.991
43
HB
True
1486731109.492
0
HO
False
1486731109.529
0
HO
False
1486731109.569
0
HO
False
1486731109.607
0
HO
False
1486731109.645
0
HO
False
1486731109.684
0
HO
False
1486731109.723
0
HO
False
1486731109.761
0
HO
False
1486731109.801
0
HO
False
1486731109.837
0
HO
False
1486731109.876
0
HO
False
1486731109.915
0
HO
False
1486731109.954
0
HO
False
1486731109.992
0
HO
False
1486731110.37
0
HO
False
1486731110.68
0
HO
False
1486731110.107
0
HO
False
1486731110.147
0
HO
False
1486731110.185
0
HO
False
1486731110.224
0
HO
False
1486731110.262
0
HO
False
1486731110.300
0
HO
False
1486731110.339
0
HO
False
1486731110.379
0
HO
False
1486731110.422
0
HO
False
1486731110.465
0
HO
False
1486731110.498
0
HO
False
1486731110.532
0
HO
False
1486731110.570
0
HO
False
1486731110.609
0
HO
False
1486731110.647
0
HO
False
1486731110.686
0
HO
False
1486731110.724
0
HO
False
1486731110.763
0
HO
False
1486731110.803
0
HO
False
1486731110.839
0
HO
False
1486731110.879
0
HO
False
1486731110.917
0
HO
False
1486731110.956
0
HO
False
1486731110.994
0
HO
False
1486731111.33
0
HO
False
1486731111.72
0
HO
False
1486731111.109
0
HO
False
1486731111.149
0
HO
False
1486731111.187
0
HO
False
1486731111.226
0
HO
False
1486731111.264
0
HO
False
1486731111.303
0
HO
False
1486731111.340
0
HO
False
1486731111.379
0
HO
False
1486731111.418
0
HO
False
1486731111.457
0
HO
False
1486731111.513
0
HO
False
1486731111.610
0
HO
False
1486731111.651
0
HO
False
1486731111.702
0
HO
False
1486731111.759
0
HO
False
1486731111.788
0
HO
False
1486731111.815
0
HO
False
1486731111.846
0
HO
False
1486731111.883
0
HO
False
1486731111.919
0
HO
False
1486731111.958
0
HO
False
1486731111.997
0
HO
False
1486731112.34
0
HO
False
1486731112.74
0
HO
False
1486731112.111
0
HO
False
1486731112.150
0
HO
False
1486731112.190
0
HO
False
1486731112.228
0
HO
False
1486731112.267
0
HO
False
1486731112.305
0
HO
False
1486731112.344
0
HO
False
1486731112.383
0
HO
False
1486731112.420
0
HO
False
1486731112.459
0
HO
False
1486731112.497
0
HO
False
1486731112.536
0
HO
False
1486731112.574
0
HO
False
1486731112.613
0
HO
False
1486731112.651
0
HO
False
1486731112.690
0
HO
False
1486731112.729
0
HO
False
1486731112.794
0
HO
False
1486731112.883
0
HO
False
1486731112.921
0
HO
False
1486731112.959
0
HO
False
1486731113.7
0
HO
False
1486731113.62
0
HO
False
1486731113.88
0
HO
False
1486731113.112
0
HO
False
1486731113.154
0
HO
False
1486731113.192
0
HO
False
1486731113.230
0
HO
False
1486731113.269
0
HO
False
1486731113.308
0
HO
False
1486731113.346
0
HO
False
1486731113.385
0
HO
False
1486731113.422
0
HO
False
1486731113.461
0
HO
False
1486731113.499
0
HO
False
1486731113.538
0
HO
False
1486731113.577
0
HO
False
1486731113.615
0
HO
False
1486731113.653
0
HO
False
1486731113.692
0
HO
False
1486731113.732
0
HO
False
1486731113.770
0
HO
False
1486731113.809
0
HO
False
1486731113.846
0
HO
False
1486731113.885
0
HO
False
1486731113.924
0
HO
False
1486731113.964
0
HO
False
1486731114.1
0
HO
False
1486731114.38
0
HO
False
1486731114.77
0
HO
False
1486731114.116
0
HO
False
1486731114.155
0
HO
False
1486731114.194
0
HO
False
1486731114.233
0
HO
False
1486731114.271
0
HO
False
1486731114.310
0
HO
False
1486731114.348
0
HO
False
1486731114.386
0
HO
False
1486731114.426
0
HO
False
1486731114.463
0
HO
False
1486731114.500
0
HO
False
1486731114.548
0
HO
False
1486731114.580
0
HO
False
1486731114.619
0
HO
False
1486731114.656
0
HO
False
1486731114.696
0
HO
False
1486731114.734
0
HO
False
1486731114.772
0
HO
False
1486731114.810
0
HO
False
1486731114.848
0
HO
False
1486731114.886
0
HO
False
1486731114.925
0
HO
False
1486731114.964
0
HO
False
1486731115.3
0
HO
False
1486731115.42
0
HO
False
1486731115.79
0
HO
False
1486731115.118
0
HO
False
1486731115.157
0
HO
False
1486731115.196
0
HO
False
1486731115.236
47
HB
True
1486731115.272
47
HB
True
1486731115.312
47
HB
True
1486731115.350
43
HB
True
1486731115.389
43
HB
True
1486731115.426
43
HB
True
1486731115.465
39
HA
True
1486731115.504
39
HA
True
1486731115.542
39
HA
True
1486731115.582
40
HA
True
1486731115.619
40
HA
True
1486731115.658
40
HA
True
1486731115.698
0
HO
False
1486731115.736
0
HO
False
1486731115.773
0
HO
False
1486731115.812
0
HO
False
1486731115.852
0
HO
False
1486731115.890
0
HO
False
1486731115.927
0
HO
False
1486731115.966
0
HO
False
1486731116.4
0
HO
False
1486731116.50
0
HO
False
1486731116.83
0
HO
False
1486731116.122
0
HO
False
1486731116.158
0
HO
False
1486731116.203
0
HO
False
1486731116.237
0
HO
False
1486731116.275
0
HO
False
1486731116.315
0
HO
False
1486731116.352
0
HO
False
1486731116.393
0
HO
False
1486731116.430
0
HO
False
1486731116.468
0
HO
False
1486731116.507
0
HO
False
1486731116.545
0
HO
False
1486731116.583
0
HO
False
1486731116.623
0
HO
False
1486731116.660
0
HO
False
1486731116.701
0
HO
False
1486731116.738
0
HO
False
1486731116.775
0
HO
False
1486731116.814
0
HO
False
1486731116.852
0
HO
False
1486731116.894
0
HO
False
1486731116.930
0
HO
False
1486731116.968
0
HO
False
1486731117.84
0
HO
False
1486731117.124
0
HO
False
1486731117.162
0
HO
False
1486731117.201
0
HO
False
1486731117.246
0
HO
False
1486731117.303
0
HO
False
1486731117.323
0
HO
False
1486731117.355
0
HO
False
1486731117.394
0
HO
False
1486731117.432
0
HO
False
1486731117.472
0
HO
False
1486731117.507
0
HO
False
1486731117.554
0
HO
False
1486731117.590
0
HO
False
1486731117.623
0
HO
False
1486731117.662
0
HO
False
1486731117.702
0
HO
False
1486731117.740
0
HO
False
1486731117.777
0
HO
False
1486731117.816
0
HO
False
1486731117.855
0
HO
False
1486731117.896
0
HO
False
1486731117.932
0
HO
False
1486731117.971
0
HO
False
1486731118.9
0
HO
False
1486731118.48
0
HO
False
1486731118.86
0
HO
False
1486731118.125
0
HO
False
1486731118.163
0
HO
False
1486731118.203
0
HO
False
1486731118.240
0
HO
False
1486731118.278
0
HO
False
1486731118.317
0
HO
False
1486731118.357
0
HO
False
1486731118.398
0
HO
False
1486731118.434
0
HO
False
1486731118.471
0
HO
False
1486731118.509
0
HO
False
1486731118.550
0
HO
False
1486731118.587
0
HO
False
1486731118.625
0
HO
False
1486731118.679
0
HO
False
1486731118.737
0
HO
False
1486731118.833
0
HO
False
1486731118.881
0
HO
False
1486731118.918
0
HO
False
1486731118.952
0
HO
False
1486731118.981
0
HO
False
1486731119.10
0
HO
False
1486731119.975
50
HA
True
1486731120.13
50
HA
True
1486731120.53
50
HA
True
1486731120.92
43
HO
True
1486731120.130
43
HO
True
1486731120.167
43
HO
True
1486731120.209
43
HB
True
1486731120.245
43
HB
True
1486731120.284
43
HB
True
1486731120.322
0
HO
False
1486731120.360
0
HO
False
1486731120.414
0
HO
False
1486731120.451
0
HO
False
1486731120.491
0
HO
False
1486731120.525
0
HO
False
1486731120.564
0
HO
False
1486731120.597
0
HO
False
1486731120.635
0
HO
False
1486731120.668
0
HO
False
1486731120.709
0
HO
False
1486731120.748
0
HO
False
1486731120.784
0
HO
False
1486731120.823
0
HO
False
1486731120.860
0
HO
False
1486731120.901
0
HO
False
1486731120.940
0
HO
False
1486731120.978
0
HO
False
1486731121.23
0
HO
False
1486731121.66
0
HO
False
1486731121.111
0
HO
False
1486731121.142
0
HO
False
1486731121.171
0
HO
False
1486731121.209
0
HO
False
1486731121.246
0
HO
False
1486731121.285
0
HO
False
1486731121.325
0
HO
False
1486731121.363
0
HO
False
1486731121.403
0
HO
False
1486731121.440
0
HO
False
1486731121.478
0
HO
False
1486731121.517
0
HO
False
1486731121.556
0
HO
False
1486731121.594
0
HO
False
1486731121.633
0
HO
False
1486731121.672
0
HO
False
1486731121.711
0
HO
False
1486731121.749
0
HO
False
1486731121.786
0
HO
False
1486731121.825
0
HO
False
1486731121.864
0
HO
False
1486731121.903
0
HO
False
1486731121.941
0
HO
False
1486731121.979
0
HO
False
1486731122.18
0
HO
False
1486731122.63
0
HO
False
1486731122.93
0
HO
False
1486731122.134
0
HO
False
1486731122.172
0
HO
False
1486731122.213
0
HO
False
1486731122.248
0
HO
False
1486731122.286
0
HO
False
1486731122.325
0
HO
False
1486731122.365
0
HO
False
1486731122.405
0
HO
False
1486731122.442
0
HO
False
1486731122.494
0
HO
False
1486731122.545
0
HO
False
1486731122.634
0
HO
False
1486731122.674
0
HO
False
1486731122.721
0
HO
False
1486731122.768
0
HO
False
1486731122.808
0
HO
False
1486731122.836
0
HO
False
1486731122.863
0
HO
False
1486731122.906
0
HO
False
1486731122.944
0
HO
False
1486731122.982
0
HO
False
1486731123.19
0
HO
False
1486731123.58
0
HO
False
1486731123.96
0
HO
False
1486731123.136
0
HO
False
1486731123.175
0
HO
False
1486731123.215
0
HO
False
1486731123.252
0
HO
False
1486731123.288
0
HO
False
1486731123.327
0
HO
False
1486731123.367
0
HO
False
1486731123.408
0
HO
False
1486731123.444
0
HO
False
1486731123.483
0
HO
False
1486731123.521
0
HO
False
1486731123.561
0
HO
False
1486731123.598
0
HO
False
1486731123.636
0
HO
False
1486731123.675
0
HO
False
1486731123.715
0
HO
False
1486731123.751
0
HO
False
1486731123.791
0
HO
False
1486731123.843
0
HO
False
1486731123.895
0
HO
False
1486731124.76
0
HO
False
1486731124.175
0
HO
False
1486731124.216
0
HO
False
1486731124.252
0
HO
False
1486731124.291
0
HO
False
1486731124.331
0
HO
False
1486731124.368
0
HO
False
1486731124.410
0
HO
False
1486731124.446
0
HO
False
1486731124.484
0
HO
False
1486731124.523
0
HO
False
1486731124.562
0
HO
False
1486731124.600
0
HO
False
1486731124.639
0
HO
False
1486731124.677
0
HO
False
1486731124.716
0
HO
False
1486731124.754
0
HO
False
1486731124.793
0
HO
False
1486731124.832
0
HO
False
1486731124.869
0
HO
False
1486731124.910
0
HO
False
1486731124.946
0
HO
False
1486731124.986
0
HO
False
1486731125.25
0
HO
False
1486731125.66
0
HO
False
1486731125.102
0
HO
False
1486731125.140
0
HO
False
1486731125.178
0
HO
False
1486731125.219
0
HO
False
1486731125.255
0
HO
False
1486731125.295
0
HO
False
1486731125.332
0
HO
False
1486731125.371
0
HO
False
1486731125.411
0
HO
False
1486731125.449
0
HO
False
1486731125.486
0
HO
False
1486731125.524
0
HO
False
1486731125.563
0
HO
False
1486731125.603
0
HO
False
1486731125.641
0
HO
False
1486731125.680
0
HO
False
1486731125.719
0
HO
False
1486731125.759
0
HO
False
1486731125.797
0
HO
False
1486731125.834
0
HO
False
1486731125.872
0
HO
False
1486731125.911
0
HO
False
1486731125.949
0
HO
False
1486731125.988
0
HO
False
1486731126.26
0
HO
False
1486731126.64
0
HO
False
1486731126.103
0
HO
False
1486731126.141
0
HO
False
1486731126.179
0
HO
False
1486731126.221
0
HO
False
1486731126.257
0
HO
False
1486731126.296
0
HO
False
1486731126.336
0
HO
False
1486731126.373
0
HO
False
1486731126.413
0
HO
False
1486731126.450
0
HO
False
1486731126.488
0
HO
False
1486731126.528
0
HO
False
1486731126.569
0
HO
False
1486731126.604
0
HO
False
1486731126.643
0
HO
False
1486731126.682
44
HB
True
1486731126.721
44
HB
True
1486731126.759
44
HB
True
1486731126.797
41
HO
True
1486731126.835
41
HO
True
1486731126.873
41
HO
True
1486731126.914
43
HA
True
1486731126.951
43
HA
True
1486731126.989
43
HA
True
1486731127.28
51
HA
True
1486731127.71
51
HA
True
1486731127.107
51
HA
True
1486731127.144
0
HO
False
1486731127.182
0
HO
False
1486731127.221
0
HO
False
1486731127.259
0
HO
False
1486731127.297
0
HO
False
1486731127.337
0
HO
False
1486731127.374
0
HO
False
1486731127.415
0
HO
False
1486731127.453
0
HO
False
1486731127.492
0
HO
False
1486731127.528
0
HO
False
1486731127.568
0
HO
False
1486731127.606
0
HO
False
1486731127.644
0
HO
False
1486731127.684
0
HO
False
1486731127.724
0
HO
False
1486731127.761
0
HO
False
1486731127.799
0
HO
False
1486731127.840
0
HO
False
1486731127.876
0
HO
False
1486731127.916
0
HO
False
1486731127.955
0
HO
False
1486731127.992
0
HO
False
1486731128.30
0
HO
False
1486731128.69
0
HO
False
1486731128.107
0
HO
False
1486731128.146
0
HO
False
1486731128.184
0
HO
False
1486731128.225
0
HO
False
1486731128.261
0
HO
False
1486731128.379
0
HO
False
1486731128.417
0
HO
False
1486731128.471
0
HO
False
1486731128.523
0
HO
False
1486731128.608
0
HO
False
1486731128.647
0
HO
False
1486731128.684
0
HO
False
1486731128.726
0
HO
False
1486731128.763
0
HO
False
1486731128.802
0
HO
False
1486731128.841
0
HO
False
1486731128.878
0
HO
False
1486731128.919
0
HO
False
1486731128.954
0
HO
False
1486731128.994
0
HO
False
1486731129.34
0
HO
False
1486731129.71
0
HO
False
1486731129.109
0
HO
False
1486731129.149
0
HO
False
1486731129.186
0
HO
False
1486731129.226
0
HO
False
1486731129.263
0
HO
False
1486731129.302
0
HO
False
1486731129.341
0
HO
False
1486731129.380
0
HO
False
1486731129.419
0
HO
False
1486731129.456
0
HO
False
1486731129.497
0
HO
False
1486731129.533
0
HO
False
1486731129.571
0
HO
False
1486731129.610
0
HO
False
1486731129.648
0
HO
False
1486731129.688
0
HO
False
1486731129.727
0
HO
False
1486731129.766
0
HO
False
1486731129.803
0
HO
False
1486731129.842
0
HO
False
1486731129.880
0
HO
False
1486731129.920
0
HO
False
1486731129.956
0
HO
False
1486731129.997
0
HO
False
1486731130.34
0
HO
False
1486731130.74
0
HO
False
1486731130.112
0
HO
False
1486731130.151
0
HO
False
1486731130.188
0
HO
False
1486731130.229
0
HO
False
1486731130.265
0
HO
False
1486731130.303
0
HO
False
1486731130.343
0
HO
False
1486731130.381
0
HO
False
1486731130.427
0
HO
False
1486731130.472
0
HO
False
1486731130.503
0
HO
False
1486731130.533
0
HO
False
1486731130.576
0
HO
False
1486731130.612
0
HO
False
1486731130.653
0
HO
False
1486731130.690
0
HO
False
1486731130.729
0
HO
False
1486731130.768
0
HO
False
1486731130.805
0
HO
False
1486731130.844
0
HO
False
1486731130.883
0
HO
False
1486731130.922
0
HO
False
1486731130.960
0
HO
False
1486731130.997
0
HO
False
1486731131.35
0
HO
False
1486731131.75
0
HO
False
1486731131.114
0
HO
False
1486731131.152
0
HO
False
1486731131.190
0
HO
False
1486731131.230
0
HO
False
1486731131.268
0
HO
False
1486731131.306
0
HO
False
1486731131.345
0
HO
False
1486731131.384
0
HO
False
1486731131.422
0
HO
False
1486731131.461
0
HO
False
1486731131.499
0
HO
False
1486731131.536
0
HO
False
1486731131.576
0
HO
False
1486731131.614
0
HO
False
1486731131.654
0
HO
False
1486731131.691
0
HO
False
1486731131.730
0
HO
False
1486731131.768
0
HO
False
1486731131.806
0
HO
False
1486731131.846
0
HO
False
1486731131.884
0
HO
False
1486731131.925
0
HO
False
1486731131.961
0
HO
False
1486731132.0
0
HO
False
1486731132.37
0
HO
False
1486731132.77
0
HO
False
1486731132.117
0
HO
False
1486731132.154
0
HO
False
1486731132.192
0
HO
False
1486731132.232
0
HO
False
1486731132.270
0
HO
False
1486731132.307
0
HO
False
1486731132.346
0
HO
False
1486731132.386
0
HO
False
1486731132.423
0
HO
False
1486731132.462
0
HO
False
1486731132.502
0
HO
False
1486731132.538
0
HO
False
1486731132.579
0
HO
False
1486731132.617
0
HO
False
1486731132.655
0
HO
False
1486731132.694
0
HO
False
1486731132.733
0
HO
False
1486731132.770
0
HO
False
1486731132.810
0
HO
False
1486731132.849
0
HO
False
1486731132.886
0
HO
False
1486731132.924
0
HO
False
1486731132.963
0
HO
False
1486731133.1
0
HO
False
1486731133.40
0
HO
False
1486731133.79
0
HO
False
1486731133.118
0
HO
False
1486731133.157
0
HO
False
1486731133.195
0
HO
False
1486731133.234
0
HO
False
1486731133.271
0
HO
False
1486731133.310
0
HO
False
1486731133.349
0
HO
False
1486731133.388
0
HO
False
1486731133.426
0
HO
False
1486731133.465
0
HO
False
1486731133.502
0
HO
False
1486731133.541
0
HO
False
1486731133.580
0
HO
False
1486731133.618
0
HO
False
1486731133.659
0
HO
False
1486731133.696
0
HO
False
1486731133.735
0
HO
False
1486731133.773
0
HO
False
1486731133.811
0
HO
False
1486731133.850
0
HO
False
1486731133.888
0
HO
False
1486731133.928
0
HO
False
1486731133.966
0
HO
False
1486731134.3
0
HO
False
1486731134.45
0
HO
False
1486731134.84
0
HO
False
1486731134.119
0
HO
False
1486731134.158
0
HO
False
1486731134.196
0
HO
False
1486731134.236
0
HO
False
1486731134.274
0
HO
False
1486731134.312
0
HO
False
1486731134.350
0
HO
False
1486731134.389
0
HO
False
1486731134.427
0
HO
False
1486731134.467
0
HO
False
1486731134.505
0
HO
False
1486731134.543
0
HO
False
1486731134.582
0
HO
False
1486731134.621
0
HO
False
1486731134.660
0
HO
False
1486731134.699
0
HO
False
1486731134.737
0
HO
False
1486731134.776
0
HO
False
1486731134.814
0
HO
False
1486731134.851
0
HO
False
1486731134.891
0
HO
False
1486731134.928
0
HO
False
1486731134.967
0
HO
False
1486731135.6
0
HO
False
1486731135.45
0
HO
False
1486731135.83
0
HO
False
1486731135.123
0
HO
False
1486731135.244
0
HO
False
1486731135.367
0
HO
False
1486731135.501
0
HO
False
1486731135.597
0
HO
False
1486731135.732
0
HO
False
1486731135.824
0
HO
False
1486731135.943
0
HO
False
1486731136.60
0
HO
False
1486731136.164
0
HO
False
1486731136.226
0
HO
False
1486731136.261
0
HO
False
1486731136.361
0
HO
False
1486731136.414
0
HO
False
1486731136.456
0
HO
False
1486731136.580
0
HO
False
1486731136.666
0
HO
False
1486731136.785
0
HO
False
1486731136.900
0
HO
False
1486731136.947
0
HO
False
1486731136.996
0
HO
False
1486731137.30
0
HO
False
1486731137.134
0
HO
False
1486731137.181
0
HO
False
1486731137.296
0
HO
False
1486731137.327
0
HO
False
1486731137.359
0
HO
False
1486731137.401
0
HO
False
1486731137.458
0
HO
False
1486731137.579
0
HO
False
1486731137.682
0
HO
False
1486731137.788
0
HO
False
1486731137.983
0
HO
False
1486731138.94
0
HO
False
1486731138.158
0
HO
False
1486731138.188
0
HO
False
1486731138.209
0
HO
False
1486731138.246
0
HO
False
1486731138.282
0
HO
False
1486731138.320
0
HO
False
1486731138.358
0
HO
False
1486731138.398
0
HO
False
1486731138.437
0
HO
False
1486731138.475
0
HO
False
1486731138.514
0
HO
False
1486731138.552
0
HO
False
1486731138.593
0
HO
False
1486731138.630
0
HO
False
1486731138.667
0
HO
False
1486731138.707
0
HO
False
1486731138.745
0
HO
False
1486731138.783
0
HO
False
1486731138.835
0
HO
False
