1486734010.947
0
HO
False
1486734011.68
0
HO
False
1486734011.125
0
HO
False
1486734011.238
0
HO
False
1486734011.339
0
HO
False
1486734011.411
0
HO
False
1486734011.570
0
HO
False
1486734011.678
0
HO
False
1486734011.716
0
HO
False
1486734011.749
0
HO
False
1486734011.804
0
HO
False
1486734012.63
0
HO
False
1486734012.102
0
HO
False
1486734012.137
0
HO
False
1486734012.185
0
HO
False
1486734012.226
0
HO
False
1486734012.251
0
HO
False
1486734012.283
0
HO
False
1486734012.324
0
HO
False
1486734012.361
0
HO
False
1486734012.575
0
HO
False
1486734012.685
0
HO
False
1486734012.791
0
HO
False
1486734012.823
0
HO
False
1486734012.863
0
HO
False
1486734012.903
0
HO
False
1486734012.940
0
HO
False
1486734012.977
0
HO
False
1486734013.15
0
HO
False
1486734013.55
0
HO
False
1486734013.94
0
HO
False
1486734013.132
0
HO
False
1486734013.171
0
HO
False
1486734013.212
0
HO
False
1486734013.247
0
HO
False
1486734013.286
0
HO
False
1486734013.324
0
HO
False
1486734013.363
0
HO
False
1486734013.404
0
HO
False
1486734013.441
0
HO
False
1486734013.479
0
HO
False
1486734013.517
0
HO
False
1486734013.555
0
HO
False
1486734013.593
0
HO
False
1486734013.633
0
HO
False
1486734013.672
0
HO
False
1486734013.714
0
HO
False
1486734013.747
0
HO
False
1486734013.787
0
HO
False
1486734013.826
0
HO
False
1486734013.864
0
HO
False
1486734013.905
0
HO
False
1486734013.942
0
HO
False
1486734013.980
0
HO
False
1486734014.18
0
HO
False
1486734014.58
0
HO
False
1486734014.95
0
HO
False
1486734014.134
0
HO
False
1486734014.173
0
HO
False
1486734014.212
0
HO
False
1486734014.254
0
HO
False
1486734014.291
0
HO
False
1486734014.327
0
HO
False
1486734014.366
0
HO
False
1486734014.508
0
HO
False
1486734014.619
0
HO
False
1486734014.727
0
HO
False
1486734014.762
0
HO
False
1486734014.893
0
HO
False
1486734014.984
0
HO
False
1486734015.34
0
HO
False
1486734015.82
0
HO
False
1486734015.190
0
HO
False
1486734015.237
0
HO
False
1486734015.332
0
HO
False
1486734015.386
0
HO
False
1486734015.432
0
HO
False
1486734015.464
0
HO
False
1486734015.508
0
HO
False
1486734015.602
0
HO
False
1486734015.660
0
HO
False
1486734015.755
0
HO
False
1486734015.816
0
HO
False
1486734015.853
0
HO
False
1486734015.892
0
HO
False
1486734015.925
0
HO
False
1486734016.23
0
HO
False
1486734016.81
0
HO
False
1486734016.263
0
HO
False
1486734016.303
0
HO
False
1486734016.362
0
HO
False
1486734016.389
0
HO
False
1486734016.424
0
HO
False
1486734016.686
0
HO
False
1486734016.739
0
HO
False
1486734016.837
0
HO
False
1486734016.894
0
HO
False
1486734016.994
0
HO
False
1486734017.39
0
HO
False
1486734017.84
0
HO
False
1486734017.132
0
HO
False
1486734017.157
0
HO
False
1486734017.197
0
HO
False
1486734017.297
0
HO
False
1486734017.354
0
HO
False
1486734017.459
0
HO
False
1486734017.569
0
HO
False
1486734017.767
0
HO
False
1486734017.879
0
HO
False
1486734018.82
0
HO
False
1486734018.196
0
HO
False
1486734018.382
0
HO
False
1486734018.421
0
HO
False
1486734018.482
0
HO
False
1486734018.514
0
HO
False
1486734018.615
0
HO
False
1486734018.647
0
HO
False
1486734018.682
0
HO
False
1486734018.722
0
HO
False
1486734018.759
0
HO
False
1486734018.797
0
HO
False
1486734018.836
0
HO
False
1486734018.874
0
HO
False
1486734018.914
0
HO
False
1486734018.951
0
HO
False
1486734018.991
0
HO
False
1486734019.28
0
HO
False
1486734019.67
0
HO
False
1486734019.105
0
HO
False
1486734019.144
0
HO
False
1486734019.182
0
HO
False
1486734019.223
0
HO
False
1486734019.259
0
HO
False
1486734019.299
0
HO
False
1486734019.337
0
HO
False
1486734019.375
0
HO
False
1486734019.414
0
HO
False
1486734019.454
0
HO
False
1486734019.492
0
HO
False
1486734019.529
0
HO
False
1486734019.568
0
HO
False
1486734019.607
0
HO
False
1486734019.646
0
HO
False
1486734019.684
0
HO
False
1486734019.725
0
HO
False
1486734019.769
0
HO
False
1486734019.804
0
HO
False
1486734019.838
0
HO
False
1486734019.876
0
HO
False
1486734019.915
0
HO
False
1486734019.954
0
HO
False
1486734019.992
0
HO
False
1486734020.30
0
HO
False
1486734020.71
0
HO
False
1486734020.108
0
HO
False
1486734020.146
0
HO
False
1486734020.185
0
HO
False
1486734020.224
0
HO
False
1486734020.262
0
HO
False
1486734020.300
0
HO
False
1486734020.339
0
HO
False
1486734020.377
0
HO
False
1486734020.422
0
HO
False
1486734020.468
0
HO
False
1486734020.500
0
HO
False
1486734020.532
0
HO
False
1486734020.573
0
HO
False
1486734020.607
0
HO
False
1486734020.648
0
HO
False
1486734020.686
0
HO
False
1486734020.725
0
HO
False
1486734020.763
0
HO
False
1486734020.802
0
HO
False
1486734020.840
0
HO
False
1486734020.878
0
HO
False
1486734020.917
0
HO
False
1486734020.955
0
HO
False
1486734020.995
0
HO
False
1486734021.32
0
HO
False
1486734021.72
0
HO
False
1486734021.110
0
HO
False
1486734021.148
0
HO
False
1486734021.187
0
HO
False
1486734021.226
0
HO
False
1486734021.264
0
HO
False
1486734021.303
0
HO
False
1486734021.341
0
HO
False
1486734021.379
0
HO
False
1486734021.418
0
HO
False
1486734021.456
0
HO
False
1486734021.496
0
HO
False
1486734021.534
0
HO
False
1486734021.573
0
HO
False
1486734021.611
0
HO
False
1486734021.650
0
HO
False
1486734021.687
0
HO
False
1486734021.727
0
HO
False
1486734021.765
0
HO
False
1486734021.804
0
HO
False
1486734021.843
0
HO
False
1486734021.881
0
HO
False
1486734021.922
0
HO
False
1486734021.958
0
HO
False
1486734021.996
0
HO
False
1486734022.34
0
HO
False
1486734022.73
0
HO
False
1486734022.113
0
HO
False
1486734022.151
0
HO
False
1486734022.190
0
HO
False
1486734022.227
0
HO
False
1486734022.266
0
HO
False
1486734022.304
0
HO
False
1486734022.343
0
HO
False
1486734022.381
0
HO
False
1486734022.420
0
HO
False
1486734022.459
0
HO
False
1486734022.498
0
HO
False
1486734022.536
0
HO
False
1486734022.575
0
HO
False
1486734022.614
0
HO
False
1486734022.652
0
HO
False
1486734022.690
0
HO
False
1486734022.728
0
HO
False
1486734022.767
0
HO
False
1486734022.806
0
HO
False
1486734022.844
0
HO
False
1486734022.884
0
HO
False
1486734022.922
0
HO
False
1486734022.960
0
HO
False
1486734022.999
0
HO
False
1486734023.37
0
HO
False
1486734023.75
0
HO
False
1486734023.113
0
HO
False
1486734023.153
0
HO
False
1486734023.191
0
HO
False
1486734023.229
0
HO
False
1486734023.268
0
HO
False
1486734023.307
0
HO
False
1486734023.346
0
HO
False
1486734023.385
0
HO
False
1486734023.422
0
HO
False
1486734023.462
0
HO
False
1486734023.500
0
HO
False
1486734023.538
0
HO
False
1486734023.576
0
HO
False
1486734023.632
0
HO
False
1486734023.682
0
HO
False
1486734023.708
0
HO
False
1486734023.732
0
HO
False
1486734023.772
0
HO
False
1486734023.811
0
HO
False
1486734023.847
0
HO
False
1486734023.885
0
HO
False
1486734023.924
0
HO
False
1486734023.962
0
HO
False
1486734023.1000
0
HO
False
1486734024.232
0
HO
False
1486734024.270
0
HO
False
1486734024.310
0
HO
False
1486734024.347
0
HO
False
1486734024.386
0
HO
False
1486734024.425
0
HO
False
1486734024.464
0
HO
False
1486734024.502
0
HO
False
1486734024.539
0
HO
False
1486734024.579
0
HO
False
1486734024.618
0
HO
False
1486734024.655
0
HO
False
1486734024.694
0
HO
False
1486734024.746
0
HO
False
1486734024.788
0
HO
False
1486734024.807
0
HO
False
1486734024.850
0
HO
False
1486734024.887
0
HO
False
1486734024.925
0
HO
False
1486734024.964
0
HO
False
1486734025.3
0
HO
False
1486734025.43
0
HO
False
1486734025.80
0
HO
False
1486734025.118
0
HO
False
1486734025.157
0
HO
False
1486734025.195
0
HO
False
1486734025.233
0
HO
False
1486734025.276
0
HO
False
1486734025.312
0
HO
False
1486734025.350
0
HO
False
1486734025.388
0
HO
False
1486734025.427
0
HO
False
1486734025.465
0
HO
False
1486734025.504
0
HO
False
1486734025.542
0
HO
False
1486734025.597
0
HO
False
1486734025.628
0
HO
False
1486734025.667
0
HO
False
1486734025.709
0
HO
False
1486734025.739
0
HO
False
1486734025.775
0
HO
False
1486734025.812
0
HO
False
1486734025.850
0
HO
False
1486734025.889
0
HO
False
1486734025.927
0
HO
False
1486734025.966
0
HO
False
1486734026.4
0
HO
False
1486734026.42
0
HO
False
1486734026.84
0
HO
False
1486734026.121
0
HO
False
1486734026.159
0
HO
False
1486734026.198
0
HO
False
1486734026.236
0
HO
False
1486734026.275
0
HO
False
1486734026.313
0
HO
False
1486734026.352
0
HO
False
1486734026.390
0
HO
False
1486734026.429
0
HO
False
1486734026.468
0
HO
False
1486734026.529
0
HO
False
1486734026.622
0
HO
False
1486734026.664
0
HO
False
1486734026.701
0
HO
False
1486734026.738
0
HO
False
1486734026.778
0
HO
False
1486734026.815
0
HO
False
1486734026.854
0
HO
False
1486734026.892
0
HO
False
1486734026.930
0
HO
False
1486734026.971
0
HO
False
1486734027.6
0
HO
False
1486734027.45
0
HO
False
1486734027.86
0
HO
False
1486734027.126
0
HO
False
1486734027.162
0
HO
False
1486734027.208
0
HO
False
1486734027.242
0
HO
False
1486734027.278
0
HO
False
1486734027.469
0
HO
False
1486734027.508
0
HO
False
1486734027.546
0
HO
False
1486734027.585
0
HO
False
1486734027.625
0
HO
False
1486734027.662
0
HO
False
1486734027.700
0
HO
False
1486734027.738
0
HO
False
1486734027.777
0
HO
False
1486734027.817
0
HO
False
1486734027.855
0
HO
False
1486734027.894
0
HO
False
1486734027.932
0
HO
False
1486734027.972
0
HO
False
1486734028.9
0
HO
False
1486734028.48
0
HO
False
1486734028.87
0
HO
False
1486734028.126
0
HO
False
1486734028.163
0
HO
False
1486734028.202
0
HO
False
1486734028.239
0
HO
False
1486734028.279
0
HO
False
1486734028.320
0
HO
False
1486734028.355
0
HO
False
1486734028.395
0
HO
False
1486734028.432
0
HO
False
1486734028.471
0
HO
False
1486734028.512
0
HO
False
1486734028.550
0
HO
False
1486734028.586
0
HO
False
1486734028.627
0
HO
False
1486734028.664
0
HO
False
1486734028.710
0
HO
False
1486734028.821
0
HO
False
1486734028.857
0
HO
False
1486734028.896
0
HO
False
1486734028.935
0
HO
False
1486734028.972
0
HO
False
1486734029.14
0
HO
False
1486734029.50
0
HO
False
1486734029.89
0
HO
False
1486734029.127
0
HO
False
1486734029.166
0
HO
False
1486734029.204
0
HO
False
1486734029.243
0
HO
False
1486734029.280
0
HO
False
1486734029.322
0
HO
False
1486734029.358
0
HO
False
1486734029.398
0
HO
False
1486734029.435
0
HO
False
1486734029.474
0
HO
False
1486734029.514
0
HO
False
1486734029.551
0
HO
False
1486734029.589
0
HO
False
1486734029.628
0
HO
False
1486734029.667
0
HO
False
1486734029.705
0
HO
False
1486734029.743
0
HO
False
1486734029.782
0
HO
False
1486734029.822
0
HO
False
1486734029.858
0
HO
False
1486734029.898
0
HO
False
1486734029.936
0
HO
False
1486734029.975
0
HO
False
1486734030.14
0
HO
False
1486734030.52
0
HO
False
1486734030.91
0
HO
False
1486734030.128
0
HO
False
1486734030.168
0
HO
False
1486734030.214
0
HO
False
1486734030.247
0
HO
False
1486734030.283
0
HO
False
1486734030.324
0
HO
False
1486734030.359
0
HO
False
1486734030.398
0
HO
False
1486734030.448
0
HO
False
1486734030.489
0
HO
False
1486734030.529
0
HO
False
1486734030.555
0
HO
False
1486734030.591
0
HO
False
1486734030.633
0
HO
False
1486734030.669
0
HO
False
1486734030.706
0
HO
False
1486734030.746
0
HO
False
1486734030.784
0
HO
False
1486734030.827
0
HO
False
1486734030.862
0
HO
False
1486734030.900
0
HO
False
1486734030.937
0
HO
False
1486734030.977
0
HO
False
1486734031.15
0
HO
False
1486734031.54
0
HO
False
1486734031.93
0
HO
False
1486734031.133
0
HO
False
1486734031.170
0
HO
False
1486734031.208
0
HO
False
1486734031.246
0
HO
False
1486734031.286
0
HO
False
1486734031.326
0
HO
False
1486734031.361
0
HO
False
1486734031.401
0
HO
False
1486734031.439
0
HO
False
1486734031.478
0
HO
False
1486734031.516
0
HO
False
1486734031.555
0
HO
False
1486734031.594
0
HO
False
1486734031.634
0
HO
False
1486734031.672
0
HO
False
1486734031.715
0
HO
False
1486734031.748
0
HO
False
1486734031.786
0
HO
False
1486734031.828
0
HO
False
1486734031.863
0
HO
False
1486734031.903
0
HO
False
1486734031.943
0
HO
False
1486734031.980
0
HO
False
1486734032.18
0
HO
False
1486734032.56
0
HO
False
1486734032.95
0
HO
False
1486734032.134
0
HO
False
1486734032.171
0
HO
False
1486734032.211
0
HO
False
1486734032.250
0
HO
False
1486734032.286
0
HO
False
1486734032.327
0
HO
False
1486734032.365
0
HO
False
1486734032.405
0
HO
False
1486734032.445
0
HO
False
1486734032.480
0
HO
False
1486734032.519
0
HO
False
1486734032.557
0
HO
False
1486734032.596
0
HO
False
1486734032.636
0
HO
False
1486734032.674
0
HO
False
1486734032.712
0
HO
False
1486734032.750
0
HO
False
1486734032.788
0
HO
False
1486734032.827
0
HO
False
1486734032.866
0
HO
False
1486734032.903
0
HO
False
1486734032.944
0
HO
False
1486734032.981
0
HO
False
1486734033.19
0
HO
False
1486734033.57
0
HO
False
1486734033.97
0
HO
False
1486734033.137
0
HO
False
1486734033.174
0
HO
False
1486734033.218
0
HO
False
1486734033.253
0
HO
False
1486734033.289
0
HO
False
1486734033.328
0
HO
False
1486734033.366
0
HO
False
1486734033.405
0
HO
False
1486734033.447
0
HO
False
1486734033.482
0
HO
False
1486734033.521
0
HO
False
1486734033.560
0
HO
False
1486734033.598
0
HO
False
1486734033.638
0
HO
False
1486734033.676
0
HO
False
1486734033.713
0
HO
False
1486734033.753
0
HO
False
1486734033.790
0
HO
False
1486734033.829
0
HO
False
1486734033.867
0
HO
False
1486734033.905
0
HO
False
1486734033.946
0
HO
False
1486734033.983
0
HO
False
1486734034.22
0
HO
False
1486734034.60
0
HO
False
1486734034.99
0
HO
False
1486734034.142
0
HO
False
1486734034.177
0
HO
False
1486734034.214
0
HO
False
1486734034.255
0
HO
False
1486734034.290
0
HO
False
1486734034.330
0
HO
False
1486734034.368
0
HO
False
1486734034.406
0
HO
False
1486734034.447
0
HO
False
1486734034.484
0
HO
False
1486734034.522
0
HO
False
1486734034.561
0
HO
False
1486734034.601
0
HO
False
1486734034.641
0
HO
False
1486734034.676
0
HO
False
1486734034.724
0
HO
False
1486734034.758
0
HO
False
1486734034.795
0
HO
False
1486734034.832
0
HO
False
1486734034.870
0
HO
False
1486734034.908
0
HO
False
1486734034.949
0
HO
False
1486734034.986
0
HO
False
1486734035.23
0
HO
False
1486734035.63
0
HO
False
1486734035.101
0
HO
False
1486734035.139
0
HO
False
1486734035.178
0
HO
False
1486734035.216
0
HO
False
1486734035.256
0
HO
False
1486734035.294
0
HO
False
1486734035.334
0
HO
False
1486734035.369
0
HO
False
1486734035.408
0
HO
False
1486734035.450
0
HO
False
1486734035.487
0
HO
False
1486734035.524
0
HO
False
1486734035.563
0
HO
False
1486734035.603
0
HO
False
1486734035.640
0
HO
False
1486734035.679
0
HO
False
1486734035.718
0
HO
False
1486734035.759
0
HO
False
1486734035.794
0
HO
False
1486734035.833
0
HO
False
1486734035.872
0
HO
False
1486734035.910
0
HO
False
1486734035.948
0
HO
False
1486734035.987
0
HO
False
1486734036.25
0
HO
False
1486734036.65
0
HO
False
1486734036.103
0
HO
False
1486734036.142
0
HO
False
1486734036.179
0
HO
False
1486734036.218
0
HO
False
1486734036.259
0
HO
False
1486734036.294
0
HO
False
1486734036.333
0
HO
False
1486734036.373
0
HO
False
1486734036.411
0
HO
False
1486734036.450
0
HO
False
1486734036.489
0
HO
False
1486734036.527
0
HO
False
1486734036.566
0
HO
False
1486734036.604
0
HO
False
1486734036.642
0
HO
False
1486734036.681
0
HO
False
1486734036.720
0
HO
False
1486734036.760
0
HO
False
1486734036.796
0
HO
False
1486734036.836
0
HO
False
1486734036.873
0
HO
False
1486734036.912
0
HO
False
1486734036.950
0
HO
False
1486734036.990
0
HO
False
1486734037.27
0
HO
False
1486734037.68
0
HO
False
1486734037.106
0
HO
False
1486734037.144
0
HO
False
1486734037.183
0
HO
False
1486734037.222
0
HO
False
1486734037.261
0
HO
False
1486734037.298
0
HO
False
1486734037.337
0
HO
False
1486734037.374
0
HO
False
1486734037.415
0
HO
False
1486734037.452
0
HO
False
1486734037.489
0
HO
False
1486734037.529
0
HO
False
1486734037.569
0
HO
False
1486734037.607
0
HO
False
1486734037.645
0
HO
False
1486734037.683
0
HO
False
1486734037.722
0
HO
False
1486734037.764
0
HO
False
1486734037.799
0
HO
False
1486734037.838
0
HO
False
1486734037.876
0
HO
False
1486734037.914
0
HO
False
1486734037.952
0
HO
False
1486734037.992
0
HO
False
1486734038.29
0
HO
False
1486734038.70
0
HO
False
1486734038.107
0
HO
False
1486734038.146
0
HO
False
1486734038.185
0
HO
False
1486734038.223
0
HO
False
1486734038.263
0
HO
False
1486734038.299
0
HO
False
1486734038.338
0
HO
False
1486734038.377
0
HO
False
1486734038.416
0
HO
False
1486734038.454
0
HO
False
1486734038.492
0
HO
False
1486734038.531
0
HO
False
1486734038.571
0
HO
False
1486734038.608
0
HO
False
1486734038.646
0
HO
False
1486734038.686
0
HO
False
1486734038.723
0
HO
False
1486734038.764
0
HO
False
1486734038.801
0
HO
False
1486734038.840
0
HO
False
1486734038.878
0
HO
False
1486734038.916
0
HO
False
1486734038.954
0
HO
False
1486734038.995
0
HO
False
1486734039.32
0
HO
False
1486734039.71
0
HO
False
1486734039.109
0
HO
False
1486734039.147
0
HO
False
1486734039.186
0
HO
False
1486734039.224
0
HO
False
1486734039.266
0
HO
False
1486734039.302
0
HO
False
1486734039.341
0
HO
False
1486734039.378
0
HO
False
1486734039.418
0
HO
False
1486734039.457
0
HO
False
1486734039.496
0
HO
False
1486734039.533
0
HO
False
1486734039.574
0
HO
False
1486734039.609
0
HO
False
1486734039.649
0
HO
False
1486734039.688
0
HO
False
1486734039.726
0
HO
False
1486734039.767
0
HO
False
1486734039.804
0
HO
False
1486734039.841
0
HO
False
1486734039.879
0
HO
False
1486734039.918
0
HO
False
1486734039.956
0
HO
False
1486734039.995
0
HO
False
1486734040.34
0
HO
False
1486734040.74
0
HO
False
1486734040.112
0
HO
False
1486734040.150
0
HO
False
1486734040.190
0
HO
False
1486734040.227
0
HO
False
1486734040.267
0
HO
False
1486734040.305
0
HO
False
1486734040.343
0
HO
False
1486734040.380
0
HO
False
1486734040.435
0
HO
False
1486734040.470
0
HO
False
1486734040.501
0
HO
False
1486734040.537
0
HO
False
1486734040.580
0
HO
False
1486734040.613
0
HO
False
1486734040.650
0
HO
False
1486734040.690
0
HO
False
1486734040.729
0
HO
False
1486734040.772
0
HO
False
1486734040.804
0
HO
False
1486734040.843
0
HO
False
1486734040.882
0
HO
False
1486734040.920
0
HO
False
1486734040.959
0
HO
False
1486734040.999
0
HO
False
1486734041.35
0
HO
False
1486734041.77
0
HO
False
1486734041.113
0
HO
False
1486734041.152
0
HO
False
1486734041.191
0
HO
False
1486734041.230
0
HO
False
1486734041.270
0
HO
False
1486734041.307
0
HO
False
1486734041.345
0
HO
False
1486734041.383
0
HO
False
1486734041.422
0
HO
False
1486734041.460
0
HO
False
1486734041.499
0
HO
False
1486734041.537
0
HO
False
1486734041.578
0
HO
False
1486734041.615
0
HO
False
1486734041.653
0
HO
False
1486734041.691
0
HO
False
1486734041.731
0
HO
False
1486734041.771
0
HO
False
1486734041.807
0
HO
False
1486734041.846
0
HO
False
1486734041.884
0
HO
False
1486734041.923
0
HO
False
1486734041.962
0
HO
False
1486734042.0
0
HO
False
1486734042.38
0
HO
False
1486734042.79
0
HO
False
1486734042.115
0
HO
False
1486734042.156
0
HO
False
1486734042.193
0
HO
False
1486734042.236
0
HO
False
1486734042.273
0
HO
False
1486734042.310
0
HO
False
1486734042.346
0
HO
False
1486734042.386
0
HO
False
1486734042.424
0
HO
False
1486734042.462
0
HO
False
1486734042.501
0
HO
False
1486734042.539
0
HO
False
1486734042.580
0
HO
False
1486734042.617
0
HO
False
1486734042.655
0
HO
False
1486734042.693
0
HO
False
1486734042.731
0
HO
False
1486734042.773
0
HO
False
1486734042.810
0
HO
False
1486734042.848
0
HO
False
1486734042.886
0
HO
False
1486734042.924
0
HO
False
1486734042.964
0
HO
False
1486734043.2
0
HO
False
1486734043.40
0
HO
False
1486734043.81
0
HO
False
1486734043.117
0
HO
False
1486734043.156
0
HO
False
1486734043.195
0
HO
False
1486734043.233
0
HO
False
1486734043.275
0
HO
False
1486734043.311
0
HO
False
1486734043.350
0
HO
False
1486734043.387
0
HO
False
1486734043.426
0
HO
False
1486734043.465
0
HO
False
1486734043.504
0
HO
False
1486734043.542
0
HO
False
1486734043.583
0
HO
False
1486734043.618
0
HO
False
1486734043.657
0
HO
False
1486734043.695
0
HO
False
1486734043.741
0
HO
False
1486734043.775
0
HO
False
1486734043.812
0
HO
False
1486734043.850
0
HO
False
1486734043.888
0
HO
False
1486734043.927
0
HO
False
1486734043.966
0
HO
False
1486734044.4
0
HO
False
1486734044.43
0
HO
False
1486734044.83
0
HO
False
1486734044.119
0
HO
False
1486734044.157
0
HO
False
1486734044.197
0
HO
False
1486734044.236
0
HO
False
1486734044.275
0
HO
False
1486734044.313
0
HO
False
1486734044.352
0
HO
False
1486734044.391
0
HO
False
1486734044.427
0
HO
False
1486734044.465
0
HO
False
1486734044.505
0
HO
False
1486734044.543
0
HO
False
1486734044.584
0
HO
False
1486734044.620
0
HO
False
1486734044.658
0
HO
False
1486734044.698
0
HO
False
1486734044.737
0
HO
False
1486734044.774
0
HO
False
1486734044.826
0
HO
False
1486734044.853
0
HO
False
1486734044.892
0
HO
False
1486734044.929
0
HO
False
1486734044.967
0
HO
False
1486734045.6
0
HO
False
1486734045.46
0
HO
False
1486734045.85
0
HO
False
1486734045.121
0
HO
False
1486734045.161
0
HO
False
1486734045.198
0
HO
False
1486734045.246
0
HO
False
1486734045.277
0
HO
False
1486734045.313
0
HO
False
1486734045.354
0
HO
False
1486734045.394
0
HO
False
1486734045.430
0
HO
False
1486734045.469
0
HO
False
1486734045.508
0
HO
False
1486734045.547
0
HO
False
1486734045.586
0
HO
False
1486734045.643
0
HO
False
1486734045.749
0
HO
False
1486734045.872
0
HO
False
1486734046.52
0
HO
False
1486734046.103
0
HO
False
1486734046.148
0
HO
False
1486734046.241
0
HO
False
1486734046.295
0
HO
False
1486734046.404
0
HO
False
1486734046.453
0
HO
False
1486734046.492
0
HO
False
1486734046.591
0
HO
False
1486734046.638
0
HO
False
1486734046.686
0
HO
False
1486734046.722
0
HO
False
1486734046.766
0
HO
False
1486734046.870
0
HO
False
1486734046.973
0
HO
False
1486734047.16
0
HO
False
1486734047.52
0
HO
False
1486734047.89
0
HO
False
1486734047.127
0
HO
False
1486734047.164
0
HO
False
1486734047.203
0
HO
False
1486734047.243
0
HO
False
1486734047.281
62
HA
True
1486734047.319
62
HA
True
1486734047.358
62
HA
True
1486734047.398
65
HA
True
1486734047.435
65
HA
True
1486734047.473
65
HA
True
1486734047.511
68
HO
True
1486734047.551
68
HO
True
1486734047.592
68
HO
True
1486734047.627
69
HO
True
1486734047.666
69
HO
True
1486734047.704
69
HO
True
1486734047.743
70
HB
True
1486734047.781
70
HB
True
1486734047.820
70
HB
True
1486734047.858
46
HB
True
1486734047.899
46
HB
True
1486734047.936
46
HB
True
1486734047.976
0
HO
False
1486734048.11
0
HO
False
1486734048.51
0
HO
False
1486734048.92
0
HO
False
1486734048.128
0
HO
False
1486734048.166
0
HO
False
1486734048.208
0
HO
False
1486734048.250
0
HO
False
1486734048.282
0
HO
False
1486734048.320
0
HO
False
1486734048.359
0
HO
False
1486734048.401
0
HO
False
1486734048.436
0
HO
False
1486734048.475
0
HO
False
1486734048.515
0
HO
False
1486734048.552
0
HO
False
1486734048.595
0
HO
False
1486734048.632
0
HO
False
1486734048.667
0
HO
False
1486734048.709
0
HO
False
1486734048.744
0
HO
False
1486734048.783
0
HO
False
1486734048.822
0
HO
False
1486734048.861
0
HO
False
1486734048.901
0
HO
False
1486734048.937
0
HO
False
1486734048.977
0
HO
False
1486734049.15
0
HO
False
1486734049.54
0
HO
False
1486734049.92
0
HO
False
1486734049.132
0
HO
False
1486734049.169
0
HO
False
1486734049.211
0
HO
False
1486734049.245
0
HO
False
1486734049.285
0
HO
False
1486734049.324
0
HO
False
1486734049.362
0
HO
False
1486734049.401
0
HO
False
1486734049.438
0
HO
False
1486734049.477
0
HO
False
1486734049.518
0
HO
False
1486734049.553
0
HO
False
1486734049.592
0
HO
False
1486734049.632
0
HO
False
1486734049.670
0
HO
False
1486734049.711
0
HO
False
1486734049.754
0
HO
False
1486734049.786
0
HO
False
1486734049.825
0
HO
False
1486734049.884
0
HO
False
1486734049.979
0
HO
False
1486734050.37
0
HO
False
1486734050.132
0
HO
False
1486734050.171
0
HO
False
1486734050.211
0
HO
False
1486734050.247
0
HO
False
1486734050.286
0
HO
False
1486734050.325
0
HO
False
1486734050.364
0
HO
False
1486734050.411
0
HO
False
1486734050.449
0
HO
False
1486734050.487
0
HO
False
1486734050.522
0
HO
False
1486734050.561
0
HO
False
1486734050.597
0
HO
False
1486734050.634
0
HO
False
1486734050.673
0
HO
False
1486734050.712
0
HO
False
1486734050.748
0
HO
False
1486734050.786
0
HO
False
1486734050.825
0
HO
False
1486734050.864
0
HO
False
1486734050.905
0
HO
False
1486734050.942
0
HO
False
1486734050.993
0
HO
False
1486734051.45
0
HO
False
1486734051.93
0
HO
False
1486734051.117
0
HO
False
1486734051.145
0
HO
False
1486734051.177
0
HO
False
1486734051.293
0
HO
False
1486734051.330
0
HO
False
1486734051.366
0
HO
False
1486734051.406
0
HO
False
1486734051.444
0
HO
False
1486734051.482
0
HO
False
1486734051.519
0
HO
False
1486734051.558
0
HO
False
1486734051.597
0
HO
False
1486734051.635
0
HO
False
1486734051.676
0
HO
False
1486734051.714
0
HO
False
1486734051.752
0
HO
False
1486734051.789
0
HO
False
1486734051.827
0
HO
False
1486734051.866
0
HO
False
1486734051.907
0
HO
False
1486734051.943
0
HO
False
1486734051.982
0
HO
False
1486734052.22
0
HO
False
1486734052.58
0
HO
False
1486734052.97
0
HO
False
1486734052.137
0
HO
False
1486734052.175
0
HO
False
1486734052.214
0
HO
False
1486734052.252
0
HO
False
1486734052.290
0
HO
False
1486734052.328
0
HO
False
1486734052.368
0
HO
False
1486734052.410
0
HO
False
1486734052.446
0
HO
False
1486734052.485
0
HO
False
1486734052.522
0
HO
False
1486734052.561
0
HO
False
1486734052.599
0
HO
False
1486734052.638
0
HO
False
1486734052.679
0
HO
False
1486734052.716
0
HO
False
1486734052.760
0
HO
False
1486734052.795
0
HO
False
1486734052.829
0
HO
False
1486734052.870
0
HO
False
1486734052.908
0
HO
False
1486734052.946
0
HO
False
1486734052.985
0
HO
False
1486734053.22
0
HO
False
1486734053.62
0
HO
False
1486734053.99
0
HO
False
1486734053.138
0
HO
False
1486734053.176
0
HO
False
1486734053.218
0
HO
False
1486734053.254
0
HO
False
1486734053.294
0
HO
False
1486734053.330
0
HO
False
1486734053.370
0
HO
False
1486734053.411
0
HO
False
1486734053.446
0
HO
False
1486734053.485
0
HO
False
1486734053.525
65
HB
True
1486734053.562
65
HB
True
1486734053.602
65
HB
True
1486734053.642
59
HB
True
1486734053.677
59
HB
True
1486734053.718
59
HB
True
1486734053.755
56
HO
True
1486734053.794
56
HO
True
1486734053.833
56
HO
True
1486734053.870
56
HO
True
1486734053.911
56
HO
True
1486734053.949
56
HO
True
1486734053.986
54
HA
True
1486734054.25
54
HA
True
1486734054.63
54
HA
True
1486734054.102
46
HA
True
1486734054.140
46
HA
True
1486734054.179
46
HA
True
1486734054.220
0
HO
False
1486734054.262
0
HO
False
1486734054.294
0
HO
False
1486734054.334
0
HO
False
1486734054.371
0
HO
False
1486734054.412
0
HO
False
1486734054.449
0
HO
False
1486734054.489
0
HO
False
1486734054.525
0
HO
False
1486734054.564
0
HO
False
1486734054.604
0
HO
False
1486734054.642
0
HO
False
1486734054.682
0
HO
False
1486734054.721
0
HO
False
1486734054.758
0
HO
False
1486734054.796
0
HO
False
1486734054.835
0
HO
False
1486734054.873
0
HO
False
1486734054.914
0
HO
False
1486734054.949
0
HO
False
1486734054.989
0
HO
False
1486734055.27
0
HO
False
1486734055.85
0
HO
False
1486734055.258
0
HO
False
1486734055.321
0
HO
False
1486734055.348
0
HO
False
1486734055.374
0
HO
False
1486734055.413
0
HO
False
1486734055.451
0
HO
False
1486734055.489
0
HO
False
1486734055.529
0
HO
False
1486734055.567
0
HO
False
1486734055.605
0
HO
False
1486734055.644
0
HO
False
1486734055.683
0
HO
False
1486734055.723
0
HO
False
1486734055.765
0
HO
False
1486734055.796
0
HO
False
1486734055.839
0
HO
False
1486734055.875
0
HO
False
1486734055.914
0
HO
False
1486734055.953
0
HO
False
1486734055.991
0
HO
False
1486734056.32
0
HO
False
1486734056.68
0
HO
False
1486734056.123
0
HO
False
1486734056.235
0
HO
False
1486734056.301
0
HO
False
1486734056.377
0
HO
False
1486734056.414
0
HO
False
1486734056.454
0
HO
False
1486734056.491
0
HO
False
1486734056.531
0
HO
False
1486734056.569
0
HO
False
1486734056.607
0
HO
False
1486734056.645
0
HO
False
1486734056.684
0
HO
False
1486734056.722
0
HO
False
1486734056.761
0
HO
False
1486734056.799
0
HO
False
1486734056.838
0
HO
False
1486734056.877
0
HO
False
1486734056.915
0
HO
False
1486734056.954
0
HO
False
1486734056.992
0
HO
False
1486734057.33
0
HO
False
1486734057.70
0
HO
False
1486734057.108
0
HO
False
1486734057.146
0
HO
False
1486734057.186
0
HO
False
1486734057.224
0
HO
False
1486734057.270
0
HO
False
1486734057.300
0
HO
False
1486734057.341
0
HO
False
1486734057.378
0
HO
False
1486734057.417
0
HO
False
1486734057.463
0
HO
False
1486734057.496
0
HO
False
1486734057.533
0
HO
False
1486734057.571
0
HO
False
1486734057.609
0
HO
False
1486734057.648
0
HO
False
1486734057.687
0
HO
False
1486734057.725
0
HO
False
1486734057.763
0
HO
False
1486734057.803
61
HA
True
1486734057.842
61
HA
True
1486734057.880
61
HA
True
1486734057.917
65
HA
True
1486734057.957
65
HA
True
1486734057.995
65
HA
True
1486734058.33
65
HO
True
1486734058.73
65
HO
True
1486734058.110
65
HO
True
1486734058.149
68
HO
True
1486734058.188
68
HO
True
1486734058.225
68
HO
True
1486734058.264
68
HB
True
1486734058.302
68
HB
True
1486734058.344
68
HB
True
1486734058.380
50
HB
True
1486734058.419
50
HB
True
1486734058.458
50
HB
True
1486734058.496
0
HO
False
1486734058.536
0
HO
False
1486734058.572
0
HO
False
1486734058.611
0
HO
False
1486734058.652
0
HO
False
1486734058.688
0
HO
False
1486734058.727
0
HO
False
1486734058.771
0
HO
False
1486734058.803
0
HO
False
1486734058.846
0
HO
False
1486734058.883
0
HO
False
1486734058.920
0
HO
False
1486734058.958
0
HO
False
1486734058.997
0
HO
False
1486734059.35
0
HO
False
1486734059.75
0
HO
False
1486734059.113
0
HO
False
1486734059.152
0
HO
False
1486734059.189
0
HO
False
1486734059.227
0
HO
False
1486734059.268
0
HO
False
1486734059.305
0
HO
False
1486734059.346
0
HO
False
1486734059.381
0
HO
False
1486734059.420
0
HO
False
1486734059.459
0
HO
False
1486734059.498
0
HO
False
1486734059.536
0
HO
False
1486734059.575
0
HO
False
1486734059.613
0
HO
False
1486734059.655
0
HO
False
1486734059.691
0
HO
False
1486734059.730
0
HO
False
1486734059.768
0
HO
False
1486734059.806
0
HO
False
1486734059.850
0
HO
False
1486734059.884
0
HO
False
1486734059.923
0
HO
False
1486734059.960
0
HO
False
1486734059.999
0
HO
False
1486734060.40
0
HO
False
1486734060.75
0
HO
False
1486734060.115
0
HO
False
1486734060.155
0
HO
False
1486734060.209
0
HO
False
1486734060.307
0
HO
False
1486734060.349
0
HO
False
1486734060.385
0
HO
False
1486734060.512
0
HO
False
1486734060.552
0
HO
False
1486734060.581
0
HO
False
1486734060.615
0
HO
False
1486734060.657
0
HO
False
1486734060.693
0
HO
False
1486734060.732
0
HO
False
1486734060.770
0
HO
False
1486734060.807
0
HO
False
1486734060.849
0
HO
False
1486734060.885
0
HO
False
1486734060.925
0
HO
False
1486734060.962
0
HO
False
1486734061.10
0
HO
False
1486734061.56
0
HO
False
1486734061.100
0
HO
False
1486734061.120
0
HO
False
1486734061.156
0
HO
False
1486734061.194
0
HO
False
1486734061.232
0
HO
False
1486734061.271
0
HO
False
1486734061.310
0
HO
False
1486734061.351
0
HO
False
1486734061.405
0
HO
False
1486734061.502
0
HO
False
1486734061.540
0
HO
False
1486734061.579
0
HO
False
1486734061.624
0
HO
False
1486734061.734
0
HO
False
1486734061.776
0
HO
False
1486734061.811
0
HO
False
1486734061.850
0
HO
False
1486734061.887
0
HO
False
1486734061.926
0
HO
False
1486734061.968
0
HO
False
1486734062.4
0
HO
False
1486734062.40
0
HO
False
1486734062.80
0
HO
False
1486734062.118
0
HO
False
1486734062.159
0
HO
False
1486734062.195
0
HO
False
1486734062.235
0
HO
False
1486734062.273
0
HO
False
1486734062.312
0
HO
False
1486734062.349
0
HO
False
1486734062.389
0
HO
False
1486734062.426
0
HO
False
1486734062.468
0
HO
False
1486734062.504
0
HO
False
1486734062.542
0
HO
False
1486734062.581
0
HO
False
1486734062.620
0
HO
False
1486734062.662
0
HO
False
1486734062.697
0
HO
False
1486734062.736
0
HO
False
1486734062.773
0
HO
False
1486734062.812
0
HO
False
1486734062.852
0
HO
False
1486734062.889
0
HO
False
1486734062.928
0
HO
False
1486734062.970
0
HO
False
1486734063.4
0
HO
False
1486734063.43
0
HO
False
1486734063.82
0
HO
False
1486734063.121
0
HO
False
1486734063.161
0
HO
False
1486734063.198
0
HO
False
1486734063.236
0
HO
False
1486734063.279
0
HO
False
1486734063.315
0
HO
False
1486734063.353
0
HO
False
1486734063.391
0
HO
False
1486734063.429
0
HO
False
1486734063.469
0
HO
False
1486734063.506
0
HO
False
1486734063.544
0
HO
False
1486734063.582
0
HO
False
1486734063.623
0
HO
False
1486734063.663
0
HO
False
1486734063.699
0
HO
False
1486734063.737
0
HO
False
1486734063.776
0
HO
False
1486734063.816
0
HO
False
1486734063.854
0
HO
False
1486734063.892
0
HO
False
1486734063.931
0
HO
False
1486734063.972
0
HO
False
1486734064.8
0
HO
False
1486734064.46
0
HO
False
1486734064.85
0
HO
False
1486734064.123
0
HO
False
1486734064.163
0
HO
False
1486734064.200
0
HO
False
1486734064.239
0
HO
False
1486734064.276
59
HB
True
1486734064.317
59
HB
True
1486734064.355
59
HB
True
1486734064.394
60
HB
True
1486734064.431
60
HB
True
1486734064.470
60
HB
True
1486734064.509
59
HO
True
1486734064.548
59
HO
True
1486734064.585
59
HO
True
1486734064.623
55
HO
True
1486734064.666
55
HO
True
1486734064.702
55
HO
True
1486734064.739
46
HA
True
1486734064.782
46
HA
True
1486734064.816
46
HA
True
1486734064.855
0
HO
False
1486734064.895
0
HO
False
1486734064.932
0
HO
False
1486734064.974
0
HO
False
1486734065.9
0
HO
False
1486734065.48
0
HO
False
1486734065.87
0
HO
False
1486734065.125
0
HO
False
1486734065.165
0
HO
False
1486734065.202
0
HO
False
1486734065.241
0
HO
False
1486734065.279
0
HO
False
1486734065.318
0
HO
False
1486734065.356
0
HO
False
1486734065.396
0
HO
False
1486734065.434
0
HO
False
1486734065.473
0
HO
False
1486734065.510
0
HO
False
1486734065.574
0
HO
False
1486734065.746
0
HO
False
1486734065.804
0
HO
False
1486734065.831
0
HO
False
1486734065.861
0
HO
False
1486734065.896
0
HO
False
1486734065.938
0
HO
False
1486734065.976
0
HO
False
1486734066.11
0
HO
False
1486734066.50
0
HO
False
1486734066.88
0
HO
False
1486734066.126
0
HO
False
1486734066.168
0
HO
False
1486734066.203
0
HO
False
1486734066.242
0
HO
False
1486734066.283
0
HO
False
1486734066.319
0
HO
False
1486734066.358
0
HO
False
1486734066.396
0
HO
False
1486734066.435
0
HO
False
1486734066.476
0
HO
False
1486734066.530
0
HO
False
1486734066.627
0
HO
False
1486734066.668
0
HO
False
1486734066.718
0
HO
False
1486734066.772
0
HO
False
1486734066.794
0
HO
False
1486734066.822
0
HO
False
1486734066.865
0
HO
False
1486734066.900
0
HO
False
1486734066.936
0
HO
False
1486734066.977
0
HO
False
1486734067.13
0
HO
False
1486734067.52
0
HO
False
1486734067.91
0
HO
False
1486734067.129
0
HO
False
1486734067.170
0
HO
False
1486734067.207
0
HO
False
1486734067.246
0
HO
False
1486734067.284
0
HO
False
1486734067.322
0
HO
False
1486734067.363
0
HO
False
1486734067.402
0
HO
False
1486734067.437
0
HO
False
1486734067.477
0
HO
False
1486734067.514
0
HO
False
1486734067.554
0
HO
False
1486734067.595
0
HO
False
1486734067.630
0
HO
False
1486734067.671
0
HO
False
1486734067.707
0
HO
False
1486734067.746
0
HO
False
1486734067.786
0
HO
False
1486734067.823
0
HO
False
1486734067.863
0
HO
False
1486734067.900
0
HO
False
1486734067.939
0
HO
False
1486734067.979
0
HO
False
1486734068.15
0
HO
False
1486734068.54
0
HO
False
1486734068.92
0
HO
False
1486734068.132
0
HO
False
1486734068.324
63
HA
True
1486734068.362
63
HA
True
1486734068.402
63
HA
True
1486734068.439
63
HA
True
1486734068.479
63
HA
True
1486734068.517
63
HA
True
1486734068.555
66
HO
True
1486734068.596
66
HO
True
1486734068.632
66
HO
True
1486734068.673
68
HO
True
1486734068.709
68
HO
True
1486734068.748
68
HO
True
1486734068.787
70
HB
True
1486734068.825
70
HB
True
1486734068.864
70
HB
True
1486734068.902
52
HB
True
1486734068.941
52
HB
True
1486734068.984
52
HB
True
1486734069.18
0
HO
False
1486734069.56
0
HO
False
1486734069.96
0
HO
False
1486734069.133
0
HO
False
1486734069.172
0
HO
False
1486734069.210
0
HO
False
1486734069.250
0
HO
False
1486734069.292
0
HO
False
1486734069.326
0
HO
False
1486734069.365
0
HO
False
1486734069.403
0
HO
False
1486734069.443
0
HO
False
1486734069.482
0
HO
False
1486734069.519
0
HO
False
1486734069.557
0
HO
False
1486734069.596
0
HO
False
1486734069.635
0
HO
False
1486734069.673
0
HO
False
1486734069.712
0
HO
False
1486734069.751
0
HO
False
1486734069.790
0
HO
False
1486734069.826
0
HO
False
1486734069.865
0
HO
False
1486734069.904
0
HO
False
1486734069.943
0
HO
False
1486734069.983
0
HO
False
1486734070.19
0
HO
False
1486734070.58
0
HO
False
1486734070.97
0
HO
False
1486734070.136
0
HO
False
1486734070.174
0
HO
False
1486734070.213
0
HO
False
1486734070.252
0
HO
False
1486734070.292
0
HO
False
1486734070.328
0
HO
False
1486734070.367
0
HO
False
1486734070.424
0
HO
False
1486734070.466
0
HO
False
1486734070.508
0
HO
False
1486734070.530
0
HO
False
1486734070.558
0
HO
False
1486734070.597
0
HO
False
1486734070.637
0
HO
False
1486734070.676
0
HO
False
1486734070.714
0
HO
False
1486734070.834
0
HO
False
1486734070.868
0
HO
False
1486734070.906
0
HO
False
1486734070.945
0
HO
False
1486734070.1000
0
HO
False
1486734071.101
0
HO
False
1486734071.138
0
HO
False
1486734071.176
0
HO
False
1486734071.214
0
HO
False
1486734071.253
0
HO
False
1486734071.294
0
HO
False
1486734071.330
0
HO
False
1486734071.370
0
HO
False
1486734071.407
0
HO
False
1486734071.445
0
HO
False
1486734071.484
0
HO
False
1486734071.523
0
HO
False
1486734071.561
0
HO
False
1486734071.603
0
HO
False
1486734071.640
0
HO
False
1486734071.677
0
HO
False
1486734071.715
0
HO
False
1486734071.754
0
HO
False
1486734071.795
0
HO
False
1486734071.832
0
HO
False
1486734071.870
0
HO
False
1486734071.934
0
HO
False
1486734072.104
0
HO
False
1486734072.155
0
HO
False
1486734072.211
0
HO
False
1486734072.239
0
HO
False
1486734072.261
0
HO
False
1486734072.292
0
HO
False
1486734072.331
0
HO
False
1486734072.371
0
HO
False
1486734072.412
0
HO
False
1486734072.448
0
HO
False
1486734072.487
0
HO
False
1486734072.527
0
HO
False
1486734072.564
0
HO
False
1486734072.604
0
HO
False
1486734072.642
0
HO
False
1486734072.680
0
HO
False
1486734072.718
0
HO
False
1486734072.757
0
HO
False
1486734072.796
0
HO
False
1486734072.834
0
HO
False
1486734072.871
0
HO
False
1486734072.913
0
HO
False
1486734072.948
0
HO
False
1486734072.988
0
HO
False
1486734073.26
0
HO
False
1486734073.65
0
HO
False
1486734073.104
0
HO
False
1486734073.142
0
HO
False
1486734073.180
0
HO
False
1486734073.225
0
HO
False
1486734073.257
0
HO
False
1486734073.296
0
HO
False
1486734073.335
0
HO
False
1486734073.374
0
HO
False
1486734073.413
0
HO
False
1486734073.451
0
HO
False
1486734073.489
0
HO
False
1486734073.529
0
HO
False
1486734073.566
0
HO
False
1486734073.604
0
HO
False
1486734073.642
0
HO
False
1486734073.681
0
HO
False
1486734073.722
0
HO
False
1486734073.758
0
HO
False
1486734073.798
0
HO
False
1486734073.835
0
HO
False
1486734073.875
0
HO
False
1486734073.915
0
HO
False
1486734073.952
0
HO
False
1486734073.989
0
HO
False
1486734074.29
0
HO
False
1486734074.66
0
HO
False
1486734074.105
0
HO
False
1486734074.143
0
HO
False
1486734074.183
0
HO
False
1486734074.224
0
HO
False
1486734074.261
0
HO
False
1486734074.298
0
HO
False
1486734074.337
0
HO
False
1486734074.376
0
HO
False
1486734074.416
0
HO
False
1486734074.452
0
HO
False
1486734074.491
0
HO
False
1486734074.530
0
HO
False
1486734074.568
0
HO
False
1486734074.606
0
HO
False
1486734074.645
0
HO
False
1486734074.684
0
HO
False
1486734074.724
0
HO
False
1486734074.761
0
HO
False
1486734074.800
0
HO
False
1486734074.838
0
HO
False
1486734074.876
0
HO
False
1486734074.926
0
HO
False
1486734074.956
0
HO
False
1486734074.995
0
HO
False
1486734075.35
61
HB
True
1486734075.69
61
HB
True
1486734075.107
61
HB
True
1486734075.146
60
HB
True
1486734075.186
60
HB
True
1486734075.225
60
HB
True
1486734075.262
59
HO
True
1486734075.302
59
HO
True
1486734075.339
59
HO
True
1486734075.377
54
HO
True
1486734075.418
54
HO
True
1486734075.454
54
HO
True
1486734075.493
50
HA
True
1486734075.535
50
HA
True
1486734075.573
50
HA
True
1486734075.609
41
HA
True
1486734075.648
41
HA
True
1486734075.686
41
HA
True
1486734075.727
0
HO
False
1486734075.762
0
HO
False
1486734075.802
0
HO
False
1486734075.841
0
HO
False
1486734075.878
0
HO
False
1486734075.917
0
HO
False
1486734075.955
0
HO
False
1486734075.994
0
HO
False
1486734076.33
0
HO
False
1486734076.71
0
HO
False
1486734076.109
0
HO
False
1486734076.148
0
HO
False
1486734076.187
0
HO
False
1486734076.227
0
HO
False
1486734076.264
0
HO
False
1486734076.302
0
HO
False
1486734076.344
0
HO
False
1486734076.408
0
HO
False
1486734076.495
0
HO
False
1486734076.558
0
HO
False
1486734076.650
0
HO
False
1486734076.688
0
HO
False
1486734076.726
0
HO
False
1486734076.765
0
HO
False
1486734076.804
0
HO
False
1486734076.844
0
HO
False
1486734076.881
0
HO
False
1486734076.919
0
HO
False
1486734076.956
0
HO
False
1486734076.995
0
HO
False
1486734077.34
0
HO
False
1486734077.74
0
HO
False
1486734077.111
0
HO
False
1486734077.152
0
HO
False
1486734077.190
0
HO
False
1486734077.229
0
HO
False
1486734077.347
0
HO
False
1486734077.381
0
HO
False
1486734077.420
0
HO
False
1486734077.474
0
HO
False
1486734077.574
0
HO
False
1486734077.612
0
HO
False
1486734077.655
0
HO
False
1486734077.689
0
HO
False
1486734077.728
0
HO
False
1486734077.767
0
HO
False
1486734077.806
0
HO
False
1486734077.847
0
HO
False
1486734077.882
0
HO
False
1486734077.920
0
HO
False
1486734077.960
0
HO
False
1486734077.998
0
HO
False
1486734078.36
0
HO
False
1486734078.76
0
HO
False
1486734078.115
0
HO
False
1486734078.153
0
HO
False
1486734078.191
0
HO
False
1486734078.230
0
HO
False
1486734078.268
0
HO
False
1486734078.307
0
HO
False
1486734078.344
0
HO
False
1486734078.385
0
HO
False
1486734078.421
0
HO
False
1486734078.462
0
HO
False
1486734078.499
0
HO
False
1486734078.537
0
HO
False
1486734078.575
0
HO
False
1486734078.616
0
HO
False
1486734078.655
0
HO
False
1486734078.692
0
HO
False
1486734078.731
0
HO
False
1486734078.769
0
HO
False
1486734078.808
0
HO
False
1486734078.847
0
HO
False
1486734078.885
0
HO
False
1486734078.923
0
HO
False
1486734078.963
0
HO
False
1486734079.2
0
HO
False
1486734079.38
0
HO
False
1486734079.78
0
HO
False
1486734079.117
0
HO
False
1486734079.156
0
HO
False
1486734079.193
0
HO
False
1486734079.233
0
HO
False
1486734079.269
0
HO
False
1486734079.309
61
HA
True
1486734079.347
61
HA
True
1486734079.386
61
HA
True
1486734079.424
64
HA
True
1486734079.465
64
HA
True
1486734079.501
64
HA
True
1486734079.539
67
HO
True
1486734079.579
67
HO
True
1486734079.617
67
HO
True
1486734079.655
69
HO
True
1486734079.693
69
HO
True
1486734079.733
69
HO
True
1486734079.773
69
HO
True
1486734079.812
69
HO
True
1486734079.848
69
HO
True
1486734079.886
68
HB
True
1486734079.925
68
HB
True
1486734079.968
68
HB
True
1486734080.2
0
HO
False
1486734080.40
0
HO
False
1486734080.80
0
HO
False
1486734080.117
0
HO
False
1486734080.156
0
HO
False
1486734080.195
0
HO
False
1486734080.233
0
HO
False
1486734080.273
0
HO
False
1486734080.310
0
HO
False
1486734080.350
0
HO
False
1486734080.389
0
HO
False
1486734080.431
0
HO
False
1486734080.473
0
HO
False
1486734080.510
0
HO
False
1486734080.544
0
HO
False
1486734080.579
0
HO
False
1486734080.619
0
HO
False
1486734080.657
0
HO
False
1486734080.695
0
HO
False
1486734080.735
0
HO
False
1486734080.775
0
HO
False
1486734080.811
0
HO
False
1486734080.851
0
HO
False
1486734080.889
0
HO
False
1486734080.926
0
HO
False
1486734080.968
0
HO
False
1486734081.6
0
HO
False
1486734081.42
0
HO
False
1486734081.82
0
HO
False
1486734081.119
0
HO
False
1486734081.158
0
HO
False
1486734081.197
0
HO
False
1486734081.236
0
HO
False
1486734081.281
0
HO
False
1486734081.314
0
HO
False
1486734081.352
0
HO
False
1486734081.389
0
HO
False
1486734081.429
0
HO
False
1486734081.467
0
HO
False
1486734081.505
0
HO
False
1486734081.545
0
HO
False
1486734081.585
0
HO
False
1486734081.622
0
HO
False
1486734081.659
0
HO
False
1486734081.697
0
HO
False
1486734081.737
0
HO
False
1486734081.791
0
HO
False
1486734081.846
0
HO
False
1486734081.928
0
HO
False
1486734081.980
0
HO
False
1486734082.32
0
HO
False
1486734082.68
0
HO
False
1486734082.85
0
HO
False
1486734082.123
0
HO
False
1486734082.158
0
HO
False
1486734082.198
0
HO
False
1486734082.238
0
HO
False
1486734082.277
0
HO
False
1486734082.314
0
HO
False
1486734082.353
0
HO
False
1486734082.392
0
HO
False
1486734082.430
0
HO
False
1486734082.469
0
HO
False
1486734082.508
0
HO
False
1486734082.547
0
HO
False
1486734082.588
0
HO
False
1486734082.623
0
HO
False
1486734082.662
0
HO
False
1486734082.702
0
HO
False
1486734082.739
0
HO
False
1486734082.777
0
HO
False
1486734082.816
0
HO
False
1486734082.855
0
HO
False
1486734082.894
0
HO
False
1486734082.932
0
HO
False
1486734082.970
0
HO
False
1486734083.9
0
HO
False
1486734083.47
0
HO
False
1486734083.86
0
HO
False
1486734083.125
0
HO
False
1486734083.163
0
HO
False
1486734083.202
0
HO
False
1486734083.241
0
HO
False
1486734083.277
0
HO
False
1486734083.318
0
HO
False
1486734083.355
0
HO
False
1486734083.395
0
HO
False
1486734083.434
0
HO
False
1486734083.470
0
HO
False
1486734083.510
0
HO
False
1486734083.549
0
HO
False
1486734083.588
0
HO
False
1486734083.625
0
HO
False
1486734083.663
0
HO
False
1486734083.703
0
HO
False
1486734083.741
0
HO
False
1486734083.795
0
HO
False
1486734083.898
0
HO
False
1486734083.934
0
HO
False
1486734083.972
0
HO
False
1486734084.32
0
HO
False
1486734084.128
0
HO
False
1486734084.165
0
HO
False
1486734084.205
0
HO
False
1486734084.242
0
HO
False
1486734084.285
0
HO
False
1486734084.323
0
HO
False
1486734084.356
0
HO
False
1486734084.399
0
HO
False
1486734084.434
0
HO
False
1486734084.474
0
HO
False
1486734084.513
0
HO
False
1486734084.551
0
HO
False
1486734084.589
0
HO
False
1486734084.627
0
HO
False
1486734084.665
0
HO
False
1486734084.707
0
HO
False
1486734084.742
0
HO
False
1486734084.782
0
HO
False
1486734084.819
0
HO
False
1486734084.859
0
HO
False
1486734084.897
0
HO
False
1486734084.935
0
HO
False
1486734084.973
0
HO
False
1486734085.15
0
HO
False
1486734085.52
0
HO
False
1486734085.91
0
HO
False
1486734085.128
0
HO
False
1486734085.168
0
HO
False
1486734085.207
0
HO
False
1486734085.244
0
HO
False
1486734085.281
0
HO
False
1486734085.321
0
HO
False
1486734085.360
0
HO
False
1486734085.398
0
HO
False
1486734085.436
0
HO
False
1486734085.474
0
HO
False
1486734085.516
0
HO
False
1486734085.552
0
HO
False
1486734085.591
0
HO
False
1486734085.629
0
HO
False
1486734085.669
0
HO
False
1486734085.708
0
HO
False
1486734085.744
0
HO
False
1486734085.790
0
HO
False
1486734085.824
0
HO
False
1486734085.862
0
HO
False
1486734085.899
0
HO
False
1486734085.938
0
HO
False
1486734085.980
0
HO
False
1486734086.17
0
HO
False
1486734086.53
0
HO
False
1486734086.93
0
HO
False
1486734086.131
0
HO
False
1486734086.169
0
HO
False
1486734086.210
0
HO
False
1486734086.246
51
HB
True
1486734086.284
51
HB
True
1486734086.324
51
HB
True
1486734086.362
59
HB
True
1486734086.400
59
HB
True
1486734086.440
59
HB
True
1486734086.477
60
HO
True
1486734086.517
60
HO
True
1486734086.554
60
HO
True
1486734086.593
58
HO
True
1486734086.634
58
HO
True
1486734086.670
58
HO
True
1486734086.709
53
HO
True
1486734086.747
53
HO
True
1486734086.786
53
HO
True
1486734086.826
50
HA
True
1486734086.862
50
HA
True
1486734086.902
50
HA
True
1486734086.939
42
HA
True
1486734086.980
42
HA
True
1486734087.19
42
HA
True
1486734087.55
0
HO
False
1486734087.94
0
HO
False
1486734087.133
0
HO
False
1486734087.171
0
HO
False
1486734087.210
0
HO
False
1486734087.249
0
HO
False
1486734087.292
0
HO
False
1486734087.327
0
HO
False
1486734087.364
0
HO
False
1486734087.402
0
HO
False
1486734087.439
0
HO
False
1486734087.486
0
HO
False
1486734087.595
0
HO
False
1486734087.646
0
HO
False
1486734087.749
0
HO
False
1486734087.787
0
HO
False
1486734087.828
0
HO
False
1486734087.864
0
HO
False
1486734087.902
0
HO
False
1486734087.942
0
HO
False
1486734087.981
0
HO
False
1486734088.19
0
HO
False
1486734088.58
0
HO
False
1486734088.95
0
HO
False
1486734088.137
0
HO
False
1486734088.173
0
HO
False
1486734088.212
0
HO
False
1486734088.250
0
HO
False
1486734088.288
0
HO
False
1486734088.327
0
HO
False
1486734088.366
0
HO
False
1486734088.405
0
HO
False
1486734088.443
0
HO
False
1486734088.506
0
HO
False
1486734088.677
0
HO
False
1486734088.728
0
HO
False
1486734088.754
0
HO
False
1486734088.796
0
HO
False
1486734088.835
0
HO
False
1486734088.870
0
HO
False
1486734088.906
0
HO
False
1486734088.947
0
HO
False
1486734088.982
0
HO
False
1486734089.104
0
HO
False
1486734089.145
0
HO
False
1486734089.175
0
HO
False
1486734089.219
0
HO
False
1486734089.254
0
HO
False
1486734089.292
0
HO
False
1486734089.330
0
HO
False
1486734089.369
0
HO
False
1486734089.406
0
HO
False
1486734089.448
0
HO
False
1486734089.484
0
HO
False
1486734089.521
0
HO
False
1486734089.562
0
HO
False
1486734089.599
0
HO
False
1486734089.641
0
HO
False
1486734089.677
0
HO
False
1486734089.715
0
HO
False
1486734089.755
0
HO
False
1486734089.791
0
HO
False
1486734089.831
0
HO
False
1486734089.870
0
HO
False
1486734089.906
0
HO
False
1486734089.949
0
HO
False
1486734089.985
0
HO
False
1486734090.23
0
HO
False
1486734090.62
0
HO
False
1486734090.101
0
HO
False
1486734090.139
0
HO
False
1486734090.178
0
HO
False
1486734090.216
0
HO
False
1486734090.271
0
HO
False
1486734090.371
0
HO
False
1486734090.423
0
HO
False
1486734090.453
0
HO
False
1486734090.503
0
HO
False
1486734090.533
0
HO
False
1486734090.567
0
HO
False
1486734090.603
0
HO
False
1486734090.640
58
HA
True
1486734090.677
58
HA
True
1486734090.717
58
HA
True
1486734090.912
66
HA
True
1486734090.948
66
HA
True
1486734090.986
68
HO
True
1486734091.25
68
HO
True
1486734091.66
68
HO
True
1486734091.103
67
HO
True
1486734091.141
67
HO
True
1486734091.180
67
HO
True
1486734091.218
65
HB
True
1486734091.259
65
HB
True
1486734091.296
65
HB
True
1486734091.413
43
HB
True
1486734091.454
0
HO
False
1486734091.489
0
HO
False
1486734091.525
0
HO
False
1486734091.568
0
HO
False
1486734091.605
0
HO
False
1486734091.641
0
HO
False
1486734091.680
0
HO
False
1486734091.718
0
HO
False
1486734091.757
0
HO
False
1486734091.803
0
HO
False
1486734091.837
0
HO
False
1486734091.880
0
HO
False
1486734091.917
0
HO
False
1486734091.951
0
HO
False
1486734091.990
0
HO
False
1486734092.27
0
HO
False
1486734092.70
0
HO
False
1486734092.105
0
HO
False
1486734092.144
0
HO
False
1486734092.183
0
HO
False
1486734092.222
0
HO
False
1486734092.260
0
HO
False
1486734092.297
0
HO
False
1486734092.346
0
HO
False
1486734092.400
0
HO
False
1486734092.493
0
HO
False
1486734092.527
0
HO
False
1486734092.570
0
HO
False
1486734092.605
0
HO
False
1486734092.644
0
HO
False
1486734092.684
0
HO
False
1486734092.722
0
HO
False
1486734092.764
0
HO
False
1486734092.802
0
HO
False
1486734092.837
0
HO
False
1486734092.881
0
HO
False
1486734092.921
0
HO
False
1486734092.956
0
HO
False
1486734092.995
0
HO
False
1486734093.28
0
HO
False
1486734093.68
0
HO
False
1486734093.107
0
HO
False
1486734093.146
0
HO
False
1486734093.187
0
HO
False
1486734093.250
0
HO
False
1486734093.338
0
HO
False
1486734093.381
0
HO
False
1486734093.434
0
HO
False
1486734093.532
0
HO
False
1486734093.569
0
HO
False
1486734093.607
0
HO
False
1486734093.646
0
HO
False
1486734093.693
0
HO
False
1486734093.725
0
HO
False
1486734093.761
0
HO
False
1486734093.801
0
HO
False
1486734093.841
0
HO
False
1486734093.877
0
HO
False
1486734093.916
0
HO
False
1486734093.954
0
HO
False
1486734093.996
0
HO
False
1486734094.33
0
HO
False
1486734094.70
0
HO
False
1486734094.108
0
HO
False
1486734094.146
0
HO
False
1486734094.189
0
HO
False
1486734094.224
0
HO
False
1486734094.263
0
HO
False
1486734094.302
0
HO
False
1486734094.340
0
HO
False
1486734094.378
0
HO
False
1486734094.418
0
HO
False
1486734094.477
0
HO
False
1486734094.571
0
HO
False
1486734094.609
0
HO
False
1486734094.658
0
HO
False
1486734094.711
0
HO
False
1486734094.739
0
HO
False
1486734094.763
0
HO
False
1486734094.812
0
HO
False
1486734094.845
0
HO
False
1486734094.881
0
HO
False
1486734094.919
0
HO
False
1486734094.957
0
HO
False
1486734094.996
0
HO
False
1486734095.35
0
HO
False
1486734095.72
0
HO
False
1486734095.110
0
HO
False
1486734095.149
0
HO
False
1486734095.188
0
HO
False
1486734095.225
0
HO
False
1486734095.264
0
HO
False
1486734095.308
0
HO
False
1486734095.342
0
HO
False
1486734095.380
0
HO
False
1486734095.418
0
HO
False
1486734095.458
0
HO
False
1486734095.499
0
HO
False
1486734095.534
0
HO
False
1486734095.573
0
HO
False
1486734095.614
0
HO
False
1486734095.650
0
HO
False
1486734095.689
0
HO
False
1486734095.728
0
HO
False
1486734095.766
0
HO
False
1486734095.808
0
HO
False
1486734095.843
0
HO
False
1486734095.882
0
HO
False
1486734095.920
0
HO
False
1486734095.959
0
HO
False
1486734095.996
0
HO
False
1486734096.36
0
HO
False
1486734096.75
0
HO
False
1486734096.117
0
HO
False
1486734096.152
0
HO
False
1486734096.191
0
HO
False
1486734096.229
0
HO
False
1486734096.269
0
HO
False
1486734096.315
0
HO
False
1486734096.348
0
HO
False
1486734096.383
0
HO
False
1486734096.422
0
HO
False
1486734096.460
0
HO
False
1486734096.499
0
HO
False
1486734096.536
0
HO
False
1486734096.575
0
HO
False
1486734096.617
0
HO
False
1486734096.652
0
HO
False
1486734096.690
0
HO
False
1486734096.729
0
HO
False
1486734096.768
0
HO
False
1486734096.810
0
HO
False
1486734096.846
0
HO
False
1486734096.883
0
HO
False
1486734096.925
0
HO
False
1486734096.961
0
HO
False
1486734096.999
0
HO
False
1486734097.37
0
HO
False
1486734097.76
0
HO
False
1486734097.116
0
HO
False
1486734097.153
0
HO
False
1486734097.192
0
HO
False
1486734097.232
0
HO
False
1486734097.269
0
HO
False
1486734097.307
0
HO
False
1486734097.345
0
HO
False
1486734097.385
0
HO
False
1486734097.426
0
HO
False
1486734097.463
0
HO
False
1486734097.500
0
HO
False
1486734097.540
0
HO
False
1486734097.577
60
HB
True
1486734097.618
60
HB
True
1486734097.655
60
HB
True
1486734097.694
60
HB
True
1486734097.732
60
HB
True
1486734097.770
60
HB
True
1486734097.819
58
HO
True
1486734097.851
58
HO
True
1486734097.886
58
HO
True
1486734097.927
53
HO
True
1486734097.962
53
HO
True
1486734098.2
53
HO
True
1486734098.38
51
HA
True
1486734098.79
51
HA
True
1486734098.117
51
HA
True
1486734098.156
42
HA
True
1486734098.194
42
HA
True
1486734098.235
42
HA
True
1486734098.271
0
HO
False
1486734098.311
0
HO
False
1486734098.348
0
HO
False
1486734098.389
0
HO
False
1486734098.427
0
HO
False
1486734098.464
0
HO
False
1486734098.503
0
HO
False
1486734098.541
0
HO
False
1486734098.580
0
HO
False
1486734098.618
0
HO
False
1486734098.655
0
HO
False
1486734098.696
0
HO
False
1486734098.736
0
HO
False
1486734098.772
0
HO
False
1486734098.812
0
HO
False
1486734098.848
0
HO
False
1486734098.888
0
HO
False
1486734098.958
0
HO
False
1486734099.43
0
HO
False
1486734099.95
0
HO
False
1486734099.142
0
HO
False
1486734099.167
0
HO
False
1486734099.201
0
HO
False
1486734099.251
0
HO
False
1486734099.293
0
HO
False
1486734099.392
0
HO
False
1486734099.426
0
HO
False
1486734099.466
0
HO
False
1486734099.504
0
HO
False
1486734099.545
0
HO
False
1486734099.581
0
HO
False
1486734099.620
0
HO
False
1486734099.659
0
HO
False
1486734099.697
0
HO
False
1486734099.737
0
HO
False
1486734099.775
0
HO
False
1486734099.814
0
HO
False
1486734099.874
0
HO
False
1486734099.970
0
HO
False
1486734100.4
0
HO
False
1486734100.67
0
HO
False
1486734100.159
0
HO
False
1486734100.198
0
HO
False
1486734100.239
0
HO
False
1486734100.277
0
HO
False
1486734100.315
0
HO
False
1486734100.352
0
HO
False
1486734100.391
0
HO
False
1486734100.453
0
HO
False
1486734100.488
0
HO
False
1486734100.524
0
HO
False
1486734100.553
0
HO
False
1486734100.583
0
HO
False
1486734100.624
0
HO
False
1486734100.662
0
HO
False
1486734100.700
0
HO
False
1486734100.738
0
HO
False
1486734100.776
0
HO
False
1486734100.818
0
HO
False
1486734100.854
0
HO
False
1486734100.892
0
HO
False
1486734100.931
0
HO
False
1486734100.970
0
HO
False
1486734101.7
0
HO
False
1486734101.47
0
HO
False
1486734101.85
0
HO
False
1486734101.124
0
HO
False
1486734101.161
0
HO
False
1486734101.201
0
HO
False
1486734101.238
0
HO
False
1486734101.278
0
HO
False
1486734101.318
0
HO
False
1486734101.357
0
HO
False
1486734101.396
0
HO
False
1486734101.432
0
HO
False
1486734101.471
0
HO
False
1486734101.508
0
HO
False
1486734101.549
0
HO
False
1486734101.586
0
HO
False
1486734101.623
0
HO
False
1486734101.663
0
HO
False
1486734101.703
0
HO
False
1486734101.740
0
HO
False
1486734101.777
0
HO
False
1486734101.818
0
HO
False
1486734101.858
0
HO
False
1486734101.894
0
HO
False
1486734101.933
0
HO
False
1486734101.972
59
HA
True
1486734102.10
59
HA
True
1486734102.48
59
HA
True
1486734102.87
68
HA
True
1486734102.127
68
HA
True
1486734102.165
68
HA
True
1486734102.203
70
HO
True
1486734102.241
70
HO
True
1486734102.278
70
HO
True
1486734102.319
70
HO
True
1486734102.360
70
HO
True
1486734102.395
70
HO
True
1486734102.434
67
HB
True
1486734102.473
67
HB
True
1486734102.511
67
HB
True
1486734102.549
43
HB
True
1486734102.587
43
HB
True
1486734102.626
43
HB
True
1486734102.667
0
HO
False
1486734102.703
0
HO
False
1486734102.742
0
HO
False
1486734102.779
0
HO
False
1486734102.819
0
HO
False
1486734102.859
0
HO
False
1486734102.896
0
HO
False
1486734102.935
0
HO
False
1486734102.974
0
HO
False
1486734103.11
0
HO
False
1486734103.51
0
HO
False
1486734103.88
0
HO
False
1486734103.128
0
HO
False
1486734103.168
0
HO
False
1486734103.204
0
HO
False
1486734103.242
0
HO
False
1486734103.280
0
HO
False
1486734103.320
0
HO
False
1486734103.362
0
HO
False
1486734103.398
0
HO
False
1486734103.436
0
HO
False
1486734103.475
0
HO
False
1486734103.513
0
HO
False
1486734103.552
0
HO
False
1486734103.590
0
HO
False
1486734103.628
0
HO
False
1486734103.668
0
HO
False
1486734103.706
0
HO
False
1486734103.744
0
HO
False
1486734103.782
0
HO
False
1486734103.824
0
HO
False
1486734103.859
0
HO
False
1486734103.897
0
HO
False
1486734103.937
0
HO
False
1486734103.977
0
HO
False
1486734104.14
0
HO
False
1486734104.52
0
HO
False
1486734104.91
0
HO
False
1486734104.130
0
HO
False
1486734104.170
0
HO
False
1486734104.207
0
HO
False
1486734104.245
0
HO
False
1486734104.284
0
HO
False
1486734104.323
0
HO
False
1486734104.374
0
HO
False
1486734104.506
0
HO
False
1486734104.604
0
HO
False
1486734104.645
0
HO
False
1486734104.686
0
HO
False
1486734104.716
0
HO
False
1486734104.775
0
HO
False
1486734104.862
0
HO
False
1486734104.900
0
HO
False
1486734104.939
0
HO
False
1486734104.989
0
HO
False
1486734105.20
0
HO
False
1486734105.54
0
HO
False
1486734105.94
0
HO
False
1486734105.132
0
HO
False
1486734105.172
0
HO
False
1486734105.210
0
HO
False
1486734105.248
0
HO
False
1486734105.286
0
HO
False
1486734105.325
0
HO
False
1486734105.363
0
HO
False
1486734105.402
0
HO
False
1486734105.457
0
HO
False
1486734105.556
0
HO
False
1486734105.596
0
HO
False
1486734105.632
0
HO
False
1486734105.672
0
HO
False
1486734105.732
0
HO
False
1486734105.769
0
HO
False
1486734105.798
0
HO
False
1486734105.825
0
HO
False
1486734105.865
0
HO
False
1486734105.908
0
HO
False
1486734105.946
0
HO
False
1486734105.983
0
HO
False
1486734106.18
0
HO
False
1486734106.57
0
HO
False
1486734106.95
0
HO
False
1486734106.133
0
HO
False
1486734106.172
0
HO
False
1486734106.211
0
HO
False
1486734106.250
0
HO
False
1486734106.289
0
HO
False
1486734106.327
0
HO
False
1486734106.365
0
HO
False
1486734106.403
0
HO
False
1486734106.442
0
HO
False
1486734106.481
0
HO
False
1486734106.519
0
HO
False
1486734106.557
0
HO
False
1486734106.597
0
HO
False
1486734106.635
0
HO
False
1486734106.673
0
HO
False
1486734106.711
0
HO
False
1486734106.751
0
HO
False
1486734106.788
0
HO
False
1486734106.829
0
HO
False
1486734106.866
0
HO
False
1486734106.904
0
HO
False
1486734106.943
0
HO
False
1486734106.982
0
HO
False
1486734107.20
0
HO
False
1486734107.59
0
HO
False
1486734107.98
0
HO
False
1486734107.135
0
HO
False
1486734107.175
0
HO
False
1486734107.213
0
HO
False
1486734107.251
0
HO
False
1486734107.290
0
HO
False
1486734107.328
0
HO
False
1486734107.367
0
HO
False
1486734107.407
0
HO
False
1486734107.444
0
HO
False
1486734107.483
0
HO
False
1486734107.521
0
HO
False
1486734107.561
0
HO
False
1486734107.598
0
HO
False
1486734107.638
0
HO
False
1486734107.675
0
HO
False
1486734107.715
0
HO
False
1486734107.752
0
HO
False
1486734107.791
0
HO
False
1486734107.831
0
HO
False
1486734107.868
0
HO
False
1486734107.906
0
HO
False
1486734107.946
0
HO
False
1486734107.983
0
HO
False
1486734108.22
0
HO
False
1486734108.61
0
HO
False
1486734108.101
0
HO
False
1486734108.137
0
HO
False
1486734108.176
0
HO
False
1486734108.216
0
HO
False
1486734108.254
0
HO
False
1486734108.292
0
HO
False
1486734108.334
0
HO
False
1486734108.368
0
HO
False
1486734108.409
0
HO
False
1486734108.446
0
HO
False
1486734108.487
0
HO
False
1486734108.523
0
HO
False
1486734108.562
0
HO
False
1486734108.602
0
HO
False
1486734108.642
0
HO
False
1486734108.678
61
HB
True
1486734108.716
61
HB
True
1486734108.754
61
HB
True
1486734108.793
61
HB
True
1486734108.842
61
HB
True
1486734108.892
61
HB
True
1486734108.919
59
HO
True
1486734108.953
59
HO
True
1486734108.991
59
HO
True
1486734109.24
54
HO
True
1486734109.63
54
HO
True
1486734109.101
54
HO
True
1486734109.139
47
HA
True
1486734109.179
47
HA
True
1486734109.217
47
HA
True
1486734109.256
0
HO
False
1486734109.294
0
HO
False
1486734109.334
0
HO
False
1486734109.372
0
HO
False
1486734109.410
0
HO
False
1486734109.449
0
HO
False
1486734109.487
0
HO
False
1486734109.529
0
HO
False
1486734109.565
0
HO
False
1486734109.608
0
HO
False
1486734109.640
0
HO
False
1486734109.680
0
HO
False
1486734109.718
0
HO
False
1486734109.757
0
HO
False
1486734109.794
0
HO
False
1486734109.833
0
HO
False
1486734109.872
0
HO
False
1486734109.911
0
HO
False
1486734109.950
0
HO
False
1486734110.64
0
HO
False
1486734110.103
0
HO
False
1486734110.155
0
HO
False
1486734110.211
0
HO
False
1486734110.242
0
HO
False
1486734110.266
0
HO
False
1486734110.296
0
HO
False
1486734110.339
0
HO
False
1486734110.375
0
HO
False
1486734110.421
0
HO
False
1486734110.455
0
HO
False
1486734110.495
0
HO
False
1486734110.528
0
HO
False
1486734110.566
0
HO
False
1486734110.605
0
HO
False
1486734110.644
0
HO
False
1486734110.682
0
HO
False
1486734110.720
0
HO
False
1486734110.758
0
HO
False
1486734110.797
0
HO
False
1486734110.835
0
HO
False
1486734110.875
0
HO
False
1486734110.913
0
HO
False
1486734110.951
0
HO
False
1486734110.989
0
HO
False
1486734111.27
0
HO
False
1486734111.67
0
HO
False
1486734111.105
0
HO
False
1486734111.164
0
HO
False
1486734111.260
0
HO
False
1486734111.300
0
HO
False
1486734111.365
0
HO
False
1486734111.454
0
HO
False
1486734111.490
0
HO
False
1486734111.528
0
HO
False
1486734111.568
0
HO
False
1486734111.607
0
HO
False
1486734111.646
0
HO
False
1486734111.684
0
HO
False
1486734111.722
0
HO
False
1486734111.761
0
HO
False
1486734111.799
0
HO
False
1486734111.837
0
HO
False
1486734111.877
0
HO
False
1486734111.916
0
HO
False
1486734111.953
0
HO
False
1486734111.992
0
HO
False
1486734112.30
0
HO
False
1486734112.68
0
HO
False
1486734112.108
0
HO
False
1486734112.146
0
HO
False
1486734112.184
0
HO
False
1486734112.223
0
HO
False
1486734112.263
0
HO
False
1486734112.301
0
HO
False
1486734112.339
0
HO
False
1486734112.378
0
HO
False
1486734112.417
0
HO
False
1486734112.455
0
HO
False
1486734112.493
0
HO
False
1486734112.532
0
HO
False
1486734112.569
0
HO
False
1486734112.609
0
HO
False
1486734112.647
0
HO
False
1486734112.687
0
HO
False
1486734112.725
0
HO
False
1486734112.762
0
HO
False
1486734112.802
0
HO
False
1486734112.841
0
HO
False
1486734112.880
0
HO
False
1486734112.918
0
HO
False
1486734112.956
61
HA
True
1486734112.994
61
HA
True
1486734113.32
61
HA
True
1486734113.72
65
HA
True
1486734113.110
65
HA
True
1486734113.148
65
HA
True
1486734113.191
69
HO
True
1486734113.226
69
HO
True
1486734113.264
69
HO
True
1486734113.304
70
HO
True
1486734113.340
70
HO
True
1486734113.380
70
HO
True
1486734113.420
68
HB
True
1486734113.457
68
HB
True
1486734113.495
68
HB
True
1486734113.533
47
HB
True
1486734113.573
47
HB
True
1486734113.612
47
HB
True
1486734113.651
0
HO
False
1486734113.688
0
HO
False
1486734113.726
0
HO
False
1486734113.765
0
HO
False
1486734113.804
0
HO
False
1486734113.843
0
HO
False
1486734113.881
0
HO
False
1486734113.919
0
HO
False
1486734113.958
0
HO
False
1486734113.998
0
HO
False
1486734114.34
0
HO
False
1486734114.75
0
HO
False
1486734114.113
0
HO
False
1486734114.151
0
HO
False
1486734114.191
0
HO
False
1486734114.226
0
HO
False
1486734114.267
0
HO
False
1486734114.305
0
HO
False
1486734114.346
0
HO
False
1486734114.384
0
HO
False
1486734114.421
0
HO
False
1486734114.459
0
HO
False
1486734114.496
0
HO
False
1486734114.536
0
HO
False
1486734114.577
0
HO
False
1486734114.613
0
HO
False
1486734114.653
0
HO
False
1486734114.691
0
HO
False
1486734114.728
0
HO
False
1486734114.767
0
HO
False
1486734114.805
0
HO
False
1486734114.844
0
HO
False
1486734114.885
0
HO
False
1486734114.923
0
HO
False
1486734114.959
0
HO
False
1486734114.998
0
HO
False
1486734115.36
0
HO
False
1486734115.77
0
HO
False
1486734115.113
0
HO
False
1486734115.153
0
HO
False
1486734115.191
0
HO
False
1486734115.231
0
HO
False
1486734115.271
0
HO
False
1486734115.306
0
HO
False
1486734115.346
0
HO
False
1486734115.385
0
HO
False
1486734115.423
0
HO
False
1486734115.486
0
HO
False
1486734115.577
0
HO
False
1486734115.625
0
HO
False
1486734115.670
0
HO
False
1486734115.718
0
HO
False
1486734115.734
0
HO
False
1486734115.769
0
HO
False
1486734115.812
0
HO
False
1486734115.850
0
HO
False
1486734115.888
0
HO
False
1486734115.923
0
HO
False
1486734115.962
0
HO
False
1486734116.0
0
HO
False
1486734116.39
0
HO
False
1486734116.80
0
HO
False
1486734116.116
0
HO
False
1486734116.155
0
HO
False
1486734116.347
0
HO
False
1486734116.388
0
HO
False
1486734116.425
0
HO
False
1486734116.464
0
HO
False
1486734116.500
0
HO
False
1486734116.540
0
HO
False
1486734116.582
0
HO
False
1486734116.618
0
HO
False
1486734116.733
0
HO
False
1486734116.771
0
HO
False
1486734116.809
0
HO
False
1486734116.849
0
HO
False
1486734116.898
0
HO
False
1486734116.950
0
HO
False
1486734116.977
0
HO
False
1486734117.6
0
HO
False
1486734117.43
0
HO
False
1486734117.234
0
HO
False
1486734117.274
0
HO
False
1486734117.311
0
HO
False
1486734117.353
0
HO
False
1486734117.388
0
HO
False
1486734117.429
0
HO
False
1486734117.466
0
HO
False
1486734117.504
0
HO
False
1486734117.544
0
HO
False
1486734117.583
0
HO
False
1486734117.619
0
HO
False
1486734117.658
0
HO
False
1486734117.696
0
HO
False
1486734117.735
0
HO
False
1486734117.773
0
HO
False
1486734117.812
0
HO
False
1486734117.851
0
HO
False
1486734117.891
0
HO
False
1486734117.928
0
HO
False
1486734117.968
0
HO
False
1486734118.5
0
HO
False
1486734118.43
0
HO
False
1486734118.85
0
HO
False
1486734118.120
0
HO
False
1486734118.159
0
HO
False
1486734118.198
0
HO
False
1486734118.236
0
HO
False
1486734118.276
0
HO
False
1486734118.313
0
HO
False
1486734118.353
0
HO
False
1486734118.392
0
HO
False
1486734118.429
0
HO
False
1486734118.468
0
HO
False
1486734118.507
0
HO
False
1486734118.544
0
HO
False
1486734118.586
0
HO
False
1486734118.621
0
HO
False
1486734118.660
0
HO
False
1486734118.700
0
HO
False
1486734118.736
0
HO
False
1486734118.775
0
HO
False
1486734118.814
0
HO
False
1486734118.855
0
HO
False
1486734118.894
0
HO
False
1486734118.930
0
HO
False
1486734118.972
0
HO
False
1486734119.7
0
HO
False
1486734119.44
0
HO
False
1486734119.84
0
HO
False
1486734119.123
0
HO
False
1486734119.161
0
HO
False
1486734119.201
0
HO
False
1486734119.238
0
HO
False
1486734119.276
0
HO
False
1486734119.314
0
HO
False
1486734119.354
0
HO
False
1486734119.394
0
HO
False
1486734119.431
0
HO
False
1486734119.470
0
HO
False
1486734119.508
0
HO
False
1486734119.547
60
HB
True
1486734119.585
60
HB
True
1486734119.624
60
HB
True
1486734119.664
61
HB
True
1486734119.703
61
HB
True
1486734119.739
61
HB
True
1486734119.777
60
HO
True
1486734119.816
60
HO
True
1486734119.855
60
HO
True
1486734120.47
50
HA
True
1486734120.86
50
HA
True
1486734120.124
40
HA
True
1486734120.162
40
HA
True
1486734120.203
40
HA
True
1486734120.241
0
HO
False
1486734120.278
0
HO
False
1486734120.318
0
HO
False
1486734120.358
0
HO
False
1486734120.396
0
HO
False
1486734120.447
0
HO
False
1486734120.485
0
HO
False
1486734120.530
0
HO
False
1486734120.561
0
HO
False
1486734120.585
0
HO
False
1486734120.627
0
HO
False
1486734120.663
0
HO
False
1486734120.704
0
HO
False
1486734120.742
0
HO
False
1486734120.779
0
HO
False
1486734120.836
0
HO
False
1486734120.934
0
HO
False
1486734121.166
0
HO
False
1486734121.207
0
HO
False
1486734121.241
0
HO
False
1486734121.280
0
HO
False
1486734121.319
0
HO
False
1486734121.358
0
HO
False
1486734121.397
0
HO
False
1486734121.434
0
HO
False
1486734121.473
0
HO
False
1486734121.521
0
HO
False
1486734121.552
0
HO
False
1486734121.589
0
HO
False
1486734121.628
0
HO
False
1486734121.666
0
HO
False
1486734121.706
0
HO
False
1486734121.748
0
HO
False
1486734121.783
0
HO
False
1486734121.828
0
HO
False
1486734121.859
0
HO
False
1486734121.897
0
HO
False
1486734121.935
0
HO
False
1486734121.976
0
HO
False
1486734122.29
0
HO
False
1486734122.129
0
HO
False
1486734122.182
0
HO
False
1486734122.285
0
HO
False
1486734122.323
0
HO
False
1486734122.360
0
HO
False
1486734122.399
0
HO
False
1486734122.436
0
HO
False
1486734122.477
0
HO
False
1486734122.517
0
HO
False
1486734122.553
0
HO
False
1486734122.592
0
HO
False
1486734122.631
0
HO
False
1486734122.669
0
HO
False
1486734122.706
0
HO
False
1486734122.746
0
HO
False
1486734122.784
0
HO
False
1486734122.824
0
HO
False
1486734122.861
0
HO
False
1486734122.901
0
HO
False
1486734122.938
0
HO
False
1486734122.978
0
HO
False
1486734123.18
0
HO
False
1486734123.55
0
HO
False
1486734123.92
0
HO
False
1486734123.133
0
HO
False
1486734123.170
0
HO
False
1486734123.209
0
HO
False
1486734123.247
0
HO
False
1486734123.285
0
HO
False
1486734123.336
0
HO
False
1486734123.365
0
HO
False
1486734123.405
0
HO
False
1486734123.440
0
HO
False
1486734123.478
0
HO
False
1486734123.516
0
HO
False
1486734123.554
0
HO
False
1486734123.596
0
HO
False
1486734123.634
0
HO
False
1486734123.671
0
HO
False
1486734123.709
0
HO
False
1486734123.748
0
HO
False
1486734123.785
0
HO
False
1486734123.827
0
HO
False
1486734123.863
0
HO
False
1486734123.902
0
HO
False
1486734123.940
59
HA
True
1486734123.978
59
HA
True
1486734124.19
59
HA
True
1486734124.57
62
HA
True
1486734124.94
62
HA
True
1486734124.135
62
HA
True
1486734124.172
69
HA
True
1486734124.209
69
HA
True
1486734124.250
69
HA
True
1486734124.286
71
HO
True
1486734124.328
71
HO
True
1486734124.365
71
HO
True
1486734124.401
69
HO
True
1486734124.444
69
HO
True
1486734124.480
69
HO
True
1486734124.518
65
HB
True
1486734124.558
65
HB
True
1486734124.594
65
HB
True
1486734124.637
0
HO
False
1486734124.674
0
HO
False
1486734124.713
0
HO
False
1486734124.751
0
HO
False
1486734124.788
0
HO
False
1486734124.836
0
HO
False
1486734124.868
0
HO
False
1486734124.903
0
HO
False
1486734124.944
0
HO
False
1486734124.980
0
HO
False
1486734125.18
0
HO
False
1486734125.58
0
HO
False
1486734125.97
0
HO
False
1486734125.135
0
HO
False
1486734125.175
0
HO
False
1486734125.213
0
HO
False
1486734125.252
0
HO
False
1486734125.290
0
HO
False
1486734125.327
0
HO
False
1486734125.369
0
HO
False
1486734125.405
0
HO
False
1486734125.445
0
HO
False
1486734125.482
0
HO
False
1486734125.521
0
HO
False
1486734125.559
0
HO
False
1486734125.598
0
HO
False
1486734125.639
0
HO
False
1486734125.677
0
HO
False
1486734125.714
0
HO
False
1486734125.755
0
HO
False
1486734125.790
0
HO
False
1486734125.829
0
HO
False
1486734125.867
0
HO
False
1486734125.905
0
HO
False
1486734125.947
0
HO
False
1486734125.982
0
HO
False
1486734126.21
0
HO
False
1486734126.61
0
HO
False
1486734126.99
0
HO
False
1486734126.138
0
HO
False
1486734126.175
0
HO
False
1486734126.214
0
HO
False
1486734126.253
0
HO
False
1486734126.292
0
HO
False
1486734126.337
0
HO
False
1486734126.369
0
HO
False
1486734126.407
0
HO
False
1486734126.447
0
HO
False
1486734126.563
0
HO
False
1486734126.600
0
HO
False
1486734126.638
0
HO
False
1486734126.697
0
HO
False
1486734126.741
0
HO
False
1486734126.767
0
HO
False
1486734126.798
0
HO
False
1486734126.831
0
HO
False
1486734126.874
0
HO
False
1486734126.910
0
HO
False
1486734126.948
0
HO
False
1486734126.985
0
HO
False
1486734127.23
0
HO
False
1486734127.65
0
HO
False
1486734127.102
0
HO
False
1486734127.139
0
HO
False
1486734127.177
0
HO
False
1486734127.216
0
HO
False
1486734127.256
0
HO
False
1486734127.294
0
HO
False
1486734127.331
0
HO
False
1486734127.371
0
HO
False
1486734127.408
0
HO
False
1486734127.470
0
HO
False
1486734127.517
0
HO
False
1486734127.545
0
HO
False
1486734127.567
0
HO
False
1486734127.606
0
HO
False
1486734127.654
0
HO
False
1486734127.698
0
HO
False
1486734127.731
0
HO
False
1486734127.764
0
HO
False
1486734127.793
0
HO
False
1486734127.842
0
HO
False
1486734127.875
0
HO
False
1486734127.908
0
HO
False
1486734127.950
0
HO
False
1486734127.988
0
HO
False
1486734128.25
0
HO
False
1486734128.65
0
HO
False
1486734128.103
0
HO
False
1486734128.142
0
HO
False
1486734128.179
0
HO
False
1486734128.218
0
HO
False
1486734128.259
0
HO
False
1486734128.295
0
HO
False
1486734128.335
0
HO
False
1486734128.372
0
HO
False
1486734128.412
0
HO
False
1486734128.450
0
HO
False
1486734128.489
0
HO
False
1486734128.529
0
HO
False
1486734128.566
0
HO
False
1486734128.603
0
HO
False
1486734128.644
0
HO
False
1486734128.682
0
HO
False
1486734128.719
0
HO
False
1486734128.760
0
HO
False
1486734128.795
0
HO
False
1486734128.836
0
HO
False
1486734128.875
0
HO
False
1486734128.914
0
HO
False
1486734128.951
0
HO
False
1486734128.989
0
HO
False
1486734129.27
0
HO
False
1486734129.69
0
HO
False
1486734129.104
0
HO
False
1486734129.143
0
HO
False
1486734129.182
0
HO
False
1486734129.220
0
HO
False
1486734129.263
0
HO
False
1486734129.298
0
HO
False
1486734129.344
0
HO
False
1486734129.377
0
HO
False
1486734129.412
0
HO
False
1486734129.452
0
HO
False
1486734129.489
0
HO
False
1486734129.528
0
HO
False
1486734129.569
0
HO
False
1486734129.606
0
HO
False
1486734129.647
0
HO
False
1486734129.683
0
HO
False
1486734129.721
0
HO
False
1486734129.760
0
HO
False
1486734129.799
0
HO
False
1486734129.838
0
HO
False
1486734129.877
0
HO
False
1486734129.914
0
HO
False
1486734129.956
0
HO
False
1486734129.992
0
HO
False
1486734130.29
0
HO
False
1486734130.68
0
HO
False
1486734130.106
0
HO
False
1486734130.146
0
HO
False
1486734130.186
0
HO
False
1486734130.223
0
HO
False
1486734130.261
0
HO
False
1486734130.300
0
HO
False
1486734130.338
0
HO
False
1486734130.378
0
HO
False
1486734130.437
0
HO
False
1486734130.469
0
HO
False
1486734130.498
0
HO
False
1486734130.535
0
HO
False
1486734130.572
0
HO
False
1486734130.610
0
HO
False
1486734130.648
0
HO
False
1486734130.687
0
HO
False
1486734130.723
0
HO
False
1486734130.763
65
HB
True
1486734130.800
65
HB
True
1486734130.845
65
HB
True
1486734130.877
63
HB
True
1486734130.916
63
HB
True
1486734130.954
63
HB
True
1486734130.996
59
HO
True
1486734131.31
59
HO
True
1486734131.71
59
HO
True
1486734131.109
55
HA
True
1486734131.149
55
HA
True
1486734131.188
55
HA
True
1486734131.226
50
HA
True
1486734131.263
50
HA
True
1486734131.301
50
HA
True
1486734131.341
43
HA
True
1486734131.378
43
HA
True
1486734131.418
43
HA
True
1486734131.456
0
HO
False
1486734131.497
0
HO
False
1486734131.533
0
HO
False
1486734131.572
0
HO
False
1486734131.611
0
HO
False
1486734131.648
0
HO
False
1486734131.689
0
HO
False
1486734131.726
0
HO
False
1486734131.765
0
HO
False
1486734131.803
0
HO
False
1486734131.841
0
HO
False
1486734132.35
0
HO
False
1486734132.95
0
HO
False
1486734132.121
0
HO
False
1486734132.148
0
HO
False
1486734132.188
0
HO
False
1486734132.226
0
HO
False
1486734132.266
0
HO
False
1486734132.305
0
HO
False
1486734132.348
0
HO
False
1486734132.382
0
HO
False
1486734132.420
0
HO
False
1486734132.458
0
HO
False
1486734132.499
0
HO
False
1486734132.534
0
HO
False
1486734132.575
0
HO
False
1486734132.612
0
HO
False
1486734132.652
0
HO
False
1486734132.692
0
HO
False
1486734132.727
0
HO
False
1486734132.767
0
HO
False
1486734132.806
0
HO
False
1486734132.843
0
HO
False
1486734132.899
0
HO
False
1486734133.1
0
HO
False
1486734133.35
0
HO
False
1486734133.96
0
HO
False
1486734133.137
0
HO
False
1486734133.159
0
HO
False
1486734133.193
0
HO
False
1486734133.229
0
HO
False
1486734133.272
0
HO
False
1486734133.311
0
HO
False
1486734133.347
0
HO
False
1486734133.383
0
HO
False
1486734133.422
0
HO
False
1486734133.460
0
HO
False
1486734133.498
0
HO
False
1486734133.538
0
HO
False
1486734133.576
0
HO
False
1486734133.616
0
HO
False
1486734133.652
0
HO
False
1486734133.694
0
HO
False
1486734133.729
0
HO
False
1486734133.769
0
HO
False
1486734133.809
0
HO
False
1486734133.852
0
HO
False
1486734133.885
0
HO
False
1486734133.923
0
HO
False
1486734133.961
0
HO
False
1486734133.999
0
HO
False
1486734134.39
0
HO
False
1486734134.76
0
HO
False
1486734134.118
0
HO
False
1486734134.154
0
HO
False
1486734134.191
0
HO
False
1486734134.232
0
HO
False
1486734134.270
0
HO
False
1486734134.312
0
HO
False
1486734134.346
0
HO
False
1486734134.384
0
HO
False
1486734134.425
0
HO
False
1486734134.462
0
HO
False
1486734134.500
0
HO
False
1486734134.539
0
HO
False
1486734134.578
0
HO
False
1486734134.618
0
HO
False
1486734134.655
0
HO
False
1486734134.693
0
HO
False
1486734134.733
0
HO
False
1486734134.770
0
HO
False
1486734134.809
0
HO
False
1486734134.848
0
HO
False
1486734134.887
0
HO
False
1486734134.926
0
HO
False
1486734134.962
0
HO
False
1486734135.2
0
HO
False
1486734135.56
59
HA
True
1486734135.80
59
HA
True
1486734135.123
59
HA
True
1486734136.313
0
HO
False
1486734136.351
0
HO
False
1486734136.389
0
HO
False
1486734136.429
0
HO
False
1486734136.466
0
HO
False
1486734136.505
0
HO
False
1486734136.544
0
HO
False
1486734136.582
0
HO
False
1486734136.621
0
HO
False
1486734136.659
0
HO
False
1486734136.698
0
HO
False
1486734136.738
0
HO
False
1486734136.775
0
HO
False
1486734136.814
0
HO
False
1486734136.858
0
HO
False
1486734136.893
0
HO
False
1486734136.930
0
HO
False
1486734136.968
0
HO
False
1486734137.5
0
HO
False
1486734137.46
0
HO
False
1486734137.83
0
HO
False
1486734137.122
0
HO
False
1486734137.160
0
HO
False
1486734137.199
0
HO
False
1486734137.238
0
HO
False
1486734137.275
0
HO
False
1486734137.315
0
HO
False
1486734137.353
0
HO
False
1486734137.392
0
HO
False
1486734137.433
0
HO
False
1486734137.468
0
HO
False
1486734137.507
0
HO
False
1486734137.548
0
HO
False
1486734137.585
0
HO
False
1486734137.639
0
HO
False
1486734137.690
0
HO
False
1486734137.777
0
HO
False
1486734137.815
0
HO
False
1486734137.868
0
HO
False
1486734137.929
0
HO
False
1486734137.952
0
HO
False
1486734137.976
0
HO
False
1486734138.12
0
HO
False
1486734138.50
0
HO
False
1486734138.85
0
HO
False
1486734138.124
0
HO
False
1486734138.165
0
HO
False
1486734138.202
0
HO
False
1486734138.238
0
HO
False
1486734138.277
0
HO
False
1486734138.319
0
HO
False
1486734138.367
0
HO
False
1486734138.402
0
HO
False
1486734138.433
0
HO
False
1486734138.471
0
HO
False
1486734138.508
0
HO
False
1486734138.550
0
HO
False
1486734138.586
0
HO
False
1486734138.626
0
HO
False
1486734138.662
0
HO
False
1486734138.702
0
HO
False
1486734138.740
0
HO
False
1486734138.802
0
HO
False
1486734138.895
0
HO
False
1486734138.933
0
HO
False
1486734138.973
0
HO
False
1486734139.25
0
HO
False
1486734139.74
0
HO
False
1486734139.105
0
HO
False
1486734139.127
0
HO
False
1486734139.167
0
HO
False
1486734139.202
0
HO
False
1486734139.241
0
HO
False
1486734139.279
0
HO
False
1486734139.318
0
HO
False
1486734139.359
0
HO
False
1486734139.396
0
HO
False
1486734139.434
0
HO
False
1486734139.473
0
HO
False
1486734139.510
0
HO
False
1486734139.552
0
HO
False
1486734139.588
0
HO
False
1486734139.628
0
HO
False
1486734139.666
0
HO
False
1486734139.703
0
HO
False
1486734139.742
0
HO
False
1486734139.780
0
HO
False
1486734139.820
0
HO
False
1486734139.867
0
HO
False
1486734139.899
0
HO
False
1486734139.935
0
HO
False
1486734139.978
0
HO
False
1486734140.10
0
HO
False
1486734140.53
0
HO
False
1486734140.89
0
HO
False
1486734140.128
0
HO
False
1486734140.553
0
HO
False
1486734140.603
0
HO
False
1486734140.644
0
HO
False
1486734140.691
0
HO
False
1486734140.713
0
HO
False
1486734140.750
0
HO
False
1486734140.786
0
HO
False
1486734140.820
0
HO
False
1486734140.864
0
HO
False
1486734140.899
0
HO
False
1486734140.937
0
HO
False
1486734140.977
0
HO
False
1486734141.15
0
HO
False
1486734141.55
0
HO
False
1486734141.91
0
HO
False
1486734141.131
0
HO
False
1486734141.170
0
HO
False
1486734141.206
0
HO
False
1486734141.245
0
HO
False
1486734141.284
0
HO
False
1486734141.326
0
HO
False
1486734141.371
0
HO
False
1486734141.408
0
HO
False
1486734141.441
0
HO
False
1486734141.480
0
HO
False
1486734141.516
0
HO
False
1486734141.554
0
HO
False
1486734141.592
0
HO
False
1486734141.632
0
HO
False
1486734141.671
0
HO
False
1486734141.708
0
HO
False
1486734141.748
0
HO
False
1486734141.784
0
HO
False
1486734141.823
0
HO
False
1486734141.864
0
HO
False
1486734141.901
0
HO
False
1486734141.939
0
HO
False
1486734141.979
61
HB
True
1486734142.17
61
HB
True
1486734142.55
61
HB
True
1486734142.94
62
HB
True
1486734142.132
62
HB
True
1486734142.172
62
HB
True
1486734142.209
60
HO
True
1486734142.248
60
HO
True
1486734142.286
60
HO
True
1486734142.325
56
HO
True
1486734142.363
56
HO
True
1486734142.402
56
HO
True
1486734142.441
53
HA
True
1486734142.479
53
HA
True
1486734142.517
53
HA
True
1486734142.556
43
HA
True
1486734142.596
43
HA
True
1486734142.634
43
HA
True
1486734142.676
0
HO
False
1486734142.711
0
HO
False
1486734142.750
0
HO
False
1486734142.788
0
HO
False
1486734142.826
0
HO
False
1486734142.870
0
HO
False
1486734142.901
0
HO
False
1486734142.942
0
HO
False
1486734142.982
0
HO
False
1486734143.20
0
HO
False
1486734143.60
0
HO
False
1486734143.96
0
HO
False
1486734143.135
0
HO
False
1486734143.174
0
HO
False
1486734143.210
0
HO
False
1486734143.251
0
HO
False
1486734143.288
0
HO
False
1486734143.327
0
HO
False
1486734143.366
0
HO
False
1486734143.404
0
HO
False
1486734143.523
0
HO
False
1486734143.560
0
HO
False
1486734143.616
0
HO
False
1486734143.712
0
HO
False
1486734143.752
0
HO
False
1486734143.788
0
HO
False
1486734143.828
0
HO
False
1486734143.866
0
HO
False
1486734143.906
0
HO
False
1486734143.944
0
HO
False
1486734143.983
0
HO
False
1486734144.20
0
HO
False
1486734144.61
0
HO
False
1486734144.98
0
HO
False
1486734144.136
0
HO
False
1486734144.175
0
HO
False
1486734144.215
0
HO
False
1486734144.253
0
HO
False
1486734144.291
0
HO
False
1486734144.328
0
HO
False
1486734144.368
0
HO
False
1486734144.434
0
HO
False
1486734144.523
0
HO
False
1486734144.579
0
HO
False
1486734144.677
0
HO
False
1486734144.715
0
HO
False
1486734144.754
0
HO
False
1486734144.793
0
HO
False
1486734144.830
0
HO
False
1486734144.868
0
HO
False
1486734144.908
0
HO
False
1486734144.946
0
HO
False
1486734145.138
0
HO
False
1486734145.176
0
HO
False
1486734145.216
0
HO
False
1486734145.254
0
HO
False
1486734145.294
0
HO
False
1486734145.332
0
HO
False
1486734145.369
0
HO
False
1486734145.409
0
HO
False
1486734145.447
0
HO
False
1486734145.484
0
HO
False
1486734145.525
0
HO
False
1486734145.565
0
HO
False
1486734145.603
0
HO
False
1486734145.639
0
HO
False
1486734145.677
0
HO
False
1486734145.717
0
HO
False
1486734145.755
0
HO
False
1486734145.795
0
HO
False
1486734145.832
0
HO
False
1486734145.871
0
HO
False
1486734145.911
0
HO
False
1486734145.947
0
HO
False
1486734145.987
0
HO
False
1486734146.25
0
HO
False
1486734146.65
0
HO
False
1486734146.105
0
HO
False
1486734146.141
0
HO
False
1486734146.178
0
HO
False
1486734146.217
0
HO
False
1486734146.258
60
HA
True
1486734146.297
60
HA
True
1486734146.334
60
HA
True
1486734146.374
63
HA
True
1486734146.412
63
HA
True
1486734146.449
63
HA
True
1486734146.488
72
HA
True
1486734146.525
72
HA
True
1486734146.565
72
HA
True
1486734146.604
73
HO
True
1486734146.642
73
HO
True
1486734146.681
73
HO
True
1486734146.719
72
HO
True
1486734146.756
72
HO
True
1486734146.796
72
HO
True
1486734146.835
68
HB
True
1486734146.872
68
HB
True
1486734146.915
68
HB
True
1486734146.949
0
HO
False
1486734146.987
0
HO
False
1486734147.27
0
HO
False
1486734147.66
0
HO
False
1486734147.106
0
HO
False
1486734147.142
0
HO
False
1486734147.181
0
HO
False
1486734147.220
0
HO
False
1486734147.258
0
HO
False
1486734147.297
0
HO
False
1486734147.336
0
HO
False
1486734147.375
0
HO
False
1486734147.415
0
HO
False
1486734147.452
0
HO
False
1486734147.489
0
HO
False
1486734147.528
0
HO
False
1486734147.568
0
HO
False
1486734147.607
0
HO
False
1486734147.644
0
HO
False
1486734147.683
0
HO
False
1486734147.721
0
HO
False
1486734147.759
0
HO
False
1486734147.797
0
HO
False
1486734147.837
0
HO
False
1486734147.875
0
HO
False
1486734147.916
0
HO
False
1486734147.951
0
HO
False
1486734147.991
0
HO
False
1486734148.28
0
HO
False
1486734148.68
0
HO
False
1486734148.106
0
HO
False
1486734148.145
0
HO
False
1486734148.183
0
HO
False
1486734148.224
0
HO
False
1486734148.260
0
HO
False
1486734148.299
0
HO
False
1486734148.337
0
HO
False
1486734148.376
0
HO
False
1486734148.418
0
HO
False
1486734148.453
0
HO
False
1486734148.491
0
HO
False
1486734148.532
0
HO
False
1486734148.569
0
HO
False
1486734148.607
0
HO
False
1486734148.645
0
HO
False
1486734148.684
0
HO
False
1486734148.725
0
HO
False
1486734148.762
0
HO
False
1486734148.802
0
HO
False
1486734148.837
0
HO
False
1486734148.960
0
HO
False
1486734148.995
0
HO
False
1486734149.34
0
HO
False
1486734149.70
0
HO
False
1486734149.126
0
HO
False
1486734149.227
0
HO
False
1486734149.263
0
HO
False
1486734149.301
0
HO
False
1486734149.340
0
HO
False
1486734149.378
0
HO
False
1486734149.422
0
HO
False
1486734149.454
0
HO
False
1486734149.493
0
HO
False
1486734149.533
0
HO
False
1486734149.571
0
HO
False
1486734149.609
0
HO
False
1486734149.648
0
HO
False
1486734149.686
0
HO
False
1486734149.726
0
HO
False
1486734149.764
0
HO
False
1486734149.803
0
HO
False
1486734149.841
0
HO
False
1486734149.881
0
HO
False
1486734149.918
0
HO
False
1486734149.975
0
HO
False
1486734150.72
0
HO
False
1486734150.110
0
HO
False
1486734150.165
0
HO
False
1486734150.212
0
HO
False
1486734150.241
0
HO
False
1486734150.266
0
HO
False
1486734150.300
0
HO
False
1486734150.344
0
HO
False
1486734150.384
0
HO
False
1486734150.434
0
HO
False
1486734150.475
0
HO
False
1486734150.507
0
HO
False
1486734150.539
0
HO
False
1486734150.572
0
HO
False
1486734150.614
0
HO
False
1486734150.651
0
HO
False
1486734150.688
0
HO
False
1486734150.729
0
HO
False
1486734150.766
0
HO
False
1486734150.804
0
HO
False
1486734150.842
0
HO
False
1486734150.881
0
HO
False
1486734150.920
0
HO
False
1486734150.959
0
HO
False
1486734150.996
0
HO
False
1486734151.36
0
HO
False
1486734151.74
0
HO
False
1486734151.112
0
HO
False
1486734151.152
0
HO
False
1486734151.190
0
HO
False
1486734151.230
0
HO
False
1486734151.267
0
HO
False
1486734151.305
0
HO
False
1486734151.346
0
HO
False
1486734151.383
0
HO
False
1486734151.422
0
HO
False
1486734151.460
0
HO
False
1486734151.497
0
HO
False
1486734151.537
0
HO
False
1486734151.575
0
HO
False
1486734151.612
0
HO
False
1486734151.652
0
HO
False
1486734151.691
0
HO
False
1486734151.730
0
HO
False
1486734151.767
0
HO
False
1486734151.807
0
HO
False
1486734151.848
0
HO
False
1486734151.887
0
HO
False
1486734151.921
0
HO
False
1486734151.960
0
HO
False
1486734151.1000
0
HO
False
1486734152.39
0
HO
False
1486734152.76
0
HO
False
1486734152.116
0
HO
False
1486734152.153
0
HO
False
1486734152.191
0
HO
False
1486734152.231
0
HO
False
1486734152.269
0
HO
False
1486734152.306
0
HO
False
1486734152.347
0
HO
False
1486734152.385
0
HO
False
1486734152.423
0
HO
False
1486734152.461
0
HO
False
1486734152.500
0
HO
False
1486734152.541
0
HO
False
1486734152.577
0
HO
False
1486734152.616
0
HO
False
1486734152.656
0
HO
False
1486734152.693
0
HO
False
1486734152.731
60
HB
True
1486734152.769
60
HB
True
1486734152.808
60
HB
True
1486734152.849
62
HB
True
1486734152.885
62
HB
True
1486734152.923
62
HB
True
1486734152.969
62
HO
True
1486734153.18
62
HO
True
1486734153.42
62
HO
True
1486734153.83
60
HO
True
1486734153.116
60
HO
True
1486734153.156
60
HO
True
1486734153.194
54
HA
True
1486734153.232
54
HA
True
1486734153.270
54
HA
True
1486734153.309
40
HA
True
1486734153.350
40
HA
True
1486734153.390
40
HA
True
1486734153.425
0
HO
False
1486734153.464
0
HO
False
1486734153.501
0
HO
False
1486734153.540
0
HO
False
1486734153.578
0
HO
False
1486734153.618
0
HO
False
1486734153.658
0
HO
False
1486734153.698
0
HO
False
1486734153.734
0
HO
False
1486734153.771
0
HO
False
1486734153.810
0
HO
False
1486734153.849
0
HO
False
1486734153.887
0
HO
False
1486734153.926
0
HO
False
1486734153.967
0
HO
False
1486734154.4
0
HO
False
1486734154.41
0
HO
False
1486734154.81
0
HO
False
1486734154.118
0
HO
False
1486734154.176
0
HO
False
1486734154.273
0
HO
False
1486734154.312
0
HO
False
1486734154.349
0
HO
False
1486734154.405
0
HO
False
1486734154.451
0
HO
False
1486734154.479
0
HO
False
1486734154.502
0
HO
False
1486734154.541
0
HO
False
1486734154.583
0
HO
False
1486734154.620
0
HO
False
1486734154.658
0
HO
False
1486734154.696
0
HO
False
1486734154.735
0
HO
False
1486734154.775
0
HO
False
1486734154.812
0
HO
False
1486734154.852
0
HO
False
1486734154.893
0
HO
False
1486734154.928
0
HO
False
1486734154.973
0
HO
False
1486734155.4
0
HO
False
1486734155.45
0
HO
False
1486734155.82
0
HO
False
1486734155.121
0
HO
False
1486734155.159
0
HO
False
1486734155.214
0
HO
False
1486734155.248
0
HO
False
1486734155.284
0
HO
False
1486734155.317
0
HO
False
1486734155.352
0
HO
False
1486734155.391
0
HO
False
1486734155.429
0
HO
False
1486734155.469
0
HO
False
1486734155.505
0
HO
False
1486734155.545
0
HO
False
1486734155.583
0
HO
False
1486734155.621
0
HO
False
1486734155.660
0
HO
False
1486734155.700
0
HO
False
1486734155.738
0
HO
False
1486734155.777
0
HO
False
1486734155.815
0
HO
False
1486734155.853
0
HO
False
1486734155.891
0
HO
False
1486734155.932
0
HO
False
1486734155.971
0
HO
False
1486734156.8
0
HO
False
1486734156.48
0
HO
False
1486734156.84
0
HO
False
1486734156.123
0
HO
False
1486734156.161
0
HO
False
1486734156.199
0
HO
False
1486734156.239
0
HO
False
1486734156.279
0
HO
False
1486734156.316
0
HO
False
1486734156.356
0
HO
False
1486734156.391
0
HO
False
1486734156.431
0
HO
False
1486734156.471
0
HO
False
1486734156.509
0
HO
False
1486734156.547
0
HO
False
1486734156.585
0
HO
False
1486734156.624
0
HO
False
1486734156.662
0
HO
False
1486734156.701
0
HO
False
1486734156.738
0
HO
False
1486734156.779
0
HO
False
1486734156.816
0
HO
False
1486734156.855
0
HO
False
1486734156.893
0
HO
False
1486734156.932
0
HO
False
1486734156.973
0
HO
False
1486734157.9
0
HO
False
1486734157.47
0
HO
False
1486734157.87
0
HO
False
1486734157.124
0
HO
False
1486734157.164
0
HO
False
1486734157.202
0
HO
False
1486734157.241
0
HO
False
1486734157.281
0
HO
False
1486734157.317
0
HO
False
1486734157.358
0
HO
False
1486734157.395
0
HO
False
1486734157.434
0
HO
False
1486734157.473
0
HO
False
1486734157.510
0
HO
False
1486734157.549
0
HO
False
1486734157.588
0
HO
False
1486734157.626
0
HO
False
1486734157.666
0
HO
False
1486734157.702
0
HO
False
1486734157.742
0
HO
False
1486734157.781
0
HO
False
1486734157.819
0
HO
False
1486734157.857
0
HO
False
1486734157.898
0
HO
False
1486734157.934
0
HO
False
1486734157.976
0
HO
False
1486734158.11
0
HO
False
1486734158.50
0
HO
False
1486734158.88
0
HO
False
1486734158.127
0
HO
False
1486734158.166
0
HO
False
1486734158.204
0
HO
False
1486734158.242
0
HO
False
1486734158.283
0
HO
False
1486734158.320
0
HO
False
1486734158.361
0
HO
False
1486734158.396
0
HO
False
1486734158.435
0
HO
False
1486734158.475
0
HO
False
1486734158.513
0
HO
False
1486734158.551
0
HO
False
1486734158.588
0
HO
False
1486734158.628
0
HO
False
1486734158.669
0
HO
False
1486734158.705
0
HO
False
1486734158.744
0
HO
False
1486734158.783
0
HO
False
1486734158.821
0
HO
False
1486734158.859
0
HO
False
1486734158.897
0
HO
False
1486734158.936
0
HO
False
1486734158.977
0
HO
False
1486734159.14
0
HO
False
1486734159.51
0
HO
False
1486734159.91
0
HO
False
1486734159.130
0
HO
False
1486734159.167
0
HO
False
1486734159.206
0
HO
False
1486734159.244
0
HO
False
1486734159.437
0
HO
False
1486734159.479
0
HO
False
1486734159.516
0
HO
False
1486734159.553
0
HO
False
1486734159.591
0
HO
False
1486734159.631
0
HO
False
1486734159.669
0
HO
False
1486734159.707
0
HO
False
1486734159.746
0
HO
False
1486734159.786
0
HO
False
1486734159.822
0
HO
False
1486734159.861
0
HO
False
1486734159.899
0
HO
False
1486734159.939
0
HO
False
1486734159.980
0
HO
False
1486734160.15
0
HO
False
1486734160.54
0
HO
False
1486734160.91
0
HO
False
1486734160.132
0
HO
False
1486734160.169
0
HO
False
1486734160.209
0
HO
False
1486734160.248
0
HO
False
1486734160.286
0
HO
False
1486734160.324
0
HO
False
1486734160.363
0
HO
False
1486734160.422
0
HO
False
1486734160.449
0
HO
False
1486734160.503
0
HO
False
1486734160.526
0
HO
False
1486734160.553
0
HO
False
1486734160.595
0
HO
False
1486734160.633
0
HO
False
1486734160.671
0
HO
False
1486734160.708
0
HO
False
1486734160.747
0
HO
False
1486734160.787
0
HO
False
1486734160.824
0
HO
False
1486734160.863
0
HO
False
1486734160.903
0
HO
False
1486734160.940
0
HO
False
1486734160.982
0
HO
False
1486734161.18
0
HO
False
1486734161.59
0
HO
False
1486734161.97
0
HO
False
1486734161.133
0
HO
False
1486734161.172
0
HO
False
1486734161.210
0
HO
False
1486734161.249
0
HO
False
1486734161.290
0
HO
False
1486734161.327
0
HO
False
1486734161.366
0
HO
False
1486734161.403
0
HO
False
1486734161.442
0
HO
False
1486734161.485
0
HO
False
1486734161.519
0
HO
False
1486734161.558
0
HO
False
1486734161.597
0
HO
False
1486734161.634
0
HO
False
1486734161.673
0
HO
False
1486734161.712
0
HO
False
1486734161.750
0
HO
False
1486734161.791
0
HO
False
1486734161.827
0
HO
False
1486734161.866
0
HO
False
1486734161.904
0
HO
False
1486734161.942
0
HO
False
1486734161.981
0
HO
False
1486734162.21
0
HO
False
1486734162.59
0
HO
False
1486734162.98
0
HO
False
1486734162.135
0
HO
False
1486734162.198
0
HO
False
1486734162.300
0
HO
False
1486734162.421
0
HO
False
1486734162.615
0
HO
False
1486734162.721
0
HO
False
1486734162.931
0
HO
False
1486734163.44
0
HO
False
1486734163.149
0
HO
False
1486734163.256
0
HO
False
1486734163.304
0
HO
False
1486734163.419
0
HO
False
1486734163.468
0
HO
False
1486734163.564
0
HO
False
1486734163.613
0
HO
False
1486734163.746
0
HO
False
1486734163.835
0
HO
False
1486734163.899
0
HO
False
1486734163.947
0
HO
False
1486734164.45
0
HO
False
1486734164.85
0
HO
False
1486734164.191
0
HO
False
1486734164.243
0
HO
False
1486734164.353
0
HO
False
1486734164.455
0
HO
False
1486734164.577
0
HO
False
1486734164.613
0
HO
False
1486734164.645
0
HO
False
1486734164.835
0
HO
False
1486734164.895
0
HO
False
1486734164.987
0
HO
False
1486734165.26
0
HO
False
1486734165.65
0
HO
False
1486734165.264
0
HO
False
1486734166.145
0
HO
False
1486734166.182
0
HO
False
1486734166.224
0
HO
False
1486734166.258
0
HO
False
1486734166.298
0
HO
False
1486734166.337
0
HO
False
1486734166.374
0
HO
False
1486734166.415
0
HO
False
1486734166.452
0
HO
False
1486734166.491
0
HO
False
1486734166.529
0
HO
False
1486734166.567
0
HO
False
1486734166.607
0
HO
False
1486734166.646
0
HO
False
1486734166.684
0
HO
False
1486734166.721
0
HO
False
1486734166.762
0
HO
False
1486734166.799
0
HO
False
1486734166.837
0
HO
False
1486734166.876
0
HO
False
1486734166.923
0
HO
False
1486734166.954
0
HO
False
