1486730994.662
False
-1
60
1486730994.769
False
-1
60
1486730994.893
False
-1
60
1486730994.991
False
-1
60
1486730995.106
False
-1
60
1486730995.151
False
-1
60
1486730995.183
False
-1
60
1486730995.315
False
-1
60
1486730995.339
False
-1
60
1486730995.378
False
-1
60
1486730995.416
False
-1
60
1486730995.456
False
-1
60
1486730995.489
False
-1
60
1486730995.527
False
-1
60
1486730995.569
False
-1
60
1486730995.606
False
-1
60
1486730995.743
False
-1
60
1486730995.841
False
-1
60
1486730995.888
False
-1
60
1486730995.921
False
-1
60
1486730995.957
False
-1
60
1486730995.990
False
-1
60
1486730996.178
False
-1
60
1486730996.216
False
-1
60
1486730996.255
False
-1
60
1486730996.294
False
-1
60
1486730996.333
False
-1
60
1486730996.386
False
-1
60
1486730996.651
False
-1
60
1486730996.679
False
-1
60
1486730996.717
False
-1
60
1486730996.757
False
-1
60
1486730996.795
False
-1
60
1486730996.836
False
-1
60
1486730996.871
False
-1
60
1486730996.911
False
-1
60
1486730996.950
False
-1
60
1486730996.988
False
-1
60
1486730997.27
False
-1
60
1486730997.64
False
-1
60
1486730997.103
False
-1
60
1486730997.141
False
-1
60
1486730997.180
False
-1
60
1486730997.221
False
-1
60
1486730997.257
False
-1
60
1486730997.297
False
-1
60
1486730997.334
False
-1
60
1486730997.381
False
-1
60
1486730997.452
False
-1
60
1486730997.545
False
-1
60
1486730997.659
False
-1
60
1486730997.772
False
-1
60
1486730997.809
False
-1
60
1486730997.951
False
-1
60
1486730998.33
False
-1
60
1486730998.79
False
-1
60
1486730998.129
False
-1
60
1486730998.181
False
-1
60
1486730998.275
False
-1
60
1486730998.319
False
-1
60
1486730998.362
False
-1
60
1486730998.402
False
-1
60
1486730998.445
False
-1
60
1486730998.473
False
-1
60
1486730998.519
False
-1
60
1486730998.624
False
-1
60
1486730998.672
False
-1
60
1486730998.703
False
-1
60
1486730998.800
False
-1
60
1486730998.862
False
-1
60
1486730999.43
False
-1
60
1486730999.82
False
-1
60
1486730999.184
False
-1
60
1486730999.247
False
-1
60
1486730999.292
False
-1
60
1486730999.374
False
-1
60
1486730999.438
False
-1
60
1486730999.533
False
-1
60
1486730999.587
False
-1
60
1486730999.634
False
-1
60
1486730999.670
False
-1
60
1486730999.708
False
-1
60
1486730999.823
False
-1
60
1486730999.861
False
-1
60
1486730999.910
False
-1
60
1486731000.15
False
-1
60
1486731000.61
False
-1
60
1486731000.148
False
-1
60
1486731000.199
False
-1
60
1486731000.250
False
-1
60
1486731000.344
False
-1
60
1486731000.461
False
-1
60
1486731000.513
False
-1
60
1486731000.557
False
-1
60
1486731000.596
False
-1
60
1486731000.640
False
-1
60
1486731000.817
False
-1
60
1486731000.939
False
-1
60
1486731001.61
False
-1
60
1486731001.168
False
-1
60
1486731001.282
False
-1
60
1486731001.407
False
-1
60
1486731001.586
False
-1
60
1486731001.634
False
-1
60
1486731001.681
False
-1
60
1486731001.773
False
-1
60
1486731001.813
False
-1
60
1486731001.861
False
-1
60
1486731001.906
False
-1
60
1486731001.923
False
-1
60
1486731001.957
False
-1
60
1486731001.998
False
-1
60
1486731002.37
False
-1
60
1486731002.75
False
-1
60
1486731002.114
False
-1
60
1486731002.152
False
-1
60
1486731002.190
False
-1
60
1486731002.228
False
-1
60
1486731002.266
False
-1
60
1486731002.305
False
-1
60
1486731002.347
False
-1
60
1486731002.384
False
-1
60
1486731002.421
False
-1
60
1486731002.459
False
-1
60
1486731002.499
False
-1
60
1486731002.691
False
-1
60
1486731002.730
False
-1
60
1486731002.769
False
-1
60
1486731002.807
False
-1
60
1486731002.849
False
-1
60
1486731002.885
False
-1
60
1486731002.922
False
-1
60
1486731002.962
False
-1
60
1486731002.999
False
-1
60
1486731003.39
False
-1
60
1486731003.77
False
-1
60
1486731003.115
False
-1
60
1486731003.156
False
-1
60
1486731003.192
False
-1
60
1486731003.231
False
-1
60
1486731003.270
False
-1
60
1486731003.308
False
-1
60
1486731003.349
False
-1
60
1486731003.391
False
-1
60
1486731003.424
False
-1
60
1486731003.462
False
-1
60
1486731003.500
False
-1
60
1486731003.539
False
-1
60
1486731003.577
False
-1
60
1486731003.617
False
-1
60
1486731003.657
False
-1
60
1486731003.694
False
-1
60
1486731003.736
False
-1
60
1486731003.773
False
-1
60
1486731003.809
False
-1
60
1486731003.851
False
-1
60
1486731003.886
False
-1
60
1486731003.925
False
-1
60
1486731003.962
False
-1
60
1486731004.2
False
-1
60
1486731004.40
False
-1
60
1486731004.79
False
-1
60
1486731004.117
False
-1
60
1486731004.158
False
-1
60
1486731004.195
False
-1
60
1486731004.234
False
-1
60
1486731004.271
False
-1
60
1486731004.311
False
-1
60
1486731004.352
False
-1
60
1486731004.386
False
-1
60
1486731004.426
False
-1
60
1486731004.466
False
-1
60
1486731004.503
False
-1
60
1486731004.544
False
-1
60
1486731004.579
False
-1
60
1486731004.620
False
-1
60
1486731004.660
False
-1
60
1486731004.695
False
-1
60
1486731004.733
False
-1
60
1486731004.774
False
-1
60
1486731004.811
False
-1
60
1486731004.850
False
-1
60
1486731004.896
False
-1
60
1486731004.929
False
-1
60
1486731004.966
False
-1
60
1486731005.4
False
-1
60
1486731005.44
False
-1
60
1486731005.83
False
-1
60
1486731005.121
False
-1
60
1486731005.159
False
-1
60
1486731005.196
False
-1
60
1486731005.234
False
-1
60
1486731005.274
False
-1
60
1486731005.313
False
-1
60
1486731005.351
False
-1
60
1486731005.389
False
-1
60
1486731005.428
False
-1
60
1486731005.468
False
-1
60
1486731005.505
False
-1
60
1486731005.544
False
-1
60
1486731005.582
False
-1
60
1486731005.623
False
-1
60
1486731005.661
False
-1
60
1486731005.697
False
-1
60
1486731005.737
False
-1
60
1486731005.776
False
-1
60
1486731005.813
False
-1
60
1486731005.853
False
-1
60
1486731005.889
False
-1
60
1486731005.929
False
-1
60
1486731005.968
False
-1
60
1486731006.5
False
-1
60
1486731006.44
False
-1
60
1486731006.82
False
-1
60
1486731006.122
False
-1
60
1486731006.159
False
-1
60
1486731006.199
False
-1
60
1486731006.239
False
-1
60
1486731006.277
False
-1
60
1486731006.314
False
-1
60
1486731006.354
False
-1
60
1486731006.398
False
-1
60
1486731006.428
False
-1
60
1486731006.470
False
-1
60
1486731006.508
False
-1
60
1486731006.546
False
-1
60
1486731006.584
False
-1
60
1486731006.623
False
-1
60
1486731006.660
False
-1
60
1486731006.701
False
-1
60
1486731006.738
False
-1
60
1486731006.777
False
-1
60
1486731006.815
False
-1
60
1486731006.854
False
-1
60
1486731006.892
False
-1
60
1486731006.932
False
-1
60
1486731006.972
False
-1
60
1486731007.7
False
-1
60
1486731007.47
False
-1
60
1486731007.86
False
-1
60
1486731007.123
False
-1
60
1486731007.164
False
-1
60
1486731007.200
False
-1
60
1486731007.238
False
-1
60
1486731007.279
False
-1
60
1486731007.316
False
-1
60
1486731007.356
False
-1
60
1486731007.393
False
-1
60
1486731007.432
False
-1
60
1486731007.473
False
-1
60
1486731007.509
False
-1
60
1486731007.548
False
-1
60
1486731007.586
False
-1
60
1486731007.626
False
-1
60
1486731007.665
False
-1
60
1486731007.703
False
-1
60
1486731007.740
False
-1
60
1486731007.778
False
-1
60
1486731007.816
False
-1
60
1486731007.856
False
-1
60
1486731007.903
False
-1
60
1486731007.935
False
-1
60
1486731007.973
False
-1
60
1486731008.10
False
-1
60
1486731008.48
False
-1
60
1486731008.87
False
-1
60
1486731008.125
False
-1
60
1486731008.166
False
-1
60
1486731008.203
False
-1
60
1486731008.242
False
-1
60
1486731008.279
False
-1
60
1486731008.319
False
-1
60
1486731008.357
False
-1
60
1486731008.396
False
-1
60
1486731008.434
False
-1
60
1486731008.475
False
-1
60
1486731008.510
False
-1
60
1486731008.549
False
-1
60
1486731008.587
False
-1
60
1486731008.627
False
-1
60
1486731008.666
False
-1
60
1486731008.705
False
-1
60
1486731008.741
False
-1
60
1486731008.780
False
-1
60
1486731008.819
False
-1
60
1486731008.858
False
-1
60
1486731008.897
False
-1
60
1486731008.935
False
-1
60
1486731008.975
False
-1
60
1486731009.12
False
-1
60
1486731009.50
False
-1
60
1486731009.89
False
-1
60
1486731009.128
False
-1
60
1486731009.168
False
-1
60
1486731009.205
False
-1
60
1486731009.243
False
-1
60
1486731009.282
False
-1
60
1486731009.320
False
-1
60
1486731009.361
False
-1
60
1486731009.404
False
-1
60
1486731009.437
False
-1
60
1486731009.475
False
-1
60
1486731009.513
False
-1
60
1486731009.552
False
-1
60
1486731009.590
False
-1
60
1486731009.629
False
-1
60
1486731009.669
False
-1
60
1486731009.706
False
-1
60
1486731009.745
False
-1
60
1486731009.782
False
-1
60
1486731009.821
False
-1
60
1486731009.859
False
-1
60
1486731009.899
False
-1
60
1486731009.938
False
-1
60
1486731009.976
False
-1
60
1486731010.15
False
-1
60
1486731010.54
False
-1
60
1486731010.91
False
-1
60
1486731010.131
False
-1
60
1486731010.170
False
-1
60
1486731010.207
False
-1
60
1486731010.246
False
-1
60
1486731010.283
False
-1
60
1486731010.324
False
-1
60
1486731010.361
False
-1
60
1486731010.420
False
-1
60
1486731010.455
False
-1
60
1486731010.487
False
-1
60
1486731010.515
False
-1
60
1486731010.556
False
-1
60
1486731010.593
False
-1
60
1486731010.631
False
-1
60
1486731010.671
False
-1
60
1486731010.708
False
-1
60
1486731010.746
False
-1
60
1486731010.785
False
-1
60
1486731010.823
False
-1
60
1486731010.861
False
-1
60
1486731010.904
False
-1
60
1486731010.940
False
-1
60
1486731010.978
False
-1
60
1486731011.16
False
-1
60
1486731011.55
False
-1
60
1486731011.93
False
-1
60
1486731011.131
False
-1
60
1486731011.171
False
-1
60
1486731011.217
False
-1
60
1486731011.252
False
-1
60
1486731011.288
False
-1
60
1486731011.332
False
-1
60
1486731011.367
False
-1
60
1486731011.401
False
-1
60
1486731011.441
False
-1
60
1486731011.479
False
-1
60
1486731011.519
False
-1
60
1486731011.556
False
-1
60
1486731011.594
False
-1
60
1486731011.633
False
-1
60
1486731011.672
False
-1
60
1486731011.710
False
-1
60
1486731011.749
False
-1
60
1486731011.787
False
-1
60
1486731011.825
False
-1
60
1486731011.864
False
-1
60
1486731011.904
False
-1
60
1486731011.942
False
-1
60
1486731011.979
False
-1
60
1486731012.19
False
-1
60
1486731012.58
False
-1
60
1486731012.96
False
-1
60
1486731012.134
False
-1
60
1486731012.174
False
-1
60
1486731012.210
False
-1
60
1486731012.250
False
-1
60
1486731012.288
False
-1
60
1486731012.327
False
-1
60
1486731012.365
False
-1
60
1486731012.406
False
-1
60
1486731012.442
False
-1
60
1486731012.481
False
-1
60
1486731012.520
False
-1
60
1486731012.558
False
-1
60
1486731012.596
False
-1
60
1486731012.635
False
-1
60
1486731012.673
False
-1
60
1486731012.711
False
-1
60
1486731012.752
False
-1
60
1486731012.788
False
-1
60
1486731012.827
False
-1
60
1486731012.866
False
-1
60
1486731012.906
False
-1
60
1486731012.943
False
-1
60
1486731012.983
False
-1
60
1486731013.21
False
-1
60
1486731013.59
False
-1
60
1486731013.97
False
-1
60
1486731013.136
False
-1
60
1486731013.175
False
-1
60
1486731013.214
False
-1
60
1486731013.253
False
-1
60
1486731013.291
False
-1
60
1486731013.329
False
-1
60
1486731013.368
False
-1
60
1486731013.406
False
-1
60
1486731013.446
False
-1
60
1486731013.485
False
-1
60
1486731013.522
False
-1
60
1486731013.561
False
-1
60
1486731013.598
False
-1
60
1486731013.637
False
-1
60
1486731013.676
False
-1
60
1486731013.714
False
-1
60
1486731013.753
False
-1
60
1486731013.792
False
-1
60
1486731013.830
False
-1
60
1486731013.868
False
-1
60
1486731013.910
False
-1
60
1486731013.946
False
-1
60
1486731013.984
False
-1
60
1486731014.177
False
-1
60
1486731014.216
False
-1
60
1486731014.255
False
-1
60
1486731014.293
False
-1
60
1486731014.331
False
-1
60
1486731014.369
False
-1
60
1486731014.422
False
-1
60
1486731014.463
False
-1
60
1486731014.482
False
-1
60
1486731014.525
False
-1
60
1486731014.562
False
-1
60
1486731014.602
False
-1
60
1486731014.639
False
-1
60
1486731014.678
False
-1
60
1486731014.716
False
-1
60
1486731014.754
False
-1
60
1486731014.793
False
-1
60
1486731014.832
False
-1
60
1486731014.870
False
-1
60
1486731014.908
False
-1
60
1486731014.948
False
-1
60
1486731014.987
False
-1
60
1486731015.26
False
-1
60
1486731015.64
False
-1
60
1486731015.104
False
-1
60
1486731015.143
False
-1
60
1486731015.178
False
-1
60
1486731015.218
False
-1
60
1486731015.256
False
-1
60
1486731015.296
False
-1
60
1486731015.333
False
-1
60
1486731015.372
False
-1
60
1486731015.410
False
-1
60
1486731015.448
False
-1
60
1486731015.487
False
-1
60
1486731015.527
False
-1
60
1486731015.563
False
-1
60
1486731015.604
False
-1
60
1486731015.641
False
-1
60
1486731015.680
False
-1
60
1486731015.719
False
-1
60
1486731015.756
False
-1
60
1486731015.795
False
-1
60
1486731015.835
False
-1
60
1486731015.873
False
-1
60
1486731015.911
False
-1
60
1486731015.949
False
-1
60
1486731015.989
False
-1
60
1486731016.27
False
-1
60
1486731016.73
False
-1
60
1486731016.106
False
-1
60
1486731016.143
False
-1
60
1486731016.183
False
-1
60
1486731016.219
False
-1
60
1486731016.258
False
-1
60
1486731016.297
False
-1
60
1486731016.335
False
-1
60
1486731016.381
False
-1
60
1486731016.422
False
-1
60
1486731016.450
False
-1
60
1486731016.489
False
-1
60
1486731016.528
False
-1
60
1486731016.567
False
-1
60
1486731016.604
False
-1
60
1486731016.643
False
-1
60
1486731016.682
False
-1
60
1486731016.720
False
-1
60
1486731016.760
False
-1
60
1486731016.796
False
-1
60
1486731016.850
False
-1
60
1486731016.961
False
-1
60
1486731017.79
False
-1
60
1486731017.191
False
-1
60
1486731017.302
False
-1
60
1486731017.358
False
-1
60
1486731017.397
False
-1
60
1486731017.493
False
-1
60
1486731017.543
False
-1
60
1486731017.651
False
-1
60
1486731017.711
False
-1
60
1486731017.744
False
-1
60
1486731017.776
False
-1
60
1486731017.816
False
-1
60
1486731017.852
False
-1
60
1486731017.902
False
-1
60
1486731017.940
False
-1
60
1486731018.51
False
-1
60
1486731018.148
False
-1
60
1486731018.195
False
-1
60
1486731018.230
False
-1
60
1486731018.263
False
-1
60
1486731018.301
False
-1
60
1486731018.340
True
7
2
1486731018.377
True
7
2
1486731018.416
True
7
2
1486731018.455
True
17
13
1486731018.493
True
17
13
1486731018.533
True
17
13
1486731018.571
True
28
25
1486731018.609
True
28
25
1486731018.648
True
28
25
1486731018.687
True
41
40
1486731018.725
True
41
40
1486731018.766
True
41
40
1486731018.803
False
-1
60
1486731018.840
False
-1
60
1486731018.878
False
-1
60
1486731018.917
False
-1
60
1486731018.955
False
-1
60
1486731018.994
False
-1
60
1486731019.33
False
-1
60
1486731019.72
False
-1
60
1486731019.110
False
-1
60
1486731019.149
False
-1
60
1486731019.187
False
-1
60
1486731019.225
False
-1
60
1486731019.265
False
-1
60
1486731019.304
False
-1
60
1486731019.341
False
-1
60
1486731019.380
False
-1
60
1486731019.419
False
-1
60
1486731019.457
False
-1
60
1486731019.496
False
-1
60
1486731019.535
False
-1
60
1486731019.575
False
-1
60
1486731019.612
False
-1
60
1486731019.650
False
-1
60
1486731019.689
False
-1
60
1486731019.727
False
-1
60
1486731019.766
False
-1
60
1486731019.804
False
-1
60
1486731019.843
False
-1
60
1486731019.881
False
-1
60
1486731019.920
False
-1
60
1486731019.958
False
-1
60
1486731020.5
False
-1
60
1486731020.45
False
-1
60
1486731020.76
False
-1
60
1486731020.111
False
-1
60
1486731020.153
False
-1
60
1486731020.189
False
-1
60
1486731020.229
False
-1
60
1486731020.268
False
-1
60
1486731020.305
False
-1
60
1486731020.343
False
-1
60
1486731020.391
False
-1
60
1486731020.419
False
-1
60
1486731020.468
False
-1
60
1486731020.501
False
-1
60
1486731020.536
False
-1
60
1486731020.577
False
-1
60
1486731020.614
False
-1
60
1486731020.653
False
-1
60
1486731020.690
False
-1
60
1486731020.732
False
-1
60
1486731020.772
False
-1
60
1486731020.826
False
-1
60
1486731020.928
False
-1
60
1486731020.964
False
-1
60
1486731021.18
False
-1
60
1486731021.192
False
-1
60
1486731021.231
False
-1
60
1486731021.271
False
-1
60
1486731021.308
False
-1
60
1486731021.346
False
-1
60
1486731021.384
False
-1
60
1486731021.431
False
-1
60
1486731021.466
False
-1
60
1486731021.499
False
-1
60
1486731021.538
False
-1
60
1486731021.580
False
-1
60
1486731021.615
False
-1
60
1486731021.655
False
-1
60
1486731021.694
False
-1
60
1486731021.731
False
-1
60
1486731021.772
False
-1
60
1486731021.809
False
-1
60
1486731021.864
False
-1
60
1486731021.891
False
-1
60
1486731021.926
False
-1
60
1486731021.963
False
-1
60
1486731022.82
False
-1
60
1486731022.115
False
-1
60
1486731022.169
False
-1
60
1486731022.221
False
-1
60
1486731022.255
False
-1
60
1486731022.281
False
-1
60
1486731022.313
False
-1
60
1486731022.352
False
-1
60
1486731022.392
False
-1
60
1486731022.428
False
-1
60
1486731022.464
False
-1
60
1486731022.502
False
-1
60
1486731022.539
False
-1
60
1486731022.582
False
-1
60
1486731022.618
False
-1
60
1486731022.656
False
-1
60
1486731022.695
False
-1
60
1486731022.734
False
-1
60
1486731022.774
False
-1
60
1486731022.811
False
-1
60
1486731022.849
False
-1
60
1486731022.887
False
-1
60
1486731022.931
False
-1
60
1486731023.42
False
-1
60
1486731023.82
False
-1
60
1486731023.119
False
-1
60
1486731023.157
False
-1
60
1486731023.196
False
-1
60
1486731023.235
False
-1
60
1486731023.274
False
-1
60
1486731023.311
False
-1
60
1486731023.349
False
-1
60
1486731023.387
False
-1
60
1486731023.427
False
-1
60
1486731023.466
False
-1
60
1486731023.504
False
-1
60
1486731023.543
False
-1
60
1486731023.584
False
-1
60
1486731023.620
False
-1
60
1486731023.658
False
-1
60
1486731023.696
False
-1
60
1486731023.736
False
-1
60
1486731023.773
False
-1
60
1486731023.815
False
-1
60
1486731023.850
False
-1
60
1486731023.891
False
-1
60
1486731023.928
False
-1
60
1486731023.966
False
-1
60
1486731024.5
False
-1
60
1486731024.44
False
-1
60
1486731024.84
False
-1
60
1486731024.122
False
-1
60
1486731024.160
False
-1
60
1486731024.198
False
-1
60
1486731024.237
False
-1
60
1486731024.274
False
-1
60
1486731024.314
False
-1
60
1486731024.353
False
-1
60
1486731024.391
False
-1
60
1486731024.435
False
-1
60
1486731024.467
False
-1
60
1486731024.507
False
-1
60
1486731024.546
False
-1
60
1486731024.584
False
-1
60
1486731024.622
False
-1
60
1486731024.662
False
-1
60
1486731024.701
False
-1
60
1486731024.738
False
-1
60
1486731024.776
False
-1
60
1486731024.815
False
-1
60
1486731024.854
False
-1
60
1486731024.893
False
-1
60
1486731024.930
True
59
59
1486731024.969
True
59
59
1486731025.8
True
59
59
1486731025.47
True
46
43
1486731025.86
True
46
43
1486731025.124
True
46
43
1486731025.161
True
26
26
1486731025.200
True
26
26
1486731025.240
True
26
26
1486731025.278
True
10
10
1486731025.317
True
10
10
1486731025.355
True
10
10
1486731025.396
False
-1
60
1486731025.432
False
-1
60
1486731025.471
False
-1
60
1486731025.508
False
-1
60
1486731025.547
False
-1
60
1486731025.587
False
-1
60
1486731025.623
False
-1
60
1486731025.663
False
-1
60
1486731025.703
False
-1
60
1486731025.740
False
-1
60
1486731025.777
False
-1
60
1486731025.816
False
-1
60
1486731025.857
False
-1
60
1486731025.895
False
-1
60
1486731025.938
False
-1
60
1486731025.972
False
-1
60
1486731026.9
False
-1
60
1486731026.50
False
-1
60
1486731026.88
False
-1
60
1486731026.125
False
-1
60
1486731026.163
False
-1
60
1486731026.202
False
-1
60
1486731026.240
False
-1
60
1486731026.280
False
-1
60
1486731026.317
False
-1
60
1486731026.356
False
-1
60
1486731026.396
False
-1
60
1486731026.450
False
-1
60
1486731026.548
False
-1
60
1486731026.589
False
-1
60
1486731026.642
False
-1
60
1486731026.692
False
-1
60
1486731026.720
False
-1
60
1486731026.747
False
-1
60
1486731026.786
False
-1
60
1486731026.820
False
-1
60
1486731026.860
False
-1
60
1486731026.899
False
-1
60
1486731026.935
False
-1
60
1486731026.973
False
-1
60
1486731027.12
False
-1
60
1486731027.51
False
-1
60
1486731027.91
False
-1
60
1486731027.128
False
-1
60
1486731027.166
False
-1
60
1486731027.218
False
-1
60
1486731027.249
False
-1
60
1486731027.285
False
-1
60
1486731027.320
False
-1
60
1486731027.359
False
-1
60
1486731027.400
False
-1
60
1486731027.442
False
-1
60
1486731027.475
False
-1
60
1486731027.513
False
-1
60
1486731027.552
False
-1
60
1486731027.592
False
-1
60
1486731027.627
False
-1
60
1486731027.667
False
-1
60
1486731027.705
False
-1
60
1486731027.743
False
-1
60
1486731027.783
False
-1
60
1486731027.821
False
-1
60
1486731027.859
False
-1
60
1486731027.901
False
-1
60
1486731027.937
False
-1
60
1486731027.975
False
-1
60
1486731028.40
False
-1
60
1486731028.129
False
-1
60
1486731028.168
False
-1
60
1486731028.221
False
-1
60
1486731028.323
False
-1
60
1486731028.361
False
-1
60
1486731028.401
False
-1
60
1486731028.438
False
-1
60
1486731028.477
False
-1
60
1486731028.514
False
-1
60
1486731028.554
False
-1
60
1486731028.594
False
-1
60
1486731028.711
False
-1
60
1486731028.748
False
-1
60
1486731029.864
False
-1
60
1486731029.904
False
-1
60
1486731029.940
False
-1
60
1486731029.981
False
-1
60
1486731030.18
False
-1
60
1486731030.56
False
-1
60
1486731030.95
False
-1
60
1486731030.132
False
-1
60
1486731030.171
False
-1
60
1486731030.214
False
-1
60
1486731030.249
False
-1
60
1486731030.287
False
-1
60
1486731030.326
False
-1
60
1486731030.364
False
-1
60
1486731030.416
False
-1
60
1486731030.469
False
-1
60
1486731030.501
False
-1
60
1486731030.531
False
-1
60
1486731030.557
False
-1
60
1486731030.601
False
-1
60
1486731030.633
False
-1
60
1486731030.673
False
-1
60
1486731030.713
False
-1
60
1486731030.750
False
-1
60
1486731030.788
False
-1
60
1486731030.829
False
-1
60
1486731030.866
False
-1
60
1486731030.905
False
-1
60
1486731030.942
False
-1
60
1486731030.981
False
-1
60
1486731031.20
False
-1
60
1486731031.58
False
-1
60
1486731031.98
False
-1
60
1486731031.136
False
-1
60
1486731031.174
False
-1
60
1486731031.215
False
-1
60
1486731031.251
False
-1
60
1486731031.291
False
-1
60
1486731031.328
False
-1
60
1486731031.366
False
-1
60
1486731031.407
False
-1
60
1486731031.444
False
-1
60
1486731031.482
False
-1
60
1486731031.522
False
-1
60
1486731031.559
False
-1
60
1486731031.597
False
-1
60
1486731031.637
False
-1
60
1486731031.675
False
-1
60
1486731031.715
False
-1
60
1486731031.753
False
-1
60
1486731031.790
False
-1
60
1486731031.829
False
-1
60
1486731031.868
False
-1
60
1486731031.907
False
-1
60
1486731031.952
False
-1
60
1486731031.985
False
-1
60
1486731032.23
False
-1
60
1486731032.61
False
-1
60
1486731032.125
False
-1
60
1486731032.171
False
-1
60
1486731032.187
False
-1
60
1486731032.224
False
-1
60
1486731032.257
False
-1
60
1486731032.316
False
-1
60
1486731032.356
False
-1
60
1486731032.386
False
-1
60
1486731032.408
False
-1
60
1486731032.449
False
-1
60
1486731032.485
False
-1
60
1486731032.524
False
-1
60
1486731032.562
False
-1
60
1486731032.599
False
-1
60
1486731032.639
False
-1
60
1486731032.678
False
-1
60
1486731032.717
False
-1
60
1486731032.755
False
-1
60
1486731032.792
False
-1
60
1486731032.832
False
-1
60
1486731032.869
False
-1
60
1486731032.908
False
-1
60
1486731032.947
False
-1
60
1486731032.986
False
-1
60
1486731033.25
False
-1
60
1486731033.63
False
-1
60
1486731033.101
False
-1
60
1486731033.139
False
-1
60
1486731033.178
False
-1
60
1486731033.220
False
-1
60
1486731033.256
False
-1
60
1486731033.293
False
-1
60
1486731033.333
False
-1
60
1486731033.393
False
-1
60
1486731033.487
False
-1
60
1486731033.526
False
-1
60
1486731033.564
False
-1
60
1486731033.625
False
-1
60
1486731033.720
False
-1
60
1486731033.757
False
-1
60
1486731033.795
False
-1
60
1486731033.833
False
-1
60
1486731033.871
False
-1
60
1486731033.911
False
-1
60
1486731033.950
False
-1
60
1486731033.987
False
-1
60
1486731034.27
False
-1
60
1486731034.65
False
-1
60
1486731034.104
False
-1
60
1486731034.142
False
-1
60
1486731034.180
False
-1
60
1486731034.220
False
-1
60
1486731034.256
False
-1
60
1486731034.296
False
-1
60
1486731034.335
False
-1
60
1486731034.372
False
-1
60
1486731034.412
False
-1
60
1486731034.450
False
-1
60
1486731034.489
False
-1
60
1486731034.529
False
-1
60
1486731034.566
False
-1
60
1486731034.605
False
-1
60
1486731034.642
False
-1
60
1486731034.681
False
-1
60
1486731034.721
False
-1
60
1486731034.758
False
-1
60
1486731034.798
False
-1
60
1486731034.836
False
-1
60
1486731034.874
False
-1
60
1486731034.912
False
-1
60
1486731034.957
False
-1
60
1486731034.988
False
-1
60
1486731035.31
False
-1
60
1486731035.67
False
-1
60
1486731035.105
False
-1
60
1486731035.144
False
-1
60
1486731035.182
False
-1
60
1486731035.223
False
-1
60
1486731035.260
False
-1
60
1486731035.298
False
-1
60
1486731035.337
False
-1
60
1486731035.374
False
-1
60
1486731035.416
False
-1
60
1486731035.452
False
-1
60
1486731035.492
False
-1
60
1486731035.531
False
-1
60
1486731035.569
False
-1
60
1486731035.606
False
-1
60
1486731035.645
False
-1
60
1486731035.683
False
-1
60
1486731035.724
False
-1
60
1486731035.761
False
-1
60
1486731035.799
False
-1
60
1486731035.837
False
-1
60
1486731035.876
False
-1
60
1486731035.915
False
-1
60
1486731035.954
False
-1
60
1486731035.992
False
-1
60
1486731036.31
False
-1
60
1486731036.69
False
-1
60
1486731036.108
False
-1
60
1486731036.147
False
-1
60
1486731036.186
False
-1
60
1486731036.225
False
-1
60
1486731036.262
True
54
50
1486731036.301
True
54
50
1486731036.340
True
54
50
1486731036.377
False
-1
60
1486731036.415
False
-1
60
1486731036.461
False
-1
60
1486731036.493
True
15
15
1486731036.534
True
15
15
1486731036.571
True
15
15
1486731036.608
False
-1
60
1486731036.647
False
-1
60
1486731036.685
False
-1
60
1486731036.728
False
-1
60
1486731036.763
False
-1
60
1486731036.801
False
-1
60
1486731036.838
False
-1
60
1486731036.878
False
-1
60
1486731036.918
False
-1
60
1486731036.954
False
-1
60
1486731036.994
False
-1
60
1486731037.33
False
-1
60
1486731037.71
False
-1
60
1486731037.109
False
-1
60
1486731037.148
False
-1
60
1486731037.187
False
-1
60
1486731037.226
False
-1
60
1486731037.263
False
-1
60
1486731037.302
False
-1
60
1486731037.342
False
-1
60
1486731037.380
False
-1
60
1486731037.417
False
-1
60
1486731037.456
False
-1
60
1486731037.495
False
-1
60
1486731037.534
False
-1
60
1486731037.573
False
-1
60
1486731037.610
False
-1
60
1486731037.651
False
-1
60
1486731037.688
False
-1
60
1486731037.729
False
-1
60
1486731037.787
False
-1
60
1486731037.880
False
-1
60
1486731037.918
False
-1
60
1486731037.971
False
-1
60
1486731038.73
False
-1
60
1486731038.111
False
-1
60
1486731038.151
False
-1
60
1486731038.188
False
-1
60
1486731038.228
False
-1
60
1486731038.265
False
-1
60
1486731038.304
False
-1
60
1486731038.343
False
-1
60
1486731038.382
False
-1
60
1486731038.421
False
-1
60
1486731038.460
False
-1
60
1486731038.497
False
-1
60
1486731038.537
False
-1
60
1486731038.574
False
-1
60
1486731038.614
False
-1
60
1486731038.652
False
-1
60
1486731038.690
False
-1
60
1486731038.729
False
-1
60
1486731038.766
False
-1
60
1486731038.806
False
-1
60
1486731038.844
False
-1
60
1486731038.883
False
-1
60
1486731038.921
False
-1
60
1486731038.958
False
-1
60
1486731038.998
False
-1
60
1486731039.40
False
-1
60
1486731039.75
False
-1
60
1486731039.114
False
-1
60
1486731039.153
False
-1
60
1486731039.191
False
-1
60
1486731039.231
False
-1
60
1486731039.269
False
-1
60
1486731039.321
False
-1
60
1486731039.422
False
-1
60
1486731039.464
False
-1
60
1486731039.508
False
-1
60
1486731039.565
False
-1
60
1486731039.602
False
-1
60
1486731039.632
False
-1
60
1486731039.658
False
-1
60
1486731039.694
False
-1
60
1486731039.732
False
-1
60
1486731039.769
False
-1
60
1486731039.810
False
-1
60
1486731039.845
False
-1
60
1486731039.884
False
-1
60
1486731039.923
False
-1
60
1486731039.962
False
-1
60
1486731040.0
False
-1
60
1486731040.41
False
-1
60
1486731040.76
False
-1
60
1486731040.115
False
-1
60
1486731040.154
False
-1
60
1486731040.193
False
-1
60
1486731040.233
False
-1
60
1486731040.270
False
-1
60
1486731040.309
False
-1
60
1486731040.346
False
-1
60
1486731040.405
False
-1
60
1486731040.446
False
-1
60
1486731040.479
False
-1
60
1486731040.511
False
-1
60
1486731040.539
False
-1
60
1486731040.577
False
-1
60
1486731040.616
False
-1
60
1486731040.655
False
-1
60
1486731040.693
False
-1
60
1486731040.735
False
-1
60
1486731040.771
False
-1
60
1486731040.810
False
-1
60
1486731040.848
False
-1
60
1486731040.887
True
6
0
1486731040.927
True
6
0
1486731040.966
True
6
0
1486731041.3
True
17
11
1486731041.41
True
17
11
1486731041.80
True
17
11
1486731041.118
True
30
26
1486731041.156
True
30
26
1486731041.195
True
30
26
1486731041.236
True
46
46
1486731041.272
True
46
46
1486731041.311
True
46
46
1486731041.348
False
-1
60
1486731041.387
False
-1
60
1486731041.428
False
-1
60
1486731041.466
False
-1
60
1486731041.503
False
-1
60
1486731041.542
False
-1
60
1486731041.580
False
-1
60
1486731041.620
False
-1
60
1486731041.657
False
-1
60
1486731041.696
False
-1
60
1486731041.736
False
-1
60
1486731041.773
False
-1
60
1486731041.812
False
-1
60
1486731041.851
False
-1
60
1486731041.889
False
-1
60
1486731041.928
False
-1
60
1486731041.966
False
-1
60
1486731042.4
False
-1
60
1486731042.43
False
-1
60
1486731042.81
False
-1
60
1486731042.120
False
-1
60
1486731042.158
False
-1
60
1486731042.198
False
-1
60
1486731042.237
False
-1
60
1486731042.273
False
-1
60
1486731042.312
False
-1
60
1486731042.351
False
-1
60
1486731042.389
False
-1
60
1486731042.431
False
-1
60
1486731042.468
False
-1
60
1486731042.505
False
-1
60
1486731042.543
False
-1
60
1486731042.582
False
-1
60
1486731042.621
False
-1
60
1486731042.660
False
-1
60
1486731042.699
False
-1
60
1486731042.739
False
-1
60
1486731042.774
False
-1
60
1486731042.813
False
-1
60
1486731042.853
False
-1
60
1486731042.891
False
-1
60
1486731042.930
False
-1
60
1486731042.968
False
-1
60
1486731043.6
False
-1
60
1486731043.51
False
-1
60
1486731043.87
False
-1
60
1486731043.124
False
-1
60
1486731043.160
False
-1
60
1486731043.199
False
-1
60
1486731043.240
False
-1
60
1486731043.275
False
-1
60
1486731043.316
False
-1
60
1486731043.367
False
-1
60
1486731043.414
False
-1
60
1486731043.452
False
-1
60
1486731043.471
False
-1
60
1486731043.510
False
-1
60
1486731043.549
False
-1
60
1486731043.584
False
-1
60
1486731043.622
False
-1
60
1486731043.662
False
-1
60
1486731043.701
False
-1
60
1486731043.740
False
-1
60
1486731043.800
False
-1
60
1486731043.896
False
-1
60
1486731043.953
False
-1
60
1486731044.47
False
-1
60
1486731044.85
False
-1
60
1486731044.124
False
-1
60
1486731044.163
False
-1
60
1486731044.202
False
-1
60
1486731044.241
False
-1
60
1486731044.278
False
-1
60
1486731044.318
False
-1
60
1486731044.355
False
-1
60
1486731044.401
False
-1
60
1486731044.461
False
-1
60
1486731044.497
False
-1
60
1486731044.523
False
-1
60
1486731044.553
False
-1
60
1486731044.589
False
-1
60
1486731044.625
False
-1
60
1486731044.663
False
-1
60
1486731044.702
False
-1
60
1486731044.743
False
-1
60
1486731044.779
False
-1
60
1486731044.818
False
-1
60
1486731044.856
False
-1
60
1486731044.894
False
-1
60
1486731044.938
False
-1
60
1486731044.976
False
-1
60
1486731045.11
False
-1
60
1486731045.49
False
-1
60
1486731045.88
False
-1
60
1486731045.126
False
-1
60
1486731045.320
False
-1
60
1486731045.373
False
-1
60
1486731045.424
False
-1
60
1486731045.511
False
-1
60
1486731045.552
False
-1
60
1486731045.588
False
-1
60
1486731045.626
False
-1
60
1486731045.666
False
-1
60
1486731045.704
False
-1
60
1486731045.745
False
-1
60
1486731045.781
False
-1
60
1486731045.820
False
-1
60
1486731045.858
False
-1
60
1486731045.897
False
-1
60
1486731045.936
False
-1
60
1486731045.973
False
-1
60
1486731046.13
False
-1
60
1486731046.52
False
-1
60
1486731046.89
False
-1
60
1486731046.129
False
-1
60
1486731046.166
False
-1
60
1486731046.206
False
-1
60
1486731046.245
False
-1
60
1486731046.282
False
-1
60
1486731046.321
False
-1
60
1486731046.363
False
-1
60
1486731046.406
False
-1
60
1486731046.455
False
-1
60
1486731046.494
False
-1
60
1486731046.524
False
-1
60
1486731046.552
False
-1
60
1486731046.593
False
-1
60
1486731046.630
False
-1
60
1486731046.668
False
-1
60
1486731046.707
False
-1
60
1486731046.748
False
-1
60
1486731046.783
False
-1
60
1486731046.821
False
-1
60
1486731046.860
False
-1
60
1486731046.899
False
-1
60
1486731046.942
False
-1
60
1486731046.982
False
-1
60
1486731047.13
False
-1
60
1486731047.56
False
-1
60
1486731047.92
False
-1
60
1486731047.131
False
-1
60
1486731047.169
False
-1
60
1486731047.208
False
-1
60
1486731047.248
False
-1
60
1486731047.284
False
-1
60
1486731047.324
False
-1
60
1486731047.363
False
-1
60
1486731047.400
False
-1
60
1486731047.438
False
-1
60
1486731047.477
False
-1
60
1486731047.516
False
-1
60
1486731047.556
False
-1
60
1486731047.593
True
59
55
1486731047.632
True
59
55
1486731047.670
True
59
55
1486731047.709
True
41
38
1486731047.748
True
41
38
1486731047.785
True
41
38
1486731047.824
False
-1
60
1486731047.862
False
-1
60
1486731047.901
False
-1
60
1486731047.940
False
-1
60
1486731047.978
False
-1
60
1486731048.17
False
-1
60
1486731048.57
False
-1
60
1486731048.94
False
-1
60
1486731048.132
False
-1
60
1486731048.170
False
-1
60
1486731048.212
False
-1
60
1486731048.249
False
-1
60
1486731048.287
False
-1
60
1486731048.325
False
-1
60
1486731048.363
False
-1
60
1486731048.402
False
-1
60
1486731048.441
False
-1
60
1486731048.479
False
-1
60
1486731048.521
False
-1
60
1486731048.559
False
-1
60
1486731048.598
False
-1
60
1486731048.634
False
-1
60
1486731048.672
False
-1
60
1486731048.711
False
-1
60
1486731048.750
False
-1
60
1486731048.787
False
-1
60
1486731048.828
False
-1
60
1486731048.868
False
-1
60
1486731048.906
False
-1
60
1486731048.942
False
-1
60
1486731048.980
False
-1
60
1486731049.19
False
-1
60
1486731049.58
False
-1
60
1486731049.97
False
-1
60
1486731049.135
False
-1
60
1486731049.173
False
-1
60
1486731049.214
False
-1
60
1486731049.253
False
-1
60
1486731049.289
False
-1
60
1486731049.328
False
-1
60
1486731049.389
False
-1
60
1486731049.481
False
-1
60
1486731049.538
False
-1
60
1486731049.584
False
-1
60
1486731049.608
False
-1
60
1486731049.635
False
-1
60
1486731049.676
False
-1
60
1486731049.712
False
-1
60
1486731049.753
False
-1
60
1486731049.790
False
-1
60
1486731049.828
False
-1
60
1486731049.866
False
-1
60
1486731049.906
False
-1
60
1486731049.945
False
-1
60
1486731049.985
False
-1
60
1486731050.21
False
-1
60
1486731050.62
False
-1
60
1486731050.101
False
-1
60
1486731050.140
False
-1
60
1486731050.178
False
-1
60
1486731050.216
False
-1
60
1486731050.258
False
-1
60
1486731050.291
False
-1
60
1486731050.329
False
-1
60
1486731050.368
False
-1
60
1486731050.413
False
-1
60
1486731050.454
False
-1
60
1486731050.489
False
-1
60
1486731050.524
False
-1
60
1486731050.563
False
-1
60
1486731050.598
False
-1
60
1486731050.639
False
-1
60
1486731050.677
False
-1
60
1486731050.714
False
-1
60
1486731050.757
False
-1
60
1486731050.812
False
-1
60
1486731050.862
False
-1
60
1486731050.889
False
-1
60
1486731050.916
False
-1
60
1486731050.944
False
-1
60
1486731050.987
False
-1
60
1486731051.22
False
-1
60
1486731051.84
False
-1
60
1486731051.257
False
-1
60
1486731051.293
False
-1
60
1486731051.332
False
-1
60
1486731051.369
False
-1
60
1486731051.410
False
-1
60
1486731051.450
False
-1
60
1486731051.488
False
-1
60
1486731051.525
False
-1
60
1486731051.566
False
-1
60
1486731051.602
False
-1
60
1486731051.642
False
-1
60
1486731051.679
False
-1
60
1486731051.717
False
-1
60
1486731051.760
False
-1
60
1486731051.794
False
-1
60
1486731051.833
False
-1
60
1486731051.872
False
-1
60
1486731051.909
False
-1
60
1486731051.950
False
-1
60
1486731051.986
False
-1
60
1486731052.26
False
-1
60
1486731052.66
False
-1
60
1486731052.103
True
7
0
1486731052.141
True
7
0
1486731052.181
True
7
0
1486731052.219
True
19
12
1486731052.258
True
19
12
1486731052.295
True
19
12
1486731052.333
True
32
28
1486731052.372
True
32
28
1486731052.411
True
32
28
1486731052.453
True
49
47
1486731052.487
True
49
47
1486731052.526
True
49
47
1486731052.566
False
-1
60
1486731052.604
False
-1
60
1486731052.641
False
-1
60
1486731052.682
False
-1
60
1486731052.719
False
-1
60
1486731052.758
False
-1
60
1486731052.797
False
-1
60
1486731052.835
False
-1
60
1486731052.873
False
-1
60
1486731052.911
False
-1
60
1486731052.950
False
-1
60
1486731052.990
False
-1
60
1486731053.30
False
-1
60
1486731053.69
False
-1
60
1486731053.103
False
-1
60
1486731053.143
False
-1
60
1486731053.182
False
-1
60
1486731053.220
False
-1
60
1486731053.261
False
-1
60
1486731053.297
False
-1
60
1486731053.336
False
-1
60
1486731053.374
False
-1
60
1486731053.413
False
-1
60
1486731053.452
False
-1
60
1486731053.491
False
-1
60
1486731053.527
False
-1
60
1486731053.567
False
-1
60
1486731053.605
False
-1
60
1486731053.644
False
-1
60
1486731053.683
False
-1
60
1486731053.722
False
-1
60
1486731053.761
False
-1
60
1486731053.798
False
-1
60
1486731053.837
False
-1
60
1486731053.877
False
-1
60
1486731053.914
False
-1
60
1486731053.952
False
-1
60
1486731053.994
False
-1
60
1486731054.28
False
-1
60
1486731054.69
False
-1
60
1486731054.106
False
-1
60
1486731054.145
False
-1
60
1486731054.185
False
-1
60
1486731054.223
False
-1
60
1486731054.263
False
-1
60
1486731054.300
False
-1
60
1486731054.337
False
-1
60
1486731054.376
False
-1
60
1486731054.415
False
-1
60
1486731054.453
False
-1
60
1486731054.492
False
-1
60
1486731054.530
False
-1
60
1486731054.570
False
-1
60
1486731054.607
False
-1
60
1486731054.646
False
-1
60
1486731054.685
False
-1
60
1486731054.801
False
-1
60
1486731054.838
False
-1
60
1486731054.877
False
-1
60
1486731054.926
False
-1
60
1486731054.974
False
-1
60
1486731055.2
False
-1
60
1486731055.29
False
-1
60
1486731055.76
False
-1
60
1486731055.111
False
-1
60
1486731055.146
False
-1
60
1486731055.185
False
-1
60
1486731055.224
False
-1
60
1486731055.263
False
-1
60
1486731055.302
False
-1
60
1486731055.340
False
-1
60
1486731055.379
False
-1
60
1486731055.418
False
-1
60
1486731055.456
False
-1
60
1486731055.494
False
-1
60
1486731055.533
False
-1
60
1486731055.572
False
-1
60
1486731055.610
False
-1
60
1486731055.648
False
-1
60
1486731055.686
False
-1
60
1486731055.726
False
-1
60
1486731055.765
False
-1
60
1486731055.803
False
-1
60
1486731055.841
False
-1
60
1486731055.879
False
-1
60
1486731055.918
False
-1
60
1486731055.957
False
-1
60
1486731055.999
False
-1
60
1486731056.111
False
-1
60
1486731056.151
False
-1
60
1486731056.189
False
-1
60
1486731056.234
False
-1
60
1486731056.294
False
-1
60
1486731056.380
False
-1
60
1486731056.418
False
-1
60
1486731056.471
False
-1
60
1486731056.518
False
-1
60
1486731056.552
False
-1
60
1486731056.578
False
-1
60
1486731056.624
False
-1
60
1486731056.727
False
-1
60
1486731056.767
False
-1
60
1486731056.809
False
-1
60
1486731056.842
False
-1
60
1486731056.882
False
-1
60
1486731056.920
False
-1
60
1486731056.958
False
-1
60
1486731056.997
False
-1
60
1486731057.35
False
-1
60
1486731057.79
False
-1
60
1486731057.115
False
-1
60
1486731057.154
False
-1
60
1486731057.196
False
-1
60
1486731057.231
False
-1
60
1486731057.270
False
-1
60
1486731057.305
False
-1
60
1486731057.346
False
-1
60
1486731057.382
False
-1
60
1486731057.421
False
-1
60
1486731057.459
False
-1
60
1486731057.499
False
-1
60
1486731057.535
False
-1
60
1486731057.577
False
-1
60
1486731057.614
False
-1
60
1486731057.656
False
-1
60
1486731057.693
False
-1
60
1486731057.730
False
-1
60
1486731057.770
False
-1
60
1486731057.805
False
-1
60
1486731057.846
False
-1
60
1486731057.883
False
-1
60
1486731057.921
False
-1
60
1486731057.960
False
-1
60
1486731057.999
False
-1
60
1486731058.40
False
-1
60
1486731058.78
False
-1
60
1486731058.115
False
-1
60
1486731058.154
False
-1
60
1486731058.192
False
-1
60
1486731058.231
False
-1
60
1486731058.274
False
-1
60
1486731058.309
False
-1
60
1486731058.347
False
-1
60
1486731058.385
False
-1
60
1486731058.424
False
-1
60
1486731058.462
False
-1
60
1486731058.501
False
-1
60
1486731058.539
False
-1
60
1486731058.578
True
59
58
1486731058.616
True
59
58
1486731058.654
True
59
58
1486731058.693
True
44
42
1486731058.732
True
44
42
1486731058.782
True
44
42
1486731058.807
False
-1
60
1486731058.847
False
-1
60
1486731060.119
False
-1
60
1486731060.180
False
-1
60
1486731060.227
False
-1
60
1486731060.248
False
-1
60
1486731060.271
False
-1
60
1486731060.323
False
-1
60
1486731060.370
False
-1
60
1486731060.486
False
-1
60
1486731060.516
False
-1
60
1486731060.547
False
-1
60
1486731060.582
False
-1
60
1486731060.621
False
-1
60
1486731060.658
False
-1
60
1486731060.697
False
-1
60
1486731060.736
False
-1
60
1486731060.774
False
-1
60
1486731060.812
False
-1
60
1486731060.852
False
-1
60
1486731060.889
False
-1
60
1486731060.928
False
-1
60
1486731060.968
False
-1
60
1486731061.15
False
-1
60
1486731061.57
False
-1
60
1486731061.98
False
-1
60
1486731061.123
False
-1
60
1486731061.160
False
-1
60
1486731061.198
False
-1
60
1486731061.236
False
-1
60
1486731061.274
False
-1
60
1486731061.315
False
-1
60
1486731061.352
False
-1
60
1486731061.390
False
-1
60
1486731061.430
False
-1
60
1486731061.468
False
-1
60
1486731061.507
False
-1
60
1486731061.544
False
-1
60
1486731061.583
False
-1
60
1486731061.624
False
-1
60
1486731061.660
False
-1
60
1486731061.700
False
-1
60
1486731061.737
False
-1
60
1486731061.775
False
-1
60
1486731061.814
False
-1
60
1486731061.871
False
-1
60
1486731061.975
False
-1
60
1486731062.7
False
-1
60
1486731062.45
False
-1
60
1486731062.101
False
-1
60
1486731062.200
False
-1
60
1486731062.238
False
-1
60
1486731062.277
False
-1
60
1486731062.315
False
-1
60
1486731062.355
False
-1
60
1486731062.394
False
-1
60
1486731062.432
False
-1
60
1486731062.470
False
-1
60
1486731062.510
False
-1
60
1486731062.547
False
-1
60
1486731062.586
False
-1
60
1486731062.625
False
-1
60
1486731062.663
False
-1
60
1486731062.703
False
-1
60
1486731062.741
False
-1
60
1486731062.778
False
-1
60
1486731062.818
False
-1
60
1486731062.855
False
-1
60
1486731062.894
False
-1
60
1486731062.933
False
-1
60
1486731062.971
True
2
0
1486731063.9
True
2
0
1486731063.47
True
2
0
1486731063.86
True
13
8
1486731063.125
True
13
8
1486731063.164
True
13
8
1486731063.205
True
26
22
1486731063.243
True
26
22
1486731063.280
True
26
22
1486731063.322
False
-1
60
1486731063.357
False
-1
60
1486731063.396
False
-1
60
1486731063.434
False
-1
60
1486731063.479
False
-1
60
1486731063.511
False
-1
60
1486731063.551
False
-1
60
1486731063.588
False
-1
60
1486731063.627
False
-1
60
1486731063.664
False
-1
60
1486731063.707
False
-1
60
1486731063.742
False
-1
60
1486731063.782
False
-1
60
1486731063.819
False
-1
60
1486731063.857
False
-1
60
1486731063.899
False
-1
60
1486731063.935
False
-1
60
1486731063.974
False
-1
60
1486731064.12
False
-1
60
1486731064.50
False
-1
60
1486731064.88
False
-1
60
1486731064.127
False
-1
60
1486731064.169
False
-1
60
1486731064.205
False
-1
60
1486731064.248
False
-1
60
1486731064.286
False
-1
60
1486731064.321
False
-1
60
1486731064.359
False
-1
60
1486731064.397
False
-1
60
1486731064.436
False
-1
60
1486731064.476
False
-1
60
1486731064.513
False
-1
60
1486731064.552
False
-1
60
1486731064.591
False
-1
60
1486731064.628
False
-1
60
1486731064.667
False
-1
60
1486731064.706
False
-1
60
1486731064.745
False
-1
60
1486731064.782
False
-1
60
1486731064.822
False
-1
60
1486731064.860
False
-1
60
1486731064.898
False
-1
60
1486731064.937
False
-1
60
1486731064.982
False
-1
60
1486731065.15
False
-1
60
1486731065.52
False
-1
60
1486731065.92
False
-1
60
1486731065.130
False
-1
60
1486731065.168
False
-1
60
1486731065.207
False
-1
60
1486731065.246
False
-1
60
1486731065.283
False
-1
60
1486731065.321
False
-1
60
1486731065.361
False
-1
60
1486731065.399
False
-1
60
1486731065.437
False
-1
60
1486731065.478
False
-1
60
1486731065.515
False
-1
60
1486731065.554
False
-1
60
1486731065.592
False
-1
60
1486731065.630
False
-1
60
1486731065.670
False
-1
60
1486731065.707
False
-1
60
1486731065.746
False
-1
60
1486731065.806
False
-1
60
1486731065.901
False
-1
60
1486731065.939
False
-1
60
1486731065.977
False
-1
60
1486731066.31
False
-1
60
1486731066.76
False
-1
60
1486731066.112
False
-1
60
1486731066.138
False
-1
60
1486731066.171
False
-1
60
1486731066.212
False
-1
60
1486731066.249
False
-1
60
1486731066.286
False
-1
60
1486731066.324
False
-1
60
1486731066.363
False
-1
60
1486731066.402
False
-1
60
1486731066.440
False
-1
60
1486731066.485
False
-1
60
1486731066.517
False
-1
60
1486731066.558
False
-1
60
1486731066.596
False
-1
60
1486731066.634
False
-1
60
1486731066.672
False
-1
60
1486731066.710
False
-1
60
1486731066.748
False
-1
60
1486731066.786
False
-1
60
1486731066.825
False
-1
60
1486731066.864
False
-1
60
1486731066.904
False
-1
60
1486731066.941
False
-1
60
1486731066.979
False
-1
60
1486731067.18
False
-1
60
1486731067.76
False
-1
60
1486731067.251
False
-1
60
1486731067.287
False
-1
60
1486731067.345
False
-1
60
1486731067.441
False
-1
60
1486731067.480
False
-1
60
1486731067.519
False
-1
60
1486731067.558
False
-1
60
1486731067.597
False
-1
60
1486731067.636
False
-1
60
1486731067.675
False
-1
60
1486731067.714
False
-1
60
1486731067.751
False
-1
60
1486731067.789
False
-1
60
1486731067.827
False
-1
60
1486731067.867
False
-1
60
1486731067.904
False
-1
60
1486731067.944
False
-1
60
1486731067.989
False
-1
60
1486731068.19
False
-1
60
1486731068.59
False
-1
60
1486731068.98
False
-1
60
1486731068.136
False
-1
60
1486731068.176
False
-1
60
1486731068.213
False
-1
60
1486731068.251
False
-1
60
1486731068.291
False
-1
60
1486731068.329
False
-1
60
1486731068.369
False
-1
60
1486731068.405
False
-1
60
1486731068.444
False
-1
60
1486731068.482
False
-1
60
1486731068.521
False
-1
60
1486731068.560
False
-1
60
1486731068.597
False
-1
60
1486731068.638
False
-1
60
1486731068.677
False
-1
60
1486731068.716
False
-1
60
1486731068.754
False
-1
60
1486731068.795
False
-1
60
1486731068.832
False
-1
60
1486731068.871
False
-1
60
1486731068.908
False
-1
60
1486731068.946
False
-1
60
1486731068.984
False
-1
60
1486731069.23
False
-1
60
1486731069.61
False
-1
60
1486731069.103
False
-1
60
1486731069.136
False
-1
60
1486731069.177
False
-1
60
1486731069.215
False
-1
60
1486731069.253
False
-1
60
1486731069.293
False
-1
60
1486731069.331
False
-1
60
1486731069.371
False
-1
60
1486731069.409
False
-1
60
1486731069.446
False
-1
60
1486731069.491
False
-1
60
1486731069.523
False
-1
60
1486731069.561
True
59
58
1486731069.601
True
59
58
1486731069.639
True
59
58
1486731069.679
False
-1
60
1486731069.716
False
-1
60
1486731069.757
False
-1
60
1486731069.799
False
-1
60
1486731069.831
False
-1
60
1486731069.872
False
-1
60
1486731069.909
False
-1
60
1486731069.949
False
-1
60
1486731069.986
False
-1
60
1486731070.24
False
-1
60
1486731070.64
False
-1
60
1486731070.102
False
-1
60
1486731070.140
False
-1
60
1486731070.178
False
-1
60
1486731070.218
False
-1
60
1486731070.255
False
-1
60
1486731070.293
False
-1
60
1486731070.334
False
-1
60
1486731070.371
False
-1
60
1486731070.420
False
-1
60
1486731070.458
False
-1
60
1486731070.485
False
-1
60
1486731070.525
False
-1
60
1486731070.566
False
-1
60
1486731070.602
False
-1
60
1486731070.640
False
-1
60
1486731070.680
False
-1
60
1486731070.718
False
-1
60
1486731070.759
False
-1
60
1486731070.794
False
-1
60
1486731070.835
False
-1
60
1486731070.874
False
-1
60
1486731070.911
False
-1
60
1486731070.949
False
-1
60
1486731070.995
False
-1
60
1486731071.26
False
-1
60
1486731071.67
False
-1
60
1486731071.104
False
-1
60
1486731071.144
False
-1
60
1486731071.181
False
-1
60
1486731071.218
False
-1
60
1486731071.424
False
-1
60
1486731071.470
False
-1
60
1486731071.510
False
-1
60
1486731071.531
False
-1
60
1486731071.571
False
-1
60
1486731071.610
False
-1
60
1486731071.643
False
-1
60
1486731071.683
False
-1
60
1486731071.719
False
-1
60
1486731071.759
False
-1
60
1486731071.798
False
-1
60
1486731071.836
False
-1
60
1486731071.876
False
-1
60
1486731071.913
False
-1
60
1486731071.952
False
-1
60
1486731071.991
False
-1
60
1486731072.28
False
-1
60
1486731072.67
False
-1
60
1486731072.107
False
-1
60
1486731072.144
False
-1
60
1486731072.185
False
-1
60
1486731072.222
False
-1
60
1486731072.260
False
-1
60
1486731072.299
False
-1
60
1486731072.498
False
-1
60
1486731072.529
False
-1
60
1486731072.568
False
-1
60
1486731072.607
False
-1
60
1486731072.644
False
-1
60
1486731072.704
False
-1
60
1486731072.750
False
-1
60
1486731072.791
False
-1
60
1486731072.813
False
-1
60
1486731072.845
False
-1
60
1486731072.883
False
-1
60
1486731072.936
False
-1
60
1486731073.32
False
-1
60
1486731073.70
False
-1
60
1486731073.107
False
-1
60
1486731073.145
False
-1
60
1486731073.187
False
-1
60
1486731073.225
False
-1
60
1486731073.261
False
-1
60
1486731073.301
False
-1
60
1486731073.341
False
-1
60
1486731073.531
False
-1
60
1486731073.571
False
-1
60
1486731073.609
False
-1
60
1486731073.647
False
-1
60
1486731073.689
False
-1
60
1486731073.725
False
-1
60
1486731073.762
False
-1
60
1486731073.802
False
-1
60
1486731073.840
False
-1
60
1486731073.879
False
-1
60
1486731073.917
False
-1
60
1486731073.954
False
-1
60
1486731074.1
False
-1
60
1486731074.36
False
-1
60
1486731074.72
True
1
0
1486731074.110
True
1
0
1486731074.148
True
1
0
1486731074.189
True
11
4
1486731074.225
True
11
4
1486731074.264
True
11
4
1486731074.304
True
23
17
1486731074.342
True
23
17
1486731074.384
True
23
17
1486731074.418
True
36
34
1486731074.458
True
36
34
1486731074.496
True
36
34
1486731074.533
False
-1
60
1486731074.573
False
-1
60
1486731074.611
False
-1
60
1486731074.650
False
-1
60
1486731074.691
False
-1
60
1486731074.727
False
-1
60
1486731074.764
False
-1
60
1486731074.805
False
-1
60
1486731074.842
False
-1
60
1486731074.884
False
-1
60
1486731074.918
False
-1
60
1486731074.958
False
-1
60
1486731074.996
False
-1
60
1486731075.36
False
-1
60
1486731075.74
False
-1
60
1486731075.112
False
-1
60
1486731075.151
False
-1
60
1486731075.190
False
-1
60
1486731075.228
False
-1
60
1486731075.267
False
-1
60
1486731075.306
False
-1
60
1486731075.344
False
-1
60
1486731075.384
False
-1
60
1486731075.420
False
-1
60
1486731075.459
False
-1
60
1486731075.503
False
-1
60
1486731075.536
False
-1
60
1486731075.575
False
-1
60
1486731075.612
False
-1
60
1486731075.654
False
-1
60
1486731075.845
False
-1
60
1486731075.885
False
-1
60
1486731075.921
False
-1
60
1486731075.960
False
-1
60
1486731075.998
False
-1
60
1486731076.37
False
-1
60
1486731076.76
False
-1
60
1486731076.115
False
-1
60
1486731076.153
False
-1
60
1486731076.193
False
-1
60
1486731076.229
False
-1
60
1486731076.268
False
-1
60
1486731076.307
False
-1
60
1486731076.345
False
-1
60
1486731076.387
False
-1
60
1486731076.423
False
-1
60
1486731076.460
False
-1
60
1486731076.500
False
-1
60
1486731076.540
False
-1
60
1486731076.576
False
-1
60
1486731076.617
False
-1
60
1486731076.653
False
-1
60
1486731076.694
False
-1
60
1486731076.731
False
-1
60
1486731076.769
False
-1
60
1486731076.807
False
-1
60
1486731076.846
False
-1
60
1486731076.887
False
-1
60
1486731076.924
False
-1
60
1486731077.55
False
-1
60
1486731077.155
False
-1
60
1486731077.197
False
-1
60
1486731077.240
False
-1
60
1486731077.273
False
-1
60
1486731077.312
False
-1
60
1486731077.434
False
-1
60
1486731077.466
False
-1
60
1486731077.503
False
-1
60
1486731077.539
False
-1
60
1486731077.578
False
-1
60
1486731077.620
False
-1
60
1486731077.655
False
-1
60
1486731077.698
False
-1
60
1486731077.733
False
-1
60
1486731077.771
False
-1
60
1486731077.811
False
-1
60
1486731077.849
False
-1
60
1486731077.889
False
-1
60
1486731077.925
False
-1
60
1486731077.964
False
-1
60
1486731078.3
False
-1
60
1486731078.40
False
-1
60
1486731078.79
False
-1
60
1486731078.119
False
-1
60
1486731078.157
False
-1
60
1486731078.197
False
-1
60
1486731078.234
False
-1
60
1486731078.272
False
-1
60
1486731078.311
False
-1
60
1486731078.350
False
-1
60
1486731078.390
False
-1
60
1486731078.428
False
-1
60
1486731078.465
False
-1
60
1486731078.509
False
-1
60
1486731078.544
False
-1
60
1486731078.608
False
-1
60
1486731078.776
False
-1
60
1486731078.890
False
-1
60
1486731078.926
False
-1
60
1486731078.967
False
-1
60
1486731079.4
False
-1
60
1486731079.44
False
-1
60
1486731079.83
False
-1
60
1486731079.121
False
-1
60
1486731079.158
False
-1
60
1486731079.199
False
-1
60
1486731079.236
False
-1
60
1486731079.274
False
-1
60
1486731079.313
False
-1
60
1486731079.351
False
-1
60
1486731079.393
False
-1
60
1486731079.430
False
-1
60
1486731079.468
False
-1
60
1486731079.505
False
-1
60
1486731079.544
False
-1
60
1486731079.583
False
-1
60
1486731079.622
False
-1
60
1486731079.659
False
-1
60
1486731079.701
False
-1
60
1486731079.737
False
-1
60
1486731079.775
False
-1
60
1486731079.814
False
-1
60
1486731079.853
False
-1
60
1486731079.892
False
-1
60
1486731079.929
False
-1
60
1486731079.968
False
-1
60
1486731080.12
False
-1
60
1486731080.47
False
-1
60
1486731080.85
False
-1
60
1486731080.122
False
-1
60
1486731080.160
False
-1
60
1486731080.202
False
-1
60
1486731080.237
False
-1
60
1486731080.275
False
-1
60
1486731080.315
False
-1
60
1486731080.354
False
-1
60
1486731080.403
False
-1
60
1486731080.430
False
-1
60
1486731080.470
False
-1
60
1486731080.512
False
-1
60
1486731080.550
False
-1
60
1486731080.586
False
-1
60
1486731080.627
False
-1
60
1486731080.661
False
-1
60
1486731080.702
False
-1
60
1486731080.740
False
-1
60
1486731080.778
False
-1
60
1486731080.817
False
-1
60
1486731080.855
False
-1
60
1486731080.894
False
-1
60
1486731080.933
False
-1
60
1486731080.970
False
-1
60
1486731081.11
False
-1
60
1486731081.49
False
-1
60
1486731081.86
False
-1
60
1486731081.125
False
-1
60
1486731081.162
False
-1
60
1486731081.204
False
-1
60
1486731081.240
False
-1
60
1486731081.278
False
-1
60
1486731081.317
False
-1
60
1486731081.357
False
-1
60
1486731081.396
False
-1
60
1486731081.432
False
-1
60
1486731081.472
False
-1
60
1486731081.516
False
-1
60
1486731081.548
False
-1
60
1486731081.586
False
-1
60
1486731081.626
False
-1
60
1486731081.664
False
-1
60
1486731081.704
False
-1
60
1486731081.741
False
-1
60
1486731081.779
False
-1
60
1486731081.818
False
-1
60
1486731081.856
False
-1
60
1486731081.896
False
-1
60
1486731081.934
False
-1
60
1486731081.973
False
-1
60
1486731082.10
False
-1
60
1486731082.51
False
-1
60
1486731082.88
False
-1
60
1486731082.127
False
-1
60
1486731082.166
False
-1
60
1486731082.205
False
-1
60
1486731082.242
False
-1
60
1486731082.280
False
-1
60
1486731082.320
False
-1
60
1486731082.359
False
-1
60
1486731082.398
False
-1
60
1486731082.448
False
-1
60
1486731082.553
False
-1
60
1486731082.589
False
-1
60
1486731082.628
False
-1
60
1486731082.678
False
-1
60
1486731082.737
False
-1
60
1486731082.764
False
-1
60
1486731082.786
False
-1
60
1486731082.827
False
-1
60
1486731082.861
False
-1
60
1486731082.899
False
-1
60
1486731082.937
False
-1
60
1486731082.974
False
-1
60
1486731083.17
False
-1
60
1486731083.51
False
-1
60
1486731083.92
False
-1
60
1486731083.129
False
-1
60
1486731083.168
False
-1
60
1486731083.207
False
-1
60
1486731083.245
False
-1
60
1486731083.285
False
-1
60
1486731083.321
False
-1
60
1486731083.361
False
-1
60
1486731083.401
False
-1
60
1486731083.436
False
-1
60
1486731083.474
False
-1
60
1486731083.517
False
-1
60
1486731083.552
False
-1
60
1486731083.591
False
-1
60
1486731083.629
False
-1
60
1486731083.668
False
-1
60
1486731083.709
False
-1
60
1486731083.744
False
-1
60
1486731083.783
False
-1
60
1486731083.825
False
-1
60
1486731083.860
False
-1
60
1486731083.901
False
-1
60
1486731083.937
False
-1
60
1486731083.976
False
-1
60
1486731084.16
False
-1
60
1486731084.55
False
-1
60
1486731084.92
False
-1
60
1486731084.132
False
-1
60
1486731084.169
False
-1
60
1486731084.209
False
-1
60
1486731084.247
False
-1
60
1486731084.285
False
-1
60
1486731084.338
False
-1
60
1486731084.440
False
-1
60
1486731084.478
False
-1
60
1486731084.594
False
-1
60
1486731084.632
False
-1
60
1486731084.671
False
-1
60
1486731084.710
False
-1
60
1486731084.748
False
-1
60
1486731084.785
False
-1
60
1486731084.825
False
-1
60
1486731084.863
False
-1
60
1486731084.904
False
-1
60
1486731084.941
False
-1
60
1486731084.978
False
-1
60
1486731085.20
False
-1
60
1486731085.55
False
-1
60
1486731085.95
False
-1
60
1486731085.133
False
-1
60
1486731085.171
False
-1
60
1486731085.212
False
-1
60
1486731085.248
False
-1
60
1486731085.287
False
-1
60
1486731085.327
False
-1
60
1486731085.364
False
-1
60
1486731085.402
False
-1
60
1486731085.441
False
-1
60
1486731085.480
False
-1
60
1486731085.519
True
2
0
1486731085.557
True
2
0
1486731085.595
True
2
0
1486731085.634
True
12
5
1486731085.672
True
12
5
1486731085.713
True
12
5
1486731085.749
True
23
17
1486731085.788
True
23
17
1486731085.826
True
23
17
1486731085.865
True
36
33
1486731085.907
True
36
33
1486731085.944
True
36
33
1486731085.981
False
-1
60
1486731086.24
False
-1
60
1486731086.56
False
-1
60
1486731086.97
False
-1
60
1486731086.136
False
-1
60
1486731086.173
False
-1
60
1486731086.213
False
-1
60
1486731086.251
False
-1
60
1486731086.289
False
-1
60
1486731086.328
False
-1
60
1486731086.366
False
-1
60
1486731086.405
False
-1
60
1486731086.444
False
-1
60
1486731086.482
False
-1
60
1486731086.523
False
-1
60
1486731086.558
False
-1
60
1486731086.597
False
-1
60
1486731086.635
False
-1
60
1486731086.675
False
-1
60
1486731086.714
False
-1
60
1486731086.752
False
-1
60
1486731086.791
False
-1
60
1486731086.828
False
-1
60
1486731086.868
False
-1
60
1486731086.906
False
-1
60
1486731086.946
False
-1
60
1486731086.983
False
-1
60
1486731087.23
False
-1
60
1486731087.60
False
-1
60
1486731087.98
False
-1
60
1486731087.137
False
-1
60
1486731087.176
False
-1
60
1486731087.215
False
-1
60
1486731087.252
False
-1
60
1486731087.290
False
-1
60
1486731087.330
False
-1
60
1486731087.368
False
-1
60
1486731087.406
False
-1
60
1486731087.445
False
-1
60
1486731087.484
False
-1
60
1486731087.528
False
-1
60
1486731087.561
False
-1
60
1486731087.600
False
-1
60
1486731087.637
False
-1
60
1486731087.677
False
-1
60
1486731087.718
False
-1
60
1486731087.753
False
-1
60
1486731087.793
False
-1
60
1486731087.831
False
-1
60
1486731087.869
False
-1
60
1486731087.907
False
-1
60
1486731087.946
False
-1
60
1486731087.985
False
-1
60
1486731088.25
False
-1
60
1486731088.62
False
-1
60
1486731088.101
False
-1
60
1486731088.222
False
-1
60
1486731088.254
False
-1
60
1486731088.294
False
-1
60
1486731088.344
False
-1
60
1486731088.391
False
-1
60
1486731088.433
False
-1
60
1486731088.451
False
-1
60
1486731088.484
False
-1
60
1486731088.525
False
-1
60
1486731088.568
False
-1
60
1486731088.603
False
-1
60
1486731088.641
False
-1
60
1486731088.685
False
-1
60
1486731088.718
False
-1
60
1486731088.755
False
-1
60
1486731088.794
False
-1
60
1486731088.833
False
-1
60
1486731088.879
False
-1
60
1486731088.911
False
-1
60
1486731089.873
False
-1
60
1486731089.913
False
-1
60
1486731089.952
False
-1
60
1486731089.1000
False
-1
60
1486731090.61
False
-1
60
1486731090.87
False
-1
60
1486731090.107
False
-1
60
1486731090.145
False
-1
60
1486731090.186
False
-1
60
1486731090.223
False
-1
60
1486731090.259
False
-1
60
1486731090.297
False
-1
60
1486731090.338
False
-1
60
1486731090.375
False
-1
60
1486731090.430
False
-1
60
1486731090.477
False
-1
60
1486731090.512
False
-1
60
1486731090.534
False
-1
60
1486731090.566
False
-1
60
1486731090.609
False
-1
60
1486731090.644
False
-1
60
1486731090.688
False
-1
60
1486731090.721
False
-1
60
1486731090.760
False
-1
60
1486731090.798
False
-1
60
1486731090.837
False
-1
60
1486731090.875
False
-1
60
1486731090.914
False
-1
60
1486731090.953
False
-1
60
1486731090.992
False
-1
60
1486731091.32
False
-1
60
1486731091.67
False
-1
60
1486731091.106
False
-1
60
1486731091.145
False
-1
60
1486731091.186
False
-1
60
1486731091.222
False
-1
60
1486731091.260
False
-1
60
1486731091.299
False
-1
60
1486731091.340
False
-1
60
1486731091.380
False
-1
60
1486731091.415
False
-1
60
1486731091.454
False
-1
60
1486731091.492
False
-1
60
1486731091.529
False
-1
60
1486731091.570
False
-1
60
1486731091.607
False
-1
60
1486731091.647
False
-1
60
1486731091.687
False
-1
60
1486731091.724
False
-1
60
1486731091.762
False
-1
60
1486731091.802
False
-1
60
1486731091.841
False
-1
60
1486731091.878
False
-1
60
1486731091.917
False
-1
60
1486731091.955
False
-1
60
1486731091.994
False
-1
60
1486731092.33
False
-1
60
1486731092.71
False
-1
60
1486731092.109
False
-1
60
1486731092.148
False
-1
60
1486731092.187
False
-1
60
1486731092.224
True
59
56
1486731092.264
True
59
56
1486731092.303
True
59
56
1486731092.343
True
43
40
1486731092.378
True
43
40
1486731092.417
True
43
40
1486731092.455
False
-1
60
1486731092.494
False
-1
60
1486731092.532
False
-1
60
1486731092.572
True
10
10
1486731092.610
True
10
10
1486731092.650
True
10
10
1486731092.687
False
-1
60
1486731092.725
False
-1
60
1486731092.764
False
-1
60
1486731092.803
False
-1
60
1486731092.843
False
-1
60
1486731092.880
False
-1
60
1486731092.919
False
-1
60
1486731092.956
False
-1
60
1486731092.994
False
-1
60
1486731093.33
False
-1
60
1486731093.72
False
-1
60
1486731093.111
False
-1
60
1486731093.153
False
-1
60
1486731093.189
False
-1
60
1486731093.227
False
-1
60
1486731093.266
False
-1
60
1486731093.304
False
-1
60
1486731093.346
False
-1
60
1486731093.383
False
-1
60
1486731093.419
False
-1
60
1486731093.458
False
-1
60
1486731093.496
False
-1
60
1486731093.537
False
-1
60
1486731093.572
False
-1
60
1486731093.613
False
-1
60
1486731093.653
False
-1
60
1486731093.689
False
-1
60
1486731093.728
False
-1
60
1486731093.768
False
-1
60
1486731093.811
False
-1
60
1486731093.848
False
-1
60
1486731093.883
False
-1
60
1486731093.946
False
-1
60
1486731094.38
False
-1
60
1486731094.93
False
-1
60
1486731094.191
False
-1
60
1486731094.229
False
-1
60
1486731094.268
False
-1
60
1486731094.306
False
-1
60
1486731094.349
False
-1
60
1486731094.384
False
-1
60
1486731094.421
False
-1
60
1486731094.462
False
-1
60
1486731094.499
False
-1
60
1486731094.537
False
-1
60
1486731094.577
False
-1
60
1486731094.615
False
-1
60
1486731094.654
False
-1
60
1486731094.692
False
-1
60
1486731094.731
False
-1
60
1486731094.769
False
-1
60
1486731094.807
False
-1
60
1486731094.846
False
-1
60
1486731094.885
False
-1
60
1486731094.922
False
-1
60
1486731094.963
False
-1
60
1486731095.1
False
-1
60
1486731095.41
False
-1
60
1486731095.77
False
-1
60
1486731095.117
False
-1
60
1486731095.158
False
-1
60
1486731095.192
False
-1
60
1486731095.231
False
-1
60
1486731095.269
False
-1
60
1486731095.307
False
-1
60
1486731095.346
False
-1
60
1486731095.385
False
-1
60
1486731095.423
False
-1
60
1486731095.463
False
-1
60
1486731095.501
False
-1
60
1486731095.540
False
-1
60
1486731095.656
False
-1
60
1486731095.693
False
-1
60
1486731095.743
False
-1
60
1486731095.785
False
-1
60
1486731095.886
False
-1
60
1486731095.925
False
-1
60
1486731095.965
False
-1
60
1486731096.1
False
-1
60
1486731096.39
False
-1
60
1486731096.80
False
-1
60
1486731096.120
False
-1
60
1486731096.157
False
-1
60
1486731096.193
False
-1
60
1486731096.234
False
-1
60
1486731096.273
False
-1
60
1486731096.310
False
-1
60
1486731096.350
False
-1
60
1486731096.388
False
-1
60
1486731096.425
False
-1
60
1486731096.465
False
-1
60
1486731096.503
False
-1
60
1486731096.543
False
-1
60
1486731096.581
False
-1
60
1486731096.618
False
-1
60
1486731096.658
False
-1
60
1486731096.696
False
-1
60
1486731096.734
False
-1
60
1486731096.774
False
-1
60
1486731096.812
False
-1
60
1486731096.850
True
4
0
1486731096.887
True
4
0
1486731096.927
True
4
0
1486731096.967
True
15
7
1486731097.4
True
15
7
1486731097.41
True
15
7
1486731097.81
True
27
22
1486731097.122
True
27
22
1486731097.157
True
27
22
1486731097.197
False
-1
60
1486731097.235
False
-1
60
1486731097.273
False
-1
60
1486731097.312
False
-1
60
1486731097.352
False
-1
60
1486731097.389
False
-1
60
1486731097.428
False
-1
60
1486731097.469
False
-1
60
1486731097.505
False
-1
60
1486731097.543
False
-1
60
1486731097.582
False
-1
60
1486731097.621
False
-1
60
1486731097.661
False
-1
60
1486731097.698
False
-1
60
1486731097.738
False
-1
60
1486731097.774
False
-1
60
1486731097.813
False
-1
60
1486731097.851
False
-1
60
1486731097.890
False
-1
60
1486731097.928
False
-1
60
1486731097.968
False
-1
60
1486731098.5
False
-1
60
1486731098.44
False
-1
60
1486731098.83
False
-1
60
1486731098.122
False
-1
60
1486731098.161
False
-1
60
1486731098.198
False
-1
60
1486731098.237
False
-1
60
1486731098.276
False
-1
60
1486731098.314
False
-1
60
1486731098.353
False
-1
60
1486731098.391
False
-1
60
1486731098.430
False
-1
60
1486731098.469
False
-1
60
1486731098.507
False
-1
60
1486731098.546
False
-1
60
1486731098.584
False
-1
60
1486731098.623
False
-1
60
1486731098.663
False
-1
60
1486731098.699
False
-1
60
1486731098.738
False
-1
60
1486731098.776
False
-1
60
1486731098.816
False
-1
60
1486731098.855
False
-1
60
1486731098.893
False
-1
60
1486731098.931
False
-1
60
1486731098.971
False
-1
60
1486731099.8
False
-1
60
1486731099.45
False
-1
60
1486731099.86
False
-1
60
1486731099.126
False
-1
60
1486731099.163
False
-1
60
1486731099.201
False
-1
60
1486731099.239
False
-1
60
1486731099.277
False
-1
60
1486731099.316
False
-1
60
1486731099.355
False
-1
60
1486731099.394
False
-1
60
1486731099.433
False
-1
60
1486731099.473
False
-1
60
1486731099.507
False
-1
60
1486731099.547
False
-1
60
1486731099.586
False
-1
60
1486731099.624
False
-1
60
1486731099.666
False
-1
60
1486731099.702
False
-1
60
1486731099.741
False
-1
60
1486731099.804
False
-1
60
1486731099.895
False
-1
60
1486731099.934
False
-1
60
1486731099.973
False
-1
60
1486731100.9
False
-1
60
1486731100.48
False
-1
60
1486731100.104
False
-1
60
1486731100.202
False
-1
60
1486731100.242
False
-1
60
1486731100.279
False
-1
60
1486731100.319
False
-1
60
1486731100.357
False
-1
60
1486731100.414
False
-1
60
1486731100.457
False
-1
60
1486731100.483
False
-1
60
1486731100.513
False
-1
60
1486731100.549
False
-1
60
1486731100.590
False
-1
60
1486731100.627
False
-1
60
1486731100.666
False
-1
60
1486731100.703
False
-1
60
1486731100.741
False
-1
60
1486731100.779
False
-1
60
1486731100.819
False
-1
60
1486731100.859
False
-1
60
1486731100.897
False
-1
60
1486731100.935
False
-1
60
1486731100.975
False
-1
60
1486731101.16
False
-1
60
1486731101.143
False
-1
60
1486731101.186
False
-1
60
1486731101.222
False
-1
60
1486731101.251
False
-1
60
1486731101.286
False
-1
60
1486731101.347
False
-1
60
1486731101.436
False
-1
60
1486731101.476
False
-1
60
1486731101.513
False
-1
60
1486731101.554
False
-1
60
1486731101.591
False
-1
60
1486731101.629
False
-1
60
1486731101.667
False
-1
60
1486731101.706
False
-1
60
1486731101.744
False
-1
60
1486731101.785
False
-1
60
1486731101.822
False
-1
60
1486731101.864
False
-1
60
1486731101.904
False
-1
60
1486731101.937
False
-1
60
1486731101.979
False
-1
60
1486731102.14
False
-1
60
1486731102.54
False
-1
60
1486731102.93
False
-1
60
1486731102.130
False
-1
60
1486731102.168
False
-1
60
1486731102.207
False
-1
60
1486731102.246
False
-1
60
1486731102.286
False
-1
60
1486731102.322
False
-1
60
1486731102.362
False
-1
60
1486731102.400
False
-1
60
1486731102.438
False
-1
60
1486731102.476
False
-1
60
1486731102.515
False
-1
60
1486731102.555
False
-1
60
1486731102.594
False
-1
60
1486731102.630
False
-1
60
1486731102.669
False
-1
60
1486731102.709
False
-1
60
1486731102.747
False
-1
60
1486731102.786
False
-1
60
1486731102.823
False
-1
60
1486731102.861
False
-1
60
1486731102.901
False
-1
60
1486731102.939
False
-1
60
1486731102.978
False
-1
60
1486731103.16
False
-1
60
1486731103.54
False
-1
60
1486731103.95
False
-1
60
1486731103.132
False
-1
60
1486731103.172
False
-1
60
1486731103.208
False
-1
60
1486731103.248
False
-1
60
1486731103.287
False
-1
60
1486731103.324
False
-1
60
1486731103.363
False
-1
60
1486731103.402
False
-1
60
1486731103.440
False
-1
60
1486731103.480
False
-1
60
1486731103.517
False
-1
60
1486731103.555
False
-1
60
1486731103.596
False
-1
60
1486731103.634
False
-1
60
1486731103.672
False
-1
60
1486731103.711
False
-1
60
1486731103.749
False
-1
60
1486731103.788
True
47
46
1486731103.825
True
47
46
1486731103.865
True
47
46
1486731103.902
False
-1
60
1486731103.941
False
-1
60
1486731103.979
False
-1
60
1486731104.19
False
-1
60
1486731104.60
False
-1
60
1486731104.97
False
-1
60
1486731104.134
False
-1
60
1486731104.172
False
-1
60
1486731104.212
False
-1
60
1486731104.250
False
-1
60
1486731104.290
False
-1
60
1486731104.326
False
-1
60
1486731104.366
False
-1
60
1486731104.405
False
-1
60
1486731104.442
False
-1
60
1486731104.480
False
-1
60
1486731104.519
False
-1
60
1486731104.557
False
-1
60
1486731104.597
False
-1
60
1486731104.635
False
-1
60
1486731104.674
False
-1
60
1486731104.712
False
-1
60
1486731104.751
False
-1
60
1486731104.789
False
-1
60
1486731104.827
False
-1
60
1486731104.866
False
-1
60
1486731104.905
False
-1
60
1486731104.944
False
-1
60
1486731104.982
False
-1
60
1486731105.21
False
-1
60
1486731105.59
False
-1
60
1486731105.99
False
-1
60
1486731105.136
False
-1
60
1486731105.174
False
-1
60
1486731105.213
False
-1
60
1486731105.252
False
-1
60
1486731105.292
False
-1
60
1486731105.329
False
-1
60
1486731105.368
False
-1
60
1486731105.406
False
-1
60
1486731105.476
False
-1
60
1486731105.560
False
-1
60
1486731105.611
False
-1
60
1486731105.661
False
-1
60
1486731105.696
False
-1
60
1486731105.717
False
-1
60
1486731105.753
False
-1
60
1486731105.792
False
-1
60
1486731105.831
False
-1
60
1486731105.868
False
-1
60
1486731105.907
False
-1
60
1486731105.945
False
-1
60
1486731105.984
False
-1
60
1486731106.22
False
-1
60
1486731106.62
False
-1
60
1486731106.101
False
-1
60
1486731106.140
False
-1
60
1486731106.177
False
-1
60
1486731106.216
False
-1
60
1486731106.253
False
-1
60
1486731106.292
False
-1
60
1486731106.331
False
-1
60
1486731106.370
False
-1
60
1486731106.408
False
-1
60
1486731106.447
False
-1
60
1486731106.485
False
-1
60
1486731106.523
False
-1
60
1486731106.562
False
-1
60
1486731106.601
False
-1
60
1486731106.641
False
-1
60
1486731106.678
False
-1
60
1486731106.716
False
-1
60
1486731106.754
False
-1
60
1486731106.794
False
-1
60
1486731106.833
False
-1
60
1486731106.871
False
-1
60
1486731106.909
False
-1
60
1486731106.947
False
-1
60
1486731106.986
False
-1
60
1486731107.31
False
-1
60
1486731107.81
False
-1
60
1486731107.179
False
-1
60
1486731107.217
False
-1
60
1486731107.255
False
-1
60
1486731107.314
False
-1
60
1486731107.358
False
-1
60
1486731107.379
False
-1
60
1486731107.410
False
-1
60
1486731107.453
False
-1
60
1486731107.489
False
-1
60
1486731107.525
False
-1
60
1486731107.565
False
-1
60
1486731107.603
False
-1
60
1486731107.641
False
-1
60
1486731107.680
False
-1
60
1486731107.719
False
-1
60
1486731107.757
False
-1
60
1486731107.795
False
-1
60
1486731107.833
False
-1
60
1486731107.873
False
-1
60
1486731107.911
False
-1
60
1486731107.950
False
-1
60
1486731107.988
False
-1
60
1486731108.26
False
-1
60
1486731108.66
False
-1
60
1486731108.104
False
-1
60
1486731108.142
False
-1
60
1486731108.181
False
-1
60
1486731108.219
False
-1
60
1486731108.258
False
-1
60
1486731108.296
False
-1
60
1486731108.335
False
-1
60
1486731108.374
False
-1
60
1486731108.411
False
-1
60
1486731108.452
False
-1
60
1486731108.489
False
-1
60
1486731108.531
False
-1
60
1486731108.567
False
-1
60
1486731108.605
False
-1
60
1486731108.643
True
7
0
1486731108.682
True
7
0
1486731108.720
True
7
0
1486731108.759
True
18
11
1486731108.799
True
18
11
1486731108.837
True
18
11
1486731108.876
True
30
26
1486731108.914
True
30
26
1486731108.955
True
30
26
1486731108.991
True
46
46
1486731109.492
False
-1
60
1486731109.529
False
-1
60
1486731109.569
False
-1
60
1486731109.607
False
-1
60
1486731109.645
False
-1
60
1486731109.684
False
-1
60
1486731109.723
False
-1
60
1486731109.761
False
-1
60
1486731109.801
False
-1
60
1486731109.837
False
-1
60
1486731109.876
False
-1
60
1486731109.915
False
-1
60
1486731109.954
False
-1
60
1486731109.992
False
-1
60
1486731110.37
False
-1
60
1486731110.68
False
-1
60
1486731110.107
False
-1
60
1486731110.147
False
-1
60
1486731110.185
False
-1
60
1486731110.224
False
-1
60
1486731110.262
False
-1
60
1486731110.300
False
-1
60
1486731110.339
False
-1
60
1486731110.379
False
-1
60
1486731110.422
False
-1
60
1486731110.465
False
-1
60
1486731110.498
False
-1
60
1486731110.532
False
-1
60
1486731110.570
False
-1
60
1486731110.609
False
-1
60
1486731110.647
False
-1
60
1486731110.686
False
-1
60
1486731110.724
False
-1
60
1486731110.763
False
-1
60
1486731110.803
False
-1
60
1486731110.839
False
-1
60
1486731110.879
False
-1
60
1486731110.917
False
-1
60
1486731110.956
False
-1
60
1486731110.994
False
-1
60
1486731111.33
False
-1
60
1486731111.72
False
-1
60
1486731111.109
False
-1
60
1486731111.149
False
-1
60
1486731111.187
False
-1
60
1486731111.226
False
-1
60
1486731111.264
False
-1
60
1486731111.303
False
-1
60
1486731111.340
False
-1
60
1486731111.379
False
-1
60
1486731111.418
False
-1
60
1486731111.457
False
-1
60
1486731111.513
False
-1
60
1486731111.610
False
-1
60
1486731111.651
False
-1
60
1486731111.702
False
-1
60
1486731111.759
False
-1
60
1486731111.788
False
-1
60
1486731111.815
False
-1
60
1486731111.846
False
-1
60
1486731111.883
False
-1
60
1486731111.919
False
-1
60
1486731111.958
False
-1
60
1486731111.997
False
-1
60
1486731112.34
False
-1
60
1486731112.74
False
-1
60
1486731112.111
False
-1
60
1486731112.150
False
-1
60
1486731112.190
False
-1
60
1486731112.228
False
-1
60
1486731112.267
False
-1
60
1486731112.305
False
-1
60
1486731112.344
False
-1
60
1486731112.383
False
-1
60
1486731112.420
False
-1
60
1486731112.459
False
-1
60
1486731112.497
False
-1
60
1486731112.536
False
-1
60
1486731112.574
False
-1
60
1486731112.613
False
-1
60
1486731112.651
False
-1
60
1486731112.690
False
-1
60
1486731112.729
False
-1
60
1486731112.794
False
-1
60
1486731112.883
False
-1
60
1486731112.921
False
-1
60
1486731112.959
False
-1
60
1486731113.7
False
-1
60
1486731113.62
False
-1
60
1486731113.88
False
-1
60
1486731113.112
False
-1
60
1486731113.154
False
-1
60
1486731113.192
False
-1
60
1486731113.230
False
-1
60
1486731113.269
False
-1
60
1486731113.308
False
-1
60
1486731113.346
False
-1
60
1486731113.385
False
-1
60
1486731113.422
False
-1
60
1486731113.461
False
-1
60
1486731113.499
False
-1
60
1486731113.538
False
-1
60
1486731113.577
False
-1
60
1486731113.615
False
-1
60
1486731113.653
False
-1
60
1486731113.692
False
-1
60
1486731113.732
False
-1
60
1486731113.770
False
-1
60
1486731113.809
False
-1
60
1486731113.846
False
-1
60
1486731113.885
False
-1
60
1486731113.924
False
-1
60
1486731113.964
False
-1
60
1486731114.1
False
-1
60
1486731114.38
False
-1
60
1486731114.77
False
-1
60
1486731114.116
False
-1
60
1486731114.155
False
-1
60
1486731114.194
False
-1
60
1486731114.233
False
-1
60
1486731114.271
False
-1
60
1486731114.310
False
-1
60
1486731114.348
False
-1
60
1486731114.386
False
-1
60
1486731114.426
False
-1
60
1486731114.463
False
-1
60
1486731114.500
False
-1
60
1486731114.548
False
-1
60
1486731114.580
False
-1
60
1486731114.619
False
-1
60
1486731114.656
False
-1
60
1486731114.696
False
-1
60
1486731114.734
False
-1
60
1486731114.772
False
-1
60
1486731114.810
False
-1
60
1486731114.848
False
-1
60
1486731114.886
False
-1
60
1486731114.925
False
-1
60
1486731114.964
False
-1
60
1486731115.3
False
-1
60
1486731115.42
False
-1
60
1486731115.79
False
-1
60
1486731115.118
False
-1
60
1486731115.157
False
-1
60
1486731115.196
False
-1
60
1486731115.236
False
-1
60
1486731115.272
False
-1
60
1486731115.312
False
-1
60
1486731115.350
False
-1
60
1486731115.389
False
-1
60
1486731115.426
False
-1
60
1486731115.465
False
-1
60
1486731115.504
False
-1
60
1486731115.542
False
-1
60
1486731115.582
False
-1
60
1486731115.619
False
-1
60
1486731115.658
False
-1
60
1486731115.698
False
-1
60
1486731115.736
False
-1
60
1486731115.773
False
-1
60
1486731115.812
False
-1
60
1486731115.852
False
-1
60
1486731115.890
False
-1
60
1486731115.927
False
-1
60
1486731115.966
False
-1
60
1486731116.4
False
-1
60
1486731116.50
False
-1
60
1486731116.83
False
-1
60
1486731116.122
False
-1
60
1486731116.158
False
-1
60
1486731116.203
False
-1
60
1486731116.237
False
-1
60
1486731116.275
False
-1
60
1486731116.315
False
-1
60
1486731116.352
False
-1
60
1486731116.393
False
-1
60
1486731116.430
False
-1
60
1486731116.468
False
-1
60
1486731116.507
False
-1
60
1486731116.545
False
-1
60
1486731116.583
False
-1
60
1486731116.623
False
-1
60
1486731116.660
False
-1
60
1486731116.701
False
-1
60
1486731116.738
False
-1
60
1486731116.775
False
-1
60
1486731116.814
False
-1
60
1486731116.852
False
-1
60
1486731116.894
False
-1
60
1486731116.930
False
-1
60
1486731116.968
False
-1
60
1486731117.84
False
-1
60
1486731117.124
False
-1
60
1486731117.162
False
-1
60
1486731117.201
False
-1
60
1486731117.246
False
-1
60
1486731117.303
False
-1
60
1486731117.323
False
-1
60
1486731117.355
False
-1
60
1486731117.394
False
-1
60
1486731117.432
False
-1
60
1486731117.472
False
-1
60
1486731117.507
False
-1
60
1486731117.554
False
-1
60
1486731117.590
False
-1
60
1486731117.623
False
-1
60
1486731117.662
False
-1
60
1486731117.702
False
-1
60
1486731117.740
False
-1
60
1486731117.777
False
-1
60
1486731117.816
False
-1
60
1486731117.855
False
-1
60
1486731117.896
False
-1
60
1486731117.932
False
-1
60
1486731117.971
False
-1
60
1486731118.9
False
-1
60
1486731118.48
False
-1
60
1486731118.86
False
-1
60
1486731118.125
False
-1
60
1486731118.163
False
-1
60
1486731118.203
False
-1
60
1486731118.240
False
-1
60
1486731118.278
False
-1
60
1486731118.317
False
-1
60
1486731118.357
False
-1
60
1486731118.398
False
-1
60
1486731118.434
False
-1
60
1486731118.471
False
-1
60
1486731118.509
False
-1
60
1486731118.550
False
-1
60
1486731118.587
False
-1
60
1486731118.625
False
-1
60
1486731118.679
False
-1
60
1486731118.737
False
-1
60
1486731118.833
False
-1
60
1486731118.881
False
-1
60
1486731118.918
False
-1
60
1486731118.952
False
-1
60
1486731118.981
False
-1
60
1486731119.10
False
-1
60
1486731119.975
True
18
12
1486731120.13
True
18
12
1486731120.53
True
18
12
1486731120.92
True
33
30
1486731120.130
True
33
30
1486731120.167
True
33
30
1486731120.209
False
-1
60
1486731120.245
False
-1
60
1486731120.284
False
-1
60
1486731120.322
False
-1
60
1486731120.360
False
-1
60
1486731120.414
False
-1
60
1486731120.451
False
-1
60
1486731120.491
False
-1
60
1486731120.525
False
-1
60
1486731120.564
False
-1
60
1486731120.597
False
-1
60
1486731120.635
False
-1
60
1486731120.668
False
-1
60
1486731120.709
False
-1
60
1486731120.748
False
-1
60
1486731120.784
False
-1
60
1486731120.823
False
-1
60
1486731120.860
False
-1
60
1486731120.901
False
-1
60
1486731120.940
False
-1
60
1486731120.978
False
-1
60
1486731121.23
False
-1
60
1486731121.66
False
-1
60
1486731121.111
False
-1
60
1486731121.142
False
-1
60
1486731121.171
False
-1
60
1486731121.209
False
-1
60
1486731121.246
False
-1
60
1486731121.285
False
-1
60
1486731121.325
False
-1
60
1486731121.363
False
-1
60
1486731121.403
False
-1
60
1486731121.440
False
-1
60
1486731121.478
False
-1
60
1486731121.517
False
-1
60
1486731121.556
False
-1
60
1486731121.594
False
-1
60
1486731121.633
False
-1
60
1486731121.672
False
-1
60
1486731121.711
False
-1
60
1486731121.749
False
-1
60
1486731121.786
False
-1
60
1486731121.825
False
-1
60
1486731121.864
False
-1
60
1486731121.903
False
-1
60
1486731121.941
False
-1
60
1486731121.979
False
-1
60
1486731122.18
False
-1
60
1486731122.63
False
-1
60
1486731122.93
False
-1
60
1486731122.134
False
-1
60
1486731122.172
False
-1
60
1486731122.213
False
-1
60
1486731122.248
False
-1
60
1486731122.286
False
-1
60
1486731122.325
False
-1
60
1486731122.365
False
-1
60
1486731122.405
False
-1
60
1486731122.442
False
-1
60
1486731122.494
False
-1
60
1486731122.545
False
-1
60
1486731122.634
False
-1
60
1486731122.674
False
-1
60
1486731122.721
False
-1
60
1486731122.768
False
-1
60
1486731122.808
False
-1
60
1486731122.836
False
-1
60
1486731122.863
False
-1
60
1486731122.906
False
-1
60
1486731122.944
False
-1
60
1486731122.982
False
-1
60
1486731123.19
False
-1
60
1486731123.58
False
-1
60
1486731123.96
False
-1
60
1486731123.136
False
-1
60
1486731123.175
False
-1
60
1486731123.215
False
-1
60
1486731123.252
False
-1
60
1486731123.288
False
-1
60
1486731123.327
False
-1
60
1486731123.367
False
-1
60
1486731123.408
False
-1
60
1486731123.444
False
-1
60
1486731123.483
False
-1
60
1486731123.521
False
-1
60
1486731123.561
False
-1
60
1486731123.598
False
-1
60
1486731123.636
False
-1
60
1486731123.675
False
-1
60
1486731123.715
False
-1
60
1486731123.751
False
-1
60
1486731123.791
False
-1
60
1486731123.843
False
-1
60
1486731123.895
False
-1
60
1486731124.76
False
-1
60
1486731124.175
False
-1
60
1486731124.216
False
-1
60
1486731124.252
False
-1
60
1486731124.291
False
-1
60
1486731124.331
False
-1
60
1486731124.368
False
-1
60
1486731124.410
False
-1
60
1486731124.446
False
-1
60
1486731124.484
False
-1
60
1486731124.523
False
-1
60
1486731124.562
False
-1
60
1486731124.600
False
-1
60
1486731124.639
False
-1
60
1486731124.677
False
-1
60
1486731124.716
False
-1
60
1486731124.754
False
-1
60
1486731124.793
False
-1
60
1486731124.832
False
-1
60
1486731124.869
False
-1
60
1486731124.910
False
-1
60
1486731124.946
False
-1
60
1486731124.986
False
-1
60
1486731125.25
False
-1
60
1486731125.66
False
-1
60
1486731125.102
False
-1
60
1486731125.140
False
-1
60
1486731125.178
False
-1
60
1486731125.219
False
-1
60
1486731125.255
False
-1
60
1486731125.295
False
-1
60
1486731125.332
False
-1
60
1486731125.371
False
-1
60
1486731125.411
False
-1
60
1486731125.449
False
-1
60
1486731125.486
False
-1
60
1486731125.524
False
-1
60
1486731125.563
False
-1
60
1486731125.603
False
-1
60
1486731125.641
False
-1
60
1486731125.680
False
-1
60
1486731125.719
False
-1
60
1486731125.759
False
-1
60
1486731125.797
False
-1
60
1486731125.834
False
-1
60
1486731125.872
False
-1
60
1486731125.911
False
-1
60
1486731125.949
False
-1
60
1486731125.988
False
-1
60
1486731126.26
False
-1
60
1486731126.64
False
-1
60
1486731126.103
False
-1
60
1486731126.141
False
-1
60
1486731126.179
False
-1
60
1486731126.221
False
-1
60
1486731126.257
False
-1
60
1486731126.296
False
-1
60
1486731126.336
False
-1
60
1486731126.373
False
-1
60
1486731126.413
False
-1
60
1486731126.450
False
-1
60
1486731126.488
False
-1
60
1486731126.528
False
-1
60
1486731126.569
False
-1
60
1486731126.604
False
-1
60
1486731126.643
False
-1
60
1486731126.682
True
48
48
1486731126.721
True
48
48
1486731126.759
True
48
48
1486731126.797
False
-1
60
1486731126.835
False
-1
60
1486731126.873
False
-1
60
1486731126.914
False
-1
60
1486731126.951
False
-1
60
1486731126.989
False
-1
60
1486731127.28
False
-1
60
1486731127.71
False
-1
60
1486731127.107
False
-1
60
1486731127.144
False
-1
60
1486731127.182
False
-1
60
1486731127.221
False
-1
60
1486731127.259
False
-1
60
1486731127.297
False
-1
60
1486731127.337
False
-1
60
1486731127.374
False
-1
60
1486731127.415
False
-1
60
1486731127.453
False
-1
60
1486731127.492
False
-1
60
1486731127.528
False
-1
60
1486731127.568
False
-1
60
1486731127.606
False
-1
60
1486731127.644
False
-1
60
1486731127.684
False
-1
60
1486731127.724
False
-1
60
1486731127.761
False
-1
60
1486731127.799
False
-1
60
1486731127.840
False
-1
60
1486731127.876
False
-1
60
1486731127.916
False
-1
60
1486731127.955
False
-1
60
1486731127.992
False
-1
60
1486731128.30
False
-1
60
1486731128.69
False
-1
60
1486731128.107
False
-1
60
1486731128.146
False
-1
60
1486731128.184
False
-1
60
1486731128.225
False
-1
60
1486731128.261
False
-1
60
1486731128.379
False
-1
60
1486731128.417
False
-1
60
1486731128.471
False
-1
60
1486731128.523
False
-1
60
1486731128.608
False
-1
60
1486731128.647
False
-1
60
1486731128.684
False
-1
60
1486731128.726
False
-1
60
1486731128.763
False
-1
60
1486731128.802
False
-1
60
1486731128.841
False
-1
60
1486731128.878
False
-1
60
1486731128.919
False
-1
60
1486731128.954
False
-1
60
1486731128.994
False
-1
60
1486731129.34
False
-1
60
1486731129.71
False
-1
60
1486731129.109
False
-1
60
1486731129.149
False
-1
60
1486731129.186
False
-1
60
1486731129.226
False
-1
60
1486731129.263
False
-1
60
1486731129.302
False
-1
60
1486731129.341
False
-1
60
1486731129.380
False
-1
60
1486731129.419
False
-1
60
1486731129.456
False
-1
60
1486731129.497
False
-1
60
1486731129.533
False
-1
60
1486731129.571
False
-1
60
1486731129.610
False
-1
60
1486731129.648
False
-1
60
1486731129.688
False
-1
60
1486731129.727
False
-1
60
1486731129.766
False
-1
60
1486731129.803
False
-1
60
1486731129.842
False
-1
60
1486731129.880
False
-1
60
1486731129.920
False
-1
60
1486731129.956
False
-1
60
1486731129.997
False
-1
60
1486731130.34
False
-1
60
1486731130.74
False
-1
60
1486731130.112
False
-1
60
1486731130.151
False
-1
60
1486731130.188
False
-1
60
1486731130.229
False
-1
60
1486731130.265
False
-1
60
1486731130.303
False
-1
60
1486731130.343
False
-1
60
1486731130.381
False
-1
60
1486731130.427
False
-1
60
1486731130.472
False
-1
60
1486731130.503
False
-1
60
1486731130.533
False
-1
60
1486731130.576
False
-1
60
1486731130.612
False
-1
60
1486731130.653
False
-1
60
1486731130.690
False
-1
60
1486731130.729
False
-1
60
1486731130.768
False
-1
60
1486731130.805
False
-1
60
1486731130.844
False
-1
60
1486731130.883
False
-1
60
1486731130.922
False
-1
60
1486731130.960
False
-1
60
1486731130.997
False
-1
60
1486731131.35
False
-1
60
1486731131.75
False
-1
60
1486731131.114
False
-1
60
1486731131.152
False
-1
60
1486731131.190
False
-1
60
1486731131.230
False
-1
60
1486731131.268
False
-1
60
1486731131.306
False
-1
60
1486731131.345
False
-1
60
1486731131.384
False
-1
60
1486731131.422
False
-1
60
1486731131.461
False
-1
60
1486731131.499
False
-1
60
1486731131.536
False
-1
60
1486731131.576
False
-1
60
1486731131.614
False
-1
60
1486731131.654
False
-1
60
1486731131.691
False
-1
60
1486731131.730
False
-1
60
1486731131.768
False
-1
60
1486731131.806
False
-1
60
1486731131.846
False
-1
60
1486731131.884
False
-1
60
1486731131.925
False
-1
60
1486731131.961
False
-1
60
1486731132.0
False
-1
60
1486731132.37
False
-1
60
1486731132.77
False
-1
60
1486731132.117
False
-1
60
1486731132.154
False
-1
60
1486731132.192
False
-1
60
1486731132.232
False
-1
60
1486731132.270
False
-1
60
1486731132.307
False
-1
60
1486731132.346
False
-1
60
1486731132.386
False
-1
60
1486731132.423
False
-1
60
1486731132.462
False
-1
60
1486731132.502
False
-1
60
1486731132.538
False
-1
60
1486731132.579
False
-1
60
1486731132.617
False
-1
60
1486731132.655
False
-1
60
1486731132.694
False
-1
60
1486731132.733
False
-1
60
1486731132.770
False
-1
60
1486731132.810
False
-1
60
1486731132.849
False
-1
60
1486731132.886
False
-1
60
1486731132.924
False
-1
60
1486731132.963
False
-1
60
1486731133.1
False
-1
60
1486731133.40
False
-1
60
1486731133.79
False
-1
60
1486731133.118
False
-1
60
1486731133.157
False
-1
60
1486731133.195
False
-1
60
1486731133.234
False
-1
60
1486731133.271
False
-1
60
1486731133.310
False
-1
60
1486731133.349
False
-1
60
1486731133.388
False
-1
60
1486731133.426
False
-1
60
1486731133.465
False
-1
60
1486731133.502
False
-1
60
1486731133.541
False
-1
60
1486731133.580
False
-1
60
1486731133.618
False
-1
60
1486731133.659
False
-1
60
1486731133.696
False
-1
60
1486731133.735
False
-1
60
1486731133.773
False
-1
60
1486731133.811
False
-1
60
1486731133.850
False
-1
60
1486731133.888
False
-1
60
1486731133.928
False
-1
60
1486731133.966
False
-1
60
1486731134.3
False
-1
60
1486731134.45
False
-1
60
1486731134.84
False
-1
60
1486731134.119
False
-1
60
1486731134.158
False
-1
60
1486731134.196
False
-1
60
1486731134.236
False
-1
60
1486731134.274
False
-1
60
1486731134.312
False
-1
60
1486731134.350
False
-1
60
1486731134.389
False
-1
60
1486731134.427
False
-1
60
1486731134.467
False
-1
60
1486731134.505
False
-1
60
1486731134.543
False
-1
60
1486731134.582
False
-1
60
1486731134.621
False
-1
60
1486731134.660
False
-1
60
1486731134.699
False
-1
60
1486731134.737
False
-1
60
1486731134.776
False
-1
60
1486731134.814
False
-1
60
1486731134.851
False
-1
60
1486731134.891
False
-1
60
1486731134.928
False
-1
60
1486731134.967
False
-1
60
1486731135.6
False
-1
60
1486731135.45
False
-1
60
1486731135.83
False
-1
60
1486731135.123
False
-1
60
1486731135.244
False
-1
60
1486731135.367
False
-1
60
1486731135.501
False
-1
60
1486731135.597
False
-1
60
1486731135.732
False
-1
60
1486731135.824
False
-1
60
1486731135.943
False
-1
60
1486731136.60
False
-1
60
1486731136.164
False
-1
60
1486731136.226
False
-1
60
1486731136.261
False
-1
60
1486731136.361
False
-1
60
1486731136.414
False
-1
60
1486731136.456
False
-1
60
1486731136.580
False
-1
60
1486731136.666
False
-1
60
1486731136.785
False
-1
60
1486731136.900
False
-1
60
1486731136.947
False
-1
60
1486731136.996
False
-1
60
1486731137.30
False
-1
60
1486731137.134
False
-1
60
1486731137.181
False
-1
60
1486731137.296
False
-1
60
1486731137.327
False
-1
60
1486731137.359
False
-1
60
1486731137.401
False
-1
60
1486731137.458
False
-1
60
1486731137.579
False
-1
60
1486731137.682
False
-1
60
1486731137.788
False
-1
60
1486731137.983
False
-1
60
1486731138.94
False
-1
60
1486731138.158
False
-1
60
1486731138.188
False
-1
60
1486731138.209
False
-1
60
1486731138.246
False
-1
60
1486731138.282
False
-1
60
1486731138.320
False
-1
60
1486731138.358
False
-1
60
1486731138.398
False
-1
60
1486731138.437
False
-1
60
1486731138.475
False
-1
60
1486731138.514
False
-1
60
1486731138.552
False
-1
60
1486731138.593
False
-1
60
1486731138.630
False
-1
60
1486731138.667
False
-1
60
1486731138.707
False
-1
60
1486731138.745
False
-1
60
1486731138.783
False
-1
60
1486731138.835
False
-1
60
