period
1494018726.865518
period
1494018727.316789
period
1494018727.977184
Next
1494018730.179790
Page_Up
1494018732.001342
Page_Up
1494018732.751272
Next
1494018735.461808
Next
1494018735.957919
Page_Up
1494018738.873416
Page_Up
1494018739.446200
Next
1494018742.368028
Next
1494018742.766379
Page_Up
1494018745.325796
Page_Up
1494018745.747785
Next
1494018748.895568
Next
1494018749.355463
Page_Up
1494018751.881821
Page_Up
1494018752.396625
Next
1494018755.782178
Next
1494018756.277186
Page_Up
1494018759.057231
Page_Up
1494018759.506374
Next
1494018762.782402
Next
1494018763.614317
Page_Up
1494018765.833678
Page_Up
1494018766.294910
Next
1494018769.190993
Next
1494018769.582322
Page_Up
1494018772.083331
Page_Up
1494018772.523074
Next
1494018775.694640
Next
1494018776.138929
Page_Up
1494018778.883628
Page_Up
1494018779.381471
Next
1494018782.454465
Next
1494018782.862682
Page_Up
1494018785.561711
Page_Up
1494018786.046908
Next
1494018788.815984
Next
1494018789.306612
Page_Up
1494018792.047150
Page_Up
1494018792.523693
Next
1494018796.134837
Next
1494018796.540689
Page_Up
1494018801.924136
Page_Up
1494018802.399459
Next
1494018809.361759
Next
1494018810.267976
Page_Up
1494018812.788366
Page_Up
1494018813.246438
Next
1494018816.667717
Next
1494018817.212225
Page_Up
1494018822.175353
Page_Up
1494018822.603554
Next
1494018825.375880
Next
1494018825.812698
Page_Up
1494018828.473403
Page_Up
1494018828.969970
Next
1494018831.994959
Next
1494018832.458738
Page_Up
1494018835.190135
Page_Up
1494018835.634934
Next
1494018838.863639
Next
1494018847.630895
Page_Up
1494018849.851426
Page_Up
1494018850.392786
Next
1494018853.077445
Next
1494018853.543931
Page_Up
1494018856.193598
Page_Up
1494018856.686318
Next
1494018859.644780
Next
1494018860.096611
Page_Up
1494018863.048326
Page_Up
1494018863.622962
Next
1494018866.690643
Next
1494018867.113297
Page_Up
1494018869.820509
Page_Up
1494018870.288618
Next
1494018873.415349
Next
1494018873.933624
Page_Up
1494018877.031298
Page_Up
1494018877.491587
Next
1494018880.663660
1
1494018894.156714
1
1494018896.402824
2
1494018899.928306
2
1494018901.917790
3
1494018905.295629
3
1494018907.022967
4
1494018910.892352
4
1494018912.835049
grave
1494018915.380032
