period
1493820616.166615
period
1493820616.857184
period
1493820617.691698
Next
1493820619.274192
Page_Up
1493820620.895498
Page_Up
1493820621.385696
Next
1493820623.726444
Next
1493820624.193270
Page_Up
1493820626.576288
Page_Up
1493820627.020930
Next
1493820629.946061
Next
1493820630.310870
Page_Up
1493820632.694405
Page_Up
1493820633.178216
Next
1493820635.456489
Next
1493820635.924364
Page_Up
1493820638.179014
Page_Up
1493820638.694202
Next
1493820641.116009
Next
1493820641.568640
Page_Up
1493820643.876772
Page_Up
1493820644.342901
Next
1493820646.685672
Next
1493820647.183372
Page_Up
1493820649.658388
Page_Up
1493820650.087037
Next
1493820652.777456
Next
1493820653.264468
Page_Up
1493820655.329317
Page_Up
1493820655.789072
Next
1493820658.136698
Next
1493820658.640746
Page_Up
1493820660.679763
Page_Up
1493820661.166534
Next
1493820663.604786
Next
1493820663.988328
Page_Up
1493820666.283189
Page_Up
1493820666.794337
Next
1493820669.239653
Next
1493820669.718685
Page_Up
1493820672.062252
Page_Up
1493820672.502368
Next
1493820675.251721
grave
1493820677.204376
