period
1493821178.110880
period
1493821178.730412
period
1493821179.532576
Next
1493821182.094749
Page_Up
1493821184.318140
Page_Up
1493821184.610367
Next
1493821186.803089
Next
1493821187.173755
Page_Up
1493821189.625110
Page_Up
1493821190.051101
Next
1493821192.471805
Next
1493821192.910023
Page_Up
1493821195.565001
Page_Up
1493821195.921960
Next
1493821198.330891
Next
1493821198.765947
Page_Up
1493821201.203686
Page_Up
1493821201.597733
Next
1493821203.997241
Next
1493821204.365151
Page_Up
1493821206.733778
Page_Up
1493821207.124369
Next
1493821209.521238
Next
1493821209.961987
Page_Up
1493821212.576740
Page_Up
1493821213.087361
Next
1493821215.412226
Next
1493821215.800291
Page_Up
1493821218.093836
Page_Up
1493821218.544523
Next
1493821220.831093
Next
1493821221.307976
Page_Up
1493821223.498645
Page_Up
1493821223.904079
Next
1493821226.250280
Next
1493821226.565749
Page_Up
1493821228.708305
Page_Up
1493821229.134095
Next
1493821231.265633
Next
1493821231.704644
Page_Up
1493821233.978579
Page_Up
1493821234.436376
Next
1493821236.612083
grave
1493821238.534874
