period
1493821282.839145
period
1493821283.525804
period
1493821284.236295
Next
1493821286.557475
Page_Up
1493821289.691178
Page_Up
1493821290.064281
Next
1493821292.541360
Next
1493821292.895562
Page_Up
1493821295.088415
Page_Up
1493821295.471721
Next
1493821298.086980
Next
1493821298.539041
Page_Up
1493821300.737216
Page_Up
1493821301.226522
Next
1493821303.842799
Next
1493821304.243442
Page_Up
1493821306.552589
Page_Up
1493821306.999794
Next
1493821309.880539
Next
1493821310.215137
Page_Up
1493821312.512978
Page_Up
1493821312.896036
Next
1493821315.251916
Next
1493821315.658629
Page_Up
1493821317.862558
Page_Up
1493821318.254486
Next
1493821320.626637
Next
1493821321.027363
Page_Up
1493821323.281413
Page_Up
1493821323.625111
Next
1493821326.100368
Next
1493821326.503411
Page_Up
1493821328.819490
Page_Up
1493821329.270246
Next
1493821331.690050
Next
1493821332.037452
Page_Up
1493821334.233569
Page_Up
1493821334.763890
Next
1493821337.113690
Next
1493821337.600409
Page_Up
1493821339.834995
Page_Up
1493821340.242996
Next
1493821342.820684
grave
1493821344.924537
