period
1493821411.702865
period
1493821412.421871
period
1493821413.188538
Next
1493821418.368148
Page_Up
1493821420.578046
Page_Up
1493821420.936102
Next
1493821424.462019
Next
1493821424.791486
Page_Up
1493821427.995624
Page_Up
1493821428.346271
Next
1493821431.371411
Next
1493821431.789958
Page_Up
1493821435.106834
Page_Up
1493821435.537789
Next
1493821440.731715
Next
1493821441.145966
Page_Up
1493821444.291277
Page_Up
1493821444.730224
Next
1493821448.373045
Next
1493821448.680808
Page_Up
1493821451.668428
Page_Up
1493821452.076275
Next
1493821455.563629
Next
1493821456.024883
grave
1493821458.456966
