Control_L
1493823805.703552
period
1493823810.300039
period
1493823810.735455
period
1493823811.336103
Next
1493823813.986617
Page_Up
1493823817.156588
Page_Up
1493823818.002918
Next
1493823821.538289
Next
1493823822.442395
Page_Up
1493823826.142328
Page_Up
1493823827.103772
Next
1493823831.166234
Next
1493823832.092329
Page_Up
1493823836.167078
Page_Up
1493823837.107276
Next
1493823840.761409
Next
1493823841.768106
Page_Up
1493823845.763341
Page_Up
1493823846.640581
Next
1493823850.865046
Next
1493823851.785099
Page_Up
1493823856.509898
Page_Up
1493823857.453873
Next
1493823862.122557
Next
1493823863.334203
Page_Up
1493823867.776682
Page_Up
1493823868.243232
Next
1493823872.351306
Next
1493823872.775998
Page_Up
1493823876.496292
Page_Up
1493823876.831319
Next
1493823880.123117
Next
1493823880.585403
Page_Up
1493823884.777491
Page_Up
1493823885.202717
Next
1493823890.045580
Next
1493823890.472170
Page_Up
1493823895.506723
Page_Up
1493823895.939904
Next
1493823900.591779
Next
1493823900.955730
Page_Up
1493823906.028067
Page_Up
1493823906.446559
Next
1493823910.563792
grave
1493823912.003238
