period
1493823989.326332
period
1493823989.846787
period
1493823990.395156
Next
1493823993.737941
Page_Up
1493823997.143972
Page_Up
1493823997.385062
Next
1493824001.255226
Next
1493824001.501499
Page_Up
1493824006.065491
Page_Up
1493824006.378304
Next
1493824010.895745
Next
1493824011.281496
Page_Up
1493824015.704009
Page_Up
1493824016.147908
Next
1493824020.372924
Next
1493824020.766697
Page_Up
1493824025.159147
Page_Up
1493824025.551577
Next
1493824029.798980
Next
1493824030.215069
Page_Up
1493824034.323253
Page_Up
1493824034.620121
Next
1493824039.016010
Next
1493824039.303586
Page_Up
1493824043.398392
Page_Up
1493824043.770567
Next
1493824047.707005
Next
1493824047.970374
Page_Up
1493824052.104315
Page_Up
1493824052.451790
Next
1493824056.301448
Next
1493824056.541352
Page_Up
1493824061.169745
Page_Up
1493824061.465525
Next
1493824065.840828
Next
1493824066.182963
Page_Up
1493824070.407810
Page_Up
1493824070.670088
Next
1493824074.529910
Next
1493824074.812896
Page_Up
1493824078.885119
Page_Up
1493824079.244878
Next
1493824083.578116
grave
1493824086.274945
