period
1493824154.436789
period
1493824154.847656
period
1493824155.357874
Next
1493824159.860989
Page_Up
1493824162.763382
Page_Up
1493824163.387308
Next
1493824166.584097
Next
1493824167.050950
Page_Up
1493824170.603462
Page_Up
1493824171.005739
Next
1493824175.036123
Next
1493824175.399155
Page_Up
1493824178.972063
Page_Up
1493824182.975889
Next
1493824186.548478
Next
1493824186.926701
Page_Up
1493824193.236657
Page_Up
1493824193.598546
Next
1493824197.552533
Next
1493824197.936760
Page_Up
1493824201.517370
Page_Up
1493824201.898424
Next
1493824206.602968
grave
1493824209.891087
