period
1494019948.009753
period
1494019948.565853
period
1494019949.101005
Next
1494019951.475595
Page_Up
1494019953.419984
Page_Up
1494019954.203325
Next
1494019956.856151
Next
1494019957.300002
Page_Up
1494019959.626917
Page_Up
1494019960.030427
Next
1494019963.446712
Next
1494019963.860615
Page_Up
1494019966.654689
Page_Up
1494019967.088232
Next
1494019970.144181
Next
1494019970.545449
Page_Up
1494019972.854413
Page_Up
1494019973.482102
Next
1494019976.585162
Next
1494019977.016529
Page_Up
1494019980.025290
Page_Up
1494019980.571479
Next
1494019983.522896
Next
1494019984.092657
Page_Up
1494019986.473731
Page_Up
1494019986.944969
Next
1494019989.657382
Next
1494019990.214005
Page_Up
1494019992.556914
Page_Up
1494019993.108035
Next
1494019995.933965
Next
1494019996.383557
Page_Up
1494019999.376363
Page_Up
1494019999.946163
Next
1494020002.664396
Next
1494020003.042192
Page_Up
1494020005.916610
Page_Up
1494020006.521963
Next
1494020009.249521
Next
1494020009.711650
Page_Up
1494020012.623306
Page_Up
1494020013.145250
Next
1494020016.281701
Next
1494020017.033042
Page_Up
1494020019.316966
Page_Up
1494020020.025667
Next
1494020022.371624
Next
1494020022.817011
Page_Up
1494020025.669002
Page_Up
1494020026.356375
Next
1494020028.829517
Next
1494020029.250362
Page_Up
1494020032.320247
Page_Up
1494020032.892366
Next
1494020035.784058
Next
1494020036.152948
Page_Up
1494020039.066129
Page_Up
1494020039.623940
Next
1494020042.887111
Next
1494020043.375287
Page_Up
1494020046.923860
Page_Up
1494020047.475737
Next
1494020050.265489
Next
1494020050.775590
Page_Up
1494020053.569720
Page_Up
1494020054.100081
Next
1494020056.404388
Next
1494020057.002752
Page_Up
1494020060.010203
Page_Up
1494020060.488464
Next
1494020063.790360
Next
1494020064.215974
Page_Up
1494020066.958396
Page_Up
1494020067.508476
Next
1494020070.025325
Next
1494020070.483739
Page_Up
1494020073.528930
Page_Up
1494020074.036935
Next
1494020076.812757
Next
1494020077.271534
Page_Up
1494020080.058298
Page_Up
1494020080.507429
Next
1494020083.321481
1
1494020105.026180
1
1494020106.926612
2
1494020110.194967
2
1494020112.003411
3
1494020115.226669
3
1494020117.115059
4
1494020120.222709
4
1494020122.014068
grave
1494020125.369783
