Next
1486727599.76
Page_Up
1486727603.96
Page_Up
1486727605.11
Next
1486727609.93
Next
1486727610.94
Page_Up
1486727615.37
Page_Up
1486727616.34
Next
1486727620.83
Next
1486727621.73
Page_Up
1486727626.6
Page_Up
1486727627.59
Next
1486727632.26
Next
1486727632.99
Page_Up
1486727637.72
Page_Up
1486727639.14
Next
1486727643.74
Next
1486727645.0
Page_Up
1486727649.51
Page_Up
1486727650.71
Next
1486727654.87
Next
1486727655.73
Page_Up
1486727660.44
Page_Up
1486727661.45
Next
1486727665.5
Next
1486727666.56
Page_Up
1486727671.27
Page_Up
1486727672.64
Next
1486727676.91
Next
1486727677.98
Page_Up
1486727682.18
Page_Up
1486727683.28
Next
1486727687.81
Next
1486727688.99
Page_Up
1486727693.36
Page_Up
1486727694.37
Next
1486727698.81
Next
1486727699.89
Page_Up
1486727704.4
Page_Up
1486727705.47
Next
1486727710.56
grave
1486727716.75
