1486727583.192
0
HO
False
1486727583.291
0
HO
False
1486727583.412
0
HO
False
1486727583.462
0
HO
False
1486727583.570
0
HO
False
1486727583.674
0
HO
False
1486727583.728
0
HO
False
1486727583.907
0
HO
False
1486727583.953
0
HO
False
1486727583.980
0
HO
False
1486727584.19
0
HO
False
1486727584.61
0
HO
False
1486727584.108
0
HO
False
1486727584.141
0
HO
False
1486727584.179
0
HO
False
1486727584.294
0
HO
False
1486727584.408
0
HO
False
1486727584.446
0
HO
False
1486727584.477
0
HO
False
1486727584.517
0
HO
False
1486727584.554
0
HO
False
1486727584.601
0
HO
False
1486727584.633
0
HO
False
1486727584.751
0
HO
False
1486727584.870
0
HO
False
1486727584.931
0
HO
False
1486727585.17
0
HO
False
1486727585.56
0
HO
False
1486727585.94
0
HO
False
1486727585.132
0
HO
False
1486727585.172
0
HO
False
1486727585.210
0
HO
False
1486727585.247
0
HO
False
1486727585.285
0
HO
False
1486727585.324
0
HO
False
1486727585.365
0
HO
False
1486727585.406
0
HO
False
1486727585.471
0
HO
False
1486727585.651
0
HO
False
1486727585.765
0
HO
False
1486727585.799
0
HO
False
1486727585.837
0
HO
False
1486727585.877
0
HO
False
1486727585.992
0
HO
False
1486727586.35
0
HO
False
1486727586.81
0
HO
False
1486727586.183
0
HO
False
1486727586.228
0
HO
False
1486727586.271
0
HO
False
1486727586.377
0
HO
False
1486727586.482
0
HO
False
1486727586.545
0
HO
False
1486727586.641
0
HO
False
1486727586.682
0
HO
False
1486727586.726
0
HO
False
1486727586.777
0
HO
False
1486727586.875
0
HO
False
1486727586.924
0
HO
False
1486727587.25
0
HO
False
1486727587.72
0
HO
False
1486727587.123
0
HO
False
1486727587.214
0
HO
False
1486727587.261
0
HO
False
1486727587.302
0
HO
False
1486727587.344
0
HO
False
1486727587.524
0
HO
False
1486727587.574
0
HO
False
1486727587.625
0
HO
False
1486727587.793
0
HO
False
1486727587.842
0
HO
False
1486727587.886
0
HO
False
1486727587.932
0
HO
False
1486727587.960
0
HO
False
1486727588.2
0
HO
False
1486727588.44
0
HO
False
1486727588.83
0
HO
False
1486727588.118
0
HO
False
1486727588.163
0
HO
False
1486727588.201
0
HO
False
1486727588.313
0
HO
False
1486727588.344
0
HO
False
1486727588.386
0
HO
False
1486727588.428
0
HO
False
1486727588.526
0
HO
False
1486727588.656
0
HO
False
1486727588.771
0
HO
False
1486727588.970
0
HO
False
1486727589.88
0
HO
False
1486727589.211
0
HO
False
1486727589.307
0
HO
False
1486727589.353
0
HO
False
1486727589.394
0
HO
False
1486727589.433
0
HO
False
1486727589.481
0
HO
False
1486727589.575
0
HO
False
1486727589.618
0
HO
False
1486727589.659
0
HO
False
1486727589.689
0
HO
False
1486727589.721
0
HO
False
1486727589.762
0
HO
False
1486727589.798
0
HO
False
1486727589.835
0
HO
False
1486727589.873
0
HO
False
1486727589.912
0
HO
False
1486727589.951
0
HO
False
1486727589.988
0
HO
False
1486727590.27
0
HO
False
1486727590.68
0
HO
False
1486727590.103
0
HO
False
1486727590.143
0
HO
False
1486727590.181
0
HO
False
1486727590.219
0
HO
False
1486727590.258
0
HO
False
1486727590.298
0
HO
False
1486727590.340
0
HO
False
1486727590.388
0
HO
False
1486727590.420
0
HO
False
1486727590.453
0
HO
False
1486727590.491
0
HO
False
1486727590.529
0
HO
False
1486727590.567
0
HO
False
1486727590.611
0
HO
False
1486727590.643
0
HO
False
1486727590.684
0
HO
False
1486727590.721
0
HO
False
1486727590.760
0
HO
False
1486727590.798
0
HO
False
1486727590.836
0
HO
False
1486727590.875
0
HO
False
1486727590.913
0
HO
False
1486727590.952
0
HO
False
1486727590.991
0
HO
False
1486727591.28
0
HO
False
1486727591.68
0
HO
False
1486727591.107
0
HO
False
1486727591.146
0
HO
False
1486727591.183
0
HO
False
1486727591.221
0
HO
False
1486727591.260
0
HO
False
1486727591.299
0
HO
False
1486727591.338
0
HO
False
1486727591.376
0
HO
False
1486727591.416
0
HO
False
1486727591.453
0
HO
False
1486727591.491
0
HO
False
1486727591.530
0
HO
False
1486727591.569
0
HO
False
1486727591.608
0
HO
False
1486727591.646
0
HO
False
1486727591.685
0
HO
False
1486727591.722
0
HO
False
1486727591.761
0
HO
False
1486727591.800
0
HO
False
1486727591.838
0
HO
False
1486727591.876
0
HO
False
1486727591.916
0
HO
False
1486727591.955
0
HO
False
1486727591.993
0
HO
False
1486727592.31
0
HO
False
1486727592.69
0
HO
False
1486727592.114
0
HO
False
1486727592.145
0
HO
False
1486727592.184
0
HO
False
1486727592.225
0
HO
False
1486727592.262
0
HO
False
1486727592.301
0
HO
False
1486727592.342
0
HO
False
1486727592.377
0
HO
False
1486727592.416
0
HO
False
1486727592.455
0
HO
False
1486727592.494
0
HO
False
1486727592.532
0
HO
False
1486727592.571
0
HO
False
1486727592.610
0
HO
False
1486727592.648
0
HO
False
1486727592.686
0
HO
False
1486727592.725
0
HO
False
1486727592.764
0
HO
False
1486727592.802
0
HO
False
1486727592.842
0
HO
False
1486727592.878
0
HO
False
1486727592.919
0
HO
False
1486727592.956
0
HO
False
1486727592.995
0
HO
False
1486727593.33
0
HO
False
1486727593.73
0
HO
False
1486727593.110
0
HO
False
1486727593.148
0
HO
False
1486727593.188
0
HO
False
1486727593.226
0
HO
False
1486727593.265
0
HO
False
1486727593.302
0
HO
False
1486727593.342
0
HO
False
1486727593.380
0
HO
False
1486727593.419
0
HO
False
1486727593.458
0
HO
False
1486727593.496
0
HO
False
1486727593.536
0
HO
False
1486727593.574
0
HO
False
1486727593.616
0
HO
False
1486727593.652
0
HO
False
1486727593.689
0
HO
False
1486727593.727
0
HO
False
1486727593.766
0
HO
False
1486727593.804
0
HO
False
1486727593.842
0
HO
False
1486727593.881
0
HO
False
1486727593.919
0
HO
False
1486727593.958
0
HO
False
1486727593.997
0
HO
False
1486727594.35
0
HO
False
1486727594.73
0
HO
False
1486727594.112
0
HO
False
1486727594.151
0
HO
False
1486727594.191
0
HO
False
1486727594.229
0
HO
False
1486727594.267
0
HO
False
1486727594.306
0
HO
False
1486727594.343
0
HO
False
1486727594.382
0
HO
False
1486727594.420
0
HO
False
1486727594.460
0
HO
False
1486727594.499
0
HO
False
1486727594.536
0
HO
False
1486727594.575
0
HO
False
1486727594.613
0
HO
False
1486727594.653
0
HO
False
1486727594.691
0
HO
False
1486727594.729
0
HO
False
1486727594.768
0
HO
False
1486727594.806
0
HO
False
1486727594.844
0
HO
False
1486727594.885
0
HO
False
1486727594.923
0
HO
False
1486727594.961
0
HO
False
1486727594.1000
0
HO
False
1486727595.36
0
HO
False
1486727595.76
0
HO
False
1486727595.118
0
HO
False
1486727595.154
0
HO
False
1486727595.192
0
HO
False
1486727595.231
0
HO
False
1486727595.270
0
HO
False
1486727595.308
0
HO
False
1486727595.346
0
HO
False
1486727595.385
0
HO
False
1486727595.423
0
HO
False
1486727595.462
0
HO
False
1486727595.500
0
HO
False
1486727595.562
0
HO
False
1486727595.732
0
HO
False
1486727595.770
0
HO
False
1486727595.808
0
HO
False
1486727595.847
0
HO
False
1486727595.887
0
HO
False
1486727595.924
0
HO
False
1486727595.962
0
HO
False
1486727596.1
0
HO
False
1486727596.39
0
HO
False
1486727596.79
0
HO
False
1486727596.120
0
HO
False
1486727596.154
0
HO
False
1486727596.194
0
HO
False
1486727596.232
0
HO
False
1486727596.271
0
HO
False
1486727596.309
0
HO
False
1486727596.348
0
HO
False
1486727596.387
0
HO
False
1486727596.425
0
HO
False
1486727596.464
0
HO
False
1486727596.502
0
HO
False
1486727596.540
0
HO
False
1486727596.578
0
HO
False
1486727596.619
0
HO
False
1486727596.658
0
HO
False
1486727596.695
0
HO
False
1486727596.734
0
HO
False
1486727596.772
0
HO
False
1486727596.825
0
HO
False
1486727596.853
0
HO
False
1486727597.41
0
HO
False
1486727597.80
0
HO
False
1486727597.118
0
HO
False
1486727597.156
0
HO
False
1486727597.197
0
HO
False
1486727597.235
0
HO
False
1486727597.273
0
HO
False
1486727597.312
0
HO
False
1486727597.352
0
HO
False
1486727597.389
0
HO
False
1486727597.436
0
HO
False
1486727597.466
0
HO
False
1486727597.507
0
HO
False
1486727597.543
0
HO
False
1486727597.583
0
HO
False
1486727597.620
0
HO
False
1486727597.659
0
HO
False
1486727597.697
0
HO
False
1486727597.735
0
HO
False
1486727597.774
0
HO
False
1486727597.812
0
HO
False
1486727597.851
0
HO
False
1486727597.890
0
HO
False
1486727597.929
0
HO
False
1486727597.967
0
HO
False
1486727598.6
0
HO
False
1486727598.44
0
HO
False
1486727598.82
0
HO
False
1486727598.123
0
HO
False
1486727598.159
0
HO
False
1486727598.200
0
HO
False
1486727598.236
0
HO
False
1486727598.275
0
HO
False
1486727598.330
0
HO
False
1486727598.374
0
HO
False
1486727598.412
0
HO
False
1486727598.434
0
HO
False
1486727598.466
0
HO
False
1486727598.508
0
HO
False
1486727598.544
0
HO
False
1486727598.583
0
HO
False
1486727598.626
0
HO
False
1486727598.661
0
HO
False
1486727598.701
0
HO
False
1486727598.737
0
HO
False
1486727598.775
0
HO
False
1486727598.819
0
HO
False
1486727598.859
0
HO
False
1486727598.897
0
HO
False
1486727598.930
0
HO
False
1486727598.969
0
HO
False
1486727599.7
0
HO
False
1486727599.45
0
HO
False
1486727599.86
0
HO
False
1486727599.125
0
HO
False
1486727599.162
0
HO
False
1486727599.200
0
HO
False
1486727599.238
0
HO
False
1486727599.276
0
HO
False
1486727599.319
0
HO
False
1486727599.355
0
HO
False
1486727599.393
0
HO
False
1486727599.431
0
HO
False
1486727599.469
0
HO
False
1486727599.527
0
HO
False
1486727599.638
0
HO
False
1486727599.750
0
HO
False
1486727599.866
0
HO
False
1486727600.52
0
HO
False
1486727600.96
0
HO
False
1486727600.136
0
HO
False
1486727600.177
0
HO
False
1486727600.219
0
HO
False
1486727600.252
0
HO
False
1486727600.318
0
HO
False
1486727600.408
0
HO
False
1486727600.513
0
HO
False
1486727600.569
0
HO
False
1486727600.604
0
HO
False
1486727600.651
0
HO
False
1486727600.675
0
HO
False
1486727600.723
0
HO
False
1486727600.775
0
HO
False
1486727600.868
0
HO
False
1486727600.903
0
HO
False
1486727600.933
0
HO
False
1486727600.974
0
HO
False
1486727601.11
0
HO
False
1486727601.50
0
HO
False
1486727601.89
0
HO
False
1486727601.132
7
HA
True
1486727601.166
7
HA
True
1486727601.206
7
HA
True
1486727601.242
17
HO
True
1486727601.281
17
HO
True
1486727601.322
17
HO
True
1486727601.359
63
HA
True
1486727601.398
63
HA
True
1486727601.436
63
HA
True
1486727601.474
63
HA
True
1486727601.512
63
HA
True
1486727601.551
63
HA
True
1486727601.592
64
HO
True
1486727601.630
64
HO
True
1486727601.668
64
HO
True
1486727601.704
67
HO
True
1486727601.743
67
HO
True
1486727601.782
67
HO
True
1486727601.822
63
HB
True
1486727601.860
63
HB
True
1486727601.897
63
HB
True
1486727601.937
42
HB
True
1486727601.975
42
HB
True
1486727602.13
42
HB
True
1486727602.53
0
HO
False
1486727602.91
0
HO
False
1486727602.131
0
HO
False
1486727602.168
0
HO
False
1486727602.206
0
HO
False
1486727602.244
0
HO
False
1486727602.285
0
HO
False
1486727602.322
0
HO
False
1486727602.363
0
HO
False
1486727602.399
0
HO
False
1486727602.439
0
HO
False
1486727602.477
0
HO
False
1486727602.515
0
HO
False
1486727602.554
0
HO
False
1486727602.594
0
HO
False
1486727602.639
0
HO
False
1486727602.671
0
HO
False
1486727602.708
0
HO
False
1486727602.746
0
HO
False
1486727602.785
0
HO
False
1486727602.823
0
HO
False
1486727602.861
0
HO
False
1486727602.900
0
HO
False
1486727602.943
0
HO
False
1486727602.977
0
HO
False
1486727603.16
0
HO
False
1486727603.55
0
HO
False
1486727603.93
0
HO
False
1486727603.133
0
HO
False
1486727603.171
0
HO
False
1486727603.209
0
HO
False
1486727603.246
0
HO
False
1486727603.284
0
HO
False
1486727603.325
0
HO
False
1486727603.363
0
HO
False
1486727603.401
0
HO
False
1486727603.442
0
HO
False
1486727603.478
0
HO
False
1486727603.517
0
HO
False
1486727603.556
0
HO
False
1486727603.596
0
HO
False
1486727603.635
0
HO
False
1486727603.670
0
HO
False
1486727603.709
0
HO
False
1486727603.749
0
HO
False
1486727603.786
0
HO
False
1486727603.826
0
HO
False
1486727603.881
0
HO
False
1486727603.980
0
HO
False
1486727604.18
0
HO
False
1486727604.68
0
HO
False
1486727604.172
0
HO
False
1486727604.211
0
HO
False
1486727604.249
0
HO
False
1486727604.287
0
HO
False
1486727604.325
0
HO
False
1486727604.367
0
HO
False
1486727604.403
0
HO
False
1486727604.445
0
HO
False
1486727604.481
0
HO
False
1486727604.522
0
HO
False
1486727604.556
0
HO
False
1486727604.597
0
HO
False
1486727604.635
0
HO
False
1486727604.674
0
HO
False
1486727604.712
0
HO
False
1486727604.753
0
HO
False
1486727604.790
0
HO
False
1486727604.827
0
HO
False
1486727604.867
0
HO
False
1486727604.905
0
HO
False
1486727604.944
0
HO
False
1486727604.982
0
HO
False
1486727605.44
0
HO
False
1486727605.136
0
HO
False
1486727605.174
0
HO
False
1486727605.228
0
HO
False
1486727605.276
0
HO
False
1486727605.313
0
HO
False
1486727605.333
0
HO
False
1486727605.365
0
HO
False
1486727605.406
0
HO
False
1486727605.450
0
HO
False
1486727605.484
0
HO
False
1486727605.524
0
HO
False
1486727605.563
0
HO
False
1486727605.597
0
HO
False
1486727605.637
0
HO
False
1486727605.675
0
HO
False
1486727605.715
0
HO
False
1486727605.755
0
HO
False
1486727605.790
0
HO
False
1486727605.829
0
HO
False
1486727605.870
0
HO
False
1486727605.907
0
HO
False
1486727605.947
0
HO
False
1486727605.984
0
HO
False
1486727606.23
0
HO
False
1486727606.61
0
HO
False
1486727606.100
0
HO
False
1486727606.138
0
HO
False
1486727606.176
0
HO
False
1486727606.216
0
HO
False
1486727606.255
0
HO
False
1486727606.291
0
HO
False
1486727606.330
0
HO
False
1486727606.369
0
HO
False
1486727606.406
0
HO
False
1486727606.447
0
HO
False
1486727606.484
0
HO
False
1486727606.523
0
HO
False
1486727606.564
0
HO
False
1486727606.608
0
HO
False
1486727606.652
0
HO
False
1486727606.689
0
HO
False
1486727606.717
0
HO
False
1486727606.756
0
HO
False
1486727606.795
0
HO
False
1486727606.832
0
HO
False
1486727606.872
0
HO
False
1486727606.908
0
HO
False
1486727606.946
0
HO
False
1486727606.985
0
HO
False
1486727607.23
0
HO
False
1486727607.64
0
HO
False
1486727607.101
0
HO
False
1486727607.140
0
HO
False
1486727607.178
0
HO
False
1486727607.217
0
HO
False
1486727607.258
0
HO
False
1486727607.294
0
HO
False
1486727607.336
0
HO
False
1486727607.376
0
HO
False
1486727607.409
0
HO
False
1486727607.448
0
HO
False
1486727607.487
0
HO
False
1486727607.525
0
HO
False
1486727607.565
0
HO
False
1486727607.602
0
HO
False
1486727607.640
0
HO
False
1486727607.680
0
HO
False
1486727607.718
0
HO
False
1486727607.756
0
HO
False
1486727607.795
0
HO
False
1486727607.834
0
HO
False
1486727607.874
0
HO
False
1486727607.912
0
HO
False
1486727607.950
0
HO
False
1486727607.987
0
HO
False
1486727608.25
0
HO
False
1486727608.66
0
HO
False
1486727608.102
0
HO
False
1486727608.141
0
HO
False
1486727608.179
62
HB
True
1486727608.219
62
HB
True
1486727608.258
62
HB
True
1486727608.296
71
HB
True
1486727608.335
71
HB
True
1486727608.375
71
HB
True
1486727608.413
71
HO
True
1486727608.451
71
HO
True
1486727608.489
71
HO
True
1486727608.527
67
HO
True
1486727608.571
67
HO
True
1486727608.608
67
HO
True
1486727608.645
58
HA
True
1486727608.683
58
HA
True
1486727608.721
58
HA
True
1486727608.759
47
HA
True
1486727608.797
47
HA
True
1486727608.836
47
HA
True
1486727608.875
0
HO
False
1486727608.913
0
HO
False
1486727608.951
0
HO
False
1486727608.990
0
HO
False
1486727609.28
0
HO
False
1486727609.68
0
HO
False
1486727609.106
0
HO
False
1486727609.144
0
HO
False
1486727609.182
0
HO
False
1486727609.223
0
HO
False
1486727609.261
0
HO
False
1486727609.297
0
HO
False
1486727609.337
0
HO
False
1486727609.379
0
HO
False
1486727609.412
0
HO
False
1486727609.453
0
HO
False
1486727609.491
0
HO
False
1486727609.530
0
HO
False
1486727609.571
0
HO
False
1486727609.607
0
HO
False
1486727609.644
0
HO
False
1486727609.685
0
HO
False
1486727609.723
0
HO
False
1486727609.761
0
HO
False
1486727609.799
0
HO
False
1486727609.862
0
HO
False
1486727609.956
0
HO
False
1486727610.12
0
HO
False
1486727610.46
0
HO
False
1486727610.67
0
HO
False
1486727610.107
0
HO
False
1486727610.148
0
HO
False
1486727610.190
0
HO
False
1486727610.226
0
HO
False
1486727610.261
0
HO
False
1486727610.300
0
HO
False
1486727610.339
0
HO
False
1486727610.396
0
HO
False
1486727610.443
0
HO
False
1486727610.473
0
HO
False
1486727610.500
0
HO
False
1486727610.531
0
HO
False
1486727610.576
0
HO
False
1486727610.610
0
HO
False
1486727610.647
0
HO
False
1486727610.688
0
HO
False
1486727610.724
0
HO
False
1486727610.764
0
HO
False
1486727610.800
0
HO
False
1486727610.841
0
HO
False
1486727610.954
0
HO
False
1486727611.7
0
HO
False
1486727611.53
0
HO
False
1486727611.226
0
HO
False
1486727611.264
0
HO
False
1486727611.302
0
HO
False
1486727611.351
0
HO
False
1486727611.392
0
HO
False
1486727611.419
0
HO
False
1486727611.458
0
HO
False
1486727611.496
0
HO
False
1486727611.534
0
HO
False
1486727611.573
0
HO
False
1486727611.611
0
HO
False
1486727611.649
0
HO
False
1486727611.689
0
HO
False
1486727611.726
0
HO
False
1486727611.765
0
HO
False
1486727611.805
0
HO
False
1486727611.843
0
HO
False
1486727611.880
0
HO
False
1486727611.919
0
HO
False
1486727611.959
0
HO
False
1486727612.152
0
HO
False
1486727612.194
0
HO
False
1486727612.234
0
HO
False
1486727612.270
0
HO
False
1486727612.305
0
HO
False
1486727612.343
62
HA
True
1486727612.382
62
HA
True
1486727612.420
62
HA
True
1486727612.458
65
HA
True
1486727612.500
65
HA
True
1486727612.535
65
HA
True
1486727612.574
65
HA
True
1486727612.614
65
HA
True
1486727612.651
65
HA
True
1486727612.692
65
HO
True
1486727612.728
65
HO
True
1486727612.767
65
HO
True
1486727612.805
67
HO
True
1486727612.844
67
HO
True
1486727612.883
67
HO
True
1486727612.921
63
HB
True
1486727612.959
63
HB
True
1486727613.1
63
HB
True
1486727613.36
49
HB
True
1486727613.76
49
HB
True
1486727613.113
49
HB
True
1486727613.152
0
HO
False
1486727613.193
0
HO
False
1486727613.229
0
HO
False
1486727613.268
0
HO
False
1486727613.307
0
HO
False
1486727613.346
0
HO
False
1486727613.383
0
HO
False
1486727613.421
0
HO
False
1486727613.461
0
HO
False
1486727613.502
0
HO
False
1486727613.537
0
HO
False
1486727613.577
0
HO
False
1486727613.614
0
HO
False
1486727613.653
0
HO
False
1486727613.693
0
HO
False
1486727613.731
0
HO
False
1486727613.770
0
HO
False
1486727613.808
0
HO
False
1486727613.845
0
HO
False
1486727613.885
0
HO
False
1486727613.923
0
HO
False
1486727613.961
0
HO
False
1486727614.3
0
HO
False
1486727614.39
0
HO
False
1486727614.76
0
HO
False
1486727614.115
0
HO
False
1486727614.156
0
HO
False
1486727614.198
0
HO
False
1486727614.232
0
HO
False
1486727614.270
0
HO
False
1486727614.310
0
HO
False
1486727614.347
0
HO
False
1486727614.387
0
HO
False
1486727614.424
0
HO
False
1486727614.464
0
HO
False
1486727614.505
0
HO
False
1486727614.539
0
HO
False
1486727614.578
0
HO
False
1486727614.617
0
HO
False
1486727614.658
0
HO
False
1486727614.694
0
HO
False
1486727614.733
0
HO
False
1486727614.772
0
HO
False
1486727614.813
0
HO
False
1486727614.849
0
HO
False
1486727614.888
0
HO
False
1486727614.927
0
HO
False
1486727614.964
0
HO
False
1486727615.158
0
HO
False
1486727615.195
0
HO
False
1486727615.234
0
HO
False
1486727615.271
0
HO
False
1486727615.466
0
HO
False
1486727615.523
0
HO
False
1486727615.619
0
HO
False
1486727615.659
0
HO
False
1486727615.695
0
HO
False
1486727615.737
0
HO
False
1486727615.774
0
HO
False
1486727615.814
0
HO
False
1486727615.851
0
HO
False
1486727615.890
0
HO
False
1486727615.927
0
HO
False
1486727615.966
0
HO
False
1486727616.6
0
HO
False
1486727616.43
0
HO
False
1486727616.81
0
HO
False
1486727616.129
0
HO
False
1486727616.160
0
HO
False
1486727616.201
0
HO
False
1486727616.253
0
HO
False
1486727616.303
0
HO
False
1486727616.346
0
HO
False
1486727616.372
0
HO
False
1486727616.394
0
HO
False
1486727616.446
0
HO
False
1486727616.546
0
HO
False
1486727616.583
0
HO
False
1486727616.626
0
HO
False
1486727616.661
0
HO
False
1486727616.699
0
HO
False
1486727616.738
0
HO
False
1486727616.775
0
HO
False
1486727616.817
0
HO
False
1486727616.851
0
HO
False
1486727616.891
0
HO
False
1486727616.931
0
HO
False
1486727616.967
0
HO
False
1486727617.6
0
HO
False
1486727617.44
0
HO
False
1486727617.84
0
HO
False
1486727617.125
0
HO
False
1486727617.162
0
HO
False
1486727617.211
0
HO
False
1486727617.246
0
HO
False
1486727617.278
0
HO
False
1486727617.321
0
HO
False
1486727617.361
0
HO
False
1486727617.395
0
HO
False
1486727617.433
0
HO
False
1486727617.469
0
HO
False
1486727617.508
0
HO
False
1486727617.546
0
HO
False
1486727617.584
0
HO
False
1486727617.632
0
HO
False
1486727617.666
0
HO
False
1486727617.700
0
HO
False
1486727617.739
0
HO
False
1486727617.776
0
HO
False
1486727617.816
0
HO
False
1486727617.854
0
HO
False
1486727617.893
0
HO
False
1486727617.952
0
HO
False
1486727617.985
0
HO
False
1486727618.7
0
HO
False
1486727618.49
0
HO
False
1486727618.85
0
HO
False
1486727618.127
0
HO
False
1486727618.162
0
HO
False
1486727618.201
0
HO
False
1486727618.240
0
HO
False
1486727618.278
0
HO
False
1486727618.318
0
HO
False
1486727618.356
0
HO
False
1486727618.397
0
HO
False
1486727618.434
0
HO
False
1486727618.471
0
HO
False
1486727618.511
0
HO
False
1486727618.549
0
HO
False
1486727618.589
0
HO
False
1486727618.632
0
HO
False
1486727618.663
0
HO
False
1486727618.702
0
HO
False
1486727618.749
0
HO
False
1486727618.780
0
HO
False
1486727618.819
0
HO
False
1486727618.856
0
HO
False
1486727618.895
0
HO
False
1486727618.936
0
HO
False
1486727618.972
0
HO
False
1486727619.11
0
HO
False
1486727619.50
68
HB
True
1486727619.87
68
HB
True
1486727619.133
68
HB
True
1486727619.167
68
HB
True
1486727619.204
68
HB
True
1486727619.244
68
HB
True
1486727619.280
66
HB
True
1486727619.319
66
HB
True
1486727619.358
66
HB
True
1486727619.395
65
HO
True
1486727619.437
65
HO
True
1486727619.473
65
HO
True
1486727619.512
64
HO
True
1486727619.550
64
HO
True
1486727619.589
64
HO
True
1486727619.627
47
HA
True
1486727619.665
47
HA
True
1486727619.704
47
HA
True
1486727619.743
29
HA
True
1486727619.782
29
HA
True
1486727619.821
29
HA
True
1486727619.859
0
HO
False
1486727619.899
0
HO
False
1486727619.936
0
HO
False
1486727619.975
0
HO
False
1486727620.13
0
HO
False
1486727620.55
0
HO
False
1486727620.91
0
HO
False
1486727620.127
0
HO
False
1486727620.168
0
HO
False
1486727620.206
0
HO
False
1486727620.246
0
HO
False
1486727620.282
0
HO
False
1486727620.322
0
HO
False
1486727620.378
0
HO
False
1486727620.416
0
HO
False
1486727620.452
0
HO
False
1486727620.474
0
HO
False
1486727620.515
0
HO
False
1486727620.554
0
HO
False
1486727620.591
0
HO
False
1486727620.637
0
HO
False
1486727620.667
0
HO
False
1486727620.705
0
HO
False
1486727620.765
0
HO
False
1486727620.861
0
HO
False
1486727620.912
0
HO
False
1486727620.958
0
HO
False
1486727620.999
0
HO
False
1486727621.22
0
HO
False
1486727621.59
0
HO
False
1486727621.90
0
HO
False
1486727621.132
0
HO
False
1486727621.168
0
HO
False
1486727621.208
0
HO
False
1486727621.246
0
HO
False
1486727621.284
0
HO
False
1486727621.324
0
HO
False
1486727621.363
0
HO
False
1486727621.401
0
HO
False
1486727621.439
0
HO
False
1486727621.477
0
HO
False
1486727621.517
0
HO
False
1486727621.557
0
HO
False
1486727621.593
0
HO
False
1486727621.654
0
HO
False
1486727621.747
0
HO
False
1486727621.785
0
HO
False
1486727621.838
0
HO
False
1486727621.943
0
HO
False
1486727621.978
0
HO
False
1486727622.17
0
HO
False
1486727622.56
0
HO
False
1486727622.94
0
HO
False
1486727622.140
0
HO
False
1486727622.175
0
HO
False
1486727622.209
0
HO
False
1486727622.247
0
HO
False
1486727622.292
0
HO
False
1486727622.326
0
HO
False
1486727622.366
0
HO
False
1486727622.404
0
HO
False
1486727622.441
0
HO
False
1486727622.481
0
HO
False
1486727622.520
0
HO
False
1486727622.556
0
HO
False
1486727622.596
0
HO
False
1486727622.634
0
HO
False
1486727622.675
0
HO
False
1486727622.711
0
HO
False
1486727622.749
0
HO
False
1486727622.787
0
HO
False
1486727622.827
0
HO
False
1486727622.867
0
HO
False
1486727622.904
0
HO
False
1486727622.943
0
HO
False
1486727622.980
0
HO
False
1486727623.18
0
HO
False
1486727623.58
0
HO
False
1486727623.95
5
HA
True
1486727623.135
5
HA
True
1486727623.176
5
HA
True
1486727623.214
13
HO
True
1486727623.251
13
HO
True
1486727623.289
13
HO
True
1486727623.327
64
HA
True
1486727623.367
64
HA
True
1486727623.405
64
HA
True
1486727623.444
65
HA
True
1486727623.481
65
HA
True
1486727623.520
65
HA
True
1486727623.559
65
HA
True
1486727623.596
65
HA
True
1486727623.643
65
HA
True
1486727623.679
64
HA
True
1486727623.711
64
HA
True
1486727623.752
64
HA
True
1486727623.791
67
HO
True
1486727623.829
67
HO
True
1486727623.867
67
HO
True
1486727623.907
68
HB
True
1486727623.944
68
HB
True
1486727623.986
68
HB
True
1486727624.21
51
HB
True
1486727624.60
51
HB
True
1486727624.99
51
HB
True
1486727624.138
0
HO
False
1486727624.178
0
HO
False
1486727624.214
0
HO
False
1486727624.252
0
HO
False
1486727624.292
0
HO
False
1486727624.331
0
HO
False
1486727624.368
0
HO
False
1486727624.406
0
HO
False
1486727624.445
0
HO
False
1486727624.486
0
HO
False
1486727624.522
0
HO
False
1486727624.562
0
HO
False
1486727624.599
0
HO
False
1486727624.637
0
HO
False
1486727624.681
0
HO
False
1486727624.715
0
HO
False
1486727624.753
0
HO
False
1486727624.793
0
HO
False
1486727624.832
0
HO
False
1486727624.869
0
HO
False
1486727624.908
0
HO
False
1486727624.948
0
HO
False
1486727624.987
0
HO
False
1486727625.23
0
HO
False
1486727625.62
0
HO
False
1486727625.100
0
HO
False
1486727625.146
0
HO
False
1486727625.178
0
HO
False
1486727625.215
0
HO
False
1486727625.254
0
HO
False
1486727625.296
0
HO
False
1486727625.331
0
HO
False
1486727625.370
0
HO
False
1486727625.417
0
HO
False
1486727625.447
0
HO
False
1486727625.488
0
HO
False
1486727625.524
0
HO
False
1486727625.563
0
HO
False
1486727625.601
0
HO
False
1486727625.639
0
HO
False
1486727625.679
0
HO
False
1486727625.718
0
HO
False
1486727625.757
0
HO
False
1486727625.796
0
HO
False
1486727625.833
0
HO
False
1486727625.871
0
HO
False
1486727625.910
0
HO
False
1486727625.949
0
HO
False
1486727625.988
0
HO
False
1486727626.26
0
HO
False
1486727626.65
0
HO
False
1486727626.103
0
HO
False
1486727626.141
0
HO
False
1486727626.179
0
HO
False
1486727626.218
0
HO
False
1486727626.257
0
HO
False
1486727626.297
0
HO
False
1486727626.335
0
HO
False
1486727626.373
0
HO
False
1486727626.501
0
HO
False
1486727626.609
0
HO
False
1486727626.725
0
HO
False
1486727626.755
0
HO
False
1486727626.800
0
HO
False
1486727626.835
0
HO
False
1486727626.874
0
HO
False
1486727626.912
0
HO
False
1486727626.952
0
HO
False
1486727626.993
0
HO
False
1486727627.28
0
HO
False
1486727627.66
0
HO
False
1486727627.106
0
HO
False
1486727627.145
0
HO
False
1486727627.182
0
HO
False
1486727627.220
0
HO
False
1486727627.258
0
HO
False
1486727627.300
0
HO
False
1486727627.337
0
HO
False
1486727627.373
0
HO
False
1486727627.414
0
HO
False
1486727627.452
0
HO
False
1486727627.508
0
HO
False
1486727627.837
0
HO
False
1486727627.876
0
HO
False
1486727627.914
0
HO
False
1486727627.952
0
HO
False
1486727627.991
0
HO
False
1486727628.30
0
HO
False
1486727628.69
0
HO
False
1486727628.109
0
HO
False
1486727628.151
0
HO
False
1486727628.184
0
HO
False
1486727628.224
0
HO
False
1486727628.264
0
HO
False
1486727628.303
0
HO
False
1486727628.338
0
HO
False
1486727628.377
0
HO
False
1486727628.571
0
HO
False
1486727628.609
0
HO
False
1486727628.647
0
HO
False
1486727628.687
0
HO
False
1486727628.723
0
HO
False
1486727628.763
0
HO
False
1486727628.822
0
HO
False
1486727628.853
0
HO
False
1486727628.877
0
HO
False
1486727628.916
0
HO
False
1486727628.956
0
HO
False
1486727628.994
0
HO
False
1486727629.31
0
HO
False
1486727629.69
0
HO
False
1486727629.111
0
HO
False
1486727629.149
0
HO
False
1486727629.185
0
HO
False
1486727629.225
0
HO
False
1486727629.263
0
HO
False
1486727629.303
0
HO
False
1486727629.344
0
HO
False
1486727629.379
0
HO
False
1486727629.571
0
HO
False
1486727629.610
0
HO
False
1486727629.655
0
HO
False
1486727629.688
0
HO
False
1486727629.728
0
HO
False
1486727629.764
0
HO
False
1486727629.803
0
HO
False
1486727629.840
0
HO
False
1486727629.879
0
HO
False
1486727629.922
0
HO
False
1486727629.956
0
HO
False
1486727629.995
0
HO
False
1486727630.33
0
HO
False
1486727630.72
0
HO
False
1486727630.112
0
HO
False
1486727630.149
0
HO
False
1486727630.188
0
HO
False
1486727630.229
0
HO
False
1486727630.265
0
HO
False
1486727630.303
0
HO
False
1486727630.344
0
HO
False
1486727630.386
0
HO
False
1486727630.424
0
HO
False
1486727630.466
0
HO
False
1486727630.500
0
HO
False
1486727630.538
0
HO
False
1486727630.574
0
HO
False
1486727630.612
68
HB
True
1486727630.648
68
HB
True
1486727630.689
68
HB
True
1486727630.731
68
HO
True
1486727630.768
68
HO
True
1486727630.805
68
HO
True
1486727630.844
70
HO
True
1486727630.882
70
HO
True
1486727630.920
70
HO
True
1486727630.959
70
HO
True
1486727630.997
70
HO
True
1486727631.37
70
HO
True
1486727631.74
58
HA
True
1486727631.113
58
HA
True
1486727631.157
58
HA
True
1486727631.190
40
HA
True
1486727631.231
40
HA
True
1486727631.268
40
HA
True
1486727631.305
0
HO
False
1486727631.345
0
HO
False
1486727631.383
0
HO
False
1486727631.422
0
HO
False
1486727631.460
0
HO
False
1486727631.499
0
HO
False
1486727631.540
0
HO
False
1486727631.574
0
HO
False
1486727631.614
0
HO
False
1486727631.653
0
HO
False
1486727631.690
0
HO
False
1486727631.730
0
HO
False
1486727631.768
0
HO
False
1486727631.807
0
HO
False
1486727631.847
0
HO
False
1486727631.883
0
HO
False
1486727631.923
0
HO
False
1486727631.960
0
HO
False
1486727631.1000
0
HO
False
1486727632.40
0
HO
False
1486727632.77
0
HO
False
1486727632.115
0
HO
False
1486727632.153
0
HO
False
1486727632.230
0
HO
False
1486727632.319
0
HO
False
1486727632.423
0
HO
False
1486727632.461
0
HO
False
1486727632.500
0
HO
False
1486727632.538
0
HO
False
1486727632.578
0
HO
False
1486727632.615
0
HO
False
1486727632.663
0
HO
False
1486727632.694
0
HO
False
1486727632.733
0
HO
False
1486727632.771
0
HO
False
1486727632.809
0
HO
False
1486727632.851
0
HO
False
1486727632.885
0
HO
False
1486727632.951
0
HO
False
1486727633.39
0
HO
False
1486727633.94
0
HO
False
1486727633.142
0
HO
False
1486727633.166
0
HO
False
1486727633.192
0
HO
False
1486727633.241
0
HO
False
1486727633.277
0
HO
False
1486727633.313
0
HO
False
1486727633.350
0
HO
False
1486727633.386
0
HO
False
1486727633.425
0
HO
False
1486727633.466
0
HO
False
1486727633.503
0
HO
False
1486727633.541
0
HO
False
1486727633.579
0
HO
False
1486727633.617
0
HO
False
1486727633.660
0
HO
False
1486727633.695
0
HO
False
1486727633.733
0
HO
False
1486727633.773
0
HO
False
1486727633.811
0
HO
False
1486727633.852
0
HO
False
1486727633.888
0
HO
False
1486727633.926
0
HO
False
1486727633.967
0
HO
False
1486727634.5
0
HO
False
1486727634.42
0
HO
False
1486727634.80
0
HO
False
1486727634.119
0
HO
False
1486727634.166
0
HO
False
1486727634.198
0
HO
False
1486727634.235
0
HO
False
1486727634.273
0
HO
False
1486727634.312
0
HO
False
1486727634.350
0
HO
False
1486727634.390
0
HO
False
1486727634.427
0
HO
False
1486727634.468
0
HO
False
1486727634.505
0
HO
False
1486727634.543
0
HO
False
1486727634.583
0
HO
False
1486727634.620
0
HO
False
1486727634.659
7
HO
True
1486727634.697
7
HO
True
1486727634.736
7
HO
True
1486727634.775
62
HA
True
1486727634.813
62
HA
True
1486727634.851
62
HA
True
1486727634.889
63
HA
True
1486727634.928
63
HA
True
1486727634.969
63
HA
True
1486727635.6
62
HA
True
1486727635.43
62
HA
True
1486727635.84
62
HA
True
1486727635.121
62
HO
True
1486727635.159
62
HO
True
1486727635.199
62
HO
True
1486727635.239
63
HO
True
1486727635.277
63
HO
True
1486727635.314
63
HO
True
1486727635.352
64
HB
True
1486727635.391
64
HB
True
1486727635.430
64
HB
True
1486727635.471
54
HB
True
1486727635.507
54
HB
True
1486727635.547
54
HB
True
1486727635.584
0
HO
False
1486727635.622
0
HO
False
1486727635.668
0
HO
False
1486727635.703
0
HO
False
1486727635.737
0
HO
False
1486727635.780
0
HO
False
1486727635.816
0
HO
False
1486727635.854
0
HO
False
1486727635.890
0
HO
False
1486727635.932
0
HO
False
1486727635.972
0
HO
False
1486727636.8
0
HO
False
1486727636.47
0
HO
False
1486727636.84
0
HO
False
1486727636.123
0
HO
False
1486727636.163
0
HO
False
1486727636.202
0
HO
False
1486727636.239
0
HO
False
1486727636.279
0
HO
False
1486727636.316
0
HO
False
1486727636.355
0
HO
False
1486727636.394
0
HO
False
1486727636.432
0
HO
False
1486727636.470
0
HO
False
1486727636.510
0
HO
False
1486727636.548
0
HO
False
1486727636.588
0
HO
False
1486727636.625
0
HO
False
1486727636.664
0
HO
False
1486727636.702
0
HO
False
1486727636.740
0
HO
False
1486727636.780
0
HO
False
1486727636.816
0
HO
False
1486727636.856
0
HO
False
1486727636.893
0
HO
False
1486727636.933
0
HO
False
1486727636.972
0
HO
False
1486727637.9
0
HO
False
1486727637.48
0
HO
False
1486727637.89
0
HO
False
1486727637.125
0
HO
False
1486727637.170
0
HO
False
1486727637.204
0
HO
False
1486727637.240
0
HO
False
1486727637.279
0
HO
False
1486727637.317
0
HO
False
1486727637.357
0
HO
False
1486727637.396
0
HO
False
1486727637.433
0
HO
False
1486727637.472
0
HO
False
1486727637.512
0
HO
False
1486727637.550
0
HO
False
1486727637.591
0
HO
False
1486727637.646
0
HO
False
1486727637.743
0
HO
False
1486727637.782
0
HO
False
1486727637.833
0
HO
False
1486727637.892
0
HO
False
1486727637.913
0
HO
False
1486727637.939
0
HO
False
1486727637.974
0
HO
False
1486727638.15
0
HO
False
1486727638.50
0
HO
False
1486727638.90
0
HO
False
1486727638.128
0
HO
False
1486727638.166
0
HO
False
1486727638.205
0
HO
False
1486727638.243
0
HO
False
1486727638.281
0
HO
False
1486727638.320
0
HO
False
1486727638.360
0
HO
False
1486727638.399
0
HO
False
1486727638.436
0
HO
False
1486727638.475
0
HO
False
1486727638.513
0
HO
False
1486727638.551
0
HO
False
1486727638.590
0
HO
False
1486727638.631
0
HO
False
1486727638.673
0
HO
False
1486727638.705
0
HO
False
1486727638.745
0
HO
False
1486727638.783
0
HO
False
1486727638.824
0
HO
False
1486727638.859
0
HO
False
1486727638.898
0
HO
False
1486727638.938
0
HO
False
1486727638.975
0
HO
False
1486727639.13
0
HO
False
1486727639.75
0
HO
False
1486727639.168
0
HO
False
1486727639.206
0
HO
False
1486727639.249
0
HO
False
1486727639.302
0
HO
False
1486727639.329
0
HO
False
1486727639.365
0
HO
False
1486727639.403
0
HO
False
1486727639.438
0
HO
False
1486727639.476
0
HO
False
1486727639.515
0
HO
False
1486727639.553
0
HO
False
1486727639.591
0
HO
False
1486727639.630
0
HO
False
1486727639.669
0
HO
False
1486727639.708
0
HO
False
1486727639.747
0
HO
False
1486727639.784
0
HO
False
1486727639.827
0
HO
False
1486727639.861
0
HO
False
1486727639.900
0
HO
False
1486727639.941
0
HO
False
1486727639.978
0
HO
False
1486727640.16
0
HO
False
1486727640.54
0
HO
False
1486727640.94
0
HO
False
1486727640.131
0
HO
False
1486727640.176
0
HO
False
1486727640.207
0
HO
False
1486727640.251
0
HO
False
1486727640.286
0
HO
False
1486727640.325
0
HO
False
1486727640.375
0
HO
False
1486727640.421
0
HO
False
1486727640.458
0
HO
False
1486727640.486
0
HO
False
1486727640.523
0
HO
False
1486727640.558
0
HO
False
1486727640.593
0
HO
False
1486727640.633
0
HO
False
1486727640.672
0
HO
False
1486727640.712
0
HO
False
1486727640.751
0
HO
False
1486727640.787
0
HO
False
1486727640.827
0
HO
False
1486727640.864
0
HO
False
1486727640.906
0
HO
False
1486727640.942
0
HO
False
1486727640.985
0
HO
False
1486727641.48
0
HO
False
1486727641.90
0
HO
False
1486727641.117
0
HO
False
1486727641.139
0
HO
False
1486727641.172
0
HO
False
1486727641.216
0
HO
False
1486727641.248
0
HO
False
1486727641.288
0
HO
False
1486727641.326
0
HO
False
1486727641.365
0
HO
False
1486727641.404
0
HO
False
1486727641.441
0
HO
False
1486727641.481
0
HO
False
1486727641.519
0
HO
False
1486727641.559
0
HO
False
1486727641.597
0
HO
False
1486727641.638
0
HO
False
1486727641.678
0
HO
False
1486727641.712
0
HO
False
1486727641.750
0
HO
False
1486727641.789
0
HO
False
1486727641.830
66
HB
True
1486727641.866
66
HB
True
1486727641.905
66
HB
True
1486727641.945
68
HB
True
1486727641.982
68
HB
True
1486727642.20
68
HB
True
1486727642.59
66
HB
True
1486727642.98
66
HB
True
1486727642.135
66
HB
True
1486727642.175
64
HO
True
1486727642.214
64
HO
True
1486727642.252
64
HO
True
1486727642.289
64
HO
True
1486727642.328
64
HO
True
1486727642.367
64
HO
True
1486727642.406
51
HA
True
1486727642.445
51
HA
True
1486727642.483
51
HA
True
1486727642.521
42
HA
True
1486727642.561
42
HA
True
1486727642.598
42
HA
True
1486727642.637
0
HO
False
1486727642.675
0
HO
False
1486727642.714
0
HO
False
1486727642.752
0
HO
False
1486727642.791
0
HO
False
1486727642.829
0
HO
False
1486727642.867
0
HO
False
1486727642.906
0
HO
False
1486727642.945
0
HO
False
1486727642.984
0
HO
False
1486727643.22
0
HO
False
1486727643.62
0
HO
False
1486727643.100
0
HO
False
1486727643.138
0
HO
False
1486727643.182
0
HO
False
1486727643.215
0
HO
False
1486727643.253
0
HO
False
1486727643.292
0
HO
False
1486727643.331
0
HO
False
1486727643.369
0
HO
False
1486727643.408
0
HO
False
1486727643.446
0
HO
False
1486727643.485
0
HO
False
1486727643.523
0
HO
False
1486727643.562
0
HO
False
1486727643.601
0
HO
False
1486727643.656
0
HO
False
1486727643.702
0
HO
False
1486727643.749
0
HO
False
1486727643.764
0
HO
False
1486727643.807
0
HO
False
1486727643.860
0
HO
False
1486727643.884
0
HO
False
1486727643.913
0
HO
False
1486727643.947
0
HO
False
1486727643.985
0
HO
False
1486727644.24
0
HO
False
1486727644.63
0
HO
False
1486727644.101
0
HO
False
1486727644.140
0
HO
False
1486727644.179
0
HO
False
1486727644.217
0
HO
False
1486727644.255
0
HO
False
1486727644.295
0
HO
False
1486727644.333
0
HO
False
1486727644.372
0
HO
False
1486727644.410
0
HO
False
1486727644.449
0
HO
False
1486727644.486
0
HO
False
1486727644.524
0
HO
False
1486727644.565
0
HO
False
1486727644.602
0
HO
False
1486727644.641
0
HO
False
1486727644.681
0
HO
False
1486727644.718
0
HO
False
1486727644.756
0
HO
False
1486727644.795
0
HO
False
1486727644.833
0
HO
False
1486727644.877
0
HO
False
1486727644.929
0
HO
False
1486727645.26
0
HO
False
1486727645.66
0
HO
False
1486727645.123
0
HO
False
1486727645.218
0
HO
False
1486727645.257
0
HO
False
1486727645.296
0
HO
False
1486727645.335
0
HO
False
1486727645.374
0
HO
False
1486727645.412
0
HO
False
1486727645.450
0
HO
False
1486727645.489
0
HO
False
1486727645.527
0
HO
False
1486727645.566
0
HO
False
1486727645.605
0
HO
False
1486727645.642
0
HO
False
1486727645.681
0
HO
False
1486727645.720
0
HO
False
1486727645.759
0
HO
False
1486727645.797
0
HO
False
1486727645.836
0
HO
False
1486727645.873
0
HO
False
1486727645.914
0
HO
False
1486727645.951
0
HO
False
1486727645.989
0
HO
False
1486727646.29
0
HO
False
1486727646.68
0
HO
False
1486727646.106
9
HO
True
1486727646.145
9
HO
True
1486727646.183
9
HO
True
1486727646.221
62
HA
True
1486727646.260
62
HA
True
1486727646.299
62
HA
True
1486727646.336
64
HA
True
1486727646.376
64
HA
True
1486727646.415
64
HA
True
1486727646.453
66
HA
True
1486727646.491
66
HA
True
1486727646.530
66
HA
True
1486727646.570
66
HO
True
1486727646.606
66
HO
True
1486727646.646
66
HO
True
1486727646.684
64
HO
True
1486727646.723
64
HO
True
1486727646.760
64
HO
True
1486727646.800
58
HB
True
1486727646.838
58
HB
True
1486727646.877
58
HB
True
1486727646.916
46
HB
True
1486727646.955
46
HB
True
1486727646.994
46
HB
True
1486727647.30
0
HO
False
1486727647.70
0
HO
False
1486727647.109
0
HO
False
1486727647.146
0
HO
False
1486727647.186
0
HO
False
1486727647.224
0
HO
False
1486727647.262
0
HO
False
1486727647.301
0
HO
False
1486727647.343
0
HO
False
1486727647.377
0
HO
False
1486727647.416
0
HO
False
1486727647.455
0
HO
False
1486727647.496
0
HO
False
1486727647.533
0
HO
False
1486727647.572
0
HO
False
1486727647.608
0
HO
False
1486727647.649
0
HO
False
1486727647.691
0
HO
False
1486727647.725
0
HO
False
1486727647.764
0
HO
False
1486727647.801
0
HO
False
1486727647.840
0
HO
False
1486727647.881
0
HO
False
1486727647.918
0
HO
False
1486727647.957
0
HO
False
1486727647.996
0
HO
False
1486727648.33
0
HO
False
1486727648.73
0
HO
False
1486727648.110
0
HO
False
1486727648.149
0
HO
False
1486727648.341
0
HO
False
1486727648.382
0
HO
False
1486727648.418
0
HO
False
1486727648.457
0
HO
False
1486727648.495
0
HO
False
1486727648.534
0
HO
False
1486727648.573
0
HO
False
1486727648.612
0
HO
False
1486727648.649
0
HO
False
1486727648.691
0
HO
False
1486727648.727
0
HO
False
1486727648.765
0
HO
False
1486727648.803
0
HO
False
1486727648.842
0
HO
False
1486727648.884
0
HO
False
1486727648.920
0
HO
False
1486727648.957
0
HO
False
1486727648.996
0
HO
False
1486727649.34
0
HO
False
1486727649.74
0
HO
False
1486727649.111
0
HO
False
1486727649.150
0
HO
False
1486727649.194
0
HO
False
1486727649.225
0
HO
False
1486727649.266
0
HO
False
1486727649.315
0
HO
False
1486727649.431
0
HO
False
1486727649.543
0
HO
False
1486727649.664
0
HO
False
1486727649.769
0
HO
False
1486727649.816
0
HO
False
1486727649.865
0
HO
False
1486727649.907
0
HO
False
1486727649.943
0
HO
False
1486727650.41
0
HO
False
1486727650.91
0
HO
False
1486727650.135
0
HO
False
1486727650.176
0
HO
False
1486727650.213
0
HO
False
1486727650.253
0
HO
False
1486727650.370
0
HO
False
1486727650.410
0
HO
False
1486727650.439
0
HO
False
1486727650.472
0
HO
False
1486727650.502
0
HO
False
1486727650.538
0
HO
False
1486727650.597
0
HO
False
1486727650.700
0
HO
False
1486727650.739
0
HO
False
1486727650.787
0
HO
False
1486727650.840
0
HO
False
1486727650.926
0
HO
False
1486727650.963
0
HO
False
1486727651.3
0
HO
False
1486727651.40
0
HO
False
1486727651.78
0
HO
False
1486727651.117
0
HO
False
1486727651.156
0
HO
False
1486727651.195
0
HO
False
1486727651.232
0
HO
False
1486727651.270
0
HO
False
1486727651.309
0
HO
False
1486727651.349
0
HO
False
1486727651.385
0
HO
False
1486727651.426
0
HO
False
1486727651.464
0
HO
False
1486727651.503
0
HO
False
1486727651.541
0
HO
False
1486727651.580
0
HO
False
1486727651.617
0
HO
False
1486727651.656
0
HO
False
1486727651.696
0
HO
False
1486727651.733
0
HO
False
1486727651.771
0
HO
False
1486727651.810
0
HO
False
1486727651.850
0
HO
False
1486727651.887
0
HO
False
1486727651.925
0
HO
False
1486727651.964
0
HO
False
1486727652.5
0
HO
False
1486727652.41
0
HO
False
1486727652.81
0
HO
False
1486727652.119
0
HO
False
1486727652.157
0
HO
False
1486727652.199
0
HO
False
1486727652.233
0
HO
False
1486727652.273
0
HO
False
1486727652.312
0
HO
False
1486727652.349
0
HO
False
1486727652.388
0
HO
False
1486727652.426
0
HO
False
1486727652.466
0
HO
False
1486727652.505
0
HO
False
1486727652.541
0
HO
False
1486727652.582
0
HO
False
1486727652.620
0
HO
False
1486727652.658
0
HO
False
1486727652.699
0
HO
False
1486727652.736
0
HO
False
1486727652.774
0
HO
False
1486727652.812
0
HO
False
1486727652.851
0
HO
False
1486727652.889
0
HO
False
1486727652.928
0
HO
False
1486727652.966
0
HO
False
1486727653.9
0
HO
False
1486727653.43
0
HO
False
1486727653.81
0
HO
False
1486727653.121
0
HO
False
1486727653.161
70
HB
True
1486727653.197
70
HB
True
1486727653.237
70
HB
True
1486727653.277
70
HB
True
1486727653.315
70
HB
True
1486727653.353
70
HB
True
1486727653.390
69
HB
True
1486727653.431
69
HB
True
1486727653.469
69
HB
True
1486727653.506
66
HO
True
1486727653.545
66
HO
True
1486727653.583
66
HO
True
1486727653.622
62
HA
True
1486727653.660
62
HA
True
1486727653.700
62
HA
True
1486727653.738
47
HA
True
1486727653.775
47
HA
True
1486727653.816
47
HA
True
1486727653.854
25
HA
True
1486727653.891
25
HA
True
1486727653.931
25
HA
True
1486727653.968
0
HO
False
1486727654.8
0
HO
False
1486727654.44
0
HO
False
1486727654.84
0
HO
False
1486727654.124
0
HO
False
1486727654.161
0
HO
False
1486727654.199
0
HO
False
1486727654.237
0
HO
False
1486727654.276
0
HO
False
1486727654.318
0
HO
False
1486727654.353
0
HO
False
1486727654.394
0
HO
False
1486727654.430
0
HO
False
1486727654.469
0
HO
False
1486727654.509
0
HO
False
1486727654.548
0
HO
False
1486727654.586
0
HO
False
1486727654.624
0
HO
False
1486727654.664
0
HO
False
1486727654.701
0
HO
False
1486727654.740
0
HO
False
1486727654.801
0
HO
False
1486727654.892
0
HO
False
1486727654.930
0
HO
False
1486727654.986
0
HO
False
1486727655.47
0
HO
False
1486727655.75
0
HO
False
1486727655.89
0
HO
False
1486727655.131
0
HO
False
1486727655.161
0
HO
False
1486727655.202
0
HO
False
1486727655.240
0
HO
False
1486727655.278
0
HO
False
1486727655.320
0
HO
False
1486727655.355
0
HO
False
1486727655.394
0
HO
False
1486727655.433
0
HO
False
1486727655.472
0
HO
False
1486727655.510
0
HO
False
1486727655.547
0
HO
False
1486727655.588
0
HO
False
1486727655.642
0
HO
False
1486727655.698
0
HO
False
1486727655.780
0
HO
False
1486727655.831
0
HO
False
1486727655.882
0
HO
False
1486727655.919
0
HO
False
1486727655.949
0
HO
False
1486727655.975
0
HO
False
1486727656.9
0
HO
False
1486727656.50
0
HO
False
1486727656.88
0
HO
False
1486727656.131
0
HO
False
1486727656.166
0
HO
False
1486727656.203
0
HO
False
1486727656.242
0
HO
False
1486727656.281
0
HO
False
1486727656.318
0
HO
False
1486727656.358
0
HO
False
1486727656.397
0
HO
False
1486727656.436
0
HO
False
1486727656.474
0
HO
False
1486727656.512
0
HO
False
1486727656.553
0
HO
False
1486727656.590
0
HO
False
1486727656.629
0
HO
False
1486727656.665
0
HO
False
1486727656.708
0
HO
False
1486727656.745
0
HO
False
1486727656.781
0
HO
False
1486727656.820
0
HO
False
1486727656.860
0
HO
False
1486727656.898
0
HO
False
1486727656.938
0
HO
False
1486727656.975
0
HO
False
1486727657.14
0
HO
False
1486727657.74
0
HO
False
1486727657.101
7
HA
True
1486727657.130
7
HA
True
1486727657.173
7
HA
True
1486727657.208
0
HO
False
1486727657.244
0
HO
False
1486727657.285
0
HO
False
1486727657.321
63
HA
True
1486727657.361
63
HA
True
1486727657.400
63
HA
True
1486727657.439
65
HA
True
1486727657.477
65
HA
True
1486727657.514
65
HA
True
1486727657.554
65
HA
True
1486727657.592
65
HA
True
1486727657.630
65
HA
True
1486727657.668
63
HO
True
1486727657.707
63
HO
True
1486727657.752
63
HO
True
1486727657.791
62
HO
True
1486727657.824
62
HO
True
1486727657.862
62
HO
True
1486727657.901
60
HB
True
1486727657.940
60
HB
True
1486727657.976
60
HB
True
1486727658.16
48
HB
True
1486727658.54
48
HB
True
1486727658.93
48
HB
True
1486727658.132
0
HO
False
1486727658.169
0
HO
False
1486727658.209
0
HO
False
1486727658.248
0
HO
False
1486727658.285
0
HO
False
1486727658.324
0
HO
False
1486727658.362
0
HO
False
1486727658.402
0
HO
False
1486727658.438
0
HO
False
1486727658.477
0
HO
False
1486727658.516
0
HO
False
1486727658.555
0
HO
False
1486727658.593
0
HO
False
1486727658.632
0
HO
False
1486727658.672
0
HO
False
1486727658.709
0
HO
False
1486727658.749
0
HO
False
1486727658.786
0
HO
False
1486727658.825
0
HO
False
1486727658.863
0
HO
False
1486727658.902
0
HO
False
1486727658.939
0
HO
False
1486727658.981
0
HO
False
1486727659.18
0
HO
False
1486727659.65
0
HO
False
1486727659.98
0
HO
False
1486727659.134
0
HO
False
1486727659.170
0
HO
False
1486727659.210
0
HO
False
1486727659.250
0
HO
False
1486727659.286
0
HO
False
1486727659.327
0
HO
False
1486727659.364
0
HO
False
1486727659.402
0
HO
False
1486727659.442
0
HO
False
1486727659.479
0
HO
False
1486727659.519
0
HO
False
1486727659.579
0
HO
False
1486727659.673
0
HO
False
1486727659.716
0
HO
False
1486727659.759
0
HO
False
1486727659.790
0
HO
False
1486727659.827
0
HO
False
1486727659.866
0
HO
False
1486727659.904
0
HO
False
1486727659.942
0
HO
False
1486727659.984
0
HO
False
1486727660.18
0
HO
False
1486727660.63
0
HO
False
1486727660.102
0
HO
False
1486727660.137
0
HO
False
1486727660.174
0
HO
False
1486727660.212
0
HO
False
1486727660.266
0
HO
False
1486727660.456
0
HO
False
1486727660.729
0
HO
False
1486727660.833
0
HO
False
1486727660.885
0
HO
False
1486727660.940
0
HO
False
1486727660.972
0
HO
False
1486727661.2
0
HO
False
1486727661.20
0
HO
False
1486727661.64
0
HO
False
1486727661.98
0
HO
False
1486727661.139
0
HO
False
1486727661.177
0
HO
False
1486727661.220
0
HO
False
1486727661.254
0
HO
False
1486727661.298
0
HO
False
1486727661.331
0
HO
False
1486727661.393
0
HO
False
1486727661.571
0
HO
False
1486727661.687
0
HO
False
1486727661.719
0
HO
False
1486727661.758
0
HO
False
1486727661.797
0
HO
False
1486727661.832
0
HO
False
1486727661.871
0
HO
False
1486727661.909
0
HO
False
1486727661.946
0
HO
False
1486727661.991
0
HO
False
1486727662.24
0
HO
False
1486727662.65
0
HO
False
1486727662.101
0
HO
False
1486727662.138
0
HO
False
1486727662.181
0
HO
False
1486727662.216
0
HO
False
1486727662.256
0
HO
False
1486727662.295
0
HO
False
1486727662.335
0
HO
False
1486727662.374
0
HO
False
1486727662.408
0
HO
False
1486727662.447
0
HO
False
1486727662.486
0
HO
False
1486727662.525
0
HO
False
1486727662.563
0
HO
False
1486727662.602
0
HO
False
1486727662.640
0
HO
False
1486727662.682
0
HO
False
1486727662.722
0
HO
False
1486727662.757
0
HO
False
1486727662.795
0
HO
False
1486727662.833
0
HO
False
1486727662.874
0
HO
False
1486727662.908
0
HO
False
1486727662.952
0
HO
False
1486727662.987
0
HO
False
1486727663.25
0
HO
False
1486727663.64
0
HO
False
1486727663.104
0
HO
False
1486727663.142
0
HO
False
1486727663.182
0
HO
False
1486727663.218
0
HO
False
1486727663.266
0
HO
False
1486727663.310
0
HO
False
1486727663.332
0
HO
False
1486727663.380
0
HO
False
1486727663.411
0
HO
False
1486727663.453
0
HO
False
1486727663.490
0
HO
False
1486727663.527
0
HO
False
1486727663.566
0
HO
False
1486727663.604
0
HO
False
1486727663.642
0
HO
False
1486727663.682
0
HO
False
1486727663.720
0
HO
False
1486727663.758
0
HO
False
1486727663.799
0
HO
False
1486727663.834
0
HO
False
1486727663.874
0
HO
False
1486727663.912
0
HO
False
1486727663.952
0
HO
False
1486727663.992
0
HO
False
1486727664.29
68
HB
True
1486727664.67
68
HB
True
1486727664.105
68
HB
True
1486727664.145
73
HB
True
1486727664.183
73
HB
True
1486727664.223
73
HB
True
1486727664.258
74
HB
True
1486727664.299
74
HB
True
1486727664.340
74
HB
True
1486727664.374
74
HO
True
1486727664.414
74
HO
True
1486727664.452
74
HO
True
1486727664.493
70
HA
True
1486727664.529
70
HA
True
1486727664.569
70
HA
True
1486727664.606
43
HA
True
1486727664.645
43
HA
True
1486727664.683
43
HA
True
1486727664.721
0
HO
False
1486727664.760
0
HO
False
1486727664.802
0
HO
False
1486727664.837
0
HO
False
1486727664.875
0
HO
False
1486727664.915
0
HO
False
1486727664.953
0
HO
False
1486727664.994
0
HO
False
1486727665.29
0
HO
False
1486727665.69
0
HO
False
1486727665.107
0
HO
False
1486727665.146
0
HO
False
1486727665.184
0
HO
False
1486727665.223
0
HO
False
1486727665.261
0
HO
False
1486727665.301
0
HO
False
1486727665.340
0
HO
False
1486727665.378
0
HO
False
1486727665.440
0
HO
False
1486727665.531
0
HO
False
1486727665.569
0
HO
False
1486727665.623
0
HO
False
1486727665.724
0
HO
False
1486727665.763
0
HO
False
1486727665.805
0
HO
False
1486727665.838
0
HO
False
1486727665.877
0
HO
False
1486727665.916
0
HO
False
1486727665.955
0
HO
False
1486727665.993
0
HO
False
1486727666.32
0
HO
False
1486727666.70
0
HO
False
1486727666.110
0
HO
False
1486727666.148
0
HO
False
1486727666.186
0
HO
False
1486727666.225
0
HO
False
1486727666.264
0
HO
False
1486727666.304
0
HO
False
1486727666.342
0
HO
False
1486727666.379
0
HO
False
1486727666.419
0
HO
False
1486727666.471
0
HO
False
1486727666.525
0
HO
False
1486727666.612
0
HO
False
1486727666.649
0
HO
False
1486727666.698
0
HO
False
1486727666.747
0
HO
False
1486727666.770
0
HO
False
1486727666.800
0
HO
False
1486727666.841
0
HO
False
1486727666.881
0
HO
False
1486727666.934
0
HO
False
1486727666.975
0
HO
False
1486727666.998
0
HO
False
1486727667.37
0
HO
False
1486727667.73
0
HO
False
1486727667.113
0
HO
False
1486727667.149
0
HO
False
1486727667.187
0
HO
False
1486727667.229
0
HO
False
1486727667.265
0
HO
False
1486727667.303
0
HO
False
1486727667.344
0
HO
False
1486727667.382
0
HO
False
1486727667.421
0
HO
False
1486727667.458
0
HO
False
1486727667.497
0
HO
False
1486727667.534
0
HO
False
1486727667.574
0
HO
False
1486727667.617
0
HO
False
1486727667.654
0
HO
False
1486727667.691
0
HO
False
1486727667.727
0
HO
False
1486727667.768
0
HO
False
1486727667.805
0
HO
False
1486727667.851
0
HO
False
1486727667.882
0
HO
False
1486727667.924
0
HO
False
1486727667.959
7
HA
True
1486727667.998
7
HA
True
1486727668.35
7
HA
True
1486727668.78
58
HA
True
1486727668.113
58
HA
True
1486727668.152
58
HA
True
1486727668.192
61
HA
True
1486727668.232
61
HA
True
1486727668.267
61
HA
True
1486727668.306
63
HA
True
1486727668.346
63
HA
True
1486727668.384
63
HA
True
1486727668.575
62
HO
True
1486727668.615
62
HO
True
1486727668.653
59
HB
True
1486727668.699
59
HB
True
1486727668.733
59
HB
True
1486727668.769
46
HB
True
1486727668.807
46
HB
True
1486727668.845
46
HB
True
1486727668.885
0
HO
False
1486727668.925
0
HO
False
1486727668.962
0
HO
False
1486727668.999
0
HO
False
1486727669.38
0
HO
False
1486727669.76
0
HO
False
1486727669.115
0
HO
False
1486727669.153
0
HO
False
1486727669.193
0
HO
False
1486727669.233
0
HO
False
1486727669.271
0
HO
False
1486727669.309
0
HO
False
1486727669.349
0
HO
False
1486727669.384
0
HO
False
1486727669.423
0
HO
False
1486727669.463
0
HO
False
1486727669.502
0
HO
False
1486727669.542
0
HO
False
1486727669.578
0
HO
False
1486727669.616
0
HO
False
1486727669.655
0
HO
False
1486727669.693
0
HO
False
1486727669.734
0
HO
False
1486727669.770
0
HO
False
1486727669.809
0
HO
False
1486727669.848
0
HO
False
1486727669.886
0
HO
False
1486727669.925
0
HO
False
1486727669.964
0
HO
False
1486727670.3
0
HO
False
1486727670.42
0
HO
False
1486727670.79
0
HO
False
1486727670.117
0
HO
False
1486727670.157
0
HO
False
1486727670.201
0
HO
False
1486727670.236
0
HO
False
1486727670.272
0
HO
False
1486727670.312
0
HO
False
1486727670.349
0
HO
False
1486727670.397
0
HO
False
1486727670.446
0
HO
False
1486727670.478
0
HO
False
1486727670.507
0
HO
False
1486727670.546
0
HO
False
1486727670.587
0
HO
False
1486727670.621
0
HO
False
1486727670.656
0
HO
False
1486727670.696
0
HO
False
1486727670.734
0
HO
False
1486727670.773
0
HO
False
1486727670.812
0
HO
False
1486727670.851
0
HO
False
1486727670.888
0
HO
False
1486727670.926
0
HO
False
1486727670.966
0
HO
False
1486727671.4
0
HO
False
1486727671.47
0
HO
False
1486727671.82
0
HO
False
1486727671.119
0
HO
False
1486727671.157
0
HO
False
1486727671.224
0
HO
False
1486727671.313
0
HO
False
1486727671.352
0
HO
False
1486727671.409
0
HO
False
1486727671.505
0
HO
False
1486727671.547
0
HO
False
1486727671.581
0
HO
False
1486727671.620
0
HO
False
1486727671.660
0
HO
False
1486727671.704
0
HO
False
1486727671.738
0
HO
False
1486727671.774
0
HO
False
1486727671.814
0
HO
False
1486727671.856
0
HO
False
1486727671.891
0
HO
False
1486727671.929
0
HO
False
1486727671.967
0
HO
False
1486727672.6
0
HO
False
1486727672.44
0
HO
False
1486727672.84
0
HO
False
1486727672.123
0
HO
False
1486727672.162
0
HO
False
1486727672.199
0
HO
False
1486727672.239
0
HO
False
1486727672.275
0
HO
False
1486727672.315
0
HO
False
1486727672.356
0
HO
False
1486727672.392
0
HO
False
1486727672.430
0
HO
False
1486727672.468
0
HO
False
1486727672.507
0
HO
False
1486727672.564
0
HO
False
1486727672.893
0
HO
False
1486727672.931
0
HO
False
1486727672.971
0
HO
False
1486727673.7
0
HO
False
1486727673.47
0
HO
False
1486727673.86
0
HO
False
1486727673.123
0
HO
False
1486727673.165
0
HO
False
1486727673.205
0
HO
False
1486727673.242
0
HO
False
1486727673.278
0
HO
False
1486727673.316
0
HO
False
1486727673.356
0
HO
False
1486727673.395
0
HO
False
1486727673.433
0
HO
False
1486727673.474
0
HO
False
1486727673.511
0
HO
False
1486727673.549
0
HO
False
1486727673.589
0
HO
False
1486727673.625
0
HO
False
1486727673.665
0
HO
False
1486727673.701
0
HO
False
1486727673.742
0
HO
False
1486727673.779
0
HO
False
1486727673.817
0
HO
False
1486727673.857
0
HO
False
1486727673.895
0
HO
False
1486727673.934
0
HO
False
1486727673.974
0
HO
False
1486727674.11
0
HO
False
1486727674.49
0
HO
False
1486727674.88
0
HO
False
1486727674.127
0
HO
False
1486727674.168
0
HO
False
1486727674.203
0
HO
False
1486727674.240
0
HO
False
1486727674.281
0
HO
False
1486727674.319
0
HO
False
1486727674.358
0
HO
False
1486727674.396
0
HO
False
1486727674.434
0
HO
False
1486727674.475
0
HO
False
1486727674.510
0
HO
False
1486727674.549
0
HO
False
1486727674.588
0
HO
False
1486727674.628
0
HO
False
1486727674.665
0
HO
False
1486727674.710
0
HO
False
1486727674.741
0
HO
False
1486727674.783
0
HO
False
1486727674.821
0
HO
False
1486727674.858
0
HO
False
1486727674.896
0
HO
False
1486727674.936
0
HO
False
1486727674.975
0
HO
False
1486727675.12
0
HO
False
1486727675.52
0
HO
False
1486727675.90
0
HO
False
1486727675.128
68
HB
True
1486727675.166
68
HB
True
1486727675.204
68
HB
True
1486727675.243
70
HB
True
1486727675.285
70
HB
True
1486727675.320
70
HB
True
1486727675.362
71
HO
True
1486727675.399
71
HO
True
1486727675.436
71
HO
True
1486727675.474
69
HO
True
1486727675.513
69
HO
True
1486727675.552
69
HO
True
1486727675.593
59
HA
True
1486727675.630
59
HA
True
1486727675.668
59
HA
True
1486727675.705
40
HA
True
1486727675.746
40
HA
True
1486727675.785
40
HA
True
1486727675.821
0
HO
False
1486727675.860
0
HO
False
1486727675.899
0
HO
False
1486727675.937
0
HO
False
1486727675.975
0
HO
False
1486727676.14
0
HO
False
1486727676.52
0
HO
False
1486727676.93
0
HO
False
1486727676.131
0
HO
False
1486727676.169
0
HO
False
1486727676.214
0
HO
False
1486727676.248
0
HO
False
1486727676.284
0
HO
False
1486727676.324
0
HO
False
1486727676.361
0
HO
False
1486727676.411
0
HO
False
1486727676.451
0
HO
False
1486727676.476
0
HO
False
1486727676.516
0
HO
False
1486727676.554
0
HO
False
1486727676.748
0
HO
False
1486727676.784
0
HO
False
1486727676.842
0
HO
False
1486727677.19
0
HO
False
1486727677.61
0
HO
False
1486727677.99
0
HO
False
1486727677.135
0
HO
False
1486727677.178
0
HO
False
1486727677.206
0
HO
False
1486727677.247
0
HO
False
1486727677.286
0
HO
False
1486727677.324
0
HO
False
1486727677.378
0
HO
False
1486727677.403
0
HO
False
1486727677.441
0
HO
False
1486727677.480
0
HO
False
1486727677.516
0
HO
False
1486727677.557
0
HO
False
1486727677.598
0
HO
False
1486727677.633
0
HO
False
1486727677.673
0
HO
False
1486727677.865
0
HO
False
1486727677.983
0
HO
False
1486727678.43
0
HO
False
1486727678.219
0
HO
False
1486727678.270
0
HO
False
1486727678.293
0
HO
False
1486727678.325
0
HO
False
1486727678.368
0
HO
False
1486727678.409
0
HO
False
1486727678.447
0
HO
False
1486727678.484
0
HO
False
1486727678.520
0
HO
False
1486727678.558
0
HO
False
1486727678.597
0
HO
False
1486727678.635
0
HO
False
1486727678.674
0
HO
False
1486727678.718
0
HO
False
1486727678.756
0
HO
False
1486727678.792
0
HO
False
1486727678.831
0
HO
False
1486727678.866
0
HO
False
1486727678.908
0
HO
False
1486727678.945
0
HO
False
1486727678.981
0
HO
False
1486727679.20
0
HO
False
1486727679.59
0
HO
False
1486727679.97
0
HO
False
1486727679.138
0
HO
False
1486727679.175
60
HA
True
1486727679.221
60
HA
True
1486727679.254
60
HA
True
1486727679.291
63
HA
True
1486727679.330
63
HA
True
1486727679.368
63
HA
True
1486727679.408
65
HO
True
1486727679.444
65
HO
True
1486727679.484
65
HO
True
1486727679.522
66
HO
True
1486727679.560
66
HO
True
1486727679.598
66
HO
True
1486727679.641
61
HO
True
1486727679.679
61
HO
True
1486727679.869
40
HB
True
1486727679.907
40
HB
True
1486727679.947
40
HB
True
1486727679.984
0
HO
False
1486727680.25
0
HO
False
1486727680.62
0
HO
False
1486727680.100
0
HO
False
1486727680.138
0
HO
False
1486727680.177
0
HO
False
1486727680.218
0
HO
False
1486727680.254
0
HO
False
1486727680.293
0
HO
False
1486727680.335
0
HO
False
1486727680.389
0
HO
False
1486727680.427
0
HO
False
1486727680.452
0
HO
False
1486727680.490
0
HO
False
1486727680.528
0
HO
False
1486727680.562
0
HO
False
1486727680.601
0
HO
False
1486727680.640
0
HO
False
1486727680.678
0
HO
False
1486727680.725
0
HO
False
1486727680.758
0
HO
False
1486727680.794
0
HO
False
1486727680.838
0
HO
False
1486727680.869
0
HO
False
1486727680.908
0
HO
False
1486727680.949
0
HO
False
1486727680.986
0
HO
False
1486727681.27
0
HO
False
1486727681.65
0
HO
False
1486727681.101
0
HO
False
1486727681.141
0
HO
False
1486727681.180
0
HO
False
1486727681.217
0
HO
False
1486727681.255
0
HO
False
1486727681.295
0
HO
False
1486727681.335
0
HO
False
1486727681.372
0
HO
False
1486727681.411
0
HO
False
1486727681.449
0
HO
False
1486727681.487
0
HO
False
1486727681.530
0
HO
False
1486727681.564
0
HO
False
1486727681.604
0
HO
False
1486727681.642
0
HO
False
1486727681.681
0
HO
False
1486727681.718
0
HO
False
1486727681.757
0
HO
False
1486727681.796
0
HO
False
1486727681.835
0
HO
False
1486727681.874
0
HO
False
1486727681.911
0
HO
False
1486727681.950
0
HO
False
1486727681.988
0
HO
False
1486727682.28
0
HO
False
1486727682.66
0
HO
False
1486727682.138
0
HO
False
1486727682.227
0
HO
False
1486727682.276
0
HO
False
1486727682.321
0
HO
False
1486727682.413
0
HO
False
1486727682.451
0
HO
False
1486727682.489
0
HO
False
1486727682.527
0
HO
False
1486727682.567
0
HO
False
1486727682.606
0
HO
False
1486727682.646
0
HO
False
1486727682.682
0
HO
False
1486727682.721
0
HO
False
1486727682.760
0
HO
False
1486727682.798
0
HO
False
1486727682.839
0
HO
False
1486727682.875
0
HO
False
1486727682.914
0
HO
False
1486727682.952
0
HO
False
1486727682.990
0
HO
False
1486727683.30
0
HO
False
1486727683.67
0
HO
False
1486727683.106
0
HO
False
1486727683.148
0
HO
False
1486727683.264
0
HO
False
1486727683.297
0
HO
False
1486727683.341
0
HO
False
1486727683.381
0
HO
False
1486727683.436
0
HO
False
1486727683.459
0
HO
False
1486727683.494
0
HO
False
1486727683.536
0
HO
False
1486727683.572
0
HO
False
1486727683.607
0
HO
False
1486727683.648
0
HO
False
1486727683.685
0
HO
False
1486727683.728
0
HO
False
1486727683.762
0
HO
False
1486727683.801
0
HO
False
1486727683.838
0
HO
False
1486727683.877
0
HO
False
1486727683.916
0
HO
False
1486727683.956
0
HO
False
1486727683.993
0
HO
False
1486727684.31
0
HO
False
1486727684.72
0
HO
False
1486727684.108
0
HO
False
1486727684.148
0
HO
False
1486727684.186
0
HO
False
1486727684.224
0
HO
False
1486727684.263
0
HO
False
1486727684.301
0
HO
False
1486727684.341
0
HO
False
1486727684.378
0
HO
False
1486727684.415
0
HO
False
1486727684.456
0
HO
False
1486727684.494
0
HO
False
1486727684.533
0
HO
False
1486727684.571
0
HO
False
1486727684.609
0
HO
False
1486727684.650
0
HO
False
1486727684.686
0
HO
False
1486727684.725
0
HO
False
1486727684.764
0
HO
False
1486727684.802
0
HO
False
1486727684.842
0
HO
False
1486727684.879
0
HO
False
1486727684.918
0
HO
False
1486727684.958
0
HO
False
1486727684.994
0
HO
False
1486727685.35
0
HO
False
1486727685.73
0
HO
False
1486727685.110
0
HO
False
1486727685.149
0
HO
False
1486727685.187
0
HO
False
1486727685.231
0
HO
False
1486727685.419
0
HO
False
1486727685.458
0
HO
False
1486727685.495
0
HO
False
1486727685.533
0
HO
False
1486727685.572
0
HO
False
1486727685.614
0
HO
False
1486727685.650
0
HO
False
1486727685.689
0
HO
False
1486727685.728
0
HO
False
1486727685.768
0
HO
False
1486727685.804
0
HO
False
1486727685.842
0
HO
False
1486727685.882
0
HO
False
1486727685.919
0
HO
False
1486727685.958
0
HO
False
1486727685.997
0
HO
False
1486727686.35
0
HO
False
1486727686.76
0
HO
False
1486727686.111
65
HB
True
1486727686.152
65
HB
True
1486727686.190
65
HB
True
1486727686.228
67
HB
True
1486727686.268
67
HB
True
1486727686.306
67
HB
True
1486727686.344
66
HO
True
1486727686.383
66
HO
True
1486727686.421
66
HO
True
1486727686.458
65
HO
True
1486727686.498
65
HO
True
1486727686.536
65
HO
True
1486727686.578
62
HO
True
1486727686.614
62
HO
True
1486727686.652
62
HO
True
1486727686.691
49
HA
True
1486727686.731
49
HA
True
1486727686.766
49
HA
True
1486727686.807
37
HA
True
1486727686.845
37
HA
True
1486727686.883
37
HA
True
1486727686.921
0
HO
False
1486727686.961
0
HO
False
1486727686.997
0
HO
False
1486727687.36
0
HO
False
1486727687.78
0
HO
False
1486727687.116
0
HO
False
1486727687.154
0
HO
False
1486727687.191
0
HO
False
1486727687.230
0
HO
False
1486727687.269
0
HO
False
1486727687.308
0
HO
False
1486727687.345
0
HO
False
1486727687.384
0
HO
False
1486727687.422
0
HO
False
1486727687.461
0
HO
False
1486727687.500
0
HO
False
1486727687.537
0
HO
False
1486727687.579
0
HO
False
1486727687.615
0
HO
False
1486727687.655
0
HO
False
1486727687.693
0
HO
False
1486727687.758
0
HO
False
1486727687.847
0
HO
False
1486727687.887
0
HO
False
1486727687.925
0
HO
False
1486727687.971
0
HO
False
1486727688.19
0
HO
False
1486727688.58
0
HO
False
1486727688.77
0
HO
False
1486727688.116
0
HO
False
1486727688.153
0
HO
False
1486727688.197
0
HO
False
1486727688.234
0
HO
False
1486727688.270
0
HO
False
1486727688.312
0
HO
False
1486727688.348
0
HO
False
1486727688.390
0
HO
False
1486727688.424
0
HO
False
1486727688.464
0
HO
False
1486727688.501
0
HO
False
1486727688.541
0
HO
False
1486727688.581
0
HO
False
1486727688.618
0
HO
False
1486727688.665
0
HO
False
1486727688.706
0
HO
False
1486727688.739
0
HO
False
1486727688.775
0
HO
False
1486727688.812
0
HO
False
1486727688.848
0
HO
False
1486727688.906
0
HO
False
1486727688.954
0
HO
False
1486727689.41
0
HO
False
1486727689.97
0
HO
False
1486727689.142
0
HO
False
1486727689.179
0
HO
False
1486727689.208
0
HO
False
1486727689.234
0
HO
False
1486727689.272
0
HO
False
1486727689.316
0
HO
False
1486727689.349
0
HO
False
1486727689.393
0
HO
False
1486727689.431
0
HO
False
1486727689.464
0
HO
False
1486727689.505
0
HO
False
1486727689.543
0
HO
False
1486727689.581
0
HO
False
1486727689.625
0
HO
False
1486727689.660
0
HO
False
1486727689.699
0
HO
False
1486727689.737
0
HO
False
1486727689.773
0
HO
False
1486727689.814
0
HO
False
1486727689.852
0
HO
False
1486727689.892
0
HO
False
1486727689.929
0
HO
False
1486727689.967
0
HO
False
1486727690.6
0
HO
False
1486727690.44
0
HO
False
1486727690.82
0
HO
False
1486727690.120
0
HO
False
1486727690.162
0
HO
False
1486727690.201
0
HO
False
1486727690.236
0
HO
False
1486727690.275
62
HA
True
1486727690.315
62
HA
True
1486727690.364
62
HA
True
1486727690.401
64
HA
True
1486727690.428
64
HA
True
1486727690.473
64
HA
True
1486727690.508
65
HA
True
1486727690.547
65
HA
True
1486727690.583
65
HA
True
1486727690.622
64
HO
True
1486727690.660
64
HO
True
1486727690.700
64
HO
True
1486727690.738
58
HO
True
1486727690.774
58
HO
True
1486727690.815
58
HO
True
1486727690.853
56
HO
True
1486727690.894
56
HO
True
1486727690.929
56
HO
True
1486727690.968
48
HB
True
1486727691.7
48
HB
True
1486727691.46
48
HB
True
1486727691.84
0
HO
False
1486727691.123
0
HO
False
1486727691.164
0
HO
False
1486727691.203
0
HO
False
1486727691.241
0
HO
False
1486727691.277
0
HO
False
1486727691.318
0
HO
False
1486727691.354
0
HO
False
1486727691.393
0
HO
False
1486727691.431
0
HO
False
1486727691.469
0
HO
False
1486727691.509
0
HO
False
1486727691.548
0
HO
False
1486727691.586
0
HO
False
1486727691.624
0
HO
False
1486727691.663
0
HO
False
1486727691.704
0
HO
False
1486727691.741
0
HO
False
1486727691.777
0
HO
False
1486727691.817
0
HO
False
1486727691.855
0
HO
False
1486727691.896
0
HO
False
1486727691.933
0
HO
False
1486727691.971
0
HO
False
1486727692.9
0
HO
False
1486727692.48
0
HO
False
1486727692.87
0
HO
False
1486727692.124
0
HO
False
1486727692.164
0
HO
False
1486727692.204
0
HO
False
1486727692.240
0
HO
False
1486727692.279
0
HO
False
1486727692.318
0
HO
False
1486727692.356
0
HO
False
1486727692.398
0
HO
False
1486727692.435
0
HO
False
1486727692.473
0
HO
False
1486727692.514
0
HO
False
1486727692.548
0
HO
False
1486727692.587
0
HO
False
1486727692.626
0
HO
False
1486727692.664
0
HO
False
1486727692.706
0
HO
False
1486727692.744
0
HO
False
1486727692.779
0
HO
False
1486727692.819
0
HO
False
1486727692.858
0
HO
False
1486727692.897
0
HO
False
1486727692.934
0
HO
False
1486727692.973
0
HO
False
1486727693.14
0
HO
False
1486727693.50
0
HO
False
1486727693.89
0
HO
False
1486727693.126
0
HO
False
1486727693.166
0
HO
False
1486727693.207
0
HO
False
1486727693.243
0
HO
False
1486727693.308
0
HO
False
1486727693.397
0
HO
False
1486727693.435
0
HO
False
1486727693.491
0
HO
False
1486727693.590
0
HO
False
1486727693.628
0
HO
False
1486727693.667
0
HO
False
1486727693.705
0
HO
False
1486727693.742
0
HO
False
1486727693.782
0
HO
False
1486727693.822
0
HO
False
1486727693.860
0
HO
False
1486727693.898
0
HO
False
1486727693.936
0
HO
False
1486727693.974
0
HO
False
1486727694.16
0
HO
False
1486727694.52
0
HO
False
1486727694.91
0
HO
False
1486727694.129
0
HO
False
1486727694.168
0
HO
False
1486727694.207
0
HO
False
1486727694.249
0
HO
False
1486727694.361
0
HO
False
1486727694.397
0
HO
False
1486727694.437
0
HO
False
1486727694.495
0
HO
False
1486727694.540
0
HO
False
1486727694.563
0
HO
False
1486727694.590
0
HO
False
1486727694.629
0
HO
False
1486727694.668
0
HO
False
1486727694.707
0
HO
False
1486727694.746
0
HO
False
1486727694.784
0
HO
False
1486727694.825
0
HO
False
1486727694.861
0
HO
False
1486727694.900
0
HO
False
1486727694.939
0
HO
False
1486727694.977
0
HO
False
1486727695.17
0
HO
False
1486727695.54
0
HO
False
1486727695.94
0
HO
False
1486727695.133
0
HO
False
1486727695.169
0
HO
False
1486727695.208
0
HO
False
1486727695.247
0
HO
False
1486727695.285
0
HO
False
1486727695.326
0
HO
False
1486727695.362
0
HO
False
1486727695.400
0
HO
False
1486727695.439
0
HO
False
1486727695.478
0
HO
False
1486727695.516
0
HO
False
1486727695.555
0
HO
False
1486727695.595
0
HO
False
1486727695.635
0
HO
False
1486727695.672
0
HO
False
1486727695.711
0
HO
False
1486727695.752
0
HO
False
1486727695.785
0
HO
False
1486727695.827
0
HO
False
1486727695.865
0
HO
False
1486727695.902
0
HO
False
1486727695.940
0
HO
False
1486727695.979
0
HO
False
1486727696.18
0
HO
False
1486727696.58
0
HO
False
1486727696.95
0
HO
False
1486727696.136
0
HO
False
1486727696.171
0
HO
False
1486727696.210
0
HO
False
1486727696.249
0
HO
False
1486727696.288
0
HO
False
1486727696.325
0
HO
False
1486727696.365
0
HO
False
1486727696.402
0
HO
False
1486727696.443
0
HO
False
1486727696.481
0
HO
False
1486727696.518
0
HO
False
1486727696.558
0
HO
False
1486727696.597
0
HO
False
1486727696.635
0
HO
False
1486727696.673
0
HO
False
1486727696.711
0
HO
False
1486727696.751
0
HO
False
1486727696.788
0
HO
False
1486727696.827
0
HO
False
1486727696.866
0
HO
False
1486727696.904
0
HO
False
1486727696.946
0
HO
False
1486727696.982
0
HO
False
1486727697.19
0
HO
False
1486727697.58
0
HO
False
1486727697.96
0
HO
False
1486727697.137
0
HO
False
1486727697.175
0
HO
False
1486727697.213
65
HB
True
1486727697.254
65
HB
True
1486727697.290
65
HB
True
1486727697.328
65
HB
True
1486727697.366
65
HB
True
1486727697.406
65
HB
True
1486727697.446
65
HO
True
1486727697.482
65
HO
True
1486727697.521
65
HO
True
1486727697.560
64
HO
True
1486727697.598
64
HO
True
1486727697.638
64
HO
True
1486727697.675
62
HO
True
1486727697.714
62
HO
True
1486727697.753
62
HO
True
1486727697.791
55
HA
True
1486727697.829
55
HA
True
1486727697.867
55
HA
True
1486727697.905
41
HA
True
1486727697.947
41
HA
True
1486727697.983
41
HA
True
1486727698.22
0
HO
False
1486727698.61
0
HO
False
1486727698.98
0
HO
False
1486727698.137
0
HO
False
1486727698.176
0
HO
False
1486727698.215
0
HO
False
1486727698.255
0
HO
False
1486727698.291
0
HO
False
1486727698.331
0
HO
False
1486727698.368
0
HO
False
1486727698.406
0
HO
False
1486727698.448
0
HO
False
1486727698.485
0
HO
False
1486727698.523
0
HO
False
1486727698.563
0
HO
False
1486727698.601
0
HO
False
1486727698.641
0
HO
False
1486727698.677
0
HO
False
1486727698.739
0
HO
False
1486727698.831
0
HO
False
1486727698.894
0
HO
False
1486727698.933
0
HO
False
1486727698.957
0
HO
False
1486727698.985
0
HO
False
1486727699.27
0
HO
False
1486727699.63
0
HO
False
1486727699.101
0
HO
False
1486727699.139
0
HO
False
1486727699.178
0
HO
False
1486727699.216
0
HO
False
1486727699.257
0
HO
False
1486727699.295
0
HO
False
1486727699.332
0
HO
False
1486727699.371
0
HO
False
1486727699.408
0
HO
False
1486727699.447
0
HO
False
1486727699.486
0
HO
False
1486727699.524
0
HO
False
1486727699.566
0
HO
False
1486727699.602
0
HO
False
1486727699.642
0
HO
False
1486727699.679
0
HO
False
1486727699.718
0
HO
False
1486727699.988
0
HO
False
1486727700.34
0
HO
False
1486727700.81
0
HO
False
1486727700.118
0
HO
False
1486727700.152
0
HO
False
1486727700.183
0
HO
False
1486727700.218
0
HO
False
1486727700.256
0
HO
False
1486727700.295
0
HO
False
1486727700.336
0
HO
False
1486727700.381
0
HO
False
1486727700.432
0
HO
False
1486727700.466
0
HO
False
1486727700.487
0
HO
False
1486727700.532
0
HO
False
1486727700.567
0
HO
False
1486727700.605
0
HO
False
1486727700.644
0
HO
False
1486727700.682
0
HO
False
1486727700.720
0
HO
False
1486727700.759
0
HO
False
1486727700.797
0
HO
False
1486727700.835
0
HO
False
1486727700.874
0
HO
False
1486727700.912
0
HO
False
1486727700.950
0
HO
False
1486727700.989
0
HO
False
1486727701.38
0
HO
False
1486727701.89
0
HO
False
1486727701.113
0
HO
False
1486727701.146
0
HO
False
1486727701.181
0
HO
False
1486727701.220
0
HO
False
1486727701.260
9
HO
True
1486727701.297
9
HO
True
1486727701.336
9
HO
True
1486727701.375
57
HA
True
1486727701.414
57
HA
True
1486727701.451
57
HA
True
1486727701.490
60
HA
True
1486727701.528
60
HA
True
1486727701.568
60
HA
True
1486727701.606
62
HO
True
1486727701.644
62
HO
True
1486727701.683
62
HO
True
1486727701.722
63
HO
True
1486727701.760
63
HO
True
1486727701.798
63
HO
True
1486727701.837
62
HO
True
1486727701.877
62
HO
True
1486727701.915
62
HO
True
1486727701.953
57
HO
True
1486727701.991
57
HO
True
1486727702.30
57
HO
True
1486727702.69
47
HB
True
1486727702.108
47
HB
True
1486727702.148
47
HB
True
1486727702.185
0
HO
False
1486727702.223
0
HO
False
1486727702.262
0
HO
False
1486727702.299
0
HO
False
1486727702.338
0
HO
False
1486727702.376
0
HO
False
1486727702.415
0
HO
False
1486727702.453
0
HO
False
1486727702.492
0
HO
False
1486727702.530
0
HO
False
1486727702.570
0
HO
False
1486727702.608
0
HO
False
1486727702.647
0
HO
False
1486727702.686
0
HO
False
1486727702.725
0
HO
False
1486727702.763
0
HO
False
1486727702.800
0
HO
False
1486727702.840
0
HO
False
1486727702.879
0
HO
False
1486727702.916
0
HO
False
1486727702.956
0
HO
False
1486727702.994
0
HO
False
1486727703.31
0
HO
False
1486727703.71
0
HO
False
1486727703.109
0
HO
False
1486727703.148
0
HO
False
1486727703.185
0
HO
False
1486727703.225
0
HO
False
1486727703.263
0
HO
False
1486727703.302
0
HO
False
1486727703.340
0
HO
False
1486727703.379
0
HO
False
1486727703.418
0
HO
False
1486727703.455
0
HO
False
1486727703.495
0
HO
False
1486727703.532
0
HO
False
1486727703.572
0
HO
False
1486727703.610
0
HO
False
1486727703.648
0
HO
False
1486727703.687
0
HO
False
1486727703.726
0
HO
False
1486727703.764
0
HO
False
1486727703.803
0
HO
False
1486727703.840
0
HO
False
1486727703.879
0
HO
False
1486727703.918
0
HO
False
1486727703.957
0
HO
False
1486727703.996
0
HO
False
1486727704.33
0
HO
False
1486727704.73
0
HO
False
1486727704.112
0
HO
False
1486727704.149
0
HO
False
1486727704.189
0
HO
False
1486727704.226
0
HO
False
1486727704.265
0
HO
False
1486727704.319
0
HO
False
1486727704.419
0
HO
False
1486727704.458
0
HO
False
1486727704.499
0
HO
False
1486727704.557
0
HO
False
1486727704.651
0
HO
False
1486727704.689
0
HO
False
1486727704.728
0
HO
False
1486727704.767
0
HO
False
1486727704.805
0
HO
False
1486727704.844
0
HO
False
1486727704.885
0
HO
False
1486727704.921
0
HO
False
1486727704.959
0
HO
False
1486727704.998
0
HO
False
1486727705.36
0
HO
False
1486727705.75
0
HO
False
1486727705.114
0
HO
False
1486727705.152
0
HO
False
1486727705.191
0
HO
False
1486727705.229
0
HO
False
1486727705.268
0
HO
False
1486727705.306
0
HO
False
1486727705.345
0
HO
False
1486727705.403
0
HO
False
1486727705.575
0
HO
False
1486727705.615
0
HO
False
1486727705.672
0
HO
False
1486727705.720
0
HO
False
1486727705.744
0
HO
False
1486727705.766
0
HO
False
1486727705.806
0
HO
False
1486727705.847
0
HO
False
1486727705.884
0
HO
False
1486727705.923
0
HO
False
1486727705.961
0
HO
False
1486727705.999
0
HO
False
1486727706.37
0
HO
False
1486727706.77
0
HO
False
1486727706.116
0
HO
False
1486727706.154
0
HO
False
1486727706.192
0
HO
False
1486727706.231
0
HO
False
1486727706.269
0
HO
False
1486727706.308
0
HO
False
1486727706.347
0
HO
False
1486727706.385
0
HO
False
1486727706.424
0
HO
False
1486727706.462
0
HO
False
1486727706.500
0
HO
False
1486727706.541
0
HO
False
1486727706.579
0
HO
False
1486727706.616
0
HO
False
1486727706.656
0
HO
False
1486727706.694
0
HO
False
1486727706.732
0
HO
False
1486727706.771
0
HO
False
1486727706.810
0
HO
False
1486727706.847
0
HO
False
1486727706.886
0
HO
False
1486727706.924
0
HO
False
1486727706.963
0
HO
False
1486727707.2
0
HO
False
1486727707.39
0
HO
False
1486727707.79
0
HO
False
1486727707.117
0
HO
False
1486727707.156
0
HO
False
1486727707.195
0
HO
False
1486727707.233
0
HO
False
1486727707.271
0
HO
False
1486727707.310
0
HO
False
1486727707.348
0
HO
False
1486727707.388
0
HO
False
1486727707.435
0
HO
False
1486727707.463
0
HO
False
1486727707.506
0
HO
False
1486727707.541
0
HO
False
1486727707.581
0
HO
False
1486727707.618
0
HO
False
1486727707.659
0
HO
False
1486727707.696
0
HO
False
1486727707.734
0
HO
False
1486727707.789
0
HO
False
1486727707.809
0
HO
False
1486727707.851
0
HO
False
1486727707.888
0
HO
False
1486727707.927
0
HO
False
1486727707.966
0
HO
False
1486727708.5
0
HO
False
1486727708.44
0
HO
False
1486727708.82
0
HO
False
1486727708.120
0
HO
False
1486727708.159
0
HO
False
1486727708.199
0
HO
False
1486727708.235
0
HO
False
1486727708.275
0
HO
False
1486727708.313
0
HO
False
1486727708.352
0
HO
False
1486727708.389
0
HO
False
1486727708.429
62
HB
True
1486727708.467
62
HB
True
1486727708.505
62
HB
True
1486727708.544
63
HB
True
1486727708.584
63
HB
True
1486727708.621
63
HB
True
1486727708.658
62
HB
True
1486727708.699
62
HB
True
1486727708.736
62
HB
True
1486727708.775
61
HO
True
1486727708.815
61
HO
True
1486727708.852
61
HO
True
1486727708.890
61
HO
True
1486727708.929
61
HO
True
1486727708.968
61
HO
True
1486727709.7
62
HO
True
1486727709.46
62
HO
True
1486727709.83
62
HO
True
1486727709.122
55
HA
True
1486727709.161
55
HA
True
1486727709.199
55
HA
True
1486727709.238
46
HA
True
1486727709.279
46
HA
True
1486727709.315
46
HA
True
1486727709.354
0
HO
False
1486727709.391
0
HO
False
1486727709.431
0
HO
False
1486727709.469
0
HO
False
1486727709.507
0
HO
False
1486727709.546
0
HO
False
1486727709.586
0
HO
False
1486727709.624
0
HO
False
1486727709.662
0
HO
False
1486727709.700
0
HO
False
1486727709.738
0
HO
False
1486727709.777
0
HO
False
1486727709.816
0
HO
False
1486727709.856
0
HO
False
1486727709.893
0
HO
False
1486727709.931
0
HO
False
1486727709.969
0
HO
False
1486727710.8
0
HO
False
1486727710.47
0
HO
False
1486727710.85
0
HO
False
1486727710.125
0
HO
False
1486727710.164
0
HO
False
1486727710.203
0
HO
False
1486727710.241
0
HO
False
1486727710.279
0
HO
False
1486727710.317
0
HO
False
1486727710.373
0
HO
False
1486727710.394
0
HO
False
1486727710.437
0
HO
False
1486727710.551
0
HO
False
1486727710.588
0
HO
False
1486727710.637
0
HO
False
1486727710.748
0
HO
False
1486727710.780
0
HO
False
1486727710.819
0
HO
False
1486727710.858
0
HO
False
1486727710.894
0
HO
False
1486727710.933
0
HO
False
1486727710.973
0
HO
False
1486727711.11
0
HO
False
1486727711.50
0
HO
False
1486727711.86
0
HO
False
1486727711.126
0
HO
False
1486727711.166
0
HO
False
1486727711.204
0
HO
False
1486727711.243
0
HO
False
1486727711.280
0
HO
False
1486727711.319
0
HO
False
1486727711.360
0
HO
False
1486727711.396
0
HO
False
1486727711.435
0
HO
False
1486727711.472
0
HO
False
1486727711.512
0
HO
False
1486727711.554
0
HO
False
1486727711.587
0
HO
False
1486727711.626
0
HO
False
1486727711.668
0
HO
False
1486727711.704
0
HO
False
1486727711.743
0
HO
False
1486727711.781
0
HO
False
1486727711.820
0
HO
False
1486727711.861
0
HO
False
1486727711.899
0
HO
False
1486727711.935
0
HO
False
1486727711.974
0
HO
False
1486727712.13
0
HO
False
1486727712.51
0
HO
False
1486727712.91
0
HO
False
1486727712.128
0
HO
False
1486727712.168
0
HO
False
1486727712.206
0
HO
False
1486727712.251
0
HO
False
1486727712.285
0
HO
False
1486727712.321
0
HO
False
1486727712.361
0
HO
False
1486727712.398
0
HO
False
1486727712.440
0
HO
False
1486727712.479
0
HO
False
1486727712.512
0
HO
False
1486727712.556
0
HO
False
1486727712.591
0
HO
False
1486727712.630
0
HO
False
1486727712.671
0
HO
False
1486727712.707
0
HO
False
1486727712.746
0
HO
False
1486727712.786
0
HO
False
1486727712.822
0
HO
False
1486727712.863
0
HO
False
1486727712.903
0
HO
False
1486727712.937
0
HO
False
1486727712.977
0
HO
False
1486727713.15
0
HO
False
1486727713.53
0
HO
False
1486727713.91
0
HO
False
1486727713.133
0
HO
False
1486727713.172
0
HO
False
1486727713.209
0
HO
False
1486727713.247
0
HO
False
1486727713.283
0
HO
False
1486727713.323
0
HO
False
1486727713.363
0
HO
False
1486727713.399
0
HO
False
1486727713.440
0
HO
False
1486727713.479
0
HO
False
1486727713.515
0
HO
False
1486727713.556
0
HO
False
1486727713.594
0
HO
False
1486727713.631
0
HO
False
1486727713.671
0
HO
False
1486727713.708
0
HO
False
1486727713.751
0
HO
False
1486727713.787
0
HO
False
1486727713.824
0
HO
False
1486727713.864
0
HO
False
1486727713.900
0
HO
False
1486727713.939
0
HO
False
1486727713.979
0
HO
False
1486727714.16
0
HO
False
1486727714.56
0
HO
False
1486727714.94
0
HO
False
1486727714.132
0
HO
False
1486727714.175
0
HO
False
1486727714.209
0
HO
False
1486727714.248
0
HO
False
1486727714.287
0
HO
False
1486727714.326
0
HO
False
1486727714.364
0
HO
False
1486727714.402
0
HO
False
1486727714.442
0
HO
False
1486727714.480
0
HO
False
1486727714.517
0
HO
False
1486727714.557
0
HO
False
1486727714.595
0
HO
False
1486727714.634
0
HO
False
1486727714.674
0
HO
False
1486727714.713
0
HO
False
1486727714.749
0
HO
False
1486727714.788
0
HO
False
1486727714.826
0
HO
False
1486727714.865
0
HO
False
1486727714.903
0
HO
False
1486727714.942
0
HO
False
1486727714.983
0
HO
False
1486727715.19
0
HO
False
1486727715.57
0
HO
False
1486727715.97
0
HO
False
1486727715.135
0
HO
False
1486727715.173
0
HO
False
1486727715.213
0
HO
False
1486727715.257
0
HO
False
1486727715.291
0
HO
False
1486727715.327
0
HO
False
1486727715.366
0
HO
False
1486727715.405
0
HO
False
1486727715.442
0
HO
False
1486727715.483
0
HO
False
1486727715.519
0
HO
False
1486727715.561
0
HO
False
1486727715.599
0
HO
False
1486727715.636
0
HO
False
1486727715.674
0
HO
False
1486727715.713
0
HO
False
1486727715.751
0
HO
False
1486727715.792
0
HO
False
1486727715.829
0
HO
False
1486727715.866
0
HO
False
1486727715.905
0
HO
False
1486727715.944
0
HO
False
1486727715.985
0
HO
False
1486727716.23
0
HO
False
1486727716.59
0
HO
False
1486727716.100
0
HO
False
1486727716.136
0
HO
False
1486727716.176
0
HO
False
1486727716.213
0
HO
False
1486727716.252
0
HO
False
1486727716.293
0
HO
False
1486727716.330
0
HO
False
1486727716.367
0
HO
False
1486727716.406
0
HO
False
1486727716.445
0
HO
False
1486727716.483
0
HO
False
1486727716.523
0
HO
False
1486727716.561
0
HO
False
1486727716.684
0
HO
False
1486727716.881
0
HO
False
1486727716.997
0
HO
False
1486727717.112
0
HO
False
1486727717.227
0
HO
False
1486727717.339
0
HO
False
1486727717.463
0
HO
False
1486727717.583
0
HO
False
1486727717.687
0
HO
False
1486727717.873
0
HO
False
1486727717.937
0
HO
False
1486727717.973
0
HO
False
1486727718.144
0
HO
False
1486727718.199
0
HO
False
1486727718.235
0
HO
False
1486727718.272
0
HO
False
1486727718.309
0
HO
False
1486727718.341
0
HO
False
1486727718.379
0
HO
False
1486727718.426
0
HO
False
1486727718.465
0
HO
False
1486727718.498
0
HO
False
1486727718.533
0
HO
False
1486727718.591
0
HO
False
1486727718.618
0
HO
False
1486727718.685
0
HO
False
1486727718.783
0
HO
False
1486727718.901
0
HO
False
1486727719.250
0
HO
False
1486727719.275
0
HO
False
1486727719.454
0
HO
False
1486727719.521
0
HO
False
1486727719.605
0
HO
False
1486727719.643
0
HO
False
1486727719.682
0
HO
False
1486727719.723
0
HO
False
1486727719.769
0
HO
False
1486727719.801
0
HO
False
1486727719.837
0
HO
False
1486727719.875
0
HO
False
1486727719.915
0
HO
False
1486727719.952
0
HO
False
