1486730994.662
0
HO
False
1486730994.769
0
HO
False
1486730994.893
0
HO
False
1486730994.991
0
HO
False
1486730995.106
0
HO
False
1486730995.151
0
HO
False
1486730995.183
0
HO
False
1486730995.315
0
HO
False
1486730995.339
0
HO
False
1486730995.378
0
HO
False
1486730995.416
0
HO
False
1486730995.456
0
HO
False
1486730995.489
0
HO
False
1486730995.527
0
HO
False
1486730995.569
0
HO
False
1486730995.606
0
HO
False
1486730995.743
0
HO
False
1486730995.841
0
HO
False
1486730995.888
0
HO
False
1486730995.921
0
HO
False
1486730995.957
0
HO
False
1486730995.990
0
HO
False
1486730996.178
0
HO
False
1486730996.216
0
HO
False
1486730996.255
0
HO
False
1486730996.294
0
HO
False
1486730996.333
0
HO
False
1486730996.386
0
HO
False
1486730996.651
0
HO
False
1486730996.679
0
HO
False
1486730996.717
0
HO
False
1486730996.757
0
HO
False
1486730996.795
0
HO
False
1486730996.836
0
HO
False
1486730996.871
0
HO
False
1486730996.911
0
HO
False
1486730996.950
0
HO
False
1486730996.988
0
HO
False
1486730997.27
0
HO
False
1486730997.64
0
HO
False
1486730997.103
0
HO
False
1486730997.141
0
HO
False
1486730997.180
