1486751876.217
0
HO
False
1486751876.363
0
HO
False
1486751876.383
0
HO
False
1486751876.645
0
HO
False
1486751876.706
0
HO
False
1486751876.808
0
HO
False
1486751876.854
0
HO
False
1486751876.957
0
HO
False
1486751876.993
0
HO
False
1486751877.45
0
HO
False
1486751877.70
0
HO
False
1486751877.100
0
HO
False
1486751877.141
0
HO
False
1486751877.178
0
HO
False
1486751877.217
0
HO
False
1486751877.255
0
HO
False
1486751877.295
0
HO
False
1486751877.333
0
HO
False
1486751877.400
0
HO
False
1486751877.495
0
HO
False
1486751877.543
0
HO
False
1486751877.646
0
HO
False
1486751877.684
0
HO
False
1486751877.720
0
HO
False
1486751877.756
0
HO
False
1486751877.795
0
HO
False
1486751877.834
0
HO
False
1486751877.873
0
HO
False
1486751877.911
0
HO
False
1486751877.950
0
HO
False
1486751877.988
0
HO
False
1486751878.26
0
HO
False
1486751878.65
0
HO
False
1486751878.104
0
HO
False
1486751878.142
0
HO
False
1486751878.181
0
HO
False
1486751878.219
0
HO
False
1486751878.257
0
HO
False
1486751878.296
0
HO
False
1486751878.334
0
HO
False
1486751878.373
0
HO
False
1486751878.412
0
HO
False
1486751878.450
0
HO
False
1486751878.489
0
HO
False
1486751878.528
0
HO
False
1486751878.566
0
HO
False
1486751878.605
0
HO
False
1486751878.643
0
HO
False
1486751878.707
0
HO
False
1486751878.807
0
HO
False
1486751878.853
0
HO
False
1486751878.953
0
HO
False
1486751879.11
0
HO
False
1486751879.117
0
HO
False
1486751879.175
0
HO
False
1486751879.265
0
HO
False
1486751879.324
0
HO
False
1486751879.350
0
HO
False
1486751879.455
0
HO
False
1486751879.515
0
HO
False
1486751879.554
0
HO
False
1486751879.600
0
HO
False
1486751879.684
0
HO
False
1486751879.746
0
HO
False
1486751879.846
0
HO
False
1486751879.891
0
HO
False
1486751879.933
0
HO
False
1486751879.980
0
HO
False
1486751880.12
0
HO
False
1486751880.116
0
HO
False
1486751880.166
0
HO
False
1486751880.274
0
HO
False
1486751880.325
0
HO
False
1486751880.425
0
HO
False
1486751880.466
0
HO
False
1486751880.514
0
HO
False
1486751880.556
0
HO
False
1486751880.614
0
HO
False
1486751880.705
0
HO
False
1486751880.749
0
HO
False
1486751880.804
0
HO
False
1486751880.887
0
HO
False
1486751880.931
0
HO
False
1486751880.977
0
HO
False
1486751881.93
0
HO
False
1486751881.197
0
HO
False
1486751881.239
0
HO
False
1486751881.294
0
HO
False
1486751881.385
0
HO
False
1486751881.436
0
HO
False
1486751881.482
0
HO
False
1486751881.576
0
HO
False
1486751881.629
0
HO
False
1486751881.678
0
HO
False
1486751881.771
0
HO
False
1486751881.819
0
HO
False
1486751881.866
0
HO
False
1486751881.906
0
HO
False
1486751882.19
0
HO
False
1486751882.51
0
HO
False
1486751882.75
0
HO
False
1486751882.117
0
HO
False
1486751882.157
0
HO
False
1486751882.190
0
HO
False
1486751882.228
0
HO
False
1486751882.266
0
HO
False
1486751882.305
0
HO
False
1486751882.343
0
HO
False
1486751882.381
0
HO
False
1486751882.420
0
HO
False
1486751882.460
0
HO
False
1486751882.497
0
HO
False
1486751882.536
0
HO
False
1486751882.575
0
HO
False
1486751882.615
0
HO
False
1486751882.651
0
HO
False
1486751882.691
0
HO
False
1486751882.729
0
HO
False
1486751882.768
0
HO
False
1486751882.807
0
HO
False
1486751882.844
0
HO
False
1486751882.882
0
HO
False
1486751882.922
0
HO
False
1486751882.960
0
HO
False
1486751882.998
0
HO
False
1486751883.37
0
HO
False
1486751883.76
0
HO
False
1486751883.116
0
HO
False
1486751883.154
0
HO
False
1486751883.192
0
HO
False
1486751883.230
0
HO
False
1486751883.364
0
HO
False
1486751883.469
0
HO
False
1486751883.583
0
HO
False
1486751883.643
0
HO
False
1486751883.742
0
HO
False
1486751883.790
0
HO
False
1486751883.824
0
HO
False
1486751883.872
0
HO
False
1486751883.909
0
HO
False
1486751883.945
0
HO
False
1486751883.973
0
HO
False
1486751884.14
0
HO
False
1486751884.58
0
HO
False
1486751884.95
60
HA
True
1486751932.151
0
HO
False
1486751932.258
0
HO
False
1486751932.379
0
HO
False
1486751932.493
0
HO
False
1486751932.545
0
HO
False
1486751932.718
0
HO
False
1486751932.769
0
HO
False
1486751932.798
0
HO
False
1486751932.836
0
HO
False
1486751932.872
0
HO
False
1486751932.932
0
HO
False
1486751933.40
0
HO
False
1486751933.147
0
HO
False
1486751933.201
0
HO
False
1486751933.233
0
HO
False
1486751933.256
0
HO
False
1486751933.298
0
HO
False
1486751933.334
0
HO
False
1486751933.372
0
HO
False
1486751933.411
0
HO
False
1486751933.450
0
HO
False
1486751933.488
0
HO
False
1486751933.528
0
HO
False
1486751933.565
0
HO
False
1486751933.605
0
HO
False
1486751933.643
0
HO
False
1486751933.682
0
HO
False
1486751933.721
0
HO
False
1486751933.758
0
HO
False
1486751933.796
0
HO
False
1486751933.835
0
HO
False
1486751933.879
0
HO
False
1486751933.915
0
HO
False
1486751933.954
0
HO
False
1486751933.990
0
HO
False
1486751934.29
0
HO
False
1486751934.67
0
HO
False
1486751934.105
0
HO
False
1486751934.145
0
HO
False
1486751934.182
0
HO
False
1486751934.238
0
HO
False
1486751934.274
0
HO
False
1486751934.301
0
HO
False
1486751934.344
0
HO
False
1486751934.379
0
HO
False
1486751934.414
0
HO
False
1486751934.452
0
HO
False
1486751934.497
0
HO
False
1486751934.538
0
HO
False
1486751934.593
0
HO
False
1486751934.620
0
HO
False
1486751934.644
0
HO
False
1486751934.688
0
HO
False
1486751934.727
0
HO
False
1486751934.762
0
HO
False
1486751934.799
0
HO
False
1486751934.838
0
HO
False
1486751934.876
0
HO
False
1486751934.914
0
HO
False
1486751934.953
0
HO
False
1486751934.992
0
HO
False
1486751935.31
0
HO
False
1486751935.68
0
HO
False
1486751935.107
0
HO
False
1486751935.146
0
HO
False
1486751935.184
0
HO
False
1486751935.306
0
HO
False
1486751935.352
0
HO
False
1486751935.457
0
HO
False
1486751935.508
0
HO
False
1486751935.548
0
HO
False
1486751935.650
0
HO
False
1486751935.704
0
HO
False
1486751935.806
0
HO
False
1486751935.926
0
HO
False
1486751935.967
0
HO
False
1486751936.14
0
HO
False
1486751936.117
0
HO
False
1486751936.163
0
HO
False
1486751936.208
0
HO
False
1486751936.264
0
HO
False
1486751936.427
0
HO
False
1486751936.471
0
HO
False
1486751936.577
0
HO
False
1486751936.629
0
HO
False
1486751936.674
0
HO
False
1486751936.711
0
HO
False
1486751936.805
0
HO
False
1486751936.858
0
HO
False
1486751936.901
0
HO
False
1486751937.5
0
HO
False
1486751937.48
0
HO
False
1486751937.86
0
HO
False
1486751937.146
0
HO
False
1486751937.247
0
HO
False
1486751937.291
0
HO
False
1486751937.384
0
HO
False
1486751937.441
0
HO
False
1486751937.535
0
HO
False
1486751937.598
0
HO
False
1486751937.634
0
HO
False
1486751937.735
0
HO
False
1486751937.776
0
HO
False
1486751937.883
0
HO
False
1486751937.937
0
HO
False
1486751937.973
0
HO
False
1486751938.7
0
HO
False
1486751938.46
0
HO
False
1486751938.155
0
HO
False
1486751938.223
0
HO
False
1486751938.259
0
HO
False
1486751938.356
0
HO
False
1486751938.399
0
HO
False
1486751938.520
0
HO
False
1486751938.547
0
HO
False
1486751938.574
0
HO
False
1486751938.616
0
HO
False
1486751938.655
0
HO
False
1486751938.692
0
HO
False
1486751938.730
0
HO
False
1486751938.769
0
HO
False
1486751938.807
0
HO
False
1486751938.846
0
HO
False
1486751938.884
0
HO
False
1486751938.923
0
HO
False
1486751938.963
0
HO
False
1486751938.999
0
HO
False
1486751939.38
0
HO
False
1486751939.86
0
HO
False
1486751939.126
0
HO
False
1486751939.165
0
HO
False
1486751939.197
0
HO
False
1486751939.240
0
HO
False
1486751939.272
0
HO
False
1486751939.308
0
HO
False
1486751939.347
0
HO
False
1486751939.386
0
HO
False
1486751939.424
0
HO
False
1486751939.464
0
HO
False
1486751939.505
0
HO
False
1486751939.541
0
HO
False
1486751939.578
0
HO
False
1486751939.616
0
HO
False
1486751939.656
0
HO
False
1486751939.693
0
HO
False
1486751939.732
0
HO
False
1486751939.772
0
HO
False
1486751939.810
0
HO
False
1486751939.848
0
HO
False
1486751939.886
0
HO
False
1486751939.925
0
HO
False
1486751939.965
0
HO
False
1486751940.1
0
HO
False
1486751940.41
0
HO
False
1486751940.78
0
HO
False
1486751940.118
0
HO
False
1486751940.156
0
HO
False
1486751940.195
0
HO
False
1486751940.232
0
HO
False
1486751940.273
0
HO
False
1486751940.310
0
HO
False
1486751940.348
0
HO
False
1486751940.388
0
HO
False
1486751940.427
0
HO
False
1486751940.464
0
HO
False
1486751940.503
0
HO
False
1486751940.541
0
HO
False
1486751940.669
0
HO
False
1486751940.786
0
HO
False
1486751940.904
0
HO
False
1486751941.4
0
HO
False
1486751941.60
0
HO
False
1486751941.110
0
HO
False
1486751941.205
0
HO
False
1486751941.247
0
HO
False
1486751941.286
0
HO
False
1486751941.345
0
HO
False
1486751941.375
0
HO
False
1486751941.433
0
HO
False
1486751941.524
0
HO
False
1486751941.574
0
HO
False
1486751941.745
0
HO
False
1486751941.803
64
HA
True
1486751941.893
64
HA
True
1486751941.956
64
HA
True
1486751941.986
64
HA
True
1486751942.5
61
HO
True
1486751942.52
61
HO
True
1486751942.90
61
HO
True
1486751942.121
59
HB
True
1486751942.161
59
HB
True
1486751942.199
59
HB
True
1486751942.244
60
HB
True
1486751942.277
60
HB
True
1486751942.314
60
HB
True
1486751942.355
18
HB
True
1486751942.393
18
HB
True
1486751942.430
18
HB
True
1486751942.469
0
HO
False
1486751942.507
0
HO
False
1486751942.547
0
HO
False
1486751942.586
0
HO
False
1486751942.623
0
HO
False
1486751942.661
0
HO
False
1486751942.700
0
HO
False
1486751942.738
0
HO
False
1486751942.777
0
HO
False
1486751942.815
0
HO
False
1486751942.854
0
HO
False
1486751942.893
0
HO
False
1486751942.932
0
HO
False
1486751942.970
0
HO
False
1486751943.7
0
HO
False
1486751943.47
0
HO
False
1486751943.88
0
HO
False
1486751943.123
0
HO
False
1486751943.161
0
HO
False
1486751943.202
0
HO
False
1486751943.240
0
HO
False
1486751943.279
0
HO
False
1486751943.316
0
HO
False
1486751943.356
0
HO
False
1486751943.410
0
HO
False
1486751943.468
0
HO
False
1486751943.550
0
HO
False
1486751943.603
0
HO
False
1486751943.630
0
HO
False
1486751943.662
0
HO
False
1486751943.704
0
HO
False
1486751943.747
0
HO
False
1486751943.779
0
HO
False
1486751943.818
0
HO
False
1486751943.856
0
HO
False
1486751943.896
0
HO
False
1486751943.933
0
HO
False
1486751943.972
0
HO
False
1486751944.9
0
HO
False
1486751944.49
0
HO
False
1486751944.87
0
HO
False
1486751944.127
0
HO
False
1486751944.164
0
HO
False
1486751944.203
0
HO
False
1486751944.242
0
HO
False
1486751944.280
0
HO
False
1486751944.319
0
HO
False
1486751944.357
0
HO
False
1486751944.396
0
HO
False
1486751944.434
0
HO
False
1486751944.472
0
HO
False
1486751944.511
0
HO
False
1486751944.550
0
HO
False
1486751944.588
0
HO
False
1486751944.626
0
HO
False
1486751944.666
0
HO
False
1486751944.705
0
HO
False
1486751944.742
0
HO
False
1486751944.780
0
HO
False
1486751944.820
0
HO
False
1486751944.857
0
HO
False
1486751944.899
0
HO
False
1486751944.935
0
HO
False
1486751944.974
0
HO
False
1486751945.12
0
HO
False
1486751945.51
0
HO
False
1486751945.90
0
HO
False
1486751945.128
0
HO
False
1486751945.166
0
HO
False
1486751945.207
0
HO
False
1486751945.251
0
HO
False
1486751945.282
0
HO
False
1486751945.337
0
HO
False
1486751945.383
0
HO
False
1486751945.479
0
HO
False
1486751945.541
0
HO
False
1486751945.564
0
HO
False
1486751945.588
0
HO
False
1486751945.629
0
HO
False
1486751945.668
0
HO
False
1486751945.707
0
HO
False
1486751945.744
0
HO
False
1486751945.782
0
HO
False
1486751945.821
0
HO
False
1486751945.860
0
HO
False
1486751945.899
0
HO
False
1486751945.937
0
HO
False
1486751945.976
0
HO
False
1486751946.14
0
HO
False
1486751946.53
0
HO
False
1486751946.91
0
HO
False
1486751946.130
0
HO
False
1486751946.169
0
HO
False
1486751946.208
0
HO
False
1486751946.245
0
HO
False
1486751946.285
0
HO
False
1486751946.323
0
HO
False
1486751946.361
0
HO
False
1486751946.400
0
HO
False
1486751946.439
0
HO
False
1486751946.476
0
HO
False
1486751946.516
0
HO
False
1486751946.554
0
HO
False
1486751946.593
0
HO
False
1486751946.631
0
HO
False
1486751946.669
0
HO
False
1486751946.708
0
HO
False
1486751946.753
0
HO
False
1486751946.786
0
HO
False
1486751946.824
0
HO
False
1486751946.862
0
HO
False
1486751946.902
0
HO
False
1486751946.939
0
HO
False
1486751946.978
0
HO
False
1486751947.16
0
HO
False
1486751947.54
0
HO
False
1486751947.94
61
HB
True
1486751947.131
61
HB
True
1486751947.170
61
HB
True
1486751947.209
63
HO
True
1486751947.247
63
HO
True
1486751947.287
63
HO
True
1486751947.325
67
HO
True
1486751947.364
67
HO
True
1486751947.402
67
HO
True
1486751947.443
68
HA
True
1486751947.478
68
HA
True
1486751947.517
68
HA
True
1486751947.556
56
HA
True
1486751947.594
56
HA
True
1486751947.634
56
HA
True
1486751947.672
0
HO
False
1486751947.711
0
HO
False
1486751947.748
0
HO
False
1486751947.787
0
HO
False
1486751947.826
0
HO
False
1486751947.864
0
HO
False
1486751947.904
0
HO
False
1486751947.941
0
HO
False
1486751947.980
0
HO
False
1486751948.19
0
HO
False
1486751948.59
0
HO
False
1486751948.96
0
HO
False
1486751948.135
0
HO
False
1486751948.173
0
HO
False
1486751948.228
0
HO
False
1486751948.327
0
HO
False
1486751948.389
0
HO
False
1486751948.434
0
HO
False
1486751948.451
0
HO
False
1486751948.484
0
HO
False
1486751948.520
0
HO
False
1486751948.558
0
HO
False
1486751948.597
0
HO
False
1486751948.635
0
HO
False
1486751948.674
0
HO
False
1486751948.713
0
HO
False
1486751948.750
0
HO
False
1486751948.789
0
HO
False
1486751948.827
0
HO
False
1486751948.866
0
HO
False
1486751948.905
0
HO
False
1486751948.944
0
HO
False
1486751948.982
0
HO
False
1486751949.21
0
HO
False
1486751949.72
0
HO
False
1486751949.111
0
HO
False
1486751949.153
0
HO
False
1486751949.182
0
HO
False
1486751949.212
0
HO
False
1486751949.252
0
HO
False
1486751949.291
0
HO
False
1486751949.329
0
HO
False
1486751949.368
0
HO
False
1486751949.405
0
HO
False
1486751949.445
0
HO
False
1486751949.483
0
HO
False
1486751949.522
0
HO
False
1486751949.559
0
HO
False
1486751949.599
0
HO
False
1486751949.637
0
HO
False
1486751949.676
0
HO
False
1486751949.714
0
HO
False
1486751949.760
0
HO
False
1486751949.791
0
HO
False
1486751949.830
0
HO
False
1486751949.869
0
HO
False
1486751949.908
0
HO
False
1486751949.947
0
HO
False
1486751949.985
0
HO
False
1486751950.22
0
HO
False
1486751950.61
0
HO
False
1486751950.99
0
HO
False
1486751950.139
0
HO
False
1486751950.200
0
HO
False
1486751950.292
0
HO
False
1486751950.348
0
HO
False
1486751950.447
0
HO
False
1486751950.486
0
HO
False
1486751950.524
0
HO
False
1486751950.563
0
HO
False
1486751950.601
0
HO
False
1486751950.639
0
HO
False
1486751950.678
0
HO
False
1486751950.717
0
HO
False
1486751950.755
0
HO
False
1486751950.793
0
HO
False
1486751950.833
0
HO
False
1486751950.871
0
HO
False
1486751950.910
0
HO
False
1486751950.948
0
HO
False
1486751950.987
0
HO
False
1486751951.25
0
HO
False
1486751951.64
0
HO
False
1486751951.103
0
HO
False
1486751951.141
0
HO
False
1486751951.178
0
HO
False
1486751951.218
0
HO
False
1486751951.263
0
HO
False
1486751951.295
0
HO
False
1486751951.334
0
HO
False
1486751951.372
0
HO
False
1486751951.410
0
HO
False
1486751951.449
0
HO
False
1486751951.487
64
HA
True
1486751951.526
64
HA
True
1486751951.565
64
HA
True
1486751951.603
65
HA
True
1486751951.641
65
HA
True
1486751951.680
65
HA
True
1486751951.719
62
HA
True
1486751951.756
62
HA
True
1486751951.796
62
HA
True
1486751951.834
61
HB
True
1486751951.872
61
HB
True
1486751951.911
61
HB
True
1486751951.950
63
HB
True
1486751951.988
63
HB
True
1486751952.27
63
HB
True
1486751952.66
17
HB
True
1486751952.104
17
HB
True
1486751952.142
17
HB
True
1486751952.181
0
HO
False
1486751952.220
0
HO
False
1486751952.258
0
HO
False
1486751952.297
0
HO
False
1486751952.336
0
HO
False
1486751952.374
0
HO
False
1486751952.413
0
HO
False
1486751952.451
0
HO
False
1486751952.489
0
HO
False
1486751952.527
0
HO
False
1486751952.567
0
HO
False
1486751952.605
0
HO
False
1486751952.644
0
HO
False
1486751952.682
0
HO
False
1486751952.721
0
HO
False
1486751952.767
0
HO
False
1486751952.800
0
HO
False
1486751952.837
0
HO
False
1486751952.875
0
HO
False
1486751952.913
0
HO
False
1486751952.952
0
HO
False
1486751952.991
0
HO
False
1486751953.29
0
HO
False
1486751953.68
0
HO
False
1486751953.106
0
HO
False
1486751953.146
0
HO
False
1486751953.183
0
HO
False
1486751953.221
0
HO
False
1486751953.259
0
HO
False
1486751953.299
0
HO
False
1486751953.338
0
HO
False
1486751953.377
0
HO
False
1486751953.415
0
HO
False
1486751953.453
0
HO
False
1486751953.492
0
HO
False
1486751953.530
0
HO
False
1486751953.569
0
HO
False
1486751953.607
0
HO
False
1486751953.645
0
HO
False
1486751953.684
0
HO
False
1486751953.722
0
HO
False
1486751953.761
0
HO
False
1486751953.800
0
HO
False
1486751953.838
0
HO
False
1486751953.877
0
HO
False
1486751953.915
0
HO
False
1486751953.981
0
HO
False
1486751954.70
0
HO
False
1486751954.115
0
HO
False
1486751954.171
0
HO
False
1486751954.194
0
HO
False
1486751954.226
0
HO
False
1486751954.272
0
HO
False
1486751954.306
0
HO
False
1486751954.341
0
HO
False
1486751954.380
0
HO
False
1486751954.416
0
HO
False
1486751954.458
0
HO
False
1486751954.494
0
HO
False
1486751954.532
0
HO
False
1486751954.571
0
HO
False
1486751954.610
0
HO
False
1486751954.647
0
HO
False
1486751954.687
0
HO
False
1486751954.725
0
HO
False
1486751954.763
0
HO
False
1486751954.803
0
HO
False
1486751954.840
0
HO
False
1486751954.878
0
HO
False
1486751954.919
0
HO
False
1486751954.956
0
HO
False
1486751954.995
0
HO
False
1486751955.34
0
HO
False
1486751955.72
0
HO
False
1486751955.111
0
HO
False
1486751955.148
0
HO
False
1486751955.203
0
HO
False
1486751955.259
0
HO
False
1486751955.345
0
HO
False
1486751955.404
0
HO
False
1486751955.430
0
HO
False
1486751955.455
0
HO
False
1486751955.496
0
HO
False
1486751955.535
0
HO
False
1486751955.573
0
HO
False
1486751955.611
0
HO
False
1486751955.652
0
HO
False
1486751955.688
0
HO
False
1486751955.726
0
HO
False
1486751955.768
0
HO
False
1486751955.805
0
HO
False
1486751955.842
0
HO
False
1486751955.883
0
HO
False
1486751955.920
0
HO
False
1486751955.958
0
HO
False
1486751955.997
0
HO
False
1486751956.36
0
HO
False
1486751956.74
0
HO
False
1486751956.114
0
HO
False
1486751956.151
0
HO
False
1486751956.190
0
HO
False
1486751956.229
0
HO
False
1486751956.268
0
HO
False
1486751956.306
0
HO
False
1486751956.344
0
HO
False
1486751956.383
0
HO
False
1486751956.420
0
HO
False
1486751956.459
0
HO
False
1486751956.499
0
HO
False
1486751956.536
0
HO
False
1486751956.576
0
HO
False
1486751956.613
0
HO
False
1486751956.652
0
HO
False
1486751956.690
0
HO
False
1486751956.729
0
HO
False
1486751956.768
0
HO
False
1486751956.808
0
HO
False
1486751956.844
0
HO
False
1486751956.883
0
HO
False
1486751956.923
0
HO
False
1486751956.960
0
HO
False
1486751956.999
0
HO
False
1486751957.37
0
HO
False
1486751957.77
0
HO
False
1486751957.115
0
HO
False
1486751957.153
0
HO
False
1486751957.193
0
HO
False
1486751957.229
0
HO
False
1486751957.270
0
HO
False
1486751957.309
0
HO
False
1486751957.346
0
HO
False
1486751957.384
61
HB
True
1486751957.423
61
HB
True
1486751957.461
61
HB
True
1486751957.501
65
HB
True
1486751957.538
65
HB
True
1486751957.577
65
HB
True
1486751957.616
66
HO
True
1486751957.654
66
HO
True
1486751957.692
66
HO
True
1486751957.731
63
HA
True
1486751957.770
63
HA
True
1486751957.811
63
HA
True
1486751957.847
57
HA
True
1486751957.886
57
HA
True
1486751957.924
57
HA
True
1486751957.963
0
HO
False
1486751958.0
0
HO
False
1486751958.39
0
HO
False
1486751958.77
0
HO
False
1486751958.117
0
HO
False
1486751958.156
0
HO
False
1486751958.195
0
HO
False
1486751958.232
0
HO
False
1486751958.271
0
HO
False
1486751958.310
0
HO
False
1486751958.348
0
HO
False
1486751958.387
0
HO
False
1486751958.426
0
HO
False
1486751958.465
0
HO
False
1486751958.502
0
HO
False
1486751958.541
0
HO
False
1486751958.579
0
HO
False
1486751958.619
0
HO
False
1486751958.657
0
HO
False
1486751958.694
0
HO
False
1486751958.733
0
HO
False
1486751958.773
0
HO
False
1486751958.812
0
HO
False
1486751958.849
0
HO
False
1486751958.907
0
HO
False
1486751959.2
0
HO
False
1486751959.62
0
HO
False
1486751959.156
0
HO
False
1486751959.203
0
HO
False
1486751959.236
0
HO
False
1486751959.271
0
HO
False
1486751959.312
0
HO
False
1486751959.350
0
HO
False
1486751959.388
0
HO
False
1486751959.428
0
HO
False
1486751959.466
0
HO
False
1486751959.503
0
HO
False
1486751959.544
0
HO
False
1486751959.581
0
HO
False
1486751959.621
0
HO
False
1486751959.658
0
HO
False
1486751959.697
0
HO
False
1486751959.736
0
HO
False
1486751959.775
0
HO
False
1486751959.813
0
HO
False
1486751959.851
0
HO
False
1486751959.889
0
HO
False
1486751959.929
0
HO
False
1486751959.967
0
HO
False
1486751960.4
0
HO
False
1486751960.43
0
HO
False
1486751960.83
0
HO
False
1486751960.123
0
HO
False
1486751960.160
0
HO
False
1486751960.198
0
HO
False
1486751960.237
0
HO
False
1486751960.276
0
HO
False
1486751960.314
0
HO
False
1486751960.353
0
HO
False
1486751960.391
0
HO
False
1486751960.455
0
HO
False
1486751960.544
0
HO
False
1486751960.603
0
HO
False
1486751960.698
0
HO
False
1486751960.739
0
HO
False
1486751960.776
0
HO
False
1486751960.815
0
HO
False
1486751960.853
0
HO
False
1486751960.891
0
HO
False
1486751960.931
0
HO
False
1486751960.968
0
HO
False
1486751961.6
0
HO
False
1486751961.47
0
HO
False
1486751961.85
0
HO
False
1486751961.122
0
HO
False
1486751961.161
0
HO
False
1486751961.200
0
HO
False
1486751961.240
0
HO
False
1486751961.278
0
HO
False
1486751961.315
0
HO
False
1486751961.354
0
HO
False
1486751961.394
0
HO
False
1486751961.431
0
HO
False
1486751961.470
0
HO
False
1486751961.508
0
HO
False
1486751961.548
0
HO
False
1486751961.586
0
HO
False
1486751961.624
0
HO
False
1486751961.663
0
HO
False
1486751961.702
0
HO
False
1486751961.742
0
HO
False
1486751961.781
0
HO
False
1486751961.817
0
HO
False
1486751961.855
0
HO
False
1486751961.894
65
HA
True
1486751961.932
65
HA
True
1486751961.971
65
HA
True
1486751962.8
63
HA
True
1486751962.49
63
HA
True
1486751962.87
63
HA
True
1486751962.124
60
HO
True
1486751962.164
60
HO
True
1486751962.203
60
HO
True
1486751962.242
61
HB
True
1486751962.279
61
HB
True
1486751962.318
61
HB
True
1486751962.357
62
HB
True
1486751962.395
62
HB
True
1486751962.434
62
HB
True
1486751962.472
0
HO
False
1486751962.510
0
HO
False
1486751962.550
0
HO
False
1486751962.587
0
HO
False
1486751962.626
0
HO
False
1486751962.665
0
HO
False
1486751962.703
0
HO
False
1486751962.741
0
HO
False
1486751962.780
0
HO
False
1486751962.818
0
HO
False
1486751962.859
0
HO
False
1486751962.896
0
HO
False
1486751962.935
0
HO
False
1486751962.973
0
HO
False
1486751963.10
0
HO
False
1486751963.52
0
HO
False
1486751963.89
0
HO
False
1486751963.127
0
HO
False
1486751963.165
0
HO
False
1486751963.205
0
HO
False
1486751963.243
0
HO
False
1486751963.283
0
HO
False
1486751963.319
0
HO
False
1486751963.358
0
HO
False
1486751963.397
0
HO
False
1486751963.435
0
HO
False
1486751963.473
0
HO
False
1486751963.512
0
HO
False
1486751963.552
0
HO
False
1486751963.590
0
HO
False
1486751963.628
0
HO
False
1486751963.668
0
HO
False
1486751963.706
0
HO
False
1486751963.744
0
HO
False
1486751963.783
0
HO
False
1486751963.821
0
HO
False
1486751963.862
0
HO
False
1486751963.898
0
HO
False
1486751963.937
0
HO
False
1486751963.974
0
HO
False
1486751964.13
0
HO
False
1486751964.52
0
HO
False
1486751964.91
0
HO
False
1486751964.128
0
HO
False
1486751964.169
0
HO
False
1486751964.208
0
HO
False
1486751964.246
0
HO
False
1486751964.283
0
HO
False
1486751964.322
0
HO
False
1486751964.361
0
HO
False
1486751964.400
0
HO
False
1486751964.437
0
HO
False
1486751964.477
0
HO
False
1486751964.516
0
HO
False
1486751964.554
0
HO
False
1486751964.591
0
HO
False
1486751964.630
0
HO
False
1486751964.671
0
HO
False
1486751964.708
0
HO
False
1486751964.746
0
HO
False
1486751964.787
0
HO
False
1486751964.822
0
HO
False
1486751964.863
0
HO
False
1486751964.900
0
HO
False
1486751964.939
0
HO
False
1486751964.978
0
HO
False
1486751965.15
0
HO
False
1486751965.54
0
HO
False
1486751965.93
0
HO
False
1486751965.143
0
HO
False
1486751965.170
0
HO
False
1486751965.212
0
HO
False
1486751965.248
0
HO
False
1486751965.286
0
HO
False
1486751965.324
0
HO
False
1486751965.362
0
HO
False
1486751965.402
0
HO
False
1486751965.440
0
HO
False
1486751965.479
0
HO
False
1486751965.517
0
HO
False
1486751965.556
0
HO
False
1486751965.594
0
HO
False
1486751965.634
0
HO
False
1486751965.673
0
HO
False
1486751965.709
0
HO
False
1486751965.747
0
HO
False
1486751965.787
0
HO
False
1486751965.848
0
HO
False
1486751966.19
0
HO
False
1486751966.80
0
HO
False
1486751966.102
0
HO
False
1486751966.134
0
HO
False
1486751966.177
0
HO
False
1486751966.215
0
HO
False
1486751966.248
0
HO
False
1486751966.291
0
HO
False
1486751966.327
0
HO
False
1486751966.366
0
HO
False
1486751966.403
0
HO
False
1486751966.442
0
HO
False
1486751966.483
0
HO
False
1486751966.519
0
HO
False
1486751966.557
0
HO
False
1486751966.596
0
HO
False
1486751966.634
0
HO
False
1486751966.672
0
HO
False
1486751966.711
0
HO
False
1486751966.749
0
HO
False
1486751966.789
0
HO
False
1486751966.826
0
HO
False
1486751966.866
0
HO
False
1486751966.905
0
HO
False
1486751966.943
0
HO
False
1486751966.984
0
HO
False
1486751967.20
0
HO
False
1486751967.59
0
HO
False
1486751967.97
0
HO
False
1486751967.137
0
HO
False
1486751967.174
0
HO
False
1486751967.214
0
HO
False
1486751967.250
0
HO
False
1486751967.290
0
HO
False
1486751967.328
0
HO
False
1486751967.367
0
HO
False
1486751967.405
0
HO
False
1486751967.444
0
HO
False
1486751967.484
0
HO
False
1486751967.521
0
HO
False
1486751967.559
0
HO
False
1486751967.598
0
HO
False
1486751967.636
0
HO
False
1486751967.675
0
HO
False
1486751967.714
0
HO
False
1486751967.751
0
HO
False
1486751967.792
0
HO
False
1486751967.829
0
HO
False
1486751967.868
0
HO
False
1486751967.906
0
HO
False
1486751967.945
0
HO
False
1486751967.985
0
HO
False
1486751968.22
0
HO
False
1486751968.61
0
HO
False
1486751968.99
0
HO
False
1486751968.138
0
HO
False
1486751968.176
0
HO
False
1486751968.215
0
HO
False
1486751968.252
68
HB
True
1486751968.294
68
HB
True
1486751968.331
68
HB
True
1486751968.369
66
HB
True
1486751968.408
66
HB
True
1486751968.446
66
HB
True
1486751968.485
63
HO
True
1486751968.523
63
HO
True
1486751968.561
63
HO
True
1486751968.601
64
HA
True
1486751968.639
64
HA
True
1486751968.677
64
HA
True
1486751968.717
56
HA
True
1486751968.754
56
HA
True
1486751968.794
56
HA
True
1486751968.831
0
HO
False
1486751968.870
0
HO
False
1486751968.908
0
HO
False
1486751968.947
0
HO
False
1486751968.986
0
HO
False
1486751969.25
0
HO
False
1486751969.71
0
HO
False
1486751969.109
0
HO
False
1486751969.145
0
HO
False
1486751969.180
0
HO
False
1486751969.218
0
HO
False
1486751969.255
0
HO
False
1486751969.296
0
HO
False
1486751969.333
0
HO
False
1486751969.371
0
HO
False
1486751969.410
0
HO
False
1486751969.447
0
HO
False
1486751969.486
0
HO
False
1486751969.526
0
HO
False
1486751969.563
0
HO
False
1486751969.603
0
HO
False
1486751969.641
0
HO
False
1486751969.679
0
HO
False
1486751969.718
0
HO
False
1486751969.756
0
HO
False
1486751969.795
0
HO
False
1486751969.835
0
HO
False
1486751969.871
0
HO
False
1486751969.925
0
HO
False
1486751969.974
0
HO
False
1486751970.65
0
HO
False
1486751970.126
0
HO
False
1486751970.167
0
HO
False
1486751970.190
0
HO
False
1486751970.219
0
HO
False
1486751970.261
0
HO
False
1486751970.296
0
HO
False
1486751970.335
0
HO
False
1486751970.373
0
HO
False
1486751970.413
0
HO
False
1486751970.450
0
HO
False
1486751970.489
0
HO
False
1486751970.527
0
HO
False
1486751970.566
0
HO
False
1486751970.606
0
HO
False
1486751970.642
0
HO
False
1486751970.681
0
HO
False
1486751970.719
0
HO
False
1486751970.757
0
HO
False
1486751970.798
0
HO
False
1486751970.836
0
HO
False
1486751970.873
0
HO
False
1486751970.914
0
HO
False
1486751970.951
0
HO
False
1486751970.991
0
HO
False
1486751971.28
0
HO
False
1486751971.66
0
HO
False
1486751971.107
0
HO
False
1486751971.145
0
HO
False
1486751971.182
0
HO
False
1486751971.220
0
HO
False
1486751971.258
0
HO
False
1486751971.298
0
HO
False
1486751971.337
0
HO
False
1486751971.375
0
HO
False
1486751971.415
0
HO
False
1486751971.453
0
HO
False
1486751971.491
0
HO
False
1486751971.530
0
HO
False
1486751971.567
0
HO
False
1486751971.607
0
HO
False
1486751971.645
0
HO
False
1486751971.700
0
HO
False
1486751971.745
0
HO
False
1486751971.789
0
HO
False
1486751971.825
0
HO
False
1486751971.842
0
HO
False
1486751971.891
0
HO
False
1486751971.943
0
HO
False
1486751971.975
0
HO
False
1486751971.997
0
HO
False
1486751972.29
0
HO
False
1486751972.69
0
HO
False
1486751972.107
0
HO
False
1486751972.146
0
HO
False
1486751972.185
0
HO
False
1486751972.224
0
HO
False
1486751972.261
0
HO
False
1486751972.299
0
HO
False
1486751972.339
0
HO
False
1486751972.377
0
HO
False
1486751972.417
0
HO
False
1486751972.454
0
HO
False
1486751972.493
0
HO
False
1486751972.531
0
HO
False
1486751972.570
0
HO
False
1486751972.609
0
HO
False
1486751972.647
0
HO
False
1486751972.686
0
HO
False
1486751972.726
0
HO
False
1486751972.762
0
HO
False
1486751972.801
0
HO
False
1486751972.840
0
HO
False
1486751972.878
0
HO
False
1486751972.918
0
HO
False
1486751972.955
0
HO
False
1486751972.994
0
HO
False
1486751973.32
0
HO
False
1486751973.71
0
HO
False
1486751973.109
0
HO
False
1486751973.148
0
HO
False
1486751973.186
0
HO
False
1486751973.227
0
HO
False
1486751973.265
0
HO
False
1486751973.303
0
HO
False
1486751973.340
64
HA
True
1486751973.379
64
HA
True
1486751973.419
64
HA
True
1486751973.456
62
HA
True
1486751973.495
62
HA
True
1486751973.534
62
HA
True
1486751973.571
61
HO
True
1486751973.611
61
HO
True
1486751973.650
61
HO
True
1486751973.688
63
HB
True
1486751973.727
63
HB
True
1486751973.765
63
HB
True
1486751973.803
64
HB
True
1486751973.842
64
HB
True
1486751973.880
64
HB
True
1486751973.918
0
HO
False
1486751973.958
0
HO
False
1486751973.996
0
HO
False
1486751974.36
0
HO
False
1486751974.73
0
HO
False
1486751974.112
0
HO
False
1486751974.151
0
HO
False
1486751974.188
0
HO
False
1486751974.228
0
HO
False
1486751974.266
0
HO
False
1486751974.304
0
HO
False
1486751974.343
0
HO
False
1486751974.382
0
HO
False
1486751974.419
0
HO
False
1486751974.459
0
HO
False
1486751974.496
0
HO
False
1486751974.537
0
HO
False
1486751974.573
0
HO
False
1486751974.613
0
HO
False
1486751974.652
0
HO
False
1486751974.689
0
HO
False
1486751974.730
0
HO
False
1486751974.767
0
HO
False
1486751974.805
0
HO
False
1486751974.844
0
HO
False
1486751974.882
0
HO
False
1486751974.921
0
HO
False
1486751974.959
0
HO
False
1486751974.998
0
HO
False
1486751975.38
0
HO
False
1486751975.75
0
HO
False
1486751975.114
0
HO
False
1486751975.152
0
HO
False
1486751975.190
0
HO
False
1486751975.230
0
HO
False
1486751975.267
0
HO
False
1486751975.306
0
HO
False
1486751975.345
0
HO
False
1486751975.384
0
HO
False
1486751975.422
0
HO
False
1486751975.461
0
HO
False
1486751975.498
0
HO
False
1486751975.538
0
HO
False
1486751975.577
0
HO
False
1486751975.615
0
HO
False
1486751975.654
0
HO
False
1486751975.692
0
HO
False
1486751975.729
0
HO
False
1486751975.769
0
HO
False
1486751975.807
0
HO
False
1486751975.848
0
HO
False
1486751975.884
0
HO
False
1486751975.922
0
HO
False
1486751975.961
0
HO
False
1486751976.1
0
HO
False
1486751976.40
0
HO
False
1486751976.77
0
HO
False
1486751976.116
0
HO
False
1486751976.154
0
HO
False
1486751976.196
0
HO
False
1486751976.231
0
HO
False
1486751976.270
0
HO
False
1486751976.308
0
HO
False
1486751976.348
0
HO
False
1486751976.386
0
HO
False
1486751976.424
0
HO
False
1486751976.462
0
HO
False
1486751976.501
0
HO
False
1486751976.541
0
HO
False
1486751976.578
0
HO
False
1486751976.618
0
HO
False
1486751976.654
0
HO
False
1486751976.710
0
HO
False
1486751976.814
0
HO
False
1486751976.864
0
HO
False
1486751976.963
0
HO
False
1486751977.2
0
HO
False
1486751977.41
0
HO
False
1486751977.80
0
HO
False
1486751977.118
0
HO
False
1486751977.158
0
HO
False
1486751977.196
0
HO
False
1486751977.234
0
HO
False
1486751977.272
0
HO
False
1486751977.310
0
HO
False
1486751977.350
0
HO
False
1486751977.388
0
HO
False
1486751977.426
0
HO
False
1486751977.464
0
HO
False
1486751977.503
0
HO
False
1486751977.542
0
HO
False
1486751977.580
0
HO
False
1486751977.619
0
HO
False
1486751977.659
0
HO
False
1486751977.696
0
HO
False
1486751977.735
0
HO
False
1486751977.800
0
HO
False
1486751977.889
0
HO
False
1486751977.939
0
HO
False
1486751978.121
0
HO
False
1486751978.160
0
HO
False
1486751978.197
0
HO
False
1486751978.235
0
HO
False
1486751978.280
0
HO
False
1486751978.312
0
HO
False
1486751978.351
0
HO
False
1486751978.390
0
HO
False
1486751978.428
0
HO
False
1486751978.469
0
HO
False
1486751978.505
0
HO
False
1486751978.544
0
HO
False
1486751978.583
0
HO
False
1486751978.620
0
HO
False
1486751978.660
0
HO
False
1486751978.698
0
HO
False
1486751978.737
0
HO
False
1486751978.775
0
HO
False
1486751978.813
0
HO
False
1486751978.852
0
HO
False
1486751978.891
0
HO
False
1486751978.930
0
HO
False
1486751978.971
0
HO
False
1486751979.6
0
HO
False
1486751979.45
0
HO
False
1486751979.105
0
HO
False
1486751979.143
0
HO
False
1486751979.177
0
HO
False
1486751979.210
0
HO
False
1486751979.237
0
HO
False
1486751979.279
0
HO
False
1486751979.314
0
HO
False
1486751979.354
0
HO
False
1486751979.392
0
HO
False
1486751979.431
0
HO
False
1486751979.470
0
HO
False
1486751979.506
0
HO
False
1486751979.546
0
HO
False
1486751979.585
0
HO
False
1486751979.623
0
HO
False
1486751979.662
0
HO
False
1486751979.701
0
HO
False
1486751979.739
0
HO
False
1486751979.778
0
HO
False
1486751979.818
0
HO
False
1486751979.854
0
HO
False
1486751979.894
0
HO
False
1486751979.931
0
HO
False
1486751979.970
0
HO
False
1486751980.8
0
HO
False
1486751980.47
0
HO
False
1486751980.87
0
HO
False
1486751980.125
0
HO
False
1486751980.163
0
HO
False
1486751980.202
0
HO
False
1486751980.240
0
HO
False
1486751980.280
55
HB
True
1486751980.318
55
HB
True
1486751980.355
55
HB
True
1486751980.394
68
HB
True
1486751980.432
68
HB
True
1486751980.471
68
HB
True
1486751980.509
65
HO
True
1486751980.547
65
HO
True
1486751980.588
65
HO
True
1486751980.625
61
HO
True
1486751980.663
61
HO
True
1486751980.702
61
HO
True
1486751980.741
61
HA
True
1486751980.780
61
HA
True
1486751980.818
61
HA
True
1486751980.856
29
HA
True
1486751980.896
29
HA
True
1486751980.934
29
HA
True
1486751980.972
0
HO
False
1486751981.10
0
HO
False
1486751981.50
0
HO
False
1486751981.88
0
HO
False
1486751981.126
0
HO
False
1486751981.165
0
HO
False
1486751981.203
0
HO
False
1486751981.243
0
HO
False
1486751981.280
0
HO
False
1486751981.322
0
HO
False
1486751981.358
0
HO
False
1486751981.398
0
HO
False
1486751981.435
0
HO
False
1486751981.473
0
HO
False
1486751981.512
0
HO
False
1486751981.550
0
HO
False
1486751981.591
0
HO
False
1486751981.652
0
HO
False
1486751981.742
0
HO
False
1486751981.795
0
HO
False
1486751981.899
0
HO
False
1486751981.936
0
HO
False
1486751981.974
0
HO
False
1486751982.12
0
HO
False
1486751982.52
0
HO
False
1486751982.91
0
HO
False
1486751982.128
0
HO
False
1486751982.167
0
HO
False
1486751982.206
0
HO
False
1486751982.245
0
HO
False
1486751982.282
0
HO
False
1486751982.321
0
HO
False
1486751982.360
0
HO
False
1486751982.400
0
HO
False
1486751982.437
0
HO
False
1486751982.475
0
HO
False
1486751982.515
0
HO
False
1486751982.553
0
HO
False
1486751982.590
0
HO
False
1486751982.629
0
HO
False
1486751982.668
0
HO
False
1486751982.708
0
HO
False
1486751982.745
0
HO
False
1486751982.783
0
HO
False
1486751982.824
0
HO
False
1486751982.861
0
HO
False
1486751982.900
0
HO
False
1486751982.938
0
HO
False
1486751982.977
0
HO
False
1486751983.32
0
HO
False
1486751983.141
0
HO
False
1486751983.186
0
HO
False
1486751983.224
0
HO
False
1486751983.246
0
HO
False
1486751983.290
0
HO
False
1486751983.326
0
HO
False
1486751983.360
0
HO
False
1486751983.401
0
HO
False
1486751983.439
0
HO
False
1486751983.477
0
HO
False
1486751983.517
0
HO
False
1486751983.555
0
HO
False
1486751983.592
0
HO
False
1486751983.632
0
HO
False
1486751983.670
0
HO
False
1486751983.710
0
HO
False
1486751983.747
0
HO
False
1486751983.786
0
HO
False
1486751983.824
0
HO
False
1486751983.863
0
HO
False
1486751983.901
0
HO
False
1486751983.941
0
HO
False
1486751983.978
0
HO
False
1486751984.18
0
HO
False
1486751984.55
0
HO
False
1486751984.94
0
HO
False
1486751984.132
0
HO
False
1486751984.171
0
HO
False
1486751984.211
0
HO
False
1486751984.247
0
HO
False
1486751984.286
0
HO
False
1486751984.328
56
HA
True
1486751984.364
56
HA
True
1486751984.403
56
HA
True
1486751984.441
59
HA
True
1486751984.479
59
HA
True
1486751984.519
59
HA
True
1486751984.557
61
HA
True
1486751984.596
61
HA
True
1486751984.633
61
HA
True
1486751984.672
64
HO
True
1486751984.712
64
HO
True
1486751984.748
64
HO
True
1486751984.787
65
HB
True
1486751984.826
65
HB
True
1486751984.865
65
HB
True
1486751984.907
61
HB
True
1486751984.941
61
HB
True
1486751984.981
61
HB
True
1486751985.20
0
HO
False
1486751985.57
0
HO
False
1486751985.96
0
HO
False
1486751985.135
0
HO
False
1486751985.172
0
HO
False
1486751985.212
0
HO
False
1486751985.250
0
HO
False
1486751985.289
0
HO
False
1486751985.327
0
HO
False
1486751985.366
0
HO
False
1486751985.405
0
HO
False
1486751985.443
0
HO
False
1486751985.482
0
HO
False
1486751985.521
0
HO
False
1486751985.558
0
HO
False
1486751985.597
0
HO
False
1486751985.637
0
HO
False
1486751985.674
0
HO
False
1486751985.712
0
HO
False
1486751985.751
0
HO
False
1486751985.789
0
HO
False
1486751985.830
0
HO
False
1486751985.869
0
HO
False
1486751985.906
0
HO
False
1486751985.945
0
HO
False
1486751985.983
0
HO
False
1486751986.22
0
HO
False
1486751986.59
0
HO
False
1486751986.98
0
HO
False
1486751986.136
0
HO
False
1486751986.175
0
HO
False
1486751986.213
0
HO
False
1486751986.252
0
HO
False
1486751986.290
0
HO
False
1486751986.330
0
HO
False
1486751986.369
0
HO
False
1486751986.406
0
HO
False
1486751986.445
0
HO
False
1486751986.484
0
HO
False
1486751986.523
0
HO
False
1486751986.560
0
HO
False
1486751986.598
0
HO
False
1486751986.637
0
HO
False
1486751986.676
0
HO
False
1486751986.715
0
HO
False
1486751986.752
0
HO
False
1486751986.792
0
HO
False
1486751986.846
0
HO
False
1486751986.893
0
HO
False
1486751986.997
0
HO
False
1486751987.101
0
HO
False
1486751987.138
0
HO
False
1486751987.177
0
HO
False
1486751987.216
0
HO
False
1486751987.254
0
HO
False
1486751987.300
0
HO
False
1486751987.332
0
HO
False
1486751987.369
0
HO
False
1486751987.413
0
HO
False
1486751987.447
0
HO
False
1486751987.486
0
HO
False
1486751987.525
0
HO
False
1486751987.562
0
HO
False
1486751987.601
0
HO
False
1486751987.640
0
HO
False
1486751987.679
0
HO
False
1486751987.716
0
HO
False
1486751987.755
0
HO
False
1486751987.794
0
HO
False
1486751987.832
0
HO
False
1486751987.871
0
HO
False
1486751987.909
0
HO
False
1486751987.948
0
HO
False
1486751987.987
0
HO
False
1486751988.27
0
HO
False
1486751988.64
0
HO
False
1486751988.103
0
HO
False
1486751988.141
0
HO
False
1486751988.179
0
HO
False
1486751988.219
0
HO
False
1486751988.283
0
HO
False
1486751988.371
0
HO
False
1486751988.411
0
HO
False
1486751988.463
0
HO
False
1486751988.641
0
HO
False
1486751988.680
0
HO
False
1486751988.719
0
HO
False
1486751988.757
0
HO
False
1486751988.802
0
HO
False
1486751988.834
0
HO
False
1486751988.873
0
HO
False
1486751988.912
0
HO
False
1486751988.949
0
HO
False
1486751988.988
0
HO
False
1486751989.27
0
HO
False
1486751989.82
0
HO
False
1486751989.120
0
HO
False
1486751989.146
0
HO
False
1486751989.180
0
HO
False
1486751989.220
0
HO
False
1486751989.258
0
HO
False
1486751989.297
0
HO
False
1486751989.336
0
HO
False
1486751989.373
0
HO
False
1486751989.413
0
HO
False
1486751989.451
0
HO
False
1486751989.490
0
HO
False
1486751989.529
0
HO
False
1486751989.567
0
HO
False
1486751989.606
0
HO
False
1486751989.644
0
HO
False
1486751989.683
0
HO
False
1486751989.722
0
HO
False
1486751989.758
0
HO
False
1486751989.798
0
HO
False
1486751989.836
0
HO
False
1486751989.875
0
HO
False
1486751989.914
0
HO
False
1486751989.953
0
HO
False
1486751989.991
0
HO
False
1486751990.30
0
HO
False
1486751990.69
0
HO
False
1486751990.106
0
HO
False
1486751990.144
0
HO
False
1486751990.184
0
HO
False
1486751990.222
0
HO
False
1486751990.260
0
HO
False
1486751990.306
0
HO
False
1486751990.338
0
HO
False
1486751990.377
0
HO
False
1486751990.414
0
HO
False
1486751990.453
0
HO
False
1486751990.491
0
HO
False
1486751990.530
0
HO
False
1486751990.569
0
HO
False
1486751990.607
0
HO
False
1486751990.646
0
HO
False
1486751990.685
66
HB
True
1486751990.724
66
HB
True
1486751990.762
66
HB
True
1486751990.801
64
HB
True
1486751990.839
64
HB
True
1486751990.876
64
HB
True
1486751990.915
62
HO
True
1486751990.954
62
HO
True
1486751990.992
62
HO
True
1486751991.31
62
HA
True
1486751991.70
62
HA
True
1486751991.108
62
HA
True
1486751991.147
62
HA
True
1486751991.186
62
HA
True
1486751991.224
62
HA
True
1486751991.263
0
HO
False
1486751991.301
0
HO
False
1486751991.340
0
HO
False
1486751991.378
0
HO
False
1486751991.417
0
HO
False
1486751991.455
0
HO
False
1486751991.494
0
HO
False
1486751991.533
0
HO
False
1486751991.571
0
HO
False
1486751991.609
0
HO
False
1486751991.648
0
HO
False
1486751991.687
0
HO
False
1486751991.725
0
HO
False
1486751991.763
0
HO
False
1486751991.810
0
HO
False
1486751991.840
0
HO
False
1486751991.879
0
HO
False
1486751991.919
0
HO
False
1486751991.957
0
HO
False
1486751991.994
0
HO
False
1486751992.34
0
HO
False
1486751992.72
0
HO
False
1486751992.129
0
HO
False
1486751992.226
0
HO
False
1486751992.279
0
HO
False
1486751992.334
0
HO
False
1486751992.359
0
HO
False
1486751992.383
0
HO
False
1486751992.421
0
HO
False
1486751992.458
0
HO
False
1486751992.496
0
HO
False
1486751992.535
0
HO
False
1486751992.574
0
HO
False
1486751992.613
0
HO
False
1486751992.650
0
HO
False
1486751992.688
0
HO
False
1486751992.727
0
HO
False
1486751992.766
0
HO
False
1486751992.804
0
HO
False
1486751992.842
0
HO
False
1486751992.882
0
HO
False
1486751992.920
0
HO
False
1486751992.959
0
HO
False
1486751992.997
0
HO
False
1486751993.36
0
HO
False
1486751993.74
0
HO
False
1486751993.114
0
HO
False
1486751993.151
0
HO
False
1486751993.189
0
HO
False
1486751993.227
0
HO
False
1486751993.267
0
HO
False
1486751993.312
0
HO
False
1486751993.343
0
HO
False
1486751993.382
0
HO
False
1486751993.421
0
HO
False
1486751993.459
0
HO
False
1486751993.497
0
HO
False
1486751993.536
0
HO
False
1486751993.576
0
HO
False
1486751993.614
0
HO
False
1486751993.652
0
HO
False
1486751993.690
0
HO
False
1486751993.730
0
HO
False
1486751993.768
0
HO
False
1486751993.806
0
HO
False
1486751993.845
0
HO
False
1486751993.883
0
HO
False
1486751993.922
0
HO
False
1486751993.961
0
HO
False
1486751993.998
0
HO
False
1486751994.38
0
HO
False
1486751994.77
0
HO
False
1486751994.115
0
HO
False
1486751994.173
0
HO
False
1486751994.270
0
HO
False
1486751994.321
0
HO
False
1486751994.374
0
HO
False
1486751994.403
0
HO
False
1486751994.434
0
HO
False
1486751994.460
0
HO
False
1486751994.500
0
HO
False
1486751994.538
0
HO
False
1486751994.577
0
HO
False
1486751994.615
0
HO
False
1486751994.655
0
HO
False
1486751994.693
0
HO
False
1486751994.731
0
HO
False
1486751994.770
0
HO
False
1486751994.816
0
HO
False
1486751994.850
0
HO
False
1486751994.886
0
HO
False
1486751994.925
0
HO
False
1486751994.963
0
HO
False
1486751995.1
0
HO
False
1486751995.40
0
HO
False
1486751995.78
0
HO
False
1486751995.117
0
HO
False
1486751995.156
0
HO
False
1486751995.204
0
HO
False
1486751995.235
0
HO
False
1486751995.270
0
HO
False
1486751995.310
0
HO
False
1486751995.347
0
HO
False
1486751995.387
0
HO
False
1486751995.425
0
HO
False
1486751995.464
0
HO
False
1486751995.502
0
HO
False
1486751995.540
60
HA
True
1486751995.579
60
HA
True
1486751995.618
60
HA
True
1486751995.656
59
HA
True
1486751995.695
59
HA
True
1486751995.734
59
HA
True
1486751995.773
62
HO
True
1486751995.811
62
HO
True
1486751995.849
62
HO
True
1486751995.887
64
HB
True
1486751995.926
64
HB
True
1486751995.965
64
HB
True
1486751996.2
63
HB
True
1486751996.43
63
HB
True
1486751996.81
63
HB
True
1486751996.119
0
HO
False
1486751996.159
0
HO
False
1486751996.197
0
HO
False
1486751996.235
0
HO
False
1486751996.274
0
HO
False
1486751996.318
0
HO
False
1486751996.351
0
HO
False
1486751996.390
0
HO
False
1486751996.427
0
HO
False
1486751996.467
0
HO
False
1486751996.504
0
HO
False
1486751996.544
0
HO
False
1486751996.583
0
HO
False
1486751996.620
0
HO
False
1486751996.659
0
HO
False
1486751996.698
0
HO
False
1486751996.736
0
HO
False
1486751996.774
0
HO
False
1486751996.814
0
HO
False
1486751996.852
0
HO
False
1486751996.890
0
HO
False
1486751996.928
0
HO
False
1486751996.967
0
HO
False
1486751997.6
0
HO
False
1486751997.44
0
HO
False
1486751997.83
0
HO
False
1486751997.122
0
HO
False
1486751997.161
0
HO
False
1486751997.199
0
HO
False
1486751997.237
0
HO
False
1486751997.275
0
HO
False
1486751997.314
0
HO
False
1486751997.353
0
HO
False
1486751997.392
0
HO
False
1486751997.430
0
HO
False
1486751997.468
0
HO
False
1486751997.506
0
HO
False
1486751997.545
0
HO
False
1486751997.584
0
HO
False
1486751997.623
0
HO
False
1486751997.660
0
HO
False
1486751997.699
0
HO
False
1486751997.737
0
HO
False
1486751997.776
0
HO
False
1486751997.822
0
HO
False
1486751997.854
0
HO
False
1486751997.891
0
HO
False
1486751997.931
0
HO
False
1486751997.969
0
HO
False
1486751998.36
0
HO
False
1486751998.128
0
HO
False
1486751998.180
0
HO
False
1486751998.209
0
HO
False
1486751998.238
0
HO
False
1486751998.277
0
HO
False
1486751998.315
0
HO
False
1486751998.354
0
HO
False
1486751998.394
0
HO
False
1486751998.432
0
HO
False
1486751998.469
0
HO
False
1486751998.508
0
HO
False
1486751998.548
0
HO
False
1486751998.585
0
HO
False
1486751998.626
0
HO
False
1486751998.664
0
HO
False
1486751998.702
0
HO
False
1486751998.740
0
HO
False
1486751998.778
0
HO
False
1486751998.818
0
HO
False
1486751998.856
0
HO
False
1486751998.894
0
HO
False
1486751998.934
0
HO
False
1486751998.971
0
HO
False
1486751999.9
0
HO
False
1486751999.54
0
HO
False
1486751999.93
0
HO
False
1486751999.132
0
HO
False
1486751999.167
0
HO
False
1486751999.202
0
HO
False
1486751999.241
0
HO
False
1486751999.280
0
HO
False
1486751999.327
0
HO
False
1486751999.360
0
HO
False
1486751999.395
0
HO
False
1486751999.435
0
HO
False
1486751999.472
0
HO
False
1486751999.511
0
HO
False
1486751999.574
0
HO
False
1486751999.664
0
HO
False
1486751999.716
0
HO
False
1486751999.767
0
HO
False
1486751999.800
0
HO
False
1486751999.828
0
HO
False
1486751999.862
0
HO
False
1486751999.898
0
HO
False
1486751999.935
0
HO
False
1486751999.973
0
HO
False
1486752000.11
0
HO
False
1486752000.51
0
HO
False
1486752000.89
0
HO
False
1486752000.129
0
HO
False
1486752000.166
0
HO
False
1486752000.205
0
HO
False
1486752000.244
0
HO
False
1486752000.282
0
HO
False
1486752000.320
0
HO
False
1486752000.359
0
HO
False
1486752000.398
0
HO
False
1486752000.437
0
HO
False
1486752000.474
0
HO
False
1486752000.512
0
HO
False
1486752000.552
0
HO
False
1486752000.590
0
HO
False
1486752000.630
0
HO
False
1486752000.667
0
HO
False
1486752000.706
0
HO
False
1486752000.743
0
HO
False
1486752000.783
0
HO
False
1486752000.829
0
HO
False
1486752000.860
0
HO
False
1486752000.898
0
HO
False
1486752000.939
0
HO
False
1486752000.975
0
HO
False
1486752001.26
0
HO
False
1486752001.73
0
HO
False
1486752001.104
0
HO
False
1486752001.128
0
HO
False
1486752001.175
0
HO
False
1486752001.212
0
HO
False
1486752001.243
0
HO
False
1486752001.284
0
HO
False
1486752001.322
0
HO
False
1486752001.360
0
HO
False
1486752001.399
0
HO
False
1486752001.437
0
HO
False
1486752001.476
0
HO
False
1486752001.516
0
HO
False
1486752001.554
0
HO
False
1486752001.592
0
HO
False
1486752001.632
0
HO
False
1486752001.669
0
HO
False
1486752001.708
0
HO
False
1486752001.747
0
HO
False
1486752001.785
0
HO
False
1486752001.823
0
HO
False
1486752001.862
0
HO
False
1486752001.901
0
HO
False
1486752001.940
0
HO
False
1486752001.978
0
HO
False
1486752002.17
66
HB
True
1486752002.55
66
HB
True
1486752002.92
66
HB
True
1486752002.132
69
HB
True
1486752002.170
69
HB
True
1486752002.210
69
HB
True
1486752002.247
66
HO
True
1486752002.287
66
HO
True
1486752002.329
66
HO
True
1486752002.365
62
HA
True
1486752002.402
62
HA
True
1486752002.441
62
HA
True
1486752002.479
58
HA
True
1486752002.517
58
HA
True
1486752002.556
58
HA
True
1486752002.595
0
HO
False
1486752002.633
0
HO
False
1486752002.671
0
HO
False
1486752002.710
0
HO
False
1486752002.748
0
HO
False
1486752002.787
0
HO
False
1486752002.826
0
HO
False
1486752002.864
0
HO
False
1486752002.902
0
HO
False
1486752002.942
0
HO
False
1486752002.980
0
HO
False
1486752003.18
0
HO
False
1486752003.58
0
HO
False
1486752003.96
0
HO
False
1486752003.134
0
HO
False
1486752003.171
0
HO
False
1486752003.210
0
HO
False
1486752003.250
0
HO
False
1486752003.289
0
HO
False
1486752003.327
0
HO
False
1486752003.364
0
HO
False
1486752003.403
0
HO
False
1486752003.442
0
HO
False
1486752003.481
0
HO
False
1486752003.537
0
HO
False
1486752003.583
0
HO
False
1486752003.680
0
HO
False
1486752003.735
0
HO
False
1486752003.756
0
HO
False
1486752003.793
0
HO
False
1486752003.832
0
HO
False
1486752003.867
0
HO
False
1486752003.905
0
HO
False
1486752003.943
0
HO
False
1486752003.981
0
HO
False
1486752004.21
0
HO
False
1486752004.61
0
HO
False
1486752004.97
0
HO
False
1486752004.135
0
HO
False
1486752004.174
0
HO
False
1486752004.213
0
HO
False
1486752004.251
0
HO
False
1486752004.290
0
HO
False
1486752004.328
0
HO
False
1486752004.368
0
HO
False
1486752004.406
0
HO
False
1486752004.444
0
HO
False
1486752004.483
0
HO
False
1486752004.521
0
HO
False
1486752004.561
0
HO
False
1486752004.598
0
HO
False
1486752004.637
0
HO
False
1486752004.675
0
HO
False
1486752004.715
0
HO
False
1486752004.752
0
HO
False
1486752004.791
0
HO
False
1486752004.830
0
HO
False
1486752004.871
0
HO
False
1486752004.907
0
HO
False
1486752004.945
0
HO
False
1486752004.985
0
HO
False
1486752005.22
0
HO
False
1486752005.63
0
HO
False
1486752005.100
0
HO
False
1486752005.138
0
HO
False
1486752005.198
0
HO
False
1486752005.292
0
HO
False
1486752005.352
0
HO
False
1486752005.393
0
HO
False
1486752005.422
0
HO
False
1486752005.445
0
HO
False
1486752005.488
0
HO
False
1486752005.524
0
HO
False
1486752005.563
0
HO
False
1486752005.600
0
HO
False
1486752005.639
0
HO
False
1486752005.679
0
HO
False
1486752005.717
0
HO
False
1486752005.755
0
HO
False
1486752005.793
0
HO
False
1486752005.833
0
HO
False
1486752005.872
0
HO
False
1486752005.908
0
HO
False
1486752005.947
0
HO
False
1486752005.986
0
HO
False
1486752006.24
0
HO
False
1486752006.63
0
HO
False
1486752006.102
0
HO
False
1486752006.140
0
HO
False
1486752006.180
0
HO
False
1486752006.217
0
HO
False
1486752006.256
0
HO
False
1486752006.294
0
HO
False
1486752006.332
0
HO
False
1486752006.372
0
HO
False
1486752006.410
0
HO
False
1486752006.448
0
HO
False
1486752006.486
0
HO
False
1486752006.525
58
HA
True
1486752006.564
58
HA
True
1486752006.602
58
HA
True
1486752006.640
61
HA
True
1486752006.681
61
HA
True
1486752006.718
61
HA
True
1486752006.757
64
HO
True
1486752006.795
64
HO
True
1486752006.835
64
HO
True
1486752006.873
66
HB
True
1486752006.911
66
HB
True
1486752006.950
66
HB
True
1486752006.988
66
HB
True
1486752007.26
66
HB
True
1486752007.67
66
HB
True
1486752007.103
0
HO
False
1486752007.142
0
HO
False
1486752007.182
0
HO
False
1486752007.218
0
HO
False
1486752007.256
0
HO
False
1486752007.297
0
HO
False
1486752007.335
0
HO
False
1486752007.373
0
HO
False
1486752007.412
0
HO
False
1486752007.451
0
HO
False
1486752007.491
0
HO
False
1486752007.527
0
HO
False
1486752007.566
0
HO
False
1486752007.604
0
HO
False
1486752007.644
0
HO
False
1486752007.684
0
HO
False
1486752007.719
0
HO
False
1486752007.757
0
HO
False
1486752007.797
0
HO
False
1486752007.836
0
HO
False
1486752007.874
0
HO
False
1486752007.913
0
HO
False
1486752007.952
0
HO
False
1486752007.992
0
HO
False
1486752008.28
0
HO
False
1486752008.67
0
HO
False
1486752008.107
0
HO
False
1486752008.144
0
HO
False
1486752008.183
0
HO
False
1486752008.221
0
HO
False
1486752008.260
0
HO
False
1486752008.300
0
HO
False
1486752008.338
0
HO
False
1486752008.376
0
HO
False
1486752008.415
0
HO
False
1486752008.452
0
HO
False
1486752008.492
0
HO
False
1486752008.530
0
HO
False
1486752008.568
0
HO
False
1486752008.607
0
HO
False
1486752008.645
0
HO
False
1486752008.684
0
HO
False
1486752008.722
0
HO
False
1486752008.760
0
HO
False
1486752008.800
0
HO
False
1486752008.837
0
HO
False
1486752008.876
0
HO
False
1486752008.916
0
HO
False
1486752008.954
0
HO
False
1486752008.993
0
HO
False
1486752009.32
0
HO
False
1486752009.85
0
HO
False
1486752009.264
0
HO
False
1486752009.314
0
HO
False
1486752009.338
0
HO
False
1486752009.378
0
HO
False
1486752009.416
0
HO
False
1486752009.454
0
HO
False
1486752009.492
0
HO
False
1486752009.531
0
HO
False
1486752009.571
0
HO
False
1486752009.609
0
HO
False
1486752009.648
0
HO
False
1486752009.685
0
HO
False
1486752009.724
0
HO
False
1486752009.763
0
HO
False
1486752009.802
0
HO
False
1486752009.843
0
HO
False
1486752009.878
0
HO
False
1486752009.918
0
HO
False
1486752009.955
0
HO
False
1486752009.995
0
HO
False
1486752010.33
0
HO
False
1486752010.71
0
HO
False
1486752010.111
0
HO
False
1486752010.147
0
HO
False
1486752010.186
0
HO
False
1486752010.225
0
HO
False
1486752010.264
0
HO
False
1486752010.303
0
HO
False
1486752010.341
0
HO
False
1486752010.380
0
HO
False
1486752010.419
0
HO
False
1486752010.457
0
HO
False
1486752010.495
0
HO
False
1486752010.534
0
HO
False
1486752010.572
0
HO
False
1486752010.633
0
HO
False
1486752010.802
0
HO
False
1486752010.843
0
HO
False
1486752010.885
0
HO
False
1486752010.921
0
HO
False
1486752010.958
0
HO
False
1486752010.996
0
HO
False
1486752011.35
0
HO
False
1486752011.74
0
HO
False
1486752011.112
0
HO
False
1486752011.150
0
HO
False
1486752011.189
0
HO
False
1486752011.228
0
HO
False
1486752011.266
0
HO
False
1486752011.304
0
HO
False
1486752011.345
0
HO
False
1486752011.383
0
HO
False
1486752011.421
0
HO
False
1486752011.458
0
HO
False
1486752011.497
0
HO
False
1486752011.536
0
HO
False
1486752011.574
0
HO
False
1486752011.613
0
HO
False
1486752011.652
0
HO
False
1486752011.690
0
HO
False
1486752011.729
0
HO
False
1486752011.767
0
HO
False
1486752011.805
0
HO
False
1486752011.844
0
HO
False
1486752011.884
0
HO
False
1486752011.923
0
HO
False
1486752011.960
0
HO
False
1486752011.998
0
HO
False
1486752012.37
0
HO
False
1486752012.76
0
HO
False
1486752012.114
0
HO
False
1486752012.152
0
HO
False
1486752012.192
0
HO
False
1486752012.231
0
HO
False
1486752012.268
0
HO
False
1486752012.307
0
HO
False
1486752012.346
0
HO
False
1486752012.385
0
HO
False
1486752012.424
0
HO
False
1486752012.461
0
HO
False
1486752012.500
0
HO
False
1486752012.540
0
HO
False
1486752012.576
0
HO
False
1486752012.615
0
HO
False
1486752012.653
0
HO
False
1486752012.692
0
HO
False
1486752012.885
0
HO
False
1486752012.926
0
HO
False
1486752012.962
0
HO
False
1486752013.0
69
HB
True
1486752013.40
69
HB
True
1486752013.77
69
HB
True
1486752013.116
67
HO
True
1486752013.155
67
HO
True
1486752013.193
67
HO
True
1486752013.234
64
HO
True
1486752013.270
64
HO
True
1486752013.309
64
HO
True
1486752013.347
63
HA
True
1486752013.387
63
HA
True
1486752013.425
63
HA
True
1486752013.463
60
HA
True
1486752013.501
60
HA
True
1486752013.542
60
HA
True
1486752013.579
0
HO
False
1486752013.617
0
HO
False
1486752013.655
0
HO
False
1486752013.694
0
HO
False
1486752013.733
0
HO
False
1486752013.771
0
HO
False
1486752013.810
0
HO
False
1486752013.850
0
HO
False
1486752013.888
0
HO
False
1486752013.926
0
HO
False
1486752013.964
0
HO
False
1486752014.2
0
HO
False
1486752014.42
0
HO
False
1486752014.79
0
HO
False
1486752014.118
0
HO
False
1486752014.156
0
HO
False
1486752014.196
0
HO
False
1486752014.235
0
HO
False
1486752014.272
0
HO
False
1486752014.310
0
HO
False
1486752014.351
0
HO
False
1486752014.387
0
HO
False
1486752014.426
0
HO
False
1486752014.466
0
HO
False
1486752014.502
0
HO
False
1486752014.544
0
HO
False
1486752014.608
0
HO
False
1486752014.696
0
HO
False
1486752014.735
0
HO
False
1486752014.787
0
HO
False
1486752014.830
0
HO
False
1486752014.857
0
HO
False
1486752014.889
0
HO
False
1486752014.927
0
HO
False
1486752014.965
0
HO
False
1486752015.3
0
HO
False
1486752015.45
0
HO
False
1486752015.82
0
HO
False
1486752015.121
0
HO
False
1486752015.159
0
HO
False
1486752015.198
0
HO
False
1486752015.236
0
HO
False
1486752015.274
0
HO
False
1486752015.312
0
HO
False
1486752015.352
0
HO
False
1486752015.390
0
HO
False
1486752015.428
0
HO
False
1486752015.468
0
HO
False
1486752015.505
0
HO
False
1486752015.544
0
HO
False
1486752015.583
0
HO
False
1486752015.622
0
HO
False
1486752015.661
0
HO
False
1486752015.700
0
HO
False
1486752015.737
0
HO
False
1486752015.776
0
HO
False
1486752015.814
0
HO
False
1486752015.854
0
HO
False
1486752015.892
0
HO
False
1486752015.929
0
HO
False
1486752015.968
0
HO
False
1486752016.6
0
HO
False
1486752016.46
0
HO
False
1486752016.84
0
HO
False
1486752016.123
0
HO
False
1486752016.162
0
HO
False
1486752016.200
0
HO
False
1486752016.238
0
HO
False
1486752016.276
0
HO
False
1486752016.316
0
HO
False
1486752016.354
0
HO
False
1486752016.392
0
HO
False
1486752016.457
0
HO
False
1486752016.554
0
HO
False
1486752016.603
0
HO
False
1486752016.634
0
HO
False
1486752016.662
0
HO
False
1486752016.701
0
HO
False
1486752016.739
0
HO
False
1486752016.778
0
HO
False
1486752016.816
0
HO
False
1486752016.854
0
HO
False
1486752016.893
0
HO
False
1486752016.931
0
HO
False
1486752016.971
0
HO
False
1486752017.9
0
HO
False
1486752017.47
0
HO
False
1486752017.86
0
HO
False
1486752017.124
0
HO
False
1486752017.163
0
HO
False
1486752017.201
0
HO
False
1486752017.240
0
HO
False
1486752017.280
0
HO
False
1486752017.317
0
HO
False
1486752017.357
0
HO
False
1486752017.394
0
HO
False
1486752017.433
0
HO
False
1486752017.474
0
HO
False
1486752017.509
0
HO
False
1486752017.548
0
HO
False
1486752017.586
0
HO
False
1486752017.626
59
HA
True
1486752017.664
59
HA
True
1486752017.702
59
HA
True
1486752017.741
61
HA
True
1486752017.781
61
HA
True
1486752017.819
61
HA
True
1486752017.856
64
HO
True
1486752017.895
64
HO
True
1486752017.934
64
HO
True
1486752017.975
65
HB
True
1486752018.10
65
HB
True
1486752018.50
65
HB
True
1486752018.87
65
HB
True
1486752018.126
65
HB
True
1486752018.166
65
HB
True
1486752018.204
0
HO
False
1486752018.242
0
HO
False
1486752018.282
0
HO
False
1486752018.320
0
HO
False
1486752018.358
0
HO
False
1486752018.397
0
HO
False
1486752018.435
0
HO
False
1486752018.474
0
HO
False
1486752018.512
0
HO
False
1486752018.552
0
HO
False
1486752018.590
0
HO
False
1486752018.627
0
HO
False
1486752018.667
0
HO
False
1486752018.705
0
HO
False
1486752018.743
0
HO
False
1486752018.784
0
HO
False
1486752018.820
0
HO
False
1486752018.861
0
HO
False
1486752018.897
0
HO
False
1486752018.936
0
HO
False
1486752018.975
0
HO
False
1486752019.12
0
HO
False
1486752019.66
0
HO
False
1486752019.95
0
HO
False
1486752019.138
0
HO
False
1486752019.176
0
HO
False
1486752019.204
0
HO
False
1486752019.244
0
HO
False
1486752019.284
0
HO
False
1486752019.321
0
HO
False
1486752019.360
0
HO
False
1486752019.398
0
HO
False
1486752019.437
0
HO
False
1486752019.475
0
HO
False
1486752019.514
0
HO
False
1486752019.554
0
HO
False
1486752019.592
0
HO
False
1486752019.630
0
HO
False
1486752019.668
0
HO
False
1486752019.706
0
HO
False
1486752019.745
0
HO
False
1486752019.786
0
HO
False
1486752019.823
0
HO
False
1486752019.861
0
HO
False
1486752019.900
0
HO
False
1486752019.938
0
HO
False
1486752019.977
0
HO
False
1486752020.14
0
HO
False
1486752020.54
0
HO
False
1486752020.93
0
HO
False
1486752020.131
0
HO
False
1486752020.170
0
HO
False
1486752020.208
0
HO
False
1486752020.265
0
HO
False
1486752020.364
0
HO
False
1486752020.402
0
HO
False
1486752020.461
0
HO
False
1486752020.555
0
HO
False
1486752020.595
0
HO
False
1486752020.632
0
HO
False
1486752020.671
0
HO
False
1486752020.709
0
HO
False
1486752020.748
0
HO
False
1486752020.785
0
HO
False
1486752020.824
0
HO
False
1486752020.863
0
HO
False
1486752020.903
0
HO
False
1486752020.940
0
HO
False
1486752020.979
0
HO
False
1486752021.17
0
HO
False
1486752021.56
0
HO
False
1486752021.96
0
HO
False
1486752021.133
0
HO
False
1486752021.172
0
HO
False
1486752021.210
0
HO
False
1486752021.249
0
HO
False
1486752021.287
0
HO
False
1486752021.326
0
HO
False
1486752021.365
0
HO
False
1486752021.404
0
HO
False
1486752021.441
0
HO
False
1486752021.479
0
HO
False
1486752021.518
0
HO
False
1486752021.556
0
HO
False
1486752021.595
0
HO
False
1486752021.634
0
HO
False
1486752021.672
0
HO
False
1486752021.713
0
HO
False
1486752021.750
0
HO
False
1486752021.789
0
HO
False
1486752021.827
0
HO
False
1486752021.865
0
HO
False
1486752021.904
0
HO
False
1486752021.942
0
HO
False
1486752022.9
0
HO
False
1486752022.96
0
HO
False
1486752022.136
0
HO
False
1486752022.189
0
HO
False
1486752022.290
0
HO
False
1486752022.328
0
HO
False
1486752022.367
0
HO
False
1486752022.405
0
HO
False
1486752022.443
0
HO
False
1486752022.481
0
HO
False
1486752022.521
0
HO
False
1486752022.558
0
HO
False
1486752022.597
0
HO
False
1486752022.636
0
HO
False
1486752022.675
0
HO
False
1486752022.714
0
HO
False
1486752022.752
0
HO
False
1486752022.790
0
HO
False
1486752022.829
0
HO
False
1486752022.868
0
HO
False
1486752022.907
0
HO
False
1486752022.945
0
HO
False
1486752022.982
0
HO
False
1486752023.176
0
HO
False
1486752023.216
0
HO
False
1486752023.252
0
HO
False
1486752023.290
0
HO
False
1486752023.329
0
HO
False
1486752023.369
0
HO
False
1486752023.407
0
HO
False
1486752023.445
0
HO
False
1486752023.485
0
HO
False
1486752023.524
0
HO
False
1486752023.561
0
HO
False
1486752023.601
0
HO
False
1486752023.637
0
HO
False
1486752023.676
0
HO
False
1486752023.715
0
HO
False
1486752023.753
0
HO
False
1486752023.792
0
HO
False
1486752023.832
0
HO
False
1486752023.869
0
HO
False
1486752023.908
0
HO
False
1486752023.947
0
HO
False
1486752023.985
0
HO
False
1486752024.25
0
HO
False
1486752024.61
0
HO
False
1486752024.100
0
HO
False
1486752024.139
0
HO
False
1486752024.177
0
HO
False
1486752024.216
61
HB
True
1486752024.253
61
HB
True
1486752024.293
61
HB
True
1486752024.333
67
HB
True
1486752024.370
67
HB
True
1486752024.408
67
HB
True
1486752024.448
67
HO
True
1486752024.488
67
HO
True
1486752024.524
67
HO
True
1486752024.563
64
HO
True
1486752024.602
64
HO
True
1486752024.640
64
HO
True
1486752024.677
61
HA
True
1486752024.717
61
HA
True
1486752024.755
61
HA
True
1486752024.795
27
HA
True
1486752024.841
27
HA
True
1486752024.873
27
HA
True
1486752024.909
0
HO
False
1486752024.948
0
HO
False
1486752024.987
0
HO
False
1486752025.25
0
HO
False
1486752025.64
0
HO
False
1486752025.102
0
HO
False
1486752025.142
0
HO
False
1486752025.180
0
HO
False
1486752025.218
0
HO
False
1486752025.256
0
HO
False
1486752025.302
0
HO
False
1486752025.335
0
HO
False
1486752025.373
0
HO
False
1486752025.411
0
HO
False
1486752025.450
0
HO
False
1486752025.488
0
HO
False
1486752025.528
0
HO
False
1486752025.565
0
HO
False
1486752025.604
0
HO
False
1486752025.644
0
HO
False
1486752025.682
0
HO
False
1486752025.720
0
HO
False
1486752025.758
0
HO
False
1486752025.798
0
HO
False
1486752025.835
0
HO
False
1486752025.875
0
HO
False
1486752025.913
0
HO
False
1486752025.951
0
HO
False
1486752025.989
0
HO
False
1486752026.56
0
HO
False
1486752026.146
0
HO
False
1486752026.208
0
HO
False
1486752026.374
0
HO
False
1486752026.414
0
HO
False
1486752026.453
0
HO
False
1486752026.491
0
HO
False
1486752026.530
0
HO
False
1486752026.568
0
HO
False
1486752026.606
0
HO
False
1486752026.646
0
HO
False
1486752026.683
0
HO
False
1486752026.722
0
HO
False
1486752026.760
0
HO
False
1486752026.799
0
HO
False
1486752026.837
0
HO
False
1486752026.876
0
HO
False
1486752026.916
0
HO
False
1486752026.955
0
HO
False
1486752026.991
0
HO
False
1486752027.30
0
HO
False
1486752027.68
0
HO
False
1486752027.106
0
HO
False
1486752027.146
0
HO
False
1486752027.185
0
HO
False
1486752027.222
0
HO
False
1486752027.262
0
HO
False
1486752027.300
0
HO
False
1486752027.338
0
HO
False
1486752027.376
0
HO
False
1486752027.415
0
HO
False
1486752027.455
0
HO
False
1486752027.492
0
HO
False
1486752027.531
0
HO
False
1486752027.568
0
HO
False
1486752027.607
0
HO
False
1486752027.647
0
HO
False
1486752027.685
0
HO
False
1486752027.723
0
HO
False
1486752027.764
0
HO
False
1486752027.801
0
HO
False
1486752027.846
0
HO
False
1486752027.915
0
HO
False
1486752027.994
0
HO
False
1486752028.45
0
HO
False
1486752028.97
0
HO
False
1486752028.125
0
HO
False
1486752028.145
0
HO
False
1486752028.185
0
HO
False
1486752028.229
0
HO
False
1486752028.263
0
HO
False
1486752028.302
0
HO
False
1486752028.340
0
HO
False
1486752028.379
0
HO
False
1486752028.418
0
HO
False
1486752028.455
0
HO
False
1486752028.494
0
HO
False
1486752028.533
0
HO
False
1486752028.573
0
HO
False
1486752028.611
0
HO
False
1486752028.649
0
HO
False
1486752028.687
0
HO
False
1486752028.727
0
HO
False
1486752028.767
0
HO
False
1486752028.801
0
HO
False
1486752028.841
0
HO
False
1486752028.879
0
HO
False
1486752028.918
0
HO
False
1486752028.958
0
HO
False
1486752028.995
0
HO
False
1486752029.35
0
HO
False
1486752029.79
0
HO
False
1486752029.113
0
HO
False
1486752029.151
0
HO
False
1486752029.189
45
HA
True
1486752029.227
45
HA
True
1486752029.264
45
HA
True
1486752029.304
62
HA
True
1486752029.350
62
HA
True
1486752029.384
62
HA
True
1486752029.420
61
HA
True
1486752029.458
61
HA
True
1486752029.496
61
HA
True
1486752029.535
62
HO
True
1486752029.575
62
HO
True
1486752029.612
62
HO
True
1486752029.651
64
HB
True
1486752029.694
64
HB
True
1486752029.730
64
HB
True
1486752029.766
64
HB
True
1486752029.804
64
HB
True
1486752029.843
64
HB
True
1486752029.884
0
HO
False
1486752029.922
0
HO
False
1486752029.960
0
HO
False
1486752029.998
0
HO
False
1486752030.36
0
HO
False
1486752030.74
0
HO
False
1486752030.113
0
HO
False
1486752030.152
0
HO
False
1486752030.190
0
HO
False
1486752030.228
0
HO
False
1486752030.268
0
HO
False
1486752030.305
0
HO
False
1486752030.346
0
HO
False
1486752030.384
0
HO
False
1486752030.422
0
HO
False
1486752030.460
0
HO
False
1486752030.498
0
HO
False
1486752030.537
0
HO
False
1486752030.576
0
HO
False
1486752030.615
0
HO
False
1486752030.653
0
HO
False
1486752030.691
0
HO
False
1486752030.729
0
HO
False
1486752030.769
0
HO
False
1486752030.808
0
HO
False
1486752030.852
0
HO
False
1486752030.886
0
HO
False
1486752030.924
0
HO
False
1486752030.961
0
HO
False
1486752030.999
0
HO
False
1486752031.38
0
HO
False
1486752031.79
0
HO
False
1486752031.116
0
HO
False
1486752031.155
0
HO
False
1486752031.193
0
HO
False
1486752031.232
0
HO
False
1486752031.270
0
HO
False
1486752031.308
0
HO
False
1486752031.346
0
HO
False
1486752031.388
0
HO
False
1486752031.423
0
HO
False
1486752031.461
0
HO
False
1486752031.500
0
HO
False
1486752031.539
0
HO
False
1486752031.578
0
HO
False
1486752031.617
0
HO
False
1486752031.655
0
HO
False
1486752031.695
0
HO
False
1486752031.755
0
HO
False
1486752031.926
0
HO
False
1486752031.963
0
HO
False
1486752032.1
0
HO
False
1486752032.40
0
HO
False
1486752032.79
0
HO
False
1486752032.118
0
HO
False
1486752032.156
0
HO
False
1486752032.196
0
HO
False
1486752032.234
0
HO
False
1486752032.271
0
HO
False
1486752032.310
0
HO
False
1486752032.354
0
HO
False
1486752032.388
0
HO
False
1486752032.426
0
HO
False
1486752032.464
0
HO
False
1486752032.503
0
HO
False
1486752032.542
0
HO
False
1486752032.579
0
HO
False
1486752032.618
0
HO
False
1486752032.657
0
HO
False
1486752032.696
0
HO
False
1486752032.735
0
HO
False
1486752032.773
0
HO
False
1486752032.811
0
HO
False
1486752032.850
0
HO
False
1486752032.889
0
HO
False
1486752032.926
0
HO
False
1486752032.966
0
HO
False
1486752033.3
0
HO
False
1486752033.42
0
HO
False
1486752033.81
0
HO
False
1486752033.119
0
HO
False
1486752033.158
0
HO
False
1486752033.198
0
HO
False
1486752033.235
0
HO
False
1486752033.274
0
HO
False
1486752033.312
0
HO
False
1486752033.351
0
HO
False
1486752033.389
0
HO
False
1486752033.428
0
HO
False
1486752033.467
0
HO
False
1486752033.506
0
HO
False
1486752033.544
0
HO
False
1486752033.583
0
HO
False
1486752033.620
0
HO
False
1486752033.658
0
HO
False
1486752033.716
0
HO
False
1486752033.823
0
HO
False
1486752033.929
0
HO
False
1486752033.967
0
HO
False
1486752034.6
0
HO
False
1486752034.45
0
HO
False
1486752034.83
0
HO
False
1486752034.120
0
HO
False
1486752034.161
0
HO
False
1486752034.198
0
HO
False
1486752034.237
0
HO
False
1486752034.276
0
HO
False
1486752034.316
0
HO
False
1486752034.352
0
HO
False
1486752034.392
0
HO
False
1486752034.430
0
HO
False
1486752034.468
0
HO
False
1486752034.508
0
HO
False
1486752034.545
0
HO
False
1486752034.584
0
HO
False
1486752034.623
0
HO
False
1486752034.662
0
HO
False
1486752034.700
0
HO
False
1486752034.739
0
HO
False
1486752034.777
0
HO
False
1486752034.817
0
HO
False
1486752034.854
0
HO
False
1486752034.893
0
HO
False
1486752034.931
0
HO
False
1486752034.970
0
HO
False
1486752035.8
0
HO
False
1486752035.46
0
HO
False
1486752035.85
0
HO
False
1486752035.123
0
HO
False
1486752035.162
0
HO
False
1486752035.201
0
HO
False
1486752035.238
0
HO
False
1486752035.278
0
HO
False
1486752035.318
0
HO
False
1486752035.361
0
HO
False
1486752035.394
0
HO
False
1486752035.432
0
HO
False
1486752035.470
0
HO
False
1486752035.510
0
HO
False
1486752035.547
0
HO
False
1486752035.586
0
HO
False
1486752035.624
0
HO
False
1486752035.664
0
HO
False
1486752035.702
0
HO
False
1486752035.740
0
HO
False
1486752035.778
0
HO
False
1486752035.819
0
HO
False
1486752035.855
0
HO
False
1486752035.895
0
HO
False
1486752035.933
0
HO
False
1486752035.972
0
HO
False
1486752036.9
0
HO
False
1486752036.48
0
HO
False
1486752036.87
0
HO
False
1486752036.127
65
HB
True
1486752036.165
65
HB
True
1486752036.204
65
HB
True
1486752036.242
64
HB
True
1486752036.280
64
HB
True
1486752036.319
64
HB
True
1486752036.357
63
HO
True
1486752036.395
63
HO
True
1486752036.434
63
HO
True
1486752036.472
65
HA
True
1486752036.510
65
HA
True
1486752036.550
65
HA
True
1486752036.588
66
HA
True
1486752036.628
66
HA
True
1486752036.666
66
HA
True
1486752036.704
0
HO
False
1486752036.742
0
HO
False
1486752036.781
0
HO
False
1486752036.820
0
HO
False
1486752036.865
0
HO
False
1486752036.897
0
HO
False
1486752036.935
0
HO
False
1486752036.973
0
HO
False
1486752037.11
0
HO
False
1486752037.51
0
HO
False
1486752037.90
0
HO
False
1486752037.128
0
HO
False
1486752037.167
0
HO
False
1486752037.206
0
HO
False
1486752037.243
0
HO
False
1486752037.283
0
HO
False
1486752037.322
0
HO
False
1486752037.358
0
HO
False
1486752037.398
0
HO
False
1486752037.437
0
HO
False
1486752037.475
0
HO
False
1486752037.513
0
HO
False
1486752037.552
0
HO
False
1486752037.590
0
HO
False
1486752037.630
0
HO
False
1486752037.668
0
HO
False
1486752037.705
0
HO
False
1486752037.760
0
HO
False
1486752037.817
0
HO
False
1486752037.900
0
HO
False
1486752037.949
0
HO
False
1486752038.3
0
HO
False
1486752038.32
0
HO
False
1486752038.56
0
HO
False
1486752038.90
0
HO
False
1486752038.134
0
HO
False
1486752038.168
0
HO
False
1486752038.208
0
HO
False
1486752038.245
0
HO
False
1486752038.284
0
HO
False
1486752038.323
0
HO
False
1486752038.367
0
HO
False
1486752038.400
0
HO
False
1486752038.439
0
HO
False
1486752038.476
0
HO
False
1486752038.516
0
HO
False
1486752038.554
0
HO
False
1486752038.592
0
HO
False
1486752038.632
0
HO
False
1486752038.670
0
HO
False
1486752038.708
0
HO
False
1486752038.745
0
HO
False
1486752038.786
0
HO
False
1486752038.824
0
HO
False
1486752038.862
0
HO
False
1486752038.901
0
HO
False
1486752038.941
0
HO
False
1486752038.977
0
HO
False
1486752039.17
0
HO
False
1486752039.62
0
HO
False
1486752039.104
0
HO
False
1486752039.148
0
HO
False
1486752039.180
0
HO
False
1486752039.213
0
HO
False
1486752039.251
0
HO
False
1486752039.286
0
HO
False
1486752039.324
0
HO
False
1486752039.363
0
HO
False
1486752039.401
0
HO
False
1486752039.441
0
HO
False
1486752039.479
0
HO
False
1486752039.517
0
HO
False
1486752039.555
0
HO
False
1486752039.594
0
HO
False
1486752039.650
0
HO
False
1486752039.766
0
HO
False
1486752039.871
0
HO
False
1486752039.903
0
HO
False
1486752039.942
0
HO
False
1486752039.979
0
HO
False
1486752040.19
0
HO
False
1486752040.58
0
HO
False
1486752040.95
0
HO
False
1486752040.134
0
HO
False
1486752040.173
0
HO
False
1486752040.211
0
HO
False
1486752040.250
0
HO
False
1486752040.289
0
HO
False
1486752040.326
0
HO
False
1486752040.366
0
HO
False
1486752040.404
0
HO
False
1486752040.443
0
HO
False
1486752040.481
0
HO
False
1486752040.519
0
HO
False
1486752040.558
0
HO
False
1486752040.596
0
HO
False
1486752040.636
0
HO
False
1486752040.674
0
HO
False
1486752040.711
0
HO
False
1486752040.751
0
HO
False
1486752040.790
0
HO
False
1486752040.829
0
HO
False
1486752040.866
0
HO
False
1486752040.905
0
HO
False
1486752040.945
0
HO
False
1486752040.982
64
HA
True
1486752041.22
64
HA
True
1486752041.60
64
HA
True
1486752041.99
67
HA
True
1486752041.136
67
HA
True
1486752041.175
67
HA
True
1486752041.214
65
HO
True
1486752041.253
65
HO
True
1486752041.291
65
HO
True
1486752041.329
61
HB
True
1486752041.375
61
HB
True
1486752041.408
61
HB
True
1486752041.444
59
HB
True
1486752041.483
59
HB
True
1486752041.522
59
HB
True
1486752041.560
0
HO
False
1486752041.599
0
HO
False
1486752041.638
0
HO
False
1486752041.676
0
HO
False
1486752041.715
0
HO
False
1486752041.753
0
HO
False
1486752041.792
0
HO
False
1486752041.830
0
HO
False
1486752041.868
0
HO
False
1486752041.907
0
HO
False
1486752041.945
0
HO
False
1486752041.988
0
HO
False
1486752042.23
0
HO
False
1486752042.63
0
HO
False
1486752042.100
0
HO
False
1486752042.139
0
HO
False
1486752042.177
0
HO
False
1486752042.216
0
HO
False
1486752042.255
0
HO
False
1486752042.293
0
HO
False
1486752042.331
0
HO
False
1486752042.369
0
HO
False
1486752042.409
0
HO
False
1486752042.447
0
HO
False
1486752042.485
0
HO
False
1486752042.525
0
HO
False
1486752042.562
0
HO
False
1486752042.600
0
HO
False
1486752042.640
0
HO
False
1486752042.679
0
HO
False
1486752042.717
0
HO
False
1486752042.753
0
HO
False
1486752042.794
0
HO
False
1486752042.832
0
HO
False
1486752042.877
0
HO
False
1486752042.909
0
HO
False
1486752042.948
0
HO
False
1486752042.985
0
HO
False
1486752043.24
0
HO
False
1486752043.65
0
HO
False
1486752043.102
0
HO
False
1486752043.140
0
HO
False
1486752043.179
0
HO
False
1486752043.217
0
HO
False
1486752043.256
0
HO
False
1486752043.294
0
HO
False
1486752043.334
0
HO
False
1486752043.373
0
HO
False
1486752043.410
0
HO
False
1486752043.449
0
HO
False
1486752043.488
0
HO
False
1486752043.527
0
HO
False
1486752043.566
0
HO
False
1486752043.602
0
HO
False
1486752043.642
0
HO
False
1486752043.701
0
HO
False
1486752043.805
0
HO
False
1486752043.846
0
HO
False
1486752043.894
0
HO
False
1486752043.921
0
HO
False
1486752043.952
0
HO
False
1486752043.991
0
HO
False
1486752044.33
0
HO
False
1486752044.70
0
HO
False
1486752044.105
0
HO
False
1486752044.145
0
HO
False
1486752044.182
0
HO
False
1486752044.220
0
HO
False
1486752044.258
0
HO
False
1486752044.297
0
HO
False
1486752044.335
0
HO
False
1486752044.378
0
HO
False
1486752044.412
0
HO
False
1486752044.451
0
HO
False
1486752044.490
0
HO
False
1486752044.527
0
HO
False
1486752044.566
0
HO
False
1486752044.604
0
HO
False
1486752044.645
0
HO
False
1486752044.683
0
HO
False
1486752044.720
0
HO
False
1486752044.759
0
HO
False
1486752044.798
0
HO
False
1486752044.835
0
HO
False
1486752044.876
0
HO
False
1486752044.913
0
HO
False
1486752044.953
0
HO
False
1486752044.992
0
HO
False
1486752045.29
0
HO
False
1486752045.68
0
HO
False
1486752045.106
0
HO
False
1486752045.145
0
HO
False
1486752045.185
0
HO
False
1486752045.222
0
HO
False
1486752045.259
0
HO
False
1486752045.298
0
HO
False
1486752045.337
0
HO
False
1486752045.376
0
HO
False
1486752045.416
0
HO
False
1486752045.452
0
HO
False
1486752045.492
0
HO
False
1486752045.531
0
HO
False
1486752045.568
0
HO
False
1486752045.606
0
HO
False
1486752045.663
0
HO
False
1486752045.717
0
HO
False
1486752045.809
0
HO
False
1486752045.855
0
HO
False
1486752045.954
0
HO
False
1486752045.994
0
HO
False
1486752046.32
0
HO
False
1486752046.70
0
HO
False
1486752046.107
0
HO
False
1486752046.147
0
HO
False
1486752046.185
0
HO
False
1486752046.223
0
HO
False
1486752046.262
0
HO
False
1486752046.301
0
HO
False
1486752046.338
0
HO
False
1486752046.378
0
HO
False
1486752046.416
0
HO
False
1486752046.454
0
HO
False
1486752046.495
0
HO
False
1486752046.533
0
HO
False
1486752046.571
0
HO
False
1486752046.610
0
HO
False
1486752046.647
0
HO
False
1486752046.686
0
HO
False
1486752046.725
0
HO
False
1486752046.763
0
HO
False
1486752046.803
0
HO
False
1486752046.841
0
HO
False
1486752046.879
0
HO
False
1486752046.918
0
HO
False
1486752046.958
0
HO
False
1486752046.995
0
HO
False
1486752047.33
0
HO
False
1486752047.72
0
HO
False
1486752047.111
0
HO
False
1486752047.149
0
HO
False
1486752047.187
0
HO
False
1486752047.226
0
HO
False
1486752047.265
0
HO
False
1486752047.304
0
HO
False
1486752047.341
0
HO
False
1486752047.383
0
HO
False
1486752047.418
0
HO
False
1486752047.456
0
HO
False
1486752047.496
0
HO
False
1486752047.535
0
HO
False
1486752047.572
0
HO
False
1486752047.613
0
HO
False
1486752047.650
0
HO
False
1486752047.687
0
HO
False
1486752047.727
0
HO
False
1486752047.766
0
HO
False
1486752047.805
0
HO
False
1486752047.843
0
HO
False
1486752047.881
0
HO
False
1486752047.920
65
HB
True
1486752047.958
65
HB
True
1486752047.996
65
HB
True
1486752048.36
68
HO
True
1486752048.74
68
HO
True
1486752048.114
68
HO
True
1486752048.151
68
HO
True
1486752048.189
68
HO
True
1486752048.228
68
HO
True
1486752048.266
65
HA
True
1486752048.307
65
HA
True
1486752048.343
65
HA
True
1486752048.382
56
HA
True
1486752048.421
56
HA
True
1486752048.460
56
HA
True
1486752048.498
0
HO
False
1486752048.536
0
HO
False
1486752048.575
0
HO
False
1486752048.614
0
HO
False
1486752048.652
0
HO
False
1486752048.691
0
HO
False
1486752048.729
0
HO
False
1486752048.767
0
HO
False
1486752048.806
0
HO
False
1486752048.844
0
HO
False
1486752048.883
0
HO
False
1486752048.922
0
HO
False
1486752048.960
0
HO
False
1486752048.998
0
HO
False
1486752049.38
0
HO
False
1486752049.89
0
HO
False
1486752049.124
0
HO
False
1486752049.159
0
HO
False
1486752049.191
0
HO
False
1486752049.229
0
HO
False
1486752049.268
0
HO
False
1486752049.307
0
HO
False
1486752049.346
0
HO
False
1486752049.384
0
HO
False
1486752049.425
0
HO
False
1486752049.461
0
HO
False
1486752049.500
0
HO
False
1486752049.564
0
HO
False
1486752049.654
0
HO
False
1486752049.712
0
HO
False
1486752049.807
0
HO
False
1486752049.846
0
HO
False
1486752049.885
0
HO
False
1486752049.926
0
HO
False
1486752049.961
0
HO
False
1486752049.1000
0
HO
False
1486752050.40
0
HO
False
1486752050.78
0
HO
False
1486752050.118
0
HO
False
1486752050.154
0
HO
False
1486752050.193
0
HO
False
1486752050.233
0
HO
False
1486752050.270
0
HO
False
1486752050.309
0
HO
False
1486752050.346
0
HO
False
1486752050.385
0
HO
False
1486752050.425
0
HO
False
1486752050.463
0
HO
False
1486752050.501
0
HO
False
1486752050.541
0
HO
False
1486752050.579
0
HO
False
1486752050.617
0
HO
False
1486752050.656
0
HO
False
1486752050.694
0
HO
False
1486752050.734
0
HO
False
1486752050.772
0
HO
False
1486752050.810
0
HO
False
1486752050.849
0
HO
False
1486752050.887
0
HO
False
1486752050.927
0
HO
False
1486752050.965
0
HO
False
1486752051.3
0
HO
False
1486752051.41
0
HO
False
1486752051.81
0
HO
False
1486752051.118
0
HO
False
1486752051.156
0
HO
False
1486752051.196
0
HO
False
1486752051.235
0
HO
False
1486752051.273
0
HO
False
1486752051.311
0
HO
False
1486752051.350
0
HO
False
1486752051.389
0
HO
False
1486752051.428
0
HO
False
1486752051.466
0
HO
False
1486752051.503
0
HO
False
1486752051.544
0
HO
False
1486752051.582
0
HO
False
1486752051.619
0
HO
False
1486752051.658
0
HO
False
1486752051.697
0
HO
False
1486752051.736
0
HO
False
1486752051.774
0
HO
False
1486752051.812
0
HO
False
1486752051.851
0
HO
False
1486752051.890
0
HO
False
1486752051.929
0
HO
False
1486752051.967
0
HO
False
1486752052.89
0
HO
False
1486752052.213
0
HO
False
1486752052.278
0
HO
False
1486752052.368
0
HO
False
1486752052.478
0
HO
False
1486752052.554
0
HO
False
1486752052.653
0
HO
False
1486752052.826
0
HO
False
1486752052.946
0
HO
False
1486752053.54
0
HO
False
1486752053.113
0
HO
False
1486752053.207
0
HO
False
1486752053.333
0
HO
False
1486752053.439
0
HO
False
1486752053.549
0
HO
False
1486752053.599
0
HO
False
1486752053.655
0
HO
False
1486752053.751
0
HO
False
1486752053.798
0
HO
False
1486752053.897
0
HO
False
1486752053.960
0
HO
False
1486752054.62
0
HO
False
1486752054.117
0
HO
False
1486752054.206
0
HO
False
1486752054.324
0
HO
False
1486752054.439
0
HO
False
1486752054.568
0
HO
False
1486752054.669
0
HO
False
1486752054.779
0
HO
False
1486752054.819
0
HO
False
1486752054.863
0
HO
False
1486752054.903
0
HO
False
1486752054.934
0
HO
False
1486752054.973
0
HO
False
1486752055.11
0
HO
False
1486752055.52
0
HO
False
1486752055.89
0
HO
False
1486752055.127
0
HO
False
1486752055.166
0
HO
False
1486752055.204
0
HO
False
1486752055.243
0
HO
False
1486752055.281
0
HO
False
1486752055.321
0
HO
False
1486752055.370
0
HO
False
1486752055.402
0
HO
False
1486752055.436
0
HO
False
1486752055.482
0
HO
False
1486752055.514
0
HO
False
1486752055.553
0
HO
False
1486752055.589
0
HO
False
1486752055.628
0
HO
False
1486752055.667
0
HO
False
