Next
1486751940.83
Page_Up
1486751943.5
Page_Up
1486751945.43
Next
1486751948.31
Next
1486751950.25
Page_Up
1486751954.03
Page_Up
1486751955.29
Next
1486751958.97
Next
1486751960.51
Page_Up
1486751965.91
Next
1486751970.01
Next
1486751971.79
Page_Up
1486751976.81
Page_Up
1486751977.86
Next
1486751981.71
Next
1486751983.11
Page_Up
1486751986.94
Page_Up
1486751988.34
Next
1486751992.2
Next
1486751994.24
Page_Up
1486751998.08
Page_Up
1486751999.62
Next
1486752003.63
Next
1486752005.25
Page_Up
1486752009.22
Page_Up
1486752010.7
Next
1486752014.66
Next
1486752016.52
Page_Up
1486752020.36
Page_Up
1486752022.07
Next
1486752026.11
Next
1486752027.96
Page_Up
1486752031.81
Page_Up
1486752033.77
Next
1486752037.84
Next
1486752039.72
Page_Up
1486752043.77
Page_Up
1486752045.74
Next
1486752049.62
grave
1486752052.17
