Next
1486734045.89
Page_Up
1486734049.94
Page_Up
1486734051.09
Next
1486734055.15
Next
1486734056.18
Page_Up
1486734060.29
Page_Up
1486734061.48
Next
1486734065.63
Next
1486734066.6
Page_Up
1486734070.83
Page_Up
1486734071.99
Next
1486734076.46
Next
1486734077.35
Page_Up
1486734081.88
Page_Up
1486734083.86
Next
1486734087.56
Next
1486734088.57
Page_Up
1486734093.33
Page_Up
1486734094.54
Next
1486734099.0
Next
1486734099.94
Page_Up
1486734104.5
Page_Up
1486734105.53
Next
1486734110.05
Next
1486734111.23
Page_Up
1486734115.55
Page_Up
1486734116.74
Next
1486734120.91
Next
1486734122.11
Page_Up
1486734126.57
Page_Up
1486734127.52
Next
1486734131.94
Next
1486734132.97
Page_Up
1486734137.73
Page_Up
1486734138.87
Next
1486734143.52
Next
1486734144.49
Page_Up
1486734148.97
Page_Up
1486734150.04
Next
1486734154.25
grave
1486734162.34
