1486591465.669
0
HO
False
1486591465.774
0
HO
False
1486591465.883
0
HO
False
1486591465.946
0
HO
False
1486591466.39
0
HO
False
1486591466.74
0
HO
False
1486591466.111
0
HO
False
1486591466.151
0
HO
False
1486591466.191
0
HO
False
1486591466.228
0
HO
False
1486591466.269
0
HO
False
1486591466.306
0
HO
False
1486591466.343
0
HO
False
1486591466.383
0
HO
False
1486591466.421
0
HO
False
1486591466.459
0
HO
False
1486591466.497
0
HO
False
1486591466.536
0
HO
False
1486591466.576
0
HO
False
1486591466.613
0
HO
False
1486591466.651
0
HO
False
1486591466.690
0
HO
False
1486591466.729
0
HO
False
1486591466.768
0
HO
False
1486591466.807
0
HO
False
1486591466.844
0
HO
False
1486591466.889
0
HO
False
1486591466.921
0
HO
False
1486591466.959
0
HO
False
1486591466.999
0
HO
False
1486591467.37
0
HO
False
1486591467.77
0
HO
False
1486591467.114
0
HO
False
1486591467.154
0
HO
False
1486591467.190
0
HO
False
1486591467.229
0
HO
False
1486591467.270
0
HO
False
1486591467.307
0
HO
False
1486591467.345
0
HO
False
1486591467.384
0
HO
False
1486591467.423
0
HO
False
1486591467.461
0
HO
False
1486591467.499
0
HO
False
1486591467.538
0
HO
False
1486591467.577
0
HO
False
1486591467.615
0
HO
False
1486591467.654
0
HO
False
1486591467.693
0
HO
False
1486591467.730
0
HO
False
1486591467.773
0
HO
False
1486591467.808
0
HO
False
1486591467.846
0
HO
False
1486591467.887
0
HO
False
1486591467.923
0
HO
False
1486591467.961
0
HO
False
1486591468.1
0
HO
False
1486591468.39
0
HO
False
1486591468.79
0
HO
False
1486591468.115
0
HO
False
1486591468.156
0
HO
False
1486591468.193
0
HO
False
1486591468.235
0
HO
False
1486591468.272
0
HO
False
1486591468.309
0
HO
False
1486591468.348
0
HO
False
1486591468.391
0
HO
False
1486591468.424
0
HO
False
1486591468.467
0
HO
False
1486591468.512
0
HO
False
1486591468.553
0
HO
False
1486591468.585
0
HO
False
1486591468.614
0
HO
False
1486591468.657
0
HO
False
1486591468.694
0
HO
False
1486591468.733
0
HO
False
1486591468.772
0
HO
False
1486591468.809
0
HO
False
1486591468.848
0
HO
False
1486591468.887
0
HO
False
1486591468.926
0
HO
False
1486591468.964
0
HO
False
1486591469.4
0
HO
False
1486591469.42
0
HO
False
1486591469.80
0
HO
False
1486591469.118
0
HO
False
1486591469.158
0
HO
False
1486591469.202
0
HO
False
1486591469.239
0
HO
False
1486591469.271
0
HO
False
1486591469.311
0
HO
False
1486591469.349
0
HO
False
1486591469.389
0
HO
False
1486591469.428
0
HO
False
1486591469.471
0
HO
False
1486591469.509
0
HO
False
1486591469.554
0
HO
False
1486591469.599
0
HO
False
1486591469.631
0
HO
False
1486591469.661
0
HO
False
1486591469.708
0
HO
False
1486591469.747
0
HO
False
1486591469.790
0
HO
False
1486591469.820
0
HO
False
1486591469.856
0
HO
False
1486591469.909
0
HO
False
1486591469.937
0
HO
False
1486591469.969
0
HO
False
1486591470.169
0
HO
False
1486591470.212
0
HO
False
1486591470.242
0
HO
False
1486591470.286
0
HO
False
1486591470.317
0
HO
False
1486591470.356
0
HO
False
1486591470.402
0
HO
False
1486591470.446
0
HO
False
1486591470.481
0
HO
False
1486591470.518
0
HO
False
1486591470.548
0
HO
False
1486591470.591
0
HO
False
1486591470.623
0
HO
False
1486591470.662
0
HO
False
1486591470.706
0
HO
False
1486591470.749
0
HO
False
1486591470.784
0
HO
False
1486591470.822
0
HO
False
1486591470.863
0
HO
False
1486591470.897
0
HO
False
1486591471.91
0
HO
False
1486591471.126
0
HO
False
1486591471.171
0
HO
False
1486591471.214
0
HO
False
1486591471.246
0
HO
False
1486591471.294
0
HO
False
1486591471.326
0
HO
False
1486591471.359
0
HO
False
1486591471.404
0
HO
False
1486591471.441
0
HO
False
1486591471.486
0
HO
False
1486591471.516
0
HO
False
1486591471.565
0
HO
False
1486591471.599
0
HO
False
1486591471.634
0
HO
False
1486591471.665
0
HO
False
1486591471.699
0
HO
False
1486591471.749
0
HO
False
1486591471.793
0
HO
False
1486591471.826
0
HO
False
1486591471.857
0
HO
False
1486591471.895
0
HO
False
1486591471.938
0
HO
False
1486591471.984
0
HO
False
1486591472.16
0
HO
False
1486591472.50
0
HO
False
1486591472.99
0
HO
False
1486591472.131
0
HO
False
1486591472.175
0
HO
False
1486591472.207
0
HO
False
1486591472.242
0
HO
False
1486591472.286
0
HO
False
1486591472.319
0
HO
False
1486591472.362
0
HO
False
1486591472.549
0
HO
False
1486591472.588
0
HO
False
1486591472.627
0
HO
False
1486591472.668
0
HO
False
1486591472.707
0
HO
False
1486591472.747
0
HO
False
1486591472.781
0
HO
False
1486591472.822
0
HO
False
1486591472.855
0
HO
False
1486591472.899
0
HO
False
1486591472.935
0
HO
False
1486591472.973
0
HO
False
1486591473.13
0
HO
False
1486591473.53
0
HO
False
1486591473.242
0
HO
False
1486591473.280
0
HO
False
1486591473.319
0
HO
False
1486591473.371
0
HO
False
1486591473.400
0
HO
False
1486591473.449
0
HO
False
1486591473.472
0
HO
False
1486591473.532
0
HO
False
1486591473.635
0
HO
False
1486591665.547
0
HO
False
1486591665.653
0
HO
False
1486591665.778
0
HO
False
1486591665.876
0
HO
False
1486591665.921
0
HO
False
1486591666.29
0
HO
False
1486591666.67
0
HO
False
1486591666.108
0
HO
False
1486591666.149
0
HO
False
1486591666.196
0
HO
False
1486591666.231
0
HO
False
1486591666.264
0
HO
False
1486591666.310
0
HO
False
1486591666.342
0
HO
False
1486591666.386
0
HO
False
1486591666.651
0
HO
False
1486591666.697
0
HO
False
1486591666.725
0
HO
False
1486591666.770
0
HO
False
1486591666.808
0
HO
False
1486591666.842
0
HO
False
1486591666.881
0
HO
False
1486591666.929
0
HO
False
1486591666.966
0
HO
False
1486591666.996
0
HO
False
1486591667.43
0
HO
False
1486591667.73
0
HO
False
1486591667.120
0
HO
False
1486591667.348
0
HO
False
1486591667.384
0
HO
False
1486591667.427
0
HO
False
1486591667.458
0
HO
False
1486591667.510
0
HO
False
1486591667.547
0
HO
False
1486591667.649
0
HO
False
1486591667.716
0
HO
False
1486591667.738
0
HO
False
1486591667.768
0
HO
False
1486591667.811
0
HO
False
1486591667.839
0
HO
False
1486591667.880
0
HO
False
1486591667.920
0
HO
False
1486591667.957
0
HO
False
1486591667.995
0
HO
False
1486591668.33
0
HO
False
1486591668.70
0
HO
False
1486591668.113
0
HO
False
1486591668.157
0
HO
False
1486591668.187
0
HO
False
1486591668.384
0
HO
False
1486591668.458
0
HO
False
1486591668.535
0
HO
False
1486591668.572
0
HO
False
1486591668.613
0
HO
False
1486591668.649
0
HO
False
1486591668.688
0
HO
False
1486591668.727
0
HO
False
1486591668.765
0
HO
False
1486591668.804
0
HO
False
1486591668.842
0
HO
False
1486591668.880
0
HO
False
1486591668.921
0
HO
False
1486591668.958
0
HO
False
1486591668.997
0
HO
False
1486591669.35
0
HO
False
1486591669.73
0
HO
False
1486591669.113
0
HO
False
1486591669.151
0
HO
False
1486591669.189
0
HO
False
1486591669.229
0
HO
False
1486591669.267
0
HO
False
1486591669.305
0
HO
False
1486591669.343
0
HO
False
1486591669.480
0
HO
False
1486591669.586
0
HO
False
1486591669.636
0
HO
False
1486591669.739
0
HO
False
1486591669.782
0
HO
False
1486591669.825
0
HO
False
1486591669.866
0
HO
False
1486591669.903
0
HO
False
1486591669.943
0
HO
False
1486591670.2
0
HO
False
1486591670.86
0
HO
False
1486591670.194
0
HO
False
1486591670.246
0
HO
False
1486591670.290
0
HO
False
1486591670.323
0
HO
False
1486591670.364
0
HO
False
1486591670.398
0
HO
False
1486591670.505
0
HO
False
1486591670.555
0
HO
False
1486591670.610
0
HO
False
1486591670.704
0
HO
False
1486591670.753
0
HO
False
1486591670.800
0
HO
False
1486591670.893
0
HO
False
1486591670.943
0
HO
False
1486591670.992
0
HO
False
1486591671.23
0
HO
False
1486591671.80
0
HO
False
1486591671.112
0
HO
False
1486591671.212
0
HO
False
1486591671.254
0
HO
False
1486591671.295
0
HO
False
1486591671.333
0
HO
False
1486591671.367
0
HO
False
1486591671.411
0
HO
False
1486591671.441
0
HO
False
1486591671.560
0
HO
False
1486591671.601
0
HO
False
1486591671.780
0
HO
False
1486591671.831
0
HO
False
1486591671.935
0
HO
False
1486591671.980
0
HO
False
1486591672.84
0
HO
False
1486591672.138
0
HO
False
1486591672.314
0
HO
False
1486591672.362
0
HO
False
1486591672.410
0
HO
False
1486591672.519
0
HO
False
1486591672.632
0
HO
False
1486591672.817
0
HO
False
1486591672.882
0
HO
False
1486591673.0
0
HO
False
1486591673.93
0
HO
False
1486591673.144
0
HO
False
1486591673.184
0
HO
False
1486591673.216
0
HO
False
1486591673.238
0
HO
False
1486591673.274
0
HO
False
1486591673.314
0
HO
False
1486591673.352
0
HO
False
1486591673.390
0
HO
False
1486591673.431
0
HO
False
1486591673.467
0
HO
False
1486591673.506
0
HO
False
1486591673.549
0
HO
False
1486591673.581
0
HO
False
1486591673.622
0
HO
False
1486591673.660
0
HO
False
1486591673.698
0
HO
False
1486591673.740
0
HO
False
1486591673.776
0
HO
False
1486591673.814
0
HO
False
1486591673.853
0
HO
False
1486591673.892
0
HO
False
1486591673.931
0
HO
False
1486591673.969
0
HO
False
1486591674.8
0
HO
False
1486591674.47
0
HO
False
1486591674.84
0
HO
False
1486591674.122
0
HO
False
1486591674.168
0
HO
False
1486591674.199
0
HO
False
1486591674.240
0
HO
False
1486591674.277
0
HO
False
1486591674.314
0
HO
False
1486591674.353
0
HO
False
1486591674.392
0
HO
False
1486591674.430
0
HO
False
1486591674.470
0
HO
False
1486591674.508
0
HO
False
1486591674.549
0
HO
False
1486591674.586
0
HO
False
1486591674.629
0
HO
False
1486591674.666
0
HO
False
1486591674.699
0
HO
False
1486591674.741
0
HO
False
1486591674.778
0
HO
False
1486591674.816
0
HO
False
1486591674.857
0
HO
False
1486591674.893
0
HO
False
1486591674.932
0
HO
False
1486591674.971
0
HO
False
1486591675.10
0
HO
False
1486591675.49
0
HO
False
1486591675.86
0
HO
False
1486591675.124
0
HO
False
1486591675.164
0
HO
False
1486591675.202
0
HO
False
1486591675.243
0
HO
False
1486591675.280
0
HO
False
1486591675.318
0
HO
False
1486591675.355
0
HO
False
1486591675.394
0
HO
False
1486591675.432
0
HO
False
1486591675.471
0
HO
False
1486591675.511
0
HO
False
1486591675.551
0
HO
False
1486591675.587
0
HO
False
1486591675.626
0
HO
False
1486591675.670
0
HO
False
1486591675.705
0
HO
False
1486591675.742
0
HO
False
1486591675.781
0
HO
False
1486591675.819
0
HO
False
1486591675.857
0
HO
False
1486591675.896
0
HO
False
1486591675.933
0
HO
False
1486591675.973
0
HO
False
1486591676.12
0
HO
False
1486591676.51
0
HO
False
1486591676.88
0
HO
False
1486591676.127
0
HO
False
1486591676.165
0
HO
False
1486591676.205
0
HO
False
1486591676.244
0
HO
False
1486591676.281
0
HO
False
1486591676.320
0
HO
False
1486591676.358
0
HO
False
1486591676.397
0
HO
False
1486591676.437
0
HO
False
1486591676.475
0
HO
False
1486591676.513
0
HO
False
1486591676.553
0
HO
False
1486591676.590
0
HO
False
1486591676.628
0
HO
False
1486591676.669
0
HO
False
1486591676.704
0
HO
False
1486591676.745
0
HO
False
1486591676.783
0
HO
False
1486591676.820
0
HO
False
1486591676.860
0
HO
False
1486591676.898
0
HO
False
1486591676.937
0
HO
False
1486591676.976
0
HO
False
1486591677.14
0
HO
False
1486591677.54
0
HO
False
1486591677.91
0
HO
False
1486591677.129
0
HO
False
1486591677.172
0
HO
False
1486591677.207
0
HO
False
1486591677.246
0
HO
False
1486591677.284
0
HO
False
1486591677.321
0
HO
False
1486591677.359
0
HO
False
1486591677.399
0
HO
False
1486591677.436
0
HO
False
1486591677.476
0
HO
False
1486591677.514
0
HO
False
1486591677.553
0
HO
False
1486591677.592
0
HO
False
1486591677.631
0
HO
False
1486591677.668
0
HO
False
1486591677.707
0
HO
False
1486591677.748
0
HO
False
1486591677.784
0
HO
False
1486591677.823
0
HO
False
1486591677.861
0
HO
False
1486591677.900
0
HO
False
1486591677.940
0
HO
False
1486591677.978
0
HO
False
1486591678.15
0
HO
False
1486591678.53
0
HO
False
1486591678.92
0
HO
False
1486591678.131
0
HO
False
1486591678.170
0
HO
False
1486591678.208
0
HO
False
1486591678.249
0
HO
False
1486591678.285
0
HO
False
1486591678.322
0
HO
False
1486591678.362
0
HO
False
1486591678.401
0
HO
False
1486591678.441
0
HO
False
1486591678.479
0
HO
False
1486591678.516
0
HO
False
1486591678.556
0
HO
False
1486591678.593
0
HO
False
1486591678.632
0
HO
False
1486591678.676
0
HO
False
1486591678.712
0
HO
False
1486591678.749
0
HO
False
1486591678.787
0
HO
False
1486591678.824
0
HO
False
1486591678.864
0
HO
False
1486591678.902
0
HO
False
1486591678.942
0
HO
False
1486591678.980
0
HO
False
1486591679.17
0
HO
False
1486591679.59
0
HO
False
1486591679.95
0
HO
False
1486591679.133
0
HO
False
1486591679.172
0
HO
False
1486591679.210
0
HO
False
1486591679.251
0
HO
False
1486591679.287
0
HO
False
1486591679.325
0
HO
False
1486591679.365
0
HO
False
1486591679.404
0
HO
False
1486591679.443
0
HO
False
1486591679.480
0
HO
False
1486591679.520
0
HO
False
1486591679.556
0
HO
False
1486591679.596
0
HO
False
1486591679.632
0
HO
False
1486591679.673
0
HO
False
1486591679.710
0
HO
False
1486591679.751
0
HO
False
1486591679.788
0
HO
False
1486591679.827
0
HO
False
1486591679.866
0
HO
False
1486591679.904
0
HO
False
1486591679.944
0
HO
False
1486591679.981
0
HO
False
1486591680.20
0
HO
False
1486591680.59
0
HO
False
1486591680.97
0
HO
False
1486591680.135
0
HO
False
1486591680.256
0
HO
False
1486591680.381
0
HO
False
1486591680.445
0
HO
False
1486591680.604
0
HO
False
1486591680.714
0
HO
False
1486591680.781
0
HO
False
1486591680.872
0
HO
False
1486591680.932
0
HO
False
1486591680.964
0
HO
False
1486591681.22
0
HO
False
1486591681.108
0
HO
False
1486591681.160
0
HO
False
1486591681.344
0
HO
False
1486591681.463
0
HO
False
1486591681.567
0
HO
False
1486591681.610
0
HO
False
1486591681.720
0
HO
False
1486591681.832
0
HO
False
1486591681.869
0
HO
False
1486591681.908
0
HO
False
1486591681.949
0
HO
False
1486591681.991
0
HO
False
1486591682.30
0
HO
False
1486591682.69
0
HO
False
1486591682.101
0
HO
False
1486591682.140
0
HO
False
1486591682.177
0
HO
False
1486591682.217
0
HO
False
1486591682.256
0
HO
False
1486591682.294
0
HO
False
1486591682.332
0
HO
False
1486591682.372
0
HO
False
1486591682.411
0
HO
False
1486591682.450
0
HO
False
1486591682.487
0
HO
False
1486591682.679
0
HO
False
1486591682.719
0
HO
False
1486591682.759
56
HA
True
1486591682.795
56
HA
True
1486591682.834
56
HA
True
1486591682.872
56
HA
True
1486591682.910
56
HA
True
1486591682.950
56
HA
True
1486591682.989
54
HO
True
1486591683.25
54
HO
True
1486591683.72
54
HO
True
1486591683.110
58
HO
True
1486591683.147
58
HO
True
1486591683.179
58
HO
True
1486591683.222
56
HB
True
1486591683.257
56
HB
True
1486591683.296
56
HB
True
1486591683.334
17
HB
True
1486591683.373
17
HB
True
1486591683.411
17
HB
True
1486591683.450
0
HB
True
1486591683.488
0
HB
True
1486591683.528
0
HB
True
1486591683.564
0
HO
False
1486591683.604
0
HO
False
1486591683.659
0
HO
False
1486591683.703
0
HO
False
1486591683.745
0
HO
False
1486591683.766
0
HO
False
1486591683.795
0
HO
False
1486591683.839
0
HO
False
1486591683.876
0
HO
False
1486591683.912
0
HO
False
1486591683.956
0
HO
False
1486591683.989
0
HO
False
1486591684.27
0
HO
False
1486591684.66
0
HO
False
1486591684.105
0
HO
False
1486591684.146
0
HO
False
1486591684.185
0
HO
False
1486591684.224
0
HO
False
1486591684.262
0
HO
False
1486591684.300
0
HO
False
1486591684.337
0
HO
False
1486591684.375
0
HO
False
1486591684.414
0
HO
False
1486591684.454
0
HO
False
1486591684.491
0
HO
False
1486591684.529
0
HO
False
1486591684.568
0
HO
False
1486591684.605
0
HO
False
1486591684.646
0
HO
False
1486591684.688
0
HO
False
1486591684.743
0
HO
False
1486591684.794
0
HO
False
1486591684.876
0
HO
False
1486591684.914
0
HO
False
1486591684.954
0
HO
False
1486591684.991
0
HO
False
1486591685.30
0
HO
False
1486591685.68
0
HO
False
1486591685.107
0
HO
False
1486591685.145
0
HO
False
1486591685.184
0
HO
False
1486591685.225
0
HO
False
1486591685.267
0
HO
False
1486591685.304
0
HO
False
1486591685.343
0
HO
False
1486591685.381
0
HO
False
1486591685.447
0
HO
False
1486591685.531
0
HO
False
1486591685.584
0
HO
False
1486591685.685
0
HO
False
1486591685.727
0
HO
False
1486591685.763
0
HO
False
1486591685.802
0
HO
False
1486591685.840
0
HO
False
1486591685.879
0
HO
False
1486591685.916
0
HO
False
1486591685.957
0
HO
False
1486591685.994
0
HO
False
1486591686.31
0
HO
False
1486591686.71
0
HO
False
1486591686.110
0
HO
False
1486591686.150
0
HO
False
1486591686.190
0
HO
False
1486591686.227
0
HO
False
1486591686.266
0
HO
False
1486591686.300
0
HO
False
1486591686.341
0
HO
False
1486591686.382
0
HO
False
1486591686.418
0
HO
False
1486591686.459
0
HO
False
1486591686.497
0
HO
False
1486591686.533
0
HO
False
1486591686.574
0
HO
False
1486591686.775
0
HO
False
1486591686.831
0
HO
False
1486591686.919
0
HO
False
1486591686.960
0
HO
False
1486591686.997
0
HO
False
1486591687.34
0
HO
False
1486591687.73
0
HO
False
1486591687.112
0
HO
False
1486591687.150
0
HO
False
1486591687.189
0
HO
False
1486591687.228
0
HO
False
1486591687.268
0
HO
False
1486591687.305
0
HO
False
1486591687.343
0
HO
False
1486591687.381
0
HO
False
1486591687.420
0
HO
False
1486591687.459
0
HO
False
1486591687.497
0
HO
False
1486591687.535
0
HO
False
1486591687.574
0
HO
False
1486591687.613
0
HO
False
1486591687.652
0
HO
False
1486591687.693
0
HO
False
1486591687.729
0
HO
False
1486591687.768
0
HO
False
1486591687.805
0
HO
False
1486591687.844
0
HO
False
1486591687.882
0
HO
False
1486591687.921
0
HO
False
1486591687.961
0
HO
False
1486591687.999
0
HO
False
1486591688.36
0
HO
False
1486591688.74
0
HO
False
1486591688.114
0
HO
False
1486591688.153
0
HO
False
1486591688.189
0
HO
False
1486591688.229
0
HO
False
1486591688.269
0
HO
False
1486591688.306
0
HO
False
1486591688.345
0
HO
False
1486591688.384
0
HO
False
1486591688.422
0
HO
False
1486591688.463
0
HO
False
1486591688.500
0
HO
False
1486591688.537
0
HB
True
1486591688.574
0
HB
True
1486591688.614
0
HB
True
1486591688.653
56
HB
True
1486591688.691
56
HB
True
1486591688.730
56
HB
True
1486591688.770
58
HB
True
1486591688.807
58
HB
True
1486591688.847
58
HB
True
1486591688.884
57
HO
True
1486591688.922
57
HO
True
1486591688.963
57
HO
True
1486591689.0
59
HA
True
1486591689.38
59
HA
True
1486591689.77
59
HA
True
1486591689.116
11
HA
True
1486591689.154
11
HA
True
1486591689.194
11
HA
True
1486591689.231
0
HA
True
1486591689.271
0
HA
True
1486591689.308
0
HA
True
1486591689.347
0
HO
False
1486591689.386
0
HO
False
1486591689.424
0
HO
False
1486591689.478
0
HO
False
1486591689.518
0
HO
False
1486591689.543
0
HO
False
1486591689.584
0
HO
False
1486591689.620
0
HO
False
1486591689.657
0
HO
False
1486591689.694
0
HO
False
1486591689.732
0
HO
False
1486591689.772
0
HO
False
1486591689.809
0
HO
False
1486591689.849
0
HO
False
1486591689.886
0
HO
False
1486591689.926
0
HO
False
1486591689.965
0
HO
False
1486591690.3
0
HO
False
1486591690.42
0
HO
False
1486591690.78
0
HO
False
1486591690.138
0
HO
False
1486591690.234
0
HO
False
1486591690.296
0
HO
False
1486591690.340
0
HO
False
1486591690.363
0
HO
False
1486591690.385
0
HO
False
1486591690.425
0
HO
False
1486591690.470
0
HO
False
1486591690.504
0
HO
False
1486591690.542
0
HO
False
1486591690.580
0
HO
False
1486591690.619
0
HO
False
1486591690.658
0
HO
False
1486591690.699
0
HO
False
1486591690.736
0
HO
False
1486591690.775
0
HO
False
1486591690.811
0
HO
False
1486591690.850
0
HO
False
1486591690.889
0
HO
False
1486591690.926
0
HO
False
1486591690.968
0
HO
False
1486591691.3
0
HO
False
1486591691.42
0
HO
False
1486591691.80
0
HO
False
1486591691.139
0
HO
False
1486591691.247
0
HO
False
1486591691.312
0
HO
False
1486591691.329
0
HO
False
1486591691.363
0
HO
False
1486591691.389
0
HO
False
1486591691.429
0
HO
False
1486591691.468
0
HO
False
1486591691.505
0
HO
False
1486591691.545
0
HO
False
1486591691.583
0
HO
False
1486591691.622
0
HO
False
1486591691.660
0
HO
False
1486591691.697
0
HO
False
1486591691.746
0
HO
False
1486591691.794
0
HO
False
1486591691.824
0
HO
False
1486591691.873
0
HO
False
1486591691.891
0
HO
False
1486591691.929
0
HO
False
1486591691.969
0
HO
False
1486591692.6
0
HO
False
1486591692.46
0
HO
False
1486591692.84
0
HO
False
1486591692.122
0
HO
False
1486591692.161
0
HO
False
1486591692.199
0
HO
False
1486591692.238
0
HO
False
1486591692.430
0
HO
False
1486591692.471
0
HA
True
1486591692.507
0
HA
True
1486591692.547
0
HA
True
1486591692.583
56
HA
True
1486591692.624
56
HA
True
1486591692.662
56
HA
True
1486591692.700
57
HO
True
1486591692.738
57
HO
True
1486591692.779
57
HO
True
1486591692.815
58
HO
True
1486591692.854
58
HO
True
1486591692.892
58
HO
True
1486591692.931
59
HB
True
1486591692.972
59
HB
True
1486591693.8
59
HB
True
1486591693.49
14
HB
True
1486591693.85
14
HB
True
1486591693.124
14
HB
True
1486591693.163
0
HB
True
1486591693.200
0
HB
True
1486591693.239
0
HB
True
1486591693.278
0
HO
False
1486591693.317
0
HO
False
1486591693.356
0
HO
False
1486591693.395
0
HO
False
1486591693.432
0
HO
False
1486591693.473
0
HO
False
1486591693.510
0
HO
False
1486591693.549
0
HO
False
1486591693.587
0
HO
False
1486591693.624
0
HO
False
1486591693.664
0
HO
False
1486591693.705
0
HO
False
1486591693.740
0
HO
False
1486591693.781
0
HO
False
1486591693.818
0
HO
False
1486591693.857
0
HO
False
1486591693.894
0
HO
False
1486591693.934
0
HO
False
1486591693.975
0
HO
False
1486591694.10
0
HO
False
1486591694.53
0
HO
False
1486591694.87
0
HO
False
1486591694.125
0
HO
False
1486591694.166
0
HO
False
1486591694.203
0
HO
False
1486591694.242
0
HO
False
1486591694.281
0
HO
False
1486591694.319
0
HO
False
1486591694.357
0
HO
False
1486591694.396
0
HO
False
1486591694.434
0
HO
False
1486591694.628
0
HO
False
1486591694.669
0
HO
False
1486591694.705
0
HO
False
1486591694.744
0
HO
False
1486591694.782
0
HO
False
1486591694.819
0
HO
False
1486591694.859
0
HO
False
1486591694.896
0
HO
False
1486591694.936
0
HO
False
1486591694.975
0
HO
False
1486591695.13
0
HO
False
1486591695.53
0
HO
False
1486591695.89
0
HO
False
1486591695.129
0
HO
False
1486591695.168
0
HO
False
1486591695.229
0
HO
False
1486591695.321
0
HO
False
1486591695.376
0
HO
False
1486591695.431
0
HO
False
1486591695.524
0
HO
False
1486591695.551
0
HO
False
1486591695.594
0
HO
False
1486591695.628
0
HO
False
1486591695.670
0
HO
False
1486591695.707
0
HO
False
1486591695.745
0
HO
False
1486591695.784
0
HO
False
1486591695.821
0
HO
False
1486591695.859
0
HO
False
1486591695.899
0
HO
False
1486591695.937
0
HO
False
1486591695.978
0
HO
False
1486591696.15
0
HO
False
1486591696.53
0
HO
False
1486591696.91
0
HO
False
1486591696.135
0
HO
False
1486591696.248
0
HO
False
1486591696.292
0
HO
False
1486591696.341
0
HO
False
1486591696.392
0
HO
False
1486591696.411
0
HO
False
1486591696.437
0
HO
False
1486591696.479
0
HO
False
1486591696.516
0
HO
False
1486591696.555
0
HO
False
1486591696.593
0
HO
False
1486591696.630
0
HO
False
1486591696.823
0
HO
False
1486591696.862
0
HO
False
1486591696.901
0
HO
False
1486591696.940
0
HO
False
1486591696.980
0
HO
False
1486591697.18
0
HO
False
1486591697.56
0
HO
False
1486591697.97
0
HO
False
1486591697.134
0
HO
False
1486591697.173
0
HO
False
1486591697.211
0
HO
False
1486591697.248
0
HO
False
1486591697.287
0
HO
False
1486591697.325
0
HO
False
1486591697.368
0
HO
False
1486591697.402
0
HO
False
1486591697.441
0
HO
False
1486591697.479
0
HO
False
1486591697.517
0
HO
False
1486591697.556
0
HO
False
1486591697.595
0
HO
False
1486591697.634
0
HO
False
1486591697.674
0
HO
False
1486591697.709
0
HO
False
1486591697.749
0
HO
False
1486591697.788
0
HO
False
1486591697.825
0
HO
False
1486591697.866
0
HO
False
1486591697.904
0
HO
False
1486591697.941
0
HO
False
1486591697.981
0
HO
False
1486591698.20
0
HO
False
1486591698.58
0
HO
False
1486591698.97
0
HO
False
1486591698.134
0
HO
False
1486591698.180
0
HO
False
1486591698.212
0
HO
False
1486591698.249
0
HO
False
1486591698.290
0
HO
False
1486591698.327
0
HO
False
1486591698.368
0
HO
False
1486591698.404
0
HO
False
1486591698.446
0
HO
False
1486591698.481
0
HB
True
1486591698.520
0
HB
True
1486591698.559
0
HB
True
1486591698.597
53
HB
True
1486591698.635
53
HB
True
1486591698.676
53
HB
True
1486591698.711
56
HB
True
1486591698.751
56
HB
True
1486591698.790
56
HB
True
1486591698.828
58
HO
True
1486591698.868
58
HO
True
1486591698.905
58
HO
True
1486591698.944
57
HA
True
1486591698.982
57
HA
True
1486591699.21
57
HA
True
1486591699.60
59
HA
True
1486591699.98
59
HA
True
1486591699.136
59
HA
True
1486591699.176
5
HA
True
1486591699.213
5
HA
True
1486591699.252
5
HA
True
1486591699.290
0
HO
False
1486591699.328
0
HO
False
1486591699.370
0
HO
False
1486591699.409
0
HO
False
1486591699.445
0
HO
False
1486591699.483
0
HO
False
1486591699.522
0
HO
False
1486591699.561
0
HO
False
1486591699.611
0
HO
False
1486591699.641
0
HO
False
1486591700.831
0
HO
False
1486591701.25
0
HO
False
1486591701.63
0
HO
False
1486591701.260
0
HO
False
1486591701.308
0
HO
False
1486591701.331
0
HO
False
1486591701.373
0
HO
False
1486591701.410
0
HO
False
1486591701.448
0
HO
False
1486591701.489
0
HO
False
1486591701.526
0
HO
False
1486591701.565
0
HO
False
1486591701.605
0
HO
False
1486591701.642
0
HO
False
1486591701.681
0
HO
False
1486591701.737
0
HO
False
1486591701.772
0
HO
False
1486591701.816
0
HO
False
1486591701.849
0
HO
False
1486591701.874
0
HO
False
1486591701.911
0
HO
False
1486591701.949
0
HO
False
1486591701.989
0
HO
False
1486591702.27
0
HO
False
1486591702.65
0
HO
False
1486591702.105
0
HO
False
1486591702.142
0
HO
False
1486591702.183
0
HO
False
1486591702.219
0
HO
False
1486591702.258
0
HO
False
1486591702.297
0
HO
False
1486591702.335
0
HO
False
1486591702.375
0
HO
False
1486591702.413
53
HA
True
1486591702.451
53
HA
True
1486591702.489
53
HA
True
1486591702.528
59
HA
True
1486591702.567
59
HA
True
1486591702.605
59
HA
True
1486591702.643
54
HO
True
1486591702.691
54
HO
True
1486591702.723
54
HO
True
1486591702.760
55
HO
True
1486591702.797
55
HO
True
1486591702.837
55
HO
True
1486591702.876
56
HB
True
1486591702.914
56
HB
True
1486591702.951
56
HB
True
1486591702.990
14
HB
True
1486591703.29
14
HB
True
1486591703.67
14
HB
True
1486591703.107
0
HB
True
1486591703.145
0
HB
True
1486591703.183
0
HB
True
1486591703.221
0
HO
False
1486591703.260
0
HO
False
1486591703.298
0
HO
False
1486591703.338
0
HO
False
1486591703.377
0
HO
False
1486591703.415
0
HO
False
1486591703.453
0
HO
False
1486591703.491
0
HO
False
1486591703.532
0
HO
False
1486591703.568
0
HO
False
1486591703.607
0
HO
False
1486591703.646
0
HO
False
1486591703.685
0
HO
False
1486591703.724
0
HO
False
1486591703.762
0
HO
False
1486591703.800
0
HO
False
1486591703.839
0
HO
False
1486591703.879
0
HO
False
1486591703.915
0
HO
False
1486591703.954
0
HO
False
1486591704.3
0
HO
False
1486591704.33
0
HO
False
1486591704.71
0
HO
False
1486591704.108
0
HO
False
1486591704.147
0
HO
False
1486591704.186
0
HO
False
1486591704.224
0
HO
False
1486591704.263
0
HO
False
1486591704.301
0
HO
False
1486591704.340
0
HO
False
1486591704.380
0
HO
False
1486591704.418
0
HO
False
1486591704.456
0
HO
False
1486591704.494
0
HO
False
1486591704.533
0
HO
False
1486591704.572
0
HO
False
1486591704.609
0
HO
False
1486591704.647
0
HO
False
1486591704.689
0
HO
False
1486591704.725
0
HO
False
1486591704.767
0
HO
False
1486591704.803
0
HO
False
1486591704.840
0
HO
False
1486591704.900
0
HO
False
1486591704.995
0
HO
False
1486591705.34
0
HO
False
1486591705.86
0
HO
False
1486591705.139
0
HO
False
1486591705.174
0
HO
False
1486591705.194
0
HO
False
1486591705.224
0
HO
False
1486591705.262
0
HO
False
1486591705.308
0
HO
False
1486591705.342
0
HO
False
1486591705.382
0
HO
False
1486591705.417
0
HO
False
1486591705.456
0
HO
False
1486591705.496
0
HO
False
1486591705.534
0
HO
False
1486591705.574
0
HO
False
1486591705.613
0
HO
False
1486591705.651
0
HO
False
1486591705.688
0
HO
False
1486591705.727
0
HO
False
1486591705.765
0
HO
False
1486591705.804
0
HO
False
1486591705.842
0
HO
False
1486591705.883
0
HO
False
1486591705.919
0
HO
False
1486591705.976
0
HO
False
1486591706.30
0
HO
False
1486591706.53
0
HO
False
1486591706.79
0
HO
False
1486591706.122
0
HO
False
1486591706.170
0
HO
False
1486591706.213
0
HO
False
1486591706.239
0
HO
False
1486591706.265
0
HO
False
1486591706.308
0
HO
False
1486591706.344
0
HO
False
1486591706.384
0
HO
False
1486591706.421
0
HO
False
1486591706.459
0
HO
False
1486591706.498
0
HO
False
1486591706.537
0
HO
False
1486591706.577
0
HO
False
1486591706.616
0
HO
False
1486591706.653
0
HO
False
1486591706.690
0
HO
False
1486591706.729
0
HO
False
1486591706.768
0
HO
False
1486591706.807
0
HO
False
1486591706.846
0
HO
False
1486591706.884
0
HO
False
1486591706.923
0
HO
False
1486591706.961
0
HO
False
1486591706.999
0
HO
False
1486591707.38
0
HO
False
1486591707.76
0
HO
False
1486591707.114
0
HO
False
1486591707.154
0
HO
False
1486591707.192
0
HO
False
1486591707.233
0
HO
False
1486591707.268
0
HO
False
1486591707.308
0
HO
False
1486591707.346
0
HO
False
1486591707.385
0
HO
False
1486591707.423
0
HO
False
1486591707.462
0
HO
False
1486591707.500
0
HO
False
1486591707.538
0
HO
False
1486591707.576
0
HO
False
1486591707.615
0
HO
False
1486591707.654
0
HO
False
1486591707.692
0
HO
False
1486591707.731
0
HO
False
1486591707.770
0
HO
False
1486591707.809
0
HO
False
1486591707.847
0
HO
False
1486591707.887
0
HO
False
1486591707.925
0
HO
False
1486591707.964
0
HO
False
1486591708.1
0
HO
False
1486591708.40
0
HO
False
1486591708.80
0
HO
False
1486591708.116
0
HO
False
1486591708.154
0
HO
False
1486591708.194
0
HO
False
1486591708.236
0
HO
False
1486591708.271
0
HO
False
1486591708.309
0
HO
False
1486591708.348
0
HO
False
1486591708.387
0
HO
False
1486591708.425
50
HB
True
1486591708.463
50
HB
True
1486591708.501
50
HB
True
1486591708.541
59
HB
True
1486591708.580
59
HB
True
1486591708.619
59
HB
True
1486591708.657
58
HO
True
1486591708.702
58
HO
True
1486591708.733
58
HO
True
1486591708.772
57
HO
True
1486591708.811
57
HO
True
1486591708.849
57
HO
True
1486591708.889
56
HA
True
1486591708.927
56
HA
True
1486591708.965
56
HA
True
1486591709.4
50
HA
True
1486591709.42
50
HA
True
1486591709.82
50
HA
True
1486591709.119
0
HA
True
1486591709.157
0
HA
True
1486591709.198
0
HA
True
1486591709.234
0
HO
False
1486591709.273
0
HO
False
1486591709.312
0
HO
False
1486591709.350
0
HO
False
1486591709.389
0
HO
False
1486591709.428
0
HO
False
1486591709.468
0
HO
False
1486591709.524
0
HO
False
1486591709.621
0
HO
False
1486591709.674
0
HO
False
1486591709.715
0
HO
False
1486591709.756
0
HO
False
1486591709.775
0
HO
False
1486591709.814
0
HO
False
1486591709.852
0
HO
False
1486591709.892
0
HO
False
1486591709.929
0
HO
False
1486591709.968
0
HO
False
1486591710.5
0
HO
False
1486591710.44
0
HO
False
1486591710.81
0
HO
False
1486591710.122
0
HO
False
1486591710.161
0
HO
False
1486591710.207
0
HO
False
1486591710.237
0
HO
False
1486591710.276
0
HO
False
1486591710.313
0
HO
False
1486591710.352
0
HO
False
1486591710.391
0
HO
False
1486591710.429
0
HO
False
1486591710.467
0
HO
False
1486591710.507
0
HO
False
1486591710.546
0
HO
False
1486591710.583
0
HO
False
1486591710.623
0
HO
False
1486591710.661
0
HO
False
1486591710.700
0
HO
False
1486591710.737
0
HO
False
1486591710.777
0
HO
False
1486591710.814
0
HO
False
1486591710.854
0
HO
False
1486591710.894
0
HO
False
1486591710.931
0
HO
False
1486591710.969
0
HO
False
1486591711.7
0
HO
False
1486591711.46
0
HO
False
1486591711.85
0
HO
False
1486591711.123
0
HO
False
1486591711.162
0
HO
False
1486591711.202
0
HO
False
1486591711.239
0
HO
False
1486591711.277
0
HO
False
1486591711.316
0
HO
False
1486591711.368
0
HO
False
1486591711.469
0
HO
False
1486591711.509
0
HO
False
1486591711.562
0
HO
False
1486591711.662
0
HO
False
1486591711.712
0
HO
False
1486591711.752
0
HO
False
1486591711.792
0
HO
False
1486591711.818
0
HO
False
1486591711.859
0
HO
False
1486591711.895
0
HO
False
1486591711.936
0
HO
False
1486591711.970
0
HO
False
1486591712.10
0
HO
False
1486591712.49
0
HO
False
1486591712.86
0
HO
False
1486591712.125
0
HO
False
1486591712.164
0
HO
False
1486591712.204
0
HO
False
1486591712.241
0
HO
False
1486591712.280
0
HO
False
1486591712.317
0
HO
False
1486591712.357
0
HO
False
1486591712.397
0
HO
False
1486591712.434
0
HO
False
1486591712.472
0
HO
False
1486591712.512
0
HO
False
1486591712.550
0
HO
False
1486591712.587
0
HO
False
1486591712.627
0
HO
False
1486591712.665
0
HO
False
1486591712.704
0
HO
False
1486591712.742
0
HO
False
1486591712.780
0
HO
False
1486591712.819
0
HO
False
1486591712.857
0
HO
False
1486591712.897
0
HO
False
1486591712.934
0
HA
True
1486591712.974
0
HA
True
1486591713.13
0
HA
True
1486591713.50
59
HA
True
1486591713.90
59
HA
True
1486591713.129
59
HA
True
1486591713.165
54
HA
True
1486591713.212
54
HA
True
1486591713.243
54
HA
True
1486591713.282
55
HO
True
1486591713.321
55
HO
True
1486591713.359
55
HO
True
1486591713.396
55
HO
True
1486591713.435
55
HO
True
1486591713.474
55
HO
True
1486591713.515
56
HB
True
1486591713.552
56
HB
True
1486591713.589
56
HB
True
1486591713.629
17
HB
True
1486591713.667
17
HB
True
1486591713.707
17
HB
True
1486591713.744
0
HB
True
1486591713.782
0
HB
True
1486591713.819
0
HB
True
1486591713.859
0
HO
False
1486591713.898
0
HO
False
1486591713.937
0
HO
False
1486591713.975
0
HO
False
1486591714.18
0
HO
False
1486591714.52
0
HO
False
1486591714.91
0
HO
False
1486591714.129
0
HO
False
1486591714.168
0
HO
False
1486591714.207
0
HO
False
1486591714.245
0
HO
False
1486591714.283
0
HO
False
1486591714.323
0
HO
False
1486591714.361
0
HO
False
1486591714.398
0
HO
False
1486591714.438
0
HO
False
1486591714.478
0
HO
False
1486591714.516
0
HO
False
1486591714.554
0
HO
False
1486591714.591
0
HO
False
1486591714.630
0
HO
False
1486591714.670
0
HO
False
1486591714.717
0
HO
False
1486591714.748
0
HO
False
1486591714.785
0
HO
False
1486591714.825
0
HO
False
1486591714.861
0
HO
False
1486591714.901
0
HO
False
1486591714.938
0
HO
False
1486591714.977
0
HO
False
1486591715.17
0
HO
False
1486591715.54
0
HO
False
1486591715.93
0
HO
False
1486591715.131
0
HO
False
1486591715.170
0
HO
False
1486591715.209
0
HO
False
1486591715.246
0
HO
False
1486591715.286
0
HO
False
1486591715.327
0
HO
False
1486591715.363
0
HO
False
1486591715.401
0
HO
False
1486591715.440
0
HO
False
1486591715.478
0
HO
False
1486591715.518
0
HO
False
1486591715.555
0
HO
False
1486591715.595
0
HO
False
1486591715.632
0
HO
False
1486591715.671
0
HO
False
1486591715.709
0
HO
False
1486591715.748
0
HO
False
1486591715.786
0
HO
False
1486591715.827
0
HO
False
1486591715.864
0
HO
False
1486591715.901
0
HO
False
1486591715.940
0
HO
False
1486591715.981
0
HO
False
1486591716.19
0
HO
False
1486591716.58
0
HO
False
1486591716.97
0
HO
False
1486591716.133
0
HO
False
1486591716.172
0
HO
False
1486591716.219
0
HO
False
1486591716.250
0
HO
False
1486591716.288
0
HO
False
1486591716.482
0
HO
False
1486591716.529
0
HO
False
1486591716.560
0
HO
False
1486591716.605
0
HO
False
1486591716.657
0
HO
False
1486591716.749
0
HO
False
1486591716.788
0
HO
False
1486591716.829
0
HO
False
1486591716.865
0
HO
False
1486591716.906
0
HO
False
1486591716.944
0
HO
False
1486591716.982
0
HO
False
1486591717.21
0
HO
False
1486591717.58
0
HO
False
1486591717.98
0
HO
False
1486591717.138
0
HO
False
1486591717.174
0
HO
False
1486591717.213
0
HO
False
1486591717.251
0
HO
False
1486591717.291
0
HO
False
1486591717.330
0
HO
False
1486591717.367
0
HO
False
1486591717.405
0
HO
False
1486591717.444
0
HO
False
1486591717.483
0
HO
False
1486591717.538
0
HO
False
1486591717.790
0
HO
False
1486591717.833
0
HO
False
1486591717.868
0
HO
False
1486591717.907
0
HO
False
1486591717.944
0
HO
False
1486591717.984
0
HO
False
1486591718.21
0
HO
False
1486591718.62
0
HO
False
1486591718.99
0
HO
False
1486591718.140
0
HO
False
1486591718.176
0
HO
False
1486591718.215
0
HO
False
1486591718.253
0
HO
False
1486591718.291
0
HO
False
1486591718.332
0
HO
False
1486591718.370
0
HO
False
1486591718.408
0
HO
False
1486591718.445
0
HO
False
1486591718.484
0
HO
False
1486591718.522
0
HO
False
1486591718.561
0
HO
False
1486591718.599
0
HO
False
1486591718.639
0
HO
False
1486591718.677
0
HO
False
1486591718.715
0
HO
False
1486591718.754
0
HO
False
1486591718.793
0
HO
False
1486591718.833
0
HO
False
1486591718.870
0
HO
False
1486591718.909
0
HO
False
1486591718.947
0
HO
False
1486591718.987
0
HO
False
1486591719.25
0
HO
False
1486591719.63
0
HO
False
1486591719.101
0
HO
False
1486591719.141
0
HO
False
1486591719.179
0
HO
False
1486591719.224
0
HO
False
1486591719.258
0
HO
False
1486591719.293
0
HO
False
1486591719.333
0
HO
False
1486591719.370
0
HO
False
1486591719.409
0
HO
False
1486591719.448
0
HO
False
1486591719.486
0
HO
False
1486591719.524
0
HO
False
1486591719.564
0
HO
False
1486591719.602
0
HO
False
1486591719.642
0
HO
False
1486591719.680
0
HO
False
1486591719.718
0
HO
False
1486591719.756
0
HO
False
1486591719.795
0
HO
False
1486591719.836
0
HO
False
1486591719.872
0
HB
True
1486591719.911
0
HB
True
1486591719.949
0
HB
True
1486591719.987
50
HB
True
1486591720.26
50
HB
True
1486591720.65
50
HB
True
1486591720.103
56
HB
True
1486591720.144
56
HB
True
1486591720.181
56
HB
True
1486591720.219
58
HB
True
1486591720.257
58
HB
True
1486591720.296
58
HB
True
1486591720.337
57
HO
True
1486591720.373
57
HO
True
1486591720.412
57
HO
True
1486591720.450
56
HA
True
1486591720.488
56
HA
True
1486591720.527
56
HA
True
1486591720.566
59
HA
True
1486591720.605
59
HA
True
1486591720.644
59
HA
True
1486591720.681
8
HA
True
1486591720.728
8
HA
True
1486591720.763
8
HA
True
1486591720.796
0
HA
True
1486591720.838
0
HA
True
1486591720.875
0
HA
True
1486591720.914
0
HO
False
1486591720.951
0
HO
False
1486591720.989
0
HO
False
1486591721.28
0
HO
False
1486591721.66
0
HO
False
1486591721.105
0
HO
False
1486591721.145
0
HO
False
1486591721.182
0
HO
False
1486591721.221
0
HO
False
1486591721.259
0
HO
False
1486591721.298
0
HO
False
1486591721.338
0
HO
False
1486591721.377
0
HO
False
1486591721.414
0
HO
False
1486591721.452
0
HO
False
1486591721.491
0
HO
False
1486591721.530
0
HO
False
1486591721.567
0
HO
False
1486591721.606
0
HO
False
1486591721.646
0
HO
False
1486591721.683
0
HO
False
1486591721.727
0
HO
False
1486591721.775
0
HO
False
1486591721.819
0
HO
False
1486591721.852
0
HO
False
1486591721.877
0
HO
False
1486591721.914
0
HO
False
1486591721.955
0
HO
False
1486591721.991
0
HO
False
1486591722.30
0
HO
False
1486591722.68
0
HO
False
1486591722.108
0
HO
False
1486591722.147
0
HO
False
1486591722.184
0
HO
False
1486591722.307
0
HO
False
1486591722.358
0
HO
False
1486591722.454
0
HO
False
1486591722.493
0
HO
False
1486591722.531
0
HO
False
1486591722.569
0
HO
False
1486591722.608
0
HO
False
1486591722.648
0
HO
False
1486591722.685
0
HO
False
1486591722.725
0
HO
False
1486591722.762
0
HO
False
1486591722.800
0
HO
False
1486591722.841
0
HO
False
1486591722.878
0
HO
False
1486591722.918
0
HO
False
1486591722.956
0
HO
False
1486591722.994
0
HO
False
1486591723.32
0
HO
False
1486591723.70
0
HO
False
1486591723.109
0
HO
False
1486591723.150
0
HO
False
1486591723.187
0
HO
False
1486591723.246
0
HO
False
1486591723.495
0
HO
False
1486591723.534
0
HO
False
1486591723.571
0
HO
False
1486591723.611
0
HO
False
1486591723.649
0
HO
False
1486591723.687
0
HO
False
1486591723.733
0
HO
False
1486591723.763
0
HO
False
1486591723.803
0
HO
False
1486591723.842
0
HO
False
1486591723.880
0
HO
False
1486591723.920
0
HO
False
1486591723.958
0
HO
False
1486591723.996
0
HO
False
1486591724.34
0
HO
False
1486591724.73
0
HO
False
1486591724.113
0
HO
False
1486591724.152
0
HO
False
1486591724.190
0
HO
False
1486591724.227
0
HO
False
1486591724.265
0
HO
False
1486591724.304
0
HO
False
1486591724.345
0
HO
False
1486591724.381
0
HO
False
1486591724.421
0
HO
False
1486591724.458
0
HO
False
1486591724.498
0
HO
False
1486591724.536
0
HO
False
1486591724.573
0
HO
False
1486591724.614
53
HA
True
1486591724.652
53
HA
True
1486591724.690
53
HA
True
1486591724.731
59
HA
True
1486591724.767
59
HA
True
1486591724.805
59
HA
True
1486591724.845
57
HO
True
1486591724.883
57
HO
True
1486591724.921
57
HO
True
1486591724.959
58
HO
True
1486591724.998
58
HO
True
1486591725.36
58
HO
True
1486591725.74
59
HB
True
1486591725.116
59
HB
True
1486591725.153
59
HB
True
1486591725.190
23
HB
True
1486591725.234
23
HB
True
1486591725.268
23
HB
True
1486591725.306
11
HB
True
1486591725.346
11
HB
True
1486591725.384
11
HB
True
1486591725.421
0
HB
True
1486591725.460
0
HB
True
1486591725.499
0
HB
True
1486591725.539
0
HO
False
1486591725.576
0
HO
False
1486591725.616
0
HO
False
1486591725.653
0
HO
False
1486591725.692
0
HO
False
1486591725.731
0
HO
False
1486591725.768
0
HO
False
1486591725.807
0
HO
False
1486591725.846
0
HO
False
1486591725.885
0
HO
False
1486591725.923
0
HO
False
1486591725.963
0
HO
False
1486591726.1
0
HO
False
1486591726.40
0
HO
False
1486591726.77
0
HO
False
1486591726.116
0
HO
False
1486591726.155
0
HO
False
1486591726.194
0
HO
False
1486591726.232
0
HO
False
1486591726.270
0
HO
False
1486591726.308
0
HO
False
1486591726.349
0
HO
False
1486591726.385
0
HO
False
1486591726.425
0
HO
False
1486591726.462
0
HO
False
1486591726.502
0
HO
False
1486591726.539
0
HO
False
1486591726.578
0
HO
False
1486591726.617
0
HO
False
1486591726.657
0
HO
False
1486591726.695
0
HO
False
1486591726.737
0
HO
False
1486591726.770
0
HO
False
1486591726.809
0
HO
False
1486591726.850
0
HO
False
1486591726.886
0
HO
False
1486591726.926
0
HO
False
1486591726.964
0
HO
False
1486591727.2
0
HO
False
1486591727.43
0
HO
False
1486591727.79
0
HO
False
1486591727.118
0
HO
False
1486591727.156
0
HO
False
1486591727.195
0
HO
False
1486591727.314
0
HO
False
1486591727.350
0
HO
False
1486591727.387
0
HO
False
1486591727.428
0
HO
False
1486591727.465
0
HO
False
1486591727.503
0
HO
False
1486591727.544
0
HO
False
1486591727.580
0
HO
False
1486591727.619
0
HO
False
1486591727.659
0
HO
False
1486591727.695
0
HO
False
1486591727.734
0
HO
False
1486591727.805
0
HO
False
1486591727.907
0
HO
False
1486591727.936
0
HO
False
1486591727.969
0
HO
False
1486591728.14
0
HO
False
1486591728.60
0
HO
False
1486591728.103
0
HO
False
1486591728.121
0
HO
False
1486591728.159
0
HO
False
1486591728.196
0
HO
False
1486591728.238
0
HO
False
1486591728.274
0
HO
False
1486591728.314
0
HO
False
1486591728.353
0
HO
False
1486591728.390
0
HO
False
1486591728.428
0
HO
False
1486591728.469
0
HO
False
1486591728.505
0
HO
False
1486591728.548
0
HO
False
1486591728.582
0
HO
False
1486591728.621
0
HO
False
1486591728.660
0
HO
False
1486591728.699
0
HO
False
1486591728.736
0
HO
False
1486591728.798
0
HO
False
1486591728.976
0
HO
False
1486591729.26
0
HO
False
1486591729.60
0
HO
False
1486591729.82
0
HO
False
1486591729.121
0
HO
False
1486591729.165
0
HO
False
1486591729.198
0
HO
False
1486591729.242
0
HO
False
1486591729.355
0
HO
False
1486591729.392
0
HO
False
1486591729.430
0
HO
False
1486591729.470
0
HO
False
1486591729.508
0
HO
False
1486591729.552
0
HO
False
1486591729.586
0
HO
False
1486591729.627
0
HO
False
1486591729.667
0
HO
False
1486591729.703
0
HO
False
1486591730.972
0
HO
False
1486591731.12
0
HO
False
1486591731.52
0
HO
False
1486591731.87
0
HO
False
1486591731.127
0
HO
False
1486591731.164
0
HO
False
1486591731.203
0
HB
True
1486591731.243
0
HB
True
1486591731.281
0
HB
True
1486591731.318
56
HB
True
1486591731.360
56
HB
True
1486591731.397
56
HB
True
1486591731.434
55
HB
True
1486591731.473
55
HB
True
1486591731.512
55
HB
True
1486591731.552
54
HO
True
1486591731.588
54
HO
True
1486591731.628
54
HO
True
1486591731.666
57
HO
True
1486591731.705
57
HO
True
1486591731.748
57
HO
True
1486591731.785
59
HA
True
1486591731.827
59
HA
True
1486591731.859
59
HA
True
1486591731.897
14
HA
True
1486591731.935
14
HA
True
1486591731.974
14
HA
True
1486591732.12
0
HA
True
1486591732.53
0
HA
True
1486591732.90
0
HA
True
1486591732.128
0
HO
False
1486591732.166
0
HO
False
1486591732.205
0
HO
False
1486591732.244
0
HO
False
1486591732.283
0
HO
False
1486591732.321
0
HO
False
1486591732.362
0
HO
False
1486591732.397
0
HO
False
1486591732.436
0
HO
False
1486591732.476
0
HO
False
1486591732.514
0
HO
False
1486591732.555
0
HO
False
1486591732.590
0
HO
False
1486591732.629
0
HO
False
1486591732.668
0
HO
False
1486591732.707
0
HO
False
1486591732.746
0
HO
False
1486591732.784
0
HO
False
1486591732.821
0
HO
False
1486591732.862
0
HO
False
1486591732.898
0
HO
False
1486591732.939
0
HO
False
1486591732.978
0
HO
False
1486591733.15
0
HO
False
1486591733.247
0
HO
False
1486591733.288
0
HO
False
1486591733.339
0
HO
False
1486591733.398
0
HO
False
1486591733.419
0
HO
False
1486591733.449
0
HO
False
1486591733.480
0
HO
False
1486591733.515
0
HO
False
1486591733.559
0
HO
False
1486591733.594
0
HO
False
1486591733.631
0
HO
False
1486591733.671
0
HO
False
1486591733.710
0
HO
False
1486591733.747
0
HO
False
1486591733.786
0
HO
False
1486591733.823
0
HO
False
1486591734.17
0
HO
False
1486591734.58
0
HO
False
1486591734.95
0
HO
False
1486591734.133
0
HO
False
1486591734.187
0
HO
False
1486591734.289
0
HO
False
1486591734.325
0
HO
False
1486591734.376
0
HO
False
1486591734.429
0
HO
False
1486591734.449
0
HO
False
1486591734.483
0
HO
False
1486591734.517
0
HO
False
1486591734.561
0
HO
False
1486591734.598
0
HO
False
1486591734.634
0
HO
False
1486591734.675
0
HO
False
1486591734.712
0
HO
False
1486591734.748
0
HO
False
1486591734.787
0
HO
False
1486591734.826
0
HO
False
1486591734.868
0
HO
False
1486591734.904
0
HO
False
1486591734.944
0
HO
False
1486591734.979
0
HO
False
1486591735.19
0
HO
False
1486591735.59
0
HO
False
1486591735.96
0
HO
False
1486591735.134
0
HO
False
1486591735.175
0
HO
False
1486591735.212
0
HO
False
1486591735.250
0
HO
False
1486591735.289
0
HO
False
1486591735.327
0
HO
False
1486591735.368
0
HO
False
1486591735.404
0
HO
False
1486591735.443
0
HO
False
1486591735.486
0
HO
False
1486591735.521
0
HO
False
1486591735.561
0
HO
False
1486591735.596
0
HO
False
1486591735.636
0
HO
False
1486591735.675
0
HO
False
1486591735.713
0
HA
True
1486591735.752
0
HA
True
1486591735.789
0
HA
True
1486591735.828
59
HA
True
1486591735.870
59
HA
True
1486591735.905
59
HA
True
1486591735.944
57
HA
True
1486591735.984
57
HA
True
1486591736.21
57
HA
True
1486591736.61
55
HO
True
1486591736.97
55
HO
True
1486591736.137
55
HO
True
1486591736.175
53
HO
True
1486591736.214
53
HO
True
1486591736.252
53
HO
True
1486591736.292
53
HB
True
1486591736.328
53
HB
True
1486591736.370
53
HB
True
1486591736.407
14
HB
True
1486591736.445
14
HB
True
1486591736.484
14
HB
True
1486591736.525
2
HB
True
1486591736.563
2
HB
True
1486591736.603
2
HB
True
1486591736.640
0
HO
False
1486591736.682
0
HO
False
1486591736.718
0
HO
False
1486591736.753
0
HO
False
1486591736.793
0
HO
False
1486591736.830
0
HO
False
1486591736.873
0
HO
False
1486591736.907
0
HO
False
1486591736.946
0
HO
False
1486591736.985
0
HO
False
1486591737.23
0
HO
False
1486591737.65
0
HO
False
1486591737.99
0
HO
False
1486591737.138
0
HO
False
1486591737.178
0
HO
False
1486591737.215
0
HO
False
1486591737.260
0
HO
False
1486591737.293
0
HO
False
1486591737.331
0
HO
False
1486591737.525
0
HO
False
1486591737.563
0
HO
False
1486591737.601
0
HO
False
1486591737.639
0
HO
False
1486591737.678
0
HO
False
1486591737.717
0
HO
False
1486591737.756
0
HO
False
1486591737.794
0
HO
False
1486591737.833
0
HO
False
1486591737.873
0
HO
False
1486591737.908
0
HO
False
1486591737.947
0
HO
False
1486591737.987
0
HO
False
1486591738.26
0
HO
False
1486591738.64
0
HO
False
1486591738.102
0
HO
False
1486591738.142
0
HO
False
1486591738.179
0
HO
False
1486591738.218
0
HO
False
1486591738.257
0
HO
False
1486591738.296
0
HO
False
1486591738.333
0
HO
False
1486591738.375
0
HO
False
1486591738.410
0
HO
False
1486591738.449
0
HO
False
1486591738.488
0
HO
False
1486591738.528
0
HO
False
1486591738.567
0
HO
False
1486591738.603
0
HO
False
1486591738.641
0
HO
False
1486591738.681
0
HO
False
1486591738.803
0
HO
False
1486591738.837
0
HO
False
1486591738.875
0
HO
False
1486591738.927
0
HO
False
1486591738.991
0
HO
False
1486591739.10
0
HO
False
1486591739.33
0
HO
False
1486591739.67
0
HO
False
1486591739.107
0
HO
False
1486591739.142
0
HO
False
1486591739.182
0
HO
False
1486591739.221
0
HO
False
1486591739.258
0
HO
False
1486591739.297
0
HO
False
1486591739.336
0
HO
False
1486591739.376
0
HO
False
1486591739.415
0
HO
False
1486591739.452
0
HO
False
1486591739.490
0
HO
False
1486591739.528
0
HO
False
1486591739.569
0
HO
False
1486591739.606
0
HO
False
1486591739.644
0
HO
False
1486591739.682
0
HO
False
1486591739.721
0
HO
False
1486591739.761
0
HO
False
1486591739.797
0
HO
False
1486591739.837
0
HO
False
1486591739.893
0
HO
False
1486591739.990
0
HO
False
1486591740.30
0
HO
False
1486591740.82
0
HO
False
1486591740.142
0
HO
False
1486591740.165
0
HO
False
1486591740.184
0
HO
False
1486591740.224
0
HO
False
1486591740.265
0
HO
False
1486591740.299
0
HO
False
1486591740.336
0
HO
False
1486591740.377
0
HO
False
1486591740.415
0
HO
False
1486591740.454
0
HO
False
1486591740.494
0
HO
False
1486591740.531
0
HO
False
1486591740.571
0
HO
False
1486591740.608
0
HO
False
1486591740.645
0
HO
False
1486591740.686
0
HO
False
1486591740.723
0
HO
False
1486591740.764
0
HO
False
1486591740.801
0
HO
False
1486591740.839
0
HO
False
1486591740.878
0
HO
False
1486591740.917
0
HO
False
1486591740.954
0
HO
False
1486591740.994
0
HO
False
1486591741.55
0
HO
False
1486591741.95
0
HO
False
1486591741.116
0
HO
False
1486591741.148
0
HO
False
1486591741.184
0
HO
False
1486591741.226
0
HO
False
1486591741.264
0
HO
False
1486591741.301
0
HO
False
1486591741.340
0
HO
False
1486591741.379
0
HO
False
1486591741.418
0
HO
False
1486591741.455
0
HO
False
1486591741.494
0
HO
False
1486591741.532
0
HO
False
1486591741.573
0
HO
False
1486591741.610
0
HO
False
1486591741.648
0
HO
False
1486591741.687
0
HO
False
1486591741.737
0
HO
False
1486591741.772
0
HO
False
1486591741.808
0
HO
False
1486591741.841
0
HO
False
1486591741.878
0
HO
False
1486591741.921
0
HO
False
1486591741.956
0
HO
False
1486591741.995
0
HO
False
1486591742.34
0
HO
False
1486591742.73
0
HO
False
1486591742.112
0
HO
False
1486591742.149
0
HO
False
1486591742.189
47
HB
True
1486591742.227
47
HB
True
1486591742.267
47
HB
True
1486591742.304
56
HB
True
1486591742.341
56
HB
True
1486591742.381
56
HB
True
1486591742.419
55
HB
True
1486591742.459
55
HB
True
1486591742.496
55
HB
True
1486591742.537
55
HO
True
1486591742.576
55
HO
True
1486591742.611
55
HO
True
1486591742.649
57
HO
True
1486591742.690
57
HO
True
1486591742.728
57
HO
True
1486591742.768
59
HA
True
1486591742.804
59
HA
True
1486591742.843
59
HA
True
1486591742.881
14
HA
True
1486591742.919
14
HA
True
1486591742.959
14
HA
True
1486591742.997
0
HA
True
1486591743.36
0
HA
True
1486591743.75
0
HA
True
1486591743.113
0
HO
False
1486591743.151
0
HO
False
1486591743.189
0
HO
False
1486591743.228
0
HO
False
1486591743.270
0
HO
False
1486591743.305
0
HO
False
1486591743.344
0
HO
False
1486591743.382
0
HO
False
1486591743.421
0
HO
False
1486591743.460
0
HO
False
1486591743.499
0
HO
False
1486591743.536
0
HO
False
1486591743.577
0
HO
False
1486591743.614
0
HO
False
1486591743.653
0
HO
False
1486591743.692
0
HO
False
1486591743.730
0
HO
False
1486591743.770
0
HO
False
1486591743.806
0
HO
False
1486591743.844
0
HO
False
1486591743.883
0
HO
False
1486591743.924
0
HO
False
1486591743.961
0
HO
False
1486591743.999
0
HO
False
1486591744.37
0
HO
False
1486591744.77
0
HO
False
1486591744.130
0
HO
False
1486591744.231
0
HO
False
1486591744.282
0
HO
False
1486591744.384
0
HO
False
1486591744.422
0
HO
False
1486591744.463
0
HO
False
1486591744.501
0
HO
False
1486591744.539
0
HO
False
1486591744.578
0
HO
False
1486591744.618
0
HO
False
1486591744.654
0
HO
False
1486591744.693
0
HO
False
1486591744.738
0
HO
False
1486591744.775
0
HO
False
1486591744.808
0
HO
False
1486591744.848
0
HO
False
1486591744.885
0
HO
False
1486591744.926
0
HO
False
1486591744.963
0
HO
False
1486591745.1
0
HO
False
1486591745.40
0
HO
False
1486591745.80
0
HO
False
1486591745.116
0
HO
False
1486591745.179
0
HO
False
1486591745.274
0
HO
False
1486591745.341
0
HO
False
1486591745.365
0
HO
False
1486591745.387
0
HO
False
1486591745.424
0
HO
False
1486591745.468
0
HO
False
1486591745.501
0
HO
False
1486591745.540
0
HO
False
1486591745.580
0
HO
False
1486591745.618
0
HO
False
1486591745.656
0
HO
False
1486591745.695
0
HO
False
1486591745.734
0
HO
False
1486591745.773
0
HO
False
1486591745.812
0
HO
False
1486591745.849
0
HO
False
1486591745.888
0
HO
False
1486591745.928
0
HO
False
1486591745.965
0
HO
False
1486591746.4
0
HO
False
1486591746.46
0
HO
False
1486591746.81
0
HO
False
1486591746.119
0
HO
False
1486591746.158
0
HO
False
1486591746.196
0
HO
False
1486591746.240
0
HO
False
1486591746.276
0
HO
False
1486591746.311
0
HO
False
1486591746.351
0
HO
False
1486591746.389
0
HO
False
1486591746.428
0
HO
False
1486591746.468
0
HO
False
1486591746.504
0
HO
False
1486591746.544
0
HO
False
1486591746.583
0
HO
False
1486591746.621
0
HO
False
1486591746.659
0
HO
False
1486591746.697
0
HA
True
1486591746.735
0
HA
True
1486591746.930
57
HA
True
1486591746.966
57
HA
True
1486591747.7
57
HA
True
1486591747.45
58
HO
True
1486591747.84
58
HO
True
1486591747.122
58
HO
True
1486591747.160
55
HO
True
1486591747.198
55
HO
True
1486591747.237
55
HO
True
1486591747.277
56
HB
True
1486591747.314
56
HB
True
1486591747.352
56
HB
True
1486591747.391
17
HB
True
1486591747.429
17
HB
True
1486591747.469
17
HB
True
1486591747.507
0
HB
True
1486591747.545
0
HB
True
1486591747.586
0
HB
True
1486591747.622
0
HO
False
1486591747.662
0
HO
False
1486591747.699
0
HO
False
1486591747.744
0
HO
False
1486591747.779
0
HO
False
1486591747.815
0
HO
False
1486591747.854
0
HO
False
1486591747.893
0
HO
False
1486591747.932
0
HO
False
1486591747.975
0
HO
False
1486591748.11
0
HO
False
1486591748.46
0
HO
False
1486591748.86
0
HO
False
1486591748.124
0
HO
False
1486591748.162
0
HO
False
1486591748.200
0
HO
False
1486591748.239
0
HO
False
1486591748.278
0
HO
False
1486591748.315
0
HO
False
1486591748.356
0
HO
False
1486591748.394
0
HO
False
1486591748.433
0
HO
False
1486591748.473
0
HO
False
1486591748.511
0
HO
False
1486591748.550
0
HO
False
1486591748.588
0
HO
False
1486591748.625
0
HO
False
1486591748.664
0
HO
False
1486591748.702
0
HO
False
1486591748.740
0
HO
False
1486591748.780
0
HO
False
1486591748.816
0
HO
False
1486591748.857
0
HO
False
1486591748.894
0
HO
False
1486591748.932
0
HO
False
1486591748.971
0
HO
False
1486591749.10
0
HO
False
1486591749.48
0
HO
False
1486591749.86
0
HO
False
1486591749.126
0
HO
False
1486591749.163
0
HO
False
1486591749.202
0
HO
False
1486591749.395
0
HO
False
1486591749.433
0
HO
False
1486591749.472
0
HO
False
1486591749.512
0
HO
False
1486591749.549
0
HO
False
1486591749.591
0
HO
False
1486591749.627
0
HO
False
1486591749.665
0
HO
False
1486591749.703
0
HO
False
1486591749.743
0
HO
False
1486591749.799
0
HO
False
1486591749.895
0
HO
False
1486591749.935
0
HO
False
1486591749.990
0
HO
False
1486591750.34
0
HO
False
1486591750.72
0
HO
False
1486591750.94
0
HO
False
1486591750.127
0
HO
False
1486591750.167
0
HO
False
1486591750.204
0
HO
False
1486591750.244
0
HO
False
1486591750.284
0
HO
False
1486591750.319
0
HO
False
1486591750.359
0
HO
False
1486591750.397
0
HO
False
1486591750.435
0
HO
False
1486591750.473
0
HO
False
1486591750.512
0
HO
False
1486591750.551
0
HO
False
1486591750.591
0
HO
False
1486591750.629
0
HO
False
1486591750.667
0
HO
False
1486591750.705
0
HO
False
1486591750.751
0
HO
False
1486591750.802
0
HO
False
1486591750.988
0
HO
False
1486591751.40
0
HO
False
1486591751.76
0
HO
False
1486591751.108
0
HO
False
1486591751.139
0
HO
False
1486591751.166
0
HO
False
1486591751.207
0
HO
False
1486591751.245
0
HO
False
1486591751.286
0
HO
False
1486591751.321
0
HO
False
1486591751.361
0
HO
False
1486591751.401
0
HO
False
1486591751.438
0
HO
False
1486591751.477
0
HO
False
1486591751.514
0
HO
False
1486591751.554
0
HO
False
1486591751.593
0
HO
False
1486591751.632
0
HO
False
1486591751.670
0
HO
False
1486591751.707
0
HO
False
1486591751.755
0
HO
False
1486591751.810
0
HO
False
1486591751.900
0
HO
False
1486591751.940
0
HO
False
1486591751.978
0
HO
False
1486591752.16
0
HO
False
1486591752.55
0
HO
False
1486591752.95
0
HO
False
1486591752.134
0
HO
False
1486591752.171
0
HO
False
1486591752.208
0
HO
False
1486591752.254
0
HO
False
1486591752.288
0
HO
False
1486591752.324
0
HO
False
1486591752.363
0
HO
False
1486591752.402
0
HO
False
1486591752.440
0
HO
False
1486591752.479
0
HO
False
1486591752.517
0
HO
False
1486591752.556
0
HO
False
1486591752.596
0
HO
False
1486591752.633
0
HO
False
1486591752.671
0
HO
False
1486591752.710
0
HO
False
1486591752.750
0
HO
False
1486591752.787
0
HO
False
1486591752.826
0
HO
False
1486591752.865
0
HO
False
1486591752.907
0
HO
False
1486591752.945
0
HO
False
1486591752.985
0
HO
False
1486591753.24
0
HO
False
1486591753.60
0
HO
False
1486591753.96
0
HO
False
1486591753.134
0
HO
False
1486591753.172
0
HO
False
1486591753.211
0
HO
False
1486591753.249
0
HO
False
1486591753.288
0
HO
False
1486591753.327
0
HO
False
1486591753.366
0
HO
False
1486591753.405
0
HB
True
1486591753.442
0
HB
True
1486591753.634
56
HB
True
1486591753.673
56
HB
True
1486591753.712
56
HB
True
1486591753.757
58
HO
True
1486591753.788
58
HO
True
1486591753.827
58
HO
True
1486591753.866
57
HO
True
1486591753.905
57
HO
True
1486591753.946
57
HO
True
1486591753.984
59
HA
True
1486591754.24
59
HA
True
1486591754.59
59
HA
True
1486591754.99
59
HA
True
1486591754.135
59
HA
True
1486591754.175
59
HA
True
1486591754.213
11
HA
True
1486591754.252
11
HA
True
1486591754.290
11
HA
True
1486591754.327
0
HA
True
1486591754.366
0
HA
True
1486591754.407
0
HA
True
1486591754.445
0
HO
False
1486591754.483
0
HO
False
1486591754.521
0
HO
False
1486591754.561
0
HO
False
1486591754.599
0
HO
False
1486591754.637
0
HO
False
1486591754.675
0
HO
False
1486591754.714
0
HO
False
1486591754.752
0
HO
False
1486591754.791
0
HO
False
1486591754.828
0
HO
False
1486591754.869
0
HO
False
1486591755.60
0
HO
False
1486591755.101
0
HO
False
1486591755.137
0
HO
False
1486591755.177
0
HO
False
1486591755.217
0
HO
False
1486591755.258
0
HO
False
1486591755.291
0
HO
False
1486591755.330
0
HO
False
1486591755.526
0
HO
False
1486591755.562
0
HO
False
1486591755.602
0
HO
False
1486591755.659
0
HO
False
1486591755.699
0
HO
False
1486591755.795
0
HO
False
1486591755.845
0
HO
False
1486591755.877
0
HO
False
1486591755.917
0
HO
False
1486591755.948
0
HO
False
1486591755.984
0
HO
False
1486591756.24
0
HO
False
1486591756.63
0
HO
False
1486591756.104
0
HO
False
1486591756.139
0
HO
False
1486591756.178
0
HO
False
1486591756.217
0
HO
False
1486591756.257
0
HO
False
1486591756.293
0
HO
False
1486591756.334
0
HO
False
1486591756.372
0
HO
False
1486591756.411
0
HO
False
1486591756.448
0
HO
False
1486591756.487
0
HO
False
1486591756.527
0
HO
False
1486591756.564
0
HO
False
1486591756.603
0
HO
False
1486591756.666
0
HO
False
1486591756.766
0
HO
False
1486591756.813
0
HO
False
1486591756.912
0
HO
False
1486591756.951
0
HO
False
1486591756.988
0
HO
False
1486591757.27
0
HO
False
1486591757.64
0
HO
False
1486591757.104
0
HO
False
1486591757.143
0
HO
False
1486591757.182
0
HO
False
1486591757.223
0
HO
False
1486591757.260
0
HO
False
1486591757.296
0
HO
False
1486591757.336
0
HO
False
1486591757.374
0
HO
False
1486591757.415
0
HO
False
1486591757.451
0
HO
False
1486591757.488
0
HO
False
1486591757.527
0
HO
False
1486591757.567
0
HO
False
1486591757.606
0
HO
False
1486591757.644
0
HO
False
1486591757.682
0
HO
False
1486591757.719
0
HO
False
1486591757.760
0
HO
False
1486591757.799
0
HO
False
1486591757.836
0
HO
False
1486591757.876
0
HO
False
1486591757.914
0
HO
False
1486591757.951
0
HO
False
1486591757.990
0
HO
False
1486591758.29
0
HO
False
1486591758.66
0
HO
False
1486591758.108
0
HO
False
1486591758.146
53
HA
True
1486591758.183
53
HA
True
1486591758.221
53
HA
True
1486591758.267
59
HA
True
1486591758.297
59
HA
True
1486591758.337
59
HA
True
1486591758.376
57
HO
True
1486591758.416
57
HO
True
1486591758.454
57
HO
True
1486591758.491
58
HO
True
1486591758.531
58
HO
True
1486591758.568
58
HO
True
1486591758.609
55
HO
True
1486591758.644
55
HO
True
1486591758.684
55
HO
True
1486591758.721
56
HB
True
1486591758.761
56
HB
True
1486591758.800
56
HB
True
1486591758.838
14
HB
True
1486591758.877
14
HB
True
1486591758.916
14
HB
True
1486591758.954
0
HB
True
1486591758.993
0
HB
True
1486591759.30
0
HB
True
1486591759.69
0
HO
False
1486591759.111
0
HO
False
1486591759.146
0
HO
False
1486591759.185
0
HO
False
1486591759.224
0
HO
False
1486591759.262
0
HO
False
1486591759.300
0
HO
False
1486591759.340
0
HO
False
1486591759.377
0
HO
False
1486591759.418
0
HO
False
1486591759.456
0
HO
False
1486591759.493
0
HO
False
1486591759.531
0
HO
False
1486591759.570
0
HO
False
1486591759.611
0
HO
False
1486591759.647
0
HO
False
1486591759.685
0
HO
False
1486591759.725
0
HO
False
1486591759.777
0
HO
False
1486591759.804
0
HO
False
1486591759.838
0
HO
False
1486591759.885
0
HO
False
1486591759.919
0
HO
False
1486591759.956
0
HO
False
1486591759.995
0
HO
False
1486591760.33
0
HO
False
1486591760.70
0
HO
False
1486591760.113
0
HO
False
1486591760.148
0
HO
False
1486591760.188
0
HO
False
1486591760.225
0
HO
False
1486591760.264
0
HO
False
1486591760.305
0
HO
False
1486591760.342
0
HO
False
1486591760.380
0
HO
False
1486591760.419
0
HO
False
1486591760.457
0
HO
False
1486591760.496
0
HO
False
1486591760.534
0
HO
False
1486591760.571
0
HO
False
1486591760.612
0
HO
False
1486591760.650
0
HO
False
1486591760.689
0
HO
False
1486591760.727
0
HO
False
1486591760.765
0
HO
False
1486591760.804
0
HO
False
1486591760.842
0
HO
False
1486591760.881
0
HO
False
1486591760.920
0
HO
False
1486591760.957
0
HO
False
1486591760.997
0
HO
False
1486591761.35
0
HO
False
1486591761.72
0
HO
False
1486591761.132
0
HO
False
1486591761.229
0
HO
False
1486591761.274
0
HO
False
1486591761.306
0
HO
False
1486591761.366
0
HO
False
1486591761.460
0
HO
False
1486591761.498
0
HO
False
1486591761.536
0
HO
False
1486591761.574
0
HO
False
1486591761.614
0
HO
False
1486591761.650
0
HO
False
1486591761.690
0
HO
False
1486591761.749
0
HO
False
1486591761.781
0
HO
False
1486591761.805
0
HO
False
1486591761.845
0
HO
False
1486591761.882
0
HO
False
1486591762.75
0
HO
False
1486591762.116
0
HO
False
1486591762.154
0
HO
False
1486591762.192
0
HO
False
1486591762.231
0
HO
False
1486591762.268
0
HO
False
1486591762.306
0
HO
False
1486591762.345
0
HO
False
1486591762.384
0
HO
False
1486591762.424
0
HO
False
1486591762.461
0
HO
False
1486591762.499
0
HO
False
1486591762.563
0
HO
False
1486591762.653
0
HO
False
1486591762.694
0
HO
False
1486591762.747
0
HO
False
1486591762.847
0
HO
False
1486591762.885
0
HO
False
1486591762.925
0
HO
False
1486591762.962
0
HO
False
1486591763.1
0
HO
False
1486591763.46
0
HO
False
1486591763.79
0
HO
False
1486591763.118
0
HO
False
1486591763.155
0
HO
False
1486591763.194
0
HO
False
1486591763.231
0
HO
False
1486591763.270
0
HO
False
1486591763.309
0
HO
False
1486591763.348
0
HO
False
1486591763.387
0
HO
False
1486591763.426
0
HO
False
1486591763.466
0
HO
False
1486591763.502
0
HO
False
1486591763.541
0
HO
False
1486591763.578
0
HO
False
1486591763.619
0
HO
False
1486591763.655
0
HO
False
1486591763.694
0
HO
False
1486591763.733
0
HO
False
1486591763.771
0
HO
False
1486591763.809
0
HO
False
1486591763.847
0
HO
False
1486591763.887
0
HO
False
1486591763.928
0
HO
False
1486591763.964
0
HO
False
1486591764.3
0
HO
False
1486591764.42
0
HO
False
1486591764.78
0
HO
False
1486591764.120
0
HO
False
1486591764.159
0
HO
False
1486591764.195
0
HO
False
1486591764.234
0
HO
False
1486591764.277
0
HO
False
1486591764.311
0
HO
False
1486591764.350
0
HO
False
1486591764.388
0
HO
False
1486591764.430
0
HO
False
1486591764.465
0
HO
False
1486591764.503
0
HO
False
1486591764.542
0
HO
False
1486591764.581
0
HO
False
1486591764.621
0
HO
False
1486591764.657
0
HO
False
1486591764.695
0
HO
False
1486591764.735
0
HO
False
1486591764.773
0
HO
False
1486591764.811
0
HO
False
1486591764.851
0
HO
False
1486591764.889
0
HO
False
1486591764.930
0
HO
False
1486591764.966
0
HB
True
1486591765.6
0
HB
True
1486591765.45
0
HB
True
1486591765.81
56
HB
True
1486591765.122
56
HB
True
1486591765.158
56
HB
True
1486591765.197
59
HB
True
1486591765.236
59
HB
True
1486591765.274
59
HB
True
1486591765.313
58
HO
True
1486591765.352
58
HO
True
1486591765.390
58
HO
True
1486591765.430
60
HA
True
1486591765.466
60
HA
True
1486591765.505
60
HA
True
1486591765.546
59
HA
True
1486591765.582
59
HA
True
1486591765.623
59
HA
True
1486591765.660
14
HA
True
1486591765.699
14
HA
True
1486591765.737
14
HA
True
1486591765.778
0
HA
True
1486591765.817
0
HA
True
1486591765.852
0
HA
True
1486591765.891
0
HO
False
1486591765.931
0
HO
False
1486591765.968
0
HO
False
1486591766.8
0
HO
False
1486591766.46
0
HO
False
1486591766.84
0
HO
False
1486591766.124
0
HO
False
1486591766.161
0
HO
False
1486591766.199
0
HO
False
1486591766.238
0
HO
False
1486591766.277
0
HO
False
1486591766.316
0
HO
False
1486591766.353
0
HO
False
1486591766.392
0
HO
False
1486591766.431
0
HO
False
1486591766.468
0
HO
False
1486591766.508
0
HO
False
1486591766.547
0
HO
False
1486591766.585
0
HO
False
1486591766.625
0
HO
False
1486591766.663
0
HO
False
1486591766.700
0
HO
False
1486591766.738
0
HO
False
1486591766.778
0
HO
False
1486591766.817
0
HO
False
1486591766.854
0
HO
False
1486591766.894
0
HO
False
1486591766.931
0
HO
False
1486591766.970
0
HO
False
1486591767.9
0
HO
False
1486591767.47
0
HO
False
1486591767.84
0
HO
False
1486591767.142
0
HO
False
1486591767.240
0
HO
False
1486591767.301
0
HO
False
1486591767.395
0
HO
False
1486591767.432
0
HO
False
1486591767.471
0
HO
False
1486591767.511
0
HO
False
1486591767.548
0
HO
False
1486591767.586
0
HO
False
1486591767.628
0
HO
False
1486591767.664
0
HO
False
1486591767.704
0
HO
False
1486591767.742
0
HO
False
1486591767.779
0
HO
False
1486591767.819
0
HO
False
1486591767.857
0
HO
False
1486591767.895
0
HO
False
1486591767.934
0
HO
False
1486591767.973
0
HO
False
1486591768.11
0
HO
False
1486591768.49
0
HO
False
1486591768.87
0
HO
False
1486591768.128
0
HO
False
1486591768.165
0
HO
False
1486591768.224
0
HO
False
1486591768.264
0
HO
False
1486591768.303
0
HO
False
1486591768.328
0
HO
False
1486591768.356
0
HO
False
1486591768.395
0
HO
False
1486591768.588
0
HO
False
1486591768.705
0
HO
False
1486591768.760
0
HO
False
1486591768.792
0
HO
False
1486591768.822
0
HO
False
1486591768.859
0
HO
False
1486591768.898
0
HO
False
1486591768.937
0
HO
False
1486591768.974
0
HO
False
1486591769.14
0
HO
False
1486591769.53
0
HO
False
1486591769.89
0
HO
False
1486591769.130
0
HO
False
1486591769.168
0
HO
False
1486591769.207
0
HO
False
1486591769.244
0
HO
False
1486591769.283
0
HO
False
1486591769.322
0
HO
False
1486591769.373
0
HO
False
1486591769.412
0
HO
False
1486591769.452
0
HO
False
1486591769.477
0
HO
False
1486591769.519
0
HO
False
1486591769.553
0
HO
False
1486591769.591
0
HA
True
1486591769.631
0
HA
True
1486591769.669
0
HA
True
1486591769.708
59
HA
True
1486591769.746
59
HA
True
1486591769.783
59
HA
True
1486591769.826
57
HA
True
1486591769.861
57
HA
True
1486591769.900
57
HA
True
1486591769.943
55
HO
True
1486591769.976
55
HO
True
1486591770.18
55
HO
True
1486591770.54
58
HO
True
1486591770.92
58
HO
True
1486591770.130
58
HO
True
1486591770.169
59
HB
True
1486591770.208
59
HB
True
1486591770.246
59
HB
True
1486591770.286
17
HB
True
1486591770.325
17
HB
True
1486591770.362
17
HB
True
1486591770.401
0
HB
True
1486591770.440
0
HB
True
1486591770.478
0
HB
True
1486591770.518
0
HO
False
1486591770.556
0
HO
False
1486591770.594
0
HO
False
1486591770.631
0
HO
False
1486591770.669
0
HO
False
1486591770.710
0
HO
False
1486591770.748
0
HO
False
1486591770.785
0
HO
False
1486591770.826
0
HO
False
1486591770.862
0
HO
False
1486591770.901
0
HO
False
1486591770.942
0
HO
False
1486591770.979
0
HO
False
1486591771.19
0
HO
False
1486591771.55
0
HO
False
1486591771.95
0
HO
False
1486591771.134
0
HO
False
1486591771.171
0
HO
False
1486591771.210
0
HO
False
1486591771.247
0
HO
False
1486591771.287
0
HO
False
1486591771.327
0
HO
False
1486591771.386
0
HO
False
1486591771.431
0
HO
False
1486591771.463
0
HO
False
1486591771.487
0
HO
False
1486591771.523
0
HO
False
1486591771.560
0
HO
False
1486591771.594
0
HO
False
1486591771.634
0
HO
False
1486591771.673
0
HO
False
1486591771.711
0
HO
False
1486591771.771
0
HO
False
1486591771.803
0
HO
False
1486591771.905
0
HO
False
1486591771.947
0
HO
False
1486591771.987
0
HO
False
1486591772.25
0
HO
False
1486591772.59
0
HO
False
1486591772.96
0
HO
False
1486591772.134
0
HO
False
1486591772.177
0
HO
False
1486591772.214
0
HO
False
1486591772.249
0
HO
False
1486591772.289
0
HO
False
1486591772.329
0
HO
False
1486591772.369
0
HO
False
1486591772.410
0
HO
False
1486591772.446
0
HO
False
1486591772.481
0
HO
False
1486591772.523
0
HO
False
1486591772.560
0
HO
False
1486591772.597
0
HO
False
1486591772.637
0
HO
False
1486591772.676
0
HO
False
1486591772.713
0
HO
False
1486591772.753
0
HO
False
1486591772.790
0
HO
False
1486591772.831
0
HO
False
1486591772.867
0
HO
False
1486591773.60
0
HO
False
1486591773.98
0
HO
False
1486591773.137
0
HO
False
1486591773.264
0
HO
False
1486591773.445
0
HO
False
1486591773.485
0
HO
False
1486591773.525
0
HO
False
1486591773.561
0
HO
False
1486591773.601
0
HO
False
1486591773.640
0
HO
False
1486591773.677
0
HO
False
1486591773.715
0
HO
False
1486591773.754
0
HO
False
1486591773.795
0
HO
False
1486591773.836
0
HO
False
1486591773.869
0
HO
False
1486591773.908
0
HO
False
1486591773.946
0
HO
False
1486591773.984
0
HO
False
1486591774.26
0
HO
False
1486591774.62
0
HO
False
1486591774.99
0
HO
False
1486591774.137
0
HO
False
1486591774.177
0
HO
False
1486591774.293
0
HO
False
1486591774.344
0
HO
False
1486591774.385
0
HO
False
1486591774.430
0
HO
False
1486591774.455
0
HO
False
1486591774.491
0
HO
False
1486591774.526
0
HO
False
1486591774.561
0
HO
False
1486591774.602
0
HO
False
1486591774.640
0
HO
False
1486591774.679
0
HO
False
1486591774.722
0
HO
False
1486591774.758
0
HO
False
1486591774.799
0
HO
False
1486591774.832
0
HO
False
1486591774.873
0
HO
False
1486591774.909
0
HO
False
1486591774.948
0
HO
False
1486591774.985
0
HO
False
1486591775.28
0
HO
False
1486591775.64
0
HO
False
1486591775.103
0
HO
False
1486591775.141
0
HO
False
1486591775.180
0
HO
False
1486591775.222
0
HO
False
1486591775.257
0
HO
False
1486591775.295
0
HO
False
1486591775.336
0
HO
False
1486591775.373
0
HO
False
1486591775.423
0
HO
False
1486591775.470
0
HO
False
1486591775.496
0
HO
False
1486591775.526
0
HO
False
1486591775.564
0
HO
False
1486591775.603
0
HO
False
1486591775.643
0
HO
False
1486591775.681
0
HO
False
1486591775.723
0
HO
False
1486591775.758
0
HO
False
1486591775.796
0
HO
False
1486591775.837
0
HO
False
1486591775.873
0
HO
False
1486591775.915
0
HO
False
1486591775.957
0
HO
False
1486591775.988
0
HO
False
1486591776.32
0
HO
False
1486591776.66
0
HO
False
1486591776.104
0
HO
False
1486591776.144
0
HO
False
1486591776.181
0
HO
False
1486591776.220
0
HO
False
1486591776.259
0
HO
False
1486591776.303
0
HO
False
1486591776.341
0
HO
False
1486591776.374
0
HO
False
1486591776.413
0
HO
False
1486591776.451
0
HO
False
1486591776.490
0
HO
False
1486591776.531
0
HB
True
1486591776.567
0
HB
True
1486591776.607
0
HB
True
1486591776.643
50
HB
True
1486591776.682
50
HB
True
1486591776.722
50
HB
True
1486591776.759
56
HB
True
1486591776.798
56
HB
True
1486591776.839
56
HB
True
1486591776.876
58
HO
True
1486591776.915
58
HO
True
1486591776.953
58
HO
True
1486591776.991
57
HO
True
1486591777.31
57
HO
True
1486591777.68
57
HO
True
1486591777.107
59
HA
True
1486591777.146
59
HA
True
1486591777.183
59
HA
True
1486591777.222
59
HA
True
1486591777.262
59
HA
True
1486591777.299
59
HA
True
1486591777.340
14
HA
True
1486591777.378
14
HA
True
1486591777.414
14
HA
True
1486591777.453
0
HA
True
1486591777.492
0
HA
True
1486591777.534
0
HA
True
1486591777.569
0
HO
False
1486591777.608
0
HO
False
1486591777.645
0
HO
False
1486591777.684
0
HO
False
1486591777.725
0
HO
False
1486591777.763
0
HO
False
1486591777.803
0
HO
False
1486591777.841
0
HO
False
1486591777.877
0
HO
False
1486591777.917
0
HO
False
1486591777.955
0
HO
False
1486591777.994
0
HO
False
1486591778.34
0
HO
False
1486591778.71
0
HO
False
1486591778.109
0
HO
False
1486591778.148
0
HO
False
1486591778.185
0
HO
False
1486591778.226
0
HO
False
1486591778.262
0
HO
False
1486591778.302
0
HO
False
1486591778.343
0
HO
False
1486591778.379
0
HO
False
1486591778.418
0
HO
False
1486591778.456
0
HO
False
1486591778.495
0
HO
False
1486591778.533
0
HO
False
1486591778.571
0
HO
False
1486591778.610
0
HO
False
1486591778.663
0
HO
False
1486591778.717
0
HO
False
1486591778.809
0
HO
False
1486591778.869
0
HO
False
1486591778.893
0
HO
False
1486591778.917
0
HO
False
1486591778.961
0
HO
False
1486591779.1
0
HO
False
1486591779.34
0
HO
False
1486591779.72
0
HO
False
1486591779.111
0
HO
False
1486591779.151
0
HO
False
1486591779.187
0
HO
False
1486591779.227
0
HO
False
1486591779.265
0
HO
False
1486591779.306
0
HO
False
1486591779.344
0
HO
False
1486591779.381
0
HO
False
1486591779.419
0
HO
False
1486591779.458
0
HO
False
1486591779.496
0
HO
False
1486591779.535
0
HO
False
1486591779.573
0
HO
False
1486591779.612
0
HO
False
1486591779.652
0
HO
False
1486591779.689
0
HO
False
1486591779.742
0
HO
False
1486591779.809
0
HO
False
1486591779.883
0
HO
False
1486591779.934
0
HO
False
1486591779.963
0
HO
False
1486591779.996
0
HO
False
1486591780.36
0
HO
False
1486591780.75
0
HO
False
1486591780.112
0
HO
False
1486591780.153
0
HO
False
1486591780.190
0
HO
False
1486591780.228
0
HO
False
1486591780.270
0
HO
False
1486591780.307
0
HO
False
1486591780.346
0
HO
False
1486591780.384
0
HO
False
1486591780.420
0
HO
False
1486591780.461
0
HO
False
1486591780.498
0
HO
False
1486591780.537
0
HO
False
1486591780.575
0
HO
False
1486591780.613
0
HO
False
1486591780.654
0
HO
False
1486591780.692
0
HO
False
1486591780.730
0
HO
False
1486591780.769
0
HO
False
1486591780.811
0
HO
False
1486591780.847
0
HO
False
1486591780.886
0
HO
False
1486591780.923
0
HO
False
1486591780.961
0
HO
False
1486591780.1000
0
HO
False
1486591781.38
0
HO
False
1486591781.77
0
HO
False
1486591781.115
0
HO
False
1486591781.308
0
HO
False
1486591781.350
0
HO
False
1486591781.384
47
HA
True
1486591781.423
47
HA
True
1486591781.461
47
HA
True
1486591781.500
59
HA
True
1486591781.540
59
HA
True
1486591781.577
59
HA
True
1486591781.617
57
HO
True
1486591781.657
57
HO
True
1486591781.693
57
HO
True
1486591781.741
58
HO
True
1486591781.795
58
HO
True
1486591781.825
58
HO
True
1486591781.873
56
HO
True
1486591781.898
56
HO
True
1486591781.924
56
HO
True
1486591781.963
53
HB
True
1486591782.3
53
HB
True
1486591782.40
53
HB
True
1486591782.77
14
HB
True
1486591782.118
14
HB
True
1486591782.157
14
HB
True
1486591782.195
0
HB
True
1486591782.233
0
HB
True
1486591782.272
0
HB
True
1486591782.312
0
HO
False
1486591782.351
0
HO
False
1486591782.387
0
HO
False
1486591782.426
0
HO
False
1486591782.464
0
HO
False
1486591782.502
0
HO
False
1486591782.542
0
HO
False
1486591782.579
0
HO
False
1486591782.618
0
HO
False
1486591782.659
0
HO
False
1486591782.696
0
HO
False
1486591782.734
0
HO
False
1486591782.773
0
HO
False
1486591782.811
0
HO
False
1486591782.849
0
HO
False
1486591782.889
0
HO
False
1486591782.926
0
HO
False
1486591782.966
0
HO
False
1486591783.3
0
HO
False
1486591783.42
0
HO
False
1486591783.80
0
HO
False
1486591783.119
0
HO
False
1486591783.160
0
HO
False
1486591783.196
0
HO
False
1486591783.236
0
HO
False
1486591783.276
0
HO
False
1486591783.312
0
HO
False
1486591783.356
0
HO
False
1486591783.389
0
HO
False
1486591783.427
0
HO
False
1486591783.467
0
HO
False
1486591783.507
0
HO
False
1486591783.544
0
HO
False
1486591783.582
0
HO
False
1486591783.621
0
HO
False
1486591783.661
0
HO
False
1486591783.698
0
HO
False
1486591783.737
0
HO
False
1486591783.775
0
HO
False
1486591783.814
0
HO
False
1486591783.852
0
HO
False
1486591783.892
0
HO
False
1486591783.928
0
HO
False
1486591783.968
0
HO
False
1486591784.6
0
HO
False
1486591784.44
0
HO
False
1486591784.83
0
HO
False
1486591784.122
0
HO
False
1486591784.162
0
HO
False
1486591784.203
0
HO
False
1486591784.238
0
HO
False
1486591784.275
0
HO
False
1486591784.315
0
HO
False
1486591784.356
0
HO
False
1486591784.394
0
HO
False
1486591784.430
0
HO
False
1486591784.623
0
HO
False
1486591784.677
0
HO
False
1486591784.723
0
HO
False
1486591784.754
0
HO
False
1486591784.777
0
HO
False
1486591784.819
0
HO
False
1486591784.861
0
HO
False
1486591784.895
0
HO
False
1486591784.930
0
HO
False
1486591784.968
0
HO
False
1486591785.9
0
HO
False
1486591785.47
0
HO
False
1486591785.84
0
HO
False
1486591785.125
0
HO
False
1486591785.164
0
HO
False
1486591785.201
0
HO
False
1486591785.241
0
HO
False
1486591785.277
0
HO
False
1486591785.317
0
HO
False
1486591785.358
0
HO
False
1486591785.392
0
HO
False
1486591785.431
0
HO
False
1486591785.471
0
HO
False
1486591785.509
0
HO
False
1486591785.548
0
HO
False
1486591785.587
0
HO
False
1486591785.626
0
HO
False
1486591785.665
0
HO
False
1486591785.701
0
HO
False
1486591785.764
0
HO
False
1486591785.859
0
HO
False
1486591785.895
0
HO
False
1486591785.932
0
HO
False
1486591785.972
0
HO
False
1486591786.34
0
HO
False
1486591786.203
0
HO
False
1486591786.242
0
HO
False
1486591786.282
0
HO
False
1486591786.318
0
HO
False
1486591786.359
0
HO
False
1486591786.395
0
HO
False
1486591786.435
0
HO
False
1486591786.473
0
HO
False
1486591786.512
0
HO
False
1486591786.549
0
HO
False
1486591786.589
0
HO
False
1486591786.627
0
HO
False
1486591786.666
0
HO
False
1486591786.705
0
HO
False
1486591786.743
0
HO
False
1486591786.788
0
HO
False
1486591786.821
0
HO
False
1486591786.860
0
HO
False
1486591786.897
0
HO
False
1486591786.935
0
HO
False
1486591786.976
0
HO
False
1486591787.13
0
HO
False
1486591787.52
0
HO
False
1486591787.90
0
HO
False
1486591787.128
0
HO
False
1486591787.168
0
HO
False
1486591787.205
0
HO
False
1486591787.245
0
HO
False
1486591787.282
0
HO
False
1486591787.321
0
HO
False
1486591787.362
0
HO
False
1486591787.397
0
HO
False
1486591787.436
0
HO
False
1486591787.474
0
HO
False
1486591787.513
0
HO
False
1486591787.552
0
HO
False
1486591787.589
0
HO
False
1486591787.628
0
HO
False
1486591787.670
0
HO
False
1486591787.706
0
HO
False
1486591787.744
0
HO
False
1486591787.784
0
HO
False
1486591787.821
0
HO
False
1486591787.863
0
HO
False
1486591787.899
0
HO
False
1486591787.936
0
HO
False
1486591787.976
0
HB
True
1486591788.14
0
HB
True
1486591788.53
0
HB
True
1486591788.92
56
HB
True
1486591788.131
56
HB
True
1486591788.171
56
HB
True
1486591788.209
56
HB
True
1486591788.246
56
HB
True
1486591788.292
56
HB
True
1486591788.324
58
HO
True
1486591788.365
58
HO
True
1486591788.399
58
HO
True
1486591788.439
60
HA
True
1486591788.478
60
HA
True
1486591788.516
60
HA
True
1486591788.554
59
HA
True
1486591788.593
59
HA
True
1486591788.631
59
HA
True
1486591788.672
14
HA
True
1486591788.709
14
HA
True
1486591788.747
14
HA
True
1486591788.785
0
HA
True
1486591788.823
0
HA
True
1486591788.862
0
HA
True
1486591788.900
0
HO
False
1486591788.940
0
HO
False
1486591788.979
0
HO
False
1486591789.17
0
HO
False
1486591789.54
0
HO
False
1486591789.94
0
HO
False
1486591789.132
0
HO
False
1486591789.173
0
HO
False
1486591789.209
0
HO
False
1486591789.248
0
HO
False
1486591789.288
0
HO
False
1486591789.324
0
HO
False
1486591789.365
0
HO
False
1486591789.402
0
HO
False
1486591789.440
0
HO
False
1486591789.482
0
HO
False
1486591789.518
0
HO
False
1486591789.556
0
HO
False
1486591789.596
0
HO
False
1486591789.633
0
HO
False
1486591789.674
0
HO
False
1486591789.709
0
HO
False
1486591789.749
0
HO
False
1486591789.942
0
HO
False
1486591789.987
0
HO
False
1486591790.18
0
HO
False
1486591790.88
0
HO
False
1486591790.176
0
HO
False
1486591790.212
0
HO
False
1486591790.249
0
HO
False
1486591790.290
0
HO
False
1486591790.326
0
HO
False
1486591790.366
0
HO
False
1486591790.404
0
HO
False
1486591790.443
0
HO
False
1486591790.483
0
HO
False
1486591790.520
0
HO
False
1486591790.559
0
HO
False
1486591790.598
0
HO
False
1486591790.636
0
HO
False
1486591790.677
0
HO
False
1486591790.711
0
HO
False
1486591790.751
0
HO
False
1486591790.791
0
HO
False
1486591790.827
0
HO
False
1486591790.867
0
HO
False
1486591790.908
0
HO
False
1486591790.945
0
HO
False
1486591790.984
0
HO
False
1486591791.20
0
HO
False
1486591791.60
0
HO
False
1486591791.97
0
HO
False
1486591791.137
0
HO
False
1486591791.175
0
HO
False
1486591791.212
0
HO
False
1486591791.252
0
HO
False
1486591791.301
0
HO
False
1486591791.330
0
HO
False
1486591791.368
0
HO
False
1486591791.409
0
HO
False
1486591791.444
0
HO
False
1486591791.486
0
HO
False
1486591791.522
0
HO
False
1486591791.560
0
HO
False
1486591791.598
0
HO
False
1486591791.640
0
HO
False
1486591791.676
0
HO
False
1486591791.729
0
HO
False
1486591791.768
0
HO
False
1486591791.804
0
HO
False
1486591791.834
0
HO
False
1486591791.867
0
HO
False
1486591791.909
56
HA
True
1486591791.948
56
HA
True
1486591791.987
56
HA
True
1486591792.22
59
HA
True
1486591792.60
59
HA
True
1486591792.100
59
HA
True
1486591792.146
60
HA
True
1486591792.179
60
HA
True
1486591792.215
60
HA
True
1486591792.254
60
HA
True
1486591792.295
60
HA
True
1486591792.330
60
HA
True
1486591792.370
60
HO
True
1486591792.413
60
HO
True
1486591792.448
60
HO
True
1486591792.488
59
HB
True
1486591792.522
59
HB
True
1486591792.562
59
HB
True
1486591792.605
59
HB
True
1486591792.640
59
HB
True
1486591792.677
59
HB
True
1486591792.715
59
HB
True
1486591792.755
59
HB
True
1486591792.803
59
HB
True
1486591792.836
59
HB
True
1486591792.869
59
HB
True
1486591792.909
59
HB
True
1486591792.947
59
HB
True
1486591792.986
59
HB
True
1486591793.25
59
HB
True
1486591793.63
59
HB
True
1486591793.107
59
HB
True
1486591793.142
59
HB
True
1486591793.179
59
HB
True
1486591793.219
59
HB
True
1486591793.256
59
HB
True
1486591793.296
59
HB
True
1486591793.333
59
HB
True
1486591793.371
59
HB
True
1486591793.411
59
HB
True
1486591793.449
59
HB
True
1486591793.487
59
HB
True
1486591793.526
59
HB
True
1486591793.564
59
HB
True
1486591793.607
59
HB
True
1486591793.644
59
HB
True
1486591793.680
59
HB
True
1486591793.718
59
HB
True
1486591793.759
59
HB
True
1486591793.797
59
HB
True
1486591793.834
59
HB
True
1486591793.874
59
HB
True
1486591793.911
59
HB
True
1486591793.950
59
HB
True
1486591793.990
59
HB
True
1486591794.29
59
HB
True
1486591794.65
59
HB
True
1486591794.105
59
HB
True
1486591794.143
59
HB
True
1486591794.181
59
HB
True
1486591794.220
59
HB
True
1486591794.259
59
HB
True
1486591794.298
59
HB
True
1486591794.338
59
HB
True
1486591794.377
59
HB
True
1486591794.411
59
HB
True
1486591794.451
59
HB
True
1486591794.488
59
HB
True
1486591794.528
59
HB
True
1486591794.565
59
HB
True
1486591794.607
59
HB
True
1486591794.643
59
HB
True
1486591794.682
59
HB
True
1486591794.721
59
HB
True
1486591794.760
59
HB
True
1486591794.799
59
HB
True
1486591794.836
59
HB
True
1486591794.879
59
HB
True
1486591794.917
59
HB
True
1486591794.952
59
HB
True
1486591794.990
59
HB
True
1486591795.27
59
HB
True
1486591795.69
59
HB
True
1486591795.108
59
HB
True
1486591795.144
59
HB
True
1486591795.183
59
HB
True
1486591795.221
59
HB
True
1486591795.260
59
HB
True
1486591795.299
59
HB
True
1486591795.337
59
HB
True
1486591795.376
56
HB
True
1486591795.418
56
HB
True
1486591795.451
56
HB
True
1486591795.492
56
HB
True
1486591795.529
56
HB
True
1486591795.569
56
HB
True
1486591795.608
53
HB
True
1486591795.646
53
HB
True
1486591795.685
53
HB
True
1486591795.723
29
HB
True
1486591795.760
29
HB
True
1486591795.800
29
HB
True
1486591795.840
14
HB
True
1486591795.879
14
HB
True
1486591795.919
14
HB
True
1486591795.956
14
HB
True
1486591795.998
14
HB
True
1486591796.42
14
HB
True
1486591796.67
11
HB
True
1486591796.116
11
HB
True
1486591796.149
11
HB
True
1486591796.187
5
HB
True
1486591796.223
5
HB
True
1486591796.262
5
HB
True
1486591796.302
0
HB
True
1486591796.337
0
HB
True
1486591796.378
0
HB
True
1486591796.419
0
HB
True
1486591796.454
0
HB
True
1486591796.493
0
HB
True
1486591796.531
0
HB
True
1486591796.570
0
HB
True
1486591796.611
0
HB
True
1486591796.649
0
HO
True
1486591796.687
0
HO
True
1486591796.725
0
HO
True
1486591796.763
0
HO
False
1486591796.802
0
HO
False
1486591796.841
0
HO
False
1486591796.880
0
HO
False
1486591796.920
0
HO
False
1486591796.955
0
HO
False
1486591796.994
0
HO
False
1486591797.32
0
HO
False
1486591797.71
0
HO
False
1486591797.113
0
HO
False
1486591797.149
0
HO
False
1486591797.188
0
HO
False
1486591797.227
0
HO
False
1486591797.265
0
HO
False
1486591797.302
0
HO
False
1486591797.344
0
HO
False
1486591797.380
0
HO
False
1486591797.421
0
HO
False
1486591797.456
0
HO
False
1486591797.496
0
HO
False
1486591797.533
0
HO
False
1486591797.572
0
HO
False
1486591797.611
0
HO
False
1486591797.649
0
HO
False
1486591797.689
0
HO
False
1486591797.728
0
HO
False
1486591797.767
0
HO
False
1486591797.805
0
HO
False
1486591797.842
0
HO
False
1486591797.882
0
HO
False
1486591797.922
0
HO
False
1486591797.959
0
HO
False
1486591797.1000
0
HO
False
1486591798.36
0
HO
False
1486591798.74
0
HO
False
1486591798.112
0
HO
False
1486591798.152
0
HO
False
1486591798.189
0
HO
False
1486591798.231
0
HO
False
1486591798.265
0
HO
False
1486591798.305
0
HO
False
1486591798.344
0
HO
False
1486591798.382
0
HO
False
1486591798.422
0
HO
False
1486591798.460
0
HO
False
1486591798.497
0
HO
False
1486591798.537
0
HO
False
1486591798.575
0
HO
False
1486591798.613
0
HO
False
1486591798.651
0
HO
False
1486591798.690
0
HO
False
1486591798.731
0
HO
False
1486591798.768
0
HO
False
1486591798.806
0
HO
False
1486591798.847
0
HO
False
1486591798.883
0
HO
False
1486591798.923
0
HO
False
1486591798.960
0
HO
False
1486591798.1000
0
HO
False
1486591799.36
0
HO
False
1486591799.75
0
HO
False
1486591799.114
0
HO
False
1486591799.153
0
HO
False
1486591799.192
0
HO
False
1486591799.233
0
HO
False
1486591799.268
0
HO
False
1486591799.307
0
HO
False
1486591799.345
0
HO
False
1486591799.384
0
HO
False
1486591799.422
0
HO
False
1486591799.462
0
HO
False
1486591799.499
0
HO
False
1486591799.542
0
HO
False
1486591799.576
0
HO
False
1486591799.615
0
HO
False
1486591799.655
0
HO
False
1486591799.693
0
HO
False
1486591799.733
0
HO
False
1486591799.769
0
HO
False
1486591799.808
0
HO
False
1486591799.846
0
HO
False
1486591799.885
0
HO
False
1486591799.924
0
HO
False
1486591799.961
0
HO
False
1486591800.0
0
HO
False
1486591800.41
0
HO
False
1486591800.77
0
HO
False
1486591800.116
0
HO
False
1486591800.156
0
HO
False
1486591800.194
0
HO
False
1486591800.233
0
HO
False
1486591800.270
0
HO
False
1486591800.317
0
HO
False
1486591800.349
0
HO
False
1486591800.386
0
HO
False
1486591800.435
0
HO
False
1486591800.481
0
HO
False
1486591800.520
0
HO
False
1486591800.709
0
HO
False
1486591800.755
0
HO
False
1486591800.792
0
HO
False
1486591800.901
0
HO
False
1486591801.26
0
HO
False
1486591801.125
0
HO
False
1486591801.247
0
HO
False
1486591801.366
0
HO
False
1486591801.545
0
HO
False
1486591801.581
0
HO
False
1486591801.620
0
HO
False
1486591801.659
0
HO
False
1486591801.696
0
HO
False
1486591801.745
0
HO
False
1486591801.786
0
HO
False
1486591801.822
0
HO
False
1486591801.856
0
HO
False
1486591801.891
0
HO
False
1486591802.20
0
HO
False
1486591802.144
0
HO
False
1486591802.179
0
HO
False
1486591802.225
0
HO
False
1486591802.259
0
HO
False
1486591802.292
0
HO
False
1486591802.338
0
HO
False
1486591802.375
0
HO
False
1486591802.421
0
HO
False
1486591802.453
0
HO
False
1486591802.574
0
HO
False
1486591802.599
0
HO
False
1486591802.726
0
HO
False
1486591802.893
0
HO
False
1486591802.931
0
HO
False
1486591802.969
0
HO
False
1486591803.7
0
HO
False
1486591803.48
0
HO
False
1486591803.84
0
HO
False
1486591803.209
0
HO
False
1486591803.253
0
HO
False
1486591803.374
0
HO
False
1486591803.402
0
HO
False
1486591803.432
0
HO
False
1486591803.477
0
HO
False
1486591803.507
0
HO
False
1486591803.549
0
HO
False
1486591803.585
0
HO
False
1486591803.624
0
HO
False
1486591803.666
0
HO
False
1486591803.701
0
HO
False
1486591803.739
0
HO
False
1486591803.777
0
HO
False
1486591803.816
0
HO
False
1486591803.858
0
HO
False
1486591803.896
0
HO
False
1486591803.931
0
HO
False
1486591803.970
0
HO
False
1486591804.9
0
HO
False
1486591804.50
0
HO
False
1486591804.86
0
HO
False
1486591804.224
0
HO
False
1486591804.337
0
HO
False
1486591804.444
0
HO
False
1486591804.566
0
HO
False
1486591804.670
0
HO
False
1486591804.793
0
HO
False
1486591804.922
0
HO
False
1486591805.28
0
HO
False
1486591805.141
0
HO
False
1486591805.202
0
HO
False
1486591805.371
0
HO
False
1486591805.423
0
HO
False
1486591805.522
0
HO
False
1486591805.571
0
HO
False
1486591805.614
0
HO
False
1486591805.653
0
HO
False
1486591805.684
0
HO
False
1486591805.793
0
HO
False
1486591805.833
0
HO
False
1486591806.24
0
HO
False
1486591806.132
0
HO
False
1486591806.255
0
HO
False
1486591806.452
0
HO
False
1486591806.495
0
HO
False
1486591806.517
0
HO
False
1486591806.567
0
HO
False
1486591806.598
0
HO
False
1486591806.646
0
HO
False
1486591806.770
0
HO
False
1486591806.801
0
HO
False
1486591806.835
0
HO
False
1486591806.873
0
HO
False
1486591806.912
0
HO
False
1486591806.947
0
HO
False
1486591806.991
0
HO
False
1486591807.23
0
HO
False
1486591807.56
0
HO
False
1486591807.92
0
HO
False
1486591807.135
0
HO
False
1486591807.186
0
HO
False
1486591807.370
0
HO
False
1486591807.479
0
HO
False
1486591807.516
0
HO
False
1486591807.556
0
HO
False
1486591807.594
0
HO
False
1486591807.632
0
HO
False
1486591807.672
0
HO
False
1486591807.708
0
HO
False
1486591807.747
0
HO
False
1486591807.785
0
HO
False
1486591807.829
0
HO
False
1486591807.865
0
HO
False
1486591807.903
0
HO
False
1486591807.940
0
HO
False
1486591807.979
0
HO
False
1486591808.17
0
HO
False
1486591808.55
0
HO
False
1486591808.94
0
HO
False
1486591808.134
0
HO
False
1486591808.174
0
HO
False
