Next
1486594478.36
Page_Up
1486594483.25
Page_Up
1486594485.29
Next
1486594488.7
Next
1486594490.63
Page_Up
1486594494.45
Page_Up
1486594495.63
Next
1486594499.9
Next
1486594501.19
Page_Up
1486594505.55
Page_Up
1486594506.54
Next
1486594511.04
Next
1486594512.29
Page_Up
1486594516.72
Page_Up
1486594517.99
Next
1486594522.31
Next
1486594523.59
Page_Up
1486594527.29
Page_Up
1486594528.45
Next
1486594532.9
Next
1486594534.17
Page_Up
1486594538.42
Page_Up
1486594539.53
Next
1486594543.71
Next
1486594544.78
Page_Up
1486594549.28
Page_Up
1486594550.43
Next
1486594555.45
Next
1486594556.64
Page_Up
1486594561.05
Page_Up
1486594562.05
Next
1486594566.25
Next
1486594567.2
Page_Up
1486594571.59
Page_Up
1486594572.7
Next
1486594577.15
Next
1486594578.3
Page_Up
1486594582.56
Page_Up
1486594583.65
Next
1486594587.97
grave
1486594594.81
