1486605734.422
0
HO
False
1486605734.531
0
HO
False
1486605734.608
0
HO
False
1486605734.684
0
HO
False
1486605734.729
0
HO
False
1486605734.916
0
HO
False
1486605734.959
0
HO
False
1486605734.996
0
HO
False
1486605735.40
0
HO
False
1486605735.74
0
HO
False
1486605735.110
0
HO
False
1486605735.148
0
HO
False
1486605735.187
0
HO
False
1486605735.228
0
HO
False
1486605735.266
0
HO
False
1486605735.301
0
HO
False
1486605735.343
0
HO
False
1486605735.378
0
HO
False
1486605735.425
0
HO
False
1486605735.455
0
HO
False
1486605735.501
0
HO
False
1486605735.535
0
HO
False
1486605735.570
0
HO
False
1486605735.613
0
HO
False
1486605735.650
0
HO
False
1486605735.685
0
HO
False
1486605735.725
0
HO
False
1486605735.767
0
HO
False
1486605735.806
0
HO
False
1486605735.845
0
HO
False
1486605735.900
0
HO
False
1486605736.1
0
HO
False
1486605736.47
0
HO
False
1486605736.80
0
HO
False
1486605736.110
0
HO
False
1486605736.150
0
HO
False
1486605736.189
0
HO
False
1486605736.223
0
HO
False
1486605736.262
0
HO
False
1486605736.299
0
HO
False
1486605736.337
0
HO
False
1486605736.392
0
HO
False
1486605736.506
0
HO
False
1486605736.611
0
HO
False
1486605736.669
0
HO
False
1486605736.691
0
HO
False
1486605736.722
0
HO
False
1486605736.763
0
HO
False
1486605736.800
0
HO
False
1486605736.839
0
HO
False
1486605736.877
0
HO
False
1486605736.915
0
HO
False
1486605736.955
0
HO
False
1486605736.993
0
HO
False
1486605737.52
0
HO
False
1486605737.161
0
HO
False
1486605737.198
0
HO
False
1486605737.303
0
HO
False
1486605737.357
0
HO
False
1486605737.402
0
HO
False
1486605737.439
0
HO
False
1486605737.544
0
HO
False
1486605737.585
0
HO
False
1486605737.693
0
HO
False
1486605737.752
0
HO
False
1486605737.792
0
HO
False
1486605737.832
0
HO
False
1486605737.925
0
HO
False
1486605737.970
0
HO
False
1486605738.12
0
HO
False
1486605738.58
0
HO
False
1486605738.95
0
HO
False
1486605738.274
0
HO
False
1486605738.314
0
HO
False
1486605738.362
0
HO
False
1486605738.404
0
HO
False
1486605738.502
0
HO
False
1486605738.549
0
HO
False
1486605738.601
0
HO
False
1486605738.635
0
HO
False
1486605738.691
0
HO
False
1486605738.773
0
HO
False
1486605738.819
0
HO
False
1486605738.861
0
HO
False
1486605738.911
0
HO
False
1486605739.4
0
HO
False
1486605739.62
0
HO
False
1486605739.155
0
HO
False
1486605739.201
0
HO
False
1486605739.249
0
HO
False
1486605739.310
0
HO
False
1486605739.395
0
HO
False
1486605739.439
0
HO
False
1486605739.474
0
HO
False
1486605739.531
0
HO
False
1486605739.567
0
HO
False
1486605739.654
0
HO
False
1486605739.708
0
HO
False
1486605739.807
0
HO
False
1486605739.865
0
HO
False
1486605739.911
0
HO
False
1486605739.959
0
HO
False
1486605740.127
0
HO
False
1486605740.191
0
HO
False
1486605740.362
0
HO
False
1486605740.480
0
HO
False
1486605740.583
0
HO
False
1486605740.623
0
HO
False
1486605740.658
0
HO
False
1486605740.693
0
HO
False
1486605740.733
0
HO
False
1486605740.770
0
HO
False
1486605740.809
0
HO
False
1486605740.847
0
HO
False
1486605740.886
0
HO
False
1486605740.924
0
HO
False
1486605740.963
0
HO
False
1486605741.2
0
HO
False
1486605741.41
0
HO
False
1486605741.79
0
HO
False
1486605741.117
0
HO
False
1486605741.155
0
HO
False
1486605741.195
0
HO
False
1486605741.233
0
HO
False
1486605741.272
0
HO
False
1486605741.310
0
HO
False
1486605741.349
0
HO
False
1486605741.387
0
HO
False
1486605741.425
0
HO
False
1486605741.464
0
HO
False
1486605741.504
0
HO
False
1486605741.541
0
HO
False
1486605741.579
0
HO
False
1486605741.618
0
HO
False
1486605741.657
0
HO
False
1486605741.695
0
HO
False
1486605741.734
0
HO
False
1486605741.775
0
HO
False
1486605741.820
0
HO
False
1486605741.861
0
HO
False
1486605741.892
0
HO
False
1486605741.932
0
HO
False
1486605741.964
0
HO
False
1486605742.3
0
HO
False
1486605742.45
0
HO
False
1486605742.81
0
HO
False
1486605742.120
0
HO
False
1486605742.157
0
HO
False
1486605742.196
0
HO
False
1486605742.234
0
HO
False
1486605742.274
0
HO
False
1486605742.312
0
HO
False
1486605742.350
0
HO
False
1486605742.389
0
HO
False
1486605742.428
0
HO
False
1486605742.467
0
HO
False
1486605742.505
0
HO
False
1486605742.543
0
HO
False
1486605742.583
0
HO
False
1486605742.621
0
HO
False
1486605742.660
0
HO
False
1486605742.697
0
HO
False
1486605742.737
0
HO
False
1486605742.776
0
HO
False
1486605742.813
0
HO
False
1486605742.852
0
HO
False
1486605742.889
0
HO
False
1486605742.929
0
HO
False
1486605742.968
0
HO
False
1486605743.5
0
HO
False
1486605743.44
0
HO
False
1486605743.82
0
HO
False
1486605743.121
0
HO
False
1486605743.161
0
HO
False
1486605743.199
0
HO
False
1486605743.236
0
HO
False
1486605743.276
0
HO
False
1486605743.313
0
HO
False
1486605743.353
0
HO
False
1486605743.391
0
HO
False
1486605743.429
0
HO
False
1486605743.471
0
HO
False
1486605743.509
0
HO
False
1486605743.548
0
HO
False
1486605743.585
0
HO
False
1486605743.623
0
HO
False
1486605743.661
0
HO
False
1486605743.699
0
HO
False
1486605743.739
0
HO
False
1486605743.778
0
HO
False
1486605743.815
0
HO
False
1486605743.854
0
HO
False
1486605743.892
0
HO
False
1486605743.930
0
HO
False
1486605743.969
0
HO
False
1486605744.8
0
HO
False
1486605744.46
0
HO
False
1486605744.85
0
HO
False
1486605744.123
0
HO
False
1486605744.162
0
HO
False
1486605744.200
0
HO
False
1486605744.239
0
HO
False
1486605744.279
0
HO
False
1486605744.316
0
HO
False
1486605744.355
0
HO
False
1486605744.393
0
HO
False
1486605744.431
0
HO
False
1486605744.472
0
HO
False
1486605744.510
0
HO
False
1486605744.547
0
HO
False
1486605744.586
0
HO
False
1486605744.625
0
HO
False
1486605744.663
0
HO
False
1486605744.701
0
HO
False
1486605744.740
0
HO
False
1486605744.779
0
HO
False
1486605744.818
0
HO
False
1486605744.855
0
HO
False
1486605744.894
0
HO
False
1486605744.932
0
HO
False
1486605744.972
0
HO
False
1486605745.11
0
HO
False
1486605745.50
0
HO
False
1486605745.88
0
HO
False
1486605745.125
0
HO
False
1486605745.164
0
HO
False
1486605745.202
0
HO
False
1486605745.241
0
HO
False
1486605745.281
0
HO
False
1486605745.317
0
HO
False
1486605745.357
0
HO
False
1486605745.395
0
HO
False
1486605745.433
0
HO
False
1486605745.472
0
HO
False
1486605745.511
0
HO
False
1486605745.549
0
HO
False
1486605745.588
0
HO
False
1486605745.627
0
HO
False
1486605745.664
0
HO
False
1486605745.703
0
HO
False
1486605745.742
0
HO
False
1486605745.783
0
HO
False
1486605745.819
0
HO
False
1486605745.858
0
HO
False
1486605745.896
0
HO
False
1486605745.934
0
HO
False
1486605745.973
0
HO
False
1486605746.13
0
HO
False
1486605746.50
0
HO
False
1486605746.89
0
HO
False
1486605746.128
0
HO
False
1486605746.167
0
HO
False
1486605746.205
0
HO
False
1486605746.244
0
HO
False
1486605746.283
0
HO
False
1486605746.320
0
HO
False
1486605746.360
0
HO
False
1486605746.397
0
HO
False
1486605746.436
0
HO
False
1486605746.475
0
HO
False
1486605746.513
0
HO
False
1486605746.553
0
HO
False
1486605746.590
0
HO
False
1486605746.629
0
HO
False
1486605746.667
0
HO
False
1486605746.705
0
HO
False
1486605746.744
0
HO
False
1486605746.784
0
HO
False
1486605746.821
0
HO
False
1486605746.860
0
HO
False
1486605746.898
0
HO
False
1486605746.936
0
HO
False
1486605746.976
0
HO
False
1486605747.14
0
HO
False
1486605747.53
0
HO
False
1486605747.91
0
HO
False
1486605747.130
0
HO
False
1486605747.169
0
HO
False
1486605747.207
0
HO
False
1486605747.246
0
HO
False
1486605747.285
0
HO
False
1486605747.322
0
HO
False
1486605747.363
0
HO
False
1486605747.400
0
HO
False
1486605747.437
0
HO
False
1486605747.477
0
HO
False
1486605747.514
0
HO
False
1486605747.553
0
HO
False
1486605747.592
0
HO
False
1486605747.630
0
HO
False
1486605747.669
0
HO
False
1486605747.708
0
HO
False
1486605747.747
0
HO
False
1486605747.786
0
HO
False
1486605747.823
0
HO
False
1486605747.862
0
HO
False
1486605747.901
0
HO
False
1486605747.938
0
HO
False
1486605747.978
0
HO
False
1486605748.16
0
HO
False
1486605748.57
0
HO
False
1486605748.95
0
HO
False
1486605748.132
0
HO
False
1486605748.171
0
HO
False
1486605748.209
0
HO
False
1486605748.247
0
HO
False
1486605748.287
0
HO
False
1486605748.323
0
HO
False
1486605748.363
0
HO
False
1486605748.401
0
HO
False
1486605748.439
0
HO
False
1486605748.478
0
HO
False
1486605748.516
0
HO
False
1486605748.555
0
HO
False
1486605748.595
0
HO
False
1486605748.633
0
HO
False
1486605748.671
0
HO
False
1486605748.710
0
HO
False
1486605748.748
0
HO
False
1486605748.789
0
HO
False
1486605748.826
0
HO
False
1486605748.864
0
HO
False
1486605748.904
0
HO
False
1486605748.941
0
HO
False
1486605748.980
0
HO
False
1486605749.17
0
HO
False
1486605749.56
0
HO
False
1486605749.95
0
HO
False
1486605749.134
0
HO
False
1486605749.172
0
HO
False
1486605749.212
0
HO
False
1486605749.249
0
HO
False
1486605749.289
0
HO
False
1486605749.327
0
HO
False
1486605749.365
0
HO
False
1486605749.404
0
HO
False
1486605749.442
0
HO
False
1486605749.481
0
HO
False
1486605749.519
0
HO
False
1486605749.562
0
HO
False
1486605749.599
0
HO
False
1486605749.635
0
HO
False
1486605749.674
0
HO
False
1486605749.712
0
HO
False
1486605749.751
0
HO
False
1486605749.790
0
HO
False
1486605749.828
0
HO
False
1486605749.866
0
HO
False
1486605749.905
0
HO
False
1486605749.944
0
HO
False
1486605749.982
0
HO
False
1486605750.20
0
HO
False
1486605750.60
0
HO
False
1486605750.99
0
HO
False
1486605750.136
0
HO
False
1486605750.175
0
HO
False
1486605750.213
0
HO
False
1486605750.252
0
HO
False
1486605750.292
0
HO
False
1486605750.328
0
HO
False
1486605750.368
0
HO
False
1486605750.405
0
HO
False
1486605750.445
0
HO
False
1486605750.483
0
HO
False
1486605750.522
0
HO
False
1486605750.560
0
HO
False
1486605750.598
0
HO
False
1486605750.637
0
HO
False
1486605750.676
0
HO
False
1486605750.714
0
HO
False
1486605750.753
0
HO
False
1486605750.792
0
HO
False
1486605750.830
0
HO
False
1486605750.869
0
HO
False
1486605750.907
0
HO
False
1486605751.33
0
HO
False
1486605751.227
0
HO
False
1486605751.338
0
HO
False
1486605751.454
0
HO
False
1486605751.494
0
HO
False
1486605751.553
0
HO
False
1486605751.583
0
HO
False
1486605751.642
0
HO
False
1486605751.795
0
HO
False
1486605751.995
0
HO
False
1486605752.35
0
HO
False
1486605752.74
0
HO
False
1486605752.181
0
HO
False
1486605752.222
0
HO
False
1486605752.256
0
HO
False
1486605752.294
0
HO
False
1486605752.333
0
HA
True
1486605752.371
0
HA
True
1486605752.410
0
HA
True
1486605752.449
26
HO
True
1486605752.488
26
HO
True
1486605752.525
26
HO
True
1486605752.563
0
HA
True
1486605752.605
0
HA
True
1486605752.641
0
HA
True
1486605752.679
0
HO
True
1486605752.718
0
HO
True
1486605752.757
0
HO
True
1486605752.797
0
HO
True
1486605752.834
0
HO
True
1486605752.874
0
HO
True
1486605752.912
7
HO
True
1486605752.950
7
HO
True
1486605752.988
7
HO
True
1486605753.27
5
HO
True
1486605753.65
5
HO
True
1486605753.105
5
HO
True
1486605753.143
0
HO
False
1486605753.182
0
HO
False
1486605753.219
0
HO
False
1486605753.258
0
HO
False
1486605753.296
0
HO
False
1486605753.335
0
HO
False
1486605753.374
0
HO
False
1486605753.414
0
HO
False
1486605753.451
0
HO
False
1486605753.488
0
HO
False
1486605753.528
0
HO
False
1486605753.566
0
HO
False
1486605753.605
0
HO
False
1486605753.643
0
HO
False
1486605753.681
0
HO
False
1486605753.721
0
HO
False
1486605753.759
0
HO
False
1486605753.798
0
HO
False
1486605753.836
0
HO
False
1486605753.875
0
HO
False
1486605753.914
0
HO
False
1486605753.953
0
HO
False
1486605753.989
0
HO
False
1486605754.29
0
HO
False
1486605754.67
0
HO
False
1486605754.259
0
HO
False
1486605754.298
0
HO
False
1486605754.336
0
HO
False
1486605754.375
0
HO
False
1486605754.415
0
HO
False
1486605754.452
0
HO
False
1486605754.492
0
HO
False
1486605754.530
0
HO
False
1486605754.567
0
HO
False
1486605754.608
0
HO
False
1486605754.645
0
HO
False
1486605754.683
0
HO
False
1486605754.722
0
HO
False
1486605754.761
0
HO
False
1486605754.800
0
HO
False
1486605754.838
0
HO
False
1486605754.877
0
HO
False
1486605754.915
0
HO
False
1486605754.954
0
HO
False
1486605754.992
0
HO
False
1486605755.30
0
HO
False
1486605755.68
0
HO
False
1486605755.109
0
HO
False
1486605755.146
0
HO
False
1486605755.185
0
HO
False
1486605755.223
0
HO
False
1486605755.262
0
HO
False
1486605755.301
0
HO
False
1486605755.362
0
HO
False
1486605755.533
0
HO
False
1486605755.584
0
HO
False
1486605755.609
0
HO
False
1486605755.652
0
HO
False
1486605755.685
0
HO
False
1486605755.724
0
HO
False
1486605755.763
0
HO
False
1486605755.802
0
HO
False
1486605755.840
0
HO
False
1486605755.878
0
HO
False
1486605755.918
0
HO
False
1486605755.955
0
HO
False
1486605756.11
0
HO
False
1486605756.67
0
HO
False
1486605756.226
0
HO
False
1486605756.269
0
HO
False
1486605756.301
0
HO
False
1486605756.342
0
HO
False
1486605756.379
0
HO
False
1486605756.420
0
HO
False
1486605756.456
0
HO
False
1486605756.496
0
HO
False
1486605756.533
0
HO
False
1486605756.572
0
HO
False
1486605756.613
0
HO
False
1486605756.650
0
HO
False
1486605756.688
0
HO
False
1486605756.726
0
HO
False
1486605756.765
0
HO
False
1486605756.804
0
HO
False
1486605756.842
0
HO
False
1486605756.882
0
HO
False
1486605756.920
0
HO
False
1486605756.957
0
HO
False
1486605756.996
0
HO
False
1486605757.35
0
HO
False
1486605757.74
0
HO
False
1486605757.113
0
HO
False
1486605757.151
0
HO
False
1486605757.190
0
HO
False
1486605757.228
0
HO
False
1486605757.267
0
HO
False
1486605757.306
0
HB
True
1486605757.344
0
HB
True
1486605757.382
0
HB
True
1486605757.421
0
HO
True
1486605757.459
0
HO
True
1486605757.498
0
HO
True
1486605757.535
28
HO
True
1486605757.574
28
HO
True
1486605757.615
28
HO
True
1486605757.652
0
HO
True
1486605757.689
0
HO
True
1486605757.729
0
HO
True
1486605757.766
3
HO
True
1486605757.806
3
HO
True
1486605757.847
3
HO
True
1486605757.884
0
HO
True
1486605757.923
0
HO
True
1486605757.960
0
HO
True
1486605757.999
0
HA
True
1486605758.37
0
HA
True
1486605758.74
0
HA
True
1486605758.115
0
HO
False
1486605758.152
0
HO
False
1486605758.191
0
HO
False
1486605758.229
0
HO
False
1486605758.268
0
HO
False
1486605758.307
0
HO
False
1486605758.346
0
HO
False
1486605758.383
0
HO
False
1486605758.424
0
HO
False
1486605758.461
0
HO
False
1486605758.499
0
HO
False
1486605758.538
0
HO
False
1486605758.577
0
HO
False
1486605758.616
0
HO
False
1486605758.653
0
HO
False
1486605758.717
0
HO
False
1486605758.816
0
HO
False
1486605758.925
0
HO
False
1486605758.962
0
HO
False
1486605759.0
0
HO
False
1486605759.39
0
HO
False
1486605759.77
0
HO
False
1486605759.118
0
HO
False
1486605759.155
0
HO
False
1486605759.194
0
HO
False
1486605759.232
0
HO
False
1486605759.271
0
HO
False
1486605759.310
0
HO
False
1486605759.373
0
HO
False
1486605759.470
0
HO
False
1486605759.532
0
HO
False
1486605759.553
0
HO
False
1486605759.578
0
HO
False
1486605759.619
0
HO
False
1486605759.655
0
HO
False
1486605759.693
0
HO
False
1486605759.733
0
HO
False
1486605759.771
0
HO
False
1486605759.811
0
HO
False
1486605759.849
0
HO
False
1486605759.887
0
HO
False
1486605759.926
0
HO
False
1486605759.964
0
HO
False
1486605760.3
0
HO
False
1486605760.42
0
HO
False
1486605760.80
0
HO
False
1486605760.119
0
HO
False
1486605760.157
0
HO
False
1486605760.196
0
HO
False
1486605760.234
0
HO
False
1486605760.272
0
HO
False
1486605760.312
0
HO
False
1486605760.351
0
HO
False
1486605760.388
0
HO
False
1486605760.428
0
HO
False
1486605760.465
0
HO
False
1486605760.504
0
HO
False
1486605760.542
0
HA
True
1486605760.580
0
HA
True
1486605760.621
0
HA
True
1486605760.658
0
HO
True
1486605760.697
0
HO
True
1486605760.736
0
HO
True
1486605760.774
0
HO
False
1486605760.812
0
HO
False
1486605760.851
0
HO
False
1486605760.888
0
HO
False
1486605760.928
0
HO
False
1486605760.967
0
HO
False
1486605761.5
0
HO
True
1486605761.43
0
HO
True
1486605761.82
0
HO
True
1486605761.122
0
HO
False
1486605761.159
0
HO
False
1486605761.197
0
HO
False
1486605761.236
0
HO
False
1486605761.275
0
HO
False
1486605761.313
0
HO
False
1486605761.351
0
HO
False
1486605761.390
0
HO
False
1486605761.430
0
HO
False
1486605761.467
0
HO
False
1486605761.505
0
HO
False
1486605761.544
0
HO
False
1486605761.583
0
HO
False
1486605761.623
0
HO
False
1486605761.660
0
HO
False
1486605761.699
0
HO
False
1486605761.737
0
HO
False
1486605761.776
0
HO
False
1486605761.816
0
HO
False
1486605761.866
0
HO
False
1486605761.917
0
HO
False
1486605762.6
0
HO
False
1486605762.45
0
HO
False
1486605762.83
0
HO
False
1486605762.123
0
HO
False
1486605762.161
0
HO
False
1486605762.200
0
HO
False
1486605762.238
0
HO
False
1486605762.277
0
HO
False
1486605762.316
0
HO
False
1486605762.353
0
HO
False
1486605762.393
0
HO
False
1486605762.431
0
HO
False
1486605762.470
0
HO
False
1486605762.508
0
HO
False
1486605762.547
0
HO
False
1486605762.585
0
HO
False
1486605762.643
0
HO
False
1486605762.741
0
HO
False
1486605762.797
0
HO
False
1486605762.842
0
HO
False
1486605762.865
0
HO
False
1486605762.895
0
HO
False
1486605762.937
0
HO
False
1486605762.972
0
HO
False
1486605763.9
0
HO
False
1486605763.47
0
HO
False
1486605763.86
0
HO
False
1486605763.124
0
HO
False
1486605763.164
0
HO
False
1486605763.203
0
HO
False
1486605763.241
0
HO
False
1486605763.280
0
HO
False
1486605763.316
0
HO
False
1486605763.356
0
HO
False
1486605763.415
0
HO
False
1486605763.510
0
HO
False
1486605763.561
0
HO
False
1486605763.664
0
HO
False
1486605763.702
0
HO
False
1486605763.743
0
HO
False
1486605763.779
0
HO
False
1486605763.817
0
HO
False
1486605763.857
0
HO
False
1486605763.896
0
HO
False
1486605763.933
0
HO
False
1486605763.972
0
HO
False
1486605764.12
0
HO
False
1486605764.51
0
HO
False
1486605764.88
0
HO
False
1486605764.127
0
HO
False
1486605764.165
0
HO
False
1486605764.204
0
HO
False
1486605764.244
0
HO
False
1486605764.282
0
HO
False
1486605764.318
0
HO
False
1486605764.358
0
HO
False
1486605764.398
0
HO
False
1486605764.435
0
HO
False
1486605764.474
0
HO
False
1486605764.512
0
HO
False
1486605764.551
0
HO
False
1486605764.589
0
HO
False
1486605764.628
0
HO
False
1486605764.667
0
HO
False
1486605764.704
0
HO
False
1486605764.745
0
HO
False
1486605764.781
0
HO
False
1486605764.819
0
HO
False
1486605764.859
0
HO
False
1486605764.897
0
HO
False
1486605764.936
0
HO
False
1486605764.974
0
HO
False
1486605765.14
0
HO
False
1486605765.53
0
HO
False
1486605765.90
0
HO
False
1486605765.129
0
HO
False
1486605765.168
0
HB
True
1486605765.206
0
HB
True
1486605765.245
0
HB
True
1486605765.283
26
HO
True
1486605765.321
26
HO
True
1486605765.360
26
HO
True
1486605765.398
13
HO
True
1486605765.437
13
HO
True
1486605765.476
13
HO
True
1486605765.514
0
HO
True
1486605765.553
0
HO
True
1486605765.591
0
HO
True
1486605765.630
36
HO
True
1486605765.669
36
HO
True
1486605765.707
36
HO
True
1486605765.747
29
HO
True
1486605765.784
29
HO
True
1486605765.822
29
HO
True
1486605765.861
5
HO
True
1486605765.899
5
HO
True
1486605765.938
5
HO
True
1486605765.977
0
HA
True
1486605766.15
0
HA
True
1486605766.61
0
HA
True
1486605766.93
0
HO
False
1486605766.131
0
HO
False
1486605766.169
0
HO
False
1486605766.208
0
HO
False
1486605766.248
0
HO
False
1486605766.285
0
HO
False
1486605766.323
0
HO
False
1486605766.362
0
HO
False
1486605766.400
0
HO
False
1486605766.439
0
HO
False
1486605766.478
0
HO
False
1486605766.517
0
HO
False
1486605766.570
0
HO
False
1486605766.628
0
HO
False
1486605766.709
0
HO
False
1486605766.824
0
HO
False
1486605766.863
0
HO
False
1486605766.902
0
HO
False
1486605766.941
0
HO
False
1486605766.979
0
HO
False
1486605767.17
0
HO
False
1486605767.57
0
HO
False
1486605767.94
0
HO
False
1486605767.132
0
HO
False
1486605767.172
0
HO
False
1486605767.210
0
HO
False
1486605767.250
0
HO
False
1486605767.311
0
HO
False
1486605767.413
0
HO
False
1486605767.461
0
HO
False
1486605767.493
0
HO
False
1486605767.519
0
HO
False
1486605767.568
0
HO
False
1486605767.600
0
HO
False
1486605767.634
0
HO
False
1486605767.673
0
HO
False
1486605767.712
0
HO
False
1486605767.750
0
HO
False
1486605767.789
0
HO
False
1486605767.826
0
HO
False
1486605767.865
0
HO
False
1486605767.904
0
HO
False
1486605767.943
0
HO
False
1486605767.981
0
HO
False
1486605768.20
0
HO
False
1486605768.59
0
HO
False
1486605768.96
0
HO
False
1486605768.134
0
HO
False
1486605768.174
0
HO
False
1486605768.212
0
HO
False
1486605768.252
0
HO
False
1486605768.289
0
HO
False
1486605768.327
0
HO
False
1486605768.367
0
HO
False
1486605768.404
0
HO
False
1486605768.444
0
HO
False
1486605768.494
0
HO
False
1486605768.520
0
HO
False
1486605770.794
0
HO
False
1486605770.832
0
HO
False
1486605770.873
0
HO
False
1486605770.910
0
HO
False
1486605770.949
0
HO
False
1486605770.987
0
HO
False
1486605771.53
0
HO
False
1486605771.140
0
HO
False
1486605771.194
0
HO
False
1486605771.296
0
HO
False
1486605771.334
0
HO
False
1486605771.373
0
HO
False
1486605771.411
0
HO
False
1486605771.450
0
HO
False
1486605771.489
0
HO
False
1486605771.527
0
HO
False
1486605771.582
0
HO
False
1486605771.641
0
HO
False
1486605771.720
0
HO
False
1486605771.765
0
HO
False
1486605771.841
0
HO
False
1486605771.915
0
HO
False
1486605771.955
0
HO
False
1486605771.988
0
HO
False
1486605772.29
0
HO
False
1486605772.75
0
HO
False
1486605772.108
0
HO
False
1486605772.145
0
HO
False
1486605772.183
0
HO
False
1486605772.221
0
HO
False
1486605772.259
0
HO
False
1486605772.298
0
HO
False
1486605772.336
0
HO
False
1486605772.376
0
HO
False
1486605772.414
0
HO
False
1486605772.452
0
HO
False
1486605772.490
0
HO
False
1486605772.528
0
HO
False
1486605772.567
0
HO
False
1486605772.605
0
HO
False
1486605772.644
0
HO
False
1486605772.683
0
HO
False
1486605772.721
0
HO
False
1486605772.759
0
HO
False
1486605772.798
0
HO
False
1486605772.837
0
HO
False
1486605772.876
0
HO
False
1486605772.915
0
HO
False
1486605772.953
0
HO
False
1486605772.991
0
HO
False
1486605773.31
0
HO
False
1486605773.67
0
HO
False
1486605773.108
0
HO
False
1486605773.145
0
HO
False
1486605773.185
0
HO
False
1486605773.222
0
HO
False
1486605773.262
0
HO
False
1486605773.299
0
HO
False
1486605773.338
0
HO
False
1486605773.378
0
HO
False
1486605773.415
0
HO
False
1486605773.453
0
HO
False
1486605773.493
0
HO
False
1486605773.531
0
HO
False
1486605773.578
0
HO
False
1486605773.609
0
HO
False
1486605773.646
0
HO
False
1486605773.687
0
HO
False
1486605773.723
0
HO
False
1486605773.762
0
HO
False
1486605773.801
0
HO
False
1486605773.839
0
HB
True
1486605773.879
0
HB
True
1486605773.916
0
HB
True
1486605773.955
26
HO
True
1486605773.994
26
HO
True
1486605774.33
26
HO
True
1486605774.70
16
HO
True
1486605774.109
16
HO
True
1486605774.148
16
HO
True
1486605774.187
0
HO
True
1486605774.224
0
HO
True
1486605774.263
0
HO
True
1486605774.302
33
HO
True
1486605774.340
33
HO
True
1486605774.380
33
HO
True
1486605774.417
0
HO
True
1486605774.456
0
HO
True
1486605774.494
0
HO
True
1486605774.532
5
HO
True
1486605774.570
5
HO
True
1486605774.610
5
HO
True
1486605774.649
0
HO
False
1486605774.688
0
HO
False
1486605774.726
0
HO
False
1486605774.763
0
HO
False
1486605774.804
0
HO
False
1486605774.841
0
HO
False
1486605774.880
0
HO
False
1486605774.919
0
HO
False
1486605774.958
0
HO
False
1486605774.997
0
HO
False
1486605775.33
0
HO
False
1486605775.78
0
HO
False
1486605775.110
0
HO
False
1486605775.150
0
HO
False
1486605775.188
0
HO
False
1486605775.227
0
HO
False
1486605775.278
0
HO
False
1486605775.334
0
HO
False
1486605775.425
0
HO
False
1486605775.481
0
HO
False
1486605775.510
0
HO
False
1486605775.538
0
HO
False
1486605775.572
0
HO
False
1486605775.614
0
HO
False
1486605775.651
0
HO
False
1486605775.690
0
HO
False
1486605775.728
0
HO
False
1486605775.765
0
HO
False
1486605775.804
0
HO
False
1486605775.844
0
HO
False
1486605775.882
0
HO
False
1486605775.920
0
HO
False
1486605775.979
0
HO
False
1486605776.89
0
HO
False
1486605776.141
0
HO
False
1486605776.173
0
HO
False
1486605776.196
0
HO
False
1486605776.236
0
HO
False
1486605776.271
0
HO
False
1486605776.305
0
HO
False
1486605776.344
0
HO
False
1486605776.385
0
HO
False
1486605776.422
0
HO
False
1486605776.461
0
HO
False
1486605776.499
0
HO
False
1486605776.537
0
HO
False
1486605776.581
0
HO
False
1486605776.614
0
HO
False
1486605776.653
0
HO
False
1486605776.692
0
HO
False
1486605776.730
0
HO
False
1486605776.768
0
HO
False
1486605776.806
0
HO
False
1486605776.845
0
HO
False
1486605776.885
0
HO
False
1486605776.923
0
HO
False
1486605776.962
0
HO
False
1486605777.1
0
HO
False
1486605777.39
0
HO
False
1486605777.77
0
HO
False
1486605777.115
0
HO
False
1486605777.154
0
HO
False
1486605777.194
0
HA
True
1486605777.231
0
HA
True
1486605777.269
0
HA
True
1486605777.308
0
HO
True
1486605777.347
0
HO
True
1486605777.385
0
HO
True
1486605777.423
0
HO
True
1486605777.462
0
HO
True
1486605777.502
0
HO
True
1486605777.539
0
HO
False
1486605777.577
0
HO
False
1486605777.617
0
HO
False
1486605777.655
0
HO
False
1486605777.695
0
HO
False
1486605777.732
0
HO
False
1486605777.771
0
HO
True
1486605777.809
0
HO
True
1486605777.848
0
HO
True
1486605777.887
0
HB
True
1486605777.924
0
HB
True
1486605777.963
0
HB
True
1486605778.3
0
HO
False
1486605778.40
0
HO
False
1486605778.86
0
HO
False
1486605778.119
0
HO
False
1486605778.156
0
HO
False
1486605778.197
0
HO
False
1486605778.233
0
HO
False
1486605778.271
0
HO
False
1486605778.310
0
HO
False
1486605778.349
0
HO
False
1486605778.388
0
HO
False
1486605778.425
0
HO
False
1486605778.463
0
HO
False
1486605778.503
0
HO
False
1486605778.541
0
HO
False
1486605778.579
0
HO
False
1486605778.619
0
HO
False
1486605778.657
0
HO
False
1486605778.696
0
HO
False
1486605778.735
0
HO
False
1486605778.773
0
HO
False
1486605778.811
0
HO
False
1486605778.849
0
HO
False
1486605778.888
0
HO
False
1486605778.928
0
HO
False
1486605778.965
0
HO
False
1486605779.5
0
HO
False
1486605779.42
0
HO
False
1486605779.80
0
HO
False
1486605779.120
0
HO
False
1486605779.158
0
HO
False
1486605779.197
0
HO
False
1486605779.235
0
HO
False
1486605779.273
0
HO
False
1486605779.313
0
HO
False
1486605779.352
0
HO
False
1486605779.389
0
HO
False
1486605779.428
0
HO
False
1486605779.466
0
HO
False
1486605779.505
0
HO
False
1486605779.544
0
HO
False
1486605779.589
0
HO
False
1486605779.649
0
HO
False
1486605779.736
0
HO
False
1486605779.792
0
HO
False
1486605779.891
0
HO
False
1486605779.929
0
HO
False
1486605779.967
0
HO
False
1486605780.7
0
HO
False
1486605780.44
0
HO
False
1486605780.82
0
HO
False
1486605780.121
0
HO
False
1486605780.160
0
HO
False
1486605780.198
0
HO
False
1486605780.237
0
HO
False
1486605780.277
0
HO
False
1486605780.334
0
HO
False
1486605780.430
0
HO
False
1486605780.493
0
HO
False
1486605780.531
0
HO
False
1486605780.558
0
HO
False
1486605780.585
0
HO
False
1486605780.626
0
HO
False
1486605780.661
0
HO
False
1486605780.700
0
HO
False
1486605780.738
0
HO
False
1486605780.777
0
HO
False
1486605780.816
0
HO
False
1486605780.854
0
HO
False
1486605780.893
0
HO
False
1486605780.931
0
HO
False
1486605780.970
0
HO
False
1486605781.17
0
HO
False
1486605781.60
0
HO
False
1486605781.109
0
HO
False
1486605781.128
0
HO
False
1486605781.166
0
HO
False
1486605781.207
0
HO
False
1486605781.242
0
HO
False
1486605781.277
0
HO
False
1486605781.316
0
HO
False
1486605781.355
0
HO
False
1486605781.394
0
HO
False
1486605781.433
0
HO
False
1486605781.471
0
HO
False
1486605781.511
0
HO
False
1486605781.547
0
HO
False
1486605781.586
0
HO
False
1486605781.625
0
HO
False
1486605781.663
0
HO
False
1486605781.702
0
HO
False
1486605781.741
0
HO
False
1486605781.779
0
HO
False
1486605781.818
0
HO
False
1486605781.861
0
HO
False
1486605781.902
0
HO
False
1486605781.940
0
HO
False
1486605781.971
0
HO
False
1486605782.13
0
HO
False
1486605782.49
0
HO
False
1486605782.87
0
HO
False
1486605782.126
0
HO
False
1486605782.165
0
HO
False
1486605782.205
0
HO
False
1486605782.242
0
HO
False
1486605782.279
0
HO
False
1486605782.318
0
HO
False
1486605782.357
0
HO
False
1486605782.395
0
HB
True
1486605782.435
0
HB
True
1486605782.472
0
HB
True
1486605782.512
23
HO
True
1486605782.550
23
HO
True
1486605782.595
23
HO
True
1486605782.629
25
HO
True
1486605782.665
25
HO
True
1486605782.704
25
HO
True
1486605782.743
12
HO
True
1486605782.781
12
HO
True
1486605782.820
12
HO
True
1486605782.858
0
HO
True
1486605782.896
0
HO
True
1486605782.935
0
HO
True
1486605782.975
0
HO
True
1486605783.14
0
HO
True
1486605783.51
0
HO
True
1486605783.89
0
HA
True
1486605783.128
0
HA
True
1486605783.167
0
HA
True
1486605783.204
0
HO
False
1486605783.244
0
HO
False
1486605783.282
0
HO
False
1486605783.320
0
HO
False
1486605783.360
0
HO
False
1486605783.397
0
HO
False
1486605783.437
0
HO
False
1486605783.475
0
HO
False
1486605783.514
0
HO
False
1486605783.552
0
HO
False
1486605783.590
0
HO
False
1486605783.629
0
HO
False
1486605783.667
0
HO
False
1486605783.707
0
HO
False
1486605783.744
0
HO
False
1486605783.802
0
HO
False
1486605783.898
0
HO
False
1486605783.938
0
HO
False
1486605783.992
0
HO
False
1486605784.38
0
HO
False
1486605784.64
0
HO
False
1486605784.96
0
HO
False
1486605784.129
0
HO
False
1486605784.169
0
HO
False
1486605784.208
0
HO
False
1486605784.246
0
HO
False
1486605784.284
0
HO
False
1486605784.322
0
HO
False
1486605784.362
0
HO
False
1486605784.400
0
HO
False
1486605784.438
0
HO
False
1486605784.559
0
HO
False
1486605784.603
0
HO
False
1486605784.662
0
HO
False
1486605784.750
0
HO
False
1486605784.786
0
HO
False
1486605784.822
0
HO
False
1486605784.862
0
HO
False
1486605784.901
0
HO
False
1486605784.939
0
HO
False
1486605784.978
0
HO
False
1486605785.17
0
HO
False
1486605785.55
0
HO
False
1486605785.94
0
HO
False
1486605785.132
0
HO
False
1486605785.170
0
HO
False
1486605785.209
0
HO
False
1486605785.248
0
HO
False
1486605785.286
0
HO
False
1486605785.324
0
HO
False
1486605785.363
0
HO
False
1486605785.403
0
HO
False
1486605785.440
0
HO
False
1486605785.479
0
HO
False
1486605785.517
0
HO
False
1486605785.555
0
HO
False
1486605785.749
0
HO
False
1486605785.787
0
HO
False
1486605785.826
0
HO
False
1486605785.864
0
HO
False
1486605785.903
0
HO
False
1486605785.942
0
HO
False
1486605785.980
0
HA
True
1486605786.19
0
HA
True
1486605786.57
0
HA
True
1486605786.95
8
HO
True
1486605786.135
8
HO
True
1486605786.172
8
HO
True
1486605786.212
9
HO
True
1486605786.249
9
HO
True
1486605786.289
9
HO
True
1486605786.327
0
HO
True
1486605786.366
0
HO
True
1486605786.403
0
HO
True
1486605786.443
0
HO
False
1486605786.481
0
HO
False
1486605786.520
0
HO
False
1486605786.559
0
HO
True
1486605786.597
0
HO
True
1486605786.636
0
HO
True
1486605786.674
0
HO
True
1486605786.713
0
HO
True
1486605786.751
0
HO
True
1486605786.790
0
HO
False
1486605786.828
0
HO
False
1486605786.866
0
HO
False
1486605786.905
0
HO
False
1486605786.944
0
HO
False
1486605786.982
0
HO
False
1486605787.20
0
HO
False
1486605787.59
0
HO
False
1486605787.104
0
HO
False
1486605787.136
0
HO
False
1486605787.175
0
HO
False
1486605787.213
0
HO
False
1486605787.252
0
HO
False
1486605787.290
0
HO
False
1486605787.328
0
HO
False
1486605787.368
0
HO
False
1486605787.408
0
HO
False
1486605787.445
0
HO
False
1486605787.483
0
HO
False
1486605787.521
0
HO
False
1486605787.560
0
HO
False
1486605787.598
0
HO
False
1486605787.637
0
HO
False
1486605787.676
0
HO
False
1486605787.714
0
HO
False
1486605787.752
0
HO
False
1486605787.791
0
HO
False
1486605787.829
0
HO
False
1486605787.869
0
HO
False
1486605787.907
0
HO
False
1486605787.946
0
HO
False
1486605787.984
0
HO
False
1486605788.23
0
HO
False
1486605788.62
0
HO
False
1486605788.100
0
HO
False
1486605788.154
0
HO
False
1486605788.204
0
HO
False
1486605788.294
0
HO
False
1486605788.352
0
HO
False
1486605788.371
0
HO
False
1486605788.410
0
HO
False
1486605788.447
0
HO
False
1486605788.486
0
HO
False
1486605788.522
0
HO
False
1486605788.562
0
HO
False
1486605788.607
0
HO
False
1486605788.653
0
HO
False
1486605788.704
0
HO
False
1486605788.748
0
HO
False
1486605788.771
0
HO
False
1486605788.795
0
HO
False
1486605788.861
0
HO
False
1486605788.893
0
HO
False
1486605788.925
0
HO
False
1486605788.945
0
HO
False
1486605788.985
0
HO
False
1486605789.25
0
HO
False
1486605789.63
0
HO
False
1486605789.101
0
HO
False
1486605789.141
0
HO
False
1486605789.179
0
HO
False
1486605789.218
0
HO
False
1486605789.256
0
HO
False
1486605789.295
0
HO
False
1486605789.332
0
HO
False
1486605789.372
0
HO
False
1486605789.411
0
HO
False
1486605789.449
0
HO
False
1486605789.488
0
HO
False
1486605789.527
0
HO
False
1486605789.563
0
HO
False
1486605789.604
0
HO
False
1486605789.641
0
HO
False
1486605789.680
0
HO
False
1486605789.718
0
HO
False
1486605789.756
0
HO
False
1486605789.796
0
HO
False
1486605789.834
0
HO
False
1486605789.872
0
HO
False
1486605789.911
0
HO
False
1486605789.951
0
HO
False
1486605789.988
0
HO
False
1486605790.28
0
HO
False
1486605790.65
0
HO
False
1486605790.111
0
HO
False
1486605790.143
0
HO
False
1486605790.181
0
HO
False
1486605790.220
0
HO
False
1486605790.258
0
HO
False
1486605790.297
0
HO
False
1486605790.336
0
HO
False
1486605790.377
0
HO
False
1486605790.412
0
HO
False
1486605790.452
0
HO
False
1486605790.490
0
HO
False
1486605790.528
0
HO
False
1486605790.566
0
HO
False
1486605790.604
0
HO
False
1486605790.644
0
HO
False
1486605790.681
0
HO
False
1486605790.721
0
HB
True
1486605790.759
0
HB
True
1486605790.798
0
HB
True
1486605790.836
20
HB
True
1486605790.874
20
HB
True
1486605790.914
20
HB
True
1486605790.952
0
HO
True
1486605790.990
0
HO
True
1486605791.29
0
HO
True
1486605791.67
0
HO
True
1486605791.106
0
HO
True
1486605791.145
0
HO
True
1486605791.183
30
HO
True
1486605791.223
30
HO
True
1486605791.260
30
HO
True
1486605791.298
3
HO
True
1486605791.337
3
HO
True
1486605791.376
3
HO
True
1486605791.416
5
HO
True
1486605791.453
5
HO
True
1486605791.493
5
HO
True
1486605791.530
0
HA
True
1486605791.568
0
HA
True
1486605791.613
0
HA
True
1486605791.644
0
HO
False
1486605791.684
0
HO
False
1486605791.723
0
HO
False
1486605791.761
0
HO
False
1486605791.800
0
HO
False
1486605791.848
0
HO
False
1486605791.895
0
HO
False
1486605791.930
0
HO
False
1486605791.970
0
HO
False
1486605792.0
0
HO
False
1486605792.30
0
HO
False
1486605792.84
0
HO
False
1486605792.142
0
HO
False
1486605792.224
0
HO
False
1486605792.278
0
HO
False
1486605792.302
0
HO
False
1486605792.339
0
HO
False
1486605792.378
0
HO
False
1486605792.416
0
HO
False
1486605792.455
0
HO
False
1486605792.494
0
HO
False
1486605792.532
0
HO
False
1486605792.570
0
HO
False
1486605792.609
0
HO
False
1486605792.648
0
HO
False
1486605792.686
0
HO
False
1486605792.726
0
HO
False
1486605792.763
0
HO
False
1486605792.802
0
HO
False
1486605792.840
0
HO
False
1486605792.897
0
HO
False
1486605792.997
0
HO
False
1486605793.60
0
HO
False
1486605793.85
0
HO
False
1486605793.121
0
HO
False
1486605793.151
0
HO
False
1486605793.192
0
HO
False
1486605793.228
0
HO
False
1486605793.265
0
HO
False
1486605793.303
0
HO
False
1486605793.342
0
HO
False
1486605793.380
0
HO
False
1486605793.419
0
HO
False
1486605793.457
0
HO
False
1486605793.495
0
HO
False
1486605793.534
0
HO
False
1486605793.573
0
HO
False
1486605793.612
0
HO
False
1486605793.650
0
HO
False
1486605793.688
0
HO
False
1486605793.727
0
HO
False
1486605793.766
0
HO
False
1486605793.805
0
HO
False
1486605793.842
0
HO
False
1486605793.881
0
HO
False
1486605793.919
0
HO
False
1486605793.959
0
HO
False
1486605793.997
0
HO
False
1486605794.34
0
HO
False
1486605794.73
0
HO
False
1486605794.113
0
HO
False
1486605794.151
0
HO
False
1486605794.189
0
HO
False
1486605794.227
0
HO
False
1486605794.266
0
HO
False
1486605794.305
0
HO
False
1486605794.344
0
HO
False
1486605794.382
0
HO
False
1486605794.421
0
HA
True
1486605794.460
0
HA
True
1486605794.497
0
HA
True
1486605794.536
5
HO
True
1486605794.574
5
HO
True
1486605794.619
5
HO
True
1486605794.652
3
HO
True
1486605794.691
3
HO
True
1486605794.730
3
HO
True
1486605794.768
0
HO
False
1486605794.808
0
HO
False
1486605794.845
0
HO
False
1486605794.883
0
HO
False
1486605794.922
0
HO
False
1486605794.961
0
HO
False
1486605794.1000
0
HO
True
1486605795.38
0
HO
True
1486605795.76
0
HO
True
1486605795.115
0
HB
True
1486605795.153
0
HB
True
1486605795.192
0
HB
True
1486605795.229
0
HO
False
1486605795.269
0
HO
False
1486605795.308
0
HO
False
1486605795.346
0
HO
False
1486605795.384
0
HO
False
1486605795.423
0
HO
False
1486605795.462
0
HO
False
1486605795.500
0
HO
False
1486605795.539
0
HO
False
1486605795.576
0
HO
False
1486605795.617
0
HO
False
1486605795.654
0
HO
False
1486605795.693
0
HO
False
1486605795.731
0
HO
False
1486605795.770
0
HO
False
1486605795.810
0
HO
False
1486605795.847
0
HO
False
1486605795.885
0
HO
False
1486605795.925
0
HO
False
1486605795.962
0
HO
False
1486605796.1
0
HO
False
1486605796.39
0
HO
False
1486605796.77
0
HO
False
1486605796.120
0
HO
False
1486605796.154
0
HO
False
1486605796.195
0
HO
False
1486605796.232
0
HO
False
1486605796.271
0
HO
False
1486605796.311
0
HO
False
1486605796.348
0
HO
False
1486605796.386
0
HO
False
1486605796.425
0
HO
False
1486605796.464
0
HO
False
1486605796.501
0
HO
False
1486605796.542
0
HO
False
1486605796.578
0
HO
False
1486605796.618
0
HO
False
1486605796.656
0
HO
False
1486605796.719
0
HO
False
1486605796.812
0
HO
False
1486605796.868
0
HO
False
1486605796.912
0
HO
False
1486605797.2
0
HO
False
1486605797.41
0
HO
False
1486605797.79
0
HO
False
1486605797.120
0
HO
False
1486605797.157
0
HO
False
1486605797.196
0
HO
False
1486605797.233
0
HO
False
1486605797.292
0
HO
False
1486605797.388
0
HO
False
1486605797.427
0
HO
False
1486605797.465
0
HO
False
1486605797.515
0
HO
False
1486605797.622
0
HO
False
1486605797.658
0
HO
False
1486605797.697
0
HO
False
1486605797.735
0
HO
False
1486605797.773
0
HO
False
1486605797.813
0
HO
False
1486605797.851
0
HO
False
1486605797.889
0
HO
False
1486605797.930
0
HO
False
1486605797.967
0
HO
False
1486605798.5
0
HO
False
1486605798.44
0
HO
False
1486605798.80
0
HO
False
1486605798.122
0
HO
False
1486605798.160
0
HO
False
1486605798.198
0
HO
False
1486605798.237
0
HO
False
1486605798.275
0
HO
False
1486605798.314
0
HO
False
1486605798.353
0
HO
False
1486605798.391
0
HO
False
1486605798.431
0
HO
False
1486605798.468
0
HO
False
1486605798.506
0
HO
False
1486605798.555
0
HO
False
1486605798.588
0
HO
False
1486605799.934
0
HO
True
1486605799.971
28
HO
True
1486605800.9
28
HO
True
1486605800.49
28
HO
True
1486605800.87
30
HO
True
1486605800.125
30
HO
True
1486605800.163
30
HO
True
1486605800.202
0
HO
True
1486605800.241
0
HO
True
1486605800.279
0
HO
True
1486605800.317
0
HO
True
1486605800.356
0
HO
True
1486605800.394
0
HO
True
1486605800.434
0
HA
True
1486605800.473
0
HA
True
1486605800.511
0
HA
True
1486605800.549
0
HO
False
1486605800.587
0
HO
False
1486605800.630
0
HO
False
1486605800.663
0
HO
False
1486605800.704
0
HO
False
1486605800.744
0
HO
False
1486605800.780
0
HO
False
1486605800.818
0
HO
False
1486605800.857
0
HO
False
1486605800.895
0
HO
False
1486605800.935
0
HO
False
1486605800.972
0
HO
False
1486605801.11
0
HO
False
1486605801.50
0
HO
False
1486605801.88
0
HO
False
1486605801.152
0
HO
False
1486605801.243
0
HO
False
1486605801.302
0
HO
False
1486605801.349
0
HO
False
1486605801.376
0
HO
False
1486605801.404
0
HO
False
1486605801.441
0
HO
False
1486605801.475
0
HO
False
1486605801.512
0
HO
False
1486605801.552
0
HO
False
1486605801.590
0
HO
False
1486605801.628
0
HO
False
1486605801.683
0
HO
False
1486605801.730
0
HO
False
1486605801.903
0
HO
False
1486605801.953
0
HO
False
1486605801.982
0
HO
False
1486605802.17
0
HO
False
1486605802.53
0
HO
False
1486605802.91
0
HO
False
1486605802.129
0
HO
False
1486605802.168
0
HO
False
1486605802.206
0
HO
False
1486605802.244
0
HO
False
1486605802.283
0
HO
False
1486605802.321
0
HO
False
1486605802.361
0
HO
False
1486605802.399
0
HO
False
1486605802.437
0
HO
False
1486605802.476
0
HO
False
1486605802.515
0
HO
False
1486605802.554
0
HO
False
1486605802.593
0
HO
False
1486605802.630
0
HO
False
1486605802.668
0
HO
False
1486605802.707
0
HO
False
1486605802.746
0
HO
False
1486605802.785
0
HO
False
1486605802.823
0
HO
False
1486605802.863
0
HO
False
1486605802.899
0
HO
False
1486605802.938
0
HO
False
1486605802.977
0
HO
False
1486605803.15
0
HO
False
1486605803.55
0
HO
False
1486605803.93
0
HO
False
1486605803.131
0
HO
False
1486605803.170
0
HO
False
1486605803.209
0
HO
False
1486605803.247
0
HO
False
1486605803.285
0
HO
False
1486605803.323
0
HO
False
1486605803.363
0
HO
False
1486605803.402
0
HO
False
1486605803.439
0
HA
True
1486605803.479
0
HA
True
1486605803.517
0
HA
True
1486605803.554
0
HA
True
1486605803.594
0
HA
True
1486605804.21
0
HO
True
1486605804.57
0
HO
True
1486605804.95
0
HO
True
1486605804.133
0
HO
True
1486605804.172
0
HO
True
1486605804.210
0
HO
True
1486605804.248
6
HO
True
1486605804.288
6
HO
True
1486605804.326
6
HO
True
1486605804.364
0
HO
True
1486605804.404
0
HO
True
1486605804.442
0
HO
True
1486605804.482
7
HO
True
1486605804.519
7
HO
True
1486605804.558
7
HO
True
1486605804.595
0
HO
True
1486605804.634
0
HO
True
1486605804.674
0
HO
True
1486605804.711
0
HO
True
1486605804.751
0
HO
True
1486605804.789
0
HO
True
1486605804.827
0
HO
False
1486605804.866
0
HO
False
1486605804.904
0
HO
False
1486605804.943
0
HO
False
1486605804.982
0
HO
False
1486605805.19
0
HO
False
1486605805.59
0
HO
False
1486605805.96
0
HO
False
1486605805.135
0
HO
False
1486605805.175
0
HO
False
1486605805.212
0
HO
False
1486605805.251
0
HO
False
1486605805.289
0
HO
False
1486605805.328
0
HO
False
1486605805.367
0
HO
False
1486605805.405
0
HO
False
1486605805.444
0
HO
False
1486605805.483
0
HO
False
1486605805.521
0
HO
False
1486605805.559
0
HO
False
1486605805.597
0
HO
False
1486605805.635
0
HO
False
1486605805.677
0
HO
False
1486605805.713
0
HO
False
1486605805.753
0
HO
False
1486605805.791
0
HO
False
1486605805.829
0
HO
False
1486605805.867
0
HO
False
1486605805.906
0
HO
False
1486605805.945
0
HO
False
1486605805.984
0
HO
False
1486605806.21
0
HO
False
1486605806.61
0
HO
False
1486605806.99
0
HO
False
1486605806.138
0
HO
False
1486605806.178
0
HO
False
1486605806.216
0
HO
False
1486605806.254
0
HO
False
1486605806.292
0
HO
False
1486605806.331
0
HO
False
1486605806.369
0
HO
False
1486605806.407
0
HO
False
1486605806.445
0
HO
False
1486605806.484
0
HO
False
1486605806.522
0
HO
False
1486605806.561
0
HO
False
1486605806.600
0
HO
False
1486605806.642
0
HO
False
1486605806.678
0
HO
False
1486605806.715
0
HO
False
1486605806.772
0
HO
False
1486605806.948
0
HO
False
1486605807.3
0
HO
False
1486605807.36
0
HO
False
1486605807.67
0
HO
False
1486605807.103
0
HO
False
1486605807.139
0
HO
False
1486605807.179
0
HO
False
1486605807.217
0
HO
False
1486605807.255
0
HO
False
1486605807.295
0
HO
False
1486605807.332
0
HO
False
1486605807.371
0
HO
False
1486605807.410
0
HO
False
1486605807.447
0
HO
False
1486605807.488
0
HO
False
1486605807.525
0
HO
False
1486605807.564
0
HO
False
1486605807.756
0
HO
False
1486605807.818
0
HO
False
1486605807.910
0
HO
False
1486605807.949
0
HO
False
1486605807.988
0
HO
False
1486605808.26
0
HO
False
1486605808.65
0
HO
False
1486605808.103
0
HO
False
1486605808.144
0
HO
False
1486605808.180
0
HO
False
1486605808.219
0
HO
False
1486605808.257
0
HO
False
1486605808.297
0
HO
False
1486605808.334
0
HO
False
1486605808.374
0
HO
False
1486605808.412
0
HO
False
1486605808.450
0
HO
False
1486605808.490
0
HO
False
1486605808.527
0
HO
False
1486605808.565
0
HO
False
1486605808.604
0
HO
False
1486605808.643
0
HO
False
1486605808.682
0
HO
False
1486605808.720
0
HO
False
1486605808.758
0
HO
False
1486605808.799
0
HO
False
1486605808.835
0
HO
False
1486605808.874
0
HO
False
1486605808.913
0
HO
False
1486605808.951
0
HO
False
1486605808.989
0
HO
False
1486605809.29
0
HO
False
1486605809.66
0
HO
False
1486605809.107
0
HO
False
1486605809.144
0
HO
False
1486605809.183
0
HO
False
1486605809.221
0
HO
False
1486605809.260
0
HO
False
1486605809.298
0
HO
False
1486605809.336
0
HO
False
1486605809.375
0
HO
False
1486605809.414
0
HO
False
1486605809.452
0
HO
False
1486605809.491
0
HO
False
1486605809.529
0
HO
False
1486605809.567
0
HO
False
1486605809.607
0
HO
False
1486605809.645
0
HO
False
1486605809.683
0
HB
True
1486605809.723
0
HB
True
1486605809.761
0
HB
True
1486605809.801
35
HO
True
1486605809.838
35
HO
True
1486605809.876
35
HO
True
1486605809.915
31
HO
True
1486605809.953
31
HO
True
1486605809.992
31
HO
True
1486605810.30
27
HO
True
1486605810.67
27
HO
True
1486605810.108
27
HO
True
1486605810.146
0
HO
True
1486605810.185
0
HO
True
1486605810.223
0
HO
True
1486605810.261
0
HO
True
1486605810.301
0
HO
True
1486605810.338
0
HO
True
1486605810.377
11
HO
True
1486605810.415
11
HO
True
1486605810.454
11
HO
True
1486605810.493
0
HA
True
1486605810.531
0
HA
True
1486605810.569
0
HA
True
1486605810.609
0
HO
False
1486605810.648
0
HO
False
1486605810.685
0
HO
False
1486605810.725
0
HO
False
1486605810.763
0
HO
False
1486605810.801
0
HO
False
1486605810.839
0
HO
False
1486605810.878
0
HO
False
1486605810.918
0
HO
False
1486605810.955
0
HO
False
1486605810.994
0
HO
False
1486605811.32
0
HO
False
1486605811.70
0
HO
False
1486605811.110
0
HO
False
1486605811.148
0
HO
False
1486605811.186
0
HO
False
1486605811.225
0
HO
False
1486605811.278
0
HO
False
1486605811.380
0
HO
False
1486605811.435
0
HO
False
1486605811.482
0
HO
False
1486605811.502
0
HO
False
1486605811.532
0
HO
False
1486605811.576
0
HO
False
1486605811.611
0
HO
False
1486605811.649
0
HO
False
1486605811.688
0
HO
False
1486605811.726
0
HO
False
1486605811.765
0
HO
False
1486605811.886
0
HO
False
1486605811.925
0
HO
False
1486605811.977
0
HO
False
1486605812.151
0
HO
False
1486605812.188
0
HO
False
1486605812.227
0
HO
False
1486605812.266
0
HO
False
1486605812.304
0
HO
False
1486605812.343
0
HO
False
1486605812.382
0
HO
False
1486605812.420
0
HO
False
1486605812.458
0
HO
False
1486605812.496
0
HO
False
1486605812.536
0
HO
False
1486605812.574
0
HO
False
1486605812.613
0
HO
False
1486605812.653
0
HO
False
1486605812.689
0
HO
False
1486605812.728
0
HO
False
1486605812.766
0
HO
False
1486605812.806
0
HO
False
1486605812.844
0
HO
False
1486605812.882
0
HO
False
1486605812.921
0
HO
False
1486605812.960
0
HO
False
1486605812.998
0
HO
False
1486605813.36
0
HO
False
1486605813.74
0
HO
False
1486605813.114
0
HO
False
1486605813.152
0
HO
False
1486605813.192
0
HO
False
1486605813.230
0
HO
False
1486605813.267
0
HO
False
1486605813.306
0
HO
False
1486605813.345
0
HO
False
1486605813.384
0
HA
True
1486605813.422
0
HA
True
1486605813.461
0
HA
True
1486605813.499
17
HO
True
1486605813.537
17
HO
True
1486605813.576
17
HO
True
1486605813.616
15
HO
True
1486605813.654
15
HO
True
1486605813.692
15
HO
True
1486605813.730
0
HO
False
1486605813.769
0
HO
False
1486605813.808
0
HO
False
1486605813.846
0
HO
True
1486605813.884
0
HO
True
1486605813.924
0
HO
True
1486605813.962
0
HO
False
1486605813.999
0
HO
False
1486605814.39
0
HO
False
1486605814.76
0
HO
False
1486605814.115
0
HO
False
1486605814.156
0
HO
False
1486605814.193
0
HO
False
1486605814.232
0
HO
False
1486605814.269
0
HO
False
1486605814.309
0
HO
False
1486605814.347
0
HO
False
1486605814.385
0
HO
False
1486605814.425
0
HO
False
1486605814.462
0
HO
False
1486605814.500
0
HO
False
1486605814.540
0
HO
False
1486605814.578
0
HO
False
1486605814.617
0
HO
False
1486605814.656
0
HO
False
1486605814.694
0
HO
False
1486605814.733
0
HO
False
1486605814.772
0
HO
False
1486605814.809
0
HO
False
1486605814.848
0
HO
False
1486605814.887
0
HO
False
1486605814.926
0
HO
False
1486605814.963
0
HO
False
1486605815.2
0
HO
False
1486605815.40
0
HO
False
1486605815.79
0
HO
False
1486605815.119
0
HO
False
1486605815.156
0
HO
False
1486605815.195
0
HO
False
1486605815.234
0
HO
False
1486605815.272
0
HO
False
1486605815.310
0
HO
False
1486605815.349
0
HO
False
1486605815.388
0
HO
False
1486605815.427
0
HO
False
1486605815.464
0
HO
False
1486605815.503
0
HO
False
1486605815.542
0
HO
False
1486605815.580
0
HO
False
1486605815.636
0
HO
False
1486605815.738
0
HO
False
1486605815.772
0
HO
False
1486605815.812
0
HO
False
1486605815.868
0
HO
False
1486605815.922
0
HO
False
1486605815.942
0
HO
False
1486605815.963
0
HO
False
1486605816.3
0
HO
False
1486605816.45
0
HO
False
1486605816.80
0
HO
False
1486605816.121
0
HO
False
1486605816.159
0
HO
False
1486605816.216
0
HO
False
1486605816.263
0
HO
False
1486605816.351
0
HO
False
1486605816.405
0
HO
False
1486605816.452
0
HO
False
1486605816.482
0
HO
False
1486605816.504
0
HO
False
1486605816.549
0
HO
False
1486605816.584
0
HO
False
1486605816.622
0
HO
False
1486605816.659
0
HO
False
1486605816.698
0
HO
False
1486605816.736
0
HO
False
1486605816.775
0
HO
False
1486605816.813
0
HO
False
1486605816.854
0
HO
False
1486605816.891
0
HO
False
1486605816.930
0
HO
False
1486605816.967
0
HO
False
1486605817.6
0
HO
False
1486605817.45
0
HO
False
1486605817.83
0
HO
False
1486605817.124
0
HO
False
1486605817.161
0
HO
False
1486605817.200
0
HO
False
1486605817.238
0
HO
False
1486605817.276
0
HO
False
1486605817.314
0
HO
False
1486605817.353
0
HO
False
1486605817.392
0
HO
False
1486605817.431
0
HO
False
1486605817.469
0
HO
False
1486605817.508
0
HO
False
1486605817.546
0
HO
False
1486605817.585
0
HO
False
1486605817.623
0
HO
False
1486605817.662
0
HO
False
1486605817.700
0
HO
False
1486605817.739
0
HO
False
1486605817.777
0
HO
False
1486605817.815
0
HO
False
1486605817.856
0
HO
False
1486605817.893
0
HO
False
1486605817.933
0
HO
False
1486605817.971
0
HO
False
1486605818.9
0
HO
False
1486605818.46
0
HO
False
1486605818.85
0
HO
False
1486605818.124
0
HO
False
1486605818.163
0
HO
False
1486605818.200
0
HO
False
1486605818.242
0
HO
False
1486605818.279
0
HO
False
1486605818.316
0
HO
False
1486605818.355
0
HB
True
1486605818.394
0
HB
True
1486605818.432
0
HB
True
1486605818.471
26
HO
True
1486605818.510
26
HO
True
1486605818.548
26
HO
True
1486605818.586
25
HO
True
1486605818.626
25
HO
True
1486605818.666
25
HO
True
1486605818.701
4
HO
True
1486605818.743
4
HO
True
1486605818.778
4
HO
True
1486605818.818
0
HO
True
1486605818.857
0
HO
True
1486605818.895
0
HO
True
1486605818.934
0
HO
True
1486605818.972
0
HO
True
1486605819.10
0
HO
True
1486605819.49
0
HA
True
1486605819.87
0
HA
True
1486605819.127
0
HA
True
1486605819.165
0
HO
False
1486605819.203
0
HO
False
1486605819.243
0
HO
False
1486605819.280
0
HO
False
1486605819.318
0
HO
False
1486605819.358
0
HO
False
1486605819.396
0
HO
False
1486605819.435
0
HO
False
1486605819.473
0
HO
False
1486605819.512
0
HO
False
1486605819.549
0
HO
False
1486605819.589
0
HO
False
1486605819.627
0
HO
False
1486605819.665
0
HO
False
1486605819.705
0
HO
False
1486605819.744
0
HO
False
1486605819.783
0
HO
False
1486605819.819
0
HO
False
1486605819.867
0
HO
False
1486605819.923
0
HO
False
1486605819.963
0
HO
False
1486605820.58
0
HO
False
1486605820.90
0
HO
False
1486605820.128
0
HO
False
1486605820.169
0
HO
False
1486605820.205
0
HO
False
1486605820.245
0
HO
False
1486605820.283
0
HO
False
1486605820.321
0
HO
False
1486605820.359
0
HO
False
1486605820.397
0
HO
False
1486605820.452
0
HO
False
1486605820.553
0
HO
False
1486605820.594
0
HO
False
1486605820.652
0
HO
False
1486605820.692
0
HO
False
1486605820.785
0
HO
False
1486605820.821
0
HO
False
1486605820.861
0
HO
False
1486605820.899
0
HO
False
1486605820.938
0
HO
False
1486605820.976
0
HO
False
1486605821.15
0
HO
False
1486605821.53
0
HO
False
1486605821.92
0
HO
False
1486605821.130
0
HO
False
1486605821.169
0
HO
False
1486605821.207
0
HO
False
1486605821.247
0
HO
False
1486605821.284
0
HO
False
1486605821.322
0
HO
False
1486605821.362
0
HO
False
1486605821.400
0
HO
False
1486605821.439
0
HO
False
1486605821.476
0
HO
False
1486605821.515
0
HO
False
1486605821.555
0
HO
False
1486605821.593
0
HO
False
1486605821.632
0
HO
False
1486605821.671
0
HO
False
1486605821.709
0
HO
False
1486605821.748
0
HO
False
1486605821.786
0
HO
False
1486605821.826
23
HO
True
1486605821.880
23
HO
True
1486605821.926
23
HO
True
1486605821.954
0
HA
True
1486605821.979
0
HA
True
1486605822.16
0
HA
True
1486605822.57
0
HO
False
1486605822.93
0
HO
False
1486605822.133
0
HO
False
1486605822.171
0
HO
False
1486605822.210
0
HO
False
1486605822.250
0
HO
False
1486605822.287
0
HO
False
1486605822.325
0
HO
False
1486605822.364
0
HO
False
1486605822.402
0
HO
True
1486605822.441
0
HO
True
1486605822.479
0
HO
True
1486605822.517
0
HO
False
1486605822.557
0
HO
False
1486605822.594
0
HO
False
1486605822.634
0
HO
False
1486605822.671
0
HO
False
1486605822.711
0
HO
False
1486605822.750
0
HO
False
1486605822.788
0
HO
False
1486605822.826
0
HO
False
1486605822.865
0
HO
False
1486605822.902
0
HO
False
1486605822.942
0
HO
False
1486605822.981
0
HO
False
1486605823.18
0
HO
False
1486605823.58
0
HO
False
1486605823.97
0
HO
False
1486605823.134
0
HO
False
1486605823.172
0
HO
False
1486605823.212
0
HO
False
1486605823.251
0
HO
False
1486605823.289
0
HO
False
1486605823.327
0
HO
False
1486605823.365
0
HO
False
1486605823.405
0
HO
False
1486605823.443
0
HO
False
1486605823.481
0
HO
False
1486605823.519
0
HO
False
1486605823.559
0
HO
False
1486605823.596
0
HO
False
1486605823.635
0
HO
False
1486605823.674
0
HO
False
1486605823.713
0
HO
False
1486605823.752
0
HO
False
1486605823.790
0
HO
False
1486605823.828
0
HO
False
1486605823.867
0
HO
False
1486605823.906
0
HO
False
1486605823.944
0
HO
False
1486605823.982
0
HO
False
1486605824.22
0
HO
False
1486605824.61
0
HO
False
1486605824.98
0
HO
False
1486605824.154
0
HO
False
1486605824.256
0
HO
False
1486605824.315
0
HO
False
1486605824.407
0
HO
False
1486605824.444
0
HO
False
1486605824.484
0
HO
False
1486605824.522
0
HO
False
1486605824.561
0
HO
False
1486605824.599
0
HO
False
1486605824.643
0
HO
False
1486605824.677
0
HO
False
1486605824.715
0
HO
False
1486605824.754
0
HO
False
1486605824.809
0
HO
False
1486605824.863
0
HO
False
1486605824.888
0
HO
False
1486605824.920
0
HO
False
1486605824.978
0
HO
False
1486605825.62
0
HO
False
1486605825.100
0
HO
False
1486605825.139
0
HO
False
1486605825.178
0
HO
False
1486605825.216
0
HO
False
1486605825.255
0
HO
False
1486605825.293
0
HO
False
1486605825.330
0
HO
False
1486605825.370
0
HO
False
1486605825.409
0
HO
False
1486605825.447
0
HO
False
1486605825.486
0
HO
False
1486605825.525
0
HO
False
1486605825.562
0
HO
False
1486605825.602
0
HO
False
1486605825.640
0
HO
False
1486605825.678
0
HO
False
1486605825.717
0
HO
False
1486605825.757
0
HO
False
1486605825.794
0
HO
False
1486605825.832
0
HO
False
1486605825.872
0
HO
False
1486605825.910
0
HO
False
1486605825.947
0
HO
False
1486605825.986
0
HO
False
1486605826.25
0
HO
False
1486605826.63
0
HO
False
1486605826.103
0
HO
False
1486605826.147
0
HO
False
1486605826.179
0
HO
False
1486605826.217
0
HO
False
1486605826.257
0
HO
False
1486605826.295
0
HO
False
1486605826.333
0
HO
False
1486605826.371
0
HO
False
1486605826.410
0
HO
False
1486605826.449
0
HO
False
1486605826.488
0
HO
False
1486605826.526
0
HO
False
1486605826.565
0
HO
False
1486605826.604
0
HO
False
1486605826.643
0
HO
False
1486605826.681
0
HO
False
1486605826.719
0
HO
False
1486605826.758
0
HO
False
1486605826.796
0
HO
False
1486605826.835
0
HO
False
1486605826.873
0
HO
False
1486605826.912
0
HO
False
1486605826.950
0
HO
False
1486605826.988
0
HO
False
1486605827.28
0
HB
True
1486605827.65
0
HB
True
1486605827.105
0
HB
True
1486605827.143
26
HO
True
1486605827.181
26
HO
True
1486605827.221
26
HO
True
1486605827.259
0
HO
True
1486605827.297
0
HO
True
1486605827.335
0
HO
True
1486605827.374
31
HO
True
1486605827.412
31
HO
True
1486605827.453
31
HO
True
1486605827.489
27
HO
True
1486605827.529
27
HO
True
1486605827.566
27
HO
True
1486605827.605
14
HO
True
1486605827.651
14
HO
True
1486605827.683
14
HO
True
1486605827.721
5
HO
True
1486605827.761
5
HO
True
1486605827.797
5
HO
True
1486605827.836
0
HA
True
1486605827.876
0
HA
True
1486605827.915
0
HA
True
1486605827.953
0
HO
False
1486605827.990
0
HO
False
1486605828.29
0
HO
False
1486605828.68
0
HO
False
1486605828.106
0
HO
False
1486605828.144
0
HO
False
1486605828.184
0
HO
False
1486605828.222
0
HO
False
1486605828.261
0
HO
False
1486605828.299
0
HO
False
1486605828.338
0
HO
False
1486605828.376
0
HO
False
1486605828.414
0
HO
False
1486605828.483
0
HO
False
1486605828.570
0
HO
False
1486605828.684
0
HO
False
1486605829.958
0
HO
False
1486605829.995
0
HO
False
1486605830.33
0
HO
False
1486605830.71
0
HO
False
1486605830.110
0
HO
False
1486605830.148
0
HO
False
1486605830.188
0
HO
False
1486605830.226
0
HO
False
1486605830.266
0
HO
False
1486605830.303
0
HO
False
1486605830.343
0
HO
False
1486605830.381
0
HA
True
1486605830.419
0
HA
True
1486605830.458
0
HA
True
1486605830.497
0
HO
True
1486605830.534
0
HO
True
1486605830.573
0
HO
True
1486605830.611
0
HO
False
1486605830.658
0
HO
False
1486605830.690
0
HO
False
1486605830.728
0
HO
False
1486605830.766
0
HO
False
1486605830.805
0
HO
False
1486605830.844
0
HO
False
1486605830.882
0
HO
False
1486605830.920
0
HO
False
1486605830.959
0
HO
False
1486605830.997
0
HO
False
1486605831.35
0
HO
False
1486605831.74
0
HO
False
1486605831.113
0
HO
False
1486605831.151
0
HO
False
1486605831.189
0
HO
False
1486605831.229
0
HO
False
1486605831.268
0
HO
False
1486605831.305
0
HO
False
1486605831.344
0
HO
False
1486605831.383
0
HO
False
1486605831.421
0
HO
False
1486605831.460
0
HO
False
1486605831.498
0
HO
False
1486605831.539
0
HO
False
1486605831.576
0
HO
False
1486605831.614
0
HO
False
1486605831.653
0
HO
False
1486605831.690
0
HO
False
1486605831.729
0
HO
False
1486605831.770
0
HO
False
1486605831.807
0
HO
False
1486605831.858
0
HO
False
1486605831.892
0
HO
False
1486605831.923
0
HO
False
1486605831.962
0
HO
False
1486605831.1000
0
HO
False
1486605832.38
0
HO
False
1486605832.76
0
HO
False
1486605832.115
0
HO
False
1486605832.159
0
HO
False
1486605832.192
0
HO
False
1486605832.230
0
HO
False
1486605832.270
0
HO
False
1486605832.307
0
HO
False
1486605832.346
0
HO
False
1486605832.385
0
HO
False
1486605832.423
0
HO
False
1486605832.461
0
HO
False
1486605832.500
0
HO
False
1486605832.555
0
HO
False
1486605832.601
0
HO
False
1486605832.629
0
HO
False
1486605832.655
0
HO
False
1486605832.712
0
HO
False
1486605832.747
0
HO
False
1486605832.789
0
HO
False
1486605832.807
0
HO
False
1486605832.849
0
HO
False
1486605832.886
0
HO
False
1486605832.926
0
HO
False
1486605832.963
0
HO
False
1486605833.1
0
HO
False
1486605833.41
0
HO
False
1486605833.79
0
HO
False
1486605833.117
0
HO
False
1486605833.155
0
HO
False
1486605833.194
0
HO
False
1486605833.232
0
HO
False
1486605833.270
0
HO
False
1486605833.326
0
HO
False
1486605833.371
0
HO
False
1486605833.418
0
HO
False
1486605833.444
0
HO
False
1486605833.473
0
HO
False
1486605833.511
0
HO
False
1486605833.618
0
HO
False
1486605833.663
0
HO
False
1486605833.696
0
HO
False
1486605833.734
0
HO
False
1486605833.773
0
HO
False
1486605833.811
0
HO
False
1486605833.849
0
HO
False
1486605833.890
0
HO
False
1486605833.927
0
HO
False
1486605833.965
0
HO
False
1486605834.3
0
HO
False
1486605834.43
0
HO
False
1486605834.80
0
HO
False
1486605834.118
0
HO
False
1486605834.158
0
HO
False
1486605834.195
0
HO
False
1486605834.235
0
HO
False
1486605834.272
0
HO
False
1486605834.311
0
HO
False
1486605834.349
0
HO
False
1486605834.390
0
HO
False
1486605834.427
0
HO
False
1486605834.466
0
HO
False
1486605834.504
0
HO
False
1486605834.543
0
HO
False
1486605834.582
0
HO
False
1486605834.621
0
HO
False
1486605834.659
0
HO
False
1486605834.697
0
HO
False
1486605834.735
0
HO
False
1486605834.774
26
HO
True
1486605834.813
26
HO
True
1486605834.852
26
HO
True
1486605834.892
2
HO
True
1486605834.928
2
HO
True
1486605834.966
2
HO
True
1486605835.6
0
HO
True
1486605835.44
0
HO
True
1486605835.83
0
HO
True
1486605835.120
0
HO
True
1486605835.167
0
HO
True
1486605835.198
0
HO
True
1486605835.237
9
HO
True
1486605835.276
9
HO
True
1486605835.314
9
HO
True
1486605835.353
0
HO
True
1486605835.392
0
HO
True
1486605835.429
0
HO
True
1486605835.468
5
HA
True
1486605835.507
5
HA
True
1486605835.545
5
HA
True
1486605835.585
0
HO
False
1486605835.622
0
HO
False
1486605835.661
0
HO
False
1486605835.699
0
HO
False
1486605835.738
0
HO
False
1486605835.776
0
HO
False
1486605835.814
0
HO
False
1486605835.854
0
HO
False
1486605835.892
0
HO
False
1486605835.930
0
HO
False
1486605835.968
0
HO
False
1486605836.8
0
HO
False
1486605836.46
0
HO
False
1486605836.86
0
HO
False
1486605836.123
0
HO
False
1486605836.162
0
HO
False
1486605836.201
0
HO
False
1486605836.239
0
HO
False
1486605836.278
0
HO
False
1486605836.315
0
HO
False
1486605836.354
0
HO
False
1486605836.394
0
HO
False
1486605836.431
0
HO
False
1486605836.469
0
HO
False
1486605836.586
0
HO
False
1486605836.635
0
HO
False
1486605836.740
0
HO
False
1486605836.779
0
HO
False
1486605836.816
0
HO
False
1486605836.855
0
HO
False
1486605836.895
0
HO
False
1486605836.933
0
HO
False
1486605836.971
0
HO
False
1486605837.10
0
HO
False
1486605837.48
0
HO
False
1486605837.87
0
HO
False
1486605837.126
0
HO
False
1486605837.163
0
HO
False
1486605837.202
0
HO
False
1486605837.241
0
HO
False
1486605837.279
0
HO
False
1486605837.318
0
HO
False
1486605837.357
0
HO
False
1486605837.396
0
HO
False
1486605837.434
0
HO
False
1486605837.472
0
HO
False
1486605837.510
0
HO
False
1486605837.549
0
HO
False
1486605837.589
0
HO
False
1486605837.626
0
HO
False
1486605837.665
0
HO
False
1486605837.704
0
HO
False
1486605837.742
0
HO
False
1486605837.781
0
HO
False
1486605837.818
0
HO
False
1486605837.858
0
HO
False
1486605837.897
0
HO
False
1486605837.935
0
HO
False
1486605837.973
0
HO
False
1486605838.12
0
HO
False
1486605838.51
0
HO
False
1486605838.90
0
HO
False
1486605838.127
0
HO
False
1486605838.171
0
HO
False
1486605838.205
0
HO
False
1486605838.243
0
HO
False
1486605838.281
0
HO
False
1486605838.319
0
HO
False
1486605838.359
0
HO
False
1486605838.397
0
HO
False
1486605838.435
0
HO
False
1486605838.474
0
HO
False
1486605838.512
0
HO
False
1486605838.552
0
HO
False
1486605838.591
0
HO
False
1486605838.628
0
HO
False
1486605838.667
0
HO
False
1486605838.706
0
HO
False
1486605838.744
0
HO
False
1486605838.783
0
HO
False
1486605838.820
0
HO
False
1486605838.860
0
HO
False
1486605838.914
0
HO
False
1486605838.964
0
HO
False
1486605839.63
0
HO
False
1486605839.115
0
HO
False
1486605839.206
0
HO
False
1486605839.245
0
HO
False
1486605839.284
0
HO
False
1486605839.322
0
HO
False
1486605839.360
0
HO
False
1486605839.400
0
HO
False
1486605839.438
0
HO
False
1486605839.476
0
HO
False
1486605839.515
0
HO
False
1486605839.554
0
HO
False
1486605839.593
0
HO
False
1486605839.630
0
HO
False
1486605839.672
0
HO
False
1486605839.708
0
HO
False
1486605839.746
0
HO
False
1486605839.785
0
HO
False
1486605839.823
0
HO
False
1486605839.862
0
HO
False
1486605839.901
0
HO
False
1486605839.939
0
HO
False
1486605839.977
0
HO
False
1486605840.17
0
HO
False
1486605840.54
0
HO
False
1486605840.93
0
HO
False
1486605840.132
0
HO
False
1486605840.170
0
HO
False
1486605840.209
0
HO
False
1486605840.247
0
HO
False
1486605840.286
0
HO
False
1486605840.324
0
HO
False
1486605840.362
0
HO
False
1486605840.401
0
HO
False
1486605840.440
0
HO
False
1486605840.479
0
HO
False
1486605840.517
0
HO
False
1486605840.555
0
HO
False
1486605840.595
0
HO
False
1486605840.633
0
HO
False
1486605840.671
0
HO
False
1486605840.710
0
HO
False
1486605840.748
0
HO
False
1486605840.788
0
HO
False
1486605840.824
0
HO
False
1486605840.863
0
HO
False
1486605840.902
0
HO
False
1486605840.941
0
HO
False
1486605840.979
0
HO
False
1486605841.34
0
HO
False
1486605841.75
0
HO
False
1486605841.102
0
HO
False
1486605841.132
0
HO
False
1486605841.177
0
HO
False
1486605841.213
0
HO
False
1486605841.248
0
HO
False
1486605841.289
0
HO
False
1486605841.325
0
HO
False
1486605841.365
0
HO
False
1486605841.404
0
HO
False
1486605841.442
0
HO
False
1486605841.481
0
HO
False
1486605841.518
0
HO
False
1486605841.557
0
HO
False
1486605841.597
0
HO
False
1486605841.634
0
HO
False
1486605841.673
0
HO
False
1486605841.711
0
HO
False
1486605841.750
0
HO
False
1486605841.790
0
HO
False
1486605841.835
0
HO
False
1486605841.876
0
HO
False
1486605841.909
0
HO
False
1486605841.946
0
HO
False
1486605841.987
0
HO
False
1486605842.23
0
HO
False
1486605842.59
0
HO
False
1486605842.99
0
HO
False
1486605842.137
0
HO
False
1486605842.174
0
HO
False
1486605842.212
0
HO
False
1486605842.252
0
HO
False
1486605842.291
0
HO
False
1486605842.361
0
HO
False
1486605842.460
0
HO
False
1486605842.582
0
HO
False
1486605842.702
0
HO
False
1486605842.809
0
HO
False
1486605842.921
0
HO
False
1486605843.34
0
HO
False
1486605843.150
0
HO
False
1486605843.260
0
HO
False
1486605843.449
0
HO
False
1486605843.495
0
HO
False
1486605843.609
0
HO
False
1486605843.658
0
HO
False
1486605843.837
0
HO
False
1486605843.961
0
HO
False
1486605844.8
0
HO
False
1486605844.104
0
HO
False
1486605844.163
0
HO
False
1486605844.213
0
HO
False
1486605844.242
0
HO
False
1486605844.339
0
HO
False
1486605844.397
0
HO
False
1486605844.499
0
HO
False
1486605844.552
0
HO
False
1486605844.671
0
HO
False
1486605844.761
0
HO
False
1486605844.873
0
HO
False
1486605844.911
0
HO
False
1486605844.949
0
HO
False
1486605844.987
0
HO
False
1486605845.26
0
HO
False
1486605845.65
0
HO
False
1486605845.106
0
HO
False
1486605845.143
0
HO
False
1486605845.181
0
HO
False
1486605845.220
0
HO
False
1486605845.258
0
HO
False
1486605845.296
0
HO
False
1486605845.334
0
HO
False
1486605845.381
0
HO
False
1486605845.413
0
HO
False
1486605845.450
0
HO
False
1486605845.489
0
HO
False
1486605845.526
0
HO
False
1486605845.566
0
HO
False
1486605845.604
0
HO
False
1486605845.643
0
HO
False
1486605845.689
0
HO
False
1486605845.722
0
HO
False
1486605845.759
0
HO
False
1486605845.798
0
HO
False
1486605845.835
0
HO
False
1486605845.876
0
HO
False
1486605845.914
0
HO
False
