1486727822.224
0
HO
False
1486727822.326
0
HO
False
1486727822.382
0
HO
False
1486727822.482
0
HO
False
1486727822.539
0
HO
False
1486727822.561
0
HO
False
1486727822.593
0
HO
False
1486727822.629
0
HO
False
1486727822.666
0
HO
False
1486727822.705
0
HO
False
1486727822.743
0
HO
False
1486727822.783
0
HO
False
1486727822.822
0
HO
False
1486727822.861
0
HO
False
1486727822.906
0
HO
False
1486727822.953
0
HO
False
1486727822.988
0
HO
False
1486727823.20
0
HO
False
1486727823.62
0
HO
False
1486727823.253
0
HO
False
1486727823.292
0
HO
False
1486727823.333
0
HO
False
1486727823.370
0
HO
False
1486727823.413
0
HO
False
1486727823.446
0
HO
False
1486727823.494
0
HO
False
1486727823.531
0
HO
False
1486727823.557
0
HO
False
1486727823.595
0
HO
False
1486727823.642
0
HO
False
1486727823.673
0
HO
False
1486727823.719
0
HO
False
1486727823.768
0
HO
False
1486727823.940
0
HO
False
1486727824.60
0
HO
False
1486727824.104
0
HO
False
1486727824.133
0
HO
False
1486727824.174
0
HO
False
1486727824.210
0
HO
False
1486727824.247
0
HO
False
1486727824.285
0
HO
False
1486727824.350
0
HO
False
1486727824.449
0
HO
False
1486727824.633
0
HO
False
1486727824.672
0
HO
False
1486727824.712
0
HO
False
1486727824.751
0
HO
False
1486727824.786
0
HO
False
1486727824.826
0
HO
False
1486727824.864
0
HO
False
1486727824.907
0
HO
False
1486727824.942
0
HO
False
1486727824.979
0
HO
False
1486727825.17
0
HO
False
1486727825.57
0
HO
False
1486727825.95
0
HO
False
1486727825.135
0
HO
False
1486727825.172
0
HO
False
1486727825.210
0
HO
False
1486727825.251
0
HO
False
1486727825.392
0
HO
False
1486727825.493
0
HO
False
1486727825.607
0
HO
False
1486727825.655
0
HO
False
1486727825.781
0
HO
False
1486727825.876
0
HO
False
1486727825.932
0
HO
False
1486727826.23
0
HO
False
1486727826.79
0
HO
False
1486727826.116
0
HO
False
1486727826.160
0
HO
False
1486727826.265
0
HO
False
1486727826.307
0
HO
False
1486727826.407
0
HO
False
1486727826.522
0
HO
False
1486727826.581
0
HO
False
1486727826.613
0
HO
False
1486727826.664
0
HO
False
1486727826.701
0
HO
False
1486727826.749
0
HO
False
1486727826.833
0
HO
False
1486727826.891
0
HO
False
1486727826.984
0
HO
False
1486727827.35
0
HO
False
1486727827.91
0
HO
False
1486727827.123
0
HO
False
1486727827.296
0
HO
False
1486727827.339
0
HO
False
1486727827.388
0
HO
False
1486727827.493
0
HO
False
1486727827.552
0
HO
False
1486727827.578
0
HO
False
1486727827.632
0
HO
False
1486727827.675
0
HO
False
1486727827.702
0
HO
False
1486727827.746
0
HO
False
1486727827.776
0
HO
False
1486727827.954
0
HO
False
1486727828.7
0
HO
False
1486727828.46
0
HO
False
1486727828.82
0
HO
False
1486727828.124
0
HO
False
1486727828.170
0
HO
False
1486727828.270
0
HO
False
1486727828.376
0
HO
False
1486727828.420
0
HO
False
1486727828.626
0
HO
False
1486727828.731
0
HO
False
1486727828.843
0
HO
False
1486727829.37
0
HO
False
1486727829.158
0
HO
False
1486727829.271
0
HO
False
1486727829.316
0
HO
False
1486727829.360
0
HO
False
1486727829.457
0
HO
False
1486727829.499
0
HO
False
1486727829.546
0
HO
False
1486727829.584
0
HO
False
1486727829.619
0
HO
False
1486727829.648
0
HO
False
1486727829.679
0
HO
False
1486727829.719
0
HO
False
1486727829.760
0
HO
False
1486727829.796
0
HO
False
1486727829.835
0
HO
False
1486727829.876
0
HO
False
1486727829.913
0
HO
False
1486727829.951
0
HO
False
1486727829.990
0
HO
False
1486727830.28
0
HO
False
1486727830.68
0
HO
False
1486727830.105
0
HO
False
1486727830.145
0
HO
False
1486727830.184
0
HO
False
1486727830.221
0
HO
False
1486727830.260
0
HO
False
1486727830.298
0
HO
False
1486727830.338
0
HO
False
1486727830.383
0
HO
False
1486727830.419
0
HO
False
1486727830.463
0
HO
False
1486727830.496
0
HO
False
1486727830.532
0
HO
False
1486727830.567
0
HO
False
1486727830.606
0
HO
False
1486727830.645
0
HO
False
1486727830.684
0
HO
False
1486727830.721
0
HO
False
1486727830.761
0
HO
False
1486727830.799
0
HO
False
1486727830.838
0
HO
False
1486727830.877
0
HO
False
1486727830.917
0
HO
False
1486727830.953
0
HO
False
1486727830.993
0
HO
False
1486727831.30
0
HO
False
1486727831.70
0
HO
False
1486727831.108
0
HO
False
1486727831.147
0
HO
False
1486727831.188
0
HO
False
1486727831.224
0
HO
False
1486727831.265
0
HO
False
1486727831.300
0
HO
False
1486727831.339
0
HO
False
1486727831.379
0
HO
False
1486727831.416
0
HO
False
1486727831.454
0
HO
False
1486727831.493
0
HO
False
1486727831.530
0
HO
False
1486727831.570
0
HO
False
1486727831.609
0
HO
False
1486727831.647
0
HO
False
1486727831.685
0
HO
False
1486727831.724
0
HO
False
1486727831.766
0
HO
False
1486727831.801
0
HO
False
1486727831.840
0
HO
False
1486727831.878
0
HO
False
1486727831.919
0
HO
False
1486727831.958
0
HO
False
1486727831.994
0
HO
False
1486727832.32
0
HO
False
1486727832.71
0
HO
False
1486727832.110
0
HO
False
1486727832.149
0
HO
False
1486727832.188
0
HO
False
1486727832.227
0
HO
False
1486727832.263
0
HO
False
1486727832.302
0
HO
False
1486727832.343
0
HO
False
1486727832.379
0
HO
False
1486727832.423
0
HO
False
1486727832.455
0
HO
False
1486727832.495
0
HO
False
1486727832.533
0
HO
False
1486727832.572
0
HO
False
1486727832.610
0
HO
False
1486727832.649
0
HO
False
1486727832.688
0
HO
False
1486727832.727
0
HO
False
1486727832.765
0
HO
False
1486727832.803
0
HO
False
1486727832.842
0
HO
False
1486727832.879
0
HO
False
1486727832.920
0
HO
False
1486727832.957
0
HO
False
1486727832.996
0
HO
False
1486727833.33
0
HO
False
1486727833.74
0
HO
False
1486727833.110
0
HO
False
1486727833.153
0
HO
False
1486727833.189
0
HO
False
1486727833.227
0
HO
False
1486727833.265
0
HO
False
1486727833.305
0
HO
False
1486727833.343
0
HO
False
1486727833.382
0
HO
False
1486727833.420
0
HO
False
1486727833.459
0
HO
False
1486727833.497
0
HO
False
1486727833.535
0
HO
False
1486727833.575
0
HO
False
1486727833.613
0
HO
False
1486727833.651
0
HO
False
1486727833.690
0
HO
False
1486727833.727
0
HO
False
1486727833.766
0
HO
False
1486727833.805
0
HO
False
1486727833.844
0
HO
False
1486727833.883
0
HO
False
1486727833.925
0
HO
False
1486727833.959
0
HO
False
1486727833.998
0
HO
False
1486727834.36
0
HO
False
1486727834.76
0
HO
False
1486727834.114
0
HO
False
1486727834.153
0
HO
False
1486727834.190
0
HO
False
1486727834.230
0
HO
False
1486727834.268
0
HO
False
1486727834.306
0
HO
False
1486727834.345
0
HO
False
1486727834.384
0
HO
False
1486727834.423
0
HO
False
1486727834.464
0
HO
False
1486727834.498
0
HO
False
1486727834.538
0
HO
False
1486727834.578
0
HO
False
1486727834.615
0
HO
False
1486727834.653
0
HO
False
1486727834.693
0
HO
False
1486727834.731
0
HO
False
1486727834.768
0
HO
False
1486727834.807
0
HO
False
1486727834.846
0
HO
False
1486727834.884
0
HO
False
1486727834.924
0
HO
False
1486727834.962
0
HO
False
1486727835.1
0
HO
False
1486727835.40
0
HO
False
1486727835.78
0
HO
False
1486727835.115
0
HO
False
1486727835.154
0
HO
False
1486727835.194
0
HO
False
1486727835.234
0
HO
False
1486727835.269
0
HO
False
1486727835.309
0
HO
False
1486727835.348
0
HO
False
1486727835.387
0
HO
False
1486727835.427
0
HO
False
1486727835.464
0
HO
False
1486727835.501
0
HO
False
1486727835.540
0
HO
False
1486727835.578
0
HO
False
1486727835.617
0
HO
False
1486727835.655
0
HO
False
1486727835.694
0
HO
False
1486727835.734
0
HO
False
1486727835.771
0
HO
False
1486727835.810
0
HO
False
1486727835.848
0
HO
False
1486727835.887
0
HO
False
1486727835.926
0
HO
False
1486727835.963
0
HO
False
1486727836.2
0
HO
False
1486727836.42
0
HO
False
1486727836.80
0
HO
False
1486727836.118
0
HO
False
1486727836.156
0
HO
False
1486727836.196
0
HO
False
1486727836.234
0
HO
False
1486727836.272
0
HO
False
1486727836.310
0
HO
False
1486727836.348
0
HO
False
1486727836.388
0
HO
False
1486727836.427
0
HO
False
1486727836.466
0
HO
False
1486727836.503
0
HO
False
1486727836.542
0
HO
False
1486727836.582
0
HO
False
1486727836.619
0
HO
False
1486727836.658
0
HO
False
1486727836.697
0
HO
False
1486727836.734
0
HO
False
1486727836.774
0
HO
False
1486727836.812
0
HO
False
1486727836.868
0
HO
False
1486727837.43
0
HO
False
1486727837.82
0
HO
False
1486727837.120
0
HO
False
1486727837.159
0
HO
False
1486727837.196
0
HO
False
1486727837.236
0
HO
False
1486727837.275
0
HO
False
1486727837.312
0
HO
False
1486727837.354
0
HO
False
1486727837.392
0
HO
False
1486727837.429
0
HO
False
1486727837.466
0
HO
False
1486727837.506
0
HO
False
1486727837.544
0
HO
False
1486727837.582
0
HO
False
1486727837.621
0
HO
False
1486727837.659
0
HO
False
1486727837.699
0
HO
False
1486727837.736
0
HO
False
1486727837.775
0
HO
False
1486727837.814
0
HO
False
1486727837.852
0
HO
False
1486727837.890
0
HO
False
1486727837.929
0
HO
False
1486727837.968
0
HO
False
1486727838.7
0
HO
False
1486727838.45
0
HO
False
1486727838.83
0
HO
False
1486727838.123
0
HO
False
1486727838.161
0
HO
False
1486727838.201
0
HO
False
1486727838.237
0
HO
False
1486727838.278
0
HO
False
1486727838.315
0
HO
False
1486727838.354
0
HO
False
1486727838.392
0
HO
False
1486727838.432
0
HO
False
1486727838.470
0
HO
False
1486727838.508
0
HO
False
1486727838.546
0
HO
False
1486727838.585
0
HO
False
1486727838.624
0
HO
False
1486727838.662
0
HO
False
1486727838.700
0
HO
False
1486727838.738
0
HO
False
1486727838.777
0
HO
False
1486727838.815
0
HO
False
1486727838.854
0
HO
False
1486727838.893
0
HO
False
1486727838.933
0
HO
False
1486727838.971
0
HO
False
1486727839.8
0
HO
False
1486727839.48
0
HO
False
1486727839.86
0
HO
False
1486727839.125
0
HO
False
1486727839.163
0
HO
False
1486727839.201
0
HO
False
1486727839.240
0
HO
False
1486727839.279
0
HO
False
1486727839.317
0
HO
False
1486727839.356
0
HO
False
1486727839.394
0
HO
False
1486727839.432
0
HO
False
1486727839.473
0
HO
False
1486727839.511
0
HO
False
1486727839.549
0
HO
False
1486727839.589
0
HO
False
1486727839.626
0
HO
False
1486727839.666
0
HO
False
1486727839.704
0
HO
False
1486727839.741
0
HO
False
1486727839.779
0
HO
False
1486727839.818
0
HO
False
1486727839.857
0
HO
False
1486727839.896
0
HO
False
1486727839.937
0
HO
False
1486727839.974
0
HO
False
1486727840.11
0
HO
False
1486727840.48
0
HO
False
1486727840.177
0
HO
False
1486727840.373
0
HO
False
1486727840.633
0
HO
False
1486727840.688
0
HO
False
1486727840.728
0
HO
False
1486727840.823
0
HO
False
1486727840.876
0
HO
False
1486727840.978
0
HO
False
1486727841.28
0
HO
False
1486727841.71
0
HO
False
1486727841.114
0
HO
False
1486727841.152
0
HO
False
1486727841.202
0
HO
False
1486727841.285
0
HO
False
1486727841.408
0
HO
False
1486727841.440
0
HO
False
1486727841.476
0
HO
False
1486727841.515
0
HO
False
1486727841.554
0
HO
False
1486727841.591
0
HO
False
1486727841.630
0
HO
False
1486727841.668
0
HO
False
1486727841.706
0
HO
False
1486727841.745
54
HA
True
1486727841.783
54
HA
True
1486727841.822
54
HA
True
1486727841.861
61
HA
True
1486727841.899
61
HA
True
1486727841.938
61
HA
True
1486727841.979
64
HA
True
1486727842.16
64
HA
True
1486727842.53
64
HA
True
1486727842.92
64
HO
True
1486727842.130
64
HO
True
1486727842.170
64
HO
True
1486727842.208
64
HB
True
1486727842.247
64
HB
True
1486727842.284
64
HB
True
1486727842.326
49
HB
True
1486727842.361
49
HB
True
1486727842.399
49
HB
True
1486727842.440
0
HO
False
1486727842.479
0
HO
False
1486727842.516
0
HO
False
1486727842.557
0
HO
False
1486727842.595
0
HO
False
1486727842.631
0
HO
False
1486727842.670
0
HO
False
1486727842.709
0
HO
False
1486727842.747
0
HO
False
1486727842.786
0
HO
False
1486727842.824
0
HO
False
1486727842.863
0
HO
False
1486727842.901
0
HO
False
1486727842.941
0
HO
False
1486727842.980
0
HO
False
1486727843.20
0
HO
False
1486727843.74
0
HO
False
1486727843.110
0
HO
False
1486727843.137
0
HO
False
1486727843.176
0
HO
False
1486727843.214
0
HO
False
1486727843.246
0
HO
False
1486727843.287
0
HO
False
1486727843.326
0
HO
False
1486727843.365
0
HO
False
1486727843.403
0
HO
False
1486727843.442
0
HO
False
1486727843.479
0
HO
False
1486727843.518
0
HO
False
1486727843.566
0
HO
False
1486727843.600
0
HO
False
1486727843.634
0
HO
False
1486727843.673
0
HO
False
1486727843.712
0
HO
False
1486727843.752
0
HO
False
1486727843.794
0
HO
False
1486727843.828
0
HO
False
1486727843.866
0
HO
False
1486727843.903
0
HO
False
1486727843.942
0
HO
False
1486727843.981
0
HO
False
1486727844.20
0
HO
False
1486727844.61
0
HO
False
1486727844.98
0
HO
False
1486727844.135
0
HO
False
1486727844.173
0
HO
False
1486727844.211
0
HO
False
1486727844.250
0
HO
False
1486727844.367
0
HO
False
1486727844.420
0
HO
False
1486727844.444
0
HO
False
1486727844.491
0
HO
False
1486727844.543
0
HO
False
1486727844.578
0
HO
False
1486727844.609
0
HO
False
1486727844.642
0
HO
False
1486727844.674
0
HO
False
1486727844.714
0
HO
False
1486727844.752
0
HO
False
1486727844.792
0
HO
False
1486727844.829
0
HO
False
1486727844.867
0
HO
False
1486727844.907
0
HO
False
1486727844.944
0
HO
False
1486727844.985
0
HO
False
1486727845.22
0
HO
False
1486727845.61
0
HO
False
1486727845.100
0
HO
False
1486727845.138
0
HO
False
1486727845.175
0
HO
False
1486727845.214
0
HO
False
1486727845.253
0
HO
False
1486727845.291
0
HO
False
1486727845.330
0
HO
False
1486727845.447
0
HO
False
1486727845.484
0
HO
False
1486727845.532
0
HO
False
1486727845.714
0
HO
False
1486727845.753
0
HO
False
1486727845.793
0
HO
False
1486727845.830
0
HO
False
1486727845.871
0
HO
False
1486727845.916
0
HO
False
1486727845.949
0
HO
False
1486727845.986
0
HO
False
1486727846.23
0
HO
False
1486727846.63
0
HO
False
1486727846.102
0
HO
False
1486727846.140
0
HO
False
1486727846.178
0
HO
False
1486727846.217
0
HO
False
1486727846.255
0
HO
False
1486727846.293
0
HO
False
1486727846.332
0
HO
False
1486727846.371
0
HO
False
1486727846.411
0
HO
False
1486727846.449
0
HO
False
1486727846.486
0
HO
False
1486727846.527
0
HO
False
1486727846.563
0
HO
False
1486727846.601
0
HO
False
1486727846.643
0
HO
False
1486727846.679
0
HO
False
1486727846.719
0
HO
False
1486727846.755
0
HO
False
1486727846.794
0
HO
False
1486727846.832
0
HO
False
1486727846.870
0
HO
False
1486727846.912
0
HO
False
1486727846.948
0
HO
False
1486727846.987
0
HO
False
1486727847.26
0
HO
False
1486727847.63
0
HO
False
1486727847.102
0
HO
False
1486727847.152
0
HO
False
1486727847.188
0
HO
False
1486727847.224
0
HO
False
1486727847.258
0
HO
False
1486727847.294
0
HO
False
1486727847.334
0
HO
False
1486727847.373
0
HO
False
1486727847.419
0
HO
False
1486727847.453
0
HO
False
1486727847.488
0
HO
False
1486727847.529
65
HB
True
1486727847.565
65
HB
True
1486727847.603
65
HB
True
1486727847.643
64
HB
True
1486727847.681
64
HB
True
1486727847.721
64
HB
True
1486727847.758
66
HO
True
1486727847.795
66
HO
True
1486727847.836
66
HO
True
1486727847.875
66
HA
True
1486727847.912
66
HA
True
1486727847.950
66
HA
True
1486727847.989
58
HA
True
1486727848.29
58
HA
True
1486727848.66
58
HA
True
1486727848.105
0
HO
False
1486727848.143
0
HO
False
1486727848.183
0
HO
False
1486727848.223
0
HO
False
1486727848.259
0
HO
False
1486727848.297
0
HO
False
1486727848.334
0
HO
False
1486727848.375
0
HO
False
1486727848.414
0
HO
False
1486727848.452
0
HO
False
1486727848.490
0
HO
False
1486727848.529
0
HO
False
1486727848.567
0
HO
False
1486727848.606
0
HO
False
1486727848.643
0
HO
False
1486727848.684
0
HO
False
1486727848.723
0
HO
False
1486727848.776
0
HO
False
1486727848.877
0
HO
False
1486727848.936
0
HO
False
1486727849.31
0
HO
False
1486727849.69
0
HO
False
1486727849.106
0
HO
False
1486727849.145
0
HO
False
1486727849.183
0
HO
False
1486727849.222
0
HO
False
1486727849.260
0
HO
False
1486727849.299
0
HO
False
1486727849.341
0
HO
False
1486727849.376
0
HO
False
1486727849.414
0
HO
False
1486727849.454
0
HO
False
1486727849.493
0
HO
False
1486727849.534
0
HO
False
1486727849.570
0
HO
False
1486727849.608
0
HO
False
1486727849.647
0
HO
False
1486727849.684
0
HO
False
1486727849.723
0
HO
False
1486727849.763
0
HO
False
1486727849.825
0
HO
False
1486727849.915
0
HO
False
1486727849.954
0
HO
False
1486727850.15
0
HO
False
1486727850.60
0
HO
False
1486727850.89
0
HO
False
1486727850.120
0
HO
False
1486727850.153
0
HO
False
1486727850.194
0
HO
False
1486727850.227
0
HO
False
1486727850.265
0
HO
False
1486727850.302
0
HO
False
1486727850.343
0
HO
False
1486727850.393
0
HO
False
1486727850.495
0
HO
False
1486727850.533
0
HO
False
1486727850.572
0
HO
False
1486727850.610
0
HO
False
1486727850.650
0
HO
False
1486727850.687
0
HO
False
1486727850.726
0
HO
False
1486727850.763
0
HO
False
1486727850.803
0
HO
False
1486727850.844
0
HO
False
1486727850.878
0
HO
False
1486727850.918
0
HO
False
1486727850.957
0
HO
False
1486727850.995
0
HO
False
1486727851.33
0
HO
False
1486727851.72
0
HO
False
1486727851.112
0
HO
False
1486727851.151
0
HO
False
1486727851.188
0
HO
False
1486727851.227
0
HO
False
1486727851.265
0
HO
False
1486727851.304
0
HO
False
1486727851.346
0
HO
False
1486727851.381
0
HO
False
1486727851.419
0
HO
False
1486727851.459
61
HA
True
1486727851.496
61
HA
True
1486727851.535
61
HA
True
1486727851.573
65
HA
True
1486727851.611
65
HA
True
1486727851.652
65
HA
True
1486727851.690
67
HA
True
1486727851.728
67
HA
True
1486727851.767
67
HA
True
1486727851.807
64
HB
True
1486727851.843
64
HB
True
1486727851.882
64
HB
True
1486727851.926
56
HB
True
1486727852.115
0
HO
False
1486727852.153
0
HO
False
1486727852.189
0
HO
False
1486727852.228
0
HO
False
1486727852.268
0
HO
False
1486727852.306
0
HO
False
1486727852.345
0
HO
False
1486727852.382
0
HO
False
1486727852.421
0
HO
False
1486727852.462
0
HO
False
1486727852.498
0
HO
False
1486727852.537
0
HO
False
1486727852.576
0
HO
False
1486727852.615
0
HO
False
1486727852.652
0
HO
False
1486727852.692
0
HO
False
1486727852.729
0
HO
False
1486727852.769
0
HO
False
1486727852.808
0
HO
False
1486727852.846
0
HO
False
1486727852.883
0
HO
False
1486727852.923
0
HO
False
1486727852.962
0
HO
False
1486727852.999
0
HO
False
1486727853.38
0
HO
False
1486727853.76
0
HO
False
1486727853.117
0
HO
False
1486727853.153
0
HO
False
1486727853.192
0
HO
False
1486727853.241
0
HO
False
1486727853.275
0
HO
False
1486727853.309
0
HO
False
1486727853.346
0
HO
False
1486727853.385
0
HO
False
1486727853.430
0
HO
False
1486727853.465
0
HO
False
1486727853.501
0
HO
False
1486727853.541
0
HO
False
1486727853.578
0
HO
False
1486727853.617
0
HO
False
1486727853.656
0
HO
False
1486727853.693
0
HO
False
1486727853.732
0
HO
False
1486727853.772
0
HO
False
1486727853.809
0
HO
False
1486727853.847
0
HO
False
1486727853.886
0
HO
False
1486727853.946
0
HO
False
1486727854.40
0
HO
False
1486727854.80
0
HO
False
1486727854.117
0
HO
False
1486727854.179
0
HO
False
1486727854.274
0
HO
False
1486727854.309
0
HO
False
1486727854.348
0
HO
False
1486727854.388
0
HO
False
1486727854.426
0
HO
False
1486727854.464
0
HO
False
1486727854.502
0
HO
False
1486727854.543
0
HO
False
1486727854.581
0
HO
False
1486727854.618
0
HO
False
1486727854.656
0
HO
False
1486727854.695
0
HO
False
1486727854.733
0
HO
False
1486727854.772
0
HO
False
1486727854.812
0
HO
False
1486727854.850
0
HO
False
1486727854.889
0
HO
False
1486727854.933
0
HO
False
1486727854.967
0
HO
False
1486727855.90
0
HO
False
1486727855.122
0
HO
False
1486727855.177
0
HO
False
1486727855.274
0
HO
False
1486727855.311
0
HO
False
1486727855.351
0
HO
False
1486727855.391
0
HO
False
1486727855.427
0
HO
False
1486727855.466
0
HO
False
1486727855.505
0
HO
False
1486727855.544
0
HO
False
1486727855.583
0
HO
False
1486727855.621
0
HO
False
1486727855.659
0
HO
False
1486727855.697
0
HO
False
1486727855.737
0
HO
False
1486727855.775
0
HO
False
1486727855.813
0
HO
False
1486727855.852
0
HO
False
1486727855.892
0
HO
False
1486727855.929
0
HO
False
1486727855.968
0
HO
False
1486727856.6
0
HO
False
1486727856.43
0
HO
False
1486727856.82
0
HO
False
1486727856.120
0
HO
False
1486727856.159
0
HO
False
1486727856.200
0
HO
False
1486727856.237
0
HO
False
1486727856.275
0
HO
False
1486727856.314
0
HO
False
1486727856.354
0
HO
False
1486727856.392
0
HO
False
1486727856.437
0
HO
False
1486727856.468
0
HO
False
1486727856.506
0
HO
False
1486727856.545
0
HO
False
1486727856.584
0
HO
False
1486727856.622
0
HO
False
1486727856.662
0
HO
False
1486727856.701
0
HO
False
1486727856.738
0
HO
False
1486727856.776
0
HO
False
1486727856.815
0
HO
False
1486727856.854
0
HO
False
1486727856.894
0
HO
False
1486727856.932
0
HO
False
1486727856.970
0
HO
False
1486727857.8
0
HO
False
1486727857.46
0
HO
False
1486727857.85
0
HO
False
1486727857.124
0
HO
False
1486727857.162
0
HO
False
1486727857.203
0
HO
False
1486727857.240
70
HB
True
1486727857.277
70
HB
True
1486727857.317
70
HB
True
1486727857.357
67
HB
True
1486727857.391
67
HB
True
1486727857.434
67
HB
True
1486727857.473
63
HO
True
1486727857.509
63
HO
True
1486727857.547
63
HO
True
1486727857.586
59
HA
True
1486727857.626
59
HA
True
1486727857.663
59
HA
True
1486727857.705
56
HA
True
1486727857.740
56
HA
True
1486727857.779
56
HA
True
1486727857.817
42
HA
True
1486727857.855
42
HA
True
1486727857.894
42
HA
True
1486727857.939
0
HO
False
1486727857.974
0
HO
False
1486727858.10
0
HO
False
1486727858.49
0
HO
False
1486727858.87
0
HO
False
1486727858.126
0
HO
False
1486727858.164
0
HO
False
1486727858.205
0
HO
False
1486727858.242
0
HO
False
1486727858.278
0
HO
False
1486727858.318
0
HO
False
1486727858.357
0
HO
False
1486727858.396
0
HO
False
1486727858.433
0
HO
False
1486727858.472
0
HO
False
1486727858.513
0
HO
False
1486727858.550
0
HO
False
1486727858.588
0
HO
False
1486727858.627
0
HO
False
1486727858.665
0
HO
False
1486727858.703
0
HO
False
1486727858.759
0
HO
False
1486727858.976
0
HO
False
1486727859.15
0
HO
False
1486727859.52
0
HO
False
1486727859.88
0
HO
False
1486727859.129
0
HO
False
1486727859.166
0
HO
False
1486727859.206
0
HO
False
1486727859.244
0
HO
False
1486727859.281
0
HO
False
1486727859.323
0
HO
False
1486727859.359
0
HO
False
1486727859.398
0
HO
False
1486727859.439
0
HO
False
1486727859.476
0
HO
False
1486727859.514
0
HO
False
1486727859.551
0
HO
False
1486727859.590
0
HO
False
1486727859.629
0
HO
False
1486727859.667
0
HO
False
1486727859.706
0
HO
False
1486727859.767
0
HO
False
1486727859.937
0
HO
False
1486727859.998
0
HO
False
1486727860.20
0
HO
False
1486727860.57
0
HO
False
1486727860.92
0
HO
False
1486727860.132
0
HO
False
1486727860.169
0
HO
False
1486727860.207
0
HO
False
1486727860.246
0
HO
False
1486727860.283
0
HO
False
1486727860.325
0
HO
False
1486727860.376
0
HO
False
1486727860.406
0
HO
False
1486727860.452
0
HO
False
1486727860.485
0
HO
False
1486727860.514
0
HO
False
1486727860.558
0
HO
False
1486727860.592
0
HO
False
1486727860.633
0
HO
False
1486727860.671
0
HO
False
1486727860.708
0
HO
False
1486727860.746
0
HO
False
1486727860.804
0
HO
False
1486727860.845
0
HA
True
1486727860.875
0
HA
True
1486727860.900
0
HA
True
1486727860.951
57
HA
True
1486727860.981
57
HA
True
1486727861.22
57
HA
True
1486727861.59
58
HA
True
1486727861.92
58
HA
True
1486727861.133
58
HA
True
1486727861.170
58
HA
True
1486727861.209
58
HA
True
1486727861.248
58
HA
True
1486727861.289
61
HO
True
1486727861.329
61
HO
True
1486727861.366
61
HO
True
1486727861.402
63
HB
True
1486727861.442
63
HB
True
1486727861.479
63
HB
True
1486727861.517
54
HB
True
1486727861.557
54
HB
True
1486727861.594
54
HB
True
1486727861.787
0
HO
False
1486727861.825
0
HO
False
1486727861.864
0
HO
False
1486727861.903
0
HO
False
1486727861.942
0
HO
False
1486727861.981
0
HO
False
1486727862.26
0
HO
False
1486727862.80
0
HO
False
1486727862.121
0
HO
False
1486727862.151
0
HO
False
1486727862.175
0
HO
False
1486727862.211
0
HO
False
1486727862.250
0
HO
False
1486727862.287
0
HO
False
1486727862.327
0
HO
False
1486727862.364
0
HO
False
1486727862.405
0
HO
False
1486727862.447
0
HO
False
1486727862.480
0
HO
False
1486727862.519
0
HO
False
1486727862.562
0
HO
False
1486727862.601
0
HO
False
1486727862.642
0
HO
False
1486727862.675
0
HO
False
1486727862.712
0
HO
False
1486727862.751
0
HO
False
1486727862.788
0
HO
False
1486727862.828
0
HO
False
1486727862.866
0
HO
False
1486727862.904
0
HO
False
1486727862.945
0
HO
False
1486727862.982
0
HO
False
1486727863.21
0
HO
False
1486727863.58
0
HO
False
1486727863.98
0
HO
False
1486727863.136
0
HO
False
1486727863.175
0
HO
False
1486727863.214
0
HO
False
1486727863.256
0
HO
False
1486727863.291
0
HO
False
1486727863.328
0
HO
False
1486727863.370
0
HO
False
1486727863.406
0
HO
False
1486727863.447
0
HO
False
1486727863.483
0
HO
False
1486727863.521
0
HO
False
1486727863.560
0
HO
False
1486727863.598
0
HO
False
1486727863.791
0
HO
False
1486727863.840
0
HO
False
1486727863.897
0
HO
False
1486727864.74
0
HO
False
1486727864.105
0
HO
False
1486727864.138
0
HO
False
1486727864.179
0
HO
False
1486727864.216
0
HO
False
1486727864.256
0
HO
False
1486727864.292
0
HO
False
1486727864.331
0
HO
False
1486727864.371
0
HO
False
1486727864.409
0
HO
False
1486727864.446
0
HO
False
1486727864.485
0
HO
False
1486727864.523
0
HO
False
1486727864.571
0
HO
False
1486727864.618
0
HO
False
1486727864.724
0
HO
False
1486727864.759
0
HO
False
1486727864.792
0
HO
False
1486727864.831
0
HO
False
1486727864.892
0
HO
False
1486727864.942
0
HO
False
1486727864.968
0
HO
False
1486727864.990
0
HO
False
1486727865.30
0
HO
False
1486727865.67
0
HO
False
1486727865.102
0
HO
False
1486727865.140
0
HO
False
1486727865.179
0
HO
False
1486727865.217
0
HO
False
1486727865.259
0
HO
False
1486727865.296
0
HO
False
1486727865.333
0
HO
False
1486727865.373
0
HO
False
1486727865.411
0
HO
False
1486727865.448
0
HO
False
1486727865.487
0
HO
False
1486727865.525
0
HO
False
1486727865.567
0
HO
False
1486727865.603
0
HO
False
1486727865.641
0
HO
False
1486727865.680
0
HO
False
1486727865.721
0
HO
False
1486727865.759
0
HO
False
1486727865.795
0
HO
False
1486727865.833
0
HO
False
1486727865.873
0
HO
False
1486727865.911
0
HO
False
1486727865.950
0
HO
False
1486727865.988
0
HO
False
1486727866.26
0
HO
False
1486727866.67
0
HO
False
1486727866.102
0
HO
False
1486727866.142
0
HO
False
1486727866.180
0
HO
False
1486727866.221
0
HO
False
1486727866.260
0
HO
False
1486727866.296
0
HO
False
1486727866.335
0
HO
False
1486727866.377
0
HO
False
1486727866.411
0
HO
False
1486727866.451
0
HO
False
1486727866.489
0
HO
False
1486727866.529
0
HO
False
1486727866.569
0
HO
False
1486727866.604
0
HO
False
1486727866.643
0
HO
False
1486727866.683
0
HO
False
1486727866.720
0
HO
False
1486727866.759
0
HO
False
1486727866.798
0
HO
False
1486727866.836
0
HO
False
1486727866.877
0
HO
False
1486727866.914
0
HO
False
1486727866.952
0
HO
False
1486727866.991
0
HO
False
1486727867.28
0
HO
False
1486727867.69
0
HO
False
1486727867.106
0
HO
False
1486727867.144
0
HO
False
1486727867.184
64
HB
True
1486727867.223
64
HB
True
1486727867.261
64
HB
True
1486727867.299
64
HB
True
1486727867.336
64
HB
True
1486727867.377
64
HB
True
1486727867.419
65
HO
True
1486727867.457
65
HO
True
1486727867.491
65
HO
True
1486727867.529
66
HO
True
1486727867.568
66
HO
True
1486727867.606
66
HO
True
1486727867.645
65
HA
True
1486727867.687
65
HA
True
1486727867.722
65
HA
True
1486727867.761
62
HA
True
1486727867.800
62
HA
True
1486727867.838
62
HA
True
1486727867.878
43
HA
True
1486727867.916
43
HA
True
1486727867.954
43
HA
True
1486727867.991
0
HO
False
1486727868.32
0
HO
False
1486727868.72
0
HO
False
1486727868.108
0
HO
False
1486727868.145
0
HO
False
1486727868.187
0
HO
False
1486727868.224
0
HO
False
1486727868.262
0
HO
False
1486727868.301
0
HO
False
1486727868.340
0
HO
False
1486727868.377
0
HO
False
1486727868.416
0
HO
False
1486727868.454
0
HO
False
1486727868.495
0
HO
False
1486727868.531
0
HO
False
1486727868.570
0
HO
False
1486727868.609
0
HO
False
1486727868.648
0
HO
False
1486727868.688
0
HO
False
1486727868.748
0
HO
False
1486727868.853
0
HO
False
1486727869.33
0
HO
False
1486727869.72
0
HO
False
1486727869.112
0
HO
False
1486727869.149
0
HO
False
1486727869.190
0
HO
False
1486727869.226
0
HO
False
1486727869.264
0
HO
False
1486727869.304
0
HO
False
1486727869.342
0
HO
False
1486727869.379
0
HO
False
1486727869.418
0
HO
False
1486727869.456
0
HO
False
1486727869.498
0
HO
False
1486727869.534
0
HO
False
1486727869.587
0
HO
False
1486727869.688
0
HO
False
1486727869.739
0
HO
False
1486727869.799
0
HO
False
1486727869.961
0
HO
False
1486727869.999
0
HO
False
1486727870.35
0
HO
False
1486727870.75
0
HO
False
1486727870.112
0
HO
False
1486727870.151
0
HO
False
1486727870.189
0
HO
False
1486727870.228
0
HO
False
1486727870.266
0
HO
False
1486727870.308
0
HO
False
1486727870.345
0
HO
False
1486727870.389
0
HO
False
1486727870.425
0
HO
False
1486727870.466
0
HO
False
1486727870.500
0
HO
False
1486727870.536
0
HO
False
1486727870.574
0
HO
False
1486727870.613
0
HO
False
1486727870.653
0
HO
False
1486727870.691
0
HO
False
1486727870.729
0
HO
False
1486727870.768
0
HO
False
1486727870.809
0
HO
False
1486727870.847
0
HO
False
1486727870.882
0
HO
False
1486727870.922
0
HO
False
1486727870.961
0
HO
False
1486727871.1
0
HO
False
1486727871.37
0
HO
False
1486727871.75
0
HO
False
1486727871.115
58
HA
True
1486727871.152
58
HA
True
1486727871.192
58
HA
True
1486727871.230
64
HA
True
1486727871.268
64
HA
True
1486727871.309
64
HA
True
1486727871.345
64
HA
True
1486727871.385
64
HA
True
1486727871.423
64
HA
True
1486727871.464
59
HO
True
1486727871.500
59
HO
True
1486727871.537
59
HO
True
1486727871.577
56
HB
True
1486727871.618
56
HB
True
1486727871.656
56
HB
True
1486727871.692
0
HB
True
1486727871.730
0
HB
True
1486727871.769
0
HB
True
1486727871.811
0
HO
False
1486727871.847
0
HO
False
1486727871.885
0
HO
False
1486727871.923
0
HO
False
1486727871.962
0
HO
False
1486727872.1
0
HO
False
1486727872.39
0
HO
False
1486727872.78
0
HO
False
1486727872.119
0
HO
False
1486727872.155
0
HO
False
1486727872.193
0
HO
False
1486727872.232
0
HO
False
1486727872.271
0
HO
False
1486727872.309
0
HO
False
1486727872.348
0
HO
False
1486727872.386
0
HO
False
1486727872.426
0
HO
False
1486727872.465
0
HO
False
1486727872.501
0
HO
False
1486727872.539
0
HO
False
1486727872.578
0
HO
False
1486727872.618
0
HO
False
1486727872.657
0
HO
False
1486727872.694
0
HO
False
1486727872.733
0
HO
False
1486727872.772
0
HO
False
1486727872.811
0
HO
False
1486727872.848
0
HO
False
1486727872.887
0
HO
False
1486727873.79
0
HO
False
1486727873.120
0
HO
False
1486727873.156
0
HO
False
1486727873.195
0
HO
False
1486727873.233
0
HO
False
1486727873.273
0
HO
False
1486727873.311
0
HO
False
1486727873.349
0
HO
False
1486727873.388
0
HO
False
1486727873.428
0
HO
False
1486727873.465
0
HO
False
1486727873.503
0
HO
False
1486727873.543
0
HO
False
1486727873.580
0
HO
False
1486727873.619
0
HO
False
1486727873.658
0
HO
False
1486727873.695
0
HO
False
1486727873.827
0
HO
False
1486727874.7
0
HO
False
1486727874.64
0
HO
False
1486727874.88
0
HO
False
1486727874.121
0
HO
False
1486727874.158
0
HO
False
1486727874.199
0
HO
False
1486727874.236
0
HO
False
1486727874.275
0
HO
False
1486727874.313
0
HO
False
1486727874.351
0
HO
False
1486727874.392
0
HO
False
1486727874.431
0
HO
False
1486727874.470
0
HO
False
1486727874.507
0
HO
False
1486727874.544
0
HO
False
1486727874.585
0
HO
False
1486727874.622
0
HO
False
1486727874.660
0
HO
False
1486727874.718
0
HO
False
1486727874.773
0
HO
False
1486727874.797
0
HO
False
1486727874.821
0
HO
False
1486727874.874
0
HO
False
1486727874.930
0
HO
False
1486727875.8
0
HO
False
1486727875.46
0
HO
False
1486727875.84
0
HO
False
1486727875.122
0
HO
False
1486727875.160
0
HO
False
1486727875.213
0
HO
False
1486727875.253
0
HO
False
1486727875.300
0
HO
False
1486727875.319
0
HO
False
1486727875.358
0
HO
False
1486727875.392
0
HO
False
1486727875.437
0
HO
False
1486727875.471
0
HO
False
1486727875.508
0
HO
False
1486727875.549
0
HO
False
1486727875.584
0
HO
False
1486727875.626
0
HO
False
1486727875.662
0
HO
False
1486727875.700
0
HO
False
1486727875.745
0
HO
False
1486727875.783
0
HO
False
1486727875.815
0
HO
False
1486727875.858
0
HO
False
1486727875.893
0
HO
False
1486727875.935
0
HO
False
1486727875.985
0
HO
False
1486727876.8
0
HO
False
1486727876.53
0
HO
False
1486727876.89
0
HO
False
1486727876.125
0
HO
False
1486727876.163
0
HO
False
1486727876.203
0
HO
False
1486727876.243
0
HO
False
1486727876.277
0
HO
False
1486727876.317
0
HO
False
1486727876.357
0
HO
False
1486727876.394
0
HO
False
1486727876.434
0
HO
False
1486727876.473
0
HO
False
1486727876.511
0
HO
False
1486727876.549
0
HO
False
1486727876.589
0
HO
False
1486727876.625
0
HO
False
1486727876.664
0
HB
True
1486727876.701
0
HB
True
1486727876.744
0
HB
True
1486727876.803
66
HB
True
1486727876.838
66
HB
True
1486727876.878
66
HB
True
1486727876.900
54
HO
True
1486727876.939
54
HO
True
1486727876.976
54
HO
True
1486727877.10
59
HA
True
1486727877.51
59
HA
True
1486727877.88
59
HA
True
1486727877.126
46
HA
True
1486727877.165
46
HA
True
1486727877.203
46
HA
True
1486727877.246
0
HO
False
1486727877.283
0
HO
False
1486727877.323
0
HO
False
1486727877.358
0
HO
False
1486727877.395
0
HO
False
1486727877.433
0
HO
False
1486727877.476
0
HO
False
1486727877.511
0
HO
False
1486727877.555
0
HO
False
1486727877.591
0
HO
False
1486727877.628
0
HO
False
1486727877.668
0
HO
False
1486727877.706
0
HO
False
1486727877.748
0
HO
False
1486727877.781
0
HO
False
1486727877.820
0
HO
False
1486727877.860
0
HO
False
1486727877.896
0
HO
False
1486727877.937
0
HO
False
1486727877.975
0
HO
False
1486727878.14
0
HO
False
1486727878.54
0
HO
False
1486727878.90
0
HO
False
1486727878.148
0
HO
False
1486727878.244
0
HO
False
1486727878.283
0
HO
False
1486727878.337
0
HO
False
1486727878.437
0
HO
False
1486727878.476
0
HO
False
1486727878.514
0
HO
False
1486727878.557
0
HO
False
1486727878.590
0
HO
False
1486727878.632
0
HO
False
1486727878.674
0
HO
False
1486727878.710
0
HO
False
1486727878.745
0
HO
False
1486727878.783
0
HO
False
1486727878.823
0
HO
False
1486727878.863
0
HO
False
1486727878.899
0
HO
False
1486727878.939
0
HO
False
1486727878.983
0
HO
False
1486727879.15
0
HO
False
1486727879.58
0
HO
False
1486727879.92
0
HO
False
1486727879.131
0
HO
False
1486727879.173
0
HO
False
1486727879.208
0
HO
False
1486727879.274
0
HO
False
1486727879.455
0
HO
False
1486727879.512
0
HO
False
1486727879.593
0
HO
False
1486727879.632
0
HO
False
1486727879.671
0
HO
False
1486727879.709
0
HO
False
1486727879.750
0
HO
False
1486727879.784
0
HO
False
1486727879.824
0
HO
False
1486727879.866
0
HO
False
1486727879.904
0
HO
False
1486727879.940
0
HO
False
1486727879.995
0
HO
False
1486727880.16
0
HO
False
1486727880.56
0
HO
False
1486727880.96
0
HO
False
1486727880.133
0
HO
False
1486727880.174
0
HO
False
1486727880.212
0
HO
False
1486727880.249
0
HO
False
1486727880.287
0
HO
False
1486727880.325
0
HO
False
1486727880.375
0
HO
False
1486727880.412
0
HO
False
1486727880.518
0
HO
False
1486727880.561
0
HO
False
1486727880.595
0
HA
True
1486727880.636
0
HA
True
1486727880.675
0
HA
True
1486727880.711
63
HA
True
1486727880.750
63
HA
True
1486727880.788
63
HA
True
1486727880.827
64
HA
True
1486727880.870
64
HA
True
1486727880.904
64
HA
True
1486727880.943
63
HO
True
1486727880.982
63
HO
True
1486727881.36
63
HO
True
1486727881.74
55
HB
True
1486727881.99
55
HB
True
1486727881.142
55
HB
True
1486727881.178
49
HB
True
1486727881.214
49
HB
True
1486727881.251
49
HB
True
1486727881.289
0
HO
False
1486727881.328
0
HO
False
1486727881.366
0
HO
False
1486727881.408
0
HO
False
1486727881.444
0
HO
False
1486727881.484
0
HO
False
1486727881.520
0
HO
False
1486727881.559
0
HO
False
1486727881.598
0
HO
False
1486727881.635
0
HO
False
1486727881.677
0
HO
False
1486727881.714
0
HO
False
1486727881.752
0
HO
False
1486727881.791
0
HO
False
1486727881.830
0
HO
False
1486727881.869
0
HO
False
1486727881.907
0
HO
False
1486727881.945
0
HO
False
1486727881.986
0
HO
False
1486727882.22
0
HO
False
1486727882.60
0
HO
False
1486727882.97
0
HO
False
1486727882.137
0
HO
False
1486727882.176
0
HO
False
1486727882.215
0
HO
False
1486727882.253
0
HO
False
1486727882.292
0
HO
False
1486727882.329
0
HO
False
1486727882.368
0
HO
False
1486727882.408
0
HO
False
1486727882.481
0
HO
False
1486727882.505
0
HO
False
1486727882.527
0
HO
False
1486727882.560
0
HO
False
1486727882.599
0
HO
False
1486727882.641
0
HO
False
1486727882.678
0
HO
False
1486727882.715
0
HO
False
1486727882.755
0
HO
False
1486727882.793
0
HO
False
1486727882.831
0
HO
False
1486727882.870
0
HO
False
1486727882.908
0
HO
False
1486727882.947
0
HO
False
1486727882.986
0
HO
False
1486727883.24
0
HO
False
1486727883.142
0
HO
False
1486727883.187
0
HO
False
1486727883.224
0
HO
False
1486727883.277
0
HO
False
1486727883.373
0
HO
False
1486727883.408
0
HO
False
1486727883.449
0
HO
False
1486727883.491
0
HO
False
1486727883.527
0
HO
False
1486727883.563
0
HO
False
1486727883.603
0
HO
False
1486727883.641
0
HO
False
1486727883.680
0
HO
False
1486727883.719
0
HO
False
1486727883.758
0
HO
False
1486727883.796
0
HO
False
1486727883.833
0
HO
False
1486727883.873
0
HO
False
1486727883.912
0
HO
False
1486727883.967
0
HO
False
1486727884.66
0
HO
False
1486727884.106
0
HO
False
1486727884.144
0
HO
False
1486727884.204
0
HO
False
1486727884.372
0
HO
False
1486727884.412
0
HO
False
1486727884.452
0
HO
False
1486727884.489
0
HO
False
1486727884.528
0
HO
False
1486727884.565
0
HO
False
1486727884.606
0
HO
False
1486727884.643
0
HO
False
1486727884.683
0
HO
False
1486727884.718
0
HO
False
1486727884.759
0
HO
False
1486727884.799
0
HO
False
1486727884.834
0
HO
False
1486727884.876
0
HO
False
1486727884.913
0
HO
False
1486727884.950
0
HO
False
1486727884.989
0
HO
False
1486727885.29
0
HO
False
1486727885.67
0
HO
False
1486727885.107
0
HO
False
1486727885.143
0
HO
False
1486727885.183
0
HO
False
1486727885.220
0
HO
False
1486727885.261
0
HO
False
1486727885.300
0
HO
False
1486727885.336
0
HO
False
1486727885.375
0
HO
False
1486727885.415
0
HO
False
1486727885.451
0
HO
False
1486727885.491
0
HO
False
1486727885.529
0
HO
False
1486727885.569
0
HO
False
1486727885.609
0
HO
False
1486727885.646
0
HO
False
1486727885.686
0
HO
False
1486727885.721
0
HO
False
1486727885.761
0
HO
False
1486727885.799
0
HO
False
1486727885.838
0
HO
False
1486727885.876
0
HO
False
1486727885.917
0
HO
False
1486727885.953
0
HO
False
1486727885.992
0
HO
False
1486727886.30
0
HO
False
1486727886.71
0
HO
False
1486727886.109
0
HO
False
1486727886.145
0
HO
False
1486727886.184
0
HO
False
1486727886.223
0
HO
False
1486727886.262
70
HB
True
1486727886.300
70
HB
True
1486727886.338
70
HB
True
1486727886.377
65
HB
True
1486727886.417
65
HB
True
1486727886.454
65
HB
True
1486727886.494
54
HO
True
1486727886.533
54
HO
True
1486727886.570
54
HO
True
1486727886.611
57
HA
True
1486727886.647
57
HA
True
1486727886.686
57
HA
True
1486727886.726
57
HA
True
1486727886.763
57
HA
True
1486727886.802
57
HA
True
1486727886.840
0
HA
True
1486727886.878
0
HA
True
1486727886.919
0
HA
True
1486727886.955
0
HO
False
1486727886.993
0
HO
False
1486727887.31
0
HO
False
1486727887.70
0
HO
False
1486727887.110
0
HO
False
1486727887.148
0
HO
False
1486727887.188
0
HO
False
1486727887.380
0
HO
False
1486727887.419
0
HO
False
1486727887.460
0
HO
False
1486727887.496
0
HO
False
1486727887.553
0
HO
False
1486727887.734
0
HO
False
1486727887.802
0
HO
False
1486727887.881
0
HO
False
1486727887.920
0
HO
False
1486727887.965
0
HO
False
1486727887.998
0
HO
False
1486727888.34
0
HO
False
1486727888.74
0
HO
False
1486727888.113
0
HO
False
1486727888.150
0
HO
False
1486727888.188
0
HO
False
1486727888.228
0
HO
False
1486727888.265
0
HO
False
1486727888.306
0
HO
False
1486727888.342
0
HO
False
1486727888.380
0
HO
False
1486727888.424
0
HO
False
1486727888.457
0
HO
False
1486727888.497
0
HO
False
1486727888.534
0
HO
False
1486727888.575
0
HO
False
1486727888.612
0
HO
False
1486727888.651
0
HO
False
1486727888.773
0
HO
False
1486727888.807
0
HO
False
1486727888.843
0
HO
False
1486727888.906
0
HO
False
1486727888.949
0
HO
False
1486727888.971
0
HO
False
1486727889.0
0
HO
False
1486727889.44
0
HO
False
1486727889.79
0
HO
False
1486727889.116
0
HO
False
1486727889.152
0
HO
False
1486727889.191
0
HO
False
1486727889.232
0
HO
False
1486727889.266
0
HO
False
1486727889.307
0
HO
False
1486727889.344
0
HO
False
1486727889.385
0
HO
False
1486727889.422
0
HO
False
1486727889.469
0
HO
False
1486727889.501
0
HO
False
1486727889.538
0
HO
False
1486727889.576
0
HO
False
1486727889.614
0
HO
False
1486727889.653
0
HO
False
1486727889.691
0
HO
False
1486727889.735
0
HO
False
1486727889.769
0
HO
False
1486727889.808
0
HO
False
1486727889.845
55
HA
True
1486727889.884
55
HA
True
1486727889.923
55
HA
True
1486727889.961
61
HA
True
1486727889.999
61
HA
True
1486727890.40
61
HA
True
1486727890.77
62
HA
True
1486727890.116
62
HA
True
1486727890.153
62
HA
True
1486727890.193
61
HO
True
1486727890.234
61
HO
True
1486727890.270
61
HO
True
1486727890.308
58
HB
True
1486727890.368
58
HB
True
1486727890.394
58
HB
True
1486727890.429
51
HB
True
1486727890.474
51
HB
True
1486727890.499
51
HB
True
1486727890.543
0
HO
False
1486727890.576
0
HO
False
1486727890.617
0
HO
False
1486727890.656
0
HO
False
1486727890.693
0
HO
False
1486727890.736
0
HO
False
1486727890.772
0
HO
False
1486727890.809
0
HO
False
1486727890.850
0
HO
False
1486727890.889
0
HO
False
1486727890.925
0
HO
False
1486727890.972
0
HO
False
1486727891.5
0
HO
False
1486727891.42
0
HO
False
1486727891.80
0
HO
False
1486727891.117
0
HO
False
1486727891.156
0
HO
False
1486727891.194
0
HO
False
1486727891.233
0
HO
False
1486727891.272
0
HO
False
1486727891.311
0
HO
False
1486727891.352
0
HO
False
1486727891.390
0
HO
False
1486727891.426
0
HO
False
1486727891.464
0
HO
False
1486727891.504
0
HO
False
1486727891.540
0
HO
False
1486727891.579
0
HO
False
1486727891.618
0
HO
False
1486727891.659
0
HO
False
1486727891.697
0
HO
False
1486727891.736
0
HO
False
1486727891.773
0
HO
False
1486727891.811
0
HO
False
1486727891.852
0
HO
False
1486727891.888
0
HO
False
1486727891.927
0
HO
False
1486727891.965
0
HO
False
1486727892.4
0
HO
False
1486727892.42
0
HO
False
1486727892.81
0
HO
False
1486727892.121
0
HO
False
1486727892.161
0
HO
False
1486727892.198
0
HO
False
1486727892.234
0
HO
False
1486727892.274
0
HO
False
1486727892.313
0
HO
False
1486727892.354
0
HO
False
1486727892.391
0
HO
False
1486727892.519
0
HO
False
1486727892.633
0
HO
False
1486727892.680
0
HO
False
1486727892.707
0
HO
False
1486727892.743
0
HO
False
1486727892.785
0
HO
False
1486727892.894
0
HO
False
1486727892.928
0
HO
False
1486727892.966
0
HO
False
1486727893.10
0
HO
False
1486727893.43
0
HO
False
1486727893.85
0
HO
False
1486727893.122
0
HO
False
1486727893.164
0
HO
False
1486727893.200
0
HO
False
1486727893.239
0
HO
False
1486727893.276
0
HO
False
1486727893.472
0
HO
False
1486727893.506
0
HO
False
1486727893.562
0
HO
False
1486727893.612
0
HO
False
1486727893.642
0
HO
False
1486727893.674
0
HO
False
1486727893.697
0
HO
False
1486727893.739
0
HO
False
1486727893.776
0
HO
False
1486727893.815
0
HO
False
1486727893.854
0
HO
False
1486727893.893
0
HO
False
1486727893.931
0
HO
False
1486727893.979
0
HO
False
1486727894.13
0
HO
False
1486727894.46
0
HO
False
1486727894.86
0
HO
False
1486727894.123
0
HO
False
1486727894.165
0
HO
False
1486727894.201
0
HO
False
1486727894.240
0
HO
False
1486727894.278
0
HO
False
1486727894.316
0
HO
False
1486727894.357
0
HO
False
1486727894.393
0
HO
False
1486727894.432
0
HO
False
1486727894.472
0
HO
False
1486727894.509
0
HO
False
1486727894.547
0
HO
False
1486727894.587
0
HO
False
1486727894.625
0
HO
False
1486727894.663
0
HO
False
1486727894.701
0
HO
False
1486727894.740
0
HO
False
1486727894.779
0
HO
False
1486727894.818
0
HO
False
1486727894.857
0
HO
False
1486727894.893
0
HO
False
1486727894.932
0
HO
False
1486727894.975
0
HO
False
1486727895.10
0
HO
False
1486727895.48
0
HO
False
1486727895.88
0
HO
False
1486727895.125
0
HO
False
1486727895.164
0
HO
False
1486727895.203
0
HO
False
1486727895.242
0
HO
False
1486727895.281
0
HO
False
1486727895.318
0
HO
False
1486727895.357
0
HO
False
1486727895.395
0
HO
False
1486727895.434
0
HO
False
1486727895.627
69
HB
True
1486727895.666
69
HB
True
1486727895.704
69
HB
True
1486727895.743
64
HB
True
1486727895.783
64
HB
True
1486727895.820
64
HB
True
1486727895.858
53
HO
True
1486727895.897
53
HO
True
1486727895.936
53
HO
True
1486727895.975
57
HA
True
1486727896.13
57
HA
True
1486727896.51
57
HA
True
1486727896.91
57
HA
True
1486727896.127
57
HA
True
1486727896.167
57
HA
True
1486727896.205
39
HA
True
1486727896.243
39
HA
True
1486727896.284
39
HA
True
1486727896.321
0
HO
False
1486727896.359
0
HO
False
1486727896.397
0
HO
False
1486727896.437
0
HO
False
1486727896.480
0
HO
False
1486727896.512
0
HO
False
1486727896.555
0
HO
False
1486727896.592
0
HO
False
1486727896.631
0
HO
False
1486727896.667
0
HO
False
1486727896.707
0
HO
False
1486727896.744
0
HO
False
1486727896.786
0
HO
False
1486727896.822
0
HO
False
1486727896.861
0
HO
False
1486727896.898
0
HO
False
1486727896.937
0
HO
False
1486727896.979
0
HO
False
1486727897.17
0
HO
False
1486727897.75
0
HO
False
1486727897.168
0
HO
False
1486727897.229
0
HO
False
1486727897.322
0
HO
False
1486727897.361
0
HO
False
1486727897.399
0
HO
False
1486727897.438
0
HO
False
1486727897.478
0
HO
False
1486727897.515
0
HO
False
1486727897.554
0
HO
False
1486727897.594
0
HO
False
1486727897.632
0
HO
False
1486727897.669
0
HO
False
1486727897.709
0
HO
False
1486727897.746
0
HO
False
1486727897.786
0
HO
False
1486727897.823
0
HO
False
1486727897.862
0
HO
False
1486727897.901
0
HO
False
1486727897.940
0
HO
False
1486727897.996
0
HO
False
1486727898.96
0
HO
False
1486727898.131
0
HO
False
1486727898.181
0
HO
False
1486727898.238
0
HO
False
1486727898.255
0
HO
False
1486727898.289
0
HO
False
1486727898.323
0
HO
False
1486727898.365
0
HO
False
1486727898.404
0
HO
False
1486727898.440
0
HO
False
1486727898.484
0
HO
False
1486727898.520
0
HO
False
1486727898.557
0
HO
False
1486727898.597
0
HO
False
1486727898.634
0
HO
False
1486727898.673
0
HO
False
1486727898.709
0
HO
False
1486727898.749
0
HO
False
1486727898.786
0
HO
False
1486727898.826
0
HO
False
1486727898.864
0
HO
False
1486727898.906
0
HO
False
1486727898.941
0
HO
False
1486727898.980
0
HO
False
1486727899.19
0
HO
False
1486727899.60
0
HO
False
1486727899.97
58
HA
True
1486727899.134
58
HA
True
1486727899.172
58
HA
True
1486727899.365
65
HA
True
1486727899.558
59
HB
True
1486727899.600
59
HB
True
1486727899.635
59
HB
True
1486727899.675
50
HB
True
1486727899.713
50
HB
True
1486727899.751
50
HB
True
1486727899.789
0
HO
False
1486727899.829
0
HO
False
1486727899.867
0
HO
False
1486727899.907
0
HO
False
1486727899.942
0
HO
False
1486727899.988
0
HO
False
1486727900.21
0
HO
False
1486727900.62
0
HO
False
1486727900.97
0
HO
False
1486727900.137
0
HO
False
1486727900.176
0
HO
False
1486727900.216
0
HO
False
1486727900.253
0
HO
False
1486727900.290
0
HO
False
1486727900.329
0
HO
False
1486727900.373
0
HO
False
1486727900.423
0
HO
False
1486727900.447
0
HO
False
1486727900.488
0
HO
False
1486727900.529
0
HO
False
1486727900.563
0
HO
False
1486727900.600
0
HO
False
1486727900.638
0
HO
False
1486727900.678
0
HO
False
1486727900.717
0
HO
False
1486727900.752
0
HO
False
1486727900.792
0
HO
False
1486727900.831
0
HO
False
1486727900.869
0
HO
False
1486727900.910
0
HO
False
1486727900.945
0
HO
False
1486727900.986
0
HO
False
1486727901.23
0
HO
False
1486727901.62
0
HO
False
1486727901.100
0
HO
False
1486727901.138
0
HO
False
1486727901.177
0
HO
False
1486727901.219
0
HO
False
1486727901.255
0
HO
False
1486727901.293
0
HO
False
1486727901.331
0
HO
False
1486727901.370
0
HO
False
1486727901.411
0
HO
False
1486727901.446
0
HO
False
1486727901.491
0
HO
False
1486727901.604
0
HO
False
1486727901.643
0
HO
False
1486727901.677
0
HO
False
1486727901.721
0
HO
False
1486727901.764
0
HO
False
1486727901.872
0
HO
False
1486727901.909
0
HO
False
1486727901.949
0
HO
False
1486727901.986
0
HO
False
1486727902.26
0
HO
False
1486727902.64
0
HO
False
1486727902.102
0
HO
False
1486727902.140
0
HO
False
1486727902.179
0
HO
False
1486727902.220
0
HO
False
1486727902.257
0
HO
False
1486727902.294
0
HO
False
1486727902.333
0
HO
False
1486727902.374
0
HO
False
1486727902.411
0
HO
False
1486727902.448
0
HO
False
1486727902.487
0
HO
False
1486727902.545
0
HO
False
1486727902.641
0
HO
False
1486727902.681
0
HO
False
1486727902.742
0
HO
False
1486727902.787
0
HO
False
1486727902.808
0
HO
False
1486727902.835
0
HO
False
1486727902.872
0
HO
False
1486727902.915
0
HO
False
1486727902.951
0
HO
False
1486727902.994
0
HO
False
1486727903.28
0
HO
False
1486727903.66
0
HO
False
1486727903.105
0
HO
False
1486727903.142
0
HO
False
1486727903.182
0
HO
False
1486727903.220
0
HO
False
1486727903.258
0
HO
False
1486727903.297
0
HO
False
1486727903.338
0
HO
False
1486727903.374
0
HO
False
1486727903.411
0
HO
False
1486727903.450
0
HO
False
1486727903.490
0
HO
False
1486727903.531
0
HO
False
1486727903.568
0
HO
False
1486727903.605
0
HO
False
1486727903.643
0
HO
False
1486727903.685
0
HO
False
1486727903.722
0
HO
False
1486727903.759
0
HO
False
1486727903.800
0
HO
False
1486727903.838
0
HO
False
1486727903.875
0
HO
False
1486727903.913
0
HO
False
1486727903.952
0
HO
False
1486727903.991
0
HO
False
1486727904.30
0
HO
False
1486727904.67
0
HO
False
1486727904.107
0
HO
False
1486727904.146
0
HO
False
1486727904.184
0
HO
False
1486727904.223
0
HO
False
1486727904.263
0
HO
False
1486727904.299
0
HO
False
1486727904.338
0
HO
False
1486727904.376
0
HO
False
1486727904.414
0
HO
False
1486727904.453
0
HO
False
1486727904.501
0
HO
False
1486727904.535
0
HO
False
1486727904.571
0
HO
False
1486727904.607
0
HO
False
1486727904.648
0
HO
False
1486727904.686
0
HO
False
1486727904.723
0
HO
False
1486727904.762
0
HO
False
1486727904.805
0
HO
False
1486727904.841
0
HO
False
1486727904.878
67
HB
True
1486727904.915
67
HB
True
1486727904.954
67
HB
True
1486727904.992
62
HB
True
1486727905.30
62
HB
True
1486727905.69
62
HB
True
1486727905.107
58
HO
True
1486727905.150
58
HO
True
1486727905.185
58
HO
True
1486727905.225
64
HA
True
1486727905.263
64
HA
True
1486727905.300
64
HA
True
1486727905.342
60
HA
True
1486727905.379
60
HA
True
1486727905.416
60
HA
True
1486727905.454
45
HA
True
1486727905.493
45
HA
True
1486727905.533
45
HA
True
1486727905.572
0
HO
False
1486727905.610
0
HO
False
1486727905.649
0
HO
False
1486727905.686
0
HO
False
1486727905.725
0
HO
False
1486727905.763
0
HO
False
1486727905.802
0
HO
False
1486727905.841
0
HO
False
1486727905.879
0
HO
False
1486727905.919
0
HO
False
1486727905.961
0
HO
False
1486727906.2
0
HO
False
1486727906.34
0
HO
False
1486727906.70
0
HO
False
1486727906.111
0
HO
False
1486727906.150
0
HO
False
1486727906.268
0
HO
False
1486727906.301
0
HO
False
1486727906.365
0
HO
False
1486727906.458
0
HO
False
1486727906.495
0
HO
False
1486727906.535
0
HO
False
1486727906.575
0
HO
False
1486727906.611
0
HO
False
1486727906.653
0
HO
False
1486727906.690
0
HO
False
1486727906.727
0
HO
False
1486727906.769
0
HO
False
1486727906.804
0
HO
False
1486727906.843
0
HO
False
1486727906.883
0
HO
False
1486727906.921
0
HO
False
1486727906.960
0
HO
False
1486727906.997
0
HO
False
1486727907.35
0
HO
False
1486727907.75
0
HO
False
1486727907.112
0
HO
False
1486727907.152
0
HO
False
1486727907.189
0
HO
False
1486727907.227
0
HO
False
1486727907.268
0
HO
False
1486727907.386
0
HO
False
1486727907.420
0
HO
False
1486727907.478
0
HO
False
1486727907.653
0
HO
False
1486727907.691
0
HO
False
1486727907.731
0
HO
False
1486727907.771
0
HO
False
1486727907.807
0
HO
False
1486727907.846
0
HO
False
1486727907.882
0
HO
False
1486727907.922
0
HO
False
1486727907.963
0
HO
False
1486727907.998
0
HO
False
1486727908.37
0
HO
False
1486727908.77
0
HO
False
1486727908.115
0
HO
False
1486727908.154
0
HO
False
1486727908.192
0
HO
False
1486727908.230
0
HO
False
1486727908.272
0
HO
False
1486727908.307
0
HO
False
1486727908.346
54
HA
True
1486727908.384
54
HA
True
1486727908.423
54
HA
True
1486727908.462
61
HA
True
1486727908.500
61
HA
True
1486727908.539
61
HA
True
1486727908.580
64
HA
True
1486727908.616
64
HA
True
1486727908.654
64
HA
True
1486727908.691
65
HO
True
1486727908.732
65
HO
True
1486727908.774
65
HO
True
1486727908.809
60
HO
True
1486727908.848
60
HO
True
1486727908.884
60
HO
True
1486727908.924
57
HB
True
1486727908.963
57
HB
True
1486727909.7
57
HB
True
1486727909.40
0
HO
False
1486727909.82
0
HO
False
1486727909.115
0
HO
False
1486727909.155
0
HO
False
1486727909.193
0
HO
False
1486727909.231
0
HO
False
1486727909.270
0
HO
False
1486727909.309
0
HO
False
1486727909.348
0
HO
False
1486727909.389
0
HO
False
1486727909.425
0
HO
False
1486727909.464
0
HO
False
1486727909.502
0
HO
False
1486727909.540
0
HO
False
1486727909.581
0
HO
False
1486727909.617
0
HO
False
1486727909.657
0
HO
False
1486727909.695
0
HO
False
1486727909.734
0
HO
False
1486727909.773
0
HO
False
1486727909.810
0
HO
False
1486727909.849
0
HO
False
1486727909.889
0
HO
False
1486727909.926
0
HO
False
1486727909.965
0
HO
False
1486727910.4
0
HO
False
1486727910.40
0
HO
False
1486727910.84
0
HO
False
1486727910.119
0
HO
False
1486727910.157
0
HO
False
1486727910.196
0
HO
False
1486727910.234
0
HO
False
1486727910.273
0
HO
False
1486727910.312
0
HO
False
1486727910.350
0
HO
False
1486727910.405
0
HO
False
1486727910.448
0
HO
False
1486727910.486
0
HO
False
1486727910.523
0
HO
False
1486727910.553
0
HO
False
1486727910.578
0
HO
False
1486727910.623
0
HO
False
1486727910.658
0
HO
False
1486727910.852
0
HO
False
1486727910.893
0
HO
False
1486727910.928
0
HO
False
1486727910.967
0
HO
False
1486727911.6
0
HO
False
1486727911.44
0
HO
False
1486727911.82
0
HO
False
1486727911.121
0
HO
False
1486727911.181
0
HO
False
1486727911.275
0
HO
False
1486727911.329
0
HO
False
1486727911.432
0
HO
False
1486727911.468
0
HO
False
1486727911.506
0
HO
False
1486727911.544
0
HO
False
1486727911.583
0
HO
False
1486727911.623
0
HO
False
1486727911.662
0
HO
False
1486727911.702
0
HO
False
1486727911.738
0
HO
False
1486727911.776
0
HO
False
1486727911.814
0
HO
False
1486727911.853
0
HO
False
1486727911.891
0
HO
False
1486727911.960
0
HO
False
1486727912.45
0
HO
False
1486727912.85
0
HO
False
1486727912.140
0
HO
False
1486727912.192
0
HO
False
1486727912.218
0
HO
False
1486727912.239
0
HO
False
1486727912.281
0
HO
False
1486727912.316
0
HO
False
1486727912.355
0
HO
False
1486727912.393
0
HO
False
1486727912.432
0
HO
False
1486727912.470
0
HO
False
1486727912.512
0
HO
False
1486727912.547
0
HO
False
1486727912.586
0
HO
False
1486727912.624
0
HO
False
1486727912.663
0
HO
False
1486727912.703
0
HO
False
1486727912.739
0
HO
False
1486727912.777
0
HO
False
1486727912.818
0
HO
False
1486727912.855
0
HO
False
1486727912.893
0
HO
False
1486727912.932
0
HO
False
1486727912.972
0
HO
False
1486727913.11
0
HO
False
1486727913.47
0
HO
False
1486727913.88
0
HO
False
1486727913.125
0
HO
False
1486727913.164
0
HO
False
1486727913.203
0
HO
False
1486727913.240
0
HO
False
1486727913.279
0
HO
False
1486727913.320
0
HO
False
1486727913.356
0
HO
False
1486727913.395
0
HO
False
1486727913.444
0
HO
False
1486727913.477
0
HO
False
1486727913.519
0
HO
False
1486727913.554
0
HO
False
1486727913.588
0
HO
False
1486727913.627
0
HO
False
1486727913.665
0
HO
False
1486727913.703
0
HO
False
1486727913.742
0
HO
False
1486727913.779
0
HO
False
1486727913.821
0
HO
False
1486727913.858
0
HO
False
1486727913.895
0
HO
False
1486727913.935
0
HO
False
1486727913.973
0
HO
False
1486727914.16
0
HO
False
1486727914.51
0
HO
False
1486727914.89
0
HO
False
1486727914.129
0
HO
False
1486727914.167
0
HO
False
1486727914.205
0
HO
False
1486727914.254
0
HO
False
1486727914.278
0
HO
False
1486727914.474
54
HB
True
1486727914.513
54
HB
True
1486727914.551
54
HB
True
1486727914.590
56
HO
True
1486727914.631
56
HO
True
1486727914.668
56
HO
True
1486727914.705
63
HA
True
1486727914.745
63
HA
True
1486727914.781
63
HA
True
1486727914.823
59
HA
True
1486727914.860
59
HA
True
1486727914.897
59
HA
True
1486727914.938
47
HA
True
1486727914.976
47
HA
True
1486727915.17
47
HA
True
1486727915.56
0
HA
True
1486727915.91
0
HA
True
1486727915.131
0
HA
True
1486727915.167
0
HO
False
1486727915.206
0
HO
False
1486727915.246
0
HO
False
1486727915.283
0
HO
False
1486727915.322
0
HO
False
1486727915.360
0
HO
False
1486727915.399
0
HO
False
1486727915.442
0
HO
False
1486727915.476
0
HO
False
1486727915.514
0
HO
False
1486727915.554
0
HO
False
1486727915.591
0
HO
False
1486727915.632
0
HO
False
1486727915.668
0
HO
False
1486727915.707
0
HO
False
1486727915.746
0
HO
False
1486727915.784
0
HO
False
1486727915.839
0
HO
False
1486727915.898
0
HO
False
1486727915.995
0
HO
False
1486727916.42
0
HO
False
1486727916.77
0
HO
False
1486727916.101
0
HO
False
1486727916.132
0
HO
False
1486727916.168
0
HO
False
1486727916.209
0
HO
False
1486727916.249
0
HO
False
1486727916.284
0
HO
False
1486727916.325
0
HO
False
1486727916.364
0
HO
False
1486727916.401
0
HO
False
1486727916.443
0
HO
False
1486727916.479
0
HO
False
1486727916.671
0
HO
False
1486727916.723
0
HO
False
1486727916.824
0
HO
False
1486727916.863
0
HO
False
1486727916.902
0
HO
False
1486727916.942
0
HO
False
1486727916.979
0
HO
False
1486727917.19
0
HO
False
1486727917.58
0
HO
False
1486727917.96
0
HO
False
1486727917.133
0
HO
False
1486727917.173
0
HO
False
1486727917.211
0
HO
False
1486727917.253
0
HO
False
1486727917.289
0
HO
False
1486727917.328
0
HO
False
1486727917.365
0
HO
False
1486727917.404
0
HO
False
1486727917.441
0
HO
False
1486727917.480
0
HO
False
1486727917.519
0
HO
False
1486727917.562
0
HO
False
1486727917.595
0
HO
False
1486727917.636
0
HO
False
1486727917.674
0
HO
False
1486727917.710
0
HO
False
1486727917.751
0
HO
False
1486727917.792
0
HO
False
1486727917.826
0
HO
False
1486727917.865
0
HO
False
1486727917.905
0
HO
False
1486727917.942
0
HO
False
1486727917.982
0
HO
False
1486727918.24
0
HO
False
1486727918.61
0
HO
False
1486727918.98
0
HO
False
1486727918.136
0
HO
False
1486727918.175
0
HO
False
1486727918.212
0
HO
False
1486727918.251
0
HO
False
1486727918.290
0
HO
False
1486727918.329
0
HO
False
1486727918.368
0
HO
False
1486727918.406
0
HO
False
1486727918.443
0
HO
False
1486727918.482
0
HO
False
1486727918.521
0
HO
False
1486727918.561
0
HO
False
1486727918.598
0
HO
False
1486727918.637
0
HO
False
1486727918.676
0
HO
False
1486727918.715
0
HO
False
1486727918.752
0
HO
False
1486727918.790
0
HO
False
1486727918.829
0
HO
False
1486727918.870
0
HO
False
1486727918.908
0
HO
False
1486727918.945
0
HO
False
1486727918.985
0
HO
False
1486727919.22
0
HO
False
1486727919.60
0
HO
False
1486727919.98
0
HO
False
1486727919.138
0
HO
False
1486727919.177
0
HO
False
1486727919.215
0
HO
False
1486727919.253
0
HO
False
1486727919.311
0
HO
False
1486727919.341
0
HO
False
1486727919.379
0
HO
False
1486727919.406
0
HO
False
1486727919.445
0
HO
False
1486727919.485
0
HO
False
1486727919.526
0
HO
False
1486727919.565
0
HO
False
1486727919.601
0
HO
False
1486727919.639
0
HO
False
1486727919.680
0
HO
False
1486727919.716
0
HO
False
1486727919.754
0
HO
False
1486727919.793
0
HO
False
1486727919.831
0
HO
False
1486727919.873
0
HO
False
1486727919.908
0
HO
False
1486727919.947
0
HO
False
1486727919.989
0
HO
False
1486727920.29
0
HO
False
1486727920.64
0
HO
False
1486727920.100
0
HO
False
1486727920.140
0
HO
False
1486727920.180
0
HO
False
1486727920.217
0
HO
False
1486727920.256
0
HO
False
1486727920.294
0
HO
False
1486727920.333
0
HO
False
1486727920.374
0
HO
False
1486727920.418
0
HO
False
1486727920.453
0
HO
False
1486727920.488
0
HO
False
1486727920.524
0
HO
False
1486727920.563
0
HO
False
1486727920.603
0
HO
False
1486727920.641
0
HO
False
1486727920.872
0
HO
False
1486727920.910
0
HO
False
1486727920.949
0
HO
False
1486727920.990
0
HO
False
1486727921.29
0
HO
False
1486727921.65
0
HO
False
1486727921.103
0
HO
False
1486727921.143
0
HO
False
1486727921.183
0
HO
False
1486727921.219
0
HO
False
1486727921.257
0
HO
False
1486727921.296
0
HO
False
1486727921.335
0
HO
False
1486727921.373
0
HO
False
1486727921.412
0
HO
False
1486727921.449
0
HO
False
1486727921.491
0
HO
False
1486727921.526
0
HO
False
1486727921.566
0
HO
False
1486727921.605
0
HO
False
1486727921.642
0
HO
False
1486727921.682
0
HO
False
1486727921.719
0
HO
False
1486727921.759
0
HO
False
1486727921.798
0
HO
False
1486727921.835
0
HO
False
1486727921.874
0
HO
False
1486727921.912
0
HO
False
1486727921.952
0
HO
False
1486727921.992
0
HO
False
1486727922.27
0
HO
False
1486727922.66
0
HO
False
1486727922.105
0
HO
False
1486727922.145
0
HO
False
1486727922.182
0
HO
False
1486727922.222
0
HO
False
1486727922.259
0
HO
False
1486727922.300
0
HO
False
1486727922.336
0
HO
False
1486727922.375
0
HO
False
1486727922.414
0
HO
False
1486727922.452
0
HO
False
1486727922.490
0
HO
False
1486727922.534
0
HO
False
1486727922.568
0
HO
False
1486727922.608
0
HO
False
1486727922.645
0
HO
False
1486727922.684
0
HO
False
1486727922.722
0
HO
False
1486727922.763
0
HO
False
1486727922.801
0
HO
False
1486727922.839
0
HO
False
1486727922.876
0
HO
False
1486727922.914
0
HO
False
1486727922.952
0
HO
False
1486727922.991
0
HO
False
1486727923.28
0
HO
False
1486727923.68
0
HO
False
1486727923.108
0
HO
False
1486727923.147
0
HO
False
1486727923.184
0
HO
False
1486727923.223
0
HO
False
1486727923.261
0
HO
False
1486727923.301
0
HO
False
1486727923.338
0
HO
False
1486727923.377
0
HO
False
1486727923.416
0
HO
False
1486727923.455
0
HO
False
1486727923.493
0
HO
False
1486727923.530
0
HO
False
1486727923.569
0
HO
False
1486727923.609
0
HO
False
1486727923.647
0
HO
False
1486727923.685
0
HO
False
1486727923.724
0
HO
False
1486727923.762
0
HO
False
1486727923.803
0
HO
False
1486727923.840
0
HO
False
1486727923.878
0
HO
False
1486727923.917
0
HO
False
1486727923.956
0
HO
False
1486727923.993
0
HO
False
1486727924.34
0
HO
False
1486727924.70
0
HO
False
1486727924.109
0
HO
False
1486727924.148
0
HO
False
1486727924.186
0
HO
False
1486727924.224
0
HO
False
1486727924.263
0
HO
False
1486727924.302
0
HO
False
1486727924.341
0
HO
False
1486727924.380
0
HO
False
1486727924.418
56
HA
True
1486727924.457
56
HA
True
1486727924.494
56
HA
True
1486727924.538
63
HA
True
1486727924.571
63
HA
True
1486727924.611
63
HA
True
1486727924.649
64
HA
True
1486727924.688
64
HA
True
1486727924.725
64
HA
True
1486727924.768
61
HO
True
1486727924.806
61
HO
True
1486727924.840
61
HO
True
1486727924.881
60
HB
True
1486727924.918
60
HB
True
1486727924.958
60
HB
True
1486727924.995
0
HB
True
1486727925.35
0
HB
True
1486727925.73
0
HB
True
1486727925.111
0
HO
False
1486727925.150
0
HO
False
1486727925.189
0
HO
False
1486727925.227
0
HO
False
1486727925.266
0
HO
False
1486727925.304
0
HO
False
1486727925.342
0
HO
False
1486727925.382
0
HO
False
1486727925.419
0
HO
False
1486727925.459
0
HO
False
1486727925.497
0
HO
False
1486727925.537
0
HO
False
1486727925.575
0
HO
False
1486727925.612
0
HO
False
1486727925.651
0
HO
False
1486727925.689
0
HO
False
1486727925.727
0
HO
False
1486727925.767
0
HO
False
1486727925.806
0
HO
False
1486727925.843
0
HO
False
1486727925.882
0
HO
False
1486727925.921
0
HO
False
1486727925.958
0
HO
False
1486727925.997
0
HO
False
1486727926.37
0
HO
False
1486727926.75
0
HO
False
1486727926.114
0
HO
False
1486727926.152
0
HO
False
1486727926.191
0
HO
False
1486727926.229
0
HO
False
1486727926.267
0
HO
False
1486727926.329
0
HO
False
1486727926.422
0
HO
False
1486727926.461
0
HO
False
1486727926.498
0
HO
False
1486727926.552
0
HO
False
1486727926.654
0
HO
False
1486727926.692
0
HO
False
1486727926.729
0
HO
False
1486727926.768
0
HO
False
1486727926.808
0
HO
False
1486727926.846
0
HO
False
1486727926.885
0
HO
False
1486727926.923
0
HO
False
1486727926.962
0
HO
False
1486727926.1000
0
HO
False
1486727927.37
0
HO
False
1486727927.76
0
HO
False
1486727927.115
0
HO
False
1486727927.153
0
HO
False
1486727927.192
0
HO
False
1486727927.232
0
HO
False
1486727927.270
0
HO
False
1486727927.308
0
HO
False
1486727927.350
0
HO
False
1486727927.386
0
HO
False
1486727927.424
0
HO
False
1486727927.481
0
HO
False
1486727927.542
0
HO
False
1486727927.564
0
HO
False
1486727927.588
0
HO
False
1486727927.620
0
HO
False
1486727927.672
0
HO
False
1486727927.771
0
HO
False
1486727927.809
0
HO
False
1486727927.850
0
HO
False
1486727927.890
0
HO
False
1486727927.924
0
HO
False
1486727927.963
0
HO
False
1486727928.2
0
HO
False
1486727928.44
0
HO
False
1486727928.80
0
HO
False
1486727928.117
0
HO
False
1486727928.157
0
HO
False
1486727928.195
0
HO
False
1486727928.233
0
HO
False
1486727928.271
0
HO
False
1486727928.310
0
HO
False
1486727928.349
0
HO
False
1486727928.389
0
HO
False
1486727928.426
0
HO
False
1486727928.465
0
HO
False
1486727928.503
0
HO
False
1486727928.546
0
HO
False
1486727928.582
0
HO
False
1486727928.619
0
HO
False
1486727928.658
0
HO
False
1486727928.695
0
HO
False
1486727928.734
0
HO
False
1486727928.773
0
HO
False
1486727928.812
0
HO
False
1486727928.851
0
HO
False
1486727928.889
0
HO
False
1486727928.926
0
HO
False
1486727928.965
0
HO
False
1486727929.6
0
HO
False
1486727929.44
0
HO
False
1486727929.81
0
HO
False
1486727929.120
0
HO
False
1486727929.158
0
HO
False
1486727929.200
0
HO
False
1486727929.235
0
HO
False
1486727929.274
0
HO
False
1486727929.312
0
HO
False
1486727929.352
0
HO
False
1486727929.391
0
HO
False
1486727929.428
0
HO
False
1486727929.467
0
HO
False
1486727929.506
0
HO
False
1486727929.543
0
HO
False
1486727929.584
0
HO
False
1486727929.621
0
HO
False
1486727929.659
0
HO
False
1486727929.698
0
HO
False
1486727929.737
69
HB
True
1486727929.774
69
HB
True
1486727929.813
69
HB
True
1486727929.852
61
HB
True
1486727929.892
61
HB
True
1486727929.930
61
HB
True
1486727929.967
72
HA
True
1486727930.6
72
HA
True
1486727930.45
72
HA
True
1486727930.84
65
HA
True
1486727930.122
65
HA
True
1486727930.160
65
HA
True
1486727930.199
40
HA
True
1486727930.237
40
HA
True
1486727930.276
40
HA
True
1486727930.315
0
HO
False
1486727930.357
0
HO
False
1486727930.397
0
HO
False
1486727930.431
0
HO
False
1486727930.473
0
HO
False
1486727930.507
0
HO
False
1486727930.546
0
HO
False
1486727930.585
0
HO
False
1486727930.623
0
HO
False
1486727930.662
0
HO
False
1486727930.727
0
HO
False
1486727930.815
0
HO
False
1486727930.865
0
HO
False
1486727930.920
0
HO
False
1486727931.8
0
HO
False
1486727931.47
0
HO
False
1486727931.86
0
HO
False
1486727931.124
0
HO
False
1486727931.162
0
HO
False
1486727931.201
0
HO
False
1486727931.240
0
HO
False
1486727931.277
0
HO
False
1486727931.316
0
HO
False
1486727931.356
0
HO
False
1486727931.394
0
HO
False
1486727931.432
0
HO
False
1486727931.472
0
HO
False
1486727931.509
0
HO
False
1486727931.552
0
HO
False
1486727931.589
0
HO
False
1486727931.625
0
HO
False
1486727931.665
0
HO
False
1486727931.704
0
HO
False
1486727931.740
0
HO
False
1486727931.779
0
HO
False
1486727931.819
0
HO
False
1486727931.856
0
HO
False
1486727931.896
0
HO
False
1486727931.934
0
HO
False
1486727931.973
0
HO
False
1486727932.10
0
HO
False
1486727932.48
0
HO
False
1486727932.87
0
HO
False
1486727932.125
0
HO
False
1486727932.165
0
HO
False
1486727932.204
0
HO
False
1486727932.242
0
HO
False
1486727932.280
0
HO
False
1486727932.319
0
HO
False
1486727932.357
0
HO
False
1486727932.397
0
HO
False
1486727932.435
0
HO
False
1486727932.474
0
HO
False
1486727932.513
0
HO
False
1486727932.550
0
HO
False
1486727932.590
0
HO
False
1486727932.627
0
HO
False
1486727932.666
0
HO
False
1486727932.705
0
HO
False
1486727932.742
0
HO
False
1486727932.781
0
HO
False
1486727932.819
0
HO
False
1486727932.859
0
HO
False
1486727932.898
0
HO
False
1486727932.935
0
HO
False
1486727932.975
0
HO
False
1486727933.15
0
HO
False
1486727933.56
0
HO
False
1486727933.93
0
HO
False
1486727933.129
0
HO
False
1486727933.166
0
HO
False
1486727933.208
0
HO
False
1486727933.244
0
HO
False
1486727933.282
0
HO
False
1486727933.322
0
HO
False
1486727933.360
0
HO
False
1486727933.401
0
HO
False
1486727933.438
0
HO
False
1486727933.476
0
HO
False
1486727933.515
0
HO
False
1486727933.552
0
HO
False
1486727933.591
0
HO
False
1486727933.629
0
HO
False
1486727933.667
0
HO
False
1486727933.708
0
HO
False
1486727933.745
0
HO
False
1486727933.783
0
HO
False
1486727933.822
0
HO
False
1486727933.861
0
HO
False
1486727933.902
0
HO
False
1486727933.938
0
HO
False
1486727933.976
0
HO
False
1486727934.16
0
HO
False
1486727934.56
0
HO
False
1486727934.93
0
HO
False
1486727934.131
0
HO
False
1486727934.169
0
HO
False
1486727934.209
0
HO
False
1486727934.245
0
HO
False
1486727934.285
0
HO
False
1486727934.323
0
HO
False
1486727934.361
0
HO
False
1486727934.402
0
HO
False
1486727934.440
0
HO
False
1486727934.477
0
HO
False
1486727934.514
0
HO
False
1486727934.556
0
HO
False
1486727934.593
0
HO
False
1486727934.633
0
HO
False
1486727934.669
0
HO
False
1486727934.710
0
HO
False
1486727934.749
0
HO
False
1486727934.784
0
HO
False
1486727934.825
0
HO
False
1486727934.864
0
HO
False
1486727934.906
0
HO
False
1486727934.940
0
HO
False
1486727934.978
0
HO
False
1486727935.16
0
HO
False
1486727935.57
0
HO
False
1486727935.94
0
HO
False
1486727935.134
0
HO
False
1486727935.171
0
HO
False
1486727935.212
0
HO
False
1486727935.248
0
HO
False
1486727935.287
0
HO
False
1486727935.325
0
HO
False
1486727935.365
0
HO
False
1486727935.405
0
HO
False
1486727935.441
0
HO
False
1486727935.479
0
HO
False
1486727935.520
0
HO
False
1486727935.557
0
HO
False
1486727935.595
0
HO
False
1486727935.634
0
HO
False
1486727935.674
0
HO
False
1486727935.712
0
HO
False
1486727935.748
0
HO
False
1486727935.787
0
HO
False
1486727935.826
0
HO
False
1486727935.864
0
HO
False
1486727935.903
0
HO
False
1486727935.942
0
HO
False
1486727935.981
0
HO
False
1486727936.214
0
HO
False
1486727936.252
0
HO
False
1486727936.288
0
HO
False
1486727936.327
0
HO
False
1486727936.365
0
HO
False
1486727936.405
0
HO
False
1486727936.441
0
HO
False
1486727936.482
0
HO
False
1486727936.523
0
HO
False
1486727936.559
0
HO
False
1486727936.597
0
HO
False
1486727936.636
0
HO
False
1486727936.675
0
HO
False
1486727936.714
0
HO
False
1486727936.750
0
HO
False
1486727936.789
0
HO
False
1486727936.830
0
HO
False
1486727936.868
0
HO
False
1486727936.906
0
HO
False
1486727936.944
0
HO
False
1486727936.983
0
HO
False
1486727937.25
0
HO
False
1486727937.59
0
HO
False
1486727937.97
0
HO
False
1486727937.137
0
HO
False
1486727937.176
0
HO
False
1486727937.214
0
HO
False
1486727937.254
0
HO
False
1486727937.290
0
HO
False
1486727937.331
0
HO
False
1486727937.368
0
HO
False
1486727937.406
0
HO
False
1486727937.445
0
HO
False
1486727937.483
0
HO
False
1486727937.677
0
HO
False
1486727937.715
0
HO
False
1486727937.754
0
HO
False
1486727937.791
0
HO
False
1486727937.985
0
HO
False
1486727938.24
0
HO
False
1486727938.62
0
HO
False
1486727938.101
0
HO
False
1486727938.140
0
HO
False
1486727938.177
0
HO
False
1486727938.216
0
HO
False
1486727938.255
0
HO
False
1486727938.293
0
HO
False
1486727938.422
0
HO
False
1486727938.607
0
HO
False
1486727938.726
0
HO
False
1486727938.847
0
HO
False
1486727938.966
0
HO
False
1486727939.86
0
HO
False
1486727939.189
0
HO
False
1486727939.306
0
HO
False
1486727939.423
0
HO
False
1486727939.532
0
HO
False
1486727939.593
0
HO
False
1486727939.684
0
HO
False
1486727939.732
0
HO
False
1486727939.844
0
HO
False
1486727939.956
0
HO
False
1486727940.79
0
HO
False
1486727940.264
0
HO
False
1486727940.457
0
HO
False
1486727940.506
0
HO
False
1486727940.608
0
HO
False
1486727940.661
0
HO
False
1486727940.705
0
HO
False
1486727940.822
0
HO
False
1486727940.854
0
HO
False
1486727940.883
0
HO
False
1486727940.921
0
HO
False
1486727941.132
0
HO
False
1486727941.232
0
HO
False
1486727941.339
0
HO
False
1486727941.376
0
HO
False
1486727941.414
0
HO
False
1486727941.455
0
HO
False
1486727941.492
0
HO
False
1486727941.552
0
HO
False
1486727941.648
0
HO
False
1486727941.691
0
HO
False
1486727941.734
0
HO
False
1486727941.853
0
HO
False
1486727942.31
0
HO
False
1486727942.74
0
HO
False
1486727942.108
0
HO
False
1486727942.147
0
HO
False
1486727942.186
0
HO
False
1486727942.227
0
HO
False
1486727942.262
0
HO
False
1486727942.302
0
HO
False
1486727942.339
0
HO
False
1486727942.381
0
HO
False
1486727942.419
0
HO
False
1486727942.456
0
HO
False
1486727942.494
0
HO
False
1486727942.534
0
HO
False
1486727942.725
0
HO
False
1486727942.764
0
HO
False
1486727942.803
0
HO
False
1486727942.845
0
HO
False
1486727942.885
0
HO
False
1486727942.922
0
HO
False
1486727942.960
0
HO
False
1486727942.994
0
HO
False
1486727943.32
0
HO
False
1486727943.75
0
HO
False
1486727943.111
0
HO
False
1486727943.149
0
HO
False
1486727943.189
0
HO
False
1486727943.225
0
HO
False
1486727943.265
0
HO
False
1486727943.304
0
HO
False
1486727943.342
0
HO
False
1486727943.382
0
HO
False
1486727943.420
0
HO
False
1486727943.457
0
HO
False
1486727943.496
0
HO
False
1486727943.539
0
HO
False
1486727943.582
0
HO
False
1486727943.612
0
HO
False
1486727943.655
0
HO
False
1486727943.695
0
HO
False
1486727943.725
0
HO
False
1486727943.769
0
HO
False
1486727943.805
0
HO
False
1486727943.844
0
HO
False
1486727943.884
0
HO
False
1486727943.922
0
HO
False
1486727943.960
0
HO
False
1486727943.997
0
HO
False
