1486608880.943
0
HO
False
1486608881.140
0
HO
False
1486608881.188
0
HO
False
1486608881.292
0
HO
False
1486608881.338
0
HO
False
1486608881.359
0
HO
False
1486608881.398
0
HO
False
1486608881.438
0
HO
False
1486608881.479
0
HO
False
1486608881.516
0
HO
False
1486608881.560
0
HO
False
1486608881.591
0
HO
False
1486608881.650
0
HO
False
1486608881.676
0
HO
False
1486608881.709
0
HO
False
1486608881.751
0
HO
False
1486608881.784
0
HO
False
1486608881.823
0
HO
False
1486608881.864
0
HO
False
1486608881.900
0
HO
False
1486608881.942
0
HO
False
1486608882.136
0
HO
False
1486608882.172
0
HO
False
1486608882.218
0
HO
False
1486608882.245
0
HO
False
1486608882.287
0
HO
False
1486608882.332
0
HO
False
1486608882.368
0
HO
False
1486608882.400
0
HO
False
1486608882.440
0
HO
False
1486608882.478
0
HO
False
1486608882.522
0
HO
False
1486608882.559
0
HO
False
1486608882.592
0
HO
False
1486608882.642
0
HO
False
1486608882.678
0
HO
False
1486608882.711
0
HO
False
1486608882.846
0
HO
False
1486608882.942
0
HO
False
1486608883.55
0
HO
False
1486608883.174
0
HO
False
1486608883.211
0
HO
False
1486608883.247
0
HO
False
1486608883.283
0
HO
False
1486608883.324
0
HO
False
1486608883.360
0
HO
False
1486608883.399
0
HO
False
1486608883.437
0
HO
False
1486608883.495
0
HO
False
1486608883.599
0
HO
False
1486608883.714
0
HO
False
1486608883.825
0
HO
False
1486608883.862
0
HO
False
1486608883.900
0
HO
False
1486608883.938
0
HO
False
1486608883.978
0
HO
False
1486608884.18
0
HO
False
1486608884.54
0
HO
False
1486608884.96
0
HO
False
1486608884.131
0
HO
False
1486608884.169
0
HO
False
1486608884.209
0
HO
False
1486608884.248
0
HO
False
1486608884.284
0
HO
False
1486608884.325
0
HO
False
1486608884.363
0
HO
False
1486608884.400
0
HO
False
1486608884.440
0
HO
False
1486608884.477
0
HO
False
1486608884.520
0
HO
False
1486608884.554
0
HO
False
1486608884.593
0
HO
False
1486608884.665
0
HO
False
1486608884.758
0
HO
False
1486608884.803
0
HO
False
1486608884.853
0
HO
False
1486608884.889
0
HO
False
1486608884.984
0
HO
False
1486608885.42
0
HO
False
1486608885.143
0
HO
False
1486608885.186
0
HO
False
1486608885.233
0
HO
False
1486608885.332
0
HO
False
1486608885.383
0
HO
False
1486608885.422
0
HO
False
1486608885.522
0
HO
False
1486608885.582
0
HO
False
1486608885.677
0
HO
False
1486608885.730
0
HO
False
1486608885.829
0
HO
False
1486608885.875
0
HO
False
1486608885.922
0
HO
False
1486608885.973
0
HO
False
1486608886.67
0
HO
False
1486608886.112
0
HO
False
1486608886.163
0
HO
False
1486608886.212
0
HO
False
1486608886.307
0
HO
False
1486608886.347
0
HO
False
1486608886.392
0
HO
False
1486608886.443
0
HO
False
1486608886.526
0
HO
False
1486608886.582
0
HO
False
1486608886.632
0
HO
False
1486608886.658
0
HO
False
1486608886.698
0
HO
False
1486608886.735
0
HO
False
1486608886.792
0
HO
False
1486608886.822
0
HO
False
1486608886.918
0
HO
False
1486608886.969
0
HO
False
1486608887.69
0
HO
False
1486608887.123
0
HO
False
1486608887.214
0
HO
False
1486608887.274
0
HO
False
1486608887.375
0
HO
False
1486608887.431
0
HO
False
1486608887.464
0
HO
False
1486608887.513
0
HO
False
1486608887.604
0
HO
False
1486608887.723
0
HO
False
1486608887.771
0
HO
False
1486608887.874
0
HO
False
1486608887.931
0
HO
False
1486608887.975
0
HO
False
1486608888.82
0
HO
False
1486608888.129
0
HO
False
1486608888.150
0
HO
False
1486608888.177
0
HO
False
1486608888.220
0
HO
False
1486608888.255
0
HO
False
1486608888.293
0
HO
False
1486608888.334
0
HO
False
1486608888.370
0
HO
False
1486608888.411
0
HO
False
1486608888.449
0
HO
False
1486608888.486
0
HO
False
1486608888.527
0
HO
False
1486608888.564
0
HO
False
1486608888.602
0
HO
False
1486608888.641
0
HO
False
1486608888.679
0
HO
False
1486608888.719
0
HO
False
1486608888.756
0
HO
False
1486608888.795
0
HO
False
1486608888.835
0
HO
False
1486608888.872
0
HO
False
1486608888.912
0
HO
False
1486608888.948
0
HO
False
1486608888.989
0
HO
False
1486608889.28
0
HO
False
1486608889.65
0
HO
False
1486608889.103
0
HO
False
1486608889.149
0
HO
False
1486608889.180
0
HO
False
1486608889.218
0
HO
False
1486608889.257
0
HO
False
1486608889.295
0
HO
False
1486608889.337
0
HO
False
1486608889.375
0
HO
False
1486608889.413
0
HO
False
1486608889.450
0
HO
False
1486608889.488
0
HO
False
1486608889.528
0
HO
False
1486608889.565
0
HO
False
1486608889.605
0
HO
False
1486608889.644
0
HO
False
1486608889.682
0
HO
False
1486608889.720
0
HO
False
1486608889.758
0
HO
False
1486608889.797
0
HO
False
1486608889.837
0
HO
False
1486608889.874
0
HO
False
1486608889.913
0
HO
False
1486608889.952
0
HO
False
1486608889.990
0
HO
False
1486608890.30
0
HO
False
1486608890.68
0
HO
False
1486608890.105
0
HO
False
1486608890.144
0
HO
False
1486608890.191
0
HO
False
1486608890.228
0
HO
False
1486608890.262
0
HO
False
1486608890.298
0
HO
False
1486608890.336
0
HO
False
1486608890.375
0
HO
False
1486608890.414
0
HO
False
1486608890.452
0
HO
False
1486608890.491
0
HO
False
1486608890.530
0
HO
False
1486608890.567
0
HO
False
1486608890.606
0
HO
False
1486608890.652
0
HO
False
1486608890.685
0
HO
False
1486608890.723
0
HO
False
1486608890.761
0
HO
False
1486608890.799
0
HO
False
1486608890.837
0
HO
False
1486608890.876
0
HO
False
1486608890.915
0
HO
False
1486608890.953
0
HO
False
1486608890.993
0
HO
False
1486608891.33
0
HO
False
1486608891.69
0
HO
False
1486608891.108
0
HO
False
1486608891.147
0
HO
False
1486608891.185
0
HO
False
1486608891.225
0
HO
False
1486608891.262
0
HO
False
1486608891.300
0
HO
False
1486608891.339
0
HO
False
1486608891.378
0
HO
False
1486608891.416
0
HO
False
1486608891.454
0
HO
False
1486608891.493
0
HO
False
1486608891.532
0
HO
False
1486608891.570
0
HO
False
1486608891.608
0
HO
False
1486608891.647
0
HO
False
1486608891.686
0
HO
False
1486608891.726
0
HO
False
1486608891.762
0
HO
False
1486608891.803
0
HO
False
1486608891.841
0
HO
False
1486608891.878
0
HO
False
1486608891.917
0
HO
False
1486608891.956
0
HO
False
1486608891.994
0
HO
False
1486608892.34
0
HO
False
1486608892.70
0
HO
False
1486608892.110
0
HO
False
1486608892.155
0
HO
False
1486608892.189
0
HO
False
1486608892.227
0
HO
False
1486608892.264
0
HO
False
1486608892.302
0
HO
False
1486608892.340
0
HO
False
1486608892.379
0
HO
False
1486608892.417
0
HO
False
1486608892.456
0
HO
False
1486608892.495
0
HO
False
1486608892.535
0
HO
False
1486608892.572
0
HO
False
1486608892.611
0
HO
False
1486608892.649
0
HO
False
1486608892.687
0
HO
False
1486608892.736
0
HO
False
1486608892.774
0
HO
False
1486608892.812
0
HO
False
1486608892.841
0
HO
False
1486608892.887
0
HO
False
1486608892.923
0
HO
False
1486608892.956
0
HO
False
1486608892.996
0
HO
False
1486608893.35
0
HO
False
1486608893.74
0
HO
False
1486608893.112
0
HO
False
1486608893.150
0
HO
False
1486608893.189
0
HO
False
1486608893.381
0
HO
False
1486608893.420
0
HO
False
1486608893.459
0
HO
False
1486608893.498
0
HO
False
1486608893.537
0
HO
False
1486608893.575
0
HO
False
1486608893.613
0
HO
False
1486608893.659
0
HO
False
1486608893.693
0
HO
False
1486608893.730
0
HO
False
1486608893.766
0
HO
False
1486608893.806
0
HO
False
1486608893.844
0
HO
False
1486608893.884
0
HO
False
1486608893.921
0
HO
False
1486608893.959
0
HO
False
1486608893.998
0
HO
False
1486608894.37
0
HO
False
1486608894.76
0
HO
False
1486608894.115
0
HO
False
1486608894.153
0
HO
False
1486608894.191
0
HO
False
1486608894.232
0
HO
False
1486608894.268
0
HO
False
1486608894.305
0
HO
False
1486608894.345
0
HO
False
1486608894.383
0
HO
False
1486608894.421
0
HO
False
1486608894.460
0
HO
False
1486608894.499
0
HO
False
1486608894.538
0
HO
False
1486608894.576
0
HO
False
1486608894.615
0
HO
False
1486608894.655
0
HO
False
1486608894.692
0
HO
False
1486608894.731
0
HO
False
1486608894.769
0
HO
False
1486608894.808
0
HO
False
1486608894.845
0
HO
False
1486608894.884
0
HO
False
1486608894.924
0
HO
False
1486608894.962
0
HO
False
1486608895.0
0
HO
False
1486608895.40
0
HO
False
1486608895.77
0
HO
False
1486608895.120
0
HO
False
1486608895.161
0
HO
False
1486608895.196
0
HO
False
1486608895.232
0
HO
False
1486608895.270
0
HO
False
1486608895.309
0
HO
False
1486608895.348
0
HO
False
1486608895.386
0
HO
False
1486608895.423
0
HO
False
1486608895.463
0
HO
False
1486608895.501
0
HO
False
1486608895.541
0
HO
False
1486608895.578
0
HO
False
1486608895.616
0
HO
False
1486608895.656
0
HO
False
1486608895.694
0
HO
False
1486608895.734
0
HO
False
1486608895.770
0
HO
False
1486608895.811
0
HO
False
1486608895.848
0
HO
False
1486608895.888
0
HO
False
1486608895.925
0
HO
False
1486608895.964
0
HO
False
1486608896.3
0
HO
False
1486608896.44
0
HO
False
1486608896.80
0
HO
False
1486608896.120
0
HO
False
1486608896.157
0
HO
False
1486608896.194
0
HO
False
1486608896.236
0
HO
False
1486608896.272
0
HO
False
1486608896.311
0
HO
False
1486608896.349
0
HO
False
1486608896.388
0
HO
False
1486608896.427
0
HO
False
1486608896.465
0
HO
False
1486608896.503
0
HO
False
1486608896.542
0
HO
False
1486608896.581
0
HO
False
1486608896.620
0
HO
False
1486608896.664
0
HO
False
1486608896.696
0
HO
False
1486608896.888
0
HO
False
1486608896.930
0
HO
False
1486608896.966
0
HO
False
1486608897.4
0
HO
False
1486608897.42
0
HO
False
1486608897.82
0
HO
False
1486608897.131
0
HO
False
1486608897.163
0
HO
False
1486608897.198
0
HO
False
1486608897.237
0
HO
False
1486608897.275
0
HO
False
1486608897.313
0
HO
False
1486608897.351
0
HO
False
1486608897.390
0
HO
False
1486608897.431
0
HO
False
1486608897.466
0
HO
False
1486608897.504
0
HO
False
1486608897.544
0
HO
False
1486608897.583
0
HO
False
1486608897.622
0
HO
False
1486608897.662
0
HO
False
1486608897.698
0
HO
False
1486608897.740
0
HO
False
1486608897.775
0
HO
False
1486608897.815
0
HO
False
1486608897.852
0
HO
False
1486608897.892
0
HO
False
1486608897.931
0
HO
False
1486608897.968
0
HO
False
1486608898.7
0
HO
False
1486608898.83
0
HO
False
1486608898.168
0
HO
False
1486608898.295
0
HO
False
1486608898.474
0
HO
False
1486608898.531
0
HO
False
1486608898.564
0
HO
False
1486608898.605
0
HO
False
1486608898.648
0
HO
False
1486608898.743
0
HO
False
1486608898.793
0
HO
False
1486608898.839
0
HO
False
1486608898.934
0
HO
False
1486608898.982
0
HO
False
1486608899.28
0
HO
False
1486608899.67
0
HO
False
1486608899.107
0
HO
False
1486608899.149
0
HO
False
1486608899.184
0
HO
False
1486608899.231
0
HO
False
1486608899.271
0
HO
False
1486608899.375
0
HO
False
1486608899.403
0
HO
False
1486608899.436
0
HO
False
1486608899.469
0
HO
False
1486608899.509
0
HO
False
1486608899.549
0
HO
False
1486608899.587
0
HO
False
1486608899.627
0
HO
False
1486608899.664
0
HO
False
1486608899.702
0
HO
False
1486608899.743
0
HO
False
1486608899.778
0
HO
False
1486608899.818
0
HO
False
1486608899.857
0
HO
False
1486608899.897
0
HO
False
1486608899.936
0
HO
False
1486608899.972
0
HO
False
1486608900.10
0
HA
True
1486608900.48
0
HA
True
1486608900.87
0
HA
True
1486608900.126
56
HA
True
1486608900.164
56
HA
True
1486608900.202
56
HA
True
1486608900.243
51
HO
True
1486608900.281
51
HO
True
1486608900.319
51
HO
True
1486608900.357
48
HO
True
1486608900.396
48
HO
True
1486608900.436
48
HO
True
1486608900.473
55
HO
True
1486608900.511
55
HO
True
1486608900.550
55
HO
True
1486608900.589
55
HO
True
1486608900.626
55
HO
True
1486608900.666
55
HO
True
1486608900.704
47
HO
True
1486608900.745
47
HO
True
1486608900.781
47
HO
True
1486608900.820
32
HB
True
1486608900.858
32
HB
True
1486608900.899
32
HB
True
1486608900.936
0
HB
True
1486608900.974
0
HB
True
1486608901.33
0
HB
True
1486608901.73
0
HO
False
1486608901.102
0
HO
False
1486608901.127
0
HO
False
1486608901.176
0
HO
False
1486608901.208
0
HO
False
1486608901.245
0
HO
False
1486608901.281
0
HO
False
1486608901.321
0
HO
False
1486608901.360
0
HO
False
1486608901.398
0
HO
False
1486608901.437
0
HO
False
1486608901.475
0
HO
False
1486608901.514
0
HO
False
1486608901.551
0
HO
False
1486608901.590
0
HO
False
1486608901.630
0
HO
False
1486608901.667
0
HO
False
1486608901.707
0
HO
False
1486608901.746
0
HO
False
1486608901.783
0
HO
False
1486608901.822
0
HO
False
1486608901.860
0
HO
False
1486608901.900
0
HO
False
1486608901.938
0
HO
False
1486608901.977
0
HO
False
1486608902.15
0
HO
False
1486608902.54
0
HO
False
1486608902.92
0
HO
False
1486608902.131
0
HO
False
1486608902.170
0
HO
False
1486608902.207
0
HO
False
1486608902.245
0
HO
False
1486608902.284
0
HO
False
1486608902.322
0
HO
False
1486608902.362
0
HO
False
1486608902.399
0
HO
False
1486608902.438
0
HO
False
1486608902.478
0
HO
False
1486608902.516
0
HO
False
1486608902.554
0
HO
False
1486608902.593
0
HO
False
1486608902.631
0
HO
False
1486608902.677
0
HO
False
1486608902.709
0
HO
False
1486608902.758
0
HO
False
1486608902.796
0
HO
False
1486608902.826
0
HO
False
1486608902.871
0
HO
False
1486608902.905
0
HO
False
1486608902.940
0
HO
False
1486608902.980
0
HO
False
1486608903.17
0
HO
False
1486608903.55
0
HO
False
1486608903.93
0
HO
False
1486608903.135
0
HO
False
1486608903.170
0
HO
False
1486608903.210
0
HO
False
1486608903.248
0
HO
False
1486608903.285
0
HO
False
1486608903.324
0
HO
False
1486608903.365
0
HO
False
1486608903.403
0
HO
False
1486608903.441
0
HO
False
1486608903.480
0
HO
False
1486608903.518
0
HO
False
1486608903.556
0
HO
False
1486608903.595
0
HO
False
1486608903.633
0
HO
False
1486608903.672
0
HO
False
1486608903.710
0
HO
False
1486608903.749
0
HO
False
1486608903.788
0
HO
False
1486608903.827
0
HO
False
1486608903.865
0
HO
False
1486608903.925
0
HO
False
1486608904.19
0
HO
False
1486608904.70
0
HO
False
1486608904.180
0
HO
False
1486608904.210
0
HO
False
1486608904.250
0
HO
False
1486608904.288
0
HO
False
1486608904.326
0
HO
False
1486608904.367
0
HO
False
1486608904.405
0
HO
False
1486608904.442
0
HO
False
1486608904.482
0
HO
False
1486608904.521
0
HO
False
1486608904.558
0
HO
False
1486608904.598
0
HO
False
1486608904.636
0
HO
False
1486608904.674
0
HO
False
1486608904.715
0
HO
False
1486608904.752
0
HO
False
1486608904.790
0
HO
False
1486608904.829
0
HO
False
1486608904.867
0
HO
False
1486608904.906
0
HO
False
1486608904.943
0
HO
False
1486608904.982
0
HO
False
1486608905.21
0
HO
False
1486608905.60
0
HO
False
1486608905.99
0
HO
False
1486608905.138
0
HO
False
1486608905.175
0
HO
False
1486608905.214
0
HO
False
1486608905.252
0
HO
False
1486608905.291
0
HO
False
1486608905.343
0
HO
False
1486608905.524
0
HO
False
1486608905.585
0
HO
False
1486608905.612
0
HO
False
1486608905.642
0
HO
False
1486608905.684
0
HO
False
1486608905.717
0
HO
False
1486608905.754
0
HO
False
1486608905.792
0
HO
False
1486608905.830
0
HO
False
1486608905.869
0
HO
False
1486608905.907
0
HO
False
1486608905.946
0
HO
False
1486608905.985
0
HO
False
1486608906.23
0
HO
False
1486608906.61
0
HO
False
1486608906.99
0
HO
False
1486608906.140
0
HO
False
1486608906.177
0
HO
False
1486608906.216
0
HO
False
1486608906.255
0
HO
False
1486608906.292
0
HO
False
1486608906.332
0
HO
False
1486608906.370
0
HO
False
1486608906.408
0
HO
False
1486608906.447
0
HO
False
1486608906.485
0
HO
False
1486608906.525
0
HO
False
1486608906.565
0
HO
False
1486608906.602
0
HO
False
1486608906.640
0
HO
False
1486608906.679
0
HO
False
1486608906.717
0
HO
False
1486608906.755
0
HO
False
1486608906.793
0
HO
False
1486608906.833
0
HO
False
1486608906.870
0
HO
False
1486608906.910
0
HO
False
1486608906.948
0
HO
False
1486608906.987
0
HO
False
1486608907.26
0
HO
False
1486608907.65
0
HO
False
1486608907.102
0
HO
False
1486608907.142
0
HO
False
1486608907.186
0
HO
False
1486608907.218
0
HO
False
1486608907.256
0
HO
False
1486608907.295
0
HO
False
1486608907.333
0
HO
False
1486608907.371
0
HO
False
1486608907.410
0
HB
True
1486608907.449
0
HB
True
1486608907.487
0
HB
True
1486608907.526
53
HB
True
1486608907.564
53
HB
True
1486608907.603
53
HB
True
1486608907.641
56
HO
True
1486608907.681
56
HO
True
1486608907.719
56
HO
True
1486608907.758
46
HO
True
1486608907.796
46
HO
True
1486608907.835
46
HO
True
1486608907.873
51
HO
True
1486608907.912
51
HO
True
1486608907.950
51
HO
True
1486608907.988
54
HO
True
1486608908.28
54
HO
True
1486608908.66
54
HO
True
1486608908.105
50
HO
True
1486608908.143
50
HO
True
1486608908.181
50
HO
True
1486608908.221
41
HA
True
1486608908.259
41
HA
True
1486608908.297
41
HA
True
1486608908.335
0
HA
True
1486608908.374
0
HA
True
1486608908.413
0
HA
True
1486608908.451
0
HO
False
1486608908.489
0
HO
False
1486608908.528
0
HO
False
1486608908.566
0
HO
False
1486608908.605
0
HO
False
1486608908.644
0
HO
False
1486608908.688
0
HO
False
1486608908.720
0
HO
False
1486608908.761
0
HO
False
1486608908.798
0
HO
False
1486608908.836
0
HO
False
1486608908.876
0
HO
False
1486608908.914
0
HO
False
1486608908.952
0
HO
False
1486608908.990
0
HO
False
1486608909.31
0
HO
False
1486608909.68
0
HO
False
1486608909.107
0
HO
False
1486608909.146
0
HO
False
1486608909.184
0
HO
False
1486608909.222
0
HO
False
1486608909.261
0
HO
False
1486608909.299
0
HO
False
1486608909.337
0
HO
False
1486608909.376
0
HO
False
1486608909.415
0
HO
False
1486608909.454
0
HO
False
1486608909.497
0
HO
False
1486608909.531
0
HO
False
1486608909.569
0
HO
False
1486608909.608
0
HO
False
1486608909.647
0
HO
False
1486608909.686
0
HO
False
1486608909.725
0
HO
False
1486608909.760
0
HO
False
1486608909.800
0
HO
False
1486608909.840
0
HO
False
1486608909.877
0
HO
False
1486608909.915
0
HO
False
1486608910.38
0
HO
False
1486608910.92
0
HO
False
1486608910.135
0
HO
False
1486608910.161
0
HO
False
1486608910.191
0
HO
False
1486608910.221
0
HO
False
1486608910.264
0
HO
False
1486608910.302
0
HO
False
1486608910.340
0
HO
False
1486608910.379
0
HO
False
1486608910.417
0
HO
False
1486608910.457
0
HO
False
1486608910.494
0
HO
False
1486608910.533
0
HO
False
1486608910.570
0
HO
False
1486608910.610
0
HO
False
1486608910.648
0
HO
False
1486608910.687
0
HO
False
1486608910.725
0
HO
False
1486608910.764
0
HO
False
1486608910.802
0
HO
False
1486608910.841
0
HO
False
1486608910.880
0
HO
False
1486608910.919
0
HO
False
1486608910.956
0
HO
False
1486608910.995
0
HO
False
1486608911.35
0
HO
False
1486608911.97
0
HO
False
1486608911.189
0
HO
False
1486608911.227
0
HO
False
1486608911.272
0
HO
False
1486608911.302
0
HO
False
1486608911.345
0
HO
False
1486608911.380
0
HO
False
1486608911.421
0
HO
False
1486608911.481
0
HO
False
1486608911.585
0
HO
False
1486608911.698
0
HO
False
1486608911.730
0
HO
False
1486608911.766
0
HO
False
1486608911.805
0
HO
False
1486608911.846
0
HO
False
1486608911.883
0
HO
False
1486608912.75
0
HO
False
1486608912.115
0
HO
False
1486608912.150
0
HO
False
1486608912.189
0
HO
False
1486608912.229
0
HO
False
1486608912.269
0
HO
False
1486608912.307
0
HO
False
1486608912.346
0
HO
False
1486608912.382
0
HO
False
1486608912.421
0
HO
False
1486608912.463
0
HO
False
1486608912.502
0
HO
False
1486608912.691
0
HO
False
1486608912.729
0
HA
True
1486608912.782
0
HA
True
1486608912.833
0
HA
True
1486608912.866
56
HA
True
1486608912.901
56
HA
True
1486608912.931
56
HA
True
1486608912.963
54
HO
True
1486608912.1000
54
HO
True
1486608913.39
54
HO
True
1486608913.76
45
HO
True
1486608913.115
45
HO
True
1486608913.154
45
HO
True
1486608913.199
52
HO
True
1486608913.231
52
HO
True
1486608913.268
52
HO
True
1486608913.309
53
HO
True
1486608913.348
53
HO
True
1486608913.385
53
HO
True
1486608913.424
35
HB
True
1486608913.462
35
HB
True
1486608913.500
35
HB
True
1486608913.540
0
HB
True
1486608913.577
0
HB
True
1486608913.617
0
HB
True
1486608913.655
0
HO
False
1486608913.693
0
HO
False
1486608913.731
0
HO
False
1486608913.770
0
HO
False
1486608913.809
0
HO
False
1486608913.848
0
HO
False
1486608913.886
0
HO
False
1486608913.943
0
HO
False
1486608913.985
0
HO
False
1486608914.21
0
HO
False
1486608914.194
0
HO
False
1486608914.232
0
HO
False
1486608914.272
0
HO
False
1486608914.311
0
HO
False
1486608914.348
0
HO
False
1486608914.386
0
HO
False
1486608914.426
0
HO
False
1486608914.466
0
HO
False
1486608914.506
0
HO
False
1486608914.543
0
HO
False
1486608914.581
0
HO
False
1486608914.618
0
HO
False
1486608914.656
0
HO
False
1486608914.699
0
HO
False
1486608914.736
0
HO
False
1486608914.773
0
HO
False
1486608914.812
0
HO
False
1486608914.850
0
HO
False
1486608914.888
0
HO
False
1486608914.926
0
HO
False
1486608914.965
0
HO
False
1486608915.3
0
HO
False
1486608915.43
0
HO
False
1486608915.81
0
HO
False
1486608915.119
0
HO
False
1486608915.158
0
HO
False
1486608915.197
0
HO
False
1486608915.241
0
HO
False
1486608915.277
0
HO
False
1486608915.313
0
HO
False
1486608915.351
0
HO
False
1486608915.388
0
HO
False
1486608915.426
0
HO
False
1486608915.466
0
HO
False
1486608915.505
0
HO
False
1486608915.544
0
HO
False
1486608915.582
0
HO
False
1486608915.620
0
HO
False
1486608915.662
0
HO
False
1486608915.698
0
HO
False
1486608915.738
0
HO
False
1486608915.774
0
HO
False
1486608915.813
0
HO
False
1486608915.852
0
HO
False
1486608915.889
0
HO
False
1486608915.928
0
HO
False
1486608915.966
0
HO
False
1486608916.5
0
HO
False
1486608916.68
0
HO
False
1486608916.159
0
HO
False
1486608916.219
0
HO
False
1486608916.315
0
HO
False
1486608916.352
0
HO
False
1486608916.392
0
HO
False
1486608916.431
0
HO
False
1486608916.468
0
HO
False
1486608916.506
0
HO
False
1486608916.548
0
HO
False
1486608916.583
0
HO
False
1486608916.622
0
HO
False
1486608916.662
0
HO
False
1486608916.700
0
HO
False
1486608916.739
0
HO
False
1486608916.775
0
HO
False
1486608916.816
0
HO
False
1486608916.855
0
HO
False
1486608916.892
0
HO
False
1486608916.931
0
HO
False
1486608916.968
0
HO
False
1486608917.8
0
HO
False
1486608917.49
0
HO
False
1486608917.85
0
HO
False
1486608917.122
0
HO
False
1486608917.162
0
HO
False
1486608917.200
0
HO
False
1486608917.240
0
HO
False
1486608917.277
0
HO
False
1486608917.316
0
HO
False
1486608917.354
0
HO
False
1486608917.393
0
HO
False
1486608917.431
0
HO
False
1486608917.470
0
HO
False
1486608917.508
0
HO
False
1486608917.548
0
HO
False
1486608917.585
0
HO
False
1486608917.623
0
HO
False
1486608917.663
0
HO
False
1486608917.702
0
HO
False
1486608917.742
0
HO
False
1486608917.778
0
HO
False
1486608917.817
0
HO
False
1486608917.856
0
HO
False
1486608917.895
0
HO
False
1486608917.933
0
HO
False
1486608917.970
0
HO
False
1486608918.9
0
HO
False
1486608918.66
0
HO
False
1486608918.164
0
HO
False
1486608918.213
0
HO
False
1486608918.263
0
HO
False
1486608918.300
0
HO
False
1486608918.323
0
HO
False
1486608918.357
0
HO
False
1486608918.396
0
HO
False
1486608918.433
0
HO
False
1486608918.472
0
HO
False
1486608918.511
0
HO
False
1486608918.552
0
HO
False
1486608918.587
0
HO
False
1486608918.627
0
HO
False
1486608918.667
0
HO
False
1486608918.701
0
HO
False
1486608918.745
0
HO
False
1486608918.780
0
HO
False
1486608918.820
0
HO
False
1486608918.857
0
HO
False
1486608918.896
0
HO
False
1486608918.936
0
HO
False
1486608918.973
0
HO
False
1486608919.14
0
HO
False
1486608919.52
0
HO
False
1486608919.89
0
HO
False
1486608919.127
0
HO
False
1486608919.166
0
HO
False
1486608919.210
0
HO
False
1486608919.246
0
HO
False
1486608919.281
0
HO
False
1486608919.320
0
HO
False
1486608919.360
0
HO
False
1486608919.397
0
HO
False
1486608919.435
0
HO
False
1486608919.474
0
HO
False
1486608919.513
0
HO
False
1486608919.554
0
HO
False
1486608919.589
0
HO
False
1486608919.629
0
HO
False
1486608919.667
0
HO
False
1486608919.706
0
HO
False
1486608919.746
0
HO
False
1486608919.781
0
HO
False
1486608919.822
0
HO
False
1486608919.859
0
HO
False
1486608919.899
0
HO
False
1486608919.936
0
HO
False
1486608919.975
0
HO
False
1486608920.14
0
HO
False
1486608920.54
0
HO
False
1486608920.91
0
HO
False
1486608920.129
0
HO
False
1486608920.168
0
HO
False
1486608920.209
0
HO
False
1486608920.248
0
HO
False
1486608920.283
0
HO
False
1486608920.322
0
HO
False
1486608920.362
0
HO
False
1486608920.399
0
HO
False
1486608920.441
0
HO
False
1486608920.476
0
HO
False
1486608920.515
0
HO
False
1486608920.555
0
HO
False
1486608920.591
0
HB
True
1486608920.631
0
HB
True
1486608920.669
0
HB
True
1486608920.710
53
HB
True
1486608920.748
53
HB
True
1486608920.784
53
HB
True
1486608920.824
50
HB
True
1486608920.862
50
HB
True
1486608920.903
50
HB
True
1486608920.938
58
HO
True
1486608920.979
58
HO
True
1486608921.16
58
HO
True
1486608921.55
58
HO
True
1486608921.94
58
HO
True
1486608921.133
58
HO
True
1486608921.170
45
HO
True
1486608921.208
45
HO
True
1486608921.249
45
HO
True
1486608921.285
53
HO
True
1486608921.325
53
HO
True
1486608921.363
53
HO
True
1486608921.401
35
HA
True
1486608921.440
35
HA
True
1486608921.479
35
HA
True
1486608921.519
0
HA
True
1486608921.556
0
HA
True
1486608921.594
0
HA
True
1486608921.632
0
HO
False
1486608921.671
0
HO
False
1486608921.710
0
HO
False
1486608921.752
0
HO
False
1486608921.787
0
HO
False
1486608921.824
0
HO
False
1486608921.864
0
HO
False
1486608921.904
0
HO
False
1486608921.941
0
HO
False
1486608921.980
0
HO
False
1486608922.18
0
HO
False
1486608922.57
0
HO
False
1486608922.95
0
HO
False
1486608922.133
0
HO
False
1486608922.172
0
HO
False
1486608922.214
0
HO
False
1486608922.252
0
HO
False
1486608922.288
0
HO
False
1486608922.327
0
HO
False
1486608922.364
0
HO
False
1486608922.404
0
HO
False
1486608922.441
0
HO
False
1486608922.481
0
HO
False
1486608922.519
0
HO
False
1486608922.557
0
HO
False
1486608922.597
0
HO
False
1486608922.635
0
HO
False
1486608922.762
0
HO
False
1486608922.872
0
HO
False
1486608922.919
0
HO
False
1486608922.954
0
HO
False
1486608922.980
0
HO
False
1486608923.20
0
HO
False
1486608923.60
0
HO
False
1486608923.98
0
HO
False
1486608923.135
0
HO
False
1486608923.174
0
HO
False
1486608923.214
0
HO
False
1486608923.253
0
HO
False
1486608923.289
0
HO
False
1486608923.328
0
HO
False
1486608923.368
0
HO
False
1486608923.406
0
HO
False
1486608923.447
0
HO
False
1486608923.482
0
HO
False
1486608923.521
0
HO
False
1486608923.562
0
HO
False
1486608923.599
0
HO
False
1486608923.637
0
HO
False
1486608923.677
0
HO
False
1486608923.715
0
HO
False
1486608923.753
0
HO
False
1486608923.791
0
HO
False
1486608923.830
0
HO
False
1486608923.868
0
HO
False
1486608923.908
0
HO
False
1486608923.946
0
HO
False
1486608923.984
0
HO
False
1486608924.22
0
HO
False
1486608924.61
0
HO
False
1486608924.112
0
HO
False
1486608924.216
0
HO
False
1486608924.256
0
HO
False
1486608924.311
0
HO
False
1486608924.408
0
HO
False
1486608924.449
0
HO
False
1486608924.485
0
HO
False
1486608924.523
0
HO
False
1486608924.562
0
HO
False
1486608924.599
0
HO
False
1486608924.640
0
HO
False
1486608924.677
0
HO
False
1486608924.716
0
HO
False
1486608924.756
0
HO
False
1486608924.794
0
HO
False
1486608924.831
0
HO
False
1486608924.870
0
HO
False
1486608924.908
0
HO
False
1486608924.950
0
HO
False
1486608924.986
0
HO
False
1486608925.24
0
HO
False
1486608925.63
0
HO
False
1486608925.101
0
HO
False
1486608925.140
0
HO
False
1486608925.179
0
HO
False
1486608925.216
0
HO
False
1486608925.257
0
HO
False
1486608925.294
0
HO
False
1486608925.334
0
HO
False
1486608925.372
0
HO
False
1486608925.410
0
HO
False
1486608925.448
0
HO
False
1486608925.487
0
HO
False
1486608925.525
0
HO
False
1486608925.565
0
HA
True
1486608925.602
0
HA
True
1486608925.641
0
HA
True
1486608925.680
53
HA
True
1486608925.719
53
HA
True
1486608925.760
53
HA
True
1486608925.796
44
HO
True
1486608925.834
44
HO
True
1486608925.873
44
HO
True
1486608925.911
45
HO
True
1486608925.951
45
HO
True
1486608925.988
45
HO
True
1486608926.26
55
HO
True
1486608926.67
55
HO
True
1486608926.103
55
HO
True
1486608926.143
46
HO
True
1486608926.181
46
HO
True
1486608926.219
46
HO
True
1486608926.259
44
HO
True
1486608926.297
44
HO
True
1486608926.335
44
HO
True
1486608926.373
26
HB
True
1486608926.412
26
HB
True
1486608926.453
26
HB
True
1486608926.489
0
HO
False
1486608926.527
0
HO
False
1486608926.567
0
HO
False
1486608926.604
0
HO
False
1486608926.642
0
HO
False
1486608926.682
0
HO
False
1486608926.719
0
HO
False
1486608926.762
0
HO
False
1486608926.798
0
HO
False
1486608926.836
0
HO
False
1486608926.875
0
HO
False
1486608926.913
0
HO
False
1486608926.951
0
HO
False
1486608926.991
0
HO
False
1486608927.28
0
HO
False
1486608927.68
0
HO
False
1486608927.106
0
HO
False
1486608927.144
0
HO
False
1486608927.183
0
HO
False
1486608927.221
0
HO
False
1486608927.262
0
HO
False
1486608927.298
0
HO
False
1486608927.348
0
HO
False
1486608927.377
0
HO
False
1486608927.416
0
HO
False
1486608927.455
0
HO
False
1486608927.490
0
HO
False
1486608927.529
0
HO
False
1486608927.568
0
HO
False
1486608927.606
0
HO
False
1486608927.646
0
HO
False
1486608927.683
0
HO
False
1486608927.722
0
HO
False
1486608927.763
0
HO
False
1486608927.799
0
HO
False
1486608927.838
0
HO
False
1486608927.875
0
HO
False
1486608927.915
0
HO
False
1486608927.953
0
HO
False
1486608927.992
0
HO
False
1486608928.33
0
HO
False
1486608928.223
0
HO
False
1486608928.415
0
HO
False
1486608928.454
0
HO
False
1486608928.493
0
HO
False
1486608928.532
0
HO
False
1486608928.572
0
HO
False
1486608928.608
0
HO
False
1486608928.647
0
HO
False
1486608928.685
0
HO
False
1486608928.725
0
HO
False
1486608928.765
0
HO
False
1486608928.801
0
HO
False
1486608928.839
0
HO
False
1486608928.879
0
HO
False
1486608928.916
0
HO
False
1486608928.975
0
HO
False
1486608929.73
0
HO
False
1486608929.128
0
HO
False
1486608929.173
0
HO
False
1486608929.199
0
HO
False
1486608929.234
0
HO
False
1486608929.271
0
HO
False
1486608929.301
0
HO
False
1486608929.340
0
HO
False
1486608929.380
0
HO
False
1486608929.418
0
HO
False
1486608929.458
0
HO
False
1486608929.495
0
HO
False
1486608929.533
0
HO
False
1486608929.574
0
HO
False
1486608929.611
0
HO
False
1486608929.649
0
HO
False
1486608929.687
0
HO
False
1486608929.726
0
HO
False
1486608929.767
0
HO
False
1486608929.804
0
HO
False
1486608929.842
0
HO
False
1486608929.880
0
HO
False
1486608929.919
0
HO
False
1486608929.957
0
HO
False
1486608929.996
0
HO
False
1486608930.33
0
HO
False
1486608930.73
0
HO
False
1486608930.113
0
HO
False
1486608930.151
0
HO
False
1486608930.189
0
HO
False
1486608930.227
0
HO
False
1486608930.267
0
HO
False
1486608930.304
0
HO
False
1486608930.343
0
HO
False
1486608930.382
0
HO
False
1486608930.421
0
HO
False
1486608930.460
0
HO
False
1486608930.498
0
HO
False
1486608930.535
0
HO
False
1486608930.575
0
HO
False
1486608930.613
0
HO
False
1486608930.652
0
HO
False
1486608930.690
0
HO
False
1486608930.729
0
HO
False
1486608930.769
0
HO
False
1486608930.806
0
HO
False
1486608930.867
0
HO
False
1486608930.960
0
HO
False
1486608931.15
0
HO
False
1486608931.114
0
HO
False
1486608931.152
0
HO
False
1486608931.192
0
HO
False
1486608931.232
0
HO
False
1486608931.269
0
HO
False
1486608931.306
0
HO
False
1486608931.346
0
HO
False
1486608931.384
0
HO
False
1486608931.422
0
HO
False
1486608931.461
0
HO
False
1486608931.499
0
HO
False
1486608931.538
0
HO
False
1486608931.578
0
HO
False
1486608931.615
0
HO
False
1486608931.654
0
HO
False
1486608931.692
0
HO
False
1486608931.731
0
HO
False
1486608931.770
0
HO
False
1486608931.808
0
HO
False
1486608931.847
0
HO
False
1486608931.886
0
HO
False
1486608931.922
0
HO
False
1486608931.962
0
HO
False
1486608932.1
0
HO
False
1486608932.38
0
HO
False
1486608932.78
0
HO
False
1486608932.116
0
HO
False
1486608932.154
0
HO
False
1486608932.192
0
HO
False
1486608932.232
0
HO
False
1486608932.271
0
HO
False
1486608932.308
0
HO
False
1486608932.348
0
HO
False
1486608932.386
0
HO
False
1486608932.425
0
HO
False
1486608932.463
0
HO
False
1486608932.501
0
HO
False
1486608932.540
0
HO
False
1486608932.580
0
HO
False
1486608932.616
0
HO
False
1486608932.656
0
HO
False
1486608932.695
0
HO
False
1486608932.734
0
HO
False
1486608932.782
0
HO
False
1486608932.815
0
HO
False
1486608932.854
0
HO
False
1486608932.887
0
HO
False
1486608932.926
0
HO
False
1486608932.964
0
HO
False
1486608933.2
0
HO
False
1486608933.40
0
HO
False
1486608933.82
0
HO
False
1486608933.119
0
HO
False
1486608933.157
0
HO
False
1486608933.195
0
HO
False
1486608933.233
0
HO
False
1486608933.273
0
HO
False
1486608933.312
0
HO
False
1486608933.350
0
HO
False
1486608933.387
0
HO
False
1486608933.428
0
HB
True
1486608933.465
0
HB
True
1486608933.504
0
HB
True
1486608933.542
56
HB
True
1486608933.583
56
HB
True
1486608933.619
56
HB
True
1486608933.658
47
HO
True
1486608933.697
47
HO
True
1486608933.735
47
HO
True
1486608933.775
52
HO
True
1486608933.812
52
HO
True
1486608933.851
52
HO
True
1486608933.891
57
HO
True
1486608933.928
57
HO
True
1486608933.965
57
HO
True
1486608934.4
0
HO
True
1486608934.42
0
HO
True
1486608934.82
0
HO
True
1486608934.121
35
HA
True
1486608934.159
35
HA
True
1486608934.199
35
HA
True
1486608934.236
0
HA
True
1486608934.277
0
HA
True
1486608934.313
0
HA
True
1486608934.351
0
HO
False
1486608934.390
0
HO
False
1486608934.430
0
HO
False
1486608934.468
0
HO
False
1486608934.506
0
HO
False
1486608934.544
0
HO
False
1486608934.583
0
HO
False
1486608934.621
0
HO
False
1486608934.659
0
HO
False
1486608934.699
0
HO
False
1486608934.738
0
HO
False
1486608934.776
0
HO
False
1486608934.813
0
HO
False
1486608934.852
0
HO
False
1486608934.894
0
HO
False
1486608934.930
0
HO
False
1486608934.969
0
HO
False
1486608935.7
0
HO
False
1486608935.45
0
HO
False
1486608935.84
0
HO
False
1486608935.122
0
HO
False
1486608935.162
0
HO
False
1486608935.200
0
HO
False
1486608935.238
0
HO
False
1486608935.277
0
HO
False
1486608935.314
0
HO
False
1486608935.353
0
HO
False
1486608935.392
0
HO
False
1486608935.455
0
HO
False
1486608935.547
0
HO
False
1486608935.585
0
HO
False
1486608935.638
0
HO
False
1486608935.685
0
HO
False
1486608935.705
0
HO
False
1486608935.743
0
HO
False
1486608935.782
0
HO
False
1486608935.817
0
HO
False
1486608935.855
0
HO
False
1486608935.895
0
HO
False
1486608935.931
0
HO
False
1486608935.973
0
HO
False
1486608936.9
0
HO
False
1486608936.47
0
HO
False
1486608936.87
0
HO
False
1486608936.124
0
HO
False
1486608936.163
0
HO
False
1486608936.202
0
HO
False
1486608936.240
0
HO
False
1486608936.280
0
HO
False
1486608936.317
0
HO
False
1486608936.355
0
HO
False
1486608936.394
0
HO
False
1486608936.432
0
HO
False
1486608936.475
0
HO
False
1486608936.511
0
HO
False
1486608936.703
0
HO
False
1486608936.741
0
HO
False
1486608936.795
0
HO
False
1486608936.843
0
HO
False
1486608936.945
0
HO
False
1486608937.3
0
HO
False
1486608937.30
0
HO
False
1486608937.53
0
HO
False
1486608937.86
0
HO
False
1486608937.127
0
HO
False
1486608937.165
0
HO
False
1486608937.205
0
HO
False
1486608937.242
0
HO
False
1486608937.282
0
HO
False
1486608937.320
0
HO
False
1486608937.357
0
HO
False
1486608937.397
0
HO
False
1486608937.435
0
HO
False
1486608937.627
0
HO
False
1486608937.666
0
HO
False
1486608937.704
0
HO
False
1486608937.744
0
HO
False
1486608937.782
0
HO
False
1486608937.822
0
HO
False
1486608937.859
0
HO
False
1486608937.897
0
HO
False
1486608937.936
0
HO
False
1486608937.977
0
HO
False
1486608938.13
0
HO
False
1486608938.51
0
HO
False
1486608938.90
0
HO
False
1486608938.128
0
HO
False
1486608938.167
0
HO
False
1486608938.207
0
HO
False
1486608938.244
0
HO
False
1486608938.284
0
HA
True
1486608938.321
0
HA
True
1486608938.359
0
HA
True
1486608938.400
56
HA
True
1486608938.437
56
HA
True
1486608938.477
56
HA
True
1486608938.515
47
HA
True
1486608938.553
47
HA
True
1486608938.592
47
HA
True
1486608938.631
60
HO
True
1486608938.669
60
HO
True
1486608938.707
60
HO
True
1486608938.747
48
HO
True
1486608938.786
48
HO
True
1486608938.822
48
HO
True
1486608938.861
46
HO
True
1486608938.898
46
HO
True
1486608938.938
46
HO
True
1486608938.978
50
HO
True
1486608939.15
50
HO
True
1486608939.54
50
HO
True
1486608939.92
41
HB
True
1486608939.130
41
HB
True
1486608939.169
41
HB
True
1486608939.207
0
HB
True
1486608939.246
0
HB
True
1486608939.286
0
HB
True
1486608939.323
0
HO
False
1486608939.362
0
HO
False
1486608939.402
0
HO
False
1486608939.439
0
HO
False
1486608939.479
0
HO
False
1486608939.517
0
HO
False
1486608939.556
0
HO
False
1486608939.594
0
HO
False
1486608939.632
0
HO
False
1486608939.670
0
HO
False
1486608939.709
0
HO
False
1486608939.748
0
HO
False
1486608939.787
0
HO
False
1486608939.826
0
HO
False
1486608939.864
0
HO
False
1486608939.901
0
HO
False
1486608939.940
0
HO
False
1486608939.981
0
HO
False
1486608940.17
0
HO
False
1486608940.58
0
HO
False
1486608940.94
0
HO
False
1486608940.133
0
HO
False
1486608940.171
0
HO
False
1486608940.210
0
HO
False
1486608940.250
0
HO
False
1486608940.287
0
HO
False
1486608940.326
0
HO
False
1486608940.363
0
HO
False
1486608940.404
0
HO
False
1486608940.441
0
HO
False
1486608940.482
0
HO
False
1486608940.518
0
HO
False
1486608940.557
0
HO
False
1486608940.596
0
HO
False
1486608940.634
0
HO
False
1486608940.672
0
HO
False
1486608940.712
0
HO
False
1486608940.749
0
HO
False
1486608940.789
0
HO
False
1486608940.826
0
HO
False
1486608940.865
0
HO
False
1486608940.904
0
HO
False
1486608940.943
0
HO
False
1486608940.983
0
HO
False
1486608941.19
0
HO
False
1486608941.58
0
HO
False
1486608941.96
0
HO
False
1486608941.135
0
HO
False
1486608941.173
0
HO
False
1486608941.212
0
HO
False
1486608941.261
0
HO
False
1486608941.293
0
HO
False
1486608941.328
0
HO
False
1486608941.367
0
HO
False
1486608941.405
0
HO
False
1486608941.443
0
HO
False
1486608941.483
0
HO
False
1486608941.520
0
HO
False
1486608941.558
0
HO
False
1486608941.598
0
HO
False
1486608941.636
0
HO
False
1486608941.677
0
HO
False
1486608941.713
0
HO
False
1486608941.909
0
HO
False
1486608941.963
0
HO
False
1486608942.10
0
HO
False
1486608942.37
0
HO
False
1486608942.63
0
HO
False
1486608942.98
0
HO
False
1486608942.137
0
HO
False
1486608942.178
0
HO
False
1486608942.214
0
HO
False
1486608942.255
0
HO
False
1486608942.445
0
HO
False
1486608942.488
0
HO
False
1486608942.522
0
HO
False
1486608942.560
0
HO
False
1486608942.600
0
HO
False
1486608942.638
0
HO
False
1486608942.677
0
HO
False
1486608942.715
0
HO
False
1486608942.764
0
HO
False
1486608942.816
0
HO
False
1486608942.859
0
HO
False
1486608942.947
0
HO
False
1486608942.987
0
HO
False
1486608943.24
0
HO
False
1486608943.61
0
HO
False
1486608943.101
0
HO
False
1486608943.138
0
HO
False
1486608943.178
0
HO
False
1486608943.215
0
HO
False
1486608943.254
0
HO
False
1486608943.295
0
HO
False
1486608943.332
0
HO
False
1486608943.370
0
HO
False
1486608943.427
0
HO
False
1486608943.524
0
HO
False
1486608943.564
0
HO
False
1486608943.602
0
HO
False
1486608943.654
0
HO
False
1486608943.709
0
HO
False
1486608943.743
0
HO
False
1486608943.773
0
HO
False
1486608943.796
0
HO
False
1486608943.832
0
HO
False
1486608943.873
0
HO
False
1486608943.910
0
HO
False
1486608943.949
0
HO
False
1486608943.990
0
HO
False
1486608944.26
0
HO
False
1486608944.64
0
HO
False
1486608944.103
0
HO
False
1486608944.143
0
HO
False
1486608944.180
0
HO
False
1486608944.219
0
HO
False
1486608944.257
0
HO
False
1486608944.296
0
HO
False
1486608944.334
0
HO
False
1486608944.373
0
HO
False
1486608944.410
0
HO
False
1486608944.450
0
HO
False
1486608944.489
0
HO
False
1486608944.527
0
HO
False
1486608944.565
0
HO
False
1486608944.604
0
HO
False
1486608944.642
0
HO
False
1486608944.681
0
HO
False
1486608944.727
0
HO
False
1486608944.759
0
HO
False
1486608944.950
0
HO
False
1486608944.993
0
HO
False
1486608945.30
0
HO
False
1486608945.66
0
HO
False
1486608945.106
0
HO
False
1486608945.143
0
HO
False
1486608945.181
0
HO
False
1486608945.221
0
HO
False
1486608945.258
0
HO
False
1486608945.301
0
HO
False
1486608945.335
0
HO
False
1486608945.376
0
HO
False
1486608945.414
0
HO
False
1486608945.452
0
HO
False
1486608945.489
0
HO
False
1486608945.528
0
HO
False
1486608945.568
0
HO
False
1486608945.606
0
HO
False
1486608945.645
0
HO
False
1486608945.684
0
HO
False
1486608945.722
0
HO
False
1486608945.759
0
HO
False
1486608945.801
0
HO
False
1486608945.838
0
HO
False
1486608945.876
0
HO
False
1486608945.916
0
HO
False
1486608945.953
0
HO
False
1486608945.992
0
HO
False
1486608946.30
0
HO
False
1486608946.68
0
HO
False
1486608946.109
0
HO
False
1486608946.146
0
HO
False
1486608946.184
0
HO
False
1486608946.229
0
HO
False
1486608946.261
0
HB
True
1486608946.302
0
HB
True
1486608946.339
0
HB
True
1486608946.377
47
HO
True
1486608946.415
47
HO
True
1486608946.453
47
HO
True
1486608946.493
56
HO
True
1486608946.530
56
HO
True
1486608946.569
56
HO
True
1486608946.609
46
HO
True
1486608946.647
46
HO
True
1486608946.685
46
HO
True
1486608946.724
55
HO
True
1486608946.763
55
HO
True
1486608946.801
55
HO
True
1486608946.839
42
HO
True
1486608946.878
42
HO
True
1486608946.916
42
HO
True
1486608946.956
44
HO
True
1486608946.994
44
HO
True
1486608947.31
44
HO
True
1486608947.71
0
HA
True
1486608947.111
0
HA
True
1486608947.147
0
HA
True
1486608947.186
0
HO
False
1486608947.224
0
HO
False
1486608947.263
0
HO
False
1486608947.304
0
HO
False
1486608947.340
0
HO
False
1486608947.380
0
HO
False
1486608947.418
0
HO
False
1486608947.456
0
HO
False
1486608947.494
0
HO
False
1486608947.532
0
HO
False
1486608947.572
0
HO
False
1486608947.612
0
HO
False
1486608947.649
0
HO
False
1486608947.687
0
HO
False
1486608947.732
0
HO
False
1486608947.763
0
HO
False
1486608947.805
0
HO
False
1486608947.841
0
HO
False
1486608947.879
0
HO
False
1486608947.920
0
HO
False
1486608947.956
0
HO
False
1486608947.995
0
HO
False
1486608948.33
0
HO
False
1486608948.72
0
HO
False
1486608948.114
0
HO
False
1486608948.149
0
HO
False
1486608948.189
0
HO
False
1486608948.227
0
HO
False
1486608948.283
0
HO
False
1486608948.332
0
HO
False
1486608948.359
0
HO
False
1486608948.383
0
HO
False
1486608948.433
0
HO
False
1486608948.534
0
HO
False
1486608948.574
0
HO
False
1486608948.613
0
HO
False
1486608948.651
0
HO
False
1486608948.690
0
HO
False
1486608948.728
0
HO
False
1486608948.767
0
HO
False
1486608948.805
0
HO
False
1486608948.843
0
HO
False
1486608948.881
0
HO
False
1486608948.922
0
HO
False
1486608948.959
0
HO
False
1486608948.997
0
HO
False
1486608949.35
0
HO
False
1486608949.76
0
HO
False
1486608949.115
0
HO
False
1486608949.151
0
HO
False
1486608949.190
0
HO
False
1486608949.234
0
HO
False
1486608949.266
0
HO
False
1486608949.305
0
HO
False
1486608949.344
0
HO
False
1486608949.383
0
HO
False
1486608949.423
0
HO
False
1486608949.460
0
HO
False
1486608949.498
0
HO
False
1486608949.536
0
HO
False
1486608949.575
0
HO
False
1486608949.616
0
HO
False
1486608949.653
0
HO
False
1486608949.690
0
HO
False
1486608949.731
0
HO
False
1486608949.768
0
HO
False
1486608949.808
0
HO
False
1486608949.845
0
HO
False
1486608949.884
0
HO
False
1486608949.924
0
HO
False
1486608949.961
0
HO
False
1486608950.20
0
HO
False
1486608950.117
0
HO
False
1486608950.165
0
HO
False
1486608950.269
0
HO
False
1486608950.306
0
HO
False
1486608950.347
0
HO
False
1486608950.386
0
HO
False
1486608950.424
0
HO
False
1486608950.462
0
HO
False
1486608950.500
0
HO
False
1486608950.538
0
HO
False
1486608950.577
0
HO
False
1486608950.616
0
HO
False
1486608950.654
0
HO
False
1486608950.694
0
HO
False
1486608950.740
0
HO
False
1486608950.771
0
HO
False
1486608950.810
0
HO
False
1486608950.847
0
HO
False
1486608950.886
0
HO
False
1486608950.925
0
HO
False
1486608950.963
0
HO
False
1486608951.2
0
HO
False
1486608951.40
0
HO
False
1486608951.79
0
HO
False
1486608951.117
0
HO
False
1486608951.157
0
HO
False
1486608951.195
0
HO
False
1486608951.235
0
HO
False
1486608951.271
0
HO
False
1486608951.311
0
HO
False
1486608951.350
0
HO
False
1486608951.387
0
HO
False
1486608951.427
0
HO
False
1486608951.464
0
HA
True
1486608951.503
0
HA
True
1486608951.540
0
HA
True
1486608951.580
50
HA
True
1486608951.619
50
HA
True
1486608951.657
50
HA
True
1486608951.696
47
HA
True
1486608951.736
47
HA
True
1486608951.774
47
HA
True
1486608951.811
57
HO
True
1486608951.849
57
HO
True
1486608951.888
57
HO
True
1486608951.928
51
HO
True
1486608951.965
51
HO
True
1486608952.4
51
HO
True
1486608952.42
55
HO
True
1486608952.80
55
HO
True
1486608952.123
55
HO
True
1486608952.158
47
HO
True
1486608952.196
47
HO
True
1486608952.243
47
HO
True
1486608952.272
41
HB
True
1486608952.312
41
HB
True
1486608952.350
41
HB
True
1486608952.388
0
HB
True
1486608952.430
0
HB
True
1486608952.466
0
HB
True
1486608952.505
0
HO
False
1486608952.544
0
HO
False
1486608952.582
0
HO
False
1486608952.622
0
HO
False
1486608952.658
0
HO
False
1486608952.698
0
HO
False
1486608952.746
0
HO
False
1486608952.784
0
HO
False
1486608952.827
0
HO
False
1486608952.852
0
HO
False
1486608952.888
0
HO
False
1486608952.935
0
HO
False
1486608952.965
0
HO
False
1486608953.6
0
HO
False
1486608953.44
0
HO
False
1486608953.83
0
HO
False
1486608953.124
0
HO
False
1486608953.161
0
HO
False
1486608953.198
0
HO
False
1486608953.238
0
HO
False
1486608953.276
0
HO
False
1486608953.314
0
HO
False
1486608953.355
0
HO
False
1486608953.392
0
HO
False
1486608953.431
0
HO
False
1486608953.468
0
HO
False
1486608953.509
0
HO
False
1486608953.546
0
HO
False
1486608953.584
0
HO
False
1486608953.623
0
HO
False
1486608953.662
0
HO
False
1486608953.700
0
HO
False
1486608953.746
0
HO
False
1486608953.779
0
HO
False
1486608953.816
0
HO
False
1486608953.856
0
HO
False
1486608953.892
0
HO
False
1486608953.934
0
HO
False
1486608953.969
0
HO
False
1486608954.9
0
HO
False
1486608954.51
0
HO
False
1486608954.84
0
HO
False
1486608954.123
0
HO
False
1486608954.163
0
HO
False
1486608954.201
0
HO
False
1486608954.240
0
HO
False
1486608954.278
0
HO
False
1486608954.316
0
HO
False
1486608954.355
0
HO
False
1486608954.394
0
HO
False
1486608954.434
0
HO
False
1486608954.470
0
HO
False
1486608954.509
0
HO
False
1486608954.548
0
HO
False
1486608954.587
0
HO
False
1486608954.626
0
HO
False
1486608954.664
0
HO
False
1486608954.702
0
HO
False
1486608954.743
0
HO
False
1486608954.779
0
HO
False
1486608954.818
0
HO
False
1486608954.855
0
HO
False
1486608954.896
0
HO
False
1486608954.934
0
HO
False
1486608954.971
0
HO
False
1486608955.30
0
HO
False
1486608955.74
0
HO
False
1486608955.113
0
HO
False
1486608955.130
0
HO
False
1486608955.177
0
HO
False
1486608955.230
0
HO
False
1486608955.264
0
HO
False
1486608955.287
0
HO
False
1486608955.319
0
HO
False
1486608955.355
0
HO
False
1486608955.396
0
HO
False
1486608955.436
0
HO
False
1486608955.473
0
HO
False
1486608955.512
0
HO
False
1486608955.550
0
HO
False
1486608955.587
0
HO
False
1486608955.627
0
HO
False
1486608955.666
0
HO
False
1486608955.704
0
HO
False
1486608955.745
0
HO
False
1486608955.780
0
HO
False
1486608955.820
0
HO
False
1486608955.858
0
HO
False
1486608955.898
0
HO
False
1486608955.937
0
HO
False
1486608955.973
0
HO
False
1486608956.12
0
HO
False
1486608956.50
0
HO
False
1486608956.90
0
HO
False
1486608956.128
0
HO
False
1486608956.166
0
HO
False
1486608956.205
0
HO
False
1486608956.245
0
HO
False
1486608956.281
0
HO
False
1486608956.321
0
HO
False
1486608956.359
0
HO
False
1486608956.397
0
HO
False
1486608956.436
0
HO
False
1486608956.474
0
HO
False
1486608956.513
0
HO
False
1486608956.551
0
HO
False
1486608956.590
0
HO
False
1486608956.628
0
HO
False
1486608956.668
0
HO
False
1486608956.706
0
HO
False
1486608956.754
0
HO
False
1486608956.808
0
HO
False
1486608956.976
0
HO
False
1486608957.18
0
HO
False
1486608957.55
0
HO
False
1486608957.91
0
HO
False
1486608957.130
0
HO
False
1486608957.168
0
HO
False
1486608957.208
0
HO
False
1486608957.247
0
HO
False
1486608957.284
0
HO
False
1486608957.322
0
HO
False
1486608957.362
0
HO
False
1486608957.400
0
HO
False
1486608957.440
0
HO
False
1486608957.477
0
HO
False
1486608957.516
0
HO
False
1486608957.555
0
HO
False
1486608957.593
0
HO
False
1486608957.631
0
HO
False
1486608957.670
0
HO
False
1486608957.708
0
HO
False
1486608957.747
0
HO
False
1486608957.784
0
HO
False
1486608957.825
0
HO
False
1486608957.861
0
HO
False
1486608957.900
0
HO
False
1486608957.940
0
HO
False
1486608957.979
0
HO
False
1486608958.17
0
HO
False
1486608958.57
0
HO
False
1486608958.94
0
HO
False
1486608958.132
0
HO
False
1486608958.181
0
HO
False
1486608958.218
0
HO
False
1486608958.271
0
HO
False
1486608958.291
0
HO
False
1486608958.325
0
HO
False
1486608958.366
0
HO
False
1486608958.402
0
HO
False
1486608958.440
0
HO
False
1486608958.479
0
HO
False
1486608958.518
0
HO
False
1486608958.557
0
HO
False
1486608958.594
0
HO
False
1486608958.633
0
HO
False
1486608958.675
0
HO
False
1486608958.713
0
HO
False
1486608958.748
0
HO
False
1486608958.787
0
HO
False
1486608958.827
0
HO
False
1486608958.866
0
HO
False
1486608958.902
0
HO
False
1486608958.942
0
HO
False
1486608958.979
0
HO
False
1486608959.18
0
HO
False
1486608959.59
0
HO
False
1486608959.95
0
HO
False
1486608959.134
0
HO
False
1486608959.172
0
HO
False
1486608959.212
0
HO
False
1486608959.249
0
HO
False
1486608959.287
0
HO
False
1486608959.327
0
HO
False
1486608959.385
0
HO
False
1486608959.415
0
HO
False
1486608959.447
0
HO
False
1486608959.485
0
HO
False
1486608959.519
0
HO
False
1486608959.559
0
HO
False
1486608959.596
0
HO
False
1486608959.637
0
HO
False
1486608959.674
0
HB
True
1486608959.713
0
HB
True
1486608959.760
0
HB
True
1486608959.790
56
HB
True
1486608959.828
56
HB
True
1486608959.869
56
HB
True
1486608959.908
47
HO
True
1486608959.944
47
HO
True
1486608959.983
47
HO
True
1486608960.21
58
HO
True
1486608960.61
58
HO
True
1486608960.97
58
HO
True
1486608960.136
58
HO
True
1486608960.174
58
HO
True
1486608960.214
58
HO
True
1486608960.252
56
HO
True
1486608960.290
56
HO
True
1486608960.330
56
HO
True
1486608960.369
32
HA
True
1486608960.405
32
HA
True
1486608960.456
32
HA
True
1486608960.497
0
HO
False
1486608960.521
0
HO
False
1486608960.559
0
HO
False
1486608960.601
0
HO
False
1486608960.638
0
HO
False
1486608960.677
0
HO
False
1486608960.715
0
HO
False
1486608960.753
0
HO
False
1486608960.791
0
HO
False
1486608960.830
0
HO
False
1486608960.870
0
HO
False
1486608960.907
0
HO
False
1486608960.947
0
HO
False
1486608960.987
0
HO
False
1486608961.43
0
HO
False
1486608961.88
0
HO
False
1486608961.114
0
HO
False
1486608961.138
0
HO
False
1486608961.183
0
HO
False
1486608961.217
0
HO
False
1486608961.259
0
HO
False
1486608961.293
0
HO
False
1486608961.330
0
HO
False
1486608961.372
0
HO
False
1486608961.408
0
HO
False
1486608961.446
0
HO
False
1486608961.486
0
HO
False
1486608961.524
0
HO
False
1486608961.582
0
HO
False
1486608961.617
0
HO
False
1486608961.643
0
HO
False
1486608961.760
0
HO
False
1486608961.794
0
HO
False
1486608961.844
0
HO
False
1486608961.947
0
HO
False
1486608961.988
0
HO
False
1486608962.26
0
HO
False
1486608962.64
0
HO
False
1486608962.104
0
HO
False
1486608962.140
0
HO
False
1486608962.180
0
HO
False
1486608962.217
0
HO
False
1486608962.256
0
HO
False
1486608962.294
0
HO
False
1486608962.333
0
HO
False
1486608962.372
0
HO
False
1486608962.410
0
HO
False
1486608962.449
0
HO
False
1486608962.489
0
HO
False
1486608962.526
0
HO
False
1486608962.564
0
HO
False
1486608962.603
0
HO
False
1486608962.641
0
HO
False
1486608962.682
0
HO
False
1486608962.721
0
HO
False
1486608962.774
0
HO
False
1486608962.810
0
HO
False
1486608962.835
0
HO
False
1486608962.879
0
HO
False
1486608962.916
0
HO
False
1486608962.951
0
HO
False
1486608962.989
0
HO
False
1486608963.27
0
HO
False
1486608963.66
0
HO
False
1486608963.105
0
HO
False
1486608963.141
0
HO
False
1486608963.183
0
HO
False
1486608963.220
0
HO
False
1486608963.258
0
HO
False
1486608963.297
0
HO
False
1486608963.363
0
HO
False
1486608963.402
0
HO
False
1486608963.429
0
HO
False
1486608963.461
0
HO
False
1486608963.489
0
HO
False
1486608963.547
0
HO
False
1486608963.721
0
HO
False
1486608963.759
0
HO
False
1486608963.798
0
HO
False
1486608963.836
0
HO
False
1486608963.875
0
HO
False
1486608963.913
0
HO
False
1486608963.952
0
HO
False
1486608963.992
0
HO
False
1486608964.28
0
HO
False
1486608964.68
0
HO
False
1486608964.105
0
HO
False
1486608964.144
0
HO
False
1486608964.185
0
HO
False
1486608964.221
0
HO
False
1486608964.262
0
HO
False
1486608964.298
0
HO
False
1486608964.336
0
HO
False
1486608964.376
0
HO
False
1486608964.414
0
HO
False
1486608964.453
0
HO
False
1486608964.494
0
HO
False
1486608964.530
0
HO
False
1486608964.569
0
HO
False
1486608964.607
0
HO
False
1486608964.646
0
HA
True
1486608964.837
59
HA
True
1486608964.877
50
HA
True
1486608964.917
50
HA
True
1486608964.954
50
HA
True
1486608964.996
60
HO
True
1486608965.31
60
HO
True
1486608965.69
60
HO
True
1486608965.108
55
HO
True
1486608965.146
55
HO
True
1486608965.188
55
HO
True
1486608965.224
43
HO
True
1486608965.263
43
HO
True
1486608965.302
43
HO
True
1486608965.340
44
HO
True
1486608965.378
44
HO
True
1486608965.417
44
HO
True
1486608965.456
0
HB
True
1486608965.495
0
HB
True
1486608965.531
0
HB
True
1486608965.570
0
HB
True
1486608965.610
0
HB
True
1486608965.648
0
HB
True
1486608965.687
0
HO
False
1486608965.724
0
HO
False
1486608965.764
0
HO
False
1486608965.802
0
HO
False
1486608965.840
0
HO
False
1486608965.878
0
HO
False
1486608965.917
0
HO
False
1486608965.955
0
HO
False
1486608965.997
0
HO
False
1486608966.33
0
HO
False
1486608966.72
0
HO
False
1486608966.111
0
HO
False
1486608966.149
0
HO
False
1486608966.186
0
HO
False
1486608966.225
0
HO
False
1486608966.266
0
HO
False
1486608966.305
0
HO
False
1486608966.341
0
HO
False
1486608966.381
0
HO
False
1486608966.418
0
HO
False
1486608966.456
0
HO
False
1486608966.499
0
HO
False
1486608966.533
0
HO
False
1486608966.573
0
HO
False
1486608966.612
0
HO
False
1486608966.650
0
HO
False
1486608966.689
0
HO
False
1486608966.727
0
HO
False
1486608966.764
0
HO
False
1486608966.806
0
HO
False
1486608966.842
0
HO
False
1486608966.882
0
HO
False
1486608966.921
0
HO
False
1486608966.958
0
HO
False
1486608966.999
0
HO
False
1486608967.34
0
HO
False
1486608967.74
0
HO
False
1486608967.112
0
HO
False
1486608967.150
0
HO
False
1486608967.190
0
HO
False
1486608967.228
0
HO
False
1486608967.270
0
HO
False
1486608967.308
0
HO
False
1486608967.344
0
HO
False
1486608967.383
0
HO
False
1486608967.421
0
HO
False
1486608967.459
0
HO
False
1486608967.500
0
HO
False
1486608967.535
0
HO
False
1486608967.574
0
HO
False
1486608967.614
0
HO
False
1486608967.653
0
HO
False
1486608967.690
0
HO
False
1486608967.731
0
HO
False
1486608967.768
0
HO
False
1486608967.808
0
HO
False
1486608967.845
0
HO
False
1486608967.883
0
HO
False
1486608967.942
0
HO
False
1486608967.988
0
HO
False
1486608968.77
0
HO
False
1486608968.116
0
HO
False
1486608968.168
0
HO
False
1486608968.216
0
HO
False
1486608968.253
0
HO
False
1486608968.280
0
HO
False
1486608968.306
0
HO
False
1486608968.346
0
HO
False
1486608968.383
0
HO
False
1486608968.423
0
HO
False
1486608968.463
0
HO
False
1486608968.501
0
HO
False
1486608968.537
0
HO
False
1486608968.578
0
HO
False
1486608968.617
0
HO
False
1486608968.653
0
HO
False
1486608968.692
0
HO
False
1486608968.730
0
HO
False
1486608968.771
0
HO
False
1486608968.811
0
HO
False
1486608968.846
0
HO
False
1486608968.885
0
HO
False
1486608968.923
0
HO
False
1486608968.963
0
HO
False
1486608969.1
0
HO
False
1486608969.39
0
HO
False
1486608969.78
0
HO
False
1486608969.119
0
HO
False
1486608969.155
0
HO
False
1486608969.193
0
HO
False
1486608969.232
0
HO
False
1486608969.272
0
HO
False
1486608969.311
0
HO
False
1486608969.348
0
HO
False
1486608969.387
0
HO
False
1486608969.426
0
HO
False
1486608969.463
0
HO
False
1486608969.501
0
HO
False
1486608969.540
0
HO
False
1486608969.579
0
HO
False
1486608969.619
0
HO
False
1486608969.657
0
HO
False
1486608969.695
0
HO
False
1486608969.886
0
HO
False
1486608970.81
0
HO
False
1486608970.121
0
HO
False
1486608970.157
0
HO
False
1486608970.196
0
HO
False
1486608970.235
0
HO
False
1486608970.278
0
HO
False
1486608970.312
0
HO
False
1486608970.351
0
HO
False
1486608970.389
0
HO
False
1486608970.429
0
HO
False
1486608970.466
0
HO
False
1486608970.505
0
HO
False
1486608970.543
0
HO
False
1486608970.581
0
HO
False
1486608970.621
0
HO
False
1486608970.658
0
HO
False
1486608970.696
0
HO
False
1486608970.734
0
HO
False
1486608970.774
0
HO
False
1486608970.812
0
HO
False
1486608970.851
0
HO
False
1486608970.889
0
HO
False
1486608970.930
0
HO
False
1486608970.967
0
HO
False
1486608971.6
0
HO
False
1486608971.44
0
HO
False
1486608971.84
0
HO
False
1486608971.124
0
HO
False
1486608971.159
0
HO
False
1486608971.197
0
HO
False
1486608971.236
0
HO
False
1486608971.274
0
HO
False
1486608971.327
0
HO
False
1486608971.354
0
HO
False
1486608971.390
0
HO
False
1486608971.431
0
HO
False
1486608971.468
0
HO
False
1486608971.508
0
HO
False
1486608971.546
0
HO
False
1486608971.583
0
HO
False
1486608971.626
0
HO
False
1486608971.661
0
HO
False
1486608971.700
0
HO
False
1486608971.739
0
HO
False
1486608971.778
0
HO
False
1486608971.815
0
HO
False
1486608971.852
0
HO
False
1486608971.893
0
HO
False
1486608971.932
0
HO
False
1486608971.968
0
HO
False
1486608972.7
0
HO
False
1486608972.46
0
HO
False
1486608972.84
0
HO
False
1486608972.124
0
HO
False
1486608972.160
0
HO
False
1486608972.199
0
HO
False
1486608972.240
0
HO
False
1486608972.282
0
HO
False
1486608972.318
0
HO
False
1486608972.354
0
HO
False
1486608972.393
0
HO
False
1486608972.433
0
HO
False
1486608972.469
0
HO
False
1486608972.509
0
HO
False
1486608972.546
0
HO
False
1486608972.585
0
HO
False
1486608972.623
0
HO
False
1486608972.662
0
HO
False
1486608972.701
0
HO
False
1486608972.741
0
HO
False
1486608972.797
0
HO
False
1486608972.834
0
HO
False
1486608972.874
0
HO
False
1486608972.903
0
HO
False
1486608972.935
0
HO
False
1486608972.974
53
HB
True
1486608973.12
53
HB
True
1486608973.46
53
HB
True
1486608973.86
44
HO
True
1486608973.125
44
HO
True
1486608973.164
44
HO
True
1486608973.201
58
HO
True
1486608973.242
58
HO
True
1486608973.279
58
HO
True
1486608973.317
49
HO
True
1486608973.357
49
HO
True
1486608973.396
49
HO
True
1486608973.435
42
HO
True
1486608973.472
42
HO
True
1486608973.511
42
HO
True
1486608973.548
47
HO
True
1486608973.587
47
HO
True
1486608973.627
47
HO
True
1486608973.664
0
HA
True
1486608973.703
0
HA
True
1486608973.744
0
HA
True
1486608973.780
0
HO
False
1486608973.818
0
HO
False
1486608973.857
0
HO
False
1486608973.897
0
HO
False
1486608973.936
0
HO
False
1486608973.973
0
HO
False
1486608974.12
0
HO
False
1486608974.49
0
HO
False
1486608974.90
0
HO
False
1486608974.128
0
HO
False
1486608974.165
0
HO
False
1486608974.204
0
HO
False
1486608974.244
0
HO
False
1486608974.281
0
HO
False
1486608974.319
0
HO
False
1486608974.358
0
HO
False
1486608974.397
0
HO
False
1486608974.437
0
HO
False
1486608974.474
0
HO
False
1486608974.512
0
HO
False
1486608974.554
0
HO
False
1486608974.590
0
HO
False
1486608974.628
0
HO
False
1486608974.666
0
HO
False
1486608974.706
0
HO
False
1486608974.747
0
HO
False
1486608974.785
0
HO
False
1486608974.821
0
HO
False
1486608974.860
0
HO
False
1486608974.897
0
HO
False
1486608974.937
0
HO
False
1486608974.974
0
HO
False
1486608975.14
0
HO
False
1486608975.53
0
HO
False
1486608975.90
0
HO
False
1486608975.129
0
HO
False
1486608975.168
0
HO
False
1486608975.225
0
HO
False
1486608975.321
0
HO
False
1486608975.379
0
HO
False
1486608975.476
0
HO
False
1486608975.514
0
HO
False
1486608975.554
0
HO
False
1486608975.591
0
HO
False
1486608975.629
0
HO
False
1486608975.669
0
HO
False
1486608975.709
0
HO
False
1486608975.747
0
HO
False
1486608975.783
0
HO
False
1486608975.822
0
HO
False
1486608975.863
0
HO
False
1486608975.900
0
HO
False
1486608975.940
0
HO
False
1486608975.977
0
HO
False
1486608976.15
0
HO
False
1486608976.56
0
HO
False
1486608976.93
0
HO
False
1486608976.132
0
HO
False
1486608976.170
0
HO
False
1486608976.208
0
HO
False
1486608976.251
0
HO
False
1486608976.287
0
HO
False
1486608976.323
0
HO
False
1486608976.363
0
HO
False
1486608976.402
0
HO
False
1486608976.439
0
HO
False
1486608976.478
0
HO
False
1486608976.517
0
HO
False
1486608976.709
0
HO
False
1486608976.749
0
HO
False
1486608976.800
0
HO
False
1486608976.903
0
HO
False
1486608976.940
0
HO
False
1486608977.0
0
HO
False
1486608977.49
0
HO
False
1486608977.68
0
HO
False
1486608977.94
0
HO
False
1486608977.135
0
HO
False
1486608977.173
0
HO
False
1486608977.211
0
HO
False
1486608977.251
0
HO
False
1486608977.287
0
HO
False
1486608977.326
0
HO
False
1486608977.364
0
HO
False
1486608977.402
0
HO
False
1486608977.444
0
HO
False
1486608977.479
0
HO
False
1486608977.518
0
HO
False
1486608977.558
0
HO
False
1486608977.596
0
HO
False
1486608977.635
0
HO
False
1486608977.674
0
HO
False
1486608977.715
0
HO
False
1486608977.751
0
HO
False
1486608977.792
0
HO
False
1486608977.826
0
HO
False
1486608977.865
0
HO
False
1486608977.904
0
HO
False
1486608977.943
0
HO
False
1486608977.981
0
HO
False
1486608978.20
0
HO
False
1486608978.59
0
HA
True
1486608978.96
0
HA
True
1486608978.136
0
HA
True
1486608978.174
59
HA
True
1486608978.212
59
HA
True
1486608978.252
59
HA
True
1486608978.289
60
HO
True
1486608978.328
60
HO
True
1486608978.366
60
HO
True
1486608978.405
51
HO
True
1486608978.446
51
HO
True
1486608978.482
51
HO
True
1486608978.521
55
HO
True
1486608978.558
55
HO
True
1486608978.598
55
HO
True
1486608978.636
56
HO
True
1486608978.676
56
HO
True
1486608978.712
56
HO
True
1486608978.753
38
HB
True
1486608978.790
38
HB
True
1486608978.829
38
HB
True
1486608978.869
0
HB
True
1486608978.906
0
HB
True
1486608978.946
0
HB
True
1486608978.983
0
HO
False
1486608979.22
0
HO
False
1486608979.60
0
HO
False
1486608979.98
0
HO
False
1486608979.137
0
HO
False
1486608979.176
0
HO
False
1486608979.215
0
HO
False
1486608979.255
0
HO
False
1486608979.295
0
HO
False
1486608979.329
0
HO
False
1486608979.368
0
HO
False
1486608979.407
0
HO
False
1486608979.447
0
HO
False
1486608979.484
0
HO
False
1486608979.522
0
HO
False
1486608979.561
0
HO
False
1486608979.600
0
HO
False
1486608979.641
0
HO
False
1486608979.678
0
HO
False
1486608979.715
0
HO
False
1486608979.756
0
HO
False
1486608979.791
0
HO
False
1486608979.831
0
HO
False
1486608979.870
0
HO
False
1486608979.907
0
HO
False
1486608979.948
0
HO
False
1486608979.986
0
HO
False
1486608980.24
0
HO
False
1486608980.65
0
HO
False
1486608980.101
0
HO
False
1486608980.139
0
HO
False
1486608980.179
0
HO
False
1486608980.217
0
HO
False
1486608980.256
0
HO
False
1486608980.294
0
HO
False
1486608980.332
0
HO
False
1486608980.378
0
HO
False
1486608980.407
0
HO
False
1486608980.447
0
HO
False
1486608980.486
0
HO
False
1486608980.525
0
HO
False
1486608980.565
0
HO
False
1486608980.601
0
HO
False
1486608980.642
0
HO
False
1486608980.679
0
HO
False
1486608980.718
0
HO
False
1486608980.757
0
HO
False
1486608980.797
0
HO
False
1486608980.833
0
HO
False
1486608980.872
0
HO
False
1486608980.911
0
HO
False
1486608980.949
0
HO
False
1486608980.986
0
HO
False
1486608981.27
0
HO
False
1486608981.67
0
HO
False
1486608981.102
0
HO
False
1486608981.141
0
HO
False
1486608981.180
0
HO
False
1486608981.219
0
HO
False
1486608981.258
0
HO
False
1486608981.296
0
HO
False
1486608981.334
0
HO
False
1486608981.374
0
HO
False
1486608981.411
0
HO
False
1486608981.449
0
HO
False
1486608981.489
0
HO
False
1486608981.527
0
HO
False
1486608981.568
0
HO
False
1486608981.604
0
HO
False
1486608981.643
0
HO
False
1486608981.682
0
HO
False
1486608981.724
0
HO
False
1486608981.762
0
HO
False
1486608981.821
0
HO
False
1486608981.861
0
HO
False
1486608981.901
0
HO
False
1486608981.923
0
HO
False
1486608981.949
0
HO
False
1486608982.13
0
HO
False
1486608982.106
0
HO
False
1486608982.144
0
HO
False
1486608982.182
0
HO
False
1486608982.221
0
HO
False
1486608982.261
0
HO
False
1486608982.300
0
HO
False
1486608982.337
0
HO
False
1486608982.374
0
HO
False
1486608982.413
0
HO
False
1486608982.452
0
HO
False
1486608982.491
0
HO
False
1486608982.529
0
HO
False
1486608982.568
0
HO
False
1486608982.608
0
HO
False
1486608982.645
0
HO
False
1486608982.684
0
HO
False
1486608982.735
0
HO
False
1486608982.776
0
HO
False
1486608982.812
0
HO
False
1486608982.839
0
HO
False
1486608982.878
0
HO
False
1486608982.916
0
HO
False
1486608982.955
0
HO
False
1486608982.990
0
HO
False
1486608983.30
0
HO
False
1486608983.68
0
HO
False
1486608983.108
0
HO
False
1486608983.146
0
HO
False
1486608983.185
0
HO
False
1486608983.222
0
HO
False
1486608983.264
0
HO
False
1486608983.301
0
HO
False
1486608983.339
0
HO
False
1486608983.379
0
HO
False
1486608983.416
0
HO
False
1486608983.453
0
HO
False
1486608983.493
0
HO
False
1486608983.549
0
HO
False
1486608983.600
0
HO
False
1486608983.628
0
HO
False
1486608983.659
0
HO
False
1486608983.684
0
HO
False
1486608983.748
0
HO
False
1486608983.839
0
HO
False
1486608983.880
0
HO
False
1486608983.918
0
HO
False
1486608983.955
0
HO
False
1486608983.994
0
HO
False
1486608984.33
0
HO
False
1486608984.73
0
HO
False
1486608984.110
0
HO
False
1486608984.148
0
HO
False
1486608984.186
0
HO
False
1486608984.225
0
HO
False
1486608984.265
0
HO
False
1486608984.300
0
HO
False
1486608984.341
0
HO
False
1486608984.379
0
HO
False
1486608984.417
0
HO
False
1486608984.457
0
HO
False
1486608984.494
0
HO
False
1486608984.535
0
HO
False
1486608984.572
0
HO
False
1486608984.611
0
HO
False
1486608984.649
0
HO
False
1486608984.688
0
HO
False
1486608984.727
0
HO
False
1486608984.767
0
HO
False
1486608984.803
0
HO
False
1486608984.841
0
HO
False
1486608984.881
0
HO
False
1486608984.920
0
HO
False
1486608984.960
0
HO
False
1486608984.996
0
HO
False
1486608985.33
0
HO
False
1486608985.74
0
HO
False
1486608985.111
0
HO
False
1486608985.149
0
HO
False
1486608985.188
0
HO
False
1486608985.228
0
HO
False
1486608985.267
0
HO
False
1486608985.306
0
HO
False
1486608985.343
0
HO
False
1486608985.380
0
HO
False
1486608985.422
0
HO
False
1486608985.459
0
HO
False
1486608985.496
0
HO
False
1486608985.534
0
HO
False
1486608985.575
0
HO
False
1486608985.613
0
HO
False
1486608985.652
0
HO
False
1486608985.688
0
HO
False
1486608985.728
0
HO
False
1486608985.767
0
HO
False
1486608985.805
0
HO
False
1486608985.844
0
HO
False
1486608985.882
0
HO
False
1486608985.920
0
HO
False
1486608985.962
0
HO
False
1486608985.999
0
HO
False
1486608986.37
0
HO
False
1486608986.74
0
HO
False
1486608986.114
0
HO
False
1486608986.152
0
HO
False
1486608986.190
0
HO
False
1486608986.230
0
HO
False
1486608986.576
44
HO
True
1486608986.615
55
HO
True
1486608986.652
55
HO
True
1486608986.691
55
HO
True
1486608986.730
55
HO
True
1486608986.770
55
HO
True
1486608986.808
55
HO
True
1486608986.846
36
HO
True
1486608986.886
36
HO
True
1486608986.923
36
HO
True
1486608986.964
47
HO
True
1486608987.0
47
HO
True
1486608987.38
47
HO
True
1486608987.77
35
HA
True
1486608987.117
35
HA
True
1486608987.154
35
HA
True
1486608987.192
0
HA
True
1486608987.231
0
HA
True
1486608987.273
0
HA
True
1486608987.308
0
HO
False
1486608987.347
0
HO
False
1486608987.386
0
HO
False
1486608987.425
0
HO
False
1486608987.464
0
HO
False
1486608987.500
0
HO
False
1486608987.539
0
HO
False
1486608987.578
0
HO
False
1486608987.616
0
HO
False
1486608987.656
0
HO
False
1486608987.694
0
HO
False
1486608987.732
0
HO
False
1486608987.774
0
HO
False
1486608987.809
0
HO
False
1486608987.849
0
HO
False
1486608987.887
0
HO
False
1486608987.925
0
HO
False
1486608987.964
0
HO
False
1486608988.2
0
HO
False
1486608988.40
0
HO
False
1486608988.79
0
HO
False
1486608988.119
0
HO
False
1486608988.162
0
HO
False
1486608988.209
0
HO
False
1486608988.256
0
HO
False
1486608988.355
0
HO
False
1486608988.412
0
HO
False
1486608988.440
0
HO
False
1486608988.483
0
HO
False
1486608988.517
0
HO
False
1486608988.572
0
HO
False
1486608988.748
0
HO
False
1486608988.863
0
HO
False
1486608988.968
0
HO
False
1486608989.23
0
HO
False
1486608989.54
0
HO
False
1486608989.82
0
HO
False
1486608989.120
0
HO
False
1486608989.164
0
HO
False
1486608989.202
0
HO
False
1486608989.240
0
HO
False
1486608989.277
0
HO
False
1486608989.313
0
HO
False
1486608989.352
0
HO
False
1486608989.391
0
HO
False
1486608989.428
0
HO
False
1486608989.466
0
HO
False
1486608989.505
0
HO
False
1486608989.545
0
HO
False
1486608989.582
0
HO
False
1486608989.620
0
HO
False
1486608989.661
0
HO
False
1486608989.699
0
HO
False
1486608989.740
0
HO
False
1486608989.776
0
HO
False
1486608989.813
0
HO
False
1486608989.852
0
HO
False
1486608989.891
0
HO
False
1486608989.929
0
HO
False
1486608989.967
0
HO
False
1486608990.6
0
HO
False
1486608990.77
0
HO
False
1486608990.161
0
HO
False
1486608990.222
0
HO
False
1486608990.249
0
HO
False
1486608990.290
0
HO
False
1486608990.322
0
HO
False
1486608990.357
0
HO
False
1486608990.392
0
HO
False
1486608990.430
0
HO
False
1486608990.468
0
HO
False
1486608990.508
0
HO
False
1486608990.546
0
HO
False
1486608990.583
0
HO
False
1486608990.623
0
HO
False
1486608990.661
0
HO
False
1486608990.701
0
HO
False
1486608990.739
0
HO
False
1486608990.777
0
HO
False
1486608990.815
0
HO
False
1486608990.854
0
HO
False
1486608990.894
0
HO
False
1486608990.932
0
HO
False
1486608990.969
0
HO
False
1486608991.9
0
HO
False
1486608991.47
0
HO
False
1486608991.86
0
HO
False
1486608991.124
0
HO
False
1486608991.162
0
HO
False
1486608991.201
0
HO
False
1486608991.239
0
HO
False
1486608991.287
0
HO
False
1486608991.318
0
HO
False
1486608991.355
0
HO
False
1486608991.395
0
HO
False
1486608991.432
0
HO
False
1486608991.470
0
HO
False
1486608991.509
0
HO
False
1486608991.548
0
HO
False
1486608991.587
0
HO
False
1486608991.625
0
HO
False
1486608991.664
0
HO
False
1486608991.702
0
HA
True
1486608991.740
0
HA
True
1486608991.779
0
HA
True
1486608991.818
59
HA
True
1486608991.867
59
HA
True
1486608991.902
59
HA
True
1486608991.938
47
HA
True
1486608991.973
47
HA
True
1486608992.11
47
HA
True
1486608992.49
51
HO
True
1486608992.88
51
HO
True
1486608992.125
51
HO
True
1486608992.164
58
HO
True
1486608992.202
58
HO
True
1486608992.242
58
HO
True
1486608992.280
43
HO
True
1486608992.318
43
HO
True
1486608992.357
43
HO
True
1486608992.396
41
HO
True
1486608992.434
41
HO
True
1486608992.474
41
HO
True
1486608992.512
29
HB
True
1486608992.553
29
HB
True
1486608992.591
29
HB
True
1486608992.628
0
HB
True
1486608992.665
0
HB
True
1486608992.704
0
HB
True
1486608992.743
0
HO
False
1486608992.794
0
HO
False
1486608992.823
0
HO
False
1486608992.864
0
HO
False
1486608992.900
0
HO
False
1486608992.934
0
HO
False
1486608992.975
0
HO
False
1486608993.13
0
HO
False
1486608993.51
0
HO
False
1486608993.90
0
HO
False
1486608993.129
0
HO
False
1486608993.167
0
HO
False
1486608993.204
0
HO
False
1486608993.244
0
HO
False
1486608993.283
0
HO
False
1486608993.320
0
HO
False
1486608993.360
0
HO
False
1486608993.398
0
HO
False
1486608993.436
0
HO
False
1486608993.478
0
HO
False
1486608993.515
0
HO
False
1486608993.551
0
HO
False
1486608993.591
0
HO
False
1486608993.630
0
HO
False
1486608993.668
0
HO
False
1486608993.706
0
HO
False
1486608993.745
0
HO
False
1486608993.784
0
HO
False
1486608993.821
0
HO
False
1486608993.861
0
HO
False
1486608993.899
0
HO
False
1486608993.937
0
HO
False
1486608993.977
0
HO
False
1486608994.16
0
HO
False
1486608994.53
0
HO
False
1486608994.92
0
HO
False
1486608994.130
0
HO
False
1486608994.170
0
HO
False
1486608994.208
0
HO
False
1486608994.246
0
HO
False
1486608994.283
0
HO
False
1486608994.323
0
HO
False
1486608994.361
0
HO
False
1486608994.399
0
HO
False
1486608994.440
0
HO
False
1486608994.478
0
HO
False
1486608994.516
0
HO
False
1486608994.554
0
HO
False
1486608994.593
0
HO
False
1486608994.632
0
HO
False
1486608994.671
0
HO
False
1486608994.709
0
HO
False
1486608994.747
0
HO
False
1486608994.786
0
HO
False
1486608994.825
0
HO
False
1486608994.864
0
HO
False
1486608994.901
0
HO
False
1486608994.939
0
HO
False
1486608994.979
0
HO
False
1486608995.16
0
HO
False
1486608995.56
0
HO
False
1486608995.94
0
HO
False
1486608995.133
0
HO
False
1486608995.191
0
HO
False
1486608995.288
0
HO
False
1486608995.326
0
HO
False
1486608995.382
0
HO
False
1486608995.432
0
HO
False
1486608995.596
0
HO
False
1486608995.634
0
HO
False
1486608995.672
0
HO
False
1486608995.712
0
HO
False
1486608995.749
0
HO
False
1486608995.789
0
HO
False
1486608995.827
0
HO
False
1486608995.864
0
HO
False
1486608995.904
0
HO
False
1486608995.950
0
HO
False
1486608995.985
0
HO
False
1486608996.21
0
HO
False
1486608996.58
0
HO
False
1486608996.97
0
HO
False
1486608996.134
0
HO
False
1486608996.174
0
HO
False
1486608996.212
0
HO
False
1486608996.251
0
HO
False
1486608996.289
0
HO
False
1486608996.327
0
HO
False
1486608996.365
0
HO
False
1486608996.405
0
HO
False
1486608996.444
0
HO
False
1486608996.483
0
HO
False
1486608996.520
0
HO
False
1486608996.584
0
HO
False
1486608996.621
0
HO
False
1486608996.650
0
HO
False
1486608996.675
0
HO
False
1486608996.717
0
HO
False
1486608996.751
0
HO
False
1486608996.800
0
HO
False
1486608996.858
0
HO
False
1486608996.875
0
HO
False
1486608996.912
0
HO
False
1486608996.947
0
HO
False
1486608996.985
0
HO
False
1486608997.21
0
HO
False
1486608997.59
0
HO
False
1486608997.97
0
HO
False
1486608997.137
0
HO
False
1486608997.175
0
HO
False
1486608997.214
0
HO
False
1486608997.252
0
HO
False
1486608997.297
0
HO
False
1486608997.330
0
HO
False
1486608997.368
0
HO
False
1486608997.406
0
HO
False
1486608997.445
0
HO
False
1486608997.486
0
HO
False
1486608997.522
0
HO
False
1486608997.560
0
HO
False
1486608997.599
0
HO
False
1486608997.638
0
HO
False
1486608997.676
0
HO
False
1486608997.716
0
HO
False
1486608997.753
0
HO
False
1486608997.792
0
HO
False
1486608997.832
0
HO
False
1486608997.868
0
HO
False
1486608997.907
0
HO
False
1486608997.946
0
HO
False
1486608997.985
0
HO
False
1486608998.23
0
HO
False
1486608998.62
0
HO
False
1486608998.100
0
HO
False
1486608998.138
0
HO
False
1486608998.179
0
HO
False
1486608998.215
0
HO
False
1486608998.255
0
HO
False
1486608998.292
0
HO
False
1486608998.331
0
HO
False
1486608998.369
0
HO
False
1486608998.411
0
HO
False
1486608998.447
0
HO
False
1486608998.488
0
HO
False
1486608998.524
0
HO
False
1486608998.563
0
HO
False
1486608998.601
0
HO
False
1486608998.640
0
HO
False
1486608998.679
0
HO
False
1486608998.717
0
HO
False
1486608998.756
0
HO
False
1486608998.803
0
HO
False
1486608998.833
0
HO
False
1486608998.871
0
HO
False
1486608998.910
0
HO
False
1486608998.948
0
HO
False
1486608998.988
0
HO
False
1486608999.24
0
HO
False
1486608999.65
0
HO
False
1486608999.104
0
HO
False
1486608999.140
0
HO
False
1486608999.183
0
HO
False
1486608999.218
0
HO
False
1486608999.256
0
HO
False
1486608999.295
0
HO
False
1486608999.334
0
HO
False
1486608999.372
0
HO
False
1486608999.411
0
HO
False
1486608999.461
0
HB
True
1486608999.494
0
HB
True
1486608999.527
0
HB
True
1486608999.565
44
HO
True
1486608999.604
44
HO
True
1486608999.641
44
HO
True
1486608999.681
55
HO
True
1486608999.718
55
HO
True
1486608999.756
55
HO
True
1486608999.795
49
HO
True
1486608999.834
49
HO
True
1486608999.873
49
HO
True
1486608999.912
60
HO
True
1486608999.962
60
HO
True
1486609000.18
60
HO
True
1486609000.44
0
HO
True
1486609000.67
0
HO
True
1486609000.109
0
HO
True
1486609000.149
35
HA
True
1486609000.185
35
HA
True
1486609000.219
35
HA
True
1486609000.259
0
HO
False
1486609000.303
0
HO
False
1486609000.334
0
HO
False
1486609000.374
0
HO
False
1486609000.411
0
HO
False
1486609000.452
0
HO
False
1486609000.491
0
HO
False
1486609000.528
0
HO
False
1486609000.567
0
HO
False
1486609000.605
0
HO
False
1486609000.644
0
HO
False
1486609000.685
0
HO
False
1486609000.721
0
HO
False
1486609000.760
0
HO
False
1486609000.798
0
HO
False
1486609000.836
0
HO
False
1486609000.875
0
HO
False
1486609000.913
0
HO
False
1486609000.951
0
HO
False
1486609000.992
0
HO
False
1486609001.28
0
HO
False
1486609001.67
0
HO
False
1486609001.108
0
HO
False
1486609001.145
0
HO
False
1486609001.186
0
HO
False
1486609001.223
0
HO
False
1486609001.260
0
HO
False
1486609001.299
0
HO
False
1486609001.337
0
HO
False
1486609001.376
0
HO
False
1486609001.420
0
HO
False
1486609001.453
0
HO
False
1486609001.494
0
HO
False
1486609001.531
0
HO
False
1486609001.646
0
HO
False
1486609001.709
0
HO
False
1486609001.816
0
HO
False
1486609001.995
0
HO
False
1486609002.30
0
HO
False
1486609002.69
0
HO
False
1486609002.109
0
HO
False
1486609002.147
0
HO
False
1486609002.190
0
HO
False
1486609002.224
0
HO
False
1486609002.265
0
HO
False
1486609002.303
0
HO
False
1486609002.344
0
HO
False
1486609002.402
0
HO
False
1486609002.442
0
HO
False
1486609002.472
0
HO
False
1486609002.502
0
HO
False
1486609002.530
0
HO
False
1486609002.571
0
HO
False
1486609002.608
0
HO
False
1486609002.648
0
HO
False
1486609002.688
0
HO
False
1486609002.727
0
HO
False
1486609002.781
0
HO
False
1486609002.814
0
HO
False
1486609002.862
0
HO
False
1486609003.72
0
HO
False
1486609003.135
0
HO
False
1486609003.228
0
HO
False
1486609003.281
0
HO
False
1486609003.320
0
HO
False
1486609003.347
0
HO
False
1486609003.387
0
HO
False
1486609003.416
0
HO
False
1486609003.456
0
HO
False
1486609003.498
0
HO
False
1486609003.534
0
HO
False
1486609003.573
0
HO
False
1486609003.612
0
HO
False
1486609003.651
0
HO
False
1486609003.688
0
HO
False
1486609003.727
0
HO
False
1486609003.766
0
HO
False
1486609003.807
0
HO
False
1486609003.844
0
HO
False
1486609003.882
0
HO
False
1486609003.919
0
HO
False
1486609003.964
0
HO
False
1486609004.18
0
HO
False
1486609004.53
0
HO
False
1486609004.78
0
HO
False
1486609004.111
0
HO
False
1486609004.150
0
HO
False
1486609004.190
0
HO
False
1486609004.228
0
HO
False
1486609004.267
0
HO
False
1486609004.307
0
HO
False
1486609004.343
0
HO
False
1486609004.382
0
HO
False
1486609004.423
0
HO
False
1486609004.460
0
HO
False
1486609004.502
0
HO
False
1486609004.538
0
HO
False
1486609004.574
0
HO
False
1486609004.617
0
HO
False
1486609004.652
0
HA
True
1486609004.690
0
HA
True
1486609004.729
0
HA
True
1486609004.768
59
HA
True
1486609004.816
59
HA
True
1486609004.847
59
HA
True
1486609004.884
60
HO
True
1486609004.923
60
HO
True
1486609004.961
60
HO
True
1486609005.1
58
HO
True
1486609005.38
58
HO
True
1486609005.94
58
HO
True
1486609005.133
52
HO
True
1486609005.169
52
HO
True
1486609005.189
52
HO
True
1486609005.228
47
HO
True
1486609005.270
47
HO
True
1486609005.308
47
HO
True
1486609005.345
26
HB
True
1486609005.385
26
HB
True
1486609005.422
26
HB
True
1486609005.462
0
HO
False
1486609005.499
0
HO
False
1486609005.542
0
HO
False
1486609005.578
0
HO
False
1486609005.623
0
HO
False
1486609005.655
0
HO
False
1486609005.692
0
HO
False
1486609005.731
0
HO
False
1486609005.769
0
HO
False
1486609005.809
0
HO
False
1486609005.846
0
HO
False
1486609005.886
0
HO
False
1486609005.927
0
HO
False
1486609005.963
0
HO
False
1486609006.2
0
HO
False
1486609006.38
0
HO
False
1486609006.79
0
HO
False
1486609006.118
0
HO
False
1486609006.155
0
HO
False
1486609006.195
0
HO
False
1486609006.233
0
HO
False
1486609006.271
0
HO
False
1486609006.316
0
HO
False
1486609006.347
0
HO
False
1486609006.386
0
HO
False
1486609006.428
0
HO
False
1486609006.464
0
HO
False
1486609006.502
0
HO
False
1486609006.541
0
HO
False
1486609006.580
0
HO
False
1486609006.620
0
HO
False
1486609006.656
0
HO
False
1486609006.696
0
HO
False
1486609006.733
0
HO
False
1486609006.771
0
HO
False
1486609006.812
0
HO
False
1486609006.848
0
HO
False
1486609006.887
0
HO
False
1486609006.929
0
HO
False
1486609006.965
0
HO
False
1486609007.2
0
HO
False
1486609007.43
0
HO
False
1486609007.80
0
HO
False
1486609007.118
0
HO
False
1486609007.157
0
HO
False
1486609007.196
0
HO
False
1486609007.235
0
HO
False
1486609007.273
0
HO
False
1486609007.312
0
HO
False
1486609007.350
0
HO
False
1486609007.389
0
HO
False
1486609007.429
0
HO
False
1486609007.466
0
HO
False
1486609007.505
0
HO
False
1486609007.543
0
HO
False
1486609007.582
0
HO
False
1486609007.621
0
HO
False
1486609007.659
0
HO
False
1486609007.697
0
HO
False
1486609007.736
0
HO
False
1486609007.774
0
HO
False
1486609007.819
0
HO
False
1486609007.853
0
HO
False
1486609007.889
0
HO
False
1486609007.930
0
HO
False
1486609007.967
0
HO
False
1486609008.4
0
HO
False
1486609008.44
0
HO
False
1486609008.81
0
HO
False
1486609008.142
0
HO
False
1486609008.328
0
HO
False
1486609008.431
0
HO
False
1486609008.468
0
HO
False
1486609008.507
0
HO
False
1486609008.545
0
HO
False
1486609008.583
0
HO
False
1486609008.622
0
HO
False
1486609008.661
0
HO
False
1486609008.699
0
HO
False
1486609008.739
0
HO
False
1486609008.776
0
HO
False
1486609008.816
0
HO
False
1486609008.854
0
HO
False
1486609008.893
0
HO
False
1486609008.931
0
HO
False
1486609008.968
0
HO
False
1486609009.8
0
HO
False
1486609009.45
0
HO
False
1486609009.84
0
HO
False
1486609009.122
0
HO
False
1486609009.162
0
HO
False
1486609009.200
0
HO
False
1486609009.240
0
HO
False
1486609009.277
0
HO
False
1486609009.321
0
HO
False
1486609009.353
0
HO
False
1486609009.394
0
HO
False
1486609009.433
0
HO
False
1486609009.483
0
HO
False
1486609009.536
0
HO
False
1486609009.625
0
HO
False
1486609009.676
0
HO
False
1486609009.733
0
HO
False
1486609009.763
0
HO
False
1486609009.784
0
HO
False
1486609009.815
0
HO
False
1486609009.857
0
HO
False
1486609009.896
0
HO
False
1486609009.933
0
HO
False
1486609009.972
0
HO
False
1486609010.10
0
HO
False
1486609010.49
0
HO
False
1486609010.87
0
HO
False
1486609010.125
0
HO
False
1486609010.163
0
HO
False
1486609010.202
0
HO
False
1486609010.242
0
HO
False
1486609010.280
0
HO
False
1486609010.318
0
HO
False
1486609010.356
0
HO
False
1486609010.395
0
HO
False
1486609010.435
0
HO
False
1486609010.472
0
HO
False
1486609010.512
0
HO
False
1486609010.549
0
HO
False
1486609010.587
0
HO
False
1486609010.626
0
HO
False
1486609010.664
0
HO
False
1486609010.703
0
HO
False
1486609010.744
0
HO
False
1486609010.780
0
HO
False
1486609010.825
0
HO
False
1486609010.859
0
HO
False
1486609010.898
0
HO
False
1486609010.937
0
HO
False
1486609010.973
0
HO
False
1486609011.12
0
HO
False
1486609011.50
0
HO
False
1486609011.88
0
HO
False
1486609011.127
0
HO
False
1486609011.166
0
HO
False
1486609011.205
0
HO
False
1486609011.245
0
HO
False
1486609011.280
0
HO
False
1486609011.319
0
HO
False
1486609011.359
0
HO
False
1486609011.397
0
HO
False
1486609011.438
0
HO
False
1486609011.474
0
HO
False
1486609011.514
0
HO
False
1486609011.550
0
HO
False
1486609011.589
0
HO
False
1486609011.628
0
HO
False
1486609011.667
0
HO
False
1486609011.705
0
HO
False
1486609011.745
0
HO
False
1486609011.783
0
HO
False
1486609011.821
0
HO
False
1486609011.861
0
HO
False
1486609011.899
0
HO
False
1486609011.939
0
HO
False
1486609011.975
0
HO
False
1486609012.13
0
HO
False
1486609012.52
0
HO
False
1486609012.91
0
HO
False
1486609012.129
0
HO
False
1486609012.167
0
HO
False
1486609012.207
0
HO
False
1486609012.246
0
HO
False
1486609012.282
0
HB
True
1486609012.328
0
HB
True
1486609012.362
0
HB
True
1486609012.401
53
HB
True
1486609012.440
53
HB
True
1486609012.477
53
HB
True
1486609012.515
47
HO
True
1486609012.553
47
HO
True
1486609012.592
47
HO
True
1486609012.630
58
HO
True
1486609012.668
58
HO
True
1486609012.706
58
HO
True
1486609012.901
36
HO
True
1486609012.941
36
HO
True
1486609012.977
44
HO
True
1486609013.15
44
HO
True
1486609013.54
44
HO
True
1486609013.94
0
HA
True
1486609013.132
0
HA
True
1486609013.170
0
HA
True
1486609013.208
0
HO
False
1486609013.249
0
HO
False
1486609013.285
0
HO
False
1486609013.324
0
HO
False
1486609013.362
0
HO
False
1486609013.401
0
HO
False
1486609013.441
0
HO
False
1486609013.478
0
HO
False
1486609013.517
0
HO
False
1486609013.554
0
HO
False
1486609013.594
0
HO
False
1486609013.633
0
HO
False
1486609013.671
0
HO
False
1486609013.709
0
HO
False
1486609013.748
0
HO
False
1486609013.786
0
HO
False
1486609013.831
0
HO
False
1486609013.867
0
HO
False
1486609013.902
0
HO
False
1486609013.942
0
HO
False
1486609013.980
0
HO
False
1486609014.18
0
HO
False
1486609014.56
0
HO
False
1486609014.94
0
HO
False
1486609014.134
0
HO
False
1486609014.171
0
HO
False
1486609014.232
0
HO
False
1486609014.281
0
HO
False
1486609014.302
0
HO
False
1486609014.329
0
HO
False
1486609014.363
0
HO
False
1486609014.410
0
HO
False
1486609014.472
0
HO
False
1486609014.492
0
HO
False
1486609014.520
0
HO
False
1486609014.555
0
HO
False
1486609014.595
0
HO
False
1486609014.635
0
HO
False
1486609014.673
0
HO
False
1486609014.712
0
HO
False
1486609014.750
0
HO
False
1486609014.789
0
HO
False
1486609014.827
0
HO
False
1486609014.866
0
HO
False
1486609014.905
0
HO
False
1486609014.944
0
HO
False
1486609014.982
0
HO
False
1486609015.20
0
HO
False
1486609015.60
0
HO
False
1486609015.97
0
HO
False
1486609015.135
0
HO
False
1486609015.173
0
HO
False
1486609015.214
0
HO
False
1486609015.251
0
HO
False
1486609015.290
0
HO
False
1486609015.333
0
HO
False
1486609015.381
0
HO
False
1486609015.404
0
HO
False
1486609015.445
0
HO
False
1486609015.483
0
HO
False
1486609015.521
0
HO
False
1486609015.559
0
HO
False
1486609015.598
0
HO
False
1486609015.637
0
HO
False
1486609015.674
0
HO
False
1486609015.714
0
HO
False
1486609015.753
0
HO
False
1486609015.818
0
HO
False
1486609015.983
0
HO
False
1486609016.22
0
HO
False
1486609016.62
0
HO
False
1486609016.98
0
HO
False
1486609016.137
0
HO
False
1486609016.176
0
HO
False
1486609016.215
0
HO
False
1486609016.255
0
HO
False
1486609016.291
0
HO
False
1486609016.330
0
HO
False
1486609016.369
0
HO
False
1486609016.407
0
HO
False
1486609016.446
0
HO
False
1486609016.486
0
HO
False
1486609016.523
0
HO
False
1486609016.561
0
HO
False
1486609016.601
0
HO
False
1486609016.639
0
HO
False
1486609016.678
0
HO
False
1486609016.715
0
HO
False
1486609016.756
0
HO
False
1486609016.793
0
HO
False
1486609016.832
0
HO
False
1486609016.870
0
HO
False
1486609016.908
0
HO
False
1486609016.948
0
HO
False
1486609016.986
0
HO
False
1486609017.25
0
HO
False
1486609017.62
0
HO
False
1486609017.107
0
HO
False
1486609017.142
0
HO
False
1486609017.192
0
HO
False
1486609017.230
0
HO
False
1486609017.267
0
HO
False
1486609017.299
0
HO
False
1486609017.334
0
HO
False
1486609017.370
0
HA
True
1486609017.410
0
HA
True
1486609017.448
0
HA
True
1486609017.486
59
HA
True
1486609017.526
59
HA
True
1486609017.562
59
HA
True
1486609017.602
53
HA
True
1486609017.640
53
HA
True
1486609017.679
53
HA
True
1486609017.718
60
HO
True
1486609017.756
60
HO
True
1486609017.798
60
HO
True
1486609017.833
58
HO
True
1486609017.875
58
HO
True
1486609017.913
58
HO
True
1486609017.952
50
HO
True
1486609017.987
50
HO
True
1486609018.26
50
HO
True
1486609018.65
41
HB
True
1486609018.104
41
HB
True
1486609018.141
41
HB
True
1486609018.180
0
HB
True
1486609018.219
0
HB
True
1486609018.261
0
HB
True
1486609018.296
0
HO
False
1486609018.336
0
HO
False
1486609018.372
0
HO
False
1486609018.412
0
HO
False
1486609018.450
0
HO
False
1486609018.488
0
HO
False
1486609018.526
0
HO
False
1486609018.565
0
HO
False
1486609018.604
0
HO
False
1486609018.643
0
HO
False
1486609018.681
0
HO
False
1486609018.719
0
HO
False
1486609018.758
0
HO
False
1486609018.796
0
HO
False
1486609018.835
0
HO
False
1486609018.873
0
HO
False
1486609018.913
0
HO
False
1486609018.951
0
HO
False
1486609018.989
0
HO
False
1486609019.28
0
HO
False
1486609019.66
0
HO
False
1486609019.105
0
HO
False
1486609019.144
0
HO
False
1486609019.183
0
HO
False
1486609019.220
0
HO
False
1486609019.261
0
HO
False
1486609019.298
0
HO
False
1486609019.337
0
HO
False
1486609019.375
0
HO
False
1486609019.413
0
HO
False
1486609019.452
0
HO
False
1486609019.490
0
HO
False
1486609019.528
0
HO
False
1486609019.568
0
HO
False
1486609019.606
0
HO
False
1486609019.644
0
HO
False
1486609019.683
0
HO
False
1486609019.722
0
HO
False
1486609019.761
0
HO
False
1486609019.799
0
HO
False
1486609019.837
0
HO
False
1486609019.877
0
HO
False
1486609019.914
0
HO
False
1486609019.953
0
HO
False
1486609019.992
0
HO
False
1486609020.30
0
HO
False
1486609020.69
0
HO
False
1486609020.108
0
HO
False
1486609020.145
0
HO
False
1486609020.184
0
HO
False
1486609020.224
0
HO
False
1486609020.262
0
HO
False
1486609020.300
0
HO
False
1486609020.338
0
HO
False
1486609020.377
0
HO
False
1486609020.415
0
HO
False
1486609020.455
0
HO
False
1486609020.493
0
HO
False
1486609020.530
0
HO
False
1486609020.569
0
HO
False
1486609020.609
0
HO
False
1486609020.647
0
HO
False
1486609020.685
0
HO
False
1486609020.740
0
HO
False
1486609020.840
0
HO
False
1486609020.893
0
HO
False
1486609020.993
0
HO
False
1486609021.53
0
HO
False
1486609021.96
0
HO
False
1486609021.115
0
HO
False
1486609021.147
0
HO
False
1486609021.186
0
HO
False
1486609021.225
0
HO
False
1486609021.263
0
HO
False
1486609021.302
0
HO
False
1486609021.340
0
HO
False
1486609021.380
0
HO
False
1486609021.418
0
HO
False
1486609021.456
0
HO
False
1486609021.495
0
HO
False
1486609021.533
0
HO
False
1486609021.571
0
HO
False
1486609021.612
0
HO
False
1486609021.648
0
HO
False
1486609021.688
0
HO
False
1486609021.726
0
HO
False
1486609021.764
0
HO
False
1486609021.803
0
HO
False
1486609021.842
0
HO
False
1486609021.880
0
HO
False
1486609021.920
0
HO
False
1486609021.959
0
HO
False
1486609021.996
0
HO
False
1486609022.33
0
HO
False
1486609022.73
0
HO
False
1486609022.112
0
HO
False
1486609022.150
0
HO
False
1486609022.189
0
HO
False
1486609022.227
0
HO
False
1486609022.265
0
HO
False
1486609022.304
0
HO
False
1486609022.343
0
HO
False
1486609022.382
0
HO
False
1486609022.421
0
HO
False
1486609022.458
0
HO
False
1486609022.527
0
HO
False
1486609022.612
0
HO
False
1486609022.651
0
HO
False
1486609022.702
0
HO
False
1486609022.809
0
HO
False
1486609022.852
0
HO
False
1486609022.890
0
HO
False
1486609022.922
0
HO
False
1486609022.960
0
HO
False
1486609022.998
0
HO
False
1486609023.37
0
HO
False
1486609023.76
0
HO
False
1486609023.114
0
HO
False
1486609023.152
0
HO
False
1486609023.191
0
HO
False
1486609023.229
0
HO
False
1486609023.267
0
HO
False
1486609023.306
0
HO
False
1486609023.345
0
HO
False
1486609023.383
0
HO
False
1486609023.421
0
HO
False
1486609023.461
0
HO
False
1486609023.499
0
HO
False
1486609023.537
0
HO
False
1486609023.577
0
HO
False
1486609023.615
0
HO
False
1486609023.654
0
HO
False
1486609023.692
0
HO
False
1486609023.731
0
HO
False
1486609023.769
0
HO
False
1486609023.808
0
HO
False
1486609023.846
0
HO
False
1486609023.887
0
HO
False
1486609023.923
0
HO
False
1486609023.961
0
HO
False
1486609023.999
0
HO
False
1486609024.40
0
HO
False
1486609024.77
0
HO
False
1486609024.116
0
HO
False
1486609024.155
0
HO
False
1486609024.193
0
HO
False
1486609024.231
0
HO
False
1486609024.269
0
HO
False
1486609024.308
0
HO
False
1486609024.349
0
HO
False
1486609024.386
0
HO
False
1486609024.424
0
HO
False
1486609024.462
0
HO
False
1486609024.502
0
HO
False
1486609024.541
0
HO
False
1486609024.579
0
HO
False
1486609024.617
0
HO
False
1486609024.657
0
HO
False
1486609024.694
0
HO
False
1486609024.732
0
HO
False
1486609024.771
0
HO
False
1486609024.809
0
HO
False
1486609024.849
0
HO
False
1486609024.888
0
HO
False
1486609024.926
0
HO
False
1486609024.963
0
HO
False
1486609025.2
0
HO
False
1486609025.42
0
HO
False
1486609025.80
0
HO
False
1486609025.117
0
HO
False
1486609025.156
0
HO
False
1486609025.196
0
HO
False
1486609025.237
0
HO
False
1486609025.273
0
HO
False
1486609025.311
0
HO
False
1486609025.350
0
HO
False
1486609025.387
0
HO
False
1486609025.426
0
HO
False
1486609025.466
0
HB
True
1486609025.502
0
HB
True
1486609025.545
0
HB
True
1486609025.580
44
HO
True
1486609025.618
44
HO
True
1486609025.658
44
HO
True
1486609025.696
55
HO
True
1486609025.734
55
HO
True
1486609025.773
55
HO
True
1486609025.811
46
HO
True
1486609025.855
46
HO
True
1486609025.889
46
HO
True
1486609025.929
51
HO
True
1486609025.964
51
HO
True
1486609026.4
51
HO
True
1486609026.44
0
HO
True
1486609026.81
0
HO
True
1486609026.120
0
HO
True
1486609026.158
35
HA
True
1486609026.196
35
HA
True
1486609026.238
35
HA
True
1486609026.273
0
HA
True
1486609026.312
0
HA
True
1486609026.351
0
HA
True
1486609026.391
0
HO
False
1486609026.428
0
HO
False
1486609026.467
0
HO
False
1486609026.508
0
HO
False
1486609026.545
0
HO
False
1486609026.585
0
HO
False
1486609026.621
0
HO
False
1486609026.660
0
HO
False
1486609026.697
0
HO
False
1486609026.737
0
HO
False
1486609026.775
0
HO
False
1486609026.813
0
HO
False
1486609026.853
0
HO
False
1486609026.891
0
HO
False
1486609026.930
0
HO
False
1486609026.969
0
HO
False
1486609027.7
0
HO
False
1486609027.46
0
HO
False
1486609027.83
0
HO
False
1486609027.122
0
HO
False
1486609027.161
0
HO
False
1486609027.199
0
HO
False
1486609027.238
0
HO
False
1486609027.276
0
HO
False
1486609027.314
0
HO
False
1486609027.356
0
HO
False
1486609027.391
0
HO
False
1486609027.431
0
HO
False
1486609027.468
0
HO
False
1486609027.508
0
HO
False
1486609027.547
0
HO
False
1486609027.585
0
HO
False
1486609027.624
0
HO
False
1486609027.830
0
HO
False
1486609027.932
0
HO
False
1486609027.969
0
HO
False
1486609028.28
0
HO
False
1486609028.70
0
HO
False
1486609028.98
0
HO
False
1486609028.129
0
HO
False
1486609028.169
0
HO
False
1486609028.201
0
HO
False
1486609028.240
0
HO
False
1486609028.278
0
HO
False
1486609028.316
0
HO
False
1486609028.357
0
HO
False
1486609028.395
0
HO
False
1486609028.432
0
HO
False
1486609028.472
0
HO
False
1486609028.510
0
HO
False
1486609028.549
0
HO
False
1486609028.587
0
HO
False
1486609028.626
0
HO
False
1486609028.666
0
HO
False
1486609028.704
0
HO
False
1486609028.741
0
HO
False
1486609028.778
0
HO
False
1486609028.818
0
HO
False
1486609028.855
0
HO
False
1486609028.896
0
HO
False
1486609028.935
0
HO
False
1486609028.974
0
HO
False
1486609029.11
0
HO
False
1486609029.49
0
HO
False
1486609029.87
0
HO
False
1486609029.126
0
HO
False
1486609029.320
0
HO
False
1486609029.359
0
HO
False
1486609029.396
0
HO
False
1486609029.434
0
HO
False
1486609029.475
0
HO
False
1486609029.511
0
HO
False
1486609029.550
0
HO
False
1486609029.588
0
HO
False
1486609029.627
0
HO
False
1486609029.667
0
HO
False
1486609029.704
0
HO
False
1486609029.743
0
HO
False
1486609029.782
0
HO
False
1486609029.820
0
HO
False
1486609029.859
0
HO
False
1486609029.898
0
HO
False
1486609029.935
0
HO
False
1486609029.977
0
HO
False
1486609030.13
0
HO
False
1486609030.50
0
HO
False
1486609030.90
0
HO
False
1486609030.128
0
HO
False
1486609030.169
0
HO
False
1486609030.207
0
HO
False
1486609030.244
0
HO
False
1486609030.284
0
HO
False
1486609030.322
0
HO
False
1486609030.362
0
HO
False
1486609030.400
0
HO
False
1486609030.438
0
HO
False
1486609030.476
0
HO
False
1486609030.513
0
HO
False
1486609030.553
0
HO
False
1486609030.590
0
HO
False
1486609030.640
0
HO
False
1486609030.666
0
HO
False
1486609030.708
0
HO
False
1486609030.745
0
HO
False
1486609030.782
0
HO
False
1486609030.822
0
HO
False
1486609030.861
0
HO
False
1486609030.901
0
HO
False
1486609030.937
0
HO
False
1486609030.979
0
HO
False
1486609031.14
0
HO
False
1486609031.53
0
HO
False
1486609031.92
0
HO
False
1486609031.134
0
HO
False
1486609031.171
0
HO
False
1486609031.208
0
HO
False
1486609031.245
0
HO
False
1486609031.287
0
HO
False
1486609031.323
0
HO
False
1486609031.361
0
HO
False
1486609031.403
0
HO
False
1486609031.440
0
HO
False
1486609031.488
0
HO
False
1486609031.518
0
HO
False
1486609031.555
0
HO
False
1486609031.594
0
HO
False
1486609031.633
0
HO
False
1486609031.670
0
HO
False
1486609031.710
0
HO
False
1486609031.747
0
HO
False
1486609031.789
0
HO
False
1486609031.824
0
HO
False
1486609031.866
0
HO
False
1486609031.900
0
HO
False
1486609031.940
0
HO
False
1486609031.980
0
HO
False
1486609032.18
0
HO
False
1486609032.56
0
HO
False
1486609032.95
0
HO
False
1486609032.133
0
HO
False
1486609032.171
0
HO
False
1486609032.210
0
HO
False
1486609032.249
0
HO
False
1486609032.442
0
HO
False
1486609032.481
0
HO
False
1486609032.519
0
HO
False
1486609032.557
0
HO
False
1486609032.596
0
HO
False
1486609032.635
0
HO
False
1486609032.674
0
HO
False
1486609032.711
0
HO
False
1486609032.756
0
HO
False
1486609032.804
0
HO
False
1486609032.836
0
HO
False
1486609032.890
0
HO
False
1486609032.913
0
HO
False
1486609032.944
0
HO
False
1486609032.979
0
HO
False
1486609033.23
0
HO
False
1486609033.57
0
HO
False
1486609033.97
0
HO
False
1486609033.135
0
HO
False
1486609033.174
0
HO
False
1486609033.213
0
HO
False
1486609033.250
0
HO
False
1486609033.289
0
HO
False
1486609033.327
0
HO
False
1486609033.367
0
HO
False
1486609033.405
0
HO
False
1486609033.443
0
HO
False
1486609033.481
0
HO
False
1486609033.521
0
HO
False
1486609033.582
0
HO
False
1486609033.678
0
HO
False
1486609033.713
0
HO
False
1486609033.752
0
HO
False
1486609033.790
0
HO
False
1486609033.829
0
HO
False
1486609033.868
0
HO
False
1486609033.905
0
HO
False
1486609033.944
0
HO
False
1486609033.984
0
HO
False
1486609034.23
0
HO
False
1486609034.60
0
HO
False
1486609034.102
0
HO
False
1486609034.142
0
HO
False
1486609034.179
0
HO
False
1486609034.214
0
HO
False
1486609034.252
0
HO
False
1486609034.293
0
HO
False
1486609034.329
0
HO
False
1486609034.368
0
HO
False
1486609034.409
0
HO
False
1486609034.445
0
HO
False
1486609034.483
0
HO
False
1486609034.522
0
HO
False
1486609034.561
0
HO
False
1486609034.601
0
HO
False
1486609034.639
0
HO
False
1486609034.676
0
HO
False
1486609034.715
0
HO
False
1486609034.753
0
HO
False
1486609034.889
0
HO
False
1486609035.71
0
HO
False
1486609035.188
0
HO
False
1486609035.323
0
HO
False
1486609035.424
0
HO
False
1486609035.538
0
HO
False
1486609035.656
0
HO
False
1486609035.769
0
HO
False
1486609035.892
0
HO
False
1486609036.221
0
HO
False
1486609036.270
0
HO
False
1486609036.310
0
HO
False
1486609036.355
0
HO
False
1486609036.394
0
HO
False
1486609036.574
0
HO
False
1486609036.686
0
HO
False
1486609036.810
0
HO
False
1486609036.839
0
HO
False
1486609036.885
0
HO
False
1486609036.926
0
HO
False
1486609036.958
0
HO
False
1486609037.2
0
HO
False
1486609037.49
0
HO
False
1486609037.72
0
HO
False
1486609037.116
0
HO
False
1486609037.145
0
HO
False
1486609037.191
0
HO
False
1486609037.231
0
HO
False
1486609037.270
0
HO
False
1486609037.303
0
HO
False
1486609037.341
0
HO
False
1486609037.381
0
HO
False
1486609037.421
0
HO
False
1486609037.464
0
HO
False
1486609037.496
0
HO
False
1486609037.542
0
HO
False
1486609037.668
0
HO
False
1486609037.711
0
HO
False
1486609037.743
0
HO
False
1486609037.782
0
HO
False
1486609037.805
0
HO
False
1486609037.995
0
HO
False
1486609038.43
0
HO
False
1486609038.71
0
HO
False
1486609038.112
0
HO
False
1486609038.149
0
HO
False
1486609038.196
0
HO
False
1486609038.235
0
HO
False
1486609038.265
0
HO
False
1486609038.297
0
HO
False
1486609038.338
0
HO
False
1486609038.376
0
HO
False
1486609038.415
0
HO
False
1486609038.473
0
HO
False
1486609038.515
0
HO
False
1486609038.551
0
HO
False
1486609038.573
0
HO
False
1486609038.606
0
HO
False
1486609038.648
0
HO
False
1486609038.709
0
HO
False
1486609038.814
0
HO
False
1486609038.918
0
HO
False
1486609038.984
0
HO
False
1486609039.148
0
HO
False
1486609039.186
0
HO
False
1486609039.225
0
HO
False
1486609039.263
0
HO
False
1486609039.302
0
HO
False
1486609039.342
0
HO
False
1486609039.380
0
HO
False
1486609039.441
0
HO
False
1486609039.536
0
HO
False
1486609039.593
0
HO
False
1486609039.770
0
HO
False
1486609039.832
0
HO
False
1486609039.922
0
HO
False
1486609039.958
0
HO
False
1486609039.997
0
HO
False
1486609040.36
0
HO
False
1486609040.72
0
HO
False
1486609040.110
0
HO
False
1486609040.150
0
HO
False
1486609040.187
0
HO
False
1486609040.226
0
HO
False
1486609040.265
0
HO
False
1486609040.303
0
HO
False
1486609040.344
0
HO
False
1486609040.380
0
HO
False
1486609040.419
0
HO
False
1486609040.458
0
HO
False
1486609040.495
0
HO
False
1486609040.535
0
HO
False
1486609040.574
0
HO
False
1486609040.612
0
HO
False
1486609040.652
0
HO
False
1486609040.689
0
HO
False
1486609040.728
0
HO
False
1486609040.766
0
HO
False
1486609040.804
0
HO
False
1486609040.846
0
HO
False
1486609040.887
0
HO
False
1486609040.921
0
HO
False
1486609040.960
0
HO
False
1486609040.997
0
HO
False
1486609041.36
0
HO
False
1486609041.75
0
HO
False
1486609041.113
0
HO
False
1486609041.153
0
HO
False
1486609041.191
0
HO
False
1486609041.253
0
HO
False
1486609041.276
0
HO
False
1486609041.305
0
HO
False
1486609041.350
0
HO
False
1486609041.383
0
HO
False
1486609041.420
0
HO
False
1486609041.460
0
HO
False
1486609041.497
0
HO
False
1486609041.536
0
HO
False
1486609041.575
0
HO
False
1486609041.614
0
HO
False
1486609041.654
0
HO
False
1486609041.690
0
HO
False
1486609041.730
0
HO
False
1486609041.768
0
HO
False
1486609041.807
0
HO
False
1486609041.845
0
HO
False
1486609041.886
0
HO
False
1486609041.923
0
HO
False
