1486727162.950
0
HO
False
1486727163.73
0
HO
False
1486727163.255
0
HO
False
1486727163.302
0
HO
False
1486727163.502
0
HO
False
1486727163.544
0
HO
False
1486727163.652
0
HO
False
1486727163.704
0
HO
False
1486727163.812
0
HO
False
1486727163.840
0
HO
False
1486727163.968
0
HO
False
1486727164.63
0
HO
False
1486727164.131
0
HO
False
1486727164.217
0
HO
False
1486727164.253
0
HO
False
1486727164.292
0
HO
False
1486727164.330
0
HO
False
1486727164.369
0
HO
False
1486727164.407
0
HO
False
1486727164.448
0
HO
False
1486727164.485
0
HO
False
1486727164.523
0
HO
False
1486727164.563
0
HO
False
1486727164.601
0
HO
False
1486727164.643
0
HO
False
1486727164.765
0
HO
False
1486727164.887
0
HO
False
1486727165.3
0
HO
False
1486727165.38
0
HO
False
1486727165.176
0
HO
False
1486727165.262
0
HO
False
1486727165.318
0
HO
False
1486727165.416
0
HO
False
1486727165.466
0
HO
False
1486727165.567
0
HO
False
1486727165.623
0
HO
False
1486727165.669
0
HO
False
1486727165.692
0
HO
False
1486727165.803
0
HO
False
1486727165.846
0
HO
False
1486727165.895
0
HO
False
1486727166.67
0
HO
False
1486727166.132
0
HO
False
1486727166.296
0
HO
False
1486727166.362
0
HO
False
1486727166.451
0
HO
False
1486727166.509
0
HO
False
1486727166.604
0
HO
False
1486727166.664
0
HO
False
1486727166.705
0
HO
False
1486727166.750
0
HO
False
1486727166.842
0
HO
False
1486727166.886
0
HO
False
1486727166.942
0
HO
False
1486727166.976
0
HO
False
1486727167.15
0
HO
False
1486727167.42
0
HO
False
1486727167.83
0
HO
False
1486727167.130
0
HO
False
1486727167.233
0
HO
False
1486727167.281
0
HO
False
1486727167.331
0
HO
False
1486727167.425
0
HO
False
1486727167.471
0
HO
False
1486727167.511
0
HO
False
1486727167.555
0
HO
False
1486727167.724
0
HO
False
1486727167.858
0
HO
False
1486727167.963
0
HO
False
1486727168.78
0
HO
False
1486727168.216
0
HO
False
1486727168.317
0
HO
False
1486727168.391
0
HO
False
1486727168.481
0
HO
False
1486727168.576
0
HO
False
1486727168.627
0
HO
False
1486727168.668
0
HO
False
1486727168.773
0
HO
False
1486727168.814
0
HO
False
1486727168.839
0
HO
False
1486727168.879
0
HO
False
1486727168.916
0
HO
False
1486727168.955
0
HO
False
1486727168.994
0
HO
False
1486727169.32
0
HO
False
1486727169.73
0
HO
False
1486727169.109
0
HO
False
1486727169.148
0
HO
False
1486727169.187
0
HO
False
1486727169.225
0
HO
False
1486727169.264
0
HO
False
1486727169.303
0
HO
False
1486727169.341
0
HO
False
1486727169.381
0
HO
False
1486727169.418
0
HO
False
1486727169.457
0
HO
False
1486727169.496
0
HO
False
1486727169.536
0
HO
False
1486727169.572
0
HO
False
1486727169.612
0
HO
False
1486727169.650
0
HO
False
1486727169.689
0
HO
False
1486727169.727
0
HO
False
1486727169.765
0
HO
False
1486727169.805
0
HO
False
1486727169.843
0
HO
False
1486727169.882
0
HO
False
1486727169.919
0
HO
False
1486727169.957
0
HO
False
1486727169.996
0
HO
False
1486727170.35
0
HO
False
1486727170.74
0
HO
False
1486727170.114
0
HO
False
1486727170.151
0
HO
False
1486727170.189
0
HO
False
1486727170.228
0
HO
False
1486727170.266
0
HO
False
1486727170.305
0
HO
False
1486727170.346
0
HO
False
1486727170.389
0
HO
False
1486727170.431
0
HO
False
1486727170.467
0
HO
False
1486727170.500
0
HO
False
1486727170.537
0
HO
False
1486727170.575
0
HO
False
1486727170.614
0
HO
False
1486727170.651
0
HO
False
1486727170.690
0
HO
False
1486727170.729
0
HO
False
1486727170.767
0
HO
False
1486727170.806
0
HO
False
1486727170.845
0
HO
False
1486727170.883
0
HO
False
1486727170.923
0
HO
False
1486727170.961
0
HO
False
1486727170.998
0
HO
False
1486727171.36
0
HO
False
1486727171.75
0
HO
False
1486727171.115
0
HO
False
1486727171.152
0
HO
False
1486727171.192
0
HO
False
1486727171.231
0
HO
False
1486727171.269
0
HO
False
1486727171.306
0
HO
False
1486727171.345
0
HO
False
1486727171.384
0
HO
False
1486727171.423
0
HO
False
1486727171.461
0
HO
False
1486727171.498
0
HO
False
1486727171.544
0
HO
False
1486727171.579
0
HO
False
1486727171.616
0
HO
False
1486727171.655
0
HO
False
1486727171.692
0
HO
False
1486727171.730
0
HO
False
1486727171.769
0
HO
False
1486727171.808
0
HO
False
1486727171.847
0
HO
False
1486727171.885
0
HO
False
1486727171.924
0
HO
False
1486727171.961
0
HO
False
1486727172.1
0
HO
False
1486727172.38
0
HO
False
1486727172.77
0
HO
False
1486727172.117
0
HO
False
1486727172.154
0
HO
False
1486727172.193
0
HO
False
1486727172.233
0
HO
False
1486727172.271
0
HO
False
1486727172.309
0
HO
False
1486727172.347
0
HO
False
1486727172.386
0
HO
False
1486727172.426
0
HO
False
1486727172.464
0
HO
False
1486727172.502
0
HO
False
1486727172.540
0
HO
False
1486727172.579
0
HO
False
1486727172.617
0
HO
False
1486727172.656
0
HO
False
1486727172.695
0
HO
False
1486727172.733
0
HO
False
1486727172.771
0
HO
False
1486727172.810
0
HO
False
1486727172.848
0
HO
False
1486727172.887
0
HO
False
1486727172.926
0
HO
False
1486727172.964
0
HO
False
1486727173.2
0
HO
False
1486727173.44
0
HO
False
1486727173.81
0
HO
False
1486727173.118
0
HO
False
1486727173.157
0
HO
False
1486727173.195
0
HO
False
1486727173.234
0
HO
False
1486727173.272
0
HO
False
1486727173.310
0
HO
False
1486727173.349
0
HO
False
1486727173.387
0
HO
False
1486727173.426
0
HO
False
1486727173.465
0
HO
False
1486727173.504
0
HO
False
1486727173.543
0
HO
False
1486727173.581
0
HO
False
1486727173.619
0
HO
False
1486727173.658
0
HO
False
1486727173.697
0
HO
False
1486727173.736
0
HO
False
1486727173.773
0
HO
False
1486727173.813
0
HO
False
1486727174.4
0
HO
False
1486727174.43
0
HO
False
1486727174.82
0
HO
False
1486727174.121
0
HO
False
1486727174.159
0
HO
False
1486727174.197
0
HO
False
1486727174.237
0
HO
False
1486727174.275
0
HO
False
1486727174.314
0
HO
False
1486727174.351
0
HO
False
1486727174.391
0
HO
False
1486727174.429
0
HO
False
1486727174.467
0
HO
False
1486727174.506
0
HO
False
1486727174.545
0
HO
False
1486727174.582
0
HO
False
1486727174.622
0
HO
False
1486727174.659
0
HO
False
1486727174.698
0
HO
False
1486727174.736
0
HO
False
1486727174.775
0
HO
False
1486727174.815
0
HO
False
1486727174.854
0
HO
False
1486727174.891
0
HO
False
1486727174.930
0
HO
False
1486727174.969
0
HO
False
1486727175.6
0
HO
False
1486727175.44
0
HO
False
1486727175.83
0
HO
False
1486727175.122
0
HO
False
1486727175.161
0
HO
False
1486727175.199
0
HO
False
1486727175.238
0
HO
False
1486727175.276
0
HO
False
1486727175.315
0
HO
False
1486727175.353
0
HO
False
1486727175.393
0
HO
False
1486727175.431
0
HO
False
1486727175.470
0
HO
False
1486727175.507
0
HO
False
1486727175.548
0
HO
False
1486727175.587
0
HO
False
1486727175.623
0
HO
False
1486727175.664
0
HO
False
1486727175.701
0
HO
False
1486727175.739
0
HO
False
1486727175.778
0
HO
False
1486727175.817
0
HO
False
1486727175.855
0
HO
False
1486727175.893
0
HO
False
1486727175.932
0
HO
False
1486727175.970
0
HO
False
1486727176.10
0
HO
False
1486727176.53
0
HO
False
1486727176.86
0
HO
False
1486727176.124
0
HO
False
1486727176.163
0
HO
False
1486727176.201
0
HO
False
1486727176.241
0
HO
False
1486727176.278
0
HO
False
1486727176.317
0
HO
False
1486727176.358
0
HO
False
1486727176.394
0
HO
False
1486727176.432
0
HO
False
1486727176.472
0
HO
False
1486727176.512
0
HO
False
1486727176.551
0
HO
False
1486727176.590
0
HO
False
1486727176.626
0
HO
False
1486727176.666
0
HO
False
1486727176.704
0
HO
False
1486727176.741
0
HO
False
1486727176.780
0
HO
False
1486727176.819
0
HO
False
1486727176.858
0
HO
False
1486727176.896
0
HO
False
1486727176.936
0
HO
False
1486727176.972
0
HO
False
1486727177.12
0
HO
False
1486727177.51
0
HO
False
1486727177.89
0
HO
False
1486727177.128
0
HO
False
1486727177.165
0
HO
False
1486727177.205
0
HO
False
1486727177.241
0
HO
False
1486727177.280
0
HO
False
1486727177.319
0
HO
False
1486727177.359
0
HO
False
1486727177.397
0
HO
False
1486727177.436
0
HO
False
1486727177.473
0
HO
False
1486727177.512
0
HO
False
1486727177.557
0
HO
False
1486727177.590
0
HO
False
1486727177.627
0
HO
False
1486727177.666
0
HO
False
1486727177.705
0
HO
False
1486727177.744
0
HO
False
1486727177.781
0
HO
False
1486727177.821
0
HO
False
1486727177.862
0
HO
False
1486727177.898
0
HO
False
1486727177.936
0
HO
False
1486727177.976
0
HO
False
1486727178.13
0
HO
False
1486727178.52
0
HO
False
1486727178.91
0
HO
False
1486727178.130
0
HO
False
1486727178.169
0
HO
False
1486727178.205
0
HO
False
1486727178.248
0
HO
False
1486727178.282
0
HO
False
1486727178.322
0
HO
False
1486727178.364
0
HO
False
1486727178.398
0
HO
False
1486727178.438
0
HO
False
1486727178.475
0
HO
False
1486727178.514
0
HO
False
1486727178.556
0
HO
False
1486727178.591
0
HO
False
1486727178.629
0
HO
False
1486727178.669
0
HO
False
1486727178.707
0
HO
False
1486727178.747
0
HO
False
1486727178.783
0
HO
False
1486727178.822
0
HO
False
1486727178.862
0
HO
False
1486727178.899
0
HO
False
1486727178.939
0
HO
False
1486727178.976
0
HO
False
1486727179.15
0
HO
False
1486727179.58
0
HO
False
1486727179.94
0
HO
False
1486727179.131
0
HO
False
1486727179.169
0
HO
False
1486727179.209
0
HO
False
1486727179.250
0
HO
False
1486727179.285
0
HO
False
1486727179.323
0
HO
False
1486727179.365
0
HO
False
1486727179.401
0
HO
False
1486727179.441
0
HO
False
1486727179.478
0
HO
False
1486727179.516
0
HO
False
1486727179.558
0
HO
False
1486727179.594
0
HO
False
1486727179.632
0
HO
False
1486727179.671
0
HO
False
1486727179.708
0
HO
False
1486727179.748
0
HO
False
1486727179.787
0
HO
False
1486727179.825
0
HO
False
1486727180.17
0
HO
False
1486727180.58
0
HO
False
1486727180.95
0
HO
False
1486727180.133
0
HO
False
1486727180.171
0
HO
False
1486727180.210
0
HO
False
1486727180.248
0
HO
False
1486727180.287
0
HO
False
1486727180.327
0
HO
False
1486727180.377
0
HO
False
1486727180.413
0
HO
False
1486727180.448
0
HO
False
1486727180.482
0
HO
False
1486727180.522
0
HO
False
1486727180.564
0
HO
False
1486727180.601
0
HO
False
1486727180.634
0
HO
False
1486727180.676
0
HO
False
1486727180.711
0
HO
False
1486727180.749
0
HO
False
1486727180.789
0
HO
False
1486727180.827
0
HO
False
1486727180.867
0
HO
False
1486727180.905
0
HO
False
1486727180.943
0
HO
False
1486727180.981
0
HO
False
1486727181.20
0
HO
False
1486727181.58
0
HO
False
1486727181.98
0
HO
False
1486727181.136
0
HO
False
1486727181.176
0
HO
False
1486727181.213
0
HO
False
1486727181.251
0
HO
False
1486727181.288
0
HO
False
1486727181.328
0
HO
False
1486727181.370
0
HO
False
1486727181.405
0
HO
False
1486727181.444
0
HO
False
1486727181.485
0
HO
False
1486727181.521
0
HO
False
1486727181.560
0
HO
False
1486727181.597
0
HO
False
1486727181.636
0
HO
False
1486727181.830
0
HO
False
1486727181.868
0
HO
False
1486727181.905
0
HO
False
1486727181.945
0
HO
False
1486727181.985
0
HO
False
1486727182.21
0
HO
False
1486727182.60
0
HO
False
1486727182.100
0
HO
False
1486727182.137
0
HO
False
1486727182.178
0
HO
False
1486727182.215
0
HO
False
1486727182.253
0
HO
False
1486727182.295
0
HO
False
1486727182.329
0
HO
False
1486727182.368
0
HO
False
1486727182.408
0
HO
False
1486727182.446
0
HO
False
1486727182.487
0
HO
False
1486727182.523
0
HO
False
1486727182.562
0
HO
False
1486727182.600
0
HO
False
1486727182.638
0
HO
False
1486727182.677
0
HO
False
1486727182.715
0
HO
False
1486727182.754
0
HO
False
1486727182.794
0
HO
False
1486727182.831
0
HO
False
1486727182.869
0
HO
False
1486727182.907
0
HO
False
1486727182.947
0
HO
False
1486727182.986
0
HO
False
1486727183.24
0
HO
False
1486727183.63
0
HO
False
1486727183.99
0
HO
False
1486727183.140
0
HO
False
1486727183.177
0
HO
False
1486727183.216
0
HO
False
1486727183.255
0
HO
False
1486727183.297
0
HO
False
1486727183.332
0
HO
False
1486727183.371
0
HO
False
1486727183.410
0
HO
False
1486727183.448
0
HO
False
1486727183.486
0
HO
False
1486727183.524
0
HO
False
1486727183.567
0
HO
False
1486727183.605
0
HO
False
1486727183.641
0
HO
False
1486727183.680
0
HO
False
1486727183.717
0
HO
False
1486727183.756
0
HO
False
1486727183.797
0
HO
False
1486727183.834
0
HO
False
1486727183.871
0
HO
False
1486727183.910
0
HO
False
1486727183.950
0
HO
False
1486727183.987
0
HO
False
1486727184.26
0
HO
False
1486727184.64
0
HO
False
1486727184.105
0
HO
False
1486727184.140
0
HO
False
1486727184.180
0
HO
False
1486727184.219
0
HO
False
1486727184.258
0
HO
False
1486727184.298
0
HO
False
1486727184.334
0
HO
False
1486727184.372
0
HO
False
1486727184.411
0
HO
False
1486727184.449
0
HO
False
1486727184.488
0
HO
False
1486727184.527
0
HO
False
1486727184.565
0
HO
False
1486727184.610
0
HO
False
1486727184.642
0
HO
False
1486727184.681
0
HO
False
1486727184.719
0
HO
False
1486727184.758
0
HO
False
1486727184.797
0
HO
False
1486727184.836
0
HO
False
1486727184.874
0
HO
False
1486727184.916
0
HO
False
1486727184.952
0
HO
False
1486727184.990
0
HO
False
1486727185.29
0
HO
False
1486727185.66
0
HO
False
1486727185.108
0
HO
False
1486727185.225
0
HO
False
1486727185.428
0
HO
False
1486727185.542
0
HO
False
1486727185.588
0
HO
False
1486727185.684
0
HO
False
1486727185.751
0
HO
False
1486727185.921
0
HO
False
1486727185.970
0
HO
False
1486727186.14
0
HO
False
1486727186.53
0
HO
False
1486727186.158
0
HO
False
1486727186.218
0
HO
False
1486727186.300
0
HO
False
1486727186.369
0
HO
False
1486727186.454
0
HO
False
1486727186.493
0
HO
False
1486727186.531
0
HO
False
1486727186.569
0
HO
False
1486727186.608
0
HO
False
1486727186.647
0
HO
False
1486727186.686
0
HO
False
1486727186.725
0
HA
True
1486727186.762
0
HA
True
1486727186.802
0
HA
True
1486727186.839
50
HA
True
1486727186.878
50
HA
True
1486727186.916
50
HA
True
1486727186.956
48
HA
True
1486727186.994
48
HA
True
1486727187.33
48
HA
True
1486727187.69
47
HA
True
1486727187.109
47
HA
True
1486727187.147
47
HA
True
1486727187.187
48
HO
True
1486727187.227
48
HO
True
1486727187.264
48
HO
True
1486727187.303
50
HB
True
1486727187.340
50
HB
True
1486727187.379
50
HB
True
1486727187.418
42
HB
True
1486727187.456
42
HB
True
1486727187.496
42
HB
True
1486727187.536
0
HO
False
1486727187.572
0
HO
False
1486727187.610
0
HO
False
1486727187.649
0
HO
False
1486727187.687
0
HO
False
1486727187.727
0
HO
False
1486727187.765
0
HO
False
1486727187.804
0
HO
False
1486727187.843
0
HO
False
1486727187.880
0
HO
False
1486727187.920
0
HO
False
1486727187.956
0
HO
False
1486727187.996
0
HO
False
1486727188.36
0
HO
False
1486727188.78
0
HO
False
1486727188.109
0
HO
False
1486727188.150
0
HO
False
1486727188.189
0
HO
False
1486727188.420
0
HO
False
1486727188.458
0
HO
False
1486727188.498
0
HO
False
1486727188.538
0
HO
False
1486727188.574
0
HO
False
1486727188.612
0
HO
False
1486727188.651
0
HO
False
1486727188.689
0
HO
False
1486727188.728
0
HO
False
1486727188.765
0
HO
False
1486727188.804
0
HO
False
1486727188.844
0
HO
False
1486727188.882
0
HO
False
1486727188.922
0
HO
False
1486727188.960
0
HO
False
1486727188.998
0
HO
False
1486727189.39
0
HO
False
1486727189.75
0
HO
False
1486727189.113
0
HO
False
1486727189.153
0
HO
False
1486727189.190
0
HO
False
1486727189.229
0
HO
False
1486727189.267
0
HO
False
1486727189.306
0
HO
False
1486727189.348
0
HO
False
1486727189.383
0
HO
False
1486727189.422
0
HO
False
1486727189.461
0
HO
False
1486727189.499
0
HO
False
1486727189.547
0
HO
False
1486727189.581
0
HO
False
1486727189.618
0
HO
False
1486727189.656
0
HO
False
1486727189.690
0
HO
False
1486727189.730
0
HO
False
1486727189.769
0
HO
False
1486727189.808
0
HO
False
1486727189.848
0
HO
False
1486727189.884
0
HO
False
1486727189.945
0
HO
False
1486727190.124
0
HO
False
1486727190.159
0
HO
False
1486727190.190
0
HO
False
1486727190.232
0
HO
False
1486727190.271
0
HO
False
1486727190.308
0
HO
False
1486727190.354
0
HO
False
1486727190.402
0
HO
False
1486727190.435
0
HO
False
1486727190.482
0
HO
False
1486727190.504
0
HO
False
1486727190.542
0
HO
False
1486727190.580
0
HO
False
1486727190.617
0
HO
False
1486727190.657
0
HO
False
1486727190.695
0
HO
False
1486727190.731
0
HO
False
1486727190.772
0
HO
False
1486727190.829
0
HO
False
1486727191.3
0
HO
False
1486727191.48
0
HO
False
1486727191.84
0
HO
False
1486727191.140
0
HO
False
1486727191.244
0
HO
False
1486727191.351
0
HO
False
1486727191.403
0
HO
False
1486727191.508
0
HO
False
1486727191.561
0
HO
False
1486727191.599
0
HO
False
1486727191.695
0
HO
False
1486727191.764
0
HO
False
1486727191.789
0
HO
False
1486727191.833
0
HO
False
1486727191.875
0
HO
False
1486727191.969
0
HO
False
1486727192.6
0
HO
False
1486727192.47
0
HO
False
1486727192.97
0
HO
False
1486727192.130
0
HO
False
1486727192.166
0
HO
False
1486727192.200
0
HO
False
1486727192.243
0
HO
False
1486727192.285
0
HO
False
1486727192.334
0
HO
False
1486727192.380
0
HO
False
1486727192.472
0
HO
False
1486727192.505
0
HO
False
1486727192.548
0
HO
False
1486727192.601
0
HO
False
1486727192.642
0
HO
False
1486727192.683
0
HO
False
1486727192.706
0
HO
False
1486727192.734
0
HO
False
1486727192.780
0
HO
False
1486727192.816
0
HO
False
1486727192.859
0
HO
False
1486727192.897
0
HO
False
1486727192.932
0
HO
False
1486727192.971
0
HO
False
1486727193.6
0
HO
False
1486727193.45
0
HO
False
1486727193.83
0
HO
False
1486727193.129
0
HO
False
1486727193.160
0
HO
False
1486727193.204
0
HO
False
1486727193.238
0
HO
False
1486727193.279
0
HO
False
1486727193.314
48
HB
True
1486727193.354
48
HB
True
1486727193.392
48
HB
True
1486727193.431
51
HB
True
1486727193.468
51
HB
True
1486727193.507
51
HB
True
1486727193.546
51
HB
True
1486727193.586
51
HB
True
1486727193.624
51
HB
True
1486727193.662
49
HO
True
1486727193.699
49
HO
True
1486727193.739
49
HO
True
1486727193.779
46
HA
True
1486727193.818
46
HA
True
1486727193.854
46
HA
True
1486727193.912
42
HA
True
1486727193.947
42
HA
True
1486727194.53
36
HA
True
1486727194.87
36
HA
True
1486727194.124
32
HA
True
1486727194.163
32
HA
True
1486727194.201
32
HA
True
1486727194.240
0
HO
False
1486727194.281
0
HO
False
1486727194.317
0
HO
False
1486727194.356
0
HO
False
1486727194.406
0
HO
False
1486727194.458
0
HO
False
1486727194.625
0
HO
False
1486727194.665
0
HO
False
1486727194.700
0
HO
False
1486727194.740
0
HO
False
1486727194.778
0
HO
False
1486727194.817
0
HO
False
1486727194.859
0
HO
False
1486727194.893
0
HO
False
1486727194.934
0
HO
False
1486727194.972
0
HO
False
1486727195.11
0
HO
False
1486727195.50
0
HO
False
1486727195.91
0
HO
False
1486727195.130
0
HO
False
1486727195.171
0
HO
False
1486727195.208
0
HO
False
1486727195.271
0
HO
False
1486727195.357
0
HO
False
1486727195.431
0
HO
False
1486727195.512
0
HO
False
1486727195.556
0
HO
False
1486727195.590
0
HO
False
1486727195.627
0
HO
False
1486727195.668
0
HO
False
1486727195.703
0
HO
False
1486727195.742
0
HO
False
1486727195.783
0
HO
False
1486727195.819
0
HO
False
1486727195.858
0
HO
False
1486727195.897
0
HO
False
1486727195.935
0
HO
False
1486727195.974
0
HO
False
1486727196.12
0
HO
False
1486727196.52
0
HO
False
1486727196.92
0
HO
False
1486727196.130
0
HO
False
1486727196.167
0
HO
False
1486727196.205
0
HO
False
1486727196.243
0
HO
False
1486727196.365
0
HO
False
1486727196.401
0
HO
False
1486727196.454
0
HO
False
1486727196.501
0
HO
False
1486727196.537
0
HO
False
1486727196.571
0
HO
False
1486727196.601
0
HO
False
1486727196.632
0
HO
False
1486727196.675
0
HO
False
1486727196.704
0
HO
False
1486727197.984
50
HA
True
1486727198.19
50
HA
True
1486727198.57
51
HA
True
1486727198.96
51
HA
True
1486727198.133
51
HA
True
1486727198.171
49
HA
True
1486727198.209
49
HA
True
1486727198.249
49
HA
True
1486727198.286
48
HO
True
1486727198.326
48
HO
True
1486727198.364
48
HO
True
1486727198.423
45
HB
True
1486727198.457
45
HB
True
1486727198.479
45
HB
True
1486727198.521
41
HB
True
1486727198.562
41
HB
True
1486727198.599
41
HB
True
1486727198.633
32
HB
True
1486727198.671
32
HB
True
1486727198.709
32
HB
True
1486727198.749
0
HO
False
1486727198.790
0
HO
False
1486727198.827
0
HO
False
1486727198.864
0
HO
False
1486727198.903
0
HO
False
1486727198.941
0
HO
False
1486727198.981
0
HO
False
1486727199.20
0
HO
False
1486727199.56
0
HO
False
1486727199.102
0
HO
False
1486727199.142
0
HO
False
1486727199.176
0
HO
False
1486727199.212
0
HO
False
1486727199.249
0
HO
False
1486727199.289
0
HO
False
1486727199.328
0
HO
False
1486727199.366
0
HO
False
1486727199.404
0
HO
False
1486727199.442
0
HO
False
1486727199.481
0
HO
False
1486727199.520
0
HO
False
1486727199.559
0
HO
False
1486727199.599
0
HO
False
1486727199.636
0
HO
False
1486727199.674
0
HO
False
1486727199.712
0
HO
False
1486727199.751
0
HO
False
1486727199.793
0
HO
False
1486727199.829
0
HO
False
1486727199.867
0
HO
False
1486727199.906
0
HO
False
1486727199.943
0
HO
False
1486727199.981
0
HO
False
1486727200.21
0
HO
False
1486727200.66
0
HO
False
1486727200.101
0
HO
False
1486727200.137
0
HO
False
1486727200.174
0
HO
False
1486727200.213
0
HO
False
1486727200.252
0
HO
False
1486727200.293
0
HO
False
1486727200.329
0
HO
False
1486727200.382
0
HO
False
1486727200.408
0
HO
False
1486727200.454
0
HO
False
1486727200.482
0
HO
False
1486727200.525
0
HO
False
1486727200.559
0
HO
False
1486727200.600
0
HO
False
1486727200.638
0
HO
False
1486727200.676
0
HO
False
1486727200.715
0
HO
False
1486727200.753
0
HO
False
1486727200.791
0
HO
False
1486727200.830
0
HO
False
1486727200.869
0
HO
False
1486727200.908
0
HO
False
1486727200.945
0
HO
False
1486727200.984
0
HO
False
1486727201.23
0
HO
False
1486727201.76
0
HO
False
1486727201.177
0
HO
False
1486727201.229
0
HO
False
1486727201.273
0
HO
False
1486727201.308
0
HO
False
1486727201.328
0
HO
False
1486727201.368
0
HO
False
1486727201.406
0
HO
False
1486727201.447
0
HO
False
1486727201.486
0
HO
False
1486727201.523
0
HO
False
1486727201.568
0
HO
False
1486727201.608
0
HO
False
1486727201.642
0
HO
False
1486727201.679
0
HO
False
1486727201.717
0
HO
False
1486727201.759
0
HO
False
1486727201.793
0
HO
False
1486727201.832
0
HO
False
1486727201.870
0
HO
False
1486727201.932
0
HO
False
1486727202.26
0
HO
False
1486727202.74
0
HO
False
1486727202.179
0
HO
False
1486727202.217
0
HO
False
1486727202.256
0
HO
False
1486727202.295
0
HO
False
1486727202.335
0
HO
False
1486727202.371
0
HO
False
1486727202.410
0
HO
False
1486727202.449
0
HO
False
1486727202.488
0
HO
False
1486727202.525
0
HO
False
1486727202.565
0
HO
False
1486727202.603
0
HO
False
1486727202.643
0
HO
False
1486727202.680
0
HO
False
1486727202.719
0
HO
False
1486727202.757
0
HO
False
1486727202.798
0
HO
False
1486727202.835
0
HO
False
1486727202.874
0
HO
False
1486727202.912
0
HO
False
1486727202.949
0
HO
False
1486727202.988
0
HO
False
1486727203.27
0
HO
False
1486727203.73
0
HO
False
1486727203.106
0
HO
False
1486727203.142
0
HO
False
1486727203.181
0
HO
False
1486727203.220
0
HO
False
1486727203.258
0
HO
False
1486727203.296
0
HO
False
1486727203.337
0
HO
False
1486727203.373
0
HO
False
1486727203.413
0
HO
False
1486727203.451
0
HO
False
1486727203.489
0
HO
False
1486727203.528
0
HO
False
1486727203.567
0
HO
False
1486727203.606
0
HO
False
1486727203.644
0
HO
False
1486727203.683
0
HO
False
1486727203.721
0
HO
False
1486727203.759
0
HO
False
1486727203.799
0
HO
False
1486727203.837
0
HO
False
1486727203.875
0
HO
False
1486727203.914
0
HO
False
1486727203.951
0
HO
False
1486727203.990
0
HO
False
1486727204.28
0
HO
False
1486727204.67
0
HO
False
1486727204.106
0
HO
False
1486727204.145
0
HO
False
1486727204.183
0
HO
False
1486727204.221
0
HO
False
1486727204.260
0
HO
False
1486727204.301
0
HO
False
1486727204.338
0
HO
False
1486727204.375
0
HO
False
1486727204.414
0
HO
False
1486727204.452
0
HO
False
1486727204.492
0
HO
False
1486727204.529
0
HO
False
1486727204.575
0
HO
False
1486727204.606
0
HO
False
1486727204.647
0
HO
False
1486727204.685
0
HO
False
1486727204.722
0
HO
False
1486727204.762
0
HO
False
1486727204.800
0
HO
False
1486727204.837
0
HO
False
1486727204.877
50
HB
True
1486727204.915
50
HB
True
1486727204.954
50
HB
True
1486727204.993
52
HB
True
1486727205.30
52
HB
True
1486727205.70
52
HB
True
1486727205.109
52
HB
True
1486727205.147
52
HB
True
1486727205.188
52
HB
True
1486727205.225
51
HO
True
1486727205.262
51
HO
True
1486727205.300
51
HO
True
1486727205.341
49
HO
True
1486727205.378
49
HO
True
1486727205.416
49
HO
True
1486727205.454
45
HA
True
1486727205.493
45
HA
True
1486727205.532
45
HA
True
1486727205.571
41
HA
True
1486727205.609
41
HA
True
1486727205.647
41
HA
True
1486727205.686
35
HA
True
1486727205.725
35
HA
True
1486727205.763
35
HA
True
1486727205.803
0
HO
False
1486727205.839
0
HO
False
1486727205.880
0
HO
False
1486727205.917
0
HO
False
1486727205.956
0
HO
False
1486727205.994
0
HO
False
1486727206.32
0
HO
False
1486727206.78
0
HO
False
1486727206.110
0
HO
False
1486727206.149
0
HO
False
1486727206.186
0
HO
False
1486727206.225
0
HO
False
1486727206.265
0
HO
False
1486727206.302
0
HO
False
1486727206.341
0
HO
False
1486727206.381
0
HO
False
1486727206.430
0
HO
False
1486727206.467
0
HO
False
1486727206.495
0
HO
False
1486727206.533
0
HO
False
1486727206.572
0
HO
False
1486727206.612
0
HO
False
1486727206.649
0
HO
False
1486727206.687
0
HO
False
1486727206.742
0
HO
False
1486727206.842
0
HO
False
1486727206.881
0
HO
False
1486727206.919
0
HO
False
1486727206.972
0
HO
False
1486727207.15
0
HO
False
1486727207.48
0
HO
False
1486727207.71
0
HO
False
1486727207.116
0
HO
False
1486727207.160
0
HO
False
1486727207.193
0
HO
False
1486727207.229
0
HO
False
1486727207.266
0
HO
False
1486727207.305
0
HO
False
1486727207.344
0
HO
False
1486727207.382
0
HO
False
1486727207.421
0
HO
False
1486727207.459
0
HO
False
1486727207.499
0
HO
False
1486727207.536
0
HO
False
1486727207.578
0
HO
False
1486727207.692
0
HO
False
1486727207.729
0
HO
False
1486727207.767
0
HO
False
1486727207.816
0
HO
False
1486727207.865
0
HO
False
1486727207.900
0
HO
False
1486727207.931
0
HO
False
1486727207.962
0
HO
False
1486727208.2
0
HO
False
1486727208.38
0
HO
False
1486727208.76
0
HO
False
1486727208.115
0
HO
False
1486727208.153
0
HO
False
1486727208.191
0
HO
False
1486727208.230
0
HO
False
1486727208.269
0
HO
False
1486727208.307
0
HO
False
1486727208.346
0
HO
False
1486727208.385
0
HO
False
1486727208.423
0
HO
False
1486727208.462
0
HO
False
1486727208.501
0
HO
False
1486727208.537
0
HO
False
1486727208.576
0
HO
False
1486727208.616
0
HO
False
1486727208.655
0
HO
False
1486727208.692
0
HO
False
1486727208.731
0
HO
False
1486727208.770
0
HO
False
1486727208.808
0
HO
False
1486727208.846
0
HO
False
1486727208.885
0
HO
False
1486727208.924
0
HO
False
1486727208.962
0
HO
False
1486727209.1
0
HO
False
1486727209.38
0
HO
False
1486727209.82
0
HO
False
1486727209.117
0
HO
False
1486727209.155
0
HO
False
1486727209.193
0
HO
False
1486727209.232
0
HO
False
1486727209.271
0
HA
True
1486727209.309
0
HA
True
1486727209.348
0
HA
True
1486727209.387
44
HA
True
1486727209.425
44
HA
True
1486727209.463
44
HA
True
1486727209.502
48
HA
True
1486727209.541
48
HA
True
1486727209.580
48
HA
True
1486727209.618
49
HA
True
1486727209.657
49
HA
True
1486727209.695
49
HA
True
1486727209.734
49
HA
True
1486727209.771
49
HA
True
1486727209.811
49
HA
True
1486727209.848
48
HO
True
1486727209.888
48
HO
True
1486727209.925
48
HO
True
1486727209.965
46
HB
True
1486727210.3
46
HB
True
1486727210.42
46
HB
True
1486727210.81
40
HB
True
1486727210.119
40
HB
True
1486727210.158
40
HB
True
1486727210.197
0
HO
False
1486727210.234
0
HO
False
1486727210.272
0
HO
False
1486727210.312
0
HO
False
1486727210.359
0
HO
False
1486727210.388
0
HO
False
1486727210.431
0
HO
False
1486727210.468
0
HO
False
1486727210.506
0
HO
False
1486727210.543
0
HO
False
1486727210.583
0
HO
False
1486727210.620
0
HO
False
1486727210.659
0
HO
False
1486727210.697
0
HO
False
1486727210.735
0
HO
False
1486727210.774
0
HO
False
1486727210.814
0
HO
False
1486727210.851
0
HO
False
1486727210.889
0
HO
False
1486727210.928
0
HO
False
1486727210.968
0
HO
False
1486727211.6
0
HO
False
1486727211.43
0
HO
False
1486727211.82
0
HO
False
1486727211.120
0
HO
False
1486727211.159
0
HO
False
1486727211.198
0
HO
False
1486727211.236
0
HO
False
1486727211.274
0
HO
False
1486727211.313
0
HO
False
1486727211.351
0
HO
False
1486727211.391
0
HO
False
1486727211.430
0
HO
False
1486727211.470
0
HO
False
1486727211.507
0
HO
False
1486727211.544
0
HO
False
1486727211.584
0
HO
False
1486727211.622
0
HO
False
1486727211.660
0
HO
False
1486727211.701
0
HO
False
1486727211.738
0
HO
False
1486727211.776
0
HO
False
1486727211.815
0
HO
False
1486727211.853
0
HO
False
1486727211.891
0
HO
False
1486727211.931
0
HO
False
1486727211.968
0
HO
False
1486727212.8
0
HO
False
1486727212.45
0
HO
False
1486727212.84
0
HO
False
1486727212.123
0
HO
False
1486727212.162
0
HO
False
1486727212.201
0
HO
False
1486727212.239
0
HO
False
1486727212.276
0
HO
False
1486727212.316
0
HO
False
1486727212.355
0
HO
False
1486727212.395
0
HO
False
1486727212.432
0
HO
False
1486727212.470
0
HO
False
1486727212.513
0
HO
False
1486727212.546
0
HO
False
1486727212.585
0
HO
False
1486727212.623
0
HO
False
1486727212.684
0
HO
False
1486727212.779
0
HO
False
1486727212.831
0
HO
False
1486727212.933
0
HO
False
1486727212.971
0
HO
False
1486727213.9
0
HO
False
1486727213.48
0
HO
False
1486727213.85
0
HO
False
1486727213.126
0
HO
False
1486727213.165
0
HO
False
1486727213.204
0
HO
False
1486727213.241
0
HO
False
1486727213.280
0
HO
False
1486727213.318
0
HO
False
1486727213.357
0
HO
False
1486727213.397
0
HO
False
1486727213.445
0
HO
False
1486727213.549
0
HO
False
1486727213.605
0
HO
False
1486727213.664
0
HO
False
1486727213.742
0
HO
False
1486727213.779
0
HO
False
1486727213.819
0
HO
False
1486727213.857
0
HO
False
1486727213.897
0
HO
False
1486727213.934
0
HO
False
1486727213.973
0
HO
False
1486727214.11
0
HO
False
1486727214.49
0
HO
False
1486727214.89
0
HO
False
1486727214.127
0
HO
False
1486727214.165
0
HO
False
1486727214.206
0
HO
False
1486727214.243
0
HO
False
1486727214.282
0
HO
False
1486727214.319
0
HO
False
1486727214.358
0
HO
False
1486727214.397
0
HO
False
1486727214.436
0
HO
False
1486727214.474
0
HO
False
1486727214.515
0
HO
False
1486727214.551
0
HO
False
1486727214.590
0
HO
False
1486727214.628
0
HO
False
1486727214.667
0
HO
False
1486727214.707
0
HO
False
1486727214.744
0
HO
False
1486727214.781
0
HO
False
1486727214.820
0
HO
False
1486727214.860
0
HO
False
1486727214.898
0
HO
False
1486727214.936
0
HO
False
1486727214.975
0
HO
False
1486727215.168
0
HO
False
1486727215.209
0
HO
False
1486727215.245
0
HO
False
1486727215.284
0
HO
False
1486727215.323
0
HO
False
1486727215.360
0
HO
False
1486727215.399
0
HO
False
1486727215.438
0
HO
False
1486727215.476
0
HO
False
1486727215.519
0
HO
False
1486727215.554
0
HO
False
1486727215.592
0
HO
False
1486727215.631
0
HO
False
1486727215.669
0
HO
False
1486727215.708
0
HO
False
1486727215.747
0
HO
False
1486727215.784
0
HO
False
1486727215.826
0
HO
False
1486727215.862
0
HO
False
1486727215.901
0
HO
False
1486727215.940
0
HO
False
1486727215.978
0
HO
False
1486727216.18
0
HO
False
1486727216.54
0
HO
False
1486727216.92
0
HO
False
1486727216.131
0
HO
False
1486727216.170
0
HO
False
1486727216.209
0
HO
False
1486727216.246
0
HO
False
1486727216.287
0
HO
False
1486727216.325
51
HB
True
1486727216.363
51
HB
True
1486727216.401
51
HB
True
1486727216.440
51
HB
True
1486727216.478
51
HB
True
1486727216.518
51
HB
True
1486727216.555
51
HB
True
1486727216.595
51
HB
True
1486727216.634
51
HB
True
1486727216.671
49
HO
True
1486727216.709
49
HO
True
1486727216.750
49
HO
True
1486727216.786
48
HA
True
1486727216.827
48
HA
True
1486727216.863
48
HA
True
1486727216.902
41
HA
True
1486727216.941
41
HA
True
1486727216.980
41
HA
True
1486727217.19
35
HA
True
1486727217.56
35
HA
True
1486727217.94
35
HA
True
1486727217.135
0
HA
True
1486727217.175
0
HA
True
1486727217.209
0
HA
True
1486727217.249
0
HO
False
1486727217.288
0
HO
False
1486727217.329
0
HO
False
1486727217.365
0
HO
False
1486727217.403
0
HO
False
1486727217.442
0
HO
False
1486727217.480
0
HO
False
1486727217.519
0
HO
False
1486727217.558
0
HO
False
1486727217.596
0
HO
False
1486727217.636
0
HO
False
1486727217.673
0
HO
False
1486727217.712
0
HO
False
1486727217.750
0
HO
False
1486727217.789
0
HO
False
1486727217.828
0
HO
False
1486727217.866
0
HO
False
1486727217.903
0
HO
False
1486727217.944
0
HO
False
1486727217.981
0
HO
False
1486727218.20
0
HO
False
1486727218.58
0
HO
False
1486727218.98
0
HO
False
1486727218.138
0
HO
False
1486727218.174
0
HO
False
1486727218.234
0
HO
False
1486727218.328
0
HO
False
1486727218.377
0
HO
False
1486727218.434
0
HO
False
1486727218.521
0
HO
False
1486727218.558
0
HO
False
1486727218.597
0
HO
False
1486727218.637
0
HO
False
1486727218.675
0
HO
False
1486727218.714
0
HO
False
1486727218.755
0
HO
False
1486727218.791
0
HO
False
1486727218.830
0
HO
False
1486727218.867
0
HO
False
1486727218.906
0
HO
False
1486727218.945
0
HO
False
1486727218.983
0
HO
False
1486727219.21
0
HO
False
1486727219.61
0
HO
False
1486727219.100
0
HO
False
1486727219.157
0
HO
False
1486727219.205
0
HO
False
1486727219.293
0
HO
False
1486727219.352
0
HO
False
1486727219.449
0
HO
False
1486727219.484
0
HO
False
1486727219.523
0
HO
False
1486727219.562
0
HO
False
1486727219.601
0
HO
False
1486727219.638
0
HO
False
1486727219.677
0
HO
False
1486727219.715
0
HO
False
1486727219.756
0
HO
False
1486727219.794
0
HO
False
1486727219.831
0
HO
False
1486727219.869
0
HO
False
1486727219.909
0
HO
False
1486727219.949
0
HO
False
1486727219.985
0
HO
False
1486727220.24
0
HO
False
1486727220.63
0
HO
False
1486727220.101
0
HO
False
1486727220.141
0
HA
True
1486727220.179
0
HA
True
1486727220.217
0
HA
True
1486727220.256
0
HO
False
1486727220.294
0
HO
False
1486727220.335
0
HO
False
1486727220.384
50
HA
True
1486727220.432
50
HA
True
1486727220.469
50
HA
True
1486727220.497
51
HA
True
1486727220.530
51
HA
True
1486727220.562
51
HA
True
1486727220.602
50
HA
True
1486727220.642
50
HA
True
1486727220.679
50
HA
True
1486727220.717
50
HO
True
1486727220.757
50
HO
True
1486727220.796
50
HO
True
1486727220.833
51
HB
True
1486727220.872
51
HB
True
1486727220.911
51
HB
True
1486727220.950
49
HB
True
1486727220.988
49
HB
True
1486727221.38
49
HB
True
1486727221.84
43
HB
True
1486727221.122
43
HB
True
1486727221.145
43
HB
True
1486727221.179
0
HO
False
1486727221.218
0
HO
False
1486727221.257
0
HO
False
1486727221.296
0
HO
False
1486727221.334
0
HO
False
1486727221.373
0
HO
False
1486727221.411
0
HO
False
1486727221.452
0
HO
False
1486727221.488
0
HO
False
1486727221.527
0
HO
False
1486727221.566
0
HO
False
1486727221.603
0
HO
False
1486727221.644
0
HO
False
1486727221.682
0
HO
False
1486727221.719
0
HO
False
1486727221.759
0
HO
False
1486727221.798
0
HO
False
1486727221.837
0
HO
False
1486727221.873
0
HO
False
1486727221.912
0
HO
False
1486727221.951
0
HO
False
1486727221.990
0
HO
False
1486727222.27
0
HO
False
1486727222.66
0
HO
False
1486727222.105
0
HO
False
1486727222.146
0
HO
False
1486727222.182
0
HO
False
1486727222.220
0
HO
False
1486727222.259
0
HO
False
1486727222.298
0
HO
False
1486727222.337
0
HO
False
1486727222.375
0
HO
False
1486727222.431
0
HO
False
1486727222.465
0
HO
False
1486727222.489
0
HO
False
1486727222.528
0
HO
False
1486727222.568
0
HO
False
1486727222.609
0
HO
False
1486727222.646
0
HO
False
1486727222.684
0
HO
False
1486727222.722
0
HO
False
1486727222.760
0
HO
False
1486727222.798
0
HO
False
1486727222.837
0
HO
False
1486727222.877
0
HO
False
1486727222.915
0
HO
False
1486727222.954
0
HO
False
1486727222.991
0
HO
False
1486727223.30
0
HO
False
1486727223.70
0
HO
False
1486727223.109
0
HO
False
1486727223.150
0
HO
False
1486727223.184
0
HO
False
1486727223.222
0
HO
False
1486727223.261
0
HO
False
1486727223.300
0
HO
False
1486727223.339
0
HO
False
1486727223.377
0
HO
False
1486727223.415
0
HO
False
1486727223.455
0
HO
False
1486727223.492
0
HO
False
1486727223.531
0
HO
False
1486727223.570
0
HO
False
1486727223.608
0
HO
False
1486727223.647
0
HO
False
1486727223.686
0
HO
False
1486727223.725
0
HO
False
1486727223.763
0
HO
False
1486727223.801
0
HO
False
1486727223.839
0
HO
False
1486727223.879
0
HO
False
1486727223.917
0
HO
False
1486727223.955
0
HO
False
1486727223.994
0
HO
False
1486727224.31
0
HO
False
1486727224.94
0
HO
False
1486727224.186
0
HO
False
1486727224.225
0
HO
False
1486727224.280
0
HO
False
1486727224.380
0
HO
False
1486727224.417
0
HO
False
1486727224.457
0
HO
False
1486727224.495
0
HO
False
1486727224.532
0
HO
False
1486727224.573
0
HO
False
1486727224.631
0
HO
False
1486727224.726
0
HO
False
1486727224.764
0
HO
False
1486727224.803
0
HO
False
1486727224.862
0
HO
False
1486727224.957
0
HO
False
1486727224.997
0
HO
False
1486727225.34
0
HO
False
1486727225.72
0
HO
False
1486727225.112
0
HO
False
1486727225.149
0
HO
False
1486727225.188
0
HO
False
1486727225.226
0
HO
False
1486727225.265
0
HO
False
1486727225.304
0
HO
False
1486727225.342
0
HO
False
1486727225.382
0
HO
False
1486727225.419
0
HO
False
1486727225.458
0
HO
False
1486727225.497
0
HO
False
1486727225.535
0
HO
False
1486727225.574
0
HO
False
1486727225.614
0
HO
False
1486727225.650
0
HO
False
1486727225.689
0
HO
False
1486727225.729
0
HO
False
1486727225.767
0
HO
False
1486727225.805
0
HO
False
1486727225.844
0
HO
False
1486727225.884
0
HO
False
1486727225.923
0
HO
False
1486727225.960
0
HO
False
1486727225.998
0
HO
False
1486727226.35
0
HO
False
1486727226.75
0
HO
False
1486727226.114
0
HO
False
1486727226.153
0
HO
False
1486727226.191
0
HO
False
1486727226.229
0
HO
False
1486727226.267
0
HO
False
1486727226.307
0
HO
False
1486727226.344
0
HO
False
1486727226.383
0
HO
False
1486727226.421
0
HO
False
1486727226.460
0
HO
False
1486727226.499
0
HO
False
1486727226.537
0
HO
False
1486727226.577
0
HO
False
1486727226.614
0
HO
False
1486727226.658
0
HO
False
1486727226.691
0
HO
False
1486727226.731
0
HO
False
1486727226.769
0
HO
False
1486727226.807
0
HO
False
1486727228.2
0
HO
False
1486727228.42
0
HO
False
1486727228.79
0
HO
False
1486727228.118
0
HO
False
1486727228.157
0
HO
False
1486727228.195
0
HO
False
1486727228.234
0
HO
False
1486727228.271
0
HO
False
1486727228.310
0
HO
False
1486727228.348
0
HO
False
1486727228.387
0
HO
False
1486727228.426
0
HO
False
1486727228.464
0
HO
False
1486727228.503
0
HO
False
1486727228.542
0
HO
False
1486727228.581
0
HO
False
1486727228.618
0
HO
False
1486727228.657
0
HO
False
1486727228.696
0
HO
False
1486727228.735
0
HO
False
1486727228.772
0
HO
False
1486727228.812
0
HO
False
1486727228.849
0
HO
False
1486727228.889
0
HO
False
1486727228.928
0
HO
False
1486727228.965
0
HO
False
1486727229.4
0
HO
False
1486727229.42
0
HO
False
1486727229.82
0
HO
False
1486727229.119
0
HO
False
1486727229.171
0
HO
False
1486727229.224
0
HO
False
1486727229.313
0
HO
False
1486727229.366
0
HO
False
1486727229.467
0
HO
False
1486727229.508
0
HO
False
1486727229.544
0
HO
False
1486727229.583
0
HO
False
1486727229.621
0
HO
False
1486727229.661
0
HO
False
1486727229.697
0
HO
False
1486727229.736
0
HO
False
1486727229.774
0
HO
False
1486727229.814
0
HO
False
1486727229.852
0
HO
False
1486727229.908
0
HO
False
1486727229.955
0
HO
False
1486727230.46
0
HO
False
1486727230.102
0
HO
False
1486727230.199
0
HO
False
1486727230.238
0
HO
False
1486727230.276
0
HO
False
1486727230.316
0
HO
False
1486727230.366
0
HO
False
1486727230.401
0
HO
False
1486727230.440
0
HO
False
1486727230.475
0
HO
False
1486727230.509
0
HO
False
1486727230.545
0
HO
False
1486727230.584
0
HO
False
1486727230.623
0
HO
False
1486727230.662
0
HO
False
1486727230.700
0
HO
False
1486727230.738
0
HO
False
1486727230.776
0
HO
False
1486727230.816
0
HO
False
1486727230.855
0
HO
False
1486727230.893
0
HO
False
1486727230.932
0
HO
False
1486727230.971
0
HO
False
1486727231.9
0
HO
False
1486727231.47
0
HO
False
1486727231.85
0
HO
False
1486727231.125
0
HO
False
1486727231.164
0
HO
False
1486727231.201
0
HO
False
1486727231.239
0
HO
False
1486727231.278
0
HO
False
1486727231.318
0
HO
False
1486727231.356
39
HA
True
1486727231.393
39
HA
True
1486727231.433
39
HA
True
1486727231.471
49
HA
True
1486727231.509
49
HA
True
1486727231.548
49
HA
True
1486727231.586
49
HA
True
1486727231.625
49
HA
True
1486727231.663
49
HA
True
1486727231.703
48
HA
True
1486727231.742
48
HA
True
1486727231.779
48
HA
True
1486727231.818
44
HO
True
1486727231.858
44
HO
True
1486727231.895
44
HO
True
1486727231.935
44
HB
True
1486727231.971
44
HB
True
1486727232.11
44
HB
True
1486727232.53
43
HB
True
1486727232.87
43
HB
True
1486727232.127
43
HB
True
1486727232.166
35
HB
True
1486727232.204
35
HB
True
1486727232.242
35
HB
True
1486727232.279
0
HO
False
1486727232.319
0
HO
False
1486727232.357
0
HO
False
1486727232.396
0
HO
False
1486727232.434
0
HO
False
1486727232.477
0
HO
False
1486727232.512
0
HO
False
1486727232.551
0
HO
False
1486727232.589
0
HO
False
1486727232.627
0
HO
False
1486727232.665
0
HO
False
1486727232.705
0
HO
False
1486727232.744
0
HO
False
1486727232.781
0
HO
False
1486727232.820
0
HO
False
1486727232.859
0
HO
False
1486727232.897
0
HO
False
1486727232.937
0
HO
False
1486727232.974
0
HO
False
1486727233.15
0
HO
False
1486727233.51
0
HO
False
1486727233.90
0
HO
False
1486727233.131
0
HO
False
1486727233.167
0
HO
False
1486727233.205
0
HO
False
1486727233.246
0
HO
False
1486727233.282
0
HO
False
1486727233.320
0
HO
False
1486727233.359
0
HO
False
1486727233.398
0
HO
False
1486727233.436
0
HO
False
1486727233.474
0
HO
False
1486727233.514
0
HO
False
1486727233.555
0
HO
False
1486727233.590
0
HO
False
1486727233.629
0
HO
False
1486727233.667
0
HO
False
1486727233.707
0
HO
False
1486727233.747
0
HO
False
1486727233.783
0
HO
False
1486727233.822
0
HO
False
1486727233.860
0
HO
False
1486727233.900
0
HO
False
1486727233.938
0
HO
False
1486727233.976
0
HO
False
1486727234.15
0
HO
False
1486727234.54
0
HO
False
1486727234.91
0
HO
False
1486727234.130
0
HO
False
1486727234.169
0
HO
False
1486727234.207
0
HO
False
1486727234.248
0
HO
False
1486727234.283
0
HO
False
1486727234.323
0
HO
False
1486727234.362
0
HO
False
1486727234.400
0
HO
False
1486727234.443
0
HO
False
1486727234.478
0
HO
False
1486727234.516
0
HO
False
1486727234.556
0
HO
False
1486727234.592
0
HO
False
1486727234.713
0
HO
False
1486727234.746
0
HO
False
1486727234.786
0
HO
False
1486727234.823
0
HO
False
1486727234.882
0
HO
False
1486727234.936
0
HO
False
1486727234.964
0
HO
False
1486727234.981
0
HO
False
1486727235.15
0
HO
False
1486727235.211
0
HO
False
1486727235.252
0
HO
False
1486727235.286
0
HO
False
1486727235.325
0
HO
False
1486727235.364
0
HO
False
1486727235.403
0
HO
False
1486727235.441
0
HO
False
1486727235.562
0
HO
False
1486727235.601
0
HO
False
1486727235.633
0
HO
False
1486727235.673
0
HO
False
1486727235.711
0
HO
False
1486727235.748
0
HO
False
1486727235.801
0
HO
False
1486727235.902
0
HO
False
1486727235.942
0
HO
False
1486727235.981
0
HO
False
1486727236.19
0
HO
False
1486727236.60
0
HO
False
1486727236.96
0
HO
False
1486727236.136
0
HO
False
1486727236.172
0
HO
False
1486727236.214
0
HO
False
1486727236.249
0
HO
False
1486727236.290
0
HO
False
1486727236.328
0
HO
False
1486727236.366
0
HO
False
1486727236.404
0
HO
False
1486727236.442
0
HO
False
1486727236.482
0
HO
False
1486727236.520
0
HO
False
1486727236.562
0
HO
False
1486727236.597
0
HO
False
1486727236.636
0
HO
False
1486727236.674
0
HO
False
1486727236.712
0
HO
False
1486727236.752
0
HO
False
1486727236.790
0
HO
False
1486727236.829
0
HO
False
1486727236.870
0
HO
False
1486727236.905
0
HO
False
1486727236.944
0
HO
False
1486727236.983
0
HO
False
1486727237.21
0
HO
False
1486727237.59
0
HO
False
1486727237.99
0
HO
False
1486727237.137
0
HO
False
1486727237.177
0
HO
False
1486727237.215
0
HO
False
1486727237.254
0
HO
False
1486727237.295
0
HO
False
1486727237.329
0
HO
False
1486727237.370
0
HO
False
1486727237.407
0
HO
False
1486727237.446
0
HO
False
1486727237.484
0
HO
False
1486727237.522
0
HO
False
1486727237.561
0
HO
False
1486727237.600
0
HO
False
1486727237.639
0
HO
False
1486727237.678
0
HO
False
1486727237.715
0
HO
False
1486727237.753
0
HO
False
1486727237.792
0
HO
False
1486727237.831
0
HO
False
1486727237.870
0
HO
False
1486727237.908
0
HO
False
1486727238.139
0
HO
False
1486727238.180
0
HO
False
1486727238.217
0
HO
False
1486727238.254
0
HO
False
1486727238.292
0
HO
False
1486727238.331
0
HO
False
1486727238.373
0
HO
False
1486727238.408
0
HO
False
1486727238.447
0
HO
False
1486727238.485
0
HO
False
1486727238.524
51
HB
True
1486727238.562
51
HB
True
1486727238.601
51
HB
True
1486727238.641
52
HB
True
1486727238.682
52
HB
True
1486727238.717
52
HB
True
1486727238.755
51
HB
True
1486727238.794
51
HB
True
1486727238.832
51
HB
True
1486727238.872
49
HO
True
1486727238.910
49
HO
True
1486727238.948
49
HO
True
1486727238.987
47
HA
True
1486727239.24
47
HA
True
1486727239.66
47
HA
True
1486727239.102
45
HA
True
1486727239.142
45
HA
True
1486727239.203
45
HA
True
1486727239.232
39
HA
True
1486727239.255
39
HA
True
1486727239.298
39
HA
True
1486727239.332
34
HA
True
1486727239.374
34
HA
True
1486727239.411
34
HA
True
1486727239.449
0
HO
False
1486727239.488
0
HO
False
1486727239.528
0
HO
False
1486727239.566
0
HO
False
1486727239.603
0
HO
False
1486727239.643
0
HO
False
1486727239.682
0
HO
False
1486727239.718
0
HO
False
1486727239.758
0
HO
False
1486727239.796
0
HO
False
1486727239.834
0
HO
False
1486727239.878
0
HO
False
1486727239.917
0
HO
False
1486727239.951
0
HO
False
1486727239.990
0
HO
False
1486727240.28
0
HO
False
1486727240.66
0
HO
False
1486727240.105
0
HO
False
1486727240.149
0
HO
False
1486727240.183
0
HO
False
1486727240.220
0
HO
False
1486727240.258
0
HO
False
1486727240.298
0
HO
False
1486727240.337
0
HO
False
1486727240.453
0
HO
False
1486727240.507
0
HO
False
1486727240.531
0
HO
False
1486727240.568
0
HO
False
1486727240.627
0
HO
False
1486727240.797
0
HO
False
1486727240.839
0
HO
False
1486727240.875
0
HO
False
1486727240.915
0
HO
False
1486727240.952
0
HO
False
1486727240.994
0
HO
False
1486727241.30
0
HO
False
1486727241.68
0
HO
False
1486727241.107
0
HO
False
1486727241.145
0
HO
False
1486727241.262
0
HO
False
1486727241.299
0
HO
False
1486727241.338
0
HO
False
1486727241.392
0
HO
False
1486727241.493
0
HO
False
1486727241.530
0
HO
False
1486727241.569
0
HO
False
1486727241.608
0
HO
False
1486727241.649
0
HO
False
1486727241.686
0
HO
False
1486727241.724
0
HO
False
1486727241.762
0
HO
False
1486727241.801
0
HO
False
1486727241.838
0
HO
False
1486727241.878
0
HO
False
1486727241.916
0
HO
False
1486727241.954
0
HO
False
1486727241.996
0
HO
False
1486727242.31
0
HO
False
1486727242.70
0
HO
False
1486727242.115
0
HO
False
1486727242.147
0
HO
False
1486727242.189
0
HO
False
1486727242.224
0
HO
False
1486727242.263
0
HO
False
1486727242.301
0
HO
False
1486727242.341
0
HO
False
1486727242.379
0
HO
False
1486727242.418
0
HO
False
1486727242.456
0
HO
False
1486727242.496
0
HO
False
1486727242.532
0
HO
False
1486727242.571
0
HO
False
1486727242.611
0
HO
False
1486727242.648
0
HO
False
1486727242.688
0
HO
False
1486727242.725
0
HO
False
1486727242.763
0
HO
False
1486727242.803
0
HO
False
1486727242.841
0
HO
False
1486727242.880
0
HO
False
1486727242.918
0
HA
True
1486727242.957
0
HA
True
1486727242.997
0
HA
True
1486727243.34
49
HA
True
1486727243.73
49
HA
True
1486727243.111
49
HA
True
1486727243.149
47
HA
True
1486727243.187
47
HA
True
1486727243.225
47
HA
True
1486727243.265
48
HA
True
1486727243.305
48
HA
True
1486727243.341
48
HA
True
1486727243.380
49
HO
True
1486727243.419
49
HO
True
1486727243.458
49
HO
True
1486727243.497
50
HB
True
1486727243.533
50
HB
True
1486727243.573
50
HB
True
1486727243.619
38
HB
True
1486727243.652
38
HB
True
1486727243.688
38
HB
True
1486727243.728
0
HB
True
1486727243.767
0
HB
True
1486727243.807
0
HB
True
1486727243.844
0
HO
False
1486727243.882
0
HO
False
1486727243.921
0
HO
False
1486727243.958
0
HO
False
1486727243.999
0
HO
False
1486727244.35
0
HO
False
1486727244.74
0
HO
False
1486727244.113
0
HO
False
1486727244.152
0
HO
False
1486727244.190
0
HO
False
1486727244.231
0
HO
False
1486727244.266
0
HO
False
1486727244.309
0
HO
False
1486727244.345
0
HO
False
1486727244.383
0
HO
False
1486727244.420
0
HO
False
1486727244.460
0
HO
False
1486727244.500
0
HO
False
1486727244.537
0
HO
False
1486727244.576
0
HO
False
1486727244.613
0
HO
False
1486727244.652
0
HO
False
1486727244.691
0
HO
False
1486727244.730
0
HO
False
1486727244.767
0
HO
False
1486727244.809
0
HO
False
1486727244.846
0
HO
False
1486727244.883
0
HO
False
1486727244.922
0
HO
False
1486727244.961
0
HO
False
1486727245.1
0
HO
False
1486727245.37
0
HO
False
1486727245.76
0
HO
False
1486727245.123
0
HO
False
1486727245.155
0
HO
False
1486727245.192
0
HO
False
1486727245.230
0
HO
False
1486727245.270
0
HO
False
1486727245.309
0
HO
False
1486727245.347
0
HO
False
1486727245.385
0
HO
False
1486727245.424
0
HO
False
1486727245.462
0
HO
False
1486727245.502
0
HO
False
1486727245.538
0
HO
False
1486727245.579
0
HO
False
1486727245.615
0
HO
False
1486727245.655
0
HO
False
1486727245.692
0
HO
False
1486727245.733
0
HO
False
1486727245.770
0
HO
False
1486727245.811
0
HO
False
1486727245.847
0
HO
False
1486727245.886
0
HO
False
1486727245.924
0
HO
False
1486727245.963
0
HO
False
1486727246.2
0
HO
False
1486727246.41
0
HO
False
1486727246.82
0
HO
False
1486727246.118
0
HO
False
1486727246.155
0
HO
False
1486727246.194
0
HO
False
1486727246.233
0
HO
False
1486727246.271
0
HO
False
1486727246.312
0
HO
False
1486727246.348
0
HO
False
1486727246.386
0
HO
False
1486727246.425
0
HO
False
1486727246.469
0
HO
False
1486727246.593
0
HO
False
1486727246.775
0
HO
False
1486727246.826
0
HO
False
1486727246.856
0
HO
False
1486727246.977
0
HO
False
1486727247.9
0
HO
False
1486727247.46
0
HO
False
1486727247.82
0
HO
False
1486727247.196
0
HO
False
1486727247.235
0
HO
False
1486727247.272
0
HO
False
1486727247.314
0
HO
False
1486727247.371
0
HO
False
1486727247.467
0
HO
False
1486727247.505
0
HO
False
1486727247.544
0
HO
False
1486727247.583
0
HO
False
1486727247.623
0
HO
False
1486727247.660
0
HO
False
1486727247.697
0
HO
False
1486727247.736
0
HO
False
1486727247.774
0
HO
False
1486727247.813
0
HO
False
1486727247.851
0
HO
False
1486727247.890
0
HO
False
1486727247.931
0
HO
False
1486727247.967
0
HO
False
1486727248.6
0
HO
False
1486727248.44
0
HO
False
1486727248.82
0
HO
False
1486727248.123
0
HO
False
1486727248.162
0
HO
False
1486727248.199
0
HO
False
1486727248.237
0
HO
False
1486727248.275
0
HO
False
1486727248.314
0
HO
False
1486727248.352
0
HO
False
1486727248.391
0
HO
False
1486727248.430
0
HO
False
1486727248.468
0
HO
False
1486727248.507
0
HO
False
1486727248.546
0
HO
False
1486727248.584
0
HO
False
1486727248.623
0
HO
False
1486727248.661
0
HO
False
1486727248.698
0
HO
False
1486727248.739
0
HO
False
1486727248.776
0
HO
False
1486727248.815
0
HO
False
1486727248.855
0
HO
False
1486727248.892
0
HO
False
1486727248.932
0
HO
False
1486727248.969
0
HO
False
1486727249.7
0
HO
False
1486727249.46
0
HO
False
1486727249.86
0
HO
False
1486727249.123
0
HO
False
1486727249.162
0
HO
False
1486727249.201
0
HO
False
1486727249.241
0
HO
False
1486727249.276
0
HO
False
1486727249.333
0
HO
False
1486727249.369
0
HO
False
1486727249.391
0
HO
False
1486727249.433
0
HO
False
1486727249.472
0
HO
False
1486727249.508
0
HO
False
1486727249.546
0
HO
False
1486727249.586
0
HO
False
1486727249.624
0
HO
False
1486727249.664
0
HO
False
1486727249.702
0
HO
False
1486727249.741
52
HB
True
1486727249.780
52
HB
True
1486727249.817
52
HB
True
1486727249.856
51
HB
True
1486727249.894
51
HB
True
1486727249.935
51
HB
True
1486727249.971
49
HB
True
1486727250.12
49
HB
True
1486727250.54
49
HB
True
1486727250.86
50
HO
True
1486727250.128
50
HO
True
1486727250.162
50
HO
True
1486727250.203
49
HO
True
1486727250.243
49
HO
True
1486727250.279
49
HO
True
1486727250.319
42
HA
True
1486727250.368
42
HA
True
1486727250.411
42
HA
True
1486727250.445
34
HA
True
1486727250.480
34
HA
True
1486727250.513
34
HA
True
1486727250.548
32
HA
True
1486727250.591
32
HA
True
1486727250.626
32
HA
True
1486727250.665
0
HO
False
1486727250.703
0
HO
False
1486727250.745
0
HO
False
1486727250.780
0
HO
False
1486727250.818
0
HO
False
1486727250.857
0
HO
False
1486727250.897
0
HO
False
1486727250.935
0
HO
False
1486727250.973
0
HO
False
1486727251.12
0
HO
False
1486727251.51
0
HO
False
1486727251.89
0
HO
False
1486727251.136
0
HO
False
1486727251.170
0
HO
False
1486727251.204
0
HO
False
1486727251.244
0
HO
False
1486727251.281
0
HO
False
1486727251.320
0
HO
False
1486727251.359
0
HO
False
1486727251.397
0
HO
False
1486727251.438
0
HO
False
1486727251.474
0
HO
False
1486727251.513
0
HO
False
1486727251.552
0
HO
False
1486727251.673
0
HO
False
1486727251.706
0
HO
False
1486727251.746
0
HO
False
1486727251.802
0
HO
False
1486727251.898
0
HO
False
1486727251.938
0
HO
False
1486727251.975
0
HO
False
1486727252.14
0
HO
False
1486727252.55
0
HO
False
1486727252.91
0
HO
False
1486727252.130
0
HO
False
1486727252.168
0
HO
False
1486727252.207
0
HO
False
1486727252.247
0
HO
False
1486727252.282
0
HO
False
1486727252.322
0
HO
False
1486727252.360
0
HO
False
1486727252.417
0
HO
False
1486727252.515
0
HO
False
1486727252.554
0
HO
False
1486727252.610
0
HO
False
1486727252.784
0
HO
False
1486727252.823
0
HO
False
1486727252.862
0
HO
False
1486727252.900
0
HO
False
1486727252.938
0
HO
False
1486727252.977
0
HO
False
1486727253.16
0
HO
False
1486727253.57
0
HO
False
1486727253.94
0
HO
False
1486727253.131
0
HO
False
1486727253.170
0
HO
False
1486727253.209
0
HO
False
1486727253.250
0
HO
False
1486727253.285
0
HO
False
1486727253.324
0
HO
False
1486727253.363
0
HO
False
1486727253.401
0
HO
False
1486727253.439
0
HO
False
1486727253.479
0
HO
False
1486727253.520
0
HO
False
1486727253.557
0
HO
False
1486727253.594
0
HO
False
1486727253.634
0
HO
False
1486727253.674
49
HA
True
1486727253.711
49
HA
True
1486727253.749
49
HA
True
1486727253.786
50
HA
True
1486727253.826
50
HA
True
1486727253.865
50
HA
True
1486727253.904
51
HA
True
1486727253.940
51
HA
True
1486727253.980
51
HA
True
1486727254.18
50
HO
True
1486727254.58
50
HO
True
1486727254.95
50
HO
True
1486727254.139
45
HB
True
1486727254.178
45
HB
True
1486727254.213
45
HB
True
1486727254.253
44
HB
True
1486727254.288
44
HB
True
1486727254.326
44
HB
True
1486727254.365
36
HB
True
1486727254.403
36
HB
True
1486727254.441
36
HB
True
1486727254.481
0
HO
False
1486727254.520
0
HO
False
1486727254.560
0
HO
False
1486727254.596
0
HO
False
1486727254.636
0
HO
False
1486727254.674
0
HO
False
1486727254.713
0
HO
False
1486727254.753
0
HO
False
1486727254.789
0
HO
False
1486727254.827
0
HO
False
1486727254.866
0
HO
False
1486727254.904
0
HO
False
1486727254.943
0
HO
False
1486727254.981
0
HO
False
1486727255.20
0
HO
False
1486727255.61
0
HO
False
1486727255.97
0
HO
False
1486727255.136
0
HO
False
1486727255.174
0
HO
False
1486727255.213
0
HO
False
1486727255.255
0
HO
False
1486727255.290
0
HO
False
1486727255.329
0
HO
False
1486727255.366
0
HO
False
1486727255.407
0
HO
False
1486727255.445
0
HO
False
1486727255.481
0
HO
False
1486727255.522
0
HO
False
1486727255.562
0
HO
False
1486727255.598
0
HO
False
1486727255.642
0
HO
False
1486727255.679
0
HO
False
1486727255.714
0
HO
False
1486727255.753
0
HO
False
1486727255.790
0
HO
False
1486727255.831
0
HO
False
1486727255.870
0
HO
False
1486727255.906
0
HO
False
1486727255.946
0
HO
False
1486727255.983
0
HO
False
1486727256.22
0
HO
False
1486727256.63
0
HO
False
1486727256.100
0
HO
False
1486727256.138
0
HO
False
1486727256.177
0
HO
False
1486727256.215
0
HO
False
1486727256.255
0
HO
False
1486727256.291
0
HO
False
1486727256.331
0
HO
False
1486727256.370
0
HO
False
1486727256.408
0
HO
False
1486727256.446
0
HO
False
1486727256.484
0
HO
False
1486727256.523
0
HO
False
1486727256.563
0
HO
False
1486727256.601
0
HO
False
1486727256.640
0
HO
False
1486727256.681
0
HO
False
1486727256.727
0
HO
False
1486727256.759
0
HO
False
1486727256.794
0
HO
False
1486727256.834
0
HO
False
1486727256.870
0
HO
False
1486727256.909
0
HO
False
1486727257.955
0
HO
False
1486727258.7
0
HO
False
1486727258.44
0
HO
False
1486727258.73
0
HO
False
1486727258.106
0
HO
False
1486727258.144
0
HO
False
1486727258.180
0
HO
False
1486727258.219
0
HO
False
1486727258.257
0
HO
False
1486727258.296
0
HO
False
1486727258.335
0
HO
False
1486727258.375
0
HO
False
1486727258.412
0
HO
False
1486727258.450
0
HO
False
1486727258.489
0
HO
False
1486727258.528
0
HO
False
1486727258.568
0
HO
False
1486727258.604
0
HO
False
1486727258.649
0
HO
False
1486727258.683
0
HO
False
1486727258.721
0
HO
False
1486727258.759
0
HO
False
1486727258.798
0
HO
False
1486727258.836
0
HO
False
1486727258.876
0
HO
False
1486727258.912
0
HO
False
1486727258.950
0
HO
False
1486727258.990
0
HO
False
1486727259.29
0
HO
False
1486727259.69
0
HO
False
1486727259.106
0
HO
False
1486727259.145
0
HO
False
1486727259.185
0
HO
False
1486727259.221
0
HO
False
1486727259.260
0
HO
False
1486727259.299
0
HO
False
1486727259.337
0
HO
False
1486727259.378
0
HO
False
1486727259.414
0
HO
False
1486727259.453
0
HO
False
1486727259.492
0
HO
False
1486727259.530
0
HO
False
1486727259.568
0
HO
False
1486727259.607
0
HO
False
1486727259.646
0
HO
False
1486727259.688
0
HO
False
1486727259.724
0
HO
False
1486727259.761
0
HO
False
1486727259.799
0
HO
False
1486727259.838
0
HO
False
1486727259.879
0
HO
False
1486727259.914
0
HO
False
1486727259.953
0
HO
False
1486727259.992
0
HO
False
1486727260.30
0
HO
False
1486727260.70
0
HO
False
1486727260.107
0
HO
False
1486727260.154
0
HO
False
1486727260.189
0
HO
False
1486727260.224
0
HO
False
1486727260.262
0
HO
False
1486727260.303
0
HO
False
1486727260.339
0
HO
False
1486727260.384
0
HO
False
1486727260.432
0
HO
False
1486727260.463
0
HO
False
1486727260.494
0
HO
False
1486727260.537
0
HO
False
1486727260.570
0
HO
False
1486727260.608
0
HO
False
1486727260.647
0
HO
False
1486727260.688
0
HO
False
1486727260.724
0
HO
False
1486727260.763
0
HO
False
1486727260.802
0
HO
False
1486727260.840
41
HB
True
1486727260.881
41
HB
True
1486727260.918
41
HB
True
1486727260.955
51
HB
True
1486727260.995
51
HB
True
1486727261.32
51
HB
True
1486727261.72
51
HB
True
1486727261.109
51
HB
True
1486727261.148
51
HB
True
1486727261.189
51
HO
True
1486727261.228
51
HO
True
1486727261.264
51
HO
True
1486727261.302
48
HO
True
1486727261.342
48
HO
True
1486727261.381
48
HO
True
1486727261.417
46
HA
True
1486727261.456
46
HA
True
1486727261.498
46
HA
True
1486727261.533
43
HA
True
1486727261.573
43
HA
True
1486727261.611
43
HA
True
1486727261.656
37
HA
True
1486727261.689
37
HA
True
1486727261.726
37
HA
True
1486727261.765
34
HA
True
1486727261.804
34
HA
True
1486727261.841
34
HA
True
1486727261.880
0
HO
False
1486727261.919
0
HO
False
1486727262.499
0
HO
False
1486727262.535
0
HO
False
1486727262.575
0
HO
False
1486727262.612
0
HO
False
1486727262.652
0
HO
False
1486727262.693
0
HO
False
1486727262.731
0
HO
False
1486727262.767
0
HO
False
1486727262.805
0
HO
False
1486727262.845
0
HO
False
1486727262.883
0
HO
False
1486727262.922
0
HO
False
1486727262.961
0
HO
False
1486727263.0
0
HO
False
1486727263.37
0
HO
False
1486727263.100
0
HO
False
1486727263.194
0
HO
False
1486727263.250
0
HO
False
1486727263.293
0
HO
False
1486727263.321
0
HO
False
1486727263.352
0
HO
False
1486727263.384
0
HO
False
1486727263.429
0
HO
False
1486727263.465
0
HO
False
1486727263.501
0
HO
False
1486727263.537
0
HO
False
1486727263.576
0
HO
False
1486727263.615
0
HO
False
1486727263.653
0
HO
False
1486727263.709
0
HO
False
1486727263.808
0
HO
False
1486727263.846
0
HO
False
1486727264.78
0
HO
False
1486727264.116
0
HO
False
1486727264.155
0
HO
False
1486727264.193
0
HO
False
1486727264.232
0
HO
False
1486727264.270
0
HO
False
1486727264.311
0
HO
False
1486727264.347
0
HO
False
1486727264.387
0
HO
False
1486727264.425
0
HO
False
1486727264.462
0
HO
False
1486727264.504
0
HO
False
1486727264.539
0
HO
False
1486727264.579
0
HO
False
1486727264.618
0
HO
False
1486727264.662
0
HO
False
1486727264.694
0
HO
False
1486727264.733
0
HO
False
1486727264.771
0
HO
False
1486727264.812
0
HO
False
1486727264.848
0
HO
False
1486727264.887
0
HO
False
1486727264.925
0
HO
False
1486727264.964
0
HO
False
1486727265.5
0
HO
False
1486727265.41
0
HO
False
1486727265.80
0
HO
False
1486727265.119
0
HO
False
1486727265.157
0
HO
False
1486727265.196
0
HO
False
1486727265.233
0
HO
False
1486727265.272
0
HO
False
1486727265.312
0
HO
False
1486727265.349
48
HA
True
1486727265.388
48
HA
True
1486727265.426
48
HA
True
1486727265.465
49
HA
True
1486727265.505
49
HA
True
1486727265.542
49
HA
True
1486727265.581
49
HA
True
1486727265.619
49
HA
True
1486727265.658
49
HA
True
1486727265.697
50
HA
True
1486727265.734
50
HA
True
1486727265.774
50
HA
True
1486727265.813
51
HO
True
1486727265.852
51
HO
True
1486727265.889
51
HO
True
1486727265.928
51
HB
True
1486727265.965
51
HB
True
1486727266.5
51
HB
True
1486727266.44
43
HB
True
1486727266.81
43
HB
True
1486727266.120
43
HB
True
1486727266.166
32
HB
True
1486727266.197
32
HB
True
1486727266.236
32
HB
True
1486727266.275
0
HO
False
1486727266.315
0
HO
False
1486727266.350
0
HO
False
1486727266.390
0
HO
False
1486727266.429
0
HO
False
1486727266.467
0
HO
False
1486727266.505
0
HO
False
1486727266.545
0
HO
False
1486727266.583
0
HO
False
1486727266.622
0
HO
False
1486727266.660
0
HO
False
1486727266.698
0
HO
False
1486727266.737
0
HO
False
1486727266.776
0
HO
False
1486727266.816
0
HO
False
1486727266.852
0
HO
False
1486727266.892
0
HO
False
1486727266.930
0
HO
False
1486727266.969
0
HO
False
1486727267.7
0
HO
False
1486727267.45
0
HO
False
1486727267.85
0
HO
False
1486727267.124
0
HO
False
1486727267.161
0
HO
False
1486727267.199
0
HO
False
1486727267.237
0
HO
False
1486727267.276
0
HO
False
1486727267.316
0
HO
False
1486727267.354
0
HO
False
1486727267.393
0
HO
False
1486727267.431
0
HO
False
1486727267.468
0
HO
False
1486727267.507
0
HO
False
1486727267.547
0
HO
False
1486727267.585
0
HO
False
1486727267.625
0
HO
False
1486727267.667
0
HO
False
1486727267.699
0
HO
False
1486727267.739
0
HO
False
1486727267.777
0
HO
False
1486727267.818
0
HO
False
1486727267.855
0
HO
False
1486727267.893
0
HO
False
1486727267.931
0
HO
False
1486727267.970
0
HO
False
1486727268.9
0
HO
False
1486727268.47
0
HO
False
1486727268.85
0
HO
False
1486727268.126
0
HO
False
1486727268.163
0
HO
False
1486727268.201
0
HO
False
1486727268.239
0
HO
False
1486727268.278
0
HO
False
1486727268.316
0
HO
False
1486727268.355
0
HO
False
1486727268.395
0
HO
False
1486727268.434
0
HO
False
1486727268.471
0
HO
False
1486727268.510
0
HO
False
1486727268.549
0
HO
False
1486727268.586
0
HO
False
1486727268.780
0
HO
False
1486727268.827
0
HO
False
1486727268.859
0
HO
False
1486727268.896
0
HO
False
1486727268.950
0
HO
False
1486727269.168
0
HO
False
1486727269.204
0
HO
False
1486727269.243
0
HO
False
1486727269.280
0
HO
False
1486727269.319
0
HO
False
1486727269.357
0
HO
False
1486727269.396
0
HO
False
1486727269.437
0
HO
False
1486727269.473
0
HO
False
1486727269.512
0
HO
False
1486727269.551
0
HO
False
1486727269.590
0
HO
False
1486727269.630
0
HO
False
1486727269.667
0
HO
False
1486727269.705
0
HO
False
1486727269.744
0
HO
False
1486727269.781
0
HO
False
1486727269.820
0
HO
False
1486727269.945
0
HO
False
1486727269.976
0
HO
False
1486727270.12
0
HO
False
1486727270.66
0
HO
False
1486727270.117
0
HO
False
1486727270.154
0
HO
False
1486727270.169
0
HO
False
1486727270.208
0
HO
False
1486727270.250
0
HO
False
1486727270.285
0
HO
False
1486727270.321
0
HO
False
1486727270.370
0
HO
False
1486727270.404
0
HO
False
1486727270.445
0
HO
False
1486727270.479
0
HO
False
1486727270.515
0
HO
False
1486727270.553
0
HO
False
1486727270.591
0
HO
False
1486727270.632
0
HO
False
1486727270.673
0
HO
False
1486727270.707
0
HO
False
1486727270.745
0
HO
False
1486727270.783
0
HO
False
1486727270.822
0
HO
False
1486727270.861
0
HO
False
1486727270.900
0
HO
False
1486727270.940
0
HO
False
1486727270.977
0
HO
False
1486727271.17
0
HO
False
1486727271.54
0
HO
False
1486727271.93
0
HO
False
1486727271.133
0
HO
False
1486727271.170
0
HO
False
1486727271.207
0
HO
False
1486727271.246
0
HO
False
1486727271.284
0
HO
False
1486727271.323
0
HO
False
1486727271.362
0
HO
False
1486727271.399
0
HO
False
1486727271.442
0
HO
False
1486727271.478
0
HO
False
1486727271.517
0
HO
False
1486727271.555
0
HO
False
1486727271.596
0
HO
False
1486727271.634
0
HO
False
1486727271.671
0
HO
False
1486727271.709
0
HO
False
1486727271.748
0
HO
False
1486727271.784
0
HO
False
1486727271.824
0
HO
False
1486727271.862
0
HO
False
1486727271.902
0
HO
False
1486727271.942
0
HO
False
1486727271.978
0
HO
False
1486727272.17
0
HO
False
1486727272.56
0
HO
False
1486727272.94
0
HO
False
1486727272.136
0
HO
False
1486727272.176
0
HO
False
1486727272.208
0
HO
False
1486727272.249
0
HO
False
1486727272.287
0
HO
False
1486727272.325
0
HO
False
1486727272.363
0
HO
False
1486727272.403
0
HO
False
1486727272.444
0
HO
False
1486727272.481
0
HO
False
1486727272.517
0
HO
False
1486727272.557
0
HO
False
1486727272.596
0
HO
False
1486727272.637
0
HO
False
1486727272.674
0
HO
False
1486727272.711
0
HO
False
1486727272.750
0
HO
False
1486727272.787
0
HO
False
1486727272.826
0
HO
False
1486727272.866
51
HB
True
1486727272.904
51
HB
True
1486727272.944
51
HB
True
1486727272.982
51
HB
True
1486727273.20
51
HB
True
1486727273.58
51
HB
True
1486727273.97
51
HB
True
1486727273.136
51
HB
True
1486727273.174
51
HB
True
1486727273.212
50
HO
True
1486727273.252
50
HO
True
1486727273.289
50
HO
True
1486727273.328
50
HO
True
1486727273.366
50
HO
True
1486727273.405
50
HO
True
1486727273.444
46
HA
True
1486727273.481
46
HA
True
1486727273.520
46
HA
True
1486727273.558
41
HA
True
1486727273.599
41
HA
True
1486727273.640
41
HA
True
1486727273.679
34
HA
True
1486727273.712
34
HA
True
1486727273.752
34
HA
True
1486727273.812
0
HO
False
1486727273.905
0
HO
False
1486727273.948
0
HO
False
1486727273.983
0
HO
False
1486727274.23
0
HO
False
1486727274.59
0
HO
False
1486727274.99
0
HO
False
1486727274.136
0
HO
False
1486727274.176
0
HO
False
1486727274.214
0
HO
False
1486727274.255
0
HO
False
1486727274.291
0
HO
False
1486727274.333
0
HO
False
1486727274.374
0
HO
False
1486727274.408
0
HO
False
1486727274.447
0
HO
False
1486727274.484
0
HO
False
1486727274.523
0
HO
False
1486727274.561
0
HO
False
1486727274.600
0
HO
False
1486727274.638
0
HO
False
1486727274.677
0
HO
False
1486727274.715
0
HO
False
1486727274.756
0
HO
False
1486727274.793
0
HO
False
1486727274.832
0
HO
False
1486727274.868
0
HO
False
1486727274.908
0
HO
False
1486727274.948
0
HO
False
1486727274.998
0
HO
False
1486727275.52
0
HO
False
1486727275.151
0
HO
False
1486727275.258
0
HO
False
1486727275.370
0
HO
False
1486727275.410
0
HO
False
1486727275.447
0
HO
False
1486727275.487
0
HO
False
1486727275.526
0
HO
False
1486727275.568
0
HO
False
1486727275.605
0
HO
False
1486727275.643
0
HO
False
1486727275.678
0
HO
False
1486727275.717
0
HO
False
1486727275.757
0
HO
False
1486727275.795
0
HO
False
1486727275.858
0
HO
False
1486727275.949
0
HO
False
1486727276.3
0
HO
False
1486727276.52
0
HO
False
1486727276.83
0
HO
False
1486727276.104
0
HO
False
1486727276.142
0
HO
False
1486727276.180
0
HO
False
1486727276.219
0
HO
False
1486727276.256
0
HO
False
1486727276.297
0
HO
False
1486727276.334
0
HO
False
1486727276.373
0
HO
False
1486727276.411
0
HO
False
1486727276.449
0
HO
False
1486727276.488
0
HO
False
1486727276.526
0
HO
False
1486727276.568
0
HO
False
1486727276.604
0
HO
False
1486727276.642
0
HO
False
1486727276.683
0
HO
False
1486727276.718
0
HO
False
1486727276.757
0
HO
False
1486727276.796
0
HO
False
1486727276.834
0
HO
False
1486727276.876
0
HO
False
1486727276.911
0
HO
False
1486727276.950
0
HO
False
1486727276.993
0
HO
False
1486727277.28
0
HO
False
1486727277.71
0
HO
False
1486727277.105
0
HO
False
1486727277.145
0
HO
False
1486727277.181
0
HO
False
1486727277.231
0
HO
False
1486727277.284
51
HA
True
1486727277.376
52
HA
True
1486727277.413
52
HA
True
1486727277.452
52
HA
True
1486727277.490
49
HA
True
1486727277.528
49
HA
True
1486727277.570
49
HA
True
1486727277.606
44
HO
True
1486727277.644
44
HO
True
1486727277.684
44
HO
True
1486727277.722
48
HB
True
1486727277.762
48
HB
True
1486727277.803
48
HB
True
1486727277.841
44
HB
True
1486727277.878
44
HB
True
1486727277.914
44
HB
True
1486727277.952
0
HB
True
1486727277.992
0
HB
True
1486727278.29
0
HB
True
1486727278.72
0
HO
False
1486727278.107
0
HO
False
1486727278.146
0
HO
False
1486727278.188
0
HO
False
1486727278.225
0
HO
False
1486727278.260
0
HO
False
1486727278.299
0
HO
False
1486727278.338
0
HO
False
1486727278.379
0
HO
False
1486727278.414
0
HO
False
1486727278.453
0
HO
False
1486727278.493
0
HO
False
1486727278.530
0
HO
False
1486727278.570
0
HO
False
1486727278.608
0
HO
False
1486727278.646
0
HO
False
1486727278.687
0
HO
False
1486727278.723
0
HO
False
1486727278.762
0
HO
False
1486727278.800
0
HO
False
1486727278.838
0
HO
False
1486727278.879
0
HO
False
1486727278.916
0
HO
False
1486727278.954
0
HO
False
1486727278.995
0
HO
False
1486727279.33
0
HO
False
1486727279.71
0
HO
False
1486727279.109
0
HO
False
1486727279.147
0
HO
False
1486727279.189
0
HO
False
1486727279.226
0
HO
False
1486727279.263
0
HO
False
1486727279.302
0
HO
False
1486727279.339
0
HO
False
1486727279.380
0
HO
False
1486727279.417
0
HO
False
1486727279.456
0
HO
False
1486727279.495
0
HO
False
1486727279.532
0
HO
False
1486727279.571
0
HO
False
1486727279.610
0
HO
False
1486727279.649
0
HO
False
1486727279.691
0
HO
False
1486727279.727
0
HO
False
1486727279.765
0
HO
False
1486727279.803
0
HO
False
1486727279.841
0
HO
False
1486727279.880
0
HO
False
1486727279.917
0
HO
False
1486727279.958
0
HO
False
1486727279.997
0
HO
False
1486727280.33
0
HO
False
1486727280.72
0
HO
False
1486727280.112
0
HO
False
1486727280.149
0
HO
False
1486727280.189
0
HO
False
1486727280.227
0
HO
False
1486727280.265
0
HO
False
1486727280.305
0
HO
False
1486727280.345
0
HO
False
1486727280.405
0
HO
False
1486727280.449
0
HO
False
1486727280.534
0
HO
False
1486727280.573
0
HO
False
1486727280.612
0
HO
False
1486727280.650
0
HO
False
1486727280.691
0
HO
False
1486727280.757
0
HO
False
1486727280.844
0
HO
False
1486727280.883
0
HO
False
1486727280.939
0
HO
False
1486727281.43
0
HO
False
1486727281.95
0
HO
False
1486727281.115
0
HO
False
1486727281.155
0
HO
False
1486727281.192
0
HO
False
1486727281.230
0
HO
False
1486727281.269
0
HO
False
1486727281.306
0
HO
False
1486727281.344
0
HO
False
1486727281.411
0
HO
False
1486727281.577
0
HO
False
1486727281.692
0
HO
False
1486727281.730
0
HO
False
1486727281.769
0
HO
False
1486727281.806
0
HO
False
1486727281.845
0
HO
False
1486727281.884
0
HO
False
1486727281.923
0
HO
False
1486727281.961
0
HO
False
1486727282.2
0
HO
False
1486727282.37
0
HO
False
1486727282.77
0
HO
False
1486727282.116
0
HO
False
1486727282.153
0
HO
False
1486727282.195
0
HO
False
1486727282.231
0
HO
False
1486727282.270
0
HO
False
1486727282.308
0
HO
False
1486727282.346
0
HO
False
1486727282.386
0
HO
False
1486727282.425
0
HO
False
1486727282.463
0
HO
False
1486727282.502
0
HO
False
1486727282.539
0
HO
False
1486727282.578
0
HO
False
1486727282.616
0
HO
False
1486727282.655
0
HO
False
1486727282.697
0
HO
False
1486727282.733
0
HO
False
1486727282.771
0
HO
False
1486727282.810
0
HO
False
1486727282.848
0
HO
False
1486727282.885
0
HO
False
1486727282.925
0
HO
False
1486727282.964
0
HO
False
1486727283.4
0
HO
False
1486727283.41
0
HO
False
1486727283.79
0
HO
False
1486727283.119
0
HO
False
1486727283.157
0
HO
False
1486727283.195
0
HO
False
1486727283.233
0
HO
False
1486727283.272
0
HO
False
1486727283.312
0
HO
False
1486727283.349
0
HO
False
1486727283.387
0
HO
False
1486727283.425
0
HO
False
1486727283.465
0
HO
False
1486727283.504
0
HO
False
1486727283.542
0
HO
False
1486727283.580
0
HO
False
1486727283.619
0
HO
False
1486727283.657
0
HO
False
1486727283.695
0
HO
False
1486727283.735
0
HO
False
1486727283.773
0
HO
False
1486727283.813
0
HO
False
1486727283.850
0
HO
False
1486727283.888
0
HO
False
1486727283.926
0
HO
False
1486727283.965
0
HO
False
1486727284.7
0
HO
False
1486727284.42
0
HO
False
1486727284.81
0
HO
False
1486727284.118
0
HO
False
1486727284.159
0
HO
False
1486727284.198
51
HB
True
1486727284.234
51
HB
True
1486727284.273
51
HB
True
1486727284.314
50
HB
True
1486727284.351
50
HB
True
1486727284.390
50
HB
True
1486727284.428
51
HB
True
1486727284.466
51
HB
True
1486727284.507
51
HB
True
1486727284.544
47
HO
True
1486727284.582
47
HO
True
1486727284.623
47
HO
True
1486727284.660
47
HA
True
1486727284.698
47
HA
True
1486727284.737
47
HA
True
1486727284.774
42
HA
True
1486727284.816
42
HA
True
1486727284.853
42
HA
True
1486727284.891
35
HA
True
1486727284.931
35
HA
True
1486727284.968
35
HA
True
1486727285.6
0
HA
True
1486727285.45
0
HA
True
1486727285.84
0
HA
True
1486727285.124
0
HO
False
1486727285.162
0
HO
False
1486727285.199
0
HO
False
1486727285.237
0
HO
False
1486727285.276
0
HO
False
1486727285.317
0
HO
False
1486727285.352
0
HO
False
1486727285.391
0
HO
False
1486727285.429
0
HO
False
1486727285.468
0
HO
False
1486727285.506
0
HO
False
1486727285.546
0
HO
False
1486727285.583
0
HO
False
1486727285.625
0
HO
False
1486727285.660
0
HO
False
1486727285.702
0
HO
False
1486727285.738
0
HO
False
1486727285.776
0
HO
False
1486727285.817
0
HO
False
1486727285.854
0
HO
False
1486727285.893
0
HO
False
1486727285.931
0
HO
False
1486727285.972
0
HO
False
1486727286.7
0
HO
False
1486727286.46
0
HO
False
1486727286.85
0
HO
False
1486727286.278
0
HO
False
1486727286.338
0
HO
False
1486727286.359
0
HO
False
1486727286.398
0
HO
False
1486727286.436
0
HO
False
1486727286.470
0
HO
False
1486727286.509
0
HO
False
1486727286.548
0
HO
False
1486727286.586
0
HO
False
1486727286.626
0
HO
False
1486727286.665
0
HO
False
1486727286.704
0
HO
False
1486727286.739
0
HO
False
1486727286.778
0
HO
False
1486727286.824
0
HO
False
1486727286.858
0
HO
False
1486727286.894
0
HO
False
1486727286.936
0
HO
False
1486727286.973
0
HO
False
1486727287.937
0
HO
False
1486727287.973
0
HO
False
1486727288.12
0
HO
False
1486727288.51
0
HO
False
1486727288.88
0
HO
False
1486727288.322
0
HO
False
1486727288.359
0
HO
False
1486727288.398
0
HO
False
1486727288.438
0
HO
False
1486727288.475
0
HO
False
1486727288.514
0
HO
False
1486727288.551
0
HO
False
1486727288.590
0
HO
False
1486727288.631
0
HO
False
1486727288.672
0
HO
False
1486727288.711
0
HO
False
1486727288.748
0
HO
False
1486727288.783
0
HO
False
1486727288.821
49
HA
True
1486727288.860
49
HA
True
1486727288.898
49
HA
True
1486727288.939
49
HA
True
1486727288.977
49
HA
True
1486727289.15
49
HA
True
1486727289.53
50
HA
True
1486727289.92
50
HA
True
1486727289.130
50
HA
True
1486727289.170
49
HO
True
1486727289.207
49
HO
True
1486727289.248
49
HO
True
1486727289.284
45
HB
True
1486727289.322
45
HB
True
1486727289.362
45
HB
True
1486727289.400
45
HB
True
1486727289.440
45
HB
True
1486727289.477
45
HB
True
1486727289.516
37
HB
True
1486727289.556
37
HB
True
1486727289.593
37
HB
True
1486727289.631
0
HO
False
1486727289.670
0
HO
False
1486727289.708
0
HO
False
1486727289.748
0
HO
False
1486727289.784
0
HO
False
1486727289.823
0
HO
False
1486727289.863
0
HO
False
1486727289.901
0
HO
False
1486727289.938
0
HO
False
1486727289.978
0
HO
False
1486727290.17
0
HO
False
1486727290.57
0
HO
False
1486727290.93
0
HO
False
1486727290.132
0
HO
False
1486727290.325
0
HO
False
1486727290.379
0
HO
False
1486727290.411
0
HO
False
1486727290.451
0
HO
False
1486727290.482
0
HO
False
1486727290.519
0
HO
False
1486727290.559
0
HO
False
1486727290.594
0
HO
False
1486727290.632
0
HO
False
1486727290.671
0
HO
False
1486727290.710
0
HO
False
1486727290.752
0
HO
False
1486727290.786
0
HO
False
1486727290.826
0
HO
False
1486727290.865
0
HO
False
1486727290.902
0
HO
False
1486727290.941
0
HO
False
1486727290.979
0
HO
False
1486727291.19
0
HO
False
1486727291.59
0
HO
False
1486727291.95
0
HO
False
1486727291.134
0
HO
False
1486727291.173
0
HO
False
1486727291.211
0
HO
False
1486727291.252
0
HO
False
1486727291.288
0
HO
False
1486727291.328
0
HO
False
1486727291.366
0
HO
False
1486727291.404
0
HO
False
1486727291.443
0
HO
False
1486727291.482
0
HO
False
1486727291.520
0
HO
False
1486727291.561
0
HO
False
1486727291.597
0
HO
False
1486727291.636
0
HO
False
1486727291.679
0
HO
False
1486727291.713
0
HO
False
1486727291.751
0
HO
False
1486727291.789
0
HO
False
1486727291.827
0
HO
False
1486727291.868
0
HO
False
1486727291.905
0
HO
False
1486727291.944
0
HO
False
1486727292.5
0
HO
False
1486727292.97
0
HO
False
1486727292.136
0
HO
False
1486727292.175
0
HO
False
1486727292.229
0
HO
False
1486727292.272
0
HO
False
1486727292.307
0
HO
False
1486727292.333
0
HO
False
1486727292.374
0
HO
False
1486727292.408
0
HO
False
1486727292.444
0
HO
False
1486727292.483
0
HO
False
1486727292.522
0
HO
False
1486727292.563
0
HO
False
1486727292.597
0
HO
False
1486727292.637
0
HO
False
1486727292.678
0
HO
False
1486727292.714
0
HO
False
1486727292.753
0
HO
False
1486727292.791
0
HO
False
1486727292.831
0
HO
False
1486727292.872
0
HO
False
1486727292.907
0
HO
False
1486727292.945
0
HO
False
1486727293.66
0
HO
False
1486727293.100
0
HO
False
1486727293.138
0
HO
False
1486727293.199
0
HO
False
1486727293.293
0
HO
False
1486727293.331
0
HO
False
1486727293.374
0
HO
False
1486727293.407
0
HO
False
1486727293.447
0
HO
False
1486727293.486
0
HO
False
1486727293.524
0
HO
False
1486727293.563
0
HO
False
1486727293.601
0
HO
False
1486727293.639
0
HO
False
1486727293.679
0
HO
False
1486727293.733
0
HO
False
1486727293.764
0
HO
False
1486727293.795
0
HO
False
1486727293.833
0
HO
False
1486727293.874
0
HO
False
1486727293.910
0
HO
False
1486727293.948
0
HO
False
1486727293.986
0
HO
False
1486727294.25
0
HO
False
1486727294.63
0
HO
False
1486727294.101
0
HO
False
1486727294.140
0
HO
False
1486727294.181
0
HO
False
1486727294.218
0
HO
False
1486727294.259
0
HO
False
1486727294.297
0
HO
False
1486727294.333
0
HO
False
1486727294.375
0
HO
False
1486727294.414
0
HO
False
1486727294.452
0
HO
False
1486727294.488
0
HO
False
1486727294.526
0
HO
False
1486727294.564
0
HO
False
1486727294.604
0
HO
False
1486727294.642
0
HO
False
1486727294.691
0
HO
False
1486727294.748
0
HO
False
1486727294.785
0
HO
False
1486727294.806
0
HO
False
1486727294.833
0
HO
False
1486727294.871
0
HO
False
1486727294.916
0
HO
False
1486727294.956
0
HO
False
1486727294.991
0
HO
False
1486727295.27
0
HO
False
1486727295.66
0
HO
False
1486727295.104
0
HO
False
1486727295.143
0
HO
False
1486727295.184
0
HO
False
1486727295.219
0
HO
False
1486727295.260
0
HO
False
1486727295.296
0
HO
False
1486727295.335
0
HO
False
1486727295.376
0
HO
False
1486727295.413
0
HO
False
1486727295.451
0
HO
False
1486727295.490
0
HO
False
1486727295.527
0
HO
False
1486727295.567
0
HO
False
1486727295.605
0
HO
False
1486727295.643
0
HO
False
1486727295.685
0
HO
False
1486727295.720
0
HO
False
1486727295.766
0
HB
True
1486727295.802
0
HB
True
1486727295.837
0
HB
True
1486727295.876
51
HB
True
1486727295.914
51
HB
True
1486727295.953
51
HB
True
1486727295.992
51
HB
True
1486727296.36
51
HB
True
1486727296.68
51
HB
True
1486727296.105
50
HO
True
1486727296.144
50
HO
True
1486727296.190
50
HO
True
1486727296.223
47
HO
True
1486727296.267
47
HO
True
1486727296.301
47
HO
True
1486727296.337
42
HA
True
1486727296.376
42
HA
True
1486727296.414
42
HA
True
1486727296.452
40
HA
True
1486727296.493
40
HA
True
1486727296.530
40
HA
True
1486727296.569
33
HA
True
1486727296.608
33
HA
True
1486727296.648
33
HA
True
1486727296.686
0
HO
False
1486727296.723
0
HO
False
1486727296.761
0
HO
False
1486727296.800
0
HO
False
1486727296.837
0
HO
False
1486727296.877
0
HO
False
1486727296.916
0
HO
False
1486727296.953
0
HO
False
1486727296.993
0
HO
False
1486727297.31
0
HO
False
1486727297.71
0
HO
False
1486727297.108
0
HO
False
1486727297.146
0
HO
False
1486727297.186
0
HO
False
1486727297.224
0
HO
False
1486727297.263
0
HO
False
1486727297.304
0
HO
False
1486727297.339
0
HO
False
1486727297.379
0
HO
False
1486727297.417
0
HO
False
1486727297.455
0
HO
False
1486727297.493
0
HO
False
1486727297.531
0
HO
False
1486727297.572
0
HO
False
1486727297.610
0
HO
False
1486727297.648
0
HO
False
1486727297.693
0
HO
False
1486727297.724
0
HO
False
1486727297.763
0
HO
False
1486727297.802
0
HO
False
1486727297.841
0
HO
False
1486727297.880
0
HO
False
1486727297.917
0
HO
False
1486727297.958
0
HO
False
1486727297.995
0
HO
False
1486727298.33
0
HO
False
1486727298.74
0
HO
False
1486727298.111
0
HO
False
1486727298.148
0
HO
False
1486727298.186
0
HO
False
1486727298.226
0
HO
False
1486727298.293
0
HO
False
1486727298.389
0
HO
False
1486727298.449
0
HO
False
1486727298.471
0
HO
False
1486727298.498
0
HO
False
1486727298.540
0
HO
False
1486727298.576
0
HO
False
1486727298.611
0
HO
False
1486727298.650
0
HO
False
1486727298.688
0
HO
False
1486727298.727
0
HO
False
1486727298.765
0
HO
False
1486727298.804
0
HO
False
1486727298.842
0
HO
False
1486727298.881
0
HO
False
1486727298.920
0
HO
False
1486727298.959
0
HO
False
1486727298.996
0
HO
False
1486727299.34
0
HO
False
1486727299.75
0
HO
False
1486727299.112
0
HO
False
1486727299.151
0
HO
False
1486727299.196
0
HO
False
1486727299.228
0
HO
False
1486727299.266
0
HO
False
1486727299.305
0
HO
False
1486727299.344
0
HO
False
1486727299.382
0
HO
False
1486727299.422
0
HO
False
1486727299.460
0
HO
False
1486727299.497
0
HO
False
1486727299.536
0
HO
False
1486727299.575
0
HO
False
1486727299.613
0
HO
False
1486727299.652
0
HO
False
1486727299.689
0
HO
False
1486727299.729
0
HO
False
1486727299.767
0
HO
False
1486727299.806
0
HO
False
1486727299.844
0
HO
False
1486727299.882
0
HO
False
1486727299.923
0
HO
False
1486727299.961
0
HO
False
1486727299.999
0
HO
False
1486727300.37
0
HO
False
1486727300.75
0
HO
False
1486727300.115
0
HO
False
1486727300.153
0
HO
False
1486727300.192
0
HO
False
1486727300.229
0
HO
False
1486727300.269
0
HO
False
1486727300.307
0
HO
False
1486727300.349
0
HO
False
1486727300.392
0
HO
False
1486727300.433
0
HO
False
1486727300.466
0
HO
False
1486727300.503
0
HO
False
1486727300.539
0
HO
False
1486727300.578
0
HO
False
1486727300.615
0
HO
False
1486727300.654
0
HO
False
1486727300.700
0
HO
False
1486727300.738
0
HO
False
1486727300.773
0
HO
False
1486727300.807
0
HO
False
1486727300.846
0
HO
False
1486727300.886
0
HO
False
1486727300.923
0
HO
False
1486727300.962
0
HO
False
1486727301.1
0
HO
False
1486727301.39
0
HO
False
1486727301.77
0
HO
False
1486727301.116
0
HO
False
1486727301.155
0
HO
False
1486727301.193
0
HO
False
1486727301.231
0
HO
False
1486727301.271
0
HO
False
1486727301.309
0
HO
False
1486727301.347
0
HO
False
1486727301.386
0
HO
False
1486727301.425
0
HO
False
1486727301.463
0
HO
False
1486727301.502
0
HO
False
1486727301.541
0
HO
False
1486727301.578
0
HO
False
1486727301.617
0
HO
False
1486727301.655
0
HO
False
1486727301.694
0
HO
False
1486727301.732
0
HO
False
1486727301.772
0
HO
False
1486727301.810
0
HO
False
1486727301.848
0
HO
False
1486727301.887
0
HO
False
1486727301.925
0
HO
False
1486727301.965
0
HO
False
1486727302.2
0
HO
False
1486727302.42
0
HO
False
1486727302.80
0
HO
False
1486727302.119
0
HO
False
1486727302.159
0
HO
False
1486727302.203
0
HO
False
1486727302.238
0
HO
False
1486727302.273
0
HO
False
1486727302.311
0
HO
False
1486727302.351
0
HO
False
1486727302.388
0
HO
False
1486727302.428
0
HO
False
1486727302.466
0
HO
False
1486727302.504
0
HO
False
1486727302.544
0
HO
False
1486727302.583
0
HO
False
1486727302.621
0
HO
False
1486727302.658
0
HO
False
1486727302.696
0
HO
False
1486727302.735
0
HO
False
1486727302.773
0
HO
False
1486727302.813
0
HO
False
1486727302.851
0
HO
False
1486727302.889
0
HO
False
1486727302.928
0
HO
False
1486727302.966
0
HO
False
1486727303.5
0
HO
False
1486727303.43
0
HO
False
1486727303.82
0
HO
False
1486727303.121
0
HO
False
1486727303.160
0
HO
False
1486727303.198
0
HO
False
1486727303.237
0
HO
False
1486727303.274
0
HO
False
1486727303.313
0
HO
False
1486727303.354
0
HO
False
1486727303.390
0
HO
False
1486727303.428
0
HO
False
1486727303.468
0
HO
False
1486727303.505
0
HO
False
1486727303.545
0
HO
False
1486727303.583
0
HO
False
1486727303.621
0
HO
False
1486727303.661
0
HO
False
1486727303.704
0
HO
False
1486727303.737
0
HO
False
1486727303.776
0
HO
False
1486727303.814
0
HO
False
1486727303.852
0
HO
False
1486727303.891
0
HO
False
1486727303.930
0
HO
False
1486727303.967
0
HO
False
1486727304.6
0
HO
False
1486727304.47
0
HO
False
1486727304.84
0
HO
False
1486727304.122
0
HO
False
1486727304.162
0
HO
False
1486727304.199
0
HO
False
1486727304.239
0
HO
False
1486727304.276
0
HO
False
1486727304.315
0
HO
False
1486727304.547
0
HO
False
1486727304.585
0
HO
False
1486727304.623
0
HO
False
1486727304.662
0
HO
False
1486727304.701
0
HO
False
1486727304.739
0
HO
False
1486727304.777
0
HO
False
1486727304.816
0
HO
False
1486727304.855
0
HO
False
1486727304.894
0
HO
False
1486727304.933
0
HO
False
1486727304.971
0
HO
False
1486727305.9
0
HO
False
1486727305.48
0
HO
False
1486727305.87
0
HO
False
1486727305.126
0
HO
False
1486727305.164
0
HO
False
1486727305.211
0
HO
False
1486727305.243
0
HO
False
1486727305.279
0
HO
False
1486727305.317
0
HO
False
1486727305.355
0
HO
False
1486727305.394
0
HO
False
1486727305.433
0
HO
False
1486727305.471
0
HO
False
1486727305.510
0
HO
False
1486727305.558
0
HO
False
1486727305.609
0
HO
False
1486727305.714
0
HO
False
1486727305.762
0
HO
False
1486727305.811
0
HO
False
1486727305.912
0
HO
False
1486727305.957
0
HO
False
1486727306.49
0
HO
False
1486727306.90
0
HO
False
1486727306.128
0
HO
False
1486727306.166
0
HO
False
1486727306.205
0
HO
False
1486727306.243
0
HO
False
1486727306.281
0
HO
False
1486727306.320
0
HO
False
1486727306.360
0
HO
False
1486727306.396
0
HO
False
1486727306.436
0
HO
False
1486727306.561
0
HO
False
1486727306.609
0
HO
False
1486727306.631
0
HO
False
1486727306.667
0
HO
False
1486727306.710
0
HO
False
1486727306.744
0
HO
False
1486727306.787
0
HO
False
1486727306.822
0
HO
False
1486727306.859
0
HO
False
1486727306.898
0
HO
False
1486727306.936
0
HO
False
1486727306.975
0
HO
False
1486727307.13
0
HO
False
1486727307.51
0
HO
False
1486727307.93
0
HO
False
1486727307.131
0
HO
False
1486727307.257
0
HO
False
1486727307.457
0
HO
False
1486727307.645
0
HO
False
1486727307.782
0
HO
False
1486727308.179
0
HO
False
1486727308.293
0
HO
False
1486727308.415
0
HO
False
1486727308.521
0
HO
False
1486727308.564
0
HO
False
1486727308.622
0
HO
False
1486727308.730
0
HO
False
1486727308.771
0
HO
False
1486727308.808
0
HO
False
1486727308.837
0
HO
False
1486727308.880
0
HO
False
1486727308.913
0
HO
False
1486727308.956
0
HO
False
1486727309.2
0
HO
False
1486727309.41
0
HO
False
1486727309.75
0
HO
False
1486727309.344
0
HO
False
1486727309.461
0
HO
False
1486727309.646
0
HO
False
1486727309.765
0
HO
False
1486727309.874
0
HO
False
1486727309.993
0
HO
False
1486727310.55
0
HO
False
1486727310.156
0
HO
False
1486727310.195
0
HO
False
1486727310.223
0
HO
False
1486727310.254
0
HO
False
1486727310.294
0
HO
False
1486727310.489
0
HO
False
1486727310.538
0
HO
False
1486727310.582
0
HO
False
1486727310.611
0
HO
False
1486727310.793
0
HO
False
1486727310.844
0
HO
False
1486727310.866
0
HO
False
1486727310.908
0
HO
False
1486727310.946
0
HO
False
1486727310.984
0
HO
False
1486727311.25
0
HO
False
1486727311.63
0
HO
False
1486727311.99
0
HO
False
1486727311.137
0
HO
False
1486727311.186
0
HO
False
1486727311.231
0
HO
False
1486727311.261
0
HO
False
1486727311.296
0
HO
False
1486727311.332
0
HO
False
1486727311.367
0
HO
False
1486727311.412
0
HO
False
1486727311.445
0
HO
False
1486727311.485
0
HO
False
1486727311.524
0
HO
False
1486727311.562
0
HO
False
1486727311.600
0
HO
False
1486727311.637
0
HO
False
1486727311.678
0
HO
False
1486727311.720
0
HO
False
1486727311.755
0
HO
False
1486727311.793
0
HO
False
1486727311.830
0
HO
False
1486727311.868
0
HO
False
1486727311.910
0
HO
False
1486727311.947
0
HO
False
1486727311.985
0
HO
False
1486727312.25
0
HO
False
1486727312.63
0
HO
False
1486727312.99
0
HO
False
1486727312.152
0
HO
False
1486727312.199
0
HO
False
1486727312.224
0
HO
False
1486727312.254
0
HO
False
1486727312.295
0
HO
False
1486727312.332
0
HO
False
1486727312.370
0
HO
False
1486727312.411
0
HO
False
1486727312.448
0
HO
False
1486727312.486
0
HO
False
1486727312.524
0
HO
False
1486727312.563
0
HO
False
1486727312.602
0
HO
False
