Next
1486606023.79
Page_Up
1486606030.8
Page_Up
1486606031.78
Next
1486606035.76
Next
1486606036.75
Page_Up
1486606040.77
Page_Up
1486606042.02
Next
1486606046.08
Next
1486606046.79
Page_Up
1486606051.44
Page_Up
1486606052.19
Next
1486606057.17
Next
1486606058.21
Page_Up
1486606063.17
Page_Up
1486606064.25
Next
1486606068.93
Next
1486606069.8
Page_Up
1486606075.08
Page_Up
1486606075.75
Next
1486606080.73
Next
1486606081.5
Page_Up
1486606086.7
Page_Up
1486606087.35
Next
1486606092.67
Next
1486606093.28
Page_Up
1486606098.63
Page_Up
1486606099.4
Next
1486606105.35
Next
1486606106.21
Page_Up
1486606111.13
Page_Up
1486606111.9
Next
1486606116.69
Next
1486606117.62
Page_Up
1486606122.43
Page_Up
1486606123.13
Next
1486606127.99
Next
1486606128.68
Page_Up
1486606133.14
Page_Up
1486606133.97
grave
1486606144.27
