1486606006.535
0
HO
False
1486606006.644
0
HO
False
1486606006.695
0
HO
False
1486606006.795
0
HO
False
1486606006.829
0
HO
False
1486606006.862
0
HO
False
1486606006.903
0
HO
False
1486606006.943
0
HO
False
1486606006.980
0
HO
False
1486606007.20
0
HO
False
1486606007.58
0
HO
False
1486606007.95
0
HO
False
1486606007.134
0
HO
False
1486606007.173
0
HO
False
1486606007.212
0
HO
False
1486606007.250
0
HO
False
1486606007.287
0
HO
False
1486606007.326
0
HO
False
1486606007.366
0
HO
False
1486606007.405
0
HO
False
1486606007.444
0
HO
False
1486606007.481
0
HO
False
1486606007.521
0
HO
False
1486606007.559
0
HO
False
1486606007.596
0
HO
False
1486606007.635
0
HO
False
1486606007.674
0
HO
False
1486606007.713
0
HO
False
1486606007.752
0
HO
False
1486606007.794
0
HO
False
1486606007.836
0
HO
False
1486606007.869
0
HO
False
1486606007.928
0
HO
False
1486606008.28
0
HO
False
1486606008.72
0
HO
False
1486606008.105
0
HO
False
1486606008.139
0
HO
False
1486606008.334
0
HO
False
1486606008.377
0
HO
False
1486606008.413
0
HO
False
1486606008.448
0
HO
False
1486606008.492
0
HO
False
1486606008.530
0
HO
False
1486606008.571
0
HO
False
1486606008.605
0
HO
False
1486606008.640
0
HO
False
1486606008.682
0
HO
False
1486606008.718
0
HO
False
1486606008.775
0
HO
False
1486606008.953
0
HO
False
1486606008.991
0
HO
False
1486606009.33
0
HO
False
1486606009.68
0
HO
False
1486606009.104
0
HO
False
1486606009.137
0
HO
False
1486606009.177
0
HO
False
1486606009.216
0
HO
False
1486606009.254
0
HO
False
1486606009.293
0
HO
False
1486606009.356
0
HO
False
1486606009.456
0
HO
False
1486606009.564
0
HO
False
1486606009.624
0
HO
False
1486606009.643
0
HO
False
1486606009.679
0
HO
False
1486606009.716
0
HO
False
1486606009.754
0
HO
False
1486606009.793
0
HO
False
1486606009.831
0
HO
False
1486606009.871
0
HO
False
1486606009.909
0
HO
False
1486606009.947
0
HO
False
1486606009.986
0
HO
False
1486606010.25
0
HO
False
1486606010.64
0
HO
False
1486606010.103
0
HO
False
1486606010.141
0
HO
False
1486606010.178
0
HO
False
1486606010.219
0
HO
False
1486606010.255
0
HO
False
1486606010.294
0
HO
False
1486606010.333
0
HO
False
1486606010.373
0
HO
False
1486606010.411
0
HO
False
1486606010.449
0
HO
False
1486606010.487
0
HO
False
1486606010.529
0
HO
False
1486606010.566
0
HO
False
1486606010.604
0
HO
False
1486606010.642
0
HO
False
1486606010.679
0
HO
False
1486606010.720
0
HO
False
1486606010.757
0
HO
False
1486606010.797
0
HO
False
1486606010.834
0
HO
False
1486606010.873
0
HO
False
1486606010.913
0
HO
False
1486606010.953
0
HO
False
1486606010.987
0
HO
False
1486606011.27
0
HO
False
1486606011.64
0
HO
False
1486606011.104
0
HO
False
1486606011.143
0
HO
False
1486606011.182
0
HO
False
1486606011.220
0
HO
False
1486606011.258
0
HO
False
1486606011.296
0
HO
False
1486606011.336
0
HO
False
1486606011.376
0
HO
False
1486606011.413
0
HO
False
1486606011.452
0
HO
False
1486606011.489
0
HO
False
1486606011.528
0
HO
False
1486606011.657
0
HO
False
1486606011.791
0
HO
False
1486606011.911
0
HO
False
1486606011.994
0
HO
False
1486606012.53
0
HO
False
1486606012.153
0
HO
False
1486606012.212
0
HO
False
1486606012.237
0
HO
False
1486606012.281
0
HO
False
1486606012.323
0
HO
False
1486606012.423
0
HO
False
1486606012.474
0
HO
False
1486606012.505
0
HO
False
1486606012.612
0
HO
False
1486606012.654
0
HO
False
1486606012.705
0
HO
False
1486606012.751
0
HO
False
1486606012.792
0
HO
False
1486606012.832
0
HO
False
1486606012.872
0
HO
False
1486606012.964
0
HO
False
1486606013.3
0
HO
False
1486606013.62
0
HO
False
1486606013.102
0
HO
False
1486606013.148
0
HO
False
1486606013.237
0
HO
False
1486606013.275
0
HO
False
1486606013.314
0
HO
False
1486606013.356
0
HO
False
1486606013.396
0
HO
False
1486606013.435
0
HO
False
1486606013.476
0
HO
False
1486606013.522
0
HO
False
1486606013.618
0
HO
False
1486606013.670
0
HO
False
1486606013.705
0
HO
False
1486606013.751
0
HO
False
1486606013.781
0
HO
False
1486606013.880
0
HO
False
1486606013.935
0
HO
False
1486606014.33
0
HO
False
1486606014.92
0
HO
False
1486606014.143
0
HO
False
1486606014.304
0
HO
False
1486606014.362
0
HO
False
1486606014.466
0
HO
False
1486606014.587
0
HO
False
1486606014.636
0
HO
False
1486606014.656
0
HO
False
1486606014.731
0
HO
False
1486606014.750
0
HO
False
1486606014.937
0
HO
False
1486606015.112
0
HO
False
1486606015.151
0
HO
False
1486606015.189
0
HO
False
1486606015.227
0
HO
False
1486606015.267
0
HO
False
1486606015.306
0
HO
False
1486606015.344
0
HO
False
1486606015.382
0
HO
False
1486606015.421
0
HO
False
1486606015.460
0
HO
False
1486606015.498
0
HO
False
1486606015.541
0
HO
False
1486606015.575
0
HO
False
1486606015.613
0
HO
False
1486606015.653
0
HO
False
1486606015.690
0
HO
False
1486606015.728
0
HO
False
1486606015.767
0
HO
False
1486606015.807
0
HO
False
1486606015.845
0
HO
False
1486606015.884
0
HO
False
1486606015.921
0
HO
False
1486606015.961
0
HO
False
1486606015.999
0
HO
False
1486606016.37
0
HO
False
1486606016.75
0
HO
False
1486606016.115
0
HO
False
1486606016.153
0
HO
False
1486606016.192
0
HO
False
1486606016.229
0
HO
False
1486606016.269
0
HO
False
1486606016.308
0
HO
False
1486606016.346
0
HO
False
1486606016.384
0
HO
False
1486606016.423
0
HO
False
1486606016.461
0
HO
False
1486606016.500
0
HO
False
1486606016.539
0
HO
False
1486606016.575
0
HO
False
1486606016.615
0
HO
False
1486606016.654
0
HO
False
1486606016.693
0
HO
False
1486606016.731
0
HO
False
1486606016.770
0
HO
False
1486606016.808
0
HO
False
1486606016.847
0
HO
False
1486606016.886
0
HO
False
1486606016.924
0
HO
False
1486606016.965
0
HO
False
1486606017.1
0
HO
False
1486606017.39
0
HO
False
1486606017.77
0
HO
False
1486606017.117
0
HO
False
1486606017.155
0
HO
False
1486606017.193
0
HO
False
1486606017.232
0
HO
False
1486606017.270
0
HO
False
1486606017.309
0
HO
False
1486606017.347
0
HO
False
1486606017.387
0
HO
False
1486606017.425
0
HO
False
1486606017.464
0
HO
False
1486606017.503
0
HO
False
1486606017.542
0
HO
False
1486606017.578
0
HO
False
1486606017.619
0
HO
False
1486606017.656
0
HO
False
1486606017.695
0
HO
False
1486606017.734
0
HO
False
1486606017.772
0
HO
False
1486606017.810
0
HO
False
1486606017.850
0
HO
False
1486606017.887
0
HO
False
1486606017.925
0
HO
False
1486606017.964
0
HO
False
1486606018.3
0
HO
False
1486606018.42
0
HO
False
1486606018.80
0
HO
False
1486606018.119
0
HO
False
1486606018.158
0
HO
False
1486606018.196
0
HO
False
1486606018.234
0
HO
False
1486606018.272
0
HO
False
1486606018.311
0
HO
False
1486606018.349
0
HO
False
1486606018.388
0
HO
False
1486606018.426
0
HO
False
1486606018.465
0
HO
False
1486606018.504
0
HO
False
1486606018.542
0
HO
False
1486606018.581
0
HO
False
1486606018.620
0
HO
False
1486606018.658
0
HO
False
1486606018.698
0
HO
False
1486606018.735
0
HO
False
1486606018.774
0
HO
False
1486606018.813
0
HO
False
1486606018.851
0
HO
False
1486606018.890
0
HO
False
1486606018.928
0
HO
False
1486606018.966
0
HO
False
1486606019.4
0
HO
False
1486606019.44
0
HO
False
1486606019.81
0
HO
False
1486606019.121
0
HO
False
1486606019.159
0
HO
False
1486606019.199
0
HO
False
1486606019.236
0
HO
False
1486606019.274
0
HO
False
1486606019.313
0
HO
False
1486606019.352
0
HO
False
1486606019.390
0
HO
False
1486606019.429
0
HO
False
1486606019.468
0
HO
False
1486606019.507
0
HO
False
1486606019.546
0
HO
False
1486606019.584
0
HO
False
1486606019.622
0
HO
False
1486606019.660
0
HO
False
1486606019.699
0
HO
False
1486606019.737
0
HO
False
1486606019.776
0
HO
False
1486606019.815
0
HO
False
1486606019.853
0
HO
False
1486606019.892
0
HO
False
1486606019.930
0
HO
False
1486606019.971
0
HO
False
1486606020.8
0
HO
False
1486606020.46
0
HO
False
1486606020.85
0
HO
False
1486606020.123
0
HO
False
1486606020.161
0
HO
False
1486606020.200
0
HO
False
1486606020.239
0
HO
False
1486606020.277
0
HO
False
1486606020.315
0
HO
False
1486606020.354
0
HO
False
1486606020.392
0
HO
False
1486606020.432
0
HO
False
1486606020.470
0
HO
False
1486606020.509
0
HO
False
1486606020.546
0
HO
False
1486606020.586
0
HO
False
1486606020.623
0
HO
False
1486606020.662
0
HO
False
1486606020.701
0
HO
False
1486606020.739
0
HO
False
1486606020.778
0
HO
False
1486606020.816
0
HO
False
1486606020.855
0
HO
False
1486606020.894
0
HO
False
1486606020.933
0
HO
False
1486606020.971
0
HO
False
1486606021.19
0
HO
False
1486606021.66
0
HO
False
1486606021.96
0
HO
False
1486606021.131
0
HO
False
1486606021.165
0
HO
False
1486606021.202
0
HO
False
1486606021.241
0
HO
False
1486606021.280
0
HO
False
1486606021.317
0
HO
False
1486606021.356
0
HO
False
1486606021.395
0
HO
False
1486606021.434
0
HO
False
1486606021.472
0
HO
False
1486606021.511
0
HO
False
1486606021.549
0
HO
False
1486606021.588
0
HO
False
1486606021.626
0
HO
False
1486606021.664
0
HO
False
1486606021.704
0
HO
False
1486606021.742
0
HO
False
1486606021.781
0
HO
False
1486606021.820
0
HO
False
1486606021.871
0
HO
False
1486606021.902
0
HO
False
1486606021.941
0
HO
False
1486606021.978
0
HO
False
1486606022.11
0
HO
False
1486606022.49
0
HO
False
1486606022.88
0
HO
False
1486606022.127
0
HO
False
1486606022.165
0
HO
False
1486606022.205
0
HO
False
1486606022.243
0
HO
False
1486606022.283
0
HO
False
1486606022.320
0
HO
False
1486606022.358
0
HO
False
1486606022.399
0
HO
False
1486606022.435
0
HO
False
1486606022.474
0
HO
False
1486606022.513
0
HO
False
1486606022.551
0
HO
False
1486606022.589
0
HO
False
1486606022.628
0
HO
False
1486606022.667
0
HO
False
1486606022.706
0
HO
False
1486606022.744
0
HO
False
1486606022.783
0
HO
False
1486606022.820
0
HO
False
1486606022.859
0
HO
False
1486606022.897
0
HO
False
1486606022.937
0
HO
False
1486606022.977
0
HO
False
1486606023.13
0
HO
False
1486606023.53
0
HO
False
1486606023.91
0
HO
False
1486606023.129
0
HO
False
1486606023.168
0
HO
False
1486606023.206
0
HO
False
1486606023.246
0
HO
False
1486606023.283
0
HO
False
1486606023.321
0
HO
False
1486606023.361
0
HO
False
1486606023.400
0
HO
False
1486606023.437
0
HO
False
1486606023.477
0
HO
False
1486606023.515
0
HO
False
1486606023.581
0
HO
False
1486606023.681
0
HO
False
1486606023.799
0
HO
False
1486606023.911
0
HO
False
1486606024.23
0
HO
False
1486606024.63
0
HO
False
1486606024.105
0
HO
False
1486606024.152
0
HO
False
1486606024.202
0
HO
False
1486606024.229
0
HO
False
1486606024.267
0
HO
False
1486606024.311
0
HO
False
1486606024.352
0
HO
False
1486606024.456
0
HO
False
1486606024.502
0
HO
False
1486606024.542
0
HO
False
1486606024.582
0
HO
False
1486606024.616
0
HO
False
1486606024.662
0
HO
False
1486606024.827
0
HO
False
1486606024.863
0
HO
False
1486606024.903
0
HO
False
1486606024.941
0
HO
False
1486606024.980
0
HO
False
1486606025.18
0
HO
False
1486606025.57
0
HO
False
1486606025.95
0
HO
False
1486606025.134
0
HO
False
1486606025.172
0
HO
False
1486606025.209
0
HO
False
1486606025.248
0
HO
False
1486606025.289
0
HO
False
1486606025.325
0
HO
False
1486606025.364
0
HO
False
1486606025.403
0
HO
False
1486606025.441
0
HO
False
1486606025.480
0
HO
False
1486606025.519
0
HO
False
1486606025.557
0
HO
False
1486606025.597
0
HO
False
1486606025.634
0
HO
False
1486606025.672
0
HO
False
1486606025.712
0
HO
False
1486606025.751
0
HO
False
1486606025.789
0
HO
False
1486606025.827
0
HO
False
1486606025.866
0
HO
False
1486606025.904
0
HO
False
1486606025.943
0
HO
False
1486606025.981
0
HO
False
1486606026.20
0
HO
False
1486606026.59
0
HO
False
1486606026.97
0
HO
False
1486606026.136
0
HO
False
1486606026.175
0
HO
False
1486606026.212
0
HO
False
1486606026.251
0
HO
False
1486606026.290
0
HO
False
1486606026.328
0
HO
False
1486606026.366
0
HO
False
1486606026.406
0
HO
False
1486606026.443
0
HO
False
1486606026.481
0
HO
False
1486606026.521
0
HO
False
1486606026.559
0
HO
False
1486606026.598
0
HO
False
1486606026.637
0
HO
False
1486606026.675
0
HO
False
1486606026.714
0
HO
False
1486606026.752
0
HO
False
1486606026.792
0
HO
False
1486606026.829
0
HO
False
1486606026.869
0
HO
False
1486606026.907
0
HO
False
1486606026.945
0
HO
False
1486606026.984
0
HO
False
1486606027.22
0
HO
False
1486606027.61
0
HO
False
1486606027.101
0
HO
False
1486606027.137
0
HO
False
1486606027.177
0
HO
False
1486606027.214
0
HO
False
1486606027.254
0
HO
False
1486606027.293
0
HO
False
1486606027.330
0
HO
False
1486606027.369
0
HO
False
1486606027.407
0
HO
False
1486606027.446
0
HO
False
1486606027.485
0
HO
False
1486606027.523
0
HO
False
1486606027.561
0
HO
False
1486606027.601
0
HO
False
1486606027.638
0
HO
False
1486606027.677
0
HO
False
1486606027.716
0
HO
False
1486606027.754
0
HA
True
1486606027.794
0
HA
True
1486606027.831
0
HA
True
1486606027.870
44
HA
True
1486606027.908
44
HA
True
1486606027.947
44
HA
True
1486606027.985
42
HA
True
1486606028.24
42
HA
True
1486606028.62
42
HA
True
1486606028.102
36
HO
True
1486606028.140
36
HO
True
1486606028.178
36
HO
True
1486606028.217
40
HO
True
1486606028.255
40
HO
True
1486606028.294
40
HO
True
1486606028.332
38
HO
True
1486606028.370
38
HO
True
1486606028.409
38
HO
True
1486606028.448
26
HB
True
1486606028.487
26
HB
True
1486606028.526
26
HB
True
1486606028.563
0
HB
True
1486606028.604
0
HB
True
1486606028.640
0
HB
True
1486606028.679
0
HB
True
1486606028.718
0
HB
True
1486606028.756
0
HB
True
1486606028.796
0
HO
False
1486606028.833
0
HO
False
1486606028.872
0
HO
False
1486606028.910
0
HO
False
1486606028.948
0
HO
False
1486606028.988
0
HO
False
1486606029.26
0
HO
False
1486606029.64
0
HO
False
1486606029.104
0
HO
False
1486606029.142
0
HO
False
1486606029.181
0
HO
False
1486606029.219
0
HO
False
1486606029.258
0
HO
False
1486606029.297
0
HO
False
1486606029.335
0
HO
False
1486606029.372
0
HO
False
1486606029.411
0
HO
False
1486606029.450
0
HO
False
1486606029.489
0
HO
False
1486606029.527
0
HO
False
1486606029.566
0
HO
False
1486606029.604
0
HO
False
1486606029.642
0
HO
False
1486606029.681
0
HO
False
1486606029.720
0
HO
False
1486606029.759
0
HO
False
1486606029.799
0
HO
False
1486606029.837
0
HO
False
1486606029.874
0
HO
False
1486606029.913
0
HO
False
1486606029.952
0
HO
False
1486606029.989
0
HO
False
1486606030.28
0
HO
False
1486606030.67
0
HO
False
1486606030.106
0
HO
False
1486606030.145
0
HO
False
1486606030.183
0
HO
False
1486606030.220
0
HO
False
1486606030.259
0
HO
False
1486606030.298
0
HO
False
1486606030.337
0
HO
False
1486606030.375
0
HO
False
1486606030.415
0
HO
False
1486606030.452
0
HO
False
1486606030.492
0
HO
False
1486606030.529
0
HO
False
1486606030.568
0
HO
False
1486606030.607
0
HO
False
1486606030.645
0
HO
False
1486606030.683
0
HO
False
1486606030.745
0
HO
False
1486606030.915
0
HO
False
1486606030.953
0
HO
False
1486606030.992
0
HO
False
1486606031.29
0
HO
False
1486606031.68
0
HO
False
1486606031.108
0
HO
False
1486606031.145
0
HO
False
1486606031.184
0
HO
False
1486606031.223
0
HO
False
1486606031.261
0
HO
False
1486606031.301
0
HO
False
1486606031.338
0
HO
False
1486606031.376
0
HO
False
1486606031.416
0
HO
False
1486606031.454
0
HO
False
1486606031.492
0
HO
False
1486606031.531
0
HO
False
1486606031.570
0
HO
False
1486606031.608
0
HO
False
1486606031.647
0
HO
False
1486606031.701
0
HO
False
1486606031.751
0
HO
False
1486606031.852
0
HO
False
1486606031.963
0
HO
False
1486606032.2
0
HO
False
1486606032.31
0
HO
False
1486606032.71
0
HO
False
1486606032.109
0
HO
False
1486606032.147
0
HO
False
1486606032.186
0
HO
False
1486606032.225
0
HO
False
1486606032.264
0
HO
False
1486606032.302
0
HO
False
1486606032.341
0
HO
False
1486606032.379
0
HO
False
1486606032.417
0
HO
False
1486606032.456
0
HO
False
1486606032.495
0
HO
False
1486606032.535
0
HO
False
1486606032.571
0
HO
False
1486606032.610
0
HO
False
1486606032.649
0
HO
False
1486606032.687
0
HO
False
1486606032.726
0
HO
False
1486606032.766
0
HO
False
1486606032.803
0
HO
False
1486606032.841
0
HO
False
1486606032.880
0
HO
False
1486606032.919
0
HO
False
1486606032.957
0
HO
False
1486606032.997
0
HO
False
1486606033.36
0
HO
False
1486606033.72
0
HO
False
1486606033.111
0
HO
False
1486606033.151
0
HO
False
1486606033.189
0
HO
False
1486606033.228
0
HO
False
1486606033.265
0
HO
False
1486606033.304
0
HO
False
1486606033.343
0
HO
False
1486606033.381
0
HO
False
1486606033.420
0
HO
False
1486606033.459
0
HO
False
1486606033.498
0
HO
False
1486606033.536
0
HO
False
1486606033.573
0
HO
False
1486606033.613
0
HO
False
1486606033.652
0
HB
True
1486606033.690
0
HB
True
1486606033.728
0
HB
True
1486606033.767
38
HB
True
1486606033.806
38
HB
True
1486606033.845
38
HB
True
1486606033.881
44
HO
True
1486606033.921
44
HO
True
1486606033.960
44
HO
True
1486606033.998
40
HO
True
1486606034.38
40
HO
True
1486606034.74
40
HO
True
1486606034.113
31
HO
True
1486606034.152
31
HO
True
1486606034.191
31
HO
True
1486606034.230
36
HO
True
1486606034.268
36
HO
True
1486606034.305
36
HO
True
1486606034.345
32
HO
True
1486606034.384
32
HO
True
1486606034.422
32
HO
True
1486606034.462
47
HA
True
1486606034.499
47
HA
True
1486606034.538
47
HA
True
1486606034.576
0
HA
True
1486606034.615
0
HA
True
1486606034.653
0
HA
True
1486606034.692
0
HO
False
1486606034.732
0
HO
False
1486606034.769
0
HO
False
1486606034.807
0
HO
False
1486606034.846
0
HO
False
1486606034.885
0
HO
False
1486606034.924
0
HO
False
1486606034.961
0
HO
False
1486606035.1
0
HO
False
1486606035.37
0
HO
False
1486606035.76
0
HO
False
1486606035.115
0
HO
False
1486606035.154
0
HO
False
1486606035.193
0
HO
False
1486606035.231
0
HO
False
1486606035.270
0
HO
False
1486606035.309
0
HO
False
1486606035.346
0
HO
False
1486606035.386
0
HO
False
1486606035.424
0
HO
False
1486606035.463
0
HO
False
1486606035.502
0
HO
False
1486606035.541
0
HO
False
1486606035.578
0
HO
False
1486606035.618
0
HO
False
1486606035.655
0
HO
False
1486606035.771
0
HO
False
1486606035.818
0
HO
False
1486606035.874
0
HO
False
1486606035.963
0
HO
False
1486606036.2
0
HO
False
1486606036.41
0
HO
False
1486606036.79
0
HO
False
1486606036.118
0
HO
False
1486606036.157
0
HO
False
1486606036.194
0
HO
False
1486606036.236
0
HO
False
1486606036.273
0
HO
False
1486606036.312
0
HO
False
1486606036.348
0
HO
False
1486606036.390
0
HO
False
1486606036.427
0
HO
False
1486606036.464
0
HO
False
1486606036.503
0
HO
False
1486606036.542
0
HO
False
1486606036.581
0
HO
False
1486606036.619
0
HO
False
1486606036.676
0
HO
False
1486606036.778
0
HO
False
1486606036.822
0
HO
False
1486606036.867
0
HO
False
1486606036.887
0
HO
False
1486606036.926
0
HO
False
1486606036.969
0
HO
False
1486606037.4
0
HO
False
1486606037.42
0
HO
False
1486606037.80
0
HO
False
1486606037.119
0
HO
False
1486606037.159
0
HO
False
1486606037.198
0
HO
False
1486606037.237
0
HO
False
1486606037.274
0
HO
False
1486606037.312
0
HO
False
1486606037.352
0
HO
False
1486606037.389
0
HO
False
1486606037.429
0
HO
False
1486606037.467
0
HO
False
1486606037.506
0
HO
False
1486606037.544
0
HO
False
1486606037.582
0
HO
False
1486606037.620
0
HO
False
1486606037.659
0
HO
False
1486606037.698
0
HA
True
1486606037.739
0
HA
True
1486606037.775
0
HA
True
1486606037.814
41
HA
True
1486606037.853
41
HA
True
1486606037.891
41
HA
True
1486606037.929
44
HA
True
1486606037.968
44
HA
True
1486606038.7
44
HA
True
1486606038.46
42
HA
True
1486606038.83
42
HA
True
1486606038.122
42
HA
True
1486606038.161
36
HO
True
1486606038.199
36
HO
True
1486606038.239
36
HO
True
1486606038.277
40
HO
True
1486606038.315
40
HO
True
1486606038.353
40
HO
True
1486606038.392
25
HO
True
1486606038.431
25
HO
True
1486606038.469
25
HO
True
1486606038.508
38
HB
True
1486606038.549
38
HB
True
1486606038.585
38
HB
True
1486606038.624
23
HB
True
1486606038.661
23
HB
True
1486606038.700
23
HB
True
1486606038.741
0
HO
False
1486606038.776
0
HO
False
1486606038.815
0
HO
False
1486606038.855
0
HO
False
1486606038.893
0
HO
False
1486606038.931
0
HO
False
1486606038.970
0
HO
False
1486606039.7
0
HO
False
1486606039.48
0
HO
False
1486606039.86
0
HO
False
1486606039.124
0
HO
False
1486606039.163
0
HO
False
1486606039.201
0
HO
False
1486606039.241
0
HO
False
1486606039.278
0
HO
False
1486606039.317
0
HO
False
1486606039.358
0
HO
False
1486606039.394
0
HO
False
1486606039.432
0
HO
False
1486606039.471
0
HO
False
1486606039.509
0
HO
False
1486606039.549
0
HO
False
1486606039.586
0
HO
False
1486606039.626
0
HO
False
1486606039.663
0
HO
False
1486606039.702
0
HO
False
1486606039.741
0
HO
False
1486606039.778
0
HO
False
1486606039.817
0
HO
False
1486606039.857
0
HO
False
1486606039.896
0
HO
False
1486606039.933
0
HO
False
1486606039.971
0
HO
False
1486606040.10
0
HO
False
1486606040.50
0
HO
False
1486606040.87
0
HO
False
1486606040.126
0
HO
False
1486606040.166
0
HO
False
1486606040.204
0
HO
False
1486606040.242
0
HO
False
1486606040.280
0
HO
False
1486606040.319
0
HO
False
1486606040.359
0
HO
False
1486606040.397
0
HO
False
1486606040.434
0
HO
False
1486606040.473
0
HO
False
1486606040.511
0
HO
False
1486606040.559
0
HO
False
1486606041.842
0
HO
False
1486606041.873
0
HO
False
1486606041.904
0
HO
False
1486606042.99
0
HO
False
1486606042.149
0
HO
False
1486606042.182
0
HO
False
1486606042.206
0
HO
False
1486606042.246
0
HO
False
1486606042.286
0
HO
False
1486606042.323
0
HO
False
1486606042.362
0
HO
False
1486606042.401
0
HO
False
1486606042.438
0
HO
False
1486606042.478
0
HO
False
1486606042.518
0
HO
False
1486606042.554
0
HO
False
1486606042.594
0
HO
False
1486606042.631
0
HO
False
1486606042.672
0
HO
False
1486606042.708
0
HO
False
1486606042.746
0
HO
False
1486606042.785
0
HO
False
1486606042.824
0
HO
False
1486606042.863
0
HO
False
1486606042.901
0
HO
False
1486606042.940
0
HO
False
1486606042.980
0
HO
False
1486606043.17
0
HO
False
1486606043.54
0
HO
False
1486606043.95
0
HO
False
1486606043.132
0
HO
False
1486606043.172
0
HO
False
1486606043.209
0
HO
False
1486606043.248
0
HO
False
1486606043.287
0
HO
False
1486606043.325
0
HO
False
1486606043.364
0
HO
False
1486606043.402
0
HO
False
1486606043.441
0
HO
False
1486606043.480
0
HO
False
1486606043.519
0
HO
False
1486606043.557
0
HO
False
1486606043.595
0
HO
False
1486606043.633
0
HO
False
1486606043.673
0
HO
False
1486606043.710
0
HO
False
1486606043.749
0
HO
False
1486606043.788
0
HO
False
1486606043.825
0
HO
False
1486606043.864
0
HO
False
1486606043.903
0
HO
False
1486606043.942
0
HB
True
1486606043.981
0
HB
True
1486606044.19
0
HB
True
1486606044.58
41
HB
True
1486606044.96
41
HB
True
1486606044.135
41
HB
True
1486606044.175
44
HO
True
1486606044.212
44
HO
True
1486606044.251
44
HO
True
1486606044.289
43
HO
True
1486606044.327
43
HO
True
1486606044.366
43
HO
True
1486606044.404
42
HO
True
1486606044.442
42
HO
True
1486606044.483
42
HO
True
1486606044.520
48
HO
True
1486606044.559
48
HO
True
1486606044.597
48
HO
True
1486606044.635
38
HO
True
1486606044.676
38
HO
True
1486606044.713
38
HO
True
1486606044.752
29
HA
True
1486606044.789
29
HA
True
1486606044.828
29
HA
True
1486606044.867
0
HA
True
1486606044.906
0
HA
True
1486606044.944
0
HA
True
1486606044.984
0
HO
False
1486606045.23
0
HO
False
1486606045.60
0
HO
False
1486606045.99
0
HO
False
1486606045.136
0
HO
False
1486606045.176
0
HO
False
1486606045.214
0
HO
False
1486606045.252
0
HO
False
1486606045.290
0
HO
False
1486606045.329
0
HO
False
1486606045.370
0
HO
False
1486606045.407
0
HO
False
1486606045.444
0
HO
False
1486606045.484
0
HO
False
1486606045.522
0
HO
False
1486606045.562
0
HO
False
1486606045.604
0
HO
False
1486606045.639
0
HO
False
1486606045.678
0
HO
False
1486606045.715
0
HO
False
1486606045.753
0
HO
False
1486606045.792
0
HO
False
1486606045.830
0
HO
False
1486606045.869
0
HO
False
1486606045.907
0
HO
False
1486606045.946
0
HO
False
1486606046.7
0
HO
False
1486606046.182
0
HO
False
1486606046.217
0
HO
False
1486606046.254
0
HO
False
1486606046.294
0
HO
False
1486606046.331
0
HO
False
1486606046.370
0
HO
False
1486606046.408
0
HO
False
1486606046.447
0
HO
False
1486606046.488
0
HO
False
1486606046.524
0
HO
False
1486606046.563
0
HO
False
1486606046.602
0
HO
False
1486606046.640
0
HO
False
1486606046.678
0
HO
False
1486606046.734
0
HO
False
1486606046.776
0
HO
False
1486606046.822
0
HO
False
1486606046.910
0
HO
False
1486606046.952
0
HO
False
1486606046.997
0
HO
False
1486606047.28
0
HO
False
1486606047.64
0
HO
False
1486606047.103
0
HO
False
1486606047.141
0
HO
False
1486606047.179
0
HO
False
1486606047.218
0
HO
False
1486606047.257
0
HO
False
1486606047.298
0
HO
False
1486606047.333
0
HO
False
1486606047.373
0
HO
False
1486606047.410
0
HO
False
1486606047.449
0
HO
False
1486606047.487
0
HO
False
1486606047.526
0
HO
False
1486606047.565
0
HO
False
1486606047.605
0
HO
False
1486606047.642
0
HO
False
1486606047.681
0
HO
False
1486606047.719
0
HO
False
1486606047.757
0
HO
False
1486606047.798
0
HO
False
1486606047.835
0
HO
False
1486606047.874
0
HO
False
1486606047.913
0
HO
False
1486606047.951
0
HO
False
1486606047.988
0
HA
True
1486606048.27
0
HA
True
1486606048.65
0
HA
True
1486606048.106
29
HA
True
1486606048.144
29
HA
True
1486606048.181
29
HA
True
1486606048.220
44
HA
True
1486606048.258
44
HA
True
1486606048.299
44
HA
True
1486606048.336
35
HA
True
1486606048.375
35
HA
True
1486606048.413
35
HA
True
1486606048.452
45
HO
True
1486606048.489
45
HO
True
1486606048.530
45
HO
True
1486606048.566
36
HO
True
1486606048.607
36
HO
True
1486606048.643
36
HO
True
1486606048.683
34
HO
True
1486606048.721
34
HO
True
1486606048.759
34
HO
True
1486606048.798
41
HO
True
1486606048.836
41
HO
True
1486606048.875
41
HO
True
1486606048.915
35
HB
True
1486606048.952
35
HB
True
1486606048.991
35
HB
True
1486606049.29
0
HB
True
1486606049.68
0
HB
True
1486606049.108
0
HB
True
1486606049.145
0
HO
False
1486606049.184
0
HO
False
1486606049.223
0
HO
False
1486606049.261
0
HO
False
1486606049.299
0
HO
False
1486606049.337
0
HO
False
1486606049.377
0
HO
False
1486606049.416
0
HO
False
1486606049.454
0
HO
False
1486606049.492
0
HO
False
1486606049.531
0
HO
False
1486606049.569
0
HO
False
1486606049.608
0
HO
False
1486606049.646
0
HO
False
1486606049.685
0
HO
False
1486606049.723
0
HO
False
1486606049.762
0
HO
False
1486606049.801
0
HO
False
1486606049.838
0
HO
False
1486606049.877
0
HO
False
1486606049.917
0
HO
False
1486606049.954
0
HO
False
1486606049.999
0
HO
False
1486606050.32
0
HO
False
1486606050.70
0
HO
False
1486606050.108
0
HO
False
1486606050.147
0
HO
False
1486606050.187
0
HO
False
1486606050.225
0
HO
False
1486606050.263
0
HO
False
1486606050.302
0
HO
False
1486606050.340
0
HO
False
1486606050.378
0
HO
False
1486606050.417
0
HO
False
1486606050.456
0
HO
False
1486606050.494
0
HO
False
1486606050.533
0
HO
False
1486606050.570
0
HO
False
1486606050.609
0
HO
False
1486606050.648
0
HO
False
1486606050.688
0
HO
False
1486606050.726
0
HO
False
1486606050.764
0
HO
False
1486606050.802
0
HO
False
1486606050.841
0
HO
False
1486606050.880
0
HO
False
1486606050.919
0
HO
False
1486606050.958
0
HO
False
1486606050.995
0
HO
False
1486606051.35
0
HO
False
1486606051.72
0
HO
False
1486606051.111
0
HO
False
1486606051.148
0
HO
False
1486606051.188
0
HO
False
1486606051.228
0
HO
False
1486606051.265
0
HO
False
1486606051.303
0
HO
False
1486606051.358
0
HO
False
1486606051.415
0
HO
False
1486606051.521
0
HO
False
1486606051.612
0
HO
False
1486606051.650
0
HO
False
1486606051.689
0
HO
False
1486606051.729
0
HO
False
1486606051.766
0
HO
False
1486606051.804
0
HO
False
1486606051.851
0
HO
False
1486606051.892
0
HO
False
1486606051.927
0
HO
False
1486606051.958
0
HO
False
1486606051.998
0
HO
False
1486606052.35
0
HO
False
1486606052.74
0
HO
False
1486606052.138
0
HO
False
1486606052.238
0
HO
False
1486606052.301
0
HO
False
1486606052.335
0
HO
False
1486606052.357
0
HO
False
1486606052.381
0
HO
False
1486606052.422
0
HO
False
1486606052.459
0
HO
False
1486606052.497
0
HO
False
1486606052.538
0
HO
False
1486606052.574
0
HO
False
1486606052.614
0
HO
False
1486606052.652
0
HO
False
1486606052.691
0
HO
False
1486606052.731
0
HO
False
1486606052.769
0
HO
False
1486606052.806
0
HO
False
1486606052.845
0
HO
False
1486606052.884
0
HO
False
1486606052.923
0
HO
False
1486606052.960
0
HO
False
1486606053.6
0
HO
False
1486606053.39
0
HO
False
1486606053.77
0
HO
False
1486606053.115
0
HO
False
1486606053.154
0
HO
False
1486606053.192
0
HO
False
1486606053.233
0
HO
False
1486606053.269
0
HO
False
1486606053.308
0
HO
False
1486606053.345
0
HO
False
1486606053.385
0
HO
False
1486606053.424
0
HO
False
1486606053.461
0
HO
False
1486606053.501
0
HO
False
1486606053.540
0
HO
False
1486606053.577
0
HO
False
1486606053.616
0
HO
False
1486606053.655
0
HO
False
1486606053.692
0
HO
False
1486606053.733
0
HO
False
1486606053.770
0
HO
False
1486606053.808
0
HO
False
1486606053.847
0
HO
False
1486606053.886
0
HO
False
1486606053.924
0
HO
False
1486606053.963
0
HO
False
1486606054.1
0
HO
False
1486606054.42
0
HO
False
1486606054.77
0
HO
False
1486606054.116
0
HO
False
1486606054.155
0
HO
False
1486606054.195
0
HO
False
1486606054.234
0
HO
False
1486606054.271
0
HO
False
1486606054.309
0
HO
False
1486606054.348
0
HO
False
1486606054.387
0
HO
False
1486606054.425
0
HO
False
1486606054.464
0
HO
False
1486606054.509
0
HO
False
1486606054.542
0
HO
False
1486606054.578
0
HO
False
1486606054.618
0
HO
False
1486606054.657
0
HO
False
1486606054.695
0
HB
True
1486606054.734
0
HB
True
1486606054.772
0
HB
True
1486606054.811
35
HB
True
1486606054.849
35
HB
True
1486606054.888
35
HB
True
1486606054.927
41
HB
True
1486606054.965
41
HB
True
1486606055.3
41
HB
True
1486606055.43
40
HO
True
1486606055.79
40
HO
True
1486606055.119
40
HO
True
1486606055.159
46
HO
True
1486606055.198
46
HO
True
1486606055.236
46
HO
True
1486606055.273
42
HO
True
1486606055.311
42
HO
True
1486606055.351
42
HO
True
1486606055.389
36
HO
True
1486606055.427
36
HO
True
1486606055.466
36
HO
True
1486606055.505
41
HO
True
1486606055.544
41
HO
True
1486606055.580
41
HO
True
1486606055.620
47
HA
True
1486606055.658
47
HA
True
1486606055.697
47
HA
True
1486606055.736
0
HA
True
1486606055.774
0
HA
True
1486606055.811
0
HA
True
1486606055.854
0
HO
False
1486606055.890
0
HO
False
1486606055.928
0
HO
False
1486606055.967
0
HO
False
1486606056.12
0
HO
False
1486606056.44
0
HO
False
1486606056.83
0
HO
False
1486606056.121
0
HO
False
1486606056.160
0
HO
False
1486606056.197
0
HO
False
1486606056.237
0
HO
False
1486606056.275
0
HO
False
1486606056.314
0
HO
False
1486606056.354
0
HO
False
1486606056.391
0
HO
False
1486606056.429
0
HO
False
1486606056.468
0
HO
False
1486606056.507
0
HO
False
1486606056.546
0
HO
False
1486606056.584
0
HO
False
1486606056.623
0
HO
False
1486606056.663
0
HO
False
1486606056.700
0
HO
False
1486606056.738
0
HO
False
1486606056.776
0
HO
False
1486606056.814
0
HO
False
1486606056.856
0
HO
False
1486606056.894
0
HO
False
1486606056.931
0
HO
False
1486606056.969
0
HO
False
1486606057.8
0
HO
False
1486606057.47
0
HO
False
1486606057.106
0
HO
False
1486606057.213
0
HO
False
1486606057.271
0
HO
False
1486606057.296
0
HO
False
1486606057.314
0
HO
False
1486606057.360
0
HO
False
1486606057.396
0
HO
False
1486606057.432
0
HO
False
1486606057.469
0
HO
False
1486606057.515
0
HO
False
1486606057.549
0
HO
False
1486606057.586
0
HO
False
1486606057.625
0
HO
False
1486606057.663
0
HO
False
1486606057.705
0
HO
False
1486606057.739
0
HO
False
1486606057.779
0
HO
False
1486606057.817
0
HO
False
1486606057.856
0
HO
False
1486606057.895
0
HO
False
1486606057.933
0
HO
False
1486606057.971
0
HO
False
1486606058.10
0
HO
False
1486606058.48
0
HO
False
1486606058.87
0
HO
False
1486606058.147
0
HO
False
1486606058.253
0
HO
False
1486606058.311
0
HO
False
1486606058.330
0
HO
False
1486606058.365
0
HO
False
1486606058.394
0
HO
False
1486606058.435
0
HO
False
1486606058.472
0
HO
False
1486606058.511
0
HO
False
1486606058.549
0
HO
False
1486606058.588
0
HO
False
1486606058.626
0
HO
False
1486606058.666
0
HO
False
1486606058.703
0
HO
False
1486606058.743
0
HO
False
1486606058.781
0
HO
False
1486606058.818
0
HO
False
1486606058.858
0
HO
False
1486606058.896
0
HO
False
1486606058.935
0
HO
False
1486606058.974
0
HO
False
1486606059.18
0
HO
False
1486606059.51
0
HO
False
1486606059.89
0
HO
False
1486606059.128
0
HO
False
1486606059.168
0
HO
False
1486606059.205
0
HO
False
1486606059.243
0
HO
False
1486606059.282
0
HO
False
1486606059.320
0
HO
False
1486606059.359
0
HO
False
1486606059.397
0
HO
False
1486606059.436
0
HO
False
1486606059.475
0
HO
False
1486606059.512
0
HO
False
1486606059.552
0
HO
False
1486606059.590
0
HO
False
1486606059.628
0
HO
False
1486606059.669
0
HA
True
1486606059.705
0
HA
True
1486606059.745
0
HA
True
1486606059.783
41
HA
True
1486606059.819
41
HA
True
1486606059.860
41
HA
True
1486606059.898
44
HA
True
1486606059.937
44
HA
True
1486606059.975
44
HA
True
1486606060.15
35
HO
True
1486606060.53
35
HO
True
1486606060.91
35
HO
True
1486606060.130
42
HO
True
1486606060.169
42
HO
True
1486606060.207
42
HO
True
1486606060.244
33
HO
True
1486606060.284
33
HO
True
1486606060.322
33
HO
True
1486606060.362
40
HO
True
1486606060.399
40
HO
True
1486606060.437
40
HO
True
1486606060.476
34
HO
True
1486606060.522
34
HO
True
1486606060.553
34
HO
True
1486606060.591
41
HO
True
1486606060.630
41
HO
True
1486606060.671
41
HO
True
1486606060.708
32
HB
True
1486606060.746
32
HB
True
1486606060.785
32
HB
True
1486606060.823
0
HB
True
1486606060.861
0
HB
True
1486606060.901
0
HB
True
1486606060.940
0
HO
False
1486606060.978
0
HO
False
1486606061.15
0
HO
False
1486606061.54
0
HO
False
1486606061.92
0
HO
False
1486606061.131
0
HO
False
1486606061.171
0
HO
False
1486606061.208
0
HO
False
1486606061.247
0
HO
False
1486606061.286
0
HO
False
1486606061.324
0
HO
False
1486606061.363
0
HO
False
1486606061.402
0
HO
False
1486606061.440
0
HO
False
1486606061.479
0
HO
False
1486606061.518
0
HO
False
1486606061.555
0
HO
False
1486606061.594
0
HO
False
1486606061.632
0
HO
False
1486606061.673
0
HO
False
1486606061.709
0
HO
False
1486606061.748
0
HO
False
1486606061.787
0
HO
False
1486606061.825
0
HO
False
1486606061.881
0
HO
False
1486606061.917
0
HO
False
1486606061.964
0
HO
False
1486606061.990
0
HO
False
1486606062.22
0
HO
False
1486606062.56
0
HO
False
1486606062.95
0
HO
False
1486606062.134
0
HO
False
1486606062.173
0
HO
False
1486606062.211
0
HO
False
1486606062.249
0
HO
False
1486606062.288
0
HO
False
1486606062.326
0
HO
False
1486606062.365
0
HO
False
1486606062.404
0
HO
False
1486606062.443
0
HO
False
1486606062.482
0
HO
False
1486606062.519
0
HO
False
1486606062.557
0
HO
False
1486606062.596
0
HO
False
1486606062.635
0
HO
False
1486606062.674
0
HO
False
1486606062.711
0
HO
False
1486606062.752
0
HO
False
1486606062.789
0
HO
False
1486606062.827
0
HO
False
1486606062.866
0
HO
False
1486606062.905
0
HO
False
1486606062.944
0
HO
False
1486606062.983
0
HO
False
1486606063.20
0
HO
False
1486606063.58
0
HO
False
1486606063.117
0
HO
False
1486606063.213
0
HO
False
1486606063.251
0
HO
False
1486606063.297
0
HO
False
1486606063.350
0
HO
False
1486606063.366
0
HO
False
1486606063.404
0
HO
False
1486606063.444
0
HO
False
1486606063.484
0
HO
False
1486606063.524
0
HO
False
1486606063.560
0
HO
False
1486606063.597
0
HO
False
1486606063.637
0
HO
False
1486606063.676
0
HO
False
1486606063.713
0
HO
False
1486606063.753
0
HO
False
1486606063.790
0
HO
False
1486606063.829
0
HO
False
1486606063.869
0
HO
False
1486606063.906
0
HO
False
1486606063.945
0
HO
False
1486606063.985
0
HO
False
1486606064.23
0
HO
False
1486606064.61
0
HO
False
1486606064.100
0
HO
False
1486606064.138
0
HO
False
1486606064.207
0
HO
False
1486606064.238
0
HO
False
1486606064.269
0
HO
False
1486606064.291
0
HO
False
1486606064.353
0
HO
False
1486606064.446
0
HO
False
1486606064.485
0
HO
False
1486606064.524
0
HO
False
1486606064.563
0
HO
False
1486606064.601
0
HO
False
1486606064.639
0
HO
False
1486606064.677
0
HO
False
1486606064.716
0
HO
False
1486606064.754
0
HO
False
1486606064.793
0
HO
False
1486606064.831
0
HO
False
1486606064.871
0
HO
False
1486606064.908
0
HO
False
1486606064.947
0
HO
False
1486606064.985
0
HO
False
1486606065.26
0
HO
False
1486606065.63
0
HO
False
1486606065.101
0
HO
False
1486606065.140
0
HO
False
1486606065.180
0
HO
False
1486606065.217
0
HO
False
1486606065.256
0
HO
False
1486606065.294
0
HO
False
1486606065.332
0
HO
False
1486606065.371
0
HO
False
1486606065.410
0
HO
False
1486606065.447
0
HO
False
1486606065.488
0
HO
False
1486606065.525
0
HO
False
1486606065.564
0
HO
False
1486606065.602
0
HO
False
1486606065.641
0
HO
False
1486606065.680
0
HO
False
1486606065.718
0
HO
False
1486606065.757
0
HO
False
1486606065.796
0
HO
False
1486606065.833
0
HO
False
1486606065.872
0
HO
False
1486606065.911
0
HO
False
1486606065.949
0
HO
False
1486606065.988
0
HO
False
1486606066.26
0
HO
False
1486606066.65
0
HO
False
1486606066.105
0
HO
False
1486606066.142
0
HO
False
1486606066.181
0
HO
False
1486606066.219
0
HO
False
1486606066.257
0
HO
False
1486606066.297
0
HO
False
1486606066.335
0
HO
False
1486606066.374
0
HO
False
1486606066.412
0
HO
False
1486606066.451
0
HO
False
1486606066.489
0
HO
False
1486606066.532
0
HO
False
1486606066.567
0
HO
False
1486606066.605
0
HO
False
1486606066.643
0
HO
False
1486606066.682
0
HO
False
1486606066.721
0
HO
False
1486606066.758
0
HO
False
1486606066.798
0
HO
False
1486606066.835
0
HB
True
1486606066.874
0
HB
True
1486606066.914
0
HB
True
1486606066.952
41
HB
True
1486606066.990
41
HB
True
1486606067.28
41
HB
True
1486606067.67
44
HO
True
1486606067.106
44
HO
True
1486606067.145
44
HO
True
1486606067.183
40
HO
True
1486606067.221
40
HO
True
1486606067.260
40
HO
True
1486606067.299
31
HO
True
1486606067.336
31
HO
True
1486606067.375
31
HO
True
1486606067.414
36
HO
True
1486606067.453
36
HO
True
1486606067.491
36
HO
True
1486606067.529
27
HO
True
1486606067.568
27
HO
True
1486606067.608
27
HO
True
1486606067.645
35
HO
True
1486606067.684
35
HO
True
1486606067.722
35
HO
True
1486606067.762
26
HA
True
1486606067.800
26
HA
True
1486606067.837
26
HA
True
1486606067.876
0
HA
True
1486606067.915
0
HA
True
1486606067.954
0
HA
True
1486606067.992
0
HO
False
1486606068.33
0
HO
False
1486606068.68
0
HO
False
1486606068.108
0
HO
False
1486606068.147
0
HO
False
1486606068.185
0
HO
False
1486606068.223
0
HO
False
1486606068.261
0
HO
False
1486606068.301
0
HO
False
1486606068.339
0
HO
False
1486606068.378
0
HO
False
1486606068.417
0
HO
False
1486606068.454
0
HO
False
1486606068.494
0
HO
False
1486606068.533
0
HO
False
1486606068.570
0
HO
False
1486606068.609
0
HO
False
1486606068.648
0
HO
False
1486606068.686
0
HO
False
1486606068.725
0
HO
False
1486606068.763
0
HO
False
1486606068.802
0
HO
False
1486606068.853
0
HO
False
1486606068.903
0
HO
False
1486606068.938
0
HO
False
1486606068.957
0
HO
False
1486606069.73
0
HO
False
1486606069.111
0
HO
False
1486606069.149
0
HO
False
1486606069.187
0
HO
False
1486606069.225
0
HO
False
1486606069.264
0
HO
False
1486606069.304
0
HO
False
1486606069.341
0
HO
False
1486606069.379
0
HO
False
1486606069.419
0
HO
False
1486606069.457
0
HO
False
1486606069.495
0
HO
False
1486606069.536
0
HO
False
1486606069.571
0
HO
False
1486606069.634
0
HO
False
1486606069.733
0
HO
False
1486606069.801
0
HO
False
1486606069.828
0
HO
False
1486606069.919
0
HO
False
1486606069.957
0
HO
False
1486606069.997
0
HO
False
1486606070.35
0
HO
False
1486606070.73
0
HO
False
1486606070.113
0
HO
False
1486606070.151
0
HO
False
1486606070.189
0
HO
False
1486606070.227
0
HO
False
1486606070.267
0
HO
False
1486606070.305
0
HO
False
1486606070.343
0
HO
False
1486606070.381
0
HO
False
1486606070.421
0
HO
False
1486606070.459
0
HO
False
1486606070.498
0
HO
False
1486606070.536
0
HO
False
1486606070.574
0
HO
False
1486606070.613
0
HO
False
1486606070.654
0
HO
False
1486606070.689
0
HO
False
1486606070.729
0
HO
False
1486606070.767
0
HO
False
1486606070.805
0
HO
False
1486606070.845
0
HO
False
1486606070.883
0
HO
False
1486606070.922
0
HO
False
1486606070.960
0
HO
False
1486606070.998
0
HO
False
1486606071.39
0
HO
False
1486606071.74
0
HO
False
1486606071.115
0
HO
False
1486606071.152
0
HO
False
1486606071.191
0
HO
False
1486606071.229
0
HO
False
1486606071.268
0
HO
False
1486606071.307
0
HO
False
1486606071.346
0
HO
False
1486606071.385
0
HO
False
1486606071.423
0
HO
False
1486606071.462
0
HA
True
1486606071.499
0
HA
True
1486606071.538
0
HA
True
1486606071.576
29
HA
True
1486606071.616
29
HA
True
1486606071.654
29
HA
True
1486606071.693
44
HA
True
1486606071.731
44
HA
True
1486606071.769
44
HA
True
1486606071.806
38
HA
True
1486606071.861
38
HA
True
1486606071.896
38
HA
True
1486606071.934
42
HO
True
1486606071.961
42
HO
True
1486606072.1
42
HO
True
1486606072.39
33
HO
True
1486606072.76
33
HO
True
1486606072.118
33
HO
True
1486606072.155
40
HO
True
1486606072.192
40
HO
True
1486606072.232
40
HO
True
1486606072.270
29
HO
True
1486606072.308
29
HO
True
1486606072.347
29
HO
True
1486606072.385
35
HO
True
1486606072.426
35
HO
True
1486606072.463
35
HO
True
1486606072.501
0
HB
True
1486606072.541
0
HB
True
1486606072.578
0
HB
True
1486606072.617
0
HO
False
1486606072.655
0
HO
False
1486606072.695
0
HO
False
1486606072.734
0
HO
False
1486606072.771
0
HO
False
1486606072.810
0
HO
False
1486606072.848
0
HO
False
1486606072.886
0
HO
False
1486606072.926
0
HO
False
1486606072.964
0
HO
False
1486606073.3
0
HO
False
1486606073.41
0
HO
False
1486606073.79
0
HO
False
1486606073.118
0
HO
False
1486606073.157
0
HO
False
1486606073.195
0
HO
False
1486606073.235
0
HO
False
1486606073.272
0
HO
False
1486606073.311
0
HO
False
1486606073.349
0
HO
False
1486606073.389
0
HO
False
1486606073.427
0
HO
False
1486606073.466
0
HO
False
1486606073.504
0
HO
False
1486606073.543
0
HO
False
1486606073.581
0
HO
False
1486606073.620
0
HO
False
1486606073.658
0
HO
False
1486606073.695
0
HO
False
1486606073.735
0
HO
False
1486606073.773
0
HO
False
1486606073.810
0
HO
False
1486606073.851
0
HO
False
1486606073.890
0
HO
False
1486606073.927
0
HO
False
1486606073.966
0
HO
False
1486606074.5
0
HO
False
1486606074.46
0
HO
False
1486606074.82
0
HO
False
1486606074.121
0
HO
False
1486606074.159
0
HO
False
1486606074.197
0
HO
False
1486606074.237
0
HO
False
1486606074.274
0
HO
False
1486606074.313
0
HO
False
1486606074.352
0
HO
False
1486606074.391
0
HO
False
1486606074.429
0
HO
False
1486606074.468
0
HO
False
1486606074.506
0
HO
False
1486606074.545
0
HO
False
1486606074.583
0
HO
False
1486606074.621
0
HO
False
1486606074.659
0
HO
False
1486606074.698
0
HO
False
1486606074.737
0
HO
False
1486606074.776
0
HO
False
1486606074.814
0
HO
False
1486606074.854
0
HO
False
1486606074.891
0
HO
False
1486606074.930
0
HO
False
1486606074.988
0
HO
False
1486606075.32
0
HO
False
1486606075.201
0
HO
False
1486606075.251
0
HO
False
1486606075.281
0
HO
False
1486606075.314
0
HO
False
1486606075.354
0
HO
False
1486606075.393
0
HO
False
1486606075.431
0
HO
False
1486606075.469
0
HO
False
1486606075.508
0
HO
False
1486606075.547
0
HO
False
1486606075.586
0
HO
False
1486606075.634
0
HO
False
1486606075.746
0
HO
False
1486606075.780
0
HO
False
1486606075.815
0
HO
False
1486606075.879
0
HO
False
1486606075.970
0
HO
False
1486606076.9
0
HO
False
1486606076.49
0
HO
False
1486606076.86
0
HO
False
1486606076.124
0
HO
False
1486606076.164
0
HO
False
1486606076.202
0
HO
False
1486606076.241
0
HO
False
1486606076.279
0
HO
False
1486606076.318
0
HO
False
1486606076.356
0
HO
False
1486606076.394
0
HO
False
1486606076.434
0
HO
False
1486606076.471
0
HO
False
1486606076.511
0
HO
False
1486606076.550
0
HO
False
1486606076.587
0
HO
False
1486606076.625
0
HO
False
1486606076.666
0
HO
False
1486606076.704
0
HO
False
1486606076.742
0
HO
False
1486606076.779
0
HO
False
1486606076.818
0
HO
False
1486606076.857
0
HO
False
1486606076.896
0
HO
False
1486606076.935
0
HO
False
1486606076.972
0
HO
False
1486606077.12
0
HO
False
1486606077.53
0
HO
False
1486606077.87
0
HO
False
1486606077.127
0
HO
False
1486606077.165
0
HO
False
1486606077.204
0
HO
False
1486606077.242
0
HO
False
1486606077.281
0
HO
False
1486606077.318
0
HO
False
1486606077.358
0
HO
False
1486606077.396
0
HO
False
1486606077.435
0
HO
False
1486606077.474
0
HO
False
1486606077.512
0
HO
False
1486606077.552
0
HO
False
1486606077.589
0
HO
False
1486606077.628
0
HO
False
1486606077.666
0
HO
False
1486606077.705
0
HO
False
1486606077.744
0
HO
False
1486606077.782
0
HO
False
1486606077.820
0
HO
False
1486606077.860
0
HO
False
1486606077.898
0
HO
False
1486606077.935
0
HO
False
1486606077.974
0
HO
False
1486606078.13
0
HO
False
1486606078.52
0
HO
False
1486606078.90
0
HO
False
1486606078.129
0
HO
False
1486606078.169
0
HO
False
1486606078.206
0
HO
False
1486606078.244
0
HO
False
1486606078.283
0
HO
False
1486606078.321
0
HO
False
1486606078.360
0
HO
False
1486606078.398
0
HO
False
1486606078.437
0
HO
False
1486606078.475
0
HO
False
1486606078.514
0
HB
True
1486606078.554
0
HB
True
1486606078.590
0
HB
True
1486606078.630
29
HB
True
1486606078.669
29
HB
True
1486606078.708
29
HB
True
1486606078.745
41
HB
True
1486606078.787
41
HB
True
1486606078.825
41
HB
True
1486606078.867
40
HO
True
1486606078.900
40
HO
True
1486606078.937
40
HO
True
1486606078.977
46
HO
True
1486606079.14
46
HO
True
1486606079.54
46
HO
True
1486606079.92
42
HO
True
1486606079.131
42
HO
True
1486606079.170
42
HO
True
1486606079.207
48
HO
True
1486606079.247
48
HO
True
1486606079.284
48
HO
True
1486606079.322
44
HO
True
1486606079.362
44
HO
True
1486606079.402
44
HO
True
1486606079.439
47
HA
True
1486606079.482
47
HA
True
1486606079.517
47
HA
True
1486606079.554
0
HA
True
1486606079.592
0
HA
True
1486606079.631
0
HA
True
1486606079.670
0
HO
False
1486606079.709
0
HO
False
1486606079.748
0
HO
False
1486606079.788
0
HO
False
1486606079.824
0
HO
False
1486606079.863
0
HO
False
1486606079.902
0
HO
False
1486606079.940
0
HO
False
1486606079.980
0
HO
False
1486606080.17
0
HO
False
1486606080.56
0
HO
False
1486606080.94
0
HO
False
1486606080.132
0
HO
False
1486606080.171
0
HO
False
1486606080.210
0
HO
False
1486606080.248
0
HO
False
1486606080.291
0
HO
False
1486606080.325
0
HO
False
1486606080.364
0
HO
False
1486606080.403
0
HO
False
1486606080.440
0
HO
False
1486606080.479
0
HO
False
1486606080.518
0
HO
False
1486606080.557
0
HO
False
1486606080.597
0
HO
False
1486606080.648
0
HO
False
1486606080.752
0
HO
False
1486606080.814
0
HO
False
1486606080.905
0
HO
False
1486606080.942
0
HO
False
1486606080.980
0
HO
False
1486606081.36
0
HO
False
1486606081.76
0
HO
False
1486606081.112
0
HO
False
1486606081.142
0
HO
False
1486606081.175
0
HO
False
1486606081.218
0
HO
False
1486606081.253
0
HO
False
1486606081.290
0
HO
False
1486606081.328
0
HO
False
1486606081.367
0
HO
False
1486606081.431
0
HO
False
1486606081.521
0
HO
False
1486606081.581
0
HO
False
1486606081.674
0
HO
False
1486606081.716
0
HO
False
1486606081.752
0
HO
False
1486606081.790
0
HO
False
1486606081.834
0
HO
False
1486606081.875
0
HO
False
1486606081.912
0
HO
False
1486606081.950
0
HO
False
1486606081.984
0
HO
False
1486606082.25
0
HO
False
1486606082.59
0
HO
False
1486606082.99
0
HO
False
1486606082.137
0
HO
False
1486606082.175
0
HO
False
1486606082.214
0
HO
False
1486606082.253
0
HO
False
1486606082.291
0
HO
False
1486606082.332
0
HO
False
1486606082.368
0
HO
False
1486606082.406
0
HO
False
1486606082.446
0
HO
False
1486606082.485
0
HO
False
1486606082.522
0
HO
False
1486606082.561
0
HO
False
1486606082.599
0
HO
False
1486606082.639
0
HO
False
1486606082.677
0
HO
False
1486606082.715
0
HO
False
1486606082.753
0
HO
False
1486606082.792
0
HO
False
1486606082.831
0
HO
False
1486606082.869
0
HO
False
1486606082.908
0
HO
False
1486606082.946
0
HO
False
1486606082.985
0
HO
False
1486606083.24
0
HO
False
1486606083.66
0
HO
False
1486606083.101
0
HO
False
1486606083.141
0
HO
False
1486606083.177
0
HO
False
1486606083.217
0
HO
False
1486606083.255
0
HO
False
1486606083.293
0
HO
False
1486606083.332
0
HO
False
1486606083.371
0
HA
True
1486606083.410
0
HA
True
1486606083.449
0
HA
True
1486606083.485
0
HA
True
1486606083.524
0
HA
True
1486606083.563
0
HA
True
1486606083.602
47
HA
True
1486606083.643
47
HA
True
1486606083.679
47
HA
True
1486606083.718
38
HO
True
1486606083.756
38
HO
True
1486606083.795
38
HO
True
1486606083.833
36
HO
True
1486606083.870
36
HO
True
1486606083.910
36
HO
True
1486606083.950
43
HO
True
1486606083.988
43
HO
True
1486606084.26
43
HO
True
1486606084.64
37
HO
True
1486606084.102
37
HO
True
1486606084.141
37
HO
True
1486606084.179
44
HO
True
1486606084.218
44
HO
True
1486606084.259
44
HO
True
1486606084.296
23
HB
True
1486606084.335
23
HB
True
1486606084.373
23
HB
True
1486606084.411
0
HO
False
1486606084.450
0
HO
False
1486606084.488
0
HO
False
1486606084.527
0
HO
False
1486606084.567
0
HO
False
1486606084.604
0
HO
False
1486606084.642
0
HO
False
1486606084.680
0
HO
False
1486606084.719
0
HO
False
1486606084.759
0
HO
False
1486606084.796
0
HO
False
1486606084.835
0
HO
False
1486606084.875
0
HO
False
1486606084.912
0
HO
False
1486606084.951
0
HO
False
1486606084.990
0
HO
False
1486606085.28
0
HO
False
1486606085.67
0
HO
False
1486606085.104
0
HO
False
1486606085.143
0
HO
False
1486606085.182
0
HO
False
1486606085.220
0
HO
False
1486606085.260
0
HO
False
1486606085.297
0
HO
False
1486606085.336
0
HO
False
1486606085.374
0
HO
False
1486606085.413
0
HO
False
1486606085.452
0
HO
False
1486606085.490
0
HO
False
1486606085.529
0
HO
False
1486606085.568
0
HO
False
1486606085.605
0
HO
False
1486606085.645
0
HO
False
1486606085.683
0
HO
False
1486606085.721
0
HO
False
1486606085.761
0
HO
False
1486606085.799
0
HO
False
1486606085.838
0
HO
False
1486606085.877
0
HO
False
1486606085.914
0
HO
False
1486606085.953
0
HO
False
1486606085.991
0
HO
False
1486606086.30
0
HO
False
1486606086.71
0
HO
False
1486606086.106
0
HO
False
1486606086.145
0
HO
False
1486606086.184
0
HO
False
1486606086.222
0
HO
False
1486606086.261
0
HO
False
1486606086.300
0
HO
False
1486606086.338
0
HO
False
1486606086.377
0
HO
False
1486606086.415
0
HO
False
1486606086.454
0
HO
False
1486606086.492
0
HO
False
1486606086.531
0
HO
False
1486606086.570
0
HO
False
1486606086.624
0
HO
False
1486606086.724
0
HO
False
1486606086.762
0
HO
False
1486606086.808
0
HO
False
1486606086.873
0
HO
False
1486606086.899
0
HO
False
1486606086.927
0
HO
False
1486606086.955
0
HO
False
1486606086.991
0
HO
False
1486606087.32
0
HO
False
1486606087.70
0
HO
False
1486606087.109
0
HO
False
1486606087.146
0
HO
False
1486606087.186
0
HO
False
1486606087.225
0
HO
False
1486606087.286
0
HO
False
1486606087.379
0
HO
False
1486606087.417
0
HO
False
1486606087.469
0
HO
False
1486606087.571
0
HO
False
1486606087.610
0
HO
False
1486606087.649
0
HO
False
1486606087.688
0
HO
False
1486606087.725
0
HO
False
1486606087.764
0
HO
False
1486606087.802
0
HO
False
1486606087.842
0
HO
False
1486606087.881
0
HO
False
1486606087.919
0
HO
False
1486606087.957
0
HO
False
1486606087.995
0
HO
False
1486606088.34
0
HO
False
1486606088.71
0
HO
False
1486606088.111
0
HO
False
1486606088.149
0
HO
False
1486606088.190
0
HO
False
1486606088.227
0
HO
False
1486606088.265
0
HO
False
1486606088.303
0
HO
False
1486606088.342
0
HO
False
1486606088.381
0
HO
False
1486606088.420
0
HO
False
1486606088.458
0
HO
False
1486606088.497
0
HO
False
1486606088.535
0
HO
False
1486606088.573
0
HO
False
1486606088.612
0
HO
False
1486606088.651
0
HO
False
1486606088.690
0
HO
False
1486606088.728
0
HO
False
1486606088.766
0
HO
False
1486606088.805
0
HO
False
1486606088.844
0
HO
False
1486606088.882
0
HO
False
1486606088.919
0
HO
False
1486606088.960
0
HO
False
1486606088.997
0
HO
False
1486606089.36
0
HO
False
1486606089.74
0
HO
False
1486606089.113
0
HO
False
1486606089.151
0
HO
False
1486606089.191
0
HO
False
1486606089.229
0
HO
False
1486606089.267
0
HO
False
1486606089.306
0
HO
False
1486606089.343
0
HO
False
1486606089.383
0
HO
False
1486606089.421
0
HO
False
1486606089.461
0
HO
False
1486606089.500
0
HO
False
1486606089.538
0
HO
False
1486606089.575
0
HO
False
1486606089.615
0
HO
False
1486606089.653
0
HO
False
1486606089.693
0
HO
False
1486606089.730
0
HO
False
1486606089.768
0
HO
False
1486606089.807
0
HO
False
1486606089.845
0
HO
False
1486606089.884
0
HO
False
1486606089.922
0
HO
False
1486606089.962
0
HO
False
1486606090.0
0
HO
False
1486606090.37
0
HO
False
1486606090.76
0
HO
False
1486606090.115
0
HO
False
1486606090.154
0
HO
False
1486606090.193
0
HO
False
1486606090.231
0
HO
False
1486606090.269
0
HO
False
1486606090.308
0
HO
False
1486606090.346
0
HO
False
1486606090.384
0
HO
False
1486606090.424
0
HB
True
1486606090.462
0
HB
True
1486606090.501
0
HB
True
1486606090.539
38
HB
True
1486606090.577
38
HB
True
1486606090.617
38
HB
True
1486606090.655
32
HO
True
1486606090.693
32
HO
True
1486606090.732
32
HO
True
1486606090.770
43
HO
True
1486606090.809
43
HO
True
1486606090.849
43
HO
True
1486606090.886
36
HO
True
1486606090.925
36
HO
True
1486606090.964
36
HO
True
1486606091.3
33
HO
True
1486606091.40
33
HO
True
1486606091.78
33
HO
True
1486606091.117
38
HO
True
1486606091.156
38
HO
True
1486606091.195
38
HO
True
1486606091.233
32
HA
True
1486606091.271
32
HA
True
1486606091.310
32
HA
True
1486606091.349
26
HA
True
1486606091.386
26
HA
True
1486606091.426
26
HA
True
1486606091.464
0
HA
True
1486606091.503
0
HA
True
1486606091.541
0
HA
True
1486606091.579
0
HO
False
1486606091.618
0
HO
False
1486606091.656
0
HO
False
1486606091.695
0
HO
False
1486606091.734
0
HO
False
1486606091.772
0
HO
False
1486606091.811
0
HO
False
1486606091.864
0
HO
False
1486606091.904
0
HO
False
1486606091.957
0
HO
False
1486606091.980
0
HO
False
1486606092.1
0
HO
False
1486606092.42
0
HO
False
1486606092.80
0
HO
False
1486606092.119
0
HO
False
1486606092.157
0
HO
False
1486606092.197
0
HO
False
1486606092.235
0
HO
False
1486606092.274
0
HO
False
1486606092.312
0
HO
False
1486606092.351
0
HO
False
1486606092.389
0
HO
False
1486606092.427
0
HO
False
1486606092.466
0
HO
False
1486606092.505
0
HO
False
1486606092.543
0
HO
False
1486606092.600
0
HO
False
1486606092.698
0
HO
False
1486606092.749
0
HO
False
1486606092.798
0
HO
False
1486606092.829
0
HO
False
1486606092.859
0
HO
False
1486606092.888
0
HO
False
1486606092.929
0
HO
False
1486606092.968
0
HO
False
1486606093.6
0
HO
False
1486606093.45
0
HO
False
1486606093.84
0
HO
False
1486606093.122
0
HO
False
1486606093.159
0
HO
False
1486606093.219
0
HO
False
1486606093.328
0
HO
False
1486606093.380
0
HO
False
1486606093.412
0
HO
False
1486606093.439
0
HO
False
1486606093.470
0
HO
False
1486606093.505
0
HO
False
1486606093.554
0
HO
False
1486606093.586
0
HO
False
1486606093.623
0
HO
False
1486606093.662
0
HO
False
1486606093.700
0
HO
False
1486606093.737
0
HO
False
1486606093.776
0
HO
False
1486606093.815
0
HO
False
1486606093.854
0
HO
False
1486606093.893
0
HO
False
1486606093.930
0
HO
False
1486606093.969
0
HO
False
1486606094.7
0
HO
False
1486606094.47
0
HO
False
1486606094.85
0
HO
False
1486606094.123
0
HO
False
1486606094.162
0
HO
False
1486606094.201
0
HO
False
1486606094.239
0
HO
False
1486606094.278
0
HO
False
1486606094.317
0
HO
False
1486606094.355
0
HO
False
1486606094.417
0
HO
False
1486606094.585
0
HO
False
1486606094.625
0
HO
False
1486606094.662
0
HO
False
1486606094.702
0
HO
False
1486606094.740
0
HO
False
1486606094.779
0
HO
False
1486606094.817
0
HO
False
1486606094.855
0
HO
False
1486606094.895
0
HO
False
1486606094.934
0
HO
False
1486606094.971
0
HO
False
1486606095.9
0
HO
False
1486606095.54
0
HA
True
1486606095.89
0
HA
True
1486606095.125
0
HA
True
1486606095.164
41
HA
True
1486606095.202
41
HA
True
1486606095.241
41
HA
True
1486606095.279
44
HA
True
1486606095.318
44
HA
True
1486606095.357
44
HA
True
1486606095.397
38
HO
True
1486606095.435
38
HO
True
1486606095.473
38
HO
True
1486606095.511
36
HO
True
1486606095.550
36
HO
True
1486606095.588
36
HO
True
1486606095.627
43
HO
True
1486606095.665
43
HO
True
1486606095.704
43
HO
True
1486606095.743
37
HO
True
1486606095.781
37
HO
True
1486606095.818
37
HO
True
1486606095.858
41
HO
True
1486606095.897
41
HO
True
1486606095.935
41
HO
True
1486606095.974
35
HB
True
1486606096.12
35
HB
True
1486606096.51
35
HB
True
1486606096.89
0
HB
True
1486606096.128
0
HB
True
1486606096.167
0
HB
True
1486606096.205
0
HO
False
1486606096.244
0
HO
False
1486606096.283
0
HO
False
1486606096.320
0
HO
False
1486606096.358
0
HO
False
1486606096.398
0
HO
False
1486606096.436
0
HO
False
1486606096.474
0
HO
False
1486606096.513
0
HO
False
1486606096.558
0
HO
False
1486606096.589
0
HO
False
1486606096.629
0
HO
False
1486606096.670
0
HO
False
1486606096.708
0
HO
False
1486606096.745
0
HO
False
1486606096.783
0
HO
False
1486606096.821
0
HO
False
1486606096.861
0
HO
False
1486606096.899
0
HO
False
1486606096.937
0
HO
False
1486606096.975
0
HO
False
1486606097.14
0
HO
False
1486606097.53
0
HO
False
1486606097.91
0
HO
False
1486606097.129
0
HO
False
1486606097.168
0
HO
False
1486606097.207
0
HO
False
1486606097.246
0
HO
False
1486606097.284
0
HO
False
1486606097.321
0
HO
False
1486606097.361
0
HO
False
1486606097.400
0
HO
False
1486606097.439
0
HO
False
1486606097.477
0
HO
False
1486606097.516
0
HO
False
1486606097.553
0
HO
False
1486606097.592
0
HO
False
1486606097.631
0
HO
False
1486606097.670
0
HO
False
1486606097.708
0
HO
False
1486606097.746
0
HO
False
1486606097.785
0
HO
False
1486606097.822
0
HO
False
1486606097.863
0
HO
False
1486606097.901
0
HO
False
1486606097.939
0
HO
False
1486606097.977
0
HO
False
1486606098.16
0
HO
False
1486606098.62
0
HO
False
1486606098.92
0
HO
False
1486606098.132
0
HO
False
1486606098.171
0
HO
False
1486606098.210
0
HO
False
1486606098.247
0
HO
False
1486606098.286
0
HO
False
1486606098.325
0
HO
False
1486606098.363
0
HO
False
1486606098.402
0
HO
False
1486606098.440
0
HO
False
1486606098.479
0
HO
False
1486606098.518
0
HO
False
1486606098.587
0
HO
False
1486606098.672
0
HO
False
1486606098.710
0
HO
False
1486606098.760
0
HO
False
1486606098.811
0
HO
False
1486606098.838
0
HO
False
1486606098.862
0
HO
False
1486606098.905
0
HO
False
1486606098.942
0
HO
False
1486606098.980
0
HO
False
1486606099.18
0
HO
False
1486606099.57
0
HO
False
1486606099.96
0
HO
False
1486606099.134
0
HO
False
1486606099.172
0
HO
False
1486606099.211
0
HO
False
1486606099.250
0
HO
False
1486606099.289
0
HO
False
1486606099.350
0
HO
False
1486606099.391
0
HO
False
1486606099.414
0
HO
False
1486606099.440
0
HO
False
1486606099.494
0
HO
False
1486606099.533
0
HO
False
1486606099.580
0
HO
False
1486606099.601
0
HO
False
1486606099.634
0
HO
False
1486606099.677
0
HO
False
1486606099.712
0
HO
False
1486606099.751
0
HO
False
1486606099.789
0
HO
False
1486606099.828
0
HO
False
1486606099.867
0
HO
False
1486606099.904
0
HO
False
1486606099.943
0
HO
False
1486606099.983
0
HO
False
1486606100.20
0
HO
False
1486606100.60
0
HO
False
1486606100.98
0
HO
False
1486606100.135
0
HO
False
1486606100.175
0
HO
False
1486606100.213
0
HO
False
1486606100.251
0
HO
False
1486606100.290
0
HO
False
1486606100.327
0
HO
False
1486606100.368
0
HO
False
1486606100.407
0
HO
False
1486606100.445
0
HO
False
1486606100.484
0
HO
False
1486606100.521
0
HO
False
1486606100.560
0
HO
False
1486606100.599
0
HO
False
1486606100.637
0
HO
False
1486606100.675
0
HO
False
1486606100.713
0
HO
False
1486606100.753
0
HO
False
1486606100.791
0
HO
False
1486606100.830
0
HO
False
1486606100.868
0
HO
False
1486606100.908
0
HO
False
1486606100.946
0
HO
False
1486606100.985
0
HO
False
1486606101.23
0
HO
False
1486606101.67
0
HO
False
1486606101.99
0
HO
False
1486606101.139
0
HO
False
1486606101.177
0
HO
False
1486606101.216
0
HO
False
1486606101.254
0
HO
False
1486606101.293
0
HO
False
1486606101.331
0
HO
False
1486606101.369
0
HO
False
1486606101.408
0
HO
False
1486606101.447
0
HO
False
1486606101.486
0
HO
False
1486606101.524
0
HO
False
1486606101.562
0
HO
False
1486606101.601
0
HO
False
1486606101.638
0
HO
False
1486606101.677
0
HO
False
1486606101.717
0
HO
False
1486606101.755
0
HO
False
1486606101.795
0
HO
False
1486606101.850
0
HO
False
1486606101.887
0
HO
False
1486606101.927
0
HO
False
1486606101.951
0
HO
False
1486606101.985
0
HO
False
1486606102.27
0
HO
False
1486606102.63
0
HO
False
1486606102.103
0
HO
False
1486606102.140
0
HO
False
1486606102.179
0
HO
False
1486606102.217
0
HO
False
1486606102.256
0
HO
False
1486606102.295
0
HO
False
1486606102.334
0
HO
False
1486606102.372
0
HO
False
1486606102.410
0
HO
False
1486606102.449
0
HO
False
1486606102.487
0
HO
False
1486606102.525
0
HO
False
1486606102.571
0
HO
False
1486606102.603
0
HO
False
1486606102.641
0
HO
False
1486606102.679
0
HO
False
1486606102.719
0
HO
False
1486606102.756
0
HO
False
1486606102.797
0
HO
False
1486606102.834
0
HO
False
1486606102.872
0
HO
False
1486606102.911
0
HO
False
1486606102.950
0
HO
False
1486606102.989
0
HO
False
1486606103.27
0
HB
True
1486606103.65
0
HB
True
1486606103.105
0
HB
True
1486606103.142
41
HB
True
1486606103.180
41
HB
True
1486606103.219
41
HB
True
1486606103.258
41
HO
True
1486606103.297
41
HO
True
1486606103.335
41
HO
True
1486606103.374
43
HO
True
1486606103.412
43
HO
True
1486606103.451
43
HO
True
1486606103.489
46
HO
True
1486606103.528
46
HO
True
1486606103.566
46
HO
True
1486606103.606
45
HO
True
1486606103.644
45
HO
True
1486606103.682
45
HO
True
1486606103.720
27
HO
True
1486606103.758
27
HO
True
1486606103.798
27
HO
True
1486606103.835
35
HO
True
1486606103.875
35
HO
True
1486606103.913
35
HO
True
1486606103.951
26
HA
True
1486606103.991
26
HA
True
1486606104.28
26
HA
True
1486606104.73
0
HA
True
1486606104.108
0
HA
True
1486606104.144
0
HA
True
1486606104.183
0
HO
False
1486606104.221
0
HO
False
1486606104.260
0
HO
False
1486606104.301
0
HO
False
1486606104.337
0
HO
False
1486606104.376
0
HO
False
1486606104.416
0
HO
False
1486606104.453
0
HO
False
1486606104.492
0
HO
False
1486606104.529
0
HO
False
1486606104.568
0
HO
False
1486606104.607
0
HO
False
1486606104.645
0
HO
False
1486606104.684
0
HO
False
1486606104.722
0
HO
False
1486606104.761
0
HO
False
1486606104.801
0
HO
False
1486606104.840
0
HO
False
1486606104.878
0
HO
False
1486606104.915
0
HO
False
1486606104.953
0
HO
False
1486606104.992
0
HO
False
1486606105.31
0
HO
False
1486606105.69
0
HO
False
1486606105.109
0
HO
False
1486606105.146
0
HO
False
1486606105.185
0
HO
False
1486606105.224
0
HO
False
1486606105.285
0
HO
False
1486606105.377
0
HO
False
1486606105.416
0
HO
False
1486606105.469
0
HO
False
1486606105.517
0
HO
False
1486606105.545
0
HO
False
1486606105.582
0
HO
False
1486606105.609
0
HO
False
1486606105.648
0
HO
False
1486606105.685
0
HO
False
1486606105.738
0
HO
False
1486606105.764
0
HO
False
1486606105.807
0
HO
False
1486606105.841
0
HO
False
1486606105.880
0
HO
False
1486606105.918
0
HO
False
1486606105.956
0
HO
False
1486606105.995
0
HO
False
1486606106.34
0
HO
False
1486606106.70
0
HO
False
1486606106.128
0
HO
False
1486606106.175
0
HO
False
1486606106.269
0
HO
False
1486606106.315
0
HO
False
1486606106.354
0
HO
False
1486606106.380
0
HO
False
1486606106.424
0
HO
False
1486606106.460
0
HO
False
1486606106.496
0
HO
False
1486606106.535
0
HO
False
1486606106.573
0
HO
False
1486606106.611
0
HO
False
1486606106.650
0
HO
False
1486606106.688
0
HO
False
1486606106.727
0
HO
False
1486606106.767
0
HO
False
1486606106.805
0
HO
False
1486606106.846
0
HO
False
1486606106.881
0
HO
False
1486606106.919
0
HO
False
1486606106.958
0
HO
False
1486606106.997
0
HO
False
1486606107.34
0
HO
False
1486606107.79
0
HO
False
1486606107.112
0
HO
False
1486606107.151
0
HO
False
1486606107.190
0
HO
False
1486606107.227
0
HO
False
1486606107.266
0
HO
False
1486606107.306
0
HO
False
1486606107.343
0
HO
False
1486606107.383
0
HO
False
1486606107.420
0
HO
False
1486606107.459
0
HO
False
1486606107.499
0
HO
False
1486606107.537
0
HO
False
1486606107.574
0
HO
False
1486606107.614
0
HO
False
1486606107.653
0
HA
True
1486606107.690
0
HA
True
1486606107.728
0
HA
True
1486606107.767
44
HA
True
1486606107.807
44
HA
True
1486606107.845
44
HA
True
1486606107.883
44
HA
True
1486606107.922
44
HA
True
1486606107.960
44
HA
True
1486606107.999
38
HA
True
1486606108.37
38
HA
True
1486606108.75
38
HA
True
1486606108.115
36
HO
True
1486606108.152
36
HO
True
1486606108.192
36
HO
True
1486606108.231
40
HO
True
1486606108.269
40
HO
True
1486606108.308
40
HO
True
1486606108.345
37
HO
True
1486606108.384
37
HO
True
1486606108.423
37
HO
True
1486606108.462
41
HO
True
1486606108.500
41
HO
True
1486606108.538
41
HO
True
1486606108.581
35
HB
True
1486606108.617
35
HB
True
1486606108.654
35
HB
True
1486606108.692
0
HB
True
1486606108.731
0
HB
True
1486606108.769
0
HB
True
1486606108.808
0
HO
False
1486606108.846
0
HO
False
1486606108.885
0
HO
False
1486606108.923
0
HO
False
1486606108.963
0
HO
False
1486606109.1
0
HO
False
1486606109.39
0
HO
False
1486606109.77
0
HO
False
1486606109.118
0
HO
False
1486606109.155
0
HO
False
1486606109.193
0
HO
False
1486606109.233
0
HO
False
1486606109.271
0
HO
False
1486606109.310
0
HO
False
1486606109.347
0
HO
False
1486606109.386
0
HO
False
1486606109.424
0
HO
False
1486606109.463
0
HO
False
1486606109.502
0
HO
False
1486606109.541
0
HO
False
1486606109.579
0
HO
False
1486606109.618
0
HO
False
1486606109.655
0
HO
False
1486606109.694
0
HO
False
1486606109.734
0
HO
False
1486606109.772
0
HO
False
1486606109.812
0
HO
False
1486606109.849
0
HO
False
1486606109.887
0
HO
False
1486606109.926
0
HO
False
1486606109.964
0
HO
False
1486606110.2
0
HO
False
1486606110.42
0
HO
False
1486606110.83
0
HO
False
1486606110.121
0
HO
False
1486606110.156
0
HO
False
1486606110.196
0
HO
False
1486606110.234
0
HO
False
1486606110.273
0
HO
False
1486606110.311
0
HO
False
1486606110.350
0
HO
False
1486606110.388
0
HO
False
1486606110.427
0
HO
False
1486606110.466
0
HO
False
1486606110.504
0
HO
False
1486606110.543
0
HO
False
1486606110.581
0
HO
False
1486606110.620
0
HO
False
1486606110.658
0
HO
False
1486606110.698
0
HO
False
1486606110.735
0
HO
False
1486606110.776
0
HO
False
1486606110.812
0
HO
False
1486606110.851
0
HO
False
1486606110.889
0
HO
False
1486606110.929
0
HO
False
1486606110.968
0
HO
False
1486606111.5
0
HO
False
1486606111.61
0
HO
False
1486606111.158
0
HO
False
1486606111.212
0
HO
False
1486606111.271
0
HO
False
1486606111.294
0
HO
False
1486606111.312
0
HO
False
1486606111.354
0
HO
False
1486606111.389
0
HO
False
1486606111.430
0
HO
False
1486606111.468
0
HO
False
1486606111.506
0
HO
False
1486606111.545
0
HO
False
1486606111.585
0
HO
False
1486606111.623
0
HO
False
1486606111.660
0
HO
False
1486606111.699
0
HO
False
1486606111.737
0
HO
False
1486606111.791
0
HO
False
1486606111.896
0
HO
False
1486606111.939
0
HO
False
1486606111.971
0
HO
False
1486606112.23
0
HO
False
1486606112.71
0
HO
False
1486606112.94
0
HO
False
1486606112.122
0
HO
False
1486606112.164
0
HO
False
1486606112.200
0
HO
False
1486606112.240
0
HO
False
1486606112.277
0
HO
False
1486606112.316
0
HO
False
1486606112.354
0
HO
False
1486606112.392
0
HO
False
1486606112.432
0
HO
False
1486606112.470
0
HO
False
1486606112.508
0
HO
False
1486606112.548
0
HO
False
1486606112.586
0
HO
False
1486606112.624
0
HO
False
1486606112.663
0
HO
False
1486606112.701
0
HO
False
1486606112.741
0
HO
False
1486606112.777
0
HO
False
1486606112.817
0
HO
False
1486606112.855
0
HO
False
1486606112.893
0
HO
False
1486606112.934
0
HO
False
1486606112.971
0
HO
False
1486606113.9
0
HO
False
1486606113.48
0
HO
False
1486606113.88
0
HO
False
1486606113.125
0
HO
False
1486606113.163
0
HO
False
1486606113.202
0
HO
False
1486606113.243
0
HO
False
1486606113.279
0
HO
False
1486606113.318
0
HO
False
1486606113.356
0
HO
False
1486606113.395
0
HO
False
1486606113.434
0
HO
False
1486606113.472
0
HO
False
1486606113.509
0
HO
False
1486606113.548
0
HO
False
1486606113.587
0
HO
False
1486606113.625
0
HO
False
1486606113.665
0
HO
False
1486606113.703
0
HO
False
1486606113.743
0
HO
False
1486606113.780
0
HO
False
1486606113.817
0
HO
False
1486606113.856
0
HO
False
1486606113.895
0
HO
False
1486606113.935
0
HO
False
1486606113.972
0
HO
False
1486606114.11
0
HO
False
1486606114.49
0
HO
False
1486606114.88
0
HO
False
1486606114.126
0
HO
False
1486606114.165
0
HO
False
1486606114.204
0
HO
False
1486606114.245
0
HO
False
1486606114.281
0
HO
False
1486606114.319
0
HO
False
1486606114.358
0
HO
False
1486606114.396
0
HO
False
1486606114.437
0
HO
False
1486606114.474
0
HB
True
1486606114.513
0
HB
True
1486606114.551
0
HB
True
1486606114.591
29
HB
True
1486606114.628
29
HB
True
1486606114.666
29
HB
True
1486606114.705
44
HB
True
1486606114.744
44
HB
True
1486606114.782
44
HB
True
1486606114.820
43
HO
True
1486606114.859
43
HO
True
1486606114.898
43
HO
True
1486606114.939
46
HO
True
1486606114.975
46
HO
True
1486606115.13
46
HO
True
1486606115.52
42
HO
True
1486606115.90
42
HO
True
1486606115.129
42
HO
True
1486606115.168
27
HO
True
1486606115.206
27
HO
True
1486606115.246
27
HO
True
1486606115.283
35
HO
True
1486606115.321
35
HO
True
1486606115.361
35
HO
True
1486606115.399
29
HA
True
1486606115.438
29
HA
True
1486606115.476
29
HA
True
1486606115.515
0
HA
True
1486606115.553
0
HA
True
1486606115.591
0
HA
True
1486606115.629
0
HO
False
1486606115.668
0
HO
False
1486606115.707
0
HO
False
1486606115.750
0
HO
False
1486606115.784
0
HO
False
1486606115.821
0
HO
False
1486606115.861
0
HO
False
1486606115.899
0
HO
False
1486606115.939
0
HO
False
1486606115.977
0
HO
False
1486606116.16
0
HO
False
1486606116.54
0
HO
False
1486606116.95
0
HO
False
1486606116.131
0
HO
False
1486606116.169
0
HO
False
1486606116.207
0
HO
False
1486606116.247
0
HO
False
1486606116.285
0
HO
False
1486606116.324
0
HO
False
1486606116.363
0
HO
False
1486606116.401
0
HO
False
1486606116.440
0
HO
False
1486606116.478
0
HO
False
1486606116.517
0
HO
False
1486606116.555
0
HO
False
1486606116.613
0
HO
False
1486606116.663
0
HO
False
1486606116.749
0
HO
False
1486606116.798
0
HO
False
1486606116.861
0
HO
False
1486606116.895
0
HO
False
1486606116.917
0
HO
False
1486606116.947
0
HO
False
1486606116.980
0
HO
False
1486606117.22
0
HO
False
1486606117.59
0
HO
False
1486606117.94
0
HO
False
1486606117.134
0
HO
False
1486606117.171
0
HO
False
1486606117.210
0
HO
False
1486606117.251
0
HO
False
1486606117.287
0
HO
False
1486606117.325
0
HO
False
1486606117.448
0
HO
False
1486606117.497
0
HO
False
1486606117.536
0
HO
False
1486606117.716
0
HO
False
1486606117.763
0
HO
False
1486606117.795
0
HO
False
1486606117.829
0
HO
False
1486606117.865
0
HO
False
1486606117.904
0
HO
False
1486606117.943
0
HO
False
1486606117.981
0
HO
False
1486606118.19
0
HO
False
1486606118.57
0
HO
False
1486606118.96
0
HO
False
1486606118.135
0
HO
False
1486606118.173
0
HO
False
1486606118.212
0
HO
False
1486606118.251
0
HO
False
1486606118.290
0
HO
False
1486606118.328
0
HO
False
1486606118.367
0
HO
False
1486606118.405
0
HO
False
1486606118.445
0
HO
False
1486606118.483
0
HO
False
1486606118.521
0
HO
False
1486606118.559
0
HO
False
1486606118.597
0
HO
False
1486606118.636
0
HO
False
1486606118.675
0
HO
False
1486606118.714
0
HO
False
1486606118.754
0
HO
False
1486606118.790
0
HO
False
1486606118.829
0
HO
False
1486606118.867
0
HO
False
1486606118.907
0
HO
False
1486606118.945
0
HO
False
1486606118.983
0
HA
True
1486606119.22
0
HA
True
1486606119.60
0
HA
True
1486606119.100
44
HA
True
1486606119.137
44
HA
True
1486606119.177
44
HA
True
1486606119.215
44
HA
True
1486606119.253
44
HA
True
1486606119.291
44
HA
True
1486606119.330
42
HA
True
1486606119.369
42
HA
True
1486606119.408
42
HA
True
1486606119.447
36
HO
True
1486606119.485
36
HO
True
1486606119.523
36
HO
True
1486606119.562
40
HO
True
1486606119.600
40
HO
True
1486606119.638
40
HO
True
1486606119.677
37
HO
True
1486606119.716
37
HO
True
1486606119.756
37
HO
True
1486606119.793
41
HB
True
1486606119.831
41
HB
True
1486606119.869
41
HB
True
1486606119.908
26
HB
True
1486606119.947
26
HB
True
1486606119.985
26
HB
True
1486606120.24
0
HB
True
1486606120.63
0
HB
True
1486606120.101
0
HB
True
1486606120.139
0
HO
False
1486606120.178
0
HO
False
1486606120.217
0
HO
False
1486606120.256
0
HO
False
1486606120.294
0
HO
False
1486606120.332
0
HO
False
1486606120.370
0
HO
False
1486606120.409
0
HO
False
1486606120.449
0
HO
False
1486606120.487
0
HO
False
1486606120.525
0
HO
False
1486606120.563
0
HO
False
1486606120.602
0
HO
False
1486606120.640
0
HO
False
1486606120.678
0
HO
False
1486606120.718
0
HO
False
1486606120.760
0
HO
False
1486606120.794
0
HO
False
1486606120.833
0
HO
False
1486606120.871
0
HO
False
1486606120.910
0
HO
False
1486606120.950
0
HO
False
1486606120.987
0
HO
False
1486606121.25
0
HO
False
1486606121.64
0
HO
False
1486606121.103
0
HO
False
1486606121.141
0
HO
False
1486606121.179
0
HO
False
1486606121.218
0
HO
False
1486606121.258
0
HO
False
1486606121.295
0
HO
False
1486606121.334
0
HO
False
1486606121.372
0
HO
False
1486606121.412
0
HO
False
1486606121.451
0
HO
False
1486606121.489
0
HO
False
1486606121.526
0
HO
False
1486606121.565
0
HO
False
1486606121.603
0
HO
False
1486606121.642
0
HO
False
1486606121.682
0
HO
False
1486606121.720
0
HO
False
1486606121.760
0
HO
False
1486606121.797
0
HO
False
1486606121.842
0
HO
False
1486606121.894
0
HO
False
1486606121.937
0
HO
False
1486606122.27
0
HO
False
1486606122.67
0
HO
False
1486606122.105
0
HO
False
1486606122.144
0
HO
False
1486606122.183
0
HO
False
1486606122.220
0
HO
False
1486606122.259
0
HO
False
1486606122.299
0
HO
False
1486606122.367
0
HO
False
1486606122.452
0
HO
False
1486606122.490
0
HO
False
1486606122.544
0
HO
False
1486606122.590
0
HO
False
1486606122.616
0
HO
False
1486606122.651
0
HO
False
1486606122.687
0
HO
False
1486606122.721
0
HO
False
1486606122.762
0
HO
False
1486606122.799
0
HO
False
1486606122.837
0
HO
False
1486606122.876
0
HO
False
1486606122.915
0
HO
False
1486606122.954
0
HO
False
1486606122.991
0
HO
False
1486606123.49
0
HO
False
1486606123.145
0
HO
False
1486606123.184
0
HO
False
1486606123.234
0
HO
False
1486606123.339
0
HO
False
1486606123.377
0
HO
False
1486606123.416
0
HO
False
1486606123.456
0
HO
False
1486606123.494
0
HO
False
1486606123.531
0
HO
False
1486606123.568
0
HO
False
1486606123.610
0
HO
False
1486606123.647
0
HO
False
1486606123.685
0
HO
False
1486606123.723
0
HO
False
1486606123.763
0
HO
False
1486606123.801
0
HO
False
1486606123.840
0
HO
False
1486606123.878
0
HO
False
1486606123.916
0
HO
False
1486606123.956
0
HO
False
1486606123.993
0
HO
False
1486606124.33
0
HO
False
1486606124.70
0
HO
False
1486606124.109
0
HO
False
1486606124.148
0
HO
False
1486606124.187
0
HO
False
1486606124.225
0
HO
False
1486606124.265
0
HO
False
1486606124.302
0
HO
False
1486606124.340
0
HO
False
1486606124.378
0
HO
False
1486606124.418
0
HO
False
1486606124.458
0
HO
False
1486606124.496
0
HO
False
1486606124.533
0
HO
False
1486606124.571
0
HO
False
1486606124.610
0
HO
False
1486606124.649
0
HO
False
1486606124.687
0
HO
False
1486606124.726
0
HO
False
1486606124.766
0
HO
False
1486606124.803
0
HO
False
1486606124.841
0
HO
False
1486606124.880
0
HO
False
1486606124.918
0
HO
False
1486606124.956
0
HO
False
1486606124.996
0
HO
False
1486606125.35
0
HO
False
1486606125.73
0
HO
False
1486606125.112
0
HO
False
1486606125.151
0
HO
False
1486606125.191
0
HO
False
1486606125.227
0
HO
False
1486606125.267
0
HO
False
1486606125.304
0
HO
False
1486606125.343
0
HO
False
1486606125.381
0
HO
False
1486606125.419
0
HO
False
1486606125.459
0
HO
False
1486606125.497
0
HO
False
1486606125.536
0
HO
False
1486606125.574
0
HO
False
1486606125.612
0
HO
False
1486606125.650
0
HO
False
1486606125.690
0
HB
True
1486606125.728
0
HB
True
1486606125.767
0
HB
True
1486606125.805
38
HB
True
1486606125.845
38
HB
True
1486606125.883
38
HB
True
1486606125.921
41
HO
True
1486606125.960
41
HO
True
1486606125.998
41
HO
True
1486606126.36
40
HO
True
1486606126.75
40
HO
True
1486606126.113
40
HO
True
1486606126.152
43
HO
True
1486606126.191
43
HO
True
1486606126.229
43
HO
True
1486606126.268
42
HO
True
1486606126.305
42
HO
True
1486606126.344
42
HO
True
1486606126.383
45
HO
True
1486606126.421
45
HO
True
1486606126.460
45
HO
True
1486606126.499
44
HO
True
1486606126.538
44
HO
True
1486606126.576
44
HO
True
1486606126.616
47
HA
True
1486606126.653
47
HA
True
1486606126.691
47
HA
True
1486606126.730
0
HA
True
1486606126.769
0
HA
True
1486606126.806
0
HA
True
1486606126.848
0
HO
False
1486606126.883
0
HO
False
1486606126.922
0
HO
False
1486606126.961
0
HO
False
1486606127.1
0
HO
False
1486606127.38
0
HO
False
1486606127.78
0
HO
False
1486606127.115
0
HO
False
1486606127.155
0
HO
False
1486606127.192
0
HO
False
1486606127.231
0
HO
False
1486606127.271
0
HO
False
1486606127.308
0
HO
False
1486606127.346
0
HO
False
1486606127.386
0
HO
False
1486606127.424
0
HO
False
1486606127.463
0
HO
False
1486606127.501
0
HO
False
1486606127.539
0
HO
False
1486606127.578
0
HO
False
1486606127.617
0
HO
False
1486606127.656
0
HO
False
1486606127.694
0
HO
False
1486606127.733
0
HO
False
1486606127.772
0
HO
False
1486606127.809
0
HO
False
1486606127.849
0
HO
False
1486606127.903
0
HO
False
1486606127.963
0
HO
False
1486606128.119
0
HO
False
1486606128.177
0
HO
False
1486606128.197
0
HO
False
1486606128.234
0
HO
False
1486606128.273
0
HO
False
1486606128.310
0
HO
False
1486606128.349
0
HO
False
1486606128.387
0
HO
False
1486606128.426
0
HO
False
1486606128.464
0
HO
False
1486606128.503
0
HO
False
1486606128.542
0
HO
False
1486606128.596
0
HO
False
1486606128.645
0
HO
False
1486606128.746
0
HO
False
1486606128.851
0
HO
False
1486606128.889
0
HO
False
1486606128.928
0
HO
False
1486606128.966
0
HO
False
1486606129.3
0
HO
False
1486606129.43
0
HO
False
1486606129.82
0
HO
False
1486606129.120
0
HO
False
1486606129.159
0
HO
False
1486606129.196
0
HO
False
1486606129.235
0
HO
False
1486606129.275
0
HO
False
1486606129.314
0
HO
False
1486606129.351
0
HO
False
1486606129.390
0
HO
False
1486606129.428
0
HO
False
1486606129.466
0
HO
False
1486606129.505
0
HO
False
1486606129.544
0
HO
False
1486606129.584
0
HO
False
1486606129.623
0
HO
False
1486606129.658
0
HO
False
1486606129.699
0
HO
False
1486606129.737
0
HO
False
1486606129.775
0
HO
False
1486606129.814
0
HO
False
1486606129.852
0
HO
False
1486606129.890
0
HO
False
1486606129.929
0
HO
False
1486606129.967
0
HA
True
1486606130.6
0
HA
True
1486606130.45
0
HA
True
1486606130.85
0
HA
True
1486606130.121
0
HA
True
1486606130.160
0
HA
True
1486606130.199
41
HA
True
1486606130.237
41
HA
True
1486606130.276
41
HA
True
1486606130.315
35
HA
True
1486606130.354
35
HA
True
1486606130.392
35
HA
True
1486606130.430
42
HO
True
1486606130.469
42
HO
True
1486606130.506
42
HO
True
1486606130.546
33
HO
True
1486606130.586
33
HO
True
1486606130.623
33
HO
True
1486606130.662
34
HO
True
1486606130.700
34
HO
True
1486606130.738
34
HO
True
1486606130.777
38
HO
True
1486606130.816
38
HO
True
1486606130.855
38
HO
True
1486606130.892
35
HB
True
1486606130.931
35
HB
True
1486606130.970
35
HB
True
1486606131.9
0
HB
True
1486606131.50
0
HB
True
1486606131.239
0
HO
False
1486606131.279
0
HO
False
1486606131.316
0
HO
False
1486606131.355
0
HO
False
1486606131.394
0
HO
False
1486606131.433
0
HO
False
1486606131.471
0
HO
False
1486606131.509
0
HO
False
1486606131.548
0
HO
False
1486606131.587
0
HO
False
1486606131.625
0
HO
False
1486606131.664
0
HO
False
1486606131.702
0
HO
False
1486606131.741
0
HO
False
1486606131.779
0
HO
False
1486606131.817
0
HO
False
1486606131.870
0
HO
False
1486606131.903
0
HO
False
1486606131.940
0
HO
False
1486606131.972
0
HO
False
1486606132.10
0
HO
False
1486606132.49
0
HO
False
1486606132.88
0
HO
False
1486606132.126
0
HO
False
1486606132.165
0
HO
False
1486606132.203
0
HO
False
1486606132.243
0
HO
False
1486606132.281
0
HO
False
1486606132.319
0
HO
False
1486606132.357
0
HO
False
1486606132.397
0
HO
False
1486606132.435
0
HO
False
1486606132.473
0
HO
False
1486606132.511
0
HO
False
1486606132.551
0
HO
False
1486606132.588
0
HO
False
1486606132.627
0
HO
False
1486606132.665
0
HO
False
1486606132.704
0
HO
False
1486606132.742
0
HO
False
1486606132.782
0
HO
False
1486606132.819
0
HO
False
1486606132.858
0
HO
False
1486606132.897
0
HO
False
1486606132.935
0
HO
False
1486606132.974
0
HO
False
1486606133.12
0
HO
False
1486606133.73
0
HO
False
1486606133.166
0
HO
False
1486606133.205
0
HO
False
1486606133.244
0
HO
False
1486606133.305
0
HO
False
1486606133.345
0
HO
False
1486606133.366
0
HO
False
1486606133.398
0
HO
False
1486606133.438
0
HO
False
1486606133.475
0
HO
False
1486606133.513
0
HO
False
1486606133.552
0
HO
False
1486606133.591
0
HO
False
1486606133.629
0
HO
False
1486606133.668
0
HO
False
1486606133.706
0
HO
False
1486606133.745
0
HO
False
1486606133.783
0
HO
False
1486606133.821
0
HO
False
1486606133.860
0
HO
False
1486606133.923
0
HO
False
1486606133.972
0
HO
False
1486606134.11
0
HO
False
1486606134.42
0
HO
False
1486606134.130
0
HO
False
1486606134.169
0
HO
False
1486606134.208
0
HO
False
1486606134.247
0
HO
False
1486606134.285
0
HO
False
1486606134.323
0
HO
False
1486606134.362
0
HO
False
1486606134.401
0
HO
False
1486606134.438
0
HO
False
1486606134.476
0
HO
False
1486606134.515
0
HO
False
1486606134.554
0
HO
False
1486606134.593
0
HO
False
1486606134.632
0
HO
False
1486606134.671
0
HO
False
1486606134.708
0
HO
False
1486606134.748
0
HO
False
1486606134.785
0
HO
False
1486606134.824
0
HO
False
1486606134.862
0
HO
False
1486606134.901
0
HO
False
1486606134.939
0
HO
False
1486606134.978
0
HO
False
1486606135.17
0
HO
False
1486606135.55
0
HO
False
1486606135.95
0
HO
False
1486606135.132
0
HO
False
1486606135.171
0
HO
False
1486606135.209
0
HO
False
1486606135.248
0
HO
False
1486606135.286
0
HO
False
1486606135.325
0
HO
False
1486606135.364
0
HO
False
1486606135.402
0
HO
False
1486606135.441
0
HO
False
1486606135.480
0
HO
False
1486606135.517
0
HO
False
1486606135.556
0
HO
False
1486606135.594
0
HO
False
1486606135.634
0
HO
False
1486606135.671
0
HO
False
1486606135.711
0
HO
False
1486606135.748
0
HO
False
1486606135.798
0
HO
False
1486606135.828
0
HO
False
1486606135.865
0
HO
False
1486606135.904
0
HO
False
1486606135.942
0
HO
False
1486606135.980
0
HO
False
1486606136.19
0
HO
False
1486606136.57
0
HO
False
1486606136.97
0
HO
False
1486606136.136
0
HO
False
1486606136.173
0
HO
False
1486606136.212
0
HO
False
1486606136.250
0
HO
False
1486606136.288
0
HO
False
1486606136.326
26
HB
True
1486606136.366
26
HB
True
1486606136.406
26
HB
True
1486606136.443
41
HB
True
1486606136.482
41
HB
True
1486606136.520
41
HB
True
1486606136.560
37
HO
True
1486606136.596
37
HO
True
1486606136.636
37
HO
True
1486606136.677
46
HO
True
1486606136.715
46
HO
True
1486606136.751
46
HO
True
1486606136.790
42
HO
True
1486606136.828
42
HO
True
1486606136.866
42
HO
True
1486606136.908
36
HO
True
1486606136.944
36
HO
True
1486606136.982
36
HO
True
1486606137.21
35
HO
True
1486606137.59
35
HO
True
1486606137.98
35
HO
True
1486606137.137
26
HA
True
1486606137.174
26
HA
True
1486606137.214
26
HA
True
1486606137.252
0
HA
True
1486606137.291
0
HA
True
1486606137.329
0
HA
True
1486606137.368
0
HO
False
1486606137.406
0
HO
False
1486606137.444
0
HO
False
1486606137.484
0
HO
False
1486606137.524
0
HO
False
1486606137.561
0
HO
False
1486606137.600
0
HO
False
1486606137.637
0
HO
False
1486606137.676
0
HO
False
1486606137.716
0
HO
False
1486606137.753
0
HO
False
1486606137.791
0
HO
False
1486606137.829
0
HO
False
1486606137.868
0
HO
False
1486606137.908
0
HO
False
1486606137.946
0
HO
False
1486606137.984
0
HO
False
1486606138.24
0
HO
False
1486606138.61
0
HO
False
1486606138.100
0
HO
False
1486606138.139
0
HO
False
1486606138.177
0
HO
False
1486606138.217
0
HO
False
1486606138.254
0
HO
False
1486606138.293
0
HO
False
1486606138.331
0
HO
False
1486606138.371
0
HO
False
1486606138.408
0
HO
False
1486606138.447
0
HO
False
1486606138.485
0
HO
False
1486606138.525
0
HO
False
1486606138.563
0
HO
False
1486606138.601
0
HO
False
1486606138.642
0
HO
False
1486606138.678
0
HO
False
1486606138.716
0
HO
False
1486606138.755
0
HO
False
1486606138.793
0
HO
False
1486606138.833
0
HO
False
1486606138.871
0
HO
False
1486606138.909
0
HO
False
1486606138.948
0
HO
False
1486606138.987
0
HO
False
1486606139.26
0
HO
False
1486606139.63
0
HO
False
1486606139.102
0
HO
False
1486606139.140
0
HO
False
1486606139.179
0
HO
False
1486606139.219
0
HO
False
1486606139.256
0
HO
False
1486606139.295
0
HO
False
1486606139.333
0
HO
False
1486606139.372
0
HO
False
1486606139.410
0
HO
False
1486606139.449
0
HO
False
1486606139.487
0
HO
False
1486606139.526
0
HO
False
1486606139.565
0
HO
False
1486606139.604
0
HO
False
1486606139.642
0
HO
False
1486606139.680
0
HO
False
1486606139.720
0
HO
False
1486606139.757
0
HO
False
1486606139.796
0
HO
False
1486606139.834
0
HO
False
1486606139.874
0
HO
False
1486606139.911
0
HO
False
1486606139.949
0
HO
False
1486606139.988
0
HO
False
1486606140.28
0
HO
False
1486606140.66
0
HO
False
1486606140.105
0
HO
False
1486606140.144
0
HO
False
1486606140.182
0
HO
False
1486606140.220
0
HO
False
1486606140.258
0
HO
False
1486606140.297
0
HO
False
1486606140.335
0
HO
False
1486606140.374
0
HO
False
1486606140.412
0
HO
False
1486606140.451
0
HO
False
1486606140.489
0
HO
False
1486606140.529
0
HO
False
1486606140.566
0
HO
False
1486606140.606
0
HO
False
1486606140.644
0
HO
False
1486606140.682
0
HO
False
1486606140.722
0
HO
False
1486606140.759
0
HO
False
1486606140.800
0
HO
False
1486606140.836
0
HO
False
1486606140.875
0
HO
False
1486606140.915
0
HO
False
1486606140.951
0
HO
False
1486606140.990
0
HO
False
1486606141.41
0
HO
False
1486606141.89
0
HO
False
1486606141.121
0
HO
False
1486606141.143
0
HO
False
1486606141.183
0
HO
False
1486606141.223
0
HO
False
1486606141.260
0
HO
False
1486606141.299
0
HO
False
1486606141.337
0
HO
False
1486606141.376
0
HO
False
1486606141.415
0
HO
False
1486606141.453
0
HO
False
1486606141.492
0
HO
False
1486606141.532
0
HO
False
1486606141.568
0
HO
False
1486606141.607
0
HO
False
1486606141.647
0
HO
False
1486606141.685
0
HO
False
1486606141.725
0
HO
False
1486606141.762
0
HO
False
1486606141.800
0
HO
False
1486606141.846
0
HO
False
1486606141.882
0
HO
False
1486606141.918
0
HO
False
1486606141.955
0
HO
False
1486606141.993
0
HO
False
1486606142.32
0
HO
False
1486606142.69
0
HO
False
1486606142.108
0
HO
False
1486606142.148
0
HO
False
1486606142.186
0
HO
False
1486606142.226
0
HO
False
1486606142.262
0
HO
False
1486606142.301
0
HO
False
1486606142.339
0
HO
False
1486606142.378
0
HO
False
1486606142.417
0
HO
False
1486606142.455
0
HO
False
1486606142.493
0
HO
False
1486606142.533
0
HO
False
1486606142.570
0
HO
False
1486606142.609
0
HO
False
1486606142.648
0
HO
False
1486606142.688
0
HO
False
1486606142.727
0
HO
False
1486606142.763
0
HO
False
1486606142.803
0
HO
False
1486606142.841
0
HO
False
1486606142.878
0
HO
False
1486606142.918
0
HO
False
1486606142.955
0
HO
False
1486606142.995
0
HO
False
1486606143.34
0
HO
False
1486606143.71
0
HO
False
1486606143.110
0
HO
False
1486606143.149
0
HO
False
1486606143.188
0
HO
False
1486606143.227
0
HO
False
1486606143.265
0
HO
False
1486606143.303
0
HO
False
1486606143.341
0
HO
False
1486606143.381
0
HO
False
1486606143.418
0
HO
False
1486606143.457
0
HO
False
1486606143.496
0
HO
False
1486606143.536
0
HO
False
1486606143.573
0
HO
False
1486606143.611
0
HO
False
1486606143.650
0
HO
False
1486606143.688
0
HO
False
1486606143.727
0
HO
False
1486606143.766
0
HO
False
1486606143.803
0
HO
False
1486606143.843
0
HO
False
1486606143.881
0
HO
False
1486606143.920
0
HO
False
1486606143.958
0
HO
False
1486606143.998
0
HO
False
1486606144.37
0
HO
False
1486606144.74
0
HO
False
1486606144.199
0
HO
False
1486606144.390
0
HO
False
1486606144.511
0
HO
False
1486606144.627
0
HO
False
1486606144.746
0
HO
False
1486606144.857
0
HO
False
1486606144.983
0
HO
False
1486606145.86
0
HO
False
1486606145.270
0
HO
False
1486606145.394
0
HO
False
1486606145.437
0
HO
False
1486606145.482
0
HO
False
1486606145.588
0
HO
False
1486606145.713
0
HO
False
1486606145.814
0
HO
False
1486606145.863
0
HO
False
1486606145.893
0
HO
False
1486606145.946
0
HO
False
1486606146.46
0
HO
False
1486606146.101
0
HO
False
1486606146.194
0
HO
False
1486606146.315
0
HO
False
1486606146.370
0
HO
False
1486606146.470
0
HO
False
1486606146.531
0
HO
False
1486606146.623
0
HO
False
1486606146.735
0
HO
False
1486606146.772
0
HO
False
1486606146.810
0
HO
False
