Next
1486591680.43
Page_Up
1486591685.49
Page_Up
1486591686.68
Next
1486591690.23
Next
1486591691.21
Page_Up
1486591695.29
Page_Up
1486591696.27
Next
1486591699.9
Next
1486591701.2
Page_Up
1486591704.97
Page_Up
1486591706.03
Next
1486591709.6
Next
1486591711.44
Page_Up
1486591716.51
Page_Up
1486591717.61
Next
1486591722.31
Next
1486591723.37
Page_Up
1486591727.89
Page_Up
1486591728.86
Next
1486591733.28
Next
1486591734.28
Page_Up
1486591738.81
Page_Up
1486591739.97
Next
1486591744.2
Next
1486591745.23
Page_Up
1486591749.87
Page_Up
1486591750.88
Next
1486591755.73
Next
1486591756.73
Page_Up
1486591761.2
Page_Up
1486591762.62
Next
1486591767.21
Next
1486591768.65
Page_Up
1486591772.99
Page_Up
1486591774.28
Next
1486591778.75
Next
1486591779.81
Page_Up
1486591784.54
Page_Up
1486591785.84
Next
1486591789.98
grave
1486591804.33
