1486789928.77
0
HO
False
1486789928.184
0
HO
False
1486789928.253
0
HO
False
1486789928.338
0
HO
False
1486789928.393
0
HO
False
1486789928.434
0
HO
False
1486789928.472
0
HO
False
1486789928.501
0
HO
False
1486789928.535
0
HO
False
1486789928.568
0
HO
False
1486789928.608
0
HO
False
1486789928.642
0
HO
False
1486789928.681
0
HO
False
1486789928.720
0
HO
False
1486789928.757
0
HO
False
1486789928.816
0
HO
False
1486789928.918
0
HO
False
1486789928.969
0
HO
False
1486789928.991
0
HO
False
1486789929.27
0
HO
False
1486789929.70
0
HO
False
1486789929.105
0
HO
False
1486789929.144
0
HO
False
1486789929.182
0
HO
False
1486789929.219
0
HO
False
1486789929.259
0
HO
False
1486789929.297
0
HO
False
1486789929.337
0
HO
False
1486789929.377
0
HO
False
1486789929.413
0
HO
False
1486789929.453
0
HO
False
1486789929.492
0
HO
False
1486789929.532
0
HO
False
1486789929.566
0
HO
False
1486789929.613
0
HO
False
1486789929.842
0
HO
False
1486789929.891
0
HO
False
1486789929.932
0
HO
False
1486789929.963
0
HO
False
1486789929.999
0
HO
False
1486789930.36
0
HO
False
1486789930.74
0
HO
False
1486789930.115
0
HO
False
1486789930.157
0
HO
False
1486789930.190
0
HO
False
1486789930.224
0
HO
False
1486789930.267
0
HO
False
1486789930.306
0
HO
False
1486789930.352
0
HO
False
1486789930.394
0
HO
False
1486789930.428
0
HO
False
1486789930.465
0
HO
False
1486789930.499
0
HO
False
1486789930.537
0
HO
False
1486789930.577
0
HO
False
1486789930.611
0
HO
False
1486789930.650
0
HO
False
1486789930.701
0
HO
False
1486789930.735
0
HO
False
1486789930.769
0
HO
False
1486789930.804
0
HO
False
1486789930.844
0
HO
False
1486789930.894
0
HO
False
1486789931.74
0
HO
False
1486789931.115
0
HO
False
1486789931.151
0
HO
False
1486789931.198
0
HO
False
1486789931.243
0
HO
False
1486789931.422
0
HO
False
1486789931.468
0
HO
False
1486789931.514
0
HO
False
1486789931.549
0
HO
False
1486789931.652
0
HO
False
1486789931.771
0
HO
False
1486789931.806
0
HO
False
1486789931.839
0
HO
False
1486789931.879
0
HO
False
1486789931.919
0
HO
False
1486789931.975
0
HO
False
1486789932.9
0
HO
False
1486789932.44
0
HO
False
1486789932.75
0
HO
False
1486789932.110
0
HO
False
1486789932.148
0
HO
False
1486789932.203
0
HO
False
1486789932.237
0
HO
False
1486789932.347
0
HO
False
1486789932.462
0
HO
False
1486789932.526
0
HO
False
1486789932.548
0
HO
False
1486789932.572
0
HO
False
1486789932.617
0
HO
False
1486789932.651
0
HO
False
1486789932.689
0
HO
False
1486789932.735
0
HO
False
1486789932.770
0
HO
False
1486789932.808
0
HO
False
1486789932.843
0
HO
False
1486789932.881
0
HO
False
1486789932.922
0
HO
False
1486789932.960
0
HO
False
1486789932.997
0
HO
False
1486789933.36
0
HO
False
1486789933.73
0
HO
False
1486789933.115
0
HO
False
1486789933.152
0
HO
False
1486789933.190
0
HO
False
1486789933.228
0
HO
False
1486789933.269
0
HO
False
1486789933.306
0
HO
False
1486789933.344
0
HO
False
1486789933.382
0
HO
False
1486789933.424
0
HO
False
1486789933.460
0
HO
False
1486789933.500
0
HO
False
1486789933.537
0
HO
False
1486789933.575
0
HO
False
1486789933.617
0
HO
False
1486789933.659
0
HO
False
1486789933.694
0
HO
False
1486789933.731
0
HO
False
1486789933.769
0
HO
False
1486789933.806
0
HO
False
1486789933.846
0
HO
False
1486789933.885
0
HO
False
1486789933.925
0
HO
False
1486789933.960
0
HO
False
1486789933.999
0
HO
False
1486789934.38
0
HO
False
1486789934.76
0
HO
False
1486789934.115
0
HO
False
1486789934.154
0
HO
False
1486789934.192
0
HO
False
1486789934.242
0
HO
False
1486789934.273
0
HO
False
1486789934.314
0
HO
False
1486789934.357
0
HO
False
1486789934.390
0
HO
False
1486789934.436
0
HO
False
1486789934.466
0
HO
False
1486789934.500
0
HO
False
1486789934.544
0
HO
False
1486789934.576
0
HO
False
1486789934.616
0
HO
False
1486789934.664
0
HO
False
1486789934.699
0
HO
False
1486789934.736
0
HO
False
1486789934.774
0
HO
False
1486789934.810
0
HO
False
1486789934.847
0
HO
False
1486789934.887
0
HO
False
1486789934.924
0
HO
False
1486789934.963
0
HO
False
1486789935.10
0
HO
False
1486789935.50
0
HO
False
1486789935.78
0
HO
False
1486789935.120
0
HO
False
1486789935.156
0
HO
False
1486789935.195
0
HO
False
1486789935.236
0
HO
False
1486789935.271
0
HO
False
1486789935.309
0
HO
False
1486789935.348
0
HO
False
1486789935.387
0
HO
False
1486789935.425
0
HO
False
1486789935.463
0
HO
False
1486789935.505
0
HO
False
1486789935.543
0
HO
False
1486789935.579
0
HO
False
1486789935.620
0
HO
False
1486789935.656
0
HO
False
1486789935.695
0
HO
False
1486789935.742
0
HO
False
1486789935.774
0
HO
False
1486789935.812
0
HO
False
1486789935.851
0
HO
False
1486789935.888
0
HO
False
1486789935.926
0
HO
False
1486789935.965
0
HO
False
1486789936.4
0
HO
False
1486789936.45
0
HO
False
1486789936.80
0
HO
False
1486789936.119
0
HO
False
1486789936.158
0
HO
False
1486789936.196
0
HO
False
1486789936.235
0
HO
False
1486789936.272
0
HO
False
1486789936.311
0
HO
False
1486789936.503
0
HO
False
1486789936.543
0
HO
False
1486789936.581
0
HO
False
1486789936.620
0
HO
False
1486789936.660
0
HO
False
1486789936.697
0
HO
False
1486789936.736
0
HO
False
1486789936.775
0
HO
False
1486789936.813
0
HO
False
1486789936.854
0
HO
False
1486789936.889
0
HO
False
1486789936.929
0
HO
False
1486789936.967
0
HO
False
1486789937.6
0
HO
False
1486789937.44
0
HO
False
1486789937.82
0
HO
False
1486789937.122
0
HO
False
1486789937.165
0
HO
False
1486789937.212
0
HO
False
1486789937.247
0
HO
False
1486789937.278
0
HO
False
1486789937.318
0
HO
False
1486789937.357
0
HO
False
1486789937.392
0
HO
False
1486789937.429
0
HO
False
1486789937.469
0
HO
False
1486789937.507
0
HO
False
1486789937.545
0
HO
False
1486789937.583
0
HO
False
1486789937.623
0
HO
False
1486789937.665
0
HO
False
1486789937.705
0
HO
False
1486789937.757
0
HO
False
1486789937.803
0
HO
False
1486789937.899
0
HO
False
1486789937.955
0
HO
False
1486789937.991
0
HO
False
1486789938.45
0
HO
False
1486789938.126
0
HO
False
1486789938.163
0
HO
False
1486789938.200
0
HO
False
1486789938.238
0
HO
False
1486789938.277
0
HO
False
1486789938.315
0
HO
False
1486789938.357
0
HO
False
1486789938.397
0
HO
False
1486789938.439
0
HO
False
1486789938.480
0
HO
False
1486789938.510
0
HO
False
1486789938.556
0
HO
False
1486789938.587
0
HO
False
1486789938.628
0
HO
False
1486789938.663
0
HO
False
1486789938.701
0
HO
False
1486789938.743
0
HO
False
1486789938.778
0
HO
False
1486789938.816
0
HO
False
1486789938.860
0
HO
False
1486789938.897
0
HO
False
1486789938.932
0
HO
False
1486789938.972
0
HO
False
1486789939.10
0
HO
False
1486789939.49
0
HO
False
1486789939.87
0
HO
False
1486789939.126
0
HO
False
1486789939.176
0
HO
False
1486789939.206
0
HO
False
1486789939.248
0
HO
False
1486789939.293
0
HO
False
1486789939.322
0
HO
False
1486789939.356
0
HO
False
1486789939.394
0
HO
False
1486789939.435
0
HO
False
1486789939.471
0
HO
False
1486789939.510
0
HO
False
1486789939.553
0
HO
False
1486789939.589
0
HO
False
1486789939.631
0
HO
False
1486789939.667
0
HO
False
1486789939.705
0
HO
False
1486789939.765
0
HO
False
1486789939.816
0
HO
False
1486789939.901
0
HO
False
1486789939.955
0
HO
False
1486789939.995
0
HO
False
1486789940.90
0
HO
False
1486789940.146
0
HO
False
1486789940.189
0
HO
False
1486789940.233
0
HO
False
1486789940.396
0
HO
False
1486789940.436
0
HO
False
1486789940.473
0
HO
False
1486789940.513
0
HO
False
1486789940.555
0
HO
False
1486789940.589
0
HO
False
1486789940.638
0
HO
False
1486789940.670
0
HO
False
1486789940.717
0
HO
False
1486789940.747
0
HO
False
1486789940.785
0
HO
False
1486789940.823
0
HO
False
1486789940.866
0
HO
False
1486789940.902
0
HO
False
1486789940.938
0
HO
False
1486789940.976
0
HO
False
1486789941.16
0
HO
False
1486789941.53
0
HO
False
1486789941.90
0
HO
False
1486789941.131
0
HO
False
1486789941.167
0
HO
False
1486789941.207
0
HO
False
1486789941.246
0
HO
False
1486789941.284
0
HO
False
1486789941.321
0
HO
False
1486789941.360
0
HO
False
1486789941.399
0
HO
False
1486789941.439
0
HO
False
1486789941.477
0
HO
False
1486789941.515
0
HO
False
1486789941.553
0
HO
False
1486789941.592
0
HO
False
1486789941.631
0
HO
False
1486789941.670
0
HO
False
1486789941.735
0
HO
False
1486789941.843
0
HO
False
1486789941.957
0
HO
False
1486789942.57
0
HO
False
1486789942.177
0
HO
False
1486789942.233
0
HO
False
1486789942.327
0
HO
False
1486789942.376
0
HO
False
1486789942.487
0
HO
False
1486789942.527
0
HO
False
1486789942.576
0
HO
False
1486789942.602
0
HO
False
1486789942.658
0
HO
False
1486789942.715
0
HO
False
1486789942.797
0
HO
False
1486789942.847
0
HO
False
1486789942.948
0
HO
False
1486789942.999
0
HO
False
1486789943.35
0
HO
False
1486789943.82
0
HO
False
1486789943.116
0
HO
False
1486789943.217
0
HO
False
1486789943.269
0
HO
False
1486789943.368
0
HO
False
1486789943.414
0
HO
False
1486789943.462
0
HO
False
1486789943.496
0
HO
False
1486789943.554
0
HO
False
1486789943.637
0
HO
False
1486789943.698
0
HO
False
1486789943.866
0
HO
False
1486789943.922
0
HO
False
1486789943.960
0
HO
False
1486789944.137
0
HO
False
1486789944.197
0
HO
False
1486789944.236
0
HO
False
1486789944.272
0
HO
False
1486789944.367
0
HO
False
1486789944.653
0
HO
False
1486789944.774
0
HO
False
1486789944.948
0
HO
False
1486789945.30
0
HO
False
1486789945.194
0
HO
False
1486789945.240
0
HO
False
1486789945.277
0
HO
False
1486789945.298
0
HO
False
1486789945.330
0
HO
False
1486789945.371
0
HO
False
1486789945.407
0
HO
False
1486789945.447
0
HO
False
1486789945.484
0
HO
False
1486789945.525
0
HO
False
1486789945.561
0
HO
False
1486789945.600
0
HO
False
1486789945.638
0
HO
False
1486789945.678
0
HO
False
1486789945.715
0
HO
False
1486789945.754
0
HO
False
1486789945.793
0
HO
False
1486789945.831
0
HO
False
1486789945.870
0
HO
False
1486789945.910
0
HO
False
1486789945.947
0
HO
False
1486789945.986
0
HO
False
1486789946.25
0
HO
False
1486789946.63
0
HO
False
1486789946.102
0
HO
False
1486789946.139
0
HO
False
1486789946.180
0
HO
False
1486789946.216
0
HO
False
1486789946.261
0
HO
False
1486789946.295
0
HO
False
1486789946.332
0
HO
False
1486789946.370
0
HO
False
1486789946.410
0
HO
False
1486789946.448
0
HO
False
1486789946.488
0
HO
False
1486789946.527
0
HO
False
1486789946.562
0
HO
False
1486789946.601
0
HO
False
1486789946.640
0
HO
False
1486789946.680
0
HO
False
1486789946.717
0
HO
False
1486789946.757
0
HO
False
1486789946.795
0
HO
False
1486789946.835
0
HO
False
1486789946.876
0
HO
False
1486789946.912
0
HO
False
1486789946.949
0
HO
False
1486789946.988
0
HO
False
1486789947.27
0
HO
False
1486789947.64
0
HO
False
1486789947.103
0
HO
False
1486789947.143
0
HO
False
1486789947.181
0
HO
False
1486789947.218
0
HO
False
1486789947.258
0
HO
False
1486789947.297
0
HO
False
1486789947.336
0
HO
False
1486789947.375
0
HO
False
1486789947.411
0
HO
False
1486789947.451
0
HO
False
1486789947.490
0
HO
False
1486789947.529
0
HO
False
1486789947.567
0
HO
False
1486789947.606
0
HO
False
1486789947.643
0
HO
False
1486789947.682
0
HO
False
1486789947.720
0
HO
False
1486789947.759
0
HO
False
1486789947.798
0
HO
False
1486789947.837
0
HO
False
1486789947.886
0
HO
False
1486789947.918
0
HO
False
1486789947.956
0
HO
False
1486789947.993
0
HO
False
1486789948.28
0
HO
False
1486789948.67
0
HO
False
1486789948.106
0
HO
False
1486789948.160
0
HO
False
1486789948.192
0
HO
False
1486789948.222
0
HO
False
1486789948.261
0
HO
False
1486789948.302
0
HO
False
1486789948.340
0
HO
False
1486789948.378
0
HO
False
1486789948.413
0
HO
False
1486789948.452
0
HO
False
1486789948.491
0
HO
False
1486789948.530
0
HO
False
1486789948.567
0
HO
False
1486789948.606
0
HO
False
1486789948.644
0
HO
False
1486789948.688
0
HO
False
1486789948.723
0
HO
False
1486789948.760
0
HO
False
1486789948.809
0
HO
False
1486789948.915
0
HO
False
1486789948.952
0
HO
False
1486789948.992
0
HO
False
1486789949.32
0
HO
False
1486789949.71
0
HO
False
1486789949.107
0
HO
False
1486789949.146
0
HO
False
1486789949.185
0
HO
False
1486789949.223
0
HO
False
1486789949.263
0
HO
False
1486789949.307
0
HO
False
1486789949.343
0
HO
False
1486789949.572
0
HO
False
1486789949.609
0
HO
False
1486789949.647
0
HO
False
1486789949.685
0
HO
False
1486789949.725
0
HO
False
1486789949.762
0
HO
False
1486789949.802
0
HO
False
1486789949.841
0
HO
False
1486789949.882
0
HO
False
1486789949.918
0
HO
False
1486789949.956
0
HO
False
1486789949.994
0
HO
False
1486789950.32
0
HO
False
1486789950.74
0
HO
False
1486789950.110
0
HO
False
1486789950.160
0
HO
False
1486789950.188
0
HO
False
1486789950.228
0
HO
False
1486789950.267
0
HO
False
1486789950.308
0
HO
False
1486789950.342
0
HO
False
1486789950.390
0
HO
False
1486789950.422
0
HO
False
1486789950.460
0
HO
False
1486789950.499
0
HO
False
1486789950.534
0
HO
False
1486789950.573
0
HO
False
1486789950.610
0
HO
False
1486789950.652
0
HO
False
1486789950.699
0
HO
False
1486789950.725
0
HO
False
1486789950.919
0
HO
False
1486789950.958
0
HO
False
1486789950.996
0
HO
False
1486789951.35
0
HO
False
1486789951.72
0
HO
False
1486789951.112
0
HO
False
1486789951.150
0
HO
False
1486789951.192
0
HO
False
1486789951.228
0
HO
False
1486789951.267
0
HO
False
1486789951.305
0
HO
False
1486789951.344
0
HO
False
1486789951.381
0
HO
False
1486789951.421
0
HO
False
1486789951.459
0
HO
False
1486789951.500
0
HO
False
1486789951.535
0
HO
False
1486789951.574
0
HO
False
1486789951.612
0
HO
False
1486789951.655
0
HO
False
1486789951.692
0
HO
False
1486789951.729
0
HO
False
1486789951.768
0
HO
False
1486789951.806
0
HO
False
1486789951.844
0
HO
False
1486789951.883
0
HO
False
1486789951.924
0
HO
False
1486789951.971
0
HO
False
1486789952.16
0
HO
False
1486789952.49
0
HO
False
1486789952.93
0
HO
False
1486789952.120
0
HO
False
1486789952.159
0
HO
False
1486789952.194
0
HO
False
1486789952.229
0
HO
False
1486789952.269
0
HO
False
1486789952.313
0
HO
False
1486789952.344
0
HO
False
1486789952.384
0
HO
False
1486789952.423
0
HO
False
1486789952.460
0
HO
False
1486789952.503
0
HO
False
1486789952.539
0
HO
False
1486789952.576
0
HO
False
1486789952.616
0
HO
False
1486789952.655
0
HO
False
1486789952.696
0
HO
False
1486789952.731
0
HO
False
1486789952.770
0
HO
False
1486789952.810
0
HO
False
1486789952.846
0
HO
False
1486789952.885
0
HO
False
1486789952.924
0
HO
False
1486789952.963
0
HO
False
1486789953.3
0
HO
False
1486789953.39
0
HO
False
1486789953.77
0
HO
False
1486789953.117
0
HO
False
1486789953.154
0
HO
False
1486789953.194
0
HO
False
1486789953.233
0
HO
False
1486789953.270
0
HO
False
1486789953.315
0
HO
False
1486789953.347
0
HO
False
1486789953.386
0
HO
False
1486789953.426
0
HO
False
1486789953.463
0
HO
False
1486789953.502
0
HO
False
1486789953.541
0
HO
False
1486789953.578
0
HO
False
1486789953.620
0
HO
False
1486789953.656
0
HO
False
1486789953.695
0
HO
False
1486789953.732
0
HO
False
1486789953.774
0
HO
False
1486789953.816
0
HO
False
1486789953.848
0
HO
False
1486789953.887
0
HO
False
1486789953.926
0
HO
False
1486789953.964
0
HO
False
1486789954.3
0
HO
False
1486789954.42
0
HO
False
1486789954.78
0
HO
False
1486789954.122
0
HO
False
1486789954.155
0
HO
False
1486789954.197
0
HO
False
1486789954.240
0
HO
False
1486789954.276
0
HO
False
1486789954.322
0
HO
False
1486789954.347
0
HO
False
1486789954.392
0
HO
False
1486789954.431
0
HO
False
1486789954.468
0
HO
False
1486789954.507
0
HO
False
1486789954.543
0
HO
False
1486789954.579
0
HO
False
1486789954.622
0
HO
False
1486789954.671
0
HO
False
1486789954.695
0
HO
False
1486789954.739
0
HO
False
1486789954.773
0
HO
False
1486789954.813
0
HO
False
1486789954.853
0
HO
False
1486789954.889
0
HO
False
1486789954.945
0
HO
False
1486789954.965
0
HO
False
1486789955.6
0
HO
False
1486789955.44
0
HO
False
1486789955.81
0
HO
False
1486789955.123
0
HO
False
1486789955.165
0
HO
False
1486789955.199
0
HO
False
1486789955.237
0
HO
False
1486789955.274
0
HO
False
1486789955.311
0
HO
False
1486789955.352
0
HO
False
1486789955.390
0
HO
False
1486789955.432
0
HO
False
1486789955.468
0
HO
False
1486789955.507
0
HO
False
1486789955.544
0
HO
False
1486789955.582
0
HO
False
1486789955.621
0
HO
False
1486789955.661
0
HO
False
1486789955.698
0
HO
False
1486789955.739
0
HO
False
1486789955.776
0
HO
False
1486789955.815
0
HO
False
1486789955.854
0
HO
False
1486789955.892
0
HO
False
1486789955.930
0
HO
False
1486789955.969
0
HO
False
1486789956.8
0
HO
False
1486789956.51
0
HO
False
1486789956.86
0
HO
False
1486789956.122
0
HO
False
1486789956.160
0
HO
False
1486789956.200
0
HO
False
1486789956.243
0
HO
False
1486789956.279
0
HO
False
1486789956.314
0
HO
False
1486789956.353
0
HO
False
1486789956.477
0
HO
False
1486789956.600
0
HO
False
1486789956.711
0
HO
False
1486789956.830
0
HO
False
1486789956.890
0
HO
False
1486789956.975
0
HO
False
1486789957.28
0
HO
False
1486789957.73
0
HO
False
1486789957.246
0
HO
False
1486789957.298
0
HO
False
1486789957.338
0
HO
False
1486789957.442
0
HO
False
1486789957.551
0
HO
False
1486789957.596
0
HO
False
1486789957.635
0
HO
False
1486789957.743
0
HO
False
1486789957.793
0
HO
False
1486789957.817
0
HO
False
1486789957.862
0
HO
False
1486789957.898
0
HO
False
1486789957.936
0
HO
False
1486789957.975
0
HO
False
1486789958.12
0
HO
False
1486789958.50
0
HO
False
1486789958.88
0
HO
False
1486789958.127
0
HO
False
1486789958.168
67
HA
True
1486789958.204
67
HA
True
1486789958.243
67
HA
True
1486789958.285
69
HA
True
1486789958.320
69
HA
True
1486789958.361
69
HA
True
1486789958.398
67
HB
True
1486789958.434
67
HB
True
1486789958.475
67
HB
True
1486789958.511
69
HB
True
1486789958.550
69
HB
True
1486789958.588
69
HB
True
1486789958.630
2
HO
False
1486789958.669
2
HO
False
1486789958.705
2
HO
False
1486789958.742
0
HO
False
1486789958.783
0
HO
False
1486789958.820
0
HO
False
1486789958.860
0
HO
False
1486789958.897
0
HO
False
1486789958.937
0
HO
False
1486789958.981
0
HO
False
1486789959.13
0
HO
False
1486789959.52
0
HO
False
1486789959.92
0
HO
False
1486789959.129
0
HO
False
1486789959.170
0
HO
False
1486789959.206
0
HO
False
1486789959.244
0
HO
False
1486789959.283
0
HO
False
1486789959.321
0
HO
False
1486789959.360
0
HO
False
1486789959.398
0
HO
False
1486789959.439
0
HO
False
1486789959.479
0
HO
False
1486789959.515
0
HO
False
1486789959.553
0
HO
False
1486789959.592
0
HO
False
1486789959.630
0
HO
False
1486789959.668
0
HO
False
1486789959.707
0
HO
False
1486789959.744
0
HO
False
1486789959.788
0
HO
False
1486789959.821
0
HO
False
1486789959.862
0
HO
False
1486789959.900
0
HO
False
1486789959.937
0
HO
False
1486789959.979
0
HO
False
1486789960.15
0
HO
False
1486789960.54
0
HO
False
1486789960.93
0
HO
False
1486789960.130
0
HO
False
1486789960.169
0
HO
False
1486789960.208
0
HO
False
1486789960.246
0
HO
False
1486789960.287
0
HO
False
1486789960.322
0
HO
False
1486789960.362
0
HO
False
1486789960.399
0
HO
False
1486789960.465
0
HO
False
1486789960.553
0
HO
False
1486789960.594
0
HO
False
1486789960.658
0
HO
False
1486789960.753
0
HO
False
1486789960.788
0
HO
False
1486789960.827
0
HO
False
1486789960.863
0
HO
False
1486789960.903
0
HO
False
1486789960.941
0
HO
False
1486789960.979
0
HO
False
1486789961.19
0
HO
False
1486789961.56
0
HO
False
1486789961.98
0
HO
False
1486789961.131
0
HO
False
1486789961.177
0
HO
False
1486789961.215
0
HO
False
1486789961.249
0
HO
False
1486789961.292
0
HO
False
1486789961.326
0
HO
False
1486789961.365
0
HO
False
1486789961.404
0
HO
False
1486789961.447
0
HO
False
1486789961.481
0
HO
False
1486789961.517
0
HO
False
1486789961.557
0
HO
False
1486789961.597
0
HO
False
1486789961.634
0
HO
False
1486789961.673
0
HO
False
1486789961.711
0
HO
False
1486789961.750
0
HO
False
1486789961.792
0
HO
False
1486789961.827
0
HO
False
1486789961.865
0
HO
False
1486789961.905
0
HO
False
1486789961.943
0
HO
False
1486789961.985
0
HO
False
1486789962.27
0
HO
False
1486789962.64
0
HO
False
1486789962.99
0
HO
False
1486789962.150
0
HO
False
1486789962.175
0
HO
False
1486789962.217
0
HO
False
1486789962.251
0
HO
False
1486789964.220
0
HO
False
1486789964.255
0
HO
False
1486789964.293
0
HO
False
1486789964.331
0
HO
False
1486789964.370
0
HO
False
1486789964.409
0
HO
False
1486789964.451
0
HO
False
1486789964.485
0
HO
False
1486789964.526
0
HO
False
1486789964.562
0
HO
False
1486789964.601
0
HO
False
1486789964.640
0
HO
False
1486789964.679
0
HO
False
1486789964.717
0
HO
False
1486789964.755
0
HO
False
1486789964.797
0
HO
False
1486789964.835
0
HO
False
1486789964.872
0
HO
False
1486789964.911
0
HO
False
1486789964.948
0
HO
False
1486789964.987
0
HO
False
1486789965.28
0
HO
False
1486789965.63
0
HO
False
1486789965.102
0
HO
False
1486789965.141
0
HO
False
1486789965.180
0
HO
False
1486789965.218
39
HB
True
1486789965.258
39
HB
True
1486789965.295
39
HB
True
1486789965.345
64
HB
True
1486789965.378
64
HB
True
1486789965.422
64
HB
True
1486789965.449
67
HB
True
1486789965.491
67
HB
True
1486789965.530
67
HB
True
1486789965.564
71
HA
True
1486789965.604
71
HA
True
1486789965.643
71
HA
True
1486789965.680
69
HA
True
1486789965.720
69
HA
True
1486789965.759
69
HA
True
1486789965.797
25
HA
True
1486789965.989
0
HO
False
1486789966.28
0
HO
False
1486789966.66
0
HO
False
1486789966.104
0
HO
False
1486789966.143
0
HO
False
1486789966.182
0
HO
False
1486789966.375
0
HO
False
1486789966.413
0
HO
False
1486789966.459
0
HO
False
1486789966.513
0
HO
False
1486789966.532
0
HO
False
1486789966.568
0
HO
False
1486789966.605
0
HO
False
1486789966.644
0
HO
False
1486789966.683
0
HO
False
1486789966.724
0
HO
False
1486789966.761
0
HO
False
1486789966.798
0
HO
False
1486789966.840
0
HO
False
1486789966.877
0
HO
False
1486789966.932
0
HO
False
1486789967.30
0
HO
False
1486789967.67
0
HO
False
1486789967.107
0
HO
False
1486789967.226
0
HO
False
1486789967.264
0
HO
False
1486789967.301
0
HO
False
1486789967.339
0
HO
False
1486789967.380
0
HO
False
1486789967.417
0
HO
False
1486789967.454
0
HO
False
1486789967.493
0
HO
False
1486789967.531
0
HO
False
1486789967.568
0
HO
False
1486789967.608
0
HO
False
1486789967.646
0
HO
False
1486789967.685
0
HO
False
1486789967.723
0
HO
False
1486789967.764
0
HO
False
1486789967.800
0
HO
False
1486789967.839
0
HO
False
1486789967.878
0
HO
False
1486789967.917
0
HO
False
1486789967.955
0
HO
False
1486789967.993
0
HO
False
1486789968.32
0
HO
False
1486789968.71
0
HO
False
1486789968.109
0
HO
False
1486789968.148
0
HO
False
1486789968.186
0
HO
False
1486789968.225
0
HO
False
1486789968.264
0
HO
False
1486789968.302
0
HO
False
1486789968.340
0
HO
False
1486789968.380
0
HO
False
1486789968.422
0
HO
False
1486789968.459
0
HO
False
1486789968.496
0
HO
False
1486789968.539
0
HO
False
1486789968.580
0
HO
False
1486789968.620
0
HO
False
1486789968.658
0
HO
False
1486789968.693
0
HO
False
1486789968.726
0
HO
False
1486789968.775
0
HO
False
1486789968.806
0
HO
False
1486789968.842
0
HO
False
1486789968.881
0
HO
False
1486789968.919
0
HO
False
1486789968.957
0
HO
False
1486789969.1
0
HO
False
1486789969.39
0
HO
False
1486789969.90
0
HO
False
1486789969.121
0
HO
False
1486789969.154
0
HO
False
1486789969.188
0
HO
False
1486789969.226
0
HO
False
1486789969.268
0
HO
False
1486789969.306
0
HO
False
1486789969.341
0
HO
False
1486789969.407
0
HO
False
1486789969.458
0
HO
False
1486789969.536
0
HO
False
1486789969.596
0
HO
False
1486789969.627
0
HO
False
1486789969.655
0
HO
False
1486789969.692
0
HO
False
1486789969.729
0
HO
False
1486789969.766
0
HO
False
1486789969.805
0
HO
False
1486789969.845
0
HO
False
1486789969.883
0
HO
False
1486789969.922
0
HO
False
1486789969.959
0
HO
False
1486789969.997
0
HO
False
1486789970.36
0
HO
False
1486789970.74
0
HO
False
1486789970.113
0
HO
False
1486789970.151
0
HO
False
1486789970.190
0
HO
False
1486789970.229
0
HO
False
1486789970.274
0
HO
False
1486789970.305
47
HO
False
1486789970.346
47
HO
False
1486789970.382
47
HO
False
1486789970.421
0
HO
False
1486789970.460
0
HO
False
1486789970.498
0
HO
False
1486789970.536
0
HO
False
1486789970.576
0
HO
False
1486789970.613
0
HO
False
1486789970.652
0
HO
False
1486789970.692
0
HO
False
1486789970.729
0
HO
False
1486789970.768
0
HO
False
1486789970.806
0
HO
False
1486789970.846
0
HO
False
1486789970.883
61
HA
True
1486789970.922
61
HA
True
1486789970.961
61
HA
True
1486789970.999
71
HA
True
1486789971.38
71
HA
True
1486789971.76
71
HA
True
1486789971.114
70
HA
True
1486789971.153
70
HA
True
1486789971.193
70
HA
True
1486789971.230
67
HB
True
1486789971.269
67
HB
True
1486789971.308
67
HB
True
1486789971.346
56
HB
True
1486789971.386
56
HB
True
1486789971.424
56
HB
True
1486789971.461
0
HO
False
1486789971.501
0
HO
False
1486789971.538
0
HO
False
1486789971.579
0
HO
False
1486789971.616
0
HO
False
1486789971.655
0
HO
False
1486789971.693
0
HO
False
1486789971.732
0
HO
False
1486789971.776
0
HO
False
1486789971.809
0
HO
False
1486789971.847
0
HO
False
1486789971.888
0
HO
False
1486789971.926
0
HO
False
1486789971.970
0
HO
False
1486789972.2
0
HO
False
1486789972.50
0
HO
False
1486789972.82
0
HO
False
1486789972.118
0
HO
False
1486789972.156
0
HO
False
1486789972.194
0
HO
False
1486789972.233
0
HO
False
1486789972.271
0
HO
False
1486789972.309
0
HO
False
1486789972.349
0
HO
False
1486789972.387
0
HO
False
1486789972.426
0
HO
False
1486789972.464
0
HO
False
1486789972.503
0
HO
False
1486789972.541
0
HO
False
1486789972.581
0
HO
False
1486789972.619
0
HO
False
1486789972.656
0
HO
False
1486789972.696
0
HO
False
1486789972.736
0
HO
False
1486789972.772
0
HO
False
1486789972.811
0
HO
False
1486789972.850
0
HO
False
1486789972.887
0
HO
False
1486789972.927
0
HO
False
1486789972.964
0
HO
False
1486789973.4
0
HO
False
1486789973.44
0
HO
False
1486789973.80
0
HO
False
1486789973.120
0
HO
False
1486789973.158
0
HO
False
1486789973.196
0
HO
False
1486789973.236
0
HO
False
1486789973.281
0
HO
False
1486789973.312
0
HO
False
1486789973.350
0
HO
False
1486789973.389
0
HO
False
1486789973.442
0
HO
False
1486789973.492
0
HO
False
1486789973.582
0
HO
False
1486789973.634
0
HO
False
1486789973.736
0
HO
False
1486789973.775
0
HO
False
1486789973.813
0
HO
False
1486789973.851
0
HO
False
1486789973.890
0
HO
False
1486789973.929
0
HO
False
1486789973.968
0
HO
False
1486789974.7
0
HO
False
1486789974.44
0
HO
False
1486789974.83
0
HO
False
1486789974.121
0
HO
False
1486789974.161
0
HO
False
1486789974.198
0
HO
False
1486789974.238
0
HO
False
1486789974.276
0
HO
False
1486789974.314
0
HO
False
1486789974.354
0
HO
False
1486789974.393
0
HO
False
1486789974.433
0
HO
False
1486789974.469
0
HO
False
1486789974.506
0
HO
False
1486789974.545
0
HO
False
1486789974.585
0
HO
False
1486789974.622
0
HO
False
1486789974.661
0
HO
False
1486789974.700
0
HO
False
1486789974.739
0
HO
False
1486789974.783
0
HO
False
1486789974.818
0
HO
False
1486789974.852
0
HO
False
1486789974.894
0
HO
False
1486789974.932
0
HO
False
1486789974.970
0
HO
False
1486789975.9
0
HO
False
1486789975.47
0
HO
False
1486789975.85
0
HO
False
1486789975.123
0
HO
False
1486789975.161
0
HO
False
1486789975.201
0
HO
False
1486789975.241
0
HO
False
1486789975.280
0
HO
False
1486789975.394
0
HO
False
1486789975.435
0
HO
False
1486789975.471
0
HO
False
1486789975.525
0
HO
False
1486789975.573
0
HO
False
1486789975.606
0
HO
False
1486789975.622
0
HO
False
1486789975.663
0
HO
False
1486789975.701
0
HO
False
1486789975.742
0
HO
False
1486789975.779
0
HO
False
1486789975.817
0
HO
False
1486789975.856
0
HO
False
1486789975.895
0
HO
False
1486789975.936
0
HO
False
1486789975.971
0
HO
False
1486789976.10
0
HO
False
1486789976.49
0
HO
False
1486789976.87
0
HO
False
1486789976.126
0
HO
False
1486789976.166
0
HO
False
1486789976.202
0
HO
False
1486789976.244
0
HO
False
1486789976.288
0
HO
False
1486789976.321
0
HO
False
1486789976.356
0
HO
False
1486789976.396
0
HO
False
1486789976.439
0
HO
False
1486789976.473
0
HO
False
1486789976.511
0
HO
False
1486789976.549
0
HO
False
1486789976.588
0
HO
False
1486789976.629
0
HO
False
1486789976.665
0
HO
False
1486789976.704
0
HO
False
1486789976.743
0
HO
False
1486789976.781
0
HO
False
1486789976.818
0
HO
False
1486789976.859
0
HO
False
1486789976.896
0
HO
False
1486789976.938
0
HO
False
1486789976.973
0
HO
False
1486789977.13
0
HO
False
1486789977.50
0
HO
False
1486789977.89
0
HO
False
1486789977.127
0
HO
False
1486789977.167
0
HO
False
1486789977.205
0
HO
False
1486789977.246
0
HO
False
1486789977.282
0
HO
False
1486789977.321
0
HO
False
1486789977.360
0
HO
False
1486789977.397
0
HO
False
1486789977.440
0
HO
False
1486789977.475
0
HO
False
1486789977.515
0
HO
False
1486789977.552
0
HO
False
1486789977.591
0
HO
False
1486789977.630
0
HO
False
1486789977.668
0
HO
False
1486789977.709
0
HO
False
1486789977.748
0
HO
False
1486789977.790
0
HO
False
1486789977.823
4
HB
True
1486789977.861
4
HB
True
1486789977.899
4
HB
True
1486789977.942
64
HB
True
1486789977.976
64
HB
True
1486789978.14
64
HB
True
1486789978.55
68
HB
True
1486789978.91
68
HB
True
1486789978.131
68
HB
True
1486789978.169
70
HA
True
1486789978.219
70
HA
True
1486789978.252
70
HA
True
1486789978.288
68
HA
True
1486789978.324
68
HA
True
1486789978.361
68
HA
True
1486789978.400
26
HA
True
1486789978.439
26
HA
True
1486789978.477
26
HA
True
1486789978.516
0
HO
False
1486789978.556
0
HO
False
1486789978.593
0
HO
False
1486789978.630
0
HO
False
1486789978.669
0
HO
False
1486789978.710
0
HO
False
1486789978.748
48
HO
False
1486789978.787
48
HO
False
1486789978.824
48
HO
False
1486789978.862
0
HO
False
1486789978.902
0
HO
False
1486789978.940
0
HO
False
1486789978.977
0
HO
False
1486789979.17
0
HO
False
1486789979.59
0
HO
False
1486789979.96
0
HO
False
1486789979.136
0
HO
False
1486789979.178
0
HO
False
1486789979.210
0
HO
False
1486789979.252
0
HO
False
1486789979.296
0
HO
False
1486789979.329
0
HO
False
1486789979.367
0
HO
False
1486789979.402
0
HO
False
1486789979.441
0
HO
False
1486789979.497
0
HO
False
1486789979.546
0
HO
False
1486789979.650
0
HO
False
1486789979.708
0
HO
False
1486789979.788
0
HO
False
1486789979.826
0
HO
False
1486789979.880
0
HO
False
1486789979.933
0
HO
False
1486789979.967
0
HO
False
1486789980.60
0
HO
False
1486789980.96
0
HO
False
1486789980.135
0
HO
False
1486789980.177
0
HO
False
1486789980.211
0
HO
False
1486789980.249
0
HO
False
1486789980.289
0
HO
False
1486789980.327
0
HO
False
1486789980.367
0
HO
False
1486789980.406
0
HO
False
1486789980.446
0
HO
False
1486789980.481
0
HO
False
1486789980.525
0
HO
False
1486789980.561
0
HO
False
1486789980.752
0
HO
False
1486789980.796
0
HO
False
1486789980.830
0
HO
False
1486789980.871
0
HO
False
1486789980.905
0
HO
False
1486789980.944
0
HO
False
1486789980.983
0
HO
False
1486789981.39
0
HO
False
1486789981.89
0
HO
False
1486789981.109
0
HO
False
1486789981.135
0
HO
False
1486789981.182
0
HO
False
1486789981.215
0
HO
False
1486789981.253
0
HO
False
1486789981.292
0
HO
False
1486789981.328
0
HO
False
1486789981.367
0
HO
False
1486789981.406
0
HO
False
1486789981.444
0
HO
False
1486789981.486
0
HO
False
1486789981.524
0
HO
False
1486789981.559
0
HO
False
1486789981.599
0
HO
False
1486789981.637
0
HO
False
1486789981.678
0
HO
False
1486789981.740
0
HO
False
1486789981.832
0
HO
False
1486789981.871
0
HO
False
1486789981.925
0
HO
False
1486789982.27
0
HO
False
1486789982.73
0
HO
False
1486789982.107
0
HO
False
1486789982.137
0
HO
False
1486789982.177
0
HO
False
1486789982.214
0
HO
False
1486789982.255
0
HO
False
1486789982.301
0
HO
False
1486789982.334
48
HO
False
1486789982.372
48
HO
False
1486789982.411
48
HO
False
1486789982.458
48
HO
False
1486789982.485
48
HO
False
1486789982.530
48
HO
False
1486789982.569
48
HO
False
1486789982.609
48
HO
False
1486789982.643
48
HO
False
1486789982.680
48
HO
False
1486789982.716
48
HO
False
1486789982.755
48
HO
False
1486789982.796
0
HO
False
1486789982.833
0
HO
False
1486789982.872
0
HO
False
1486789982.910
0
HO
False
1486789982.950
0
HO
False
1486789982.990
0
HO
False
1486789983.25
0
HO
False
1486789983.63
0
HO
False
1486789983.106
0
HO
False
1486789983.142
60
HA
True
1486789983.179
60
HA
True
1486789983.218
60
HA
True
1486789983.256
71
HA
True
1486789983.297
71
HA
True
1486789983.332
71
HA
True
1486789983.372
70
HA
True
1486789983.411
70
HA
True
1486789983.449
70
HA
True
1486789983.489
67
HB
True
1486789983.528
67
HB
True
1486789983.564
67
HB
True
1486789983.606
65
HB
True
1486789983.641
65
HB
True
1486789983.680
65
HB
True
1486789983.719
0
HO
False
1486789983.758
0
HO
False
1486789983.950
0
HO
False
1486789983.988
0
HO
False
1486789984.27
0
HO
False
1486789984.65
0
HO
False
1486789984.106
0
HO
False
1486789984.146
0
HO
False
1486789984.181
0
HO
False
1486789984.220
0
HO
False
1486789984.259
0
HO
False
1486789984.297
0
HO
False
1486789984.334
0
HO
False
1486789984.375
0
HO
False
1486789984.418
0
HO
False
1486789984.452
0
HO
False
1486789984.492
0
HO
False
1486789984.526
0
HO
False
1486789984.565
0
HO
False
1486789984.607
0
HO
False
1486789984.644
0
HO
False
1486789984.681
0
HO
False
1486789984.720
0
HO
False
1486789984.758
0
HO
False
1486789984.799
0
HO
False
1486789984.838
0
HO
False
1486789984.876
0
HO
False
1486789984.916
0
HO
False
1486789984.953
0
HO
False
1486789984.992
0
HO
False
1486789985.29
0
HO
False
1486789985.66
0
HO
False
1486789985.106
0
HO
False
1486789985.145
0
HO
False
1486789985.182
0
HO
False
1486789985.223
0
HO
False
1486789985.260
0
HO
False
1486789985.304
0
HO
False
1486789985.338
0
HO
False
1486789985.375
0
HO
False
1486789985.417
0
HO
False
1486789985.454
0
HO
False
1486789985.491
0
HO
False
1486789985.530
0
HO
False
1486789985.567
0
HO
False
1486789985.608
0
HO
False
1486789985.645
0
HO
False
1486789985.684
0
HO
False
1486789985.724
0
HO
False
1486789985.761
0
HO
False
1486789985.799
0
HO
False
1486789985.861
0
HO
False
1486789985.953
0
HO
False
1486789985.992
0
HO
False
1486789986.46
0
HO
False
1486789986.84
0
HO
False
1486789986.185
0
HO
False
1486789986.227
0
HO
False
1486789986.263
0
HO
False
1486789986.301
0
HO
False
1486789986.340
0
HO
False
1486789986.379
0
HO
False
1486789986.417
0
HO
False
1486789986.455
0
HO
False
1486789986.493
0
HO
False
1486789986.535
0
HO
False
1486789986.570
0
HO
False
1486789986.610
0
HO
False
1486789986.648
0
HO
False
1486789986.687
0
HO
False
1486789986.727
0
HO
False
1486789986.763
0
HO
False
1486789986.806
0
HO
False
1486789986.841
0
HO
False
1486789986.879
0
HO
False
1486789986.918
0
HO
False
1486789986.957
0
HO
False
1486789986.994
0
HO
False
1486789987.36
0
HO
False
1486789987.72
0
HO
False
1486789987.110
0
HO
False
1486789987.148
0
HO
False
1486789987.187
0
HO
False
1486789987.229
0
HO
False
1486789987.265
0
HO
False
1486789987.304
0
HO
False
1486789987.346
0
HO
False
1486789987.378
0
HO
False
1486789987.423
0
HO
False
1486789987.461
0
HO
False
1486789987.496
0
HO
False
1486789987.536
0
HO
False
1486789987.572
0
HO
False
1486789987.612
0
HO
False
1486789987.651
0
HO
False
1486789987.689
0
HO
False
1486789987.728
0
HO
False
1486789987.785
0
HO
False
1486789987.882
0
HO
False
1486789987.931
0
HO
False
1486789987.981
0
HO
False
1486789988.72
0
HO
False
1486789988.113
0
HO
False
1486789988.154
0
HO
False
1486789988.189
0
HO
False
1486789988.228
0
HO
False
1486789988.266
0
HO
False
1486789988.307
0
HO
False
1486789988.346
0
HO
False
1486789988.382
0
HO
False
1486789988.421
0
HO
False
1486789988.459
0
HO
False
1486789988.498
0
HO
False
1486789988.536
0
HO
False
1486789988.574
0
HO
False
1486789988.614
0
HO
False
1486789988.654
0
HO
False
1486789988.691
0
HO
False
1486789988.728
0
HO
False
1486789988.766
0
HO
False
1486789988.806
0
HO
False
1486789988.845
0
HO
False
1486789988.883
0
HO
False
1486789988.921
0
HO
False
1486789988.961
0
HO
False
1486789988.998
0
HO
False
1486789989.38
0
HO
False
1486789989.77
0
HO
False
1486789989.115
0
HO
False
1486789989.154
0
HO
False
1486789989.191
0
HO
False
1486789989.229
0
HO
False
1486789989.268
0
HO
False
1486789989.307
0
HO
False
1486789989.345
0
HO
False
1486789989.384
0
HO
False
1486789989.424
0
HO
False
1486789989.466
0
HO
False
1486789989.501
0
HO
False
1486789989.538
0
HO
False
1486789989.577
0
HO
False
1486789989.615
0
HO
False
1486789989.656
0
HO
False
1486789989.692
0
HO
False
1486789989.732
0
HO
False
1486789989.770
0
HO
False
1486789989.810
0
HO
False
1486789989.846
0
HO
False
1486789989.885
0
HO
False
1486789989.924
0
HO
False
1486789989.965
0
HO
False
1486789990.2
0
HO
False
1486789990.40
0
HO
False
1486789990.79
0
HO
False
1486789990.117
0
HO
False
1486789990.156
0
HO
False
1486789990.196
0
HO
False
1486789990.232
0
HO
False
1486789990.275
0
HO
False
1486789990.308
66
HB
True
1486789990.347
66
HB
True
1486789990.386
66
HB
True
1486789990.425
70
HB
True
1486789990.466
70
HB
True
1486789990.502
70
HB
True
1486789990.541
71
HA
True
1486789990.578
71
HA
True
1486789990.618
71
HA
True
1486789990.656
69
HA
True
1486789990.694
69
HA
True
1486789990.735
69
HA
True
1486789990.775
62
HA
True
1486789990.809
62
HA
True
1486789990.849
62
HA
True
1486789990.887
20
HA
True
1486789990.926
20
HA
True
1486789990.964
20
HA
True
1486789991.2
0
HO
False
1486789991.42
0
HO
False
1486789991.81
0
HO
False
1486789991.120
49
HO
False
1486789991.158
49
HO
False
1486789991.194
49
HO
False
1486789991.234
49
HO
False
1486789991.275
49
HO
False
1486789991.316
49
HO
False
1486789991.349
0
HO
False
1486789991.388
0
HO
False
1486789991.427
0
HO
False
1486789991.466
0
HO
False
1486789991.505
0
HO
False
1486789991.542
0
HO
False
1486789991.584
0
HO
False
1486789991.623
0
HO
False
1486789991.659
0
HO
False
1486789991.695
0
HO
False
1486789991.735
0
HO
False
1486789991.776
0
HO
False
1486789991.828
0
HO
False
1486789991.933
0
HO
False
1486789992.75
0
HO
False
1486789992.160
0
HO
False
1486789992.201
0
HO
False
1486789992.243
0
HO
False
1486789992.280
0
HO
False
1486789992.313
0
HO
False
1486789994.128
0
HO
False
1486789994.164
0
HO
False
1486789994.204
0
HO
False
1486789994.253
0
HO
False
1486789994.357
0
HO
False
1486789994.395
0
HO
False
1486789994.432
0
HO
False
1486789994.472
0
HO
False
1486789994.524
0
HO
False
1486789994.570
0
HO
False
1486789994.625
0
HO
False
1486789994.651
0
HO
False
1486789994.679
0
HO
False
1486789994.718
0
HO
False
1486789994.747
0
HO
False
1486789994.782
0
HO
False
1486789994.818
47
HO
False
1486789995.165
48
HO
False
1486789995.205
48
HO
False
1486789995.241
48
HO
False
1486789995.282
0
HO
False
1486789995.323
0
HO
False
1486789995.359
0
HO
False
1486789995.396
66
HA
True
1486789995.436
66
HA
True
1486789995.475
66
HA
True
1486789995.515
71
HA
True
1486789995.550
71
HA
True
1486789995.591
71
HA
True
1486789995.629
69
HA
True
1486789995.667
69
HA
True
1486789995.705
69
HA
True
1486789995.742
67
HB
True
1486789995.782
67
HB
True
1486789995.824
67
HB
True
1486789995.859
64
HB
True
1486789995.898
64
HB
True
1486789995.937
64
HB
True
1486789995.975
0
HO
False
1486789996.17
0
HO
False
1486789996.52
0
HO
False
1486789996.91
0
HO
False
1486789996.283
0
HO
False
1486789996.323
0
HO
False
1486789996.362
0
HO
False
1486789996.400
0
HO
False
1486789996.437
0
HO
False
1486789996.476
0
HO
False
1486789996.515
0
HO
False
1486789996.552
0
HO
False
1486789996.592
0
HO
False
1486789996.632
0
HO
False
1486789996.668
0
HO
False
1486789996.708
0
HO
False
1486789996.746
0
HO
False
1486789996.783
0
HO
False
1486789996.824
0
HO
False
1486789996.862
0
HO
False
1486789996.899
0
HO
False
1486789996.939
0
HO
False
1486789996.977
0
HO
False
1486789997.16
0
HO
False
1486789997.54
0
HO
False
1486789997.92
0
HO
False
1486789997.135
0
HO
False
1486789997.171
0
HO
False
1486789997.210
0
HO
False
1486789997.251
0
HO
False
1486789997.286
0
HO
False
1486789997.325
0
HO
False
1486789997.903
0
HO
False
1486789997.943
0
HO
False
1486789997.987
0
HO
False
1486789998.56
0
HO
False
1486789998.211
0
HO
False
1486789998.253
0
HO
False
1486789998.288
0
HO
False
1486789998.326
0
HO
False
1486789998.367
0
HO
False
1486789998.404
0
HO
False
1486789998.443
0
HO
False
1486789998.480
0
HO
False
1486789998.519
0
HO
False
1486789998.558
0
HO
False
1486789998.598
0
HO
False
1486789998.633
0
HO
False
1486789998.674
0
HO
False
1486789998.711
0
HO
False
1486789998.757
0
HO
False
1486789998.789
0
HO
False
1486789998.833
0
HO
False
1486789998.867
0
HO
False
1486789998.905
0
HO
False
1486789998.947
0
HO
False
1486789998.980
0
HO
False
1486789999.21
0
HO
False
1486789999.60
0
HO
False
1486789999.96
0
HO
False
1486789999.138
0
HO
False
1486789999.175
0
HO
False
1486789999.212
0
HO
False
1486789999.255
0
HO
False
1486789999.291
0
HO
False
1486789999.330
0
HO
False
1486789999.369
0
HO
False
1486789999.406
0
HO
False
1486789999.444
0
HO
False
1486789999.482
0
HO
False
1486789999.521
0
HO
False
1486789999.561
0
HO
False
1486789999.598
0
HO
False
1486789999.637
0
HO
False
1486789999.674
0
HO
False
1486789999.713
0
HO
False
1486789999.755
0
HO
False
1486789999.791
0
HO
False
1486789999.828
0
HO
False
1486789999.883
0
HO
False
1486789999.945
0
HO
False
1486790000.22
0
HO
False
1486790000.62
0
HO
False
1486790000.98
0
HO
False
1486790000.151
0
HO
False
1486790000.214
0
HO
False
1486790000.237
0
HO
False
1486790000.270
0
HO
False
1486790000.297
0
HO
False
1486790000.330
0
HO
False
1486790000.368
0
HO
False
1486790000.408
0
HO
False
1486790000.448
0
HO
False
1486790000.484
0
HO
False
1486790000.523
0
HO
False
1486790000.562
0
HO
False
1486790000.600
0
HO
False
1486790000.638
0
HO
False
1486790000.677
0
HO
False
1486790000.716
0
HO
False
1486790000.753
0
HO
False
1486790000.792
0
HO
False
1486790000.831
0
HO
False
1486790000.871
0
HO
False
1486790000.908
0
HO
False
1486790000.946
0
HO
False
1486790000.984
0
HO
False
1486790001.24
0
HO
False
1486790001.62
0
HO
False
1486790001.101
0
HO
False
1486790001.139
0
HO
False
1486790001.178
0
HO
False
1486790001.216
0
HO
False
1486790001.254
0
HO
False
1486790001.293
0
HO
False
1486790001.332
0
HO
False
1486790001.372
0
HO
False
1486790001.410
0
HO
False
1486790001.447
0
HO
False
1486790001.487
0
HO
False
1486790001.525
0
HO
False
1486790001.562
0
HO
False
1486790001.602
0
HO
False
1486790001.641
0
HO
False
1486790001.680
0
HO
False
1486790001.718
0
HO
False
1486790001.757
0
HO
False
1486790001.794
0
HO
False
1486790001.832
0
HO
False
1486790001.871
0
HO
False
1486790001.910
0
HO
False
1486790001.955
0
HO
False
1486790001.992
0
HO
False
1486790002.33
0
HO
False
1486790002.68
0
HO
False
1486790002.103
0
HO
False
1486790002.143
0
HO
False
1486790002.179
0
HO
False
1486790002.219
57
HB
True
1486790002.257
57
HB
True
1486790002.296
57
HB
True
1486790002.335
72
HB
True
1486790002.373
72
HB
True
1486790002.411
72
HB
True
1486790002.449
74
HB
True
1486790002.488
74
HB
True
1486790002.526
74
HB
True
1486790002.564
73
HA
True
1486790002.604
73
HA
True
1486790002.643
73
HA
True
1486790002.680
68
HA
True
1486790002.719
68
HA
True
1486790002.759
68
HA
True
1486790002.796
24
HA
True
1486790002.835
24
HA
True
1486790002.874
24
HA
True
1486790002.912
0
HO
False
1486790002.951
0
HO
False
1486790002.988
0
HO
False
1486790003.28
49
HO
False
1486790003.65
49
HO
False
1486790003.105
49
HO
False
1486790003.143
50
HO
False
1486790003.182
50
HO
False
1486790003.221
50
HO
False
1486790003.260
50
HO
False
1486790003.298
50
HO
False
1486790003.339
50
HO
False
1486790003.374
0
HO
False
1486790003.414
0
HO
False
1486790003.452
0
HO
False
1486790003.491
0
HO
False
1486790003.529
0
HO
False
1486790003.567
0
HO
False
1486790003.607
0
HO
False
1486790003.644
0
HO
False
1486790003.683
0
HO
False
1486790003.722
0
HO
False
1486790003.760
0
HO
False
1486790003.799
0
HO
False
1486790003.837
0
HO
False
1486790003.898
0
HO
False
1486790003.991
0
HO
False
1486790004.31
0
HO
False
1486790004.68
0
HO
False
1486790004.119
0
HO
False
1486790004.223
0
HO
False
1486790004.262
0
HO
False
1486790004.299
0
HO
False
1486790004.338
0
HO
False
1486790004.377
0
HO
False
1486790004.415
0
HO
False
1486790004.454
0
HO
False
1486790004.492
0
HO
False
1486790004.532
0
HO
False
1486790004.569
0
HO
False
1486790004.609
0
HO
False
1486790004.646
0
HO
False
1486790004.685
0
HO
False
1486790004.723
0
HO
False
1486790004.762
0
HO
False
1486790004.801
0
HO
False
1486790004.840
0
HO
False
1486790004.877
0
HO
False
1486790004.917
0
HO
False
1486790004.956
0
HO
False
1486790004.993
0
HO
False
1486790005.32
0
HO
False
1486790005.70
0
HO
False
1486790005.109
0
HO
False
1486790005.148
0
HO
False
1486790005.186
0
HO
False
1486790005.226
0
HO
False
1486790005.263
0
HO
False
1486790005.301
0
HO
False
1486790005.341
0
HO
False
1486790005.379
0
HO
False
1486790005.417
0
HO
False
1486790005.456
0
HO
False
1486790005.512
0
HO
False
1486790005.687
0
HO
False
1486790005.743
0
HO
False
1486790005.790
0
HO
False
1486790005.810
0
HO
False
1486790005.840
0
HO
False
1486790005.879
0
HO
False
1486790005.918
0
HO
False
1486790005.958
0
HO
False
1486790005.997
0
HO
False
1486790006.35
0
HO
False
1486790006.72
0
HO
False
1486790006.111
0
HO
False
1486790006.149
0
HO
False
1486790006.188
0
HO
False
1486790006.227
0
HO
False
1486790006.265
0
HO
False
1486790006.304
0
HO
False
1486790006.342
0
HO
False
1486790006.380
0
HO
False
1486790006.419
0
HO
False
1486790006.459
0
HO
False
1486790006.497
0
HO
False
1486790006.535
0
HO
False
1486790006.573
0
HO
False
1486790006.612
48
HO
False
1486790006.653
48
HO
False
1486790006.689
48
HO
False
1486790006.728
48
HO
False
1486790006.766
48
HO
False
1486790006.805
48
HO
False
1486790006.843
0
HO
False
1486790006.884
0
HO
False
1486790006.920
0
HO
False
1486790006.959
0
HO
False
1486790006.999
0
HO
False
1486790007.36
0
HO
False
1486790007.75
0
HO
False
1486790007.114
0
HO
False
1486790007.153
0
HO
False
1486790007.190
63
HA
True
1486790007.229
63
HA
True
1486790007.267
63
HA
True
1486790007.307
68
HA
True
1486790007.345
68
HA
True
1486790007.382
68
HA
True
1486790007.422
67
HA
True
1486790007.461
67
HA
True
1486790007.498
67
HA
True
1486790007.537
65
HB
True
1486790007.576
65
HB
True
1486790007.615
65
HB
True
1486790007.653
63
HB
True
1486790007.692
63
HB
True
1486790007.730
63
HB
True
1486790007.768
0
HO
False
1486790007.807
0
HO
False
1486790007.845
0
HO
False
1486790007.886
0
HO
False
1486790007.924
0
HO
False
1486790007.960
0
HO
False
1486790008.1
0
HO
False
1486790008.39
0
HO
False
1486790008.76
0
HO
False
1486790008.116
0
HO
False
1486790008.154
0
HO
False
1486790008.192
0
HO
False
1486790008.232
0
HO
False
1486790008.269
0
HO
False
1486790008.308
0
HO
False
1486790008.347
0
HO
False
1486790008.385
0
HO
False
1486790008.424
0
HO
False
1486790008.463
0
HO
False
1486790008.500
0
HO
False
1486790008.539
0
HO
False
1486790008.578
0
HO
False
1486790008.618
0
HO
False
1486790008.655
0
HO
False
1486790008.694
0
HO
False
1486790008.732
0
HO
False
1486790008.771
0
HO
False
1486790008.808
0
HO
False
1486790008.847
0
HO
False
1486790008.886
0
HO
False
1486790008.924
0
HO
False
1486790008.964
0
HO
False
1486790009.2
0
HO
False
1486790009.41
0
HO
False
1486790009.79
0
HO
False
1486790009.117
0
HO
False
1486790009.156
0
HO
False
1486790009.195
0
HO
False
1486790009.233
0
HO
False
1486790009.271
0
HO
False
1486790009.310
0
HO
False
1486790009.351
0
HO
False
1486790009.388
0
HO
False
1486790009.427
0
HO
False
1486790009.465
0
HO
False
1486790009.504
0
HO
False
1486790009.543
0
HO
False
1486790009.580
0
HO
False
1486790009.645
0
HO
False
1486790009.734
0
HO
False
1486790009.773
0
HO
False
1486790009.823
0
HO
False
1486790009.870
0
HO
False
1486790009.906
0
HO
False
1486790009.935
0
HO
False
1486790009.965
0
HO
False
1486790010.3
0
HO
False
1486790010.43
0
HO
False
1486790010.82
0
HO
False
1486790010.119
0
HO
False
1486790010.159
0
HO
False
1486790010.197
0
HO
False
1486790010.235
0
HO
False
1486790010.276
0
HO
False
1486790010.312
0
HO
False
1486790010.350
0
HO
False
1486790010.391
0
HO
False
1486790010.430
0
HO
False
1486790010.469
0
HO
False
1486790010.507
0
HO
False
1486790010.543
0
HO
False
1486790010.583
0
HO
False
1486790010.621
0
HO
False
1486790010.659
0
HO
False
1486790010.697
0
HO
False
1486790010.736
0
HO
False
1486790010.776
0
HO
False
1486790010.813
0
HO
False
1486790010.853
0
HO
False
1486790010.891
0
HO
False
1486790010.929
0
HO
False
1486790010.969
0
HO
False
1486790011.6
0
HO
False
1486790011.45
0
HO
False
1486790011.86
0
HO
False
1486790011.124
0
HO
False
1486790011.161
0
HO
False
1486790011.199
0
HO
False
1486790011.238
0
HO
False
1486790011.278
0
HO
False
1486790011.314
0
HO
False
1486790011.356
0
HO
False
1486790011.391
0
HO
False
1486790011.433
0
HO
False
1486790011.471
0
HO
False
1486790011.508
0
HO
False
1486790011.547
0
HO
False
1486790011.588
0
HO
False
1486790011.622
0
HO
False
1486790011.679
0
HO
False
1486790011.725
0
HO
False
1486790011.898
0
HO
False
1486790011.950
0
HO
False
1486790012.124
0
HO
False
1486790012.163
0
HO
False
1486790012.202
0
HO
False
1486790012.241
0
HO
False
1486790012.280
0
HO
False
1486790012.323
0
HO
False
1486790012.355
0
HO
False
1486790012.396
0
HO
False
1486790012.434
0
HO
False
1486790012.474
0
HO
False
1486790012.512
0
HO
False
1486790012.547
0
HO
False
1486790012.589
0
HO
False
1486790012.624
0
HO
False
1486790012.663
0
HO
False
1486790012.702
0
HO
False
1486790012.741
0
HO
False
1486790012.782
0
HO
False
1486790012.818
0
HO
False
1486790012.859
0
HO
False
1486790012.895
0
HO
False
1486790012.934
0
HO
False
1486790012.975
0
HO
False
1486790013.11
0
HO
False
1486790013.49
0
HO
False
1486790013.88
0
HO
False
1486790013.126
0
HO
False
1486790013.165
0
HO
False
1486790013.203
0
HO
False
1486790013.242
0
HO
False
1486790013.283
0
HO
False
1486790013.318
0
HO
False
1486790013.358
0
HO
False
1486790013.396
0
HO
False
1486790013.435
0
HO
False
1486790013.476
0
HO
False
1486790013.512
0
HO
False
1486790013.551
0
HO
False
1486790013.590
0
HO
False
1486790013.626
0
HO
False
1486790013.666
0
HO
False
1486790013.703
0
HO
False
1486790013.742
0
HO
False
1486790013.786
0
HO
False
1486790013.829
0
HO
False
1486790013.862
0
HO
False
1486790013.896
0
HO
False
1486790013.935
0
HO
False
1486790013.975
0
HO
False
1486790014.12
64
HB
True
1486790014.51
64
HB
True
1486790014.95
64
HB
True
1486790014.129
71
HB
True
1486790014.166
71
HB
True
1486790014.206
71
HB
True
1486790014.245
72
HA
True
1486790014.286
72
HA
True
1486790014.319
72
HA
True
1486790014.360
69
HA
True
1486790014.397
69
HA
True
1486790014.438
69
HA
True
1486790014.475
60
HA
True
1486790014.515
60
HA
True
1486790014.552
60
HA
True
1486790014.594
0
HO
False
1486790014.630
0
HO
False
1486790014.667
0
HO
False
1486790014.707
48
HO
False
1486790014.743
48
HO
False
1486790014.784
48
HO
False
1486790014.824
49
HO
False
1486790014.860
49
HO
False
1486790014.902
49
HO
False
1486790014.937
49
HO
False
1486790014.976
49
HO
False
1486790015.14
49
HO
False
1486790015.53
0
HO
False
1486790015.95
0
HO
False
1486790015.131
0
HO
False
1486790015.169
0
HO
False
1486790015.207
0
HO
False
1486790015.247
0
HO
False
1486790015.286
0
HO
False
1486790015.330
0
HO
False
1486790015.362
0
HO
False
1486790015.404
0
HO
False
1486790015.439
0
HO
False
1486790015.477
0
HO
False
1486790015.516
0
HO
False
1486790015.553
0
HO
False
1486790015.593
0
HO
False
1486790015.632
0
HO
False
1486790015.670
0
HO
False
1486790015.732
0
HO
False
1486790015.824
0
HO
False
1486790015.863
0
HO
False
1486790015.903
0
HO
False
1486790015.958
0
HO
False
1486790015.999
0
HO
False
1486790016.29
0
HO
False
1486790016.53
0
HO
False
1486790016.92
0
HO
False
1486790016.133
0
HO
False
1486790016.171
0
HO
False
1486790016.212
0
HO
False
1486790016.248
0
HO
False
1486790016.287
0
HO
False
1486790016.326
0
HO
False
1486790016.363
0
HO
False
1486790016.404
0
HO
False
1486790016.441
0
HO
False
1486790016.480
0
HO
False
1486790016.519
0
HO
False
1486790016.556
0
HO
False
1486790016.595
0
HO
False
1486790016.634
0
HO
False
1486790016.671
0
HO
False
1486790016.714
0
HO
False
1486790016.749
0
HO
False
1486790016.788
0
HO
False
1486790016.834
0
HO
False
1486790016.869
0
HO
False
1486790016.902
0
HO
False
1486790016.941
0
HO
False
1486790016.980
0
HO
False
1486790017.22
0
HO
False
1486790017.58
0
HO
False
1486790017.96
0
HO
False
1486790017.134
0
HO
False
1486790017.173
0
HO
False
1486790017.216
0
HO
False
1486790017.250
0
HO
False
1486790017.288
0
HO
False
1486790017.328
0
HO
False
1486790017.365
0
HO
False
1486790017.483
0
HO
False
1486790017.524
0
HO
False
1486790017.559
0
HO
False
1486790017.597
0
HO
False
1486790017.635
0
HO
False
1486790017.692
0
HO
False
1486790017.869
0
HO
False
1486790017.906
0
HO
False
1486790017.944
0
HO
False
1486790017.982
0
HO
False
1486790018.23
0
HO
False
1486790018.59
0
HO
False
1486790018.99
0
HO
False
1486790018.137
0
HO
False
1486790018.177
47
HO
False
1486790018.215
47
HO
False
1486790018.252
47
HO
False
1486790018.291
48
HO
False
1486790018.339
48
HO
False
1486790018.372
48
HO
False
1486790018.406
0
HO
False
1486790018.446
0
HO
False
1486790018.483
0
HO
False
1486790018.525
0
HO
False
1486790018.559
0
HO
False
1486790018.599
0
HO
False
1486790018.640
0
HO
False
1486790018.675
0
HO
False
1486790018.716
0
HO
False
1486790018.755
57
HA
True
1486790018.791
57
HA
True
1486790018.833
57
HA
True
1486790018.870
69
HA
True
1486790018.909
69
HA
True
1486790018.946
69
HA
True
1486790018.983
69
HA
True
1486790019.25
69
HA
True
1486790019.61
69
HA
True
1486790019.99
67
HB
True
1486790019.146
67
HB
True
1486790019.179
67
HB
True
1486790019.217
66
HB
True
1486790019.253
66
HB
True
1486790019.292
66
HB
True
1486790019.335
17
HB
True
1486790019.370
17
HB
True
1486790019.408
17
HB
True
1486790019.451
0
HO
False
1486790019.484
0
HO
False
1486790019.524
0
HO
False
1486790019.562
0
HO
False
1486790019.602
0
HO
False
1486790019.644
0
HO
False
1486790019.678
0
HO
False
1486790019.717
0
HO
False
1486790019.757
0
HO
False
1486790019.793
0
HO
False
1486790019.841
0
HO
False
1486790019.874
0
HO
False
1486790019.910
0
HO
False
1486790019.951
0
HO
False
1486790019.986
0
HO
False
1486790020.25
0
HO
False
1486790020.63
0
HO
False
1486790020.102
0
HO
False
1486790020.143
0
HO
False
1486790020.180
0
HO
False
1486790020.218
0
HO
False
1486790020.257
0
HO
False
1486790020.301
0
HO
False
1486790020.339
0
HO
False
1486790020.384
0
HO
False
1486790020.410
0
HO
False
1486790020.455
0
HO
False
1486790020.489
0
HO
False
1486790020.529
0
HO
False
1486790020.563
0
HO
False
1486790020.606
0
HO
False
1486790020.642
0
HO
False
1486790020.680
0
HO
False
1486790020.720
0
HO
False
1486790020.760
0
HO
False
1486790020.796
0
HO
False
1486790020.836
0
HO
False
1486790020.877
0
HO
False
1486790020.911
0
HO
False
1486790021.104
0
HO
False
1486790021.142
0
HO
False
1486790021.182
0
HO
False
1486790021.238
0
HO
False
1486790021.342
0
HO
False
1486790021.377
0
HO
False
1486790021.411
0
HO
False
1486790021.454
0
HO
False
1486790021.500
0
HO
False
1486790021.605
0
HO
False
1486790021.644
0
HO
False
1486790021.683
0
HO
False
1486790021.723
0
HO
False
1486790021.761
0
HO
False
1486790021.798
0
HO
False
1486790021.836
0
HO
False
1486790021.876
0
HO
False
1486790021.914
0
HO
False
1486790021.970
0
HO
False
1486790022.5
0
HO
False
1486790022.36
0
HO
False
1486790022.222
0
HO
False
1486790022.265
0
HO
False
1486790022.307
0
HO
False
1486790022.335
0
HO
False
1486790022.383
0
HO
False
1486790023.418
0
HO
False
1486790023.456
0
HO
False
1486790023.494
0
HO
False
1486790023.533
0
HO
False
1486790023.569
0
HO
False
1486790023.609
0
HO
False
1486790023.649
0
HO
False
1486790023.690
0
HO
False
1486790023.725
0
HO
False
1486790023.763
0
HO
False
1486790023.801
0
HO
False
1486790023.840
0
HO
False
1486790023.882
0
HO
False
1486790023.918
0
HO
False
1486790023.956
0
HO
False
1486790023.995
0
HO
False
1486790024.32
0
HO
False
1486790024.71
0
HO
False
1486790024.110
0
HO
False
1486790024.149
0
HO
False
1486790024.190
0
HO
False
1486790024.225
0
HO
False
1486790024.264
0
HO
False
1486790024.304
0
HO
False
1486790024.348
0
HO
False
1486790024.381
0
HO
False
1486790024.420
0
HO
False
1486790024.458
0
HO
False
1486790024.496
0
HO
False
1486790024.535
0
HO
False
1486790024.573
0
HO
False
1486790024.611
0
HO
False
1486790024.655
0
HO
False
1486790024.690
0
HO
False
1486790024.728
0
HO
False
1486790024.766
0
HO
False
1486790024.805
0
HO
False
1486790024.842
0
HO
False
1486790024.881
0
HO
False
1486790024.920
0
HO
False
1486790024.958
0
HO
False
1486790024.997
0
HO
False
1486790025.35
0
HO
False
1486790025.74
0
HO
False
1486790025.112
56
HB
True
1486790025.152
56
HB
True
1486790025.190
56
HB
True
1486790025.227
67
HB
True
1486790025.266
67
HB
True
1486790025.306
67
HB
True
1486790025.343
70
HB
True
1486790025.382
70
HB
True
1486790025.420
70
HB
True
1486790025.459
72
HA
True
1486790025.499
72
HA
True
1486790025.537
72
HA
True
1486790025.575
69
HA
True
1486790025.613
69
HA
True
1486790025.652
69
HA
True
1486790025.691
25
HA
True
1486790025.729
25
HA
True
1486790025.768
25
HA
True
1486790025.807
0
HO
False
1486790025.852
0
HO
False
1486790025.883
0
HO
False
1486790025.922
48
HO
False
1486790025.960
48
HO
False
1486790025.999
48
HO
False
1486790026.37
49
HO
False
1486790026.76
49
HO
False
1486790026.114
49
HO
False
1486790026.153
0
HO
False
1486790026.191
0
HO
False
1486790026.229
0
HO
False
1486790026.269
0
HO
False
1486790026.308
0
HO
False
1486790026.345
0
HO
False
1486790026.384
0
HO
False
1486790026.424
0
HO
False
1486790026.461
0
HO
False
1486790026.500
0
HO
False
1486790026.539
0
HO
False
1486790026.576
0
HO
False
1486790026.616
0
HO
False
1486790026.656
0
HO
False
1486790026.693
0
HO
False
1486790026.743
0
HO
False
1486790026.846
0
HO
False
1486790026.886
0
HO
False
1486790026.940
0
HO
False
1486790026.987
0
HO
False
1486790027.6
0
HO
False
1486790027.46
0
HO
False
1486790027.80
0
HO
False
1486790027.117
0
HO
False
1486790027.155
0
HO
False
1486790027.194
0
HO
False
1486790027.232
0
HO
False
1486790027.271
0
HO
False
1486790027.310
0
HO
False
1486790027.353
0
HO
False
1486790027.385
0
HO
False
1486790027.425
0
HO
False
1486790027.464
0
HO
False
1486790027.501
0
HO
False
1486790027.540
0
HO
False
1486790027.579
0
HO
False
1486790027.617
0
HO
False
1486790027.657
0
HO
False
1486790027.694
0
HO
False
1486790027.734
0
HO
False
1486790027.775
0
HO
False
1486790027.810
0
HO
False
1486790027.848
0
HO
False
1486790027.888
0
HO
False
1486790027.927
0
HO
False
1486790027.965
0
HO
False
1486790028.4
0
HO
False
1486790028.42
0
HO
False
1486790028.79
0
HO
False
1486790028.119
0
HO
False
1486790028.157
0
HO
False
1486790028.197
0
HO
False
1486790028.236
0
HO
False
1486790028.276
0
HO
False
1486790028.310
0
HO
False
1486790028.350
0
HO
False
1486790028.389
0
HO
False
1486790028.428
0
HO
False
1486790028.467
0
HO
False
1486790028.505
0
HO
False
1486790028.544
0
HO
False
1486790028.585
0
HO
False
1486790028.620
0
HO
False
1486790028.687
0
HO
False
1486790028.726
0
HO
False
1486790028.758
0
HO
False
1486790028.779
0
HO
False
1486790028.812
0
HO
False
1486790028.884
0
HO
False
1486790028.967
0
HO
False
1486790029.6
0
HO
False
1486790029.44
0
HO
False
1486790029.83
0
HO
False
1486790029.120
0
HO
False
1486790029.160
0
HO
False
1486790029.197
0
HO
False
1486790029.236
0
HO
False
1486790029.274
0
HO
False
1486790029.314
0
HO
False
1486790029.353
0
HO
False
1486790029.390
0
HO
False
1486790029.431
0
HO
False
1486790029.467
0
HO
False
1486790029.507
0
HO
False
1486790029.545
0
HO
False
1486790029.586
0
HO
False
1486790029.622
47
HO
False
1486790029.660
47
HO
False
1486790029.701
47
HO
False
1486790029.738
47
HO
False
1486790029.776
47
HO
False
1486790029.815
47
HO
False
1486790029.852
48
HO
False
1486790029.892
48
HO
False
1486790029.931
48
HO
False
1486790029.969
49
HO
False
1486790030.7
49
HO
False
1486790030.67
49
HO
False
1486790030.107
49
HO
False
1486790030.143
49
HO
False
1486790030.166
49
HO
False
1486790030.207
62
HA
True
1486790030.241
62
HA
True
1486790030.278
62
HA
True
1486790030.314
66
HA
True
1486790030.355
66
HA
True
1486790030.392
66
HA
True
1486790030.431
65
HA
True
1486790030.470
65
HA
True
1486790030.508
65
HA
True
1486790030.547
67
HB
True
1486790030.590
67
HB
True
1486790030.626
67
HB
True
1486790030.663
66
HB
True
1486790030.701
66
HB
True
1486790030.740
66
HB
True
1486790030.779
0
HO
False
1486790030.816
0
HO
False
1486790030.855
0
HO
False
1486790030.895
0
HO
False
1486790030.934
0
HO
False
1486790030.971
0
HO
False
1486790031.9
0
HO
False
1486790031.48
0
HO
False
1486790031.87
0
HO
False
1486790031.125
0
HO
False
1486790031.163
0
HO
False
1486790031.202
0
HO
False
1486790031.241
0
HO
False
1486790031.280
0
HO
False
1486790031.316
0
HO
False
1486790031.356
0
HO
False
1486790031.394
0
HO
False
1486790031.435
0
HO
False
1486790031.472
0
HO
False
1486790031.511
0
HO
False
1486790031.548
0
HO
False
1486790031.589
0
HO
False
1486790031.627
0
HO
False
1486790031.664
0
HO
False
1486790031.858
0
HO
False
1486790031.896
0
HO
False
1486790031.935
0
HO
False
1486790031.981
0
HO
False
1486790032.21
0
HO
False
1486790032.54
0
HO
False
1486790032.90
0
HO
False
1486790032.127
0
HO
False
1486790032.166
0
HO
False
1486790032.205
0
HO
False
1486790032.242
0
HO
False
1486790032.282
0
HO
False
1486790032.321
0
HO
False
1486790032.359
0
HO
False
1486790032.397
0
HO
False
1486790032.435
0
HO
False
1486790032.475
0
HO
False
1486790032.514
0
HO
False
1486790032.552
0
HO
False
1486790032.752
0
HO
False
1486790032.796
0
HO
False
1486790032.975
0
HO
False
1486790033.14
0
HO
False
1486790033.53
0
HO
False
1486790033.91
0
HO
False
1486790033.131
0
HO
False
1486790033.168
0
HO
False
1486790033.208
0
HO
False
1486790033.252
0
HO
False
1486790033.287
0
HO
False
1486790033.321
0
HO
False
1486790033.360
0
HO
False
1486790033.398
0
HO
False
1486790033.440
0
HO
False
1486790033.475
0
HO
False
1486790033.515
0
HO
False
1486790033.555
0
HO
False
1486790033.592
0
HO
False
1486790033.630
0
HO
False
1486790033.670
0
HO
False
1486790033.707
0
HO
False
1486790033.746
0
HO
False
1486790033.784
0
HO
False
1486790033.825
0
HO
False
1486790033.862
0
HO
False
1486790033.902
0
HO
False
1486790033.940
0
HO
False
1486790033.978
0
HO
False
1486790034.15
0
HO
False
1486790034.54
0
HO
False
1486790034.94
0
HO
False
1486790034.132
0
HO
False
1486790034.185
0
HO
False
1486790034.286
0
HO
False
1486790034.324
0
HO
False
1486790034.362
0
HO
False
1486790034.428
0
HO
False
1486790034.520
0
HO
False
1486790034.557
0
HO
False
1486790034.602
0
HO
False
1486790034.639
0
HO
False
1486790034.676
0
HO
False
1486790034.708
0
HO
False
1486790034.752
0
HO
False
1486790034.785
0
HO
False
1486790034.825
0
HO
False
1486790034.865
0
HO
False
1486790034.907
0
HO
False
1486790034.941
0
HO
False
1486790034.980
0
HO
False
1486790035.19
0
HO
False
1486790035.56
0
HO
False
1486790035.98
0
HO
False
1486790035.133
0
HO
False
1486790035.174
0
HO
False
1486790035.212
0
HO
False
1486790035.250
0
HO
False
1486790035.288
0
HO
False
1486790035.325
0
HO
False
1486790035.367
0
HO
False
1486790035.406
0
HO
False
1486790035.441
0
HO
False
1486790035.480
0
HO
False
1486790035.521
0
HO
False
1486790035.557
0
HO
False
1486790035.599
0
HO
False
1486790035.665
0
HO
False
1486790035.705
0
HO
False
1486790035.735
0
HO
False
1486790035.829
0
HO
False
1486790035.892
0
HO
False
1486790036.59
0
HO
False
1486790036.100
0
HO
False
1486790036.137
0
HO
False
1486790036.175
0
HO
False
1486790036.213
0
HO
False
1486790036.253
0
HO
False
1486790036.300
0
HO
False
1486790036.327
0
HO
False
1486790036.375
0
HO
False
1486790036.413
0
HO
False
1486790036.448
61
HB
True
1486790036.483
61
HB
True
1486790036.528
61
HB
True
1486790036.561
68
HB
True
1486790036.605
68
HB
True
1486790036.639
68
HB
True
1486790036.674
70
HO
True
1486790036.715
70
HO
True
1486790036.754
70
HO
True
1486790036.799
69
HA
True
1486790036.832
69
HA
True
1486790036.869
69
HA
True
1486790036.911
66
HA
True
1486790036.951
66
HA
True
1486790036.982
66
HA
True
1486790037.21
25
HA
True
1486790037.60
25
HA
True
1486790037.102
25
HA
True
1486790037.139
0
HO
False
1486790037.179
0
HO
False
1486790037.218
0
HO
False
1486790037.275
49
HO
False
1486790037.317
49
HO
False
1486790037.348
49
HO
False
1486790037.375
49
HO
False
1486790037.411
49
HO
False
1486790037.444
49
HO
False
1486790037.506
49
HO
False
1486790037.550
49
HO
False
1486790037.648
0
HO
False
1486790037.757
0
HO
False
1486790037.808
0
HO
False
1486790037.912
0
HO
False
1486790037.948
0
HO
False
1486790037.988
0
HO
False
1486790038.111
0
HO
False
1486790038.141
0
HO
False
1486790038.190
0
HO
False
1486790038.235
0
HO
False
1486790038.343
0
HO
False
1486790038.369
0
HO
False
1486790038.564
0
HO
False
1486790038.602
0
HO
False
1486790038.641
0
HO
False
1486790038.680
0
HO
False
1486790038.721
0
HO
False
1486790038.758
0
HO
False
1486790038.795
0
HO
False
1486790038.833
0
HO
False
1486790038.874
0
HO
False
1486790038.911
0
HO
False
1486790038.948
0
HO
False
1486790038.988
0
HO
False
1486790039.29
0
HO
False
1486790039.64
0
HO
False
1486790039.103
0
HO
False
1486790039.141
0
HO
False
1486790039.180
0
HO
False
1486790039.221
0
HO
False
1486790039.258
0
HO
False
1486790039.297
0
HO
False
1486790039.334
0
HO
False
1486790039.375
0
HO
False
1486790039.413
0
HO
False
1486790039.451
0
HO
False
1486790039.490
0
HO
False
1486790039.530
0
HO
False
1486790039.565
0
HO
False
1486790039.605
0
HO
False
1486790039.643
0
HO
False
1486790039.682
0
HO
False
1486790039.720
0
HO
False
1486790039.758
0
HO
False
1486790039.798
0
HO
False
1486790039.851
0
HO
False
1486790039.951
0
HO
False
1486790039.989
0
HO
False
1486790040.32
0
HO
False
1486790040.82
0
HO
False
1486790040.131
0
HO
False
1486790040.167
0
HO
False
1486790040.190
0
HO
False
1486790040.223
0
HO
False
1486790040.259
0
HO
False
1486790040.304
0
HO
False
1486790040.343
0
HO
False
1486790040.375
0
HO
False
1486790040.413
0
HO
False
1486790040.454
0
HO
False
1486790040.490
0
HO
False
1486790040.529
0
HO
False
1486790040.568
0
HO
False
1486790040.608
0
HO
False
1486790040.650
0
HO
False
1486790040.683
0
HO
False
1486790040.722
48
HO
False
1486790040.760
48
HO
False
1486790040.799
48
HO
False
1486790040.841
48
HO
False
1486790040.882
48
HO
False
1486790040.917
48
HO
False
1486790040.951
48
HO
False
1486790040.992
48
HO
False
1486790041.47
48
HO
False
1486790041.87
48
HO
False
1486790041.121
48
HO
False
1486790041.156
48
HO
False
1486790041.192
49
HO
False
1486790041.227
49
HO
False
1486790041.265
49
HO
False
1486790041.301
64
HA
True
1486790041.342
64
HA
True
1486790041.377
64
HA
True
1486790041.416
68
HA
True
1486790041.458
68
HA
True
1486790041.491
68
HA
True
1486790041.532
66
HA
True
1486790041.569
66
HA
True
1486790041.609
66
HA
True
1486790041.650
66
HB
True
1486790041.686
66
HB
True
1486790041.724
66
HB
True
1486790041.763
66
HB
True
1486790041.801
66
HB
True
1486790041.840
66
HB
True
1486790041.879
0
HO
False
1486790041.917
0
HO
False
1486790041.970
0
HO
False
1486790042.10
0
HO
False
1486790042.39
0
HO
False
1486790042.94
0
HO
False
1486790042.111
0
HO
False
1486790042.153
0
HO
False
1486790042.185
0
HO
False
1486790042.225
0
HO
False
1486790042.266
0
HO
False
1486790042.303
0
HO
False
1486790042.341
0
HO
False
1486790042.384
0
HO
False
1486790042.418
0
HO
False
1486790043.73
0
HO
False
1486790043.112
0
HO
False
1486790043.151
0
HO
False
1486790043.189
0
HO
False
1486790043.226
0
HO
False
1486790043.268
0
HO
False
1486790043.305
0
HO
False
1486790043.342
0
HO
False
1486790043.385
0
HO
False
1486790043.425
0
HO
False
1486790043.465
0
HO
False
1486790043.496
0
HO
False
1486790043.538
0
HO
False
1486790043.578
0
HO
False
1486790043.612
0
HO
False
1486790043.652
0
HO
False
1486790043.716
0
HO
False
1486790043.806
0
HO
False
1486790043.845
0
HO
False
1486790043.907
0
HO
False
1486790043.997
0
HO
False
1486790044.37
0
HO
False
1486790044.77
0
HO
False
1486790044.113
0
HO
False
1486790044.151
0
HO
False
1486790044.191
0
HO
False
1486790044.231
0
HO
False
1486790044.272
0
HO
False
1486790044.307
0
HO
False
1486790044.345
0
HO
False
1486790044.388
0
HO
False
1486790044.422
0
HO
False
1486790044.460
0
HO
False
1486790044.501
0
HO
False
1486790044.537
0
HO
False
1486790044.594
0
HO
False
1486790044.620
0
HO
False
1486790044.653
0
HO
False
1486790044.691
0
HO
False
1486790044.730
0
HO
False
1486790044.769
0
HO
False
1486790044.808
0
HO
False
1486790044.846
0
HO
False
1486790044.890
0
HO
False
1486790044.923
0
HO
False
1486790044.962
0
HO
False
1486790044.1000
0
HO
False
1486790045.39
0
HO
False
1486790045.272
0
HO
False
1486790045.307
0
HO
False
1486790045.346
0
HO
False
1486790045.388
0
HO
False
1486790045.431
0
HO
False
1486790045.483
0
HO
False
1486790045.518
0
HO
False
1486790045.545
0
HO
False
1486790045.577
0
HO
False
1486790045.621
0
HO
False
1486790045.659
0
HO
False
1486790045.697
0
HO
False
1486790045.735
0
HO
False
1486790045.775
0
HO
False
1486790045.813
0
HO
False
1486790045.849
0
HO
False
1486790045.890
0
HO
False
1486790045.924
0
HO
False
1486790045.964
0
HO
False
1486790046.2
0
HO
False
1486790046.41
0
HO
False
1486790046.79
0
HO
False
1486790046.118
0
HO
False
1486790046.157
0
HO
False
1486790046.199
0
HO
False
1486790046.234
0
HO
False
1486790046.278
0
HO
False
1486790046.328
0
HO
False
1486790046.374
0
HO
False
1486790046.404
0
HO
False
1486790046.435
0
HO
False
1486790046.464
0
HO
False
1486790046.506
0
HO
False
1486790046.540
0
HO
False
1486790046.585
0
HO
False
1486790046.620
0
HO
False
1486790046.662
0
HO
False
1486790046.711
0
HO
False
1486790046.735
0
HO
False
1486790046.776
0
HO
False
1486790046.968
0
HO
False
1486790047.8
0
HO
False
1486790047.44
0
HO
False
1486790047.83
0
HO
False
1486790047.121
0
HO
False
1486790047.159
0
HO
False
1486790047.198
0
HO
False
1486790047.236
0
HO
False
1486790047.276
0
HO
False
1486790047.319
0
HO
False
1486790047.352
0
HO
False
1486790047.390
0
HO
False
1486790047.431
0
HO
False
1486790047.469
0
HO
False
1486790047.506
0
HO
False
1486790047.547
0
HO
False
1486790047.581
0
HO
False
1486790047.626
0
HO
False
1486790047.659
0
HO
False
1486790047.698
0
HO
False
1486790047.736
0
HO
False
1486790047.776
0
HO
False
1486790047.814
0
HO
False
1486790047.861
0
HO
False
1486790047.896
62
HB
True
1486790047.936
62
HB
True
1486790047.969
62
HB
True
1486790048.7
70
HB
True
1486790048.48
70
HB
True
1486790048.83
70
HB
True
1486790048.129
72
HB
True
1486790048.160
72
HB
True
1486790048.199
72
HB
True
1486790048.246
72
HA
True
1486790048.278
72
HA
True
1486790048.314
72
HA
True
1486790048.356
68
HA
True
1486790048.396
68
HA
True
1486790048.438
68
HA
True
1486790048.470
24
HA
True
1486790048.508
24
HA
True
1486790048.551
24
HA
True
1486790048.587
0
HO
False
1486790048.623
0
HO
False
1486790048.667
0
HO
False
1486790048.703
48
HO
False
1486790048.744
48
HO
False
1486790048.780
48
HO
False
1486790048.816
49
HO
False
1486790048.856
49
HO
False
1486790048.894
49
HO
False
1486790048.932
49
HO
False
1486790048.971
49
HO
False
1486790049.9
49
HO
False
1486790049.53
48
HO
False
1486790049.89
48
HO
False
1486790049.122
48
HO
False
1486790049.163
0
HO
False
1486790049.202
0
HO
False
1486790049.240
0
HO
False
1486790049.280
0
HO
False
1486790049.318
0
HO
False
1486790049.359
0
HO
False
1486790049.394
0
HO
False
1486790049.435
0
HO
False
1486790049.471
0
HO
False
1486790049.511
0
HO
False
1486790049.547
0
HO
False
1486790049.606
0
HO
False
1486790049.716
0
HO
False
1486790049.740
0
HO
False
1486790049.934
0
HO
False
1486790049.973
0
HO
False
1486790050.10
0
HO
False
1486790050.50
0
HO
False
1486790050.89
0
HO
False
1486790050.128
0
HO
False
1486790050.173
0
HO
False
1486790050.210
0
HO
False
1486790050.245
0
HO
False
1486790050.283
0
HO
False
1486790050.317
0
HO
False
1486790050.357
0
HO
False
1486790050.395
0
HO
False
1486790050.435
0
HO
False
1486790050.481
0
HO
False
1486790050.516
0
HO
False
1486790050.554
0
HO
False
1486790050.593
0
HO
False
1486790050.628
0
HO
False
1486790050.666
0
HO
False
1486790050.705
0
HO
False
1486790050.744
0
HO
False
1486790050.783
0
HO
False
1486790050.820
0
HO
False
1486790050.860
0
HO
False
1486790050.898
0
HO
False
1486790050.935
0
HO
False
1486790050.975
0
HO
False
1486790051.13
0
HO
False
1486790051.53
0
HO
False
1486790051.95
0
HO
False
1486790051.129
0
HO
False
1486790051.167
0
HO
False
1486790051.204
0
HO
False
1486790051.245
0
HO
False
1486790051.288
0
HO
False
1486790051.322
0
HO
False
1486790051.368
0
HO
False
1486790051.397
0
HO
False
1486790051.436
0
HO
False
1486790051.474
0
HO
False
1486790051.515
0
HO
False
1486790051.553
0
HO
False
1486790051.594
0
HO
False
1486790051.664
0
HO
False
1486790051.764
0
HO
False
1486790051.869
0
HO
False
1486790051.983
0
HO
False
1486790052.35
0
HO
False
1486790052.80
0
HO
False
1486790052.111
0
HO
False
1486790052.143
0
HO
False
1486790052.174
48
HO
False
1486790052.211
48
HO
False
1486790052.256
48
HO
False
1486790052.284
48
HO
False
1486790052.327
48
HO
False
1486790052.375
48
HO
False
1486790052.405
48
HO
False
1486790052.441
48
HO
False
1486790053.557
0
HO
False
1486790053.596
0
HO
False
1486790053.635
0
HO
False
1486790053.673
0
HO
False
1486790053.714
0
HO
False
1486790053.749
0
HO
False
1486790053.788
0
HO
False
1486790053.830
0
HO
False
1486790053.866
0
HO
False
1486790053.905
0
HO
False
1486790053.946
0
HO
False
1486790053.980
0
HO
False
1486790054.22
0
HO
False
1486790054.57
0
HO
False
1486790054.95
0
HO
False
1486790054.135
0
HO
False
1486790054.173
0
HO
False
1486790054.211
0
HO
False
1486790054.250
0
HO
False
1486790054.289
0
HO
False
1486790054.329
0
HO
False
1486790054.373
0
HO
False
1486790054.405
0
HO
False
1486790054.443
0
HO
False
1486790054.481
0
HO
False
1486790054.524
0
HO
False
1486790054.559
0
HO
False
1486790054.597
0
HO
False
1486790054.638
0
HO
False
1486790054.675
0
HO
False
1486790054.713
0
HO
False
1486790054.751
0
HO
False
1486790054.790
0
HO
False
1486790054.830
0
HO
False
1486790054.868
0
HO
False
1486790054.906
0
HO
False
1486790054.945
0
HO
False
1486790054.982
0
HO
False
1486790055.20
0
HO
False
1486790055.59
0
HO
False
1486790055.99
0
HO
False
1486790055.154
0
HO
False
1486790055.216
0
HO
False
1486790055.290
0
HO
False
1486790055.332
0
HO
False
1486790055.378
0
HO
False
1486790055.432
0
HO
False
1486790055.458
0
HO
False
1486790055.481
0
HO
False
1486790055.528
0
HO
False
1486790055.565
0
HO
False
1486790055.602
0
HO
False
1486790055.641
0
HO
False
1486790055.677
0
HO
False
1486790055.715
0
HO
False
1486790055.754
0
HO
False
1486790055.791
0
HO
False
1486790055.830
0
HO
False
1486790055.875
0
HO
False
1486790055.908
0
HO
False
1486790055.949
0
HO
False
1486790055.985
0
HO
False
1486790056.23
0
HO
False
1486790056.61
0
HO
False
1486790056.100
0
HO
False
1486790056.144
0
HO
False
1486790056.180
0
HO
False
1486790056.219
0
HO
False
1486790056.257
0
HO
False
1486790056.293
0
HO
False
1486790056.332
0
HO
False
1486790056.371
0
HO
False
1486790056.408
0
HO
False
1486790056.451
0
HO
False
1486790056.486
0
HO
False
1486790056.525
0
HO
False
1486790056.562
0
HO
False
1486790056.601
0
HO
False
1486790056.640
0
HO
False
1486790056.680
0
HO
False
1486790056.738
0
HO
False
1486790056.784
0
HO
False
1486790056.871
0
HO
False
1486790056.923
0
HO
False
1486790057.26
0
HO
False
1486790057.63
0
HO
False
1486790057.102
0
HO
False
1486790057.141
0
HO
False
1486790057.180
0
HO
False
1486790057.219
0
HO
False
1486790057.259
0
HO
False
1486790057.296
0
HO
False
1486790057.334
0
HO
False
1486790057.380
0
HO
False
1486790057.412
0
HO
False
1486790057.449
0
HO
False
1486790057.487
0
HO
False
1486790057.526
0
HO
False
1486790057.566
0
HO
False
1486790057.603
0
HO
False
1486790057.642
0
HO
False
1486790057.680
0
HO
False
1486790057.720
0
HO
False
1486790057.759
0
HO
False
1486790057.797
0
HO
False
1486790057.835
0
HO
False
1486790057.874
0
HO
False
1486790057.911
0
HO
False
1486790057.950
0
HO
False
1486790057.990
0
HO
False
1486790058.27
0
HO
False
1486790058.67
0
HO
False
1486790058.105
0
HO
False
1486790058.143
0
HO
False
1486790058.182
0
HO
False
1486790058.221
0
HO
False
1486790058.260
0
HO
False
1486790058.297
0
HO
False
1486790058.336
0
HO
False
1486790058.375
0
HO
False
1486790058.413
0
HO
False
1486790058.451
0
HO
False
1486790058.489
0
HO
False
1486790058.529
0
HO
False
1486790058.568
0
HO
False
1486790058.605
0
HO
False
1486790058.644
0
HO
False
1486790058.683
0
HO
False
1486790058.721
0
HO
False
1486790058.759
0
HO
False
1486790058.798
0
HO
False
1486790058.836
0
HO
False
1486790058.883
2
HO
False
1486790058.916
2
HO
False
1486790058.952
2
HO
False
1486790058.992
69
HB
True
1486790059.29
69
HB
True
1486790059.67
69
HB
True
1486790059.107
72
HB
True
1486790059.146
72
HB
True
1486790059.185
72
HB
True
1486790059.222
71
HA
True
1486790059.262
71
HA
True
1486790059.299
71
HA
True
1486790059.339
67
HA
True
1486790059.376
67
HA
True
1486790059.414
67
HA
True
1486790059.453
53
HA
True
1486790059.492
53
HA
True
1486790059.530
53
HA
True
1486790059.569
0
HO
False
1486790059.608
0
HO
False
1486790059.647
0
HO
False
1486790059.685
50
HO
False
1486790059.724
50
HO
False
1486790059.762
50
HO
False
1486790059.801
50
HO
False
1486790059.839
50
HO
False
1486790059.877
50
HO
False
1486790059.916
50
HO
False
1486790059.955
50
HO
False
1486790059.993
50
HO
False
1486790060.31
0
HO
False
1486790060.69
0
HO
False
1486790060.110
0
HO
False
1486790060.148
0
HO
False
1486790060.187
0
HO
False
1486790060.225
0
HO
False
1486790060.263
0
HO
False
1486790060.302
0
HO
False
1486790060.340
0
HO
False
1486790060.386
0
HO
False
1486790060.502
0
HO
False
1486790060.536
0
HO
False
1486790060.588
0
HO
False
1486790060.633
0
HO
False
1486790060.668
0
HO
False
1486790060.689
0
HO
False
1486790060.728
0
HO
False
1486790060.762
0
HO
False
1486790060.804
0
HO
False
1486790060.840
0
HO
False
1486790060.879
0
HO
False
1486790060.922
0
HO
False
1486790060.957
0
HO
False
1486790060.995
0
HO
False
1486790061.34
0
HO
False
1486790061.72
0
HO
False
1486790061.113
0
HO
False
1486790061.149
0
HO
False
1486790061.189
0
HO
False
1486790061.228
0
HO
False
1486790061.265
0
HO
False
1486790061.303
0
HO
False
1486790061.341
0
HO
False
1486790061.380
0
HO
False
1486790061.422
0
HO
False
1486790061.458
0
HO
False
1486790061.495
0
HO
False
1486790061.534
0
HO
False
1486790061.573
0
HO
False
1486790061.612
0
HO
False
1486790061.651
0
HO
False
1486790061.689
0
HO
False
1486790061.727
0
HO
False
1486790061.768
0
HO
False
1486790061.806
0
HO
False
1486790061.843
0
HO
False
1486790061.889
0
HO
False
1486790061.922
0
HO
False
1486790061.980
0
HO
False
1486790062.79
0
HO
False
1486790062.123
0
HO
False
1486790062.153
0
HO
False
1486790062.193
0
HO
False
1486790062.250
0
HO
False
1486790062.351
0
HO
False
1486790062.383
0
HO
False
1486790062.425
0
HO
False
1486790062.458
48
HO
False
1486790062.498
48
HO
False
1486790062.538
48
HO
False
1486790062.577
49
HO
False
1486790062.615
49
HO
False
1486790062.652
49
HO
False
1486790062.690
48
HO
False
1486790062.730
48
HO
False
1486790062.775
48
HO
False
1486790062.807
48
HO
False
1486790062.847
48
HO
False
1486790062.884
48
HO
False
1486790062.924
48
HO
False
1486790062.962
48
HO
False
1486790063.0
48
HO
False
1486790063.39
0
HO
False
1486790063.75
0
HO
False
1486790063.116
0
HO
False
1486790063.154
0
HO
False
1486790063.192
0
HO
False
1486790063.230
0
HO
False
1486790063.269
61
HA
True
1486790063.307
61
HA
True
1486790063.347
61
HA
True
1486790063.390
68
HA
True
1486790063.425
68
HA
True
1486790063.462
68
HA
True
1486790063.500
70
HA
True
1486790063.538
70
HA
True
1486790063.578
70
HA
True
1486790063.616
69
HB
True
1486790063.655
69
HB
True
1486790063.693
69
HB
True
1486790063.732
67
HB
True
1486790063.770
67
HB
True
1486790063.808
67
HB
True
1486790063.847
18
HB
True
1486790063.888
18
HB
True
1486790063.925
18
HB
True
1486790063.963
0
HO
False
1486790064.0
0
HO
False
1486790064.41
0
HO
False
1486790064.79
0
HO
False
1486790064.117
0
HO
False
1486790064.156
0
HO
False
1486790064.195
0
HO
False
1486790064.233
0
HO
False
1486790064.271
0
HO
False
1486790064.309
0
HO
False
1486790064.349
0
HO
False
1486790064.387
0
HO
False
1486790064.426
0
HO
False
1486790064.463
0
HO
False
1486790064.503
0
HO
False
1486790064.543
0
HO
False
1486790064.579
0
HO
False
1486790064.618
0
HO
False
1486790064.656
0
HO
False
1486790064.699
0
HO
False
1486790064.734
0
HO
False
1486790064.773
0
HO
False
1486790064.812
0
HO
False
1486790064.850
0
HO
False
1486790064.894
0
HO
False
1486790064.924
0
HO
False
1486790064.965
0
HO
False
1486790065.3
0
HO
False
1486790065.42
0
HO
False
1486790065.81
0
HO
False
1486790065.118
0
HO
False
1486790065.157
0
HO
False
1486790065.197
0
HO
False
1486790065.235
0
HO
False
1486790065.274
0
HO
False
1486790065.310
0
HO
False
1486790065.350
0
HO
False
1486790065.396
0
HO
False
1486790065.432
0
HO
False
1486790065.466
0
HO
False
1486790065.513
0
HO
False
1486790065.702
0
HO
False
1486790065.736
0
HO
False
1486790065.800
0
HO
False
1486790065.892
0
HO
False
1486790065.928
0
HO
False
1486790065.966
0
HO
False
1486790066.17
0
HO
False
1486790066.50
0
HO
False
1486790066.85
0
HO
False
1486790066.122
0
HO
False
1486790066.162
0
HO
False
1486790066.198
0
HO
False
1486790066.237
0
HO
False
1486790066.275
0
HO
False
1486790066.314
0
HO
False
1486790066.352
0
HO
False
1486790066.398
0
HO
False
1486790066.432
0
HO
False
1486790066.471
0
HO
False
1486790066.509
0
HO
False
1486790066.547
0
HO
False
1486790066.583
0
HO
False
1486790066.623
0
HO
False
1486790066.660
0
HO
False
1486790066.699
0
HO
False
1486790066.740
0
HO
False
1486790066.779
0
HO
False
1486790066.815
0
HO
False
1486790066.853
0
HO
False
1486790066.917
0
HO
False
1486790067.8
0
HO
False
1486790067.47
0
HO
False
1486790067.84
0
HO
False
1486790067.136
0
HO
False
1486790067.185
0
HO
False
1486790067.278
0
HO
False
1486790067.316
0
HO
False
1486790067.354
0
HO
False
1486790067.394
0
HO
False
1486790067.431
0
HO
False
1486790067.473
0
HO
False
1486790067.511
0
HO
False
1486790067.548
0
HO
False
1486790067.587
0
HO
False
1486790067.625
0
HO
False
1486790067.662
0
HO
False
1486790067.707
0
HO
False
1486790067.741
0
HO
False
1486790067.779
0
HO
False
1486790067.816
0
HO
False
1486790067.856
0
HO
False
1486790067.901
0
HO
False
1486790067.936
0
HO
False
1486790067.973
0
HO
False
1486790068.11
0
HO
False
1486790068.49
0
HO
False
1486790068.86
0
HO
False
1486790068.126
0
HO
False
1486790068.166
0
HO
False
1486790068.205
0
HO
False
1486790068.242
0
HO
False
1486790068.281
0
HO
False
1486790068.318
0
HO
False
1486790068.357
0
HO
False
1486790068.395
0
HO
False
1486790068.435
0
HO
False
1486790068.473
0
HO
False
1486790068.510
0
HO
False
1486790068.550
0
HO
False
1486790068.588
0
HO
False
1486790068.626
0
HO
False
1486790068.667
0
HO
False
1486790068.704
0
HO
False
1486790068.743
0
HO
False
1486790068.782
0
HO
False
1486790068.820
0
HO
False
1486790068.858
0
HO
False
1486790068.896
0
HO
False
1486790068.935
0
HO
False
1486790068.976
0
HO
False
1486790069.13
0
HO
False
1486790069.50
39
HO
False
1486790069.89
39
HO
False
1486790069.129
39
HO
False
1486790069.169
66
HB
True
1486790069.205
66
HB
True
1486790069.244
66
HB
True
1486790069.281
70
HB
True
1486790069.322
70
HB
True
1486790069.360
70
HB
True
1486790069.405
72
HA
True
1486790069.439
72
HA
True
1486790069.479
72
HA
True
1486790069.515
70
HA
True
1486790069.552
70
HA
True
1486790069.590
70
HA
True
1486790069.628
58
HA
True
1486790069.672
58
HA
True
1486790069.705
58
HA
True
1486790069.745
0
HO
False
1486790069.783
0
HO
False
1486790069.821
0
HO
False
1486790069.861
48
HO
False
1486790069.899
48
HO
False
1486790069.937
48
HO
False
1486790069.977
50
HO
False
1486790070.13
50
HO
False
1486790070.53
50
HO
False
1486790070.92
50
HO
False
1486790070.130
50
HO
False
1486790070.169
50
HO
False
1486790070.207
0
HO
False
1486790070.245
0
HO
False
1486790070.287
0
HO
False
1486790070.322
0
HO
False
1486790070.360
0
HO
False
1486790070.400
0
HO
False
1486790070.438
0
HO
False
1486790070.480
0
HO
False
1486790070.514
0
HO
False
1486790070.554
0
HO
False
1486790070.592
0
HO
False
1486790070.631
0
HO
False
1486790070.669
0
HO
False
1486790070.707
0
HO
False
1486790070.747
0
HO
False
1486790070.788
0
HO
False
1486790070.823
0
HO
False
1486790070.862
0
HO
False
1486790070.906
0
HO
False
1486790070.940
0
HO
False
1486790070.978
0
HO
False
1486790071.15
0
HO
False
1486790071.55
0
HO
False
1486790071.96
0
HO
False
1486790071.132
0
HO
False
1486790071.362
0
HO
False
1486790071.401
0
HO
False
1486790071.453
0
HO
False
1486790071.556
0
HO
False
1486790071.748
0
HO
False
1486790071.790
0
HO
False
1486790071.826
0
HO
False
1486790071.864
0
HO
False
1486790071.906
0
HO
False
1486790071.940
0
HO
False
1486790071.990
0
HO
False
1486790072.34
0
HO
False
1486790072.67
0
HO
False
1486790072.107
0
HO
False
1486790072.140
0
HO
False
1486790072.176
0
HO
False
1486790072.209
0
HO
False
1486790072.249
0
HO
False
1486790072.289
0
HO
False
1486790072.327
0
HO
False
1486790072.365
0
HO
False
1486790072.410
0
HO
False
1486790072.442
0
HO
False
1486790072.481
0
HO
False
1486790072.521
0
HO
False
1486790072.558
0
HO
False
1486790072.600
0
HO
False
1486790072.636
0
HO
False
1486790072.673
0
HO
False
1486790072.732
0
HO
False
1486790072.767
0
HO
False
1486790072.866
0
HO
False
1486790072.907
0
HO
False
1486790072.943
0
HO
False
1486790072.983
0
HO
False
1486790073.21
0
HO
False
1486790073.59
0
HO
False
1486790073.97
0
HO
False
1486790073.139
0
HO
False
1486790073.175
0
HO
False
1486790073.214
0
HO
False
1486790073.251
0
HO
False
1486790073.290
0
HO
False
1486790073.330
0
HO
False
1486790073.368
0
HO
False
1486790073.408
0
HO
False
1486790073.444
0
HO
False
1486790073.483
0
HO
False
1486790073.523
0
HO
False
1486790073.562
0
HO
False
1486790073.601
0
HO
False
1486790073.636
0
HO
False
1486790073.675
0
HO
False
1486790073.716
0
HO
False
1486790073.752
0
HO
False
1486790073.790
0
HO
False
1486790073.829
0
HO
False
1486790073.868
0
HO
False
1486790073.913
0
HO
False
1486790073.948
0
HO
False
1486790073.984
0
HO
False
1486790074.25
0
HO
False
1486790074.61
0
HO
False
1486790074.101
0
HO
False
1486790074.139
0
HO
False
1486790074.178
0
HO
False
1486790074.217
0
HO
False
1486790074.254
0
HO
False
1486790074.293
0
HO
False
1486790074.330
0
HO
False
1486790074.369
0
HO
False
1486790074.407
0
HO
False
1486790074.445
0
HO
False
1486790074.486
0
HO
False
1486790074.526
0
HO
False
1486790074.562
0
HO
False
1486790074.602
0
HO
False
1486790074.643
0
HO
False
1486790074.676
0
HO
False
1486790074.721
0
HO
False
1486790074.755
0
HO
False
1486790074.793
0
HO
False
1486790074.832
0
HO
False
1486790074.870
0
HO
False
1486790074.909
0
HO
False
1486790074.948
0
HO
False
1486790074.986
0
HO
False
1486790075.27
0
HO
False
1486790075.63
0
HO
False
1486790075.101
0
HO
False
1486790075.153
0
HO
False
1486790075.183
0
HO
False
1486790075.226
0
HO
False
1486790075.259
0
HO
False
1486790075.298
0
HO
False
1486790075.337
0
HO
False
1486790075.372
0
HO
False
1486790075.418
0
HO
False
1486790075.454
0
HO
False
1486790075.489
0
HO
False
1486790075.529
0
HO
False
1486790075.564
0
HO
False
1486790075.603
0
HO
False
1486790075.645
0
HO
False
1486790075.681
0
HO
False
1486790075.720
0
HO
False
1486790075.756
0
HO
False
1486790075.796
0
HO
False
1486790075.836
0
HO
False
1486790075.872
0
HO
False
1486790075.911
0
HO
False
1486790075.949
0
HO
False
1486790075.989
0
HO
False
1486790076.28
0
HO
False
1486790076.67
0
HO
False
1486790076.104
0
HO
False
1486790076.151
0
HO
False
1486790076.182
0
HO
False
1486790076.220
0
HO
False
1486790076.257
0
HO
False
1486790076.295
0
HO
False
1486790076.337
0
HO
False
1486790076.383
0
HO
False
1486790076.414
0
HO
False
1486790076.453
0
HO
False
1486790076.489
0
HO
False
1486790076.608
0
HO
False
1486790076.661
0
HO
False
1486790076.703
0
HO
False
1486790076.800
0
HO
False
1486790076.851
0
HO
False
1486790076.956
0
HO
False
1486790076.991
0
HO
False
1486790077.29
0
HO
False
1486790077.66
0
HO
False
1486790077.106
0
HO
False
1486790077.148
0
HO
False
1486790077.190
0
HO
False
1486790077.225
0
HO
False
1486790077.263
0
HO
False
1486790077.299
0
HO
False
1486790077.339
0
HO
False
1486790077.377
0
HO
False
1486790077.418
0
HO
False
1486790077.456
0
HO
False
1486790077.496
0
HO
False
1486790077.533
0
HO
False
1486790077.575
0
HO
False
1486790077.605
0
HO
False
1486790077.649
0
HO
False
1486790077.685
0
HO
False
1486790077.723
0
HO
False
1486790077.765
0
HO
False
1486790077.801
0
HO
False
1486790077.839
0
HO
False
1486790077.879
0
HO
False
1486790077.916
0
HO
False
1486790078.42
0
HO
False
1486790078.165
0
HO
False
1486790078.274
0
HO
False
1486790078.383
0
HO
False
1486790078.506
0
HO
False
1486790078.626
0
HO
False
1486790078.745
0
HO
False
1486790079.19
0
HO
False
1486790079.212
0
HO
False
1486790079.326
0
HO
False
1486790079.507
0
HO
False
1486790079.570
0
HO
False
1486790079.660
0
HO
False
1486790079.698
0
HO
False
1486790079.826
0
HO
False
1486790079.862
0
HO
False
1486790079.976
0
HO
False
1486790080.23
0
HO
False
1486790080.49
0
HO
False
1486790080.92
0
HO
False
1486790080.207
0
HO
False
1486790080.256
0
HO
False
1486790080.295
0
HO
False
1486790080.467
0
HO
False
1486790080.575
0
HO
False
1486790080.617
0
HO
False
1486790080.809
0
HO
False
1486790080.944
0
HO
False
1486790081.48
0
HO
False
1486790081.159
0
HO
False
1486790081.198
0
HO
False
1486790081.230
0
HO
False
1486790081.272
0
HO
False
1486790081.309
0
HO
False
1486790081.346
0
HO
False
1486790081.388
0
HO
False
1486790081.424
0
HO
False
1486790081.463
0
HO
False
1486790081.503
0
HO
False
1486790081.539
0
HO
False
1486790081.576
0
HO
False
1486790081.616
0
HO
False
