1486594463.218
0
HO
False
1486594463.282
0
HO
False
1486594463.451
0
HO
False
1486594463.637
0
HO
False
1486594463.675
0
HO
False
1486594463.869
0
HO
False
1486594463.914
0
HO
False
1486594463.948
0
HO
False
1486594464.62
0
HO
False
1486594464.126
0
HO
False
1486594464.157
0
HO
False
1486594464.186
0
HO
False
1486594464.222
0
HO
False
1486594464.253
0
HO
False
1486594464.442
0
HO
False
1486594464.481
0
HO
False
1486594464.519
0
HO
False
1486594464.578
0
HO
False
1486594464.679
0
HO
False
1486594464.796
0
HO
False
1486594464.851
0
HO
False
1486594464.867
0
HO
False
1486594464.905
0
HO
False
1486594464.944
0
HO
False
1486594464.981
0
HO
False
1486594465.21
0
HO
False
1486594465.60
0
HO
False
1486594465.97
0
HO
False
1486594465.136
0
HO
False
1486594465.176
0
HO
False
1486594465.213
0
HO
False
1486594465.252
0
HO
False
1486594465.290
0
HO
False
1486594465.329
0
HO
False
1486594465.367
0
HO
False
1486594465.406
0
HO
False
1486594465.542
0
HO
False
1486594465.662
0
HO
False
1486594465.753
0
HO
False
1486594465.816
0
HO
False
1486594465.853
0
HO
False
1486594465.895
0
HO
False
1486594465.985
0
HO
False
1486594466.33
0
HO
False
1486594466.92
0
HO
False
1486594466.180
0
HO
False
1486594466.228
0
HO
False
1486594466.270
0
HO
False
1486594466.310
0
HO
False
1486594466.412
0
HO
False
1486594466.455
0
HO
False
1486594466.505
0
HO
False
1486594466.551
0
HO
False
1486594466.581
0
HO
False
1486594466.615
0
HO
False
1486594466.656
0
HO
False
1486594466.688
0
HO
False
1486594466.742
0
HO
False
1486594466.847
0
HO
False
1486594466.888
0
HO
False
1486594466.922
0
HO
False
1486594466.962
0
HO
False
1486594467.3
0
HO
False
1486594467.45
0
HO
False
1486594467.84
0
HO
False
1486594467.197
0
HO
False
1486594467.303
0
HO
False
1486594467.343
0
HO
False
1486594467.393
0
HO
False
1486594467.573
0
HO
False
1486594467.614
0
HO
False
1486594467.655
0
HO
False
1486594467.707
0
HO
False
1486594467.743
0
HO
False
1486594467.843
0
HO
False
1486594467.902
0
HO
False
1486594467.928
0
HO
False
1486594467.967
0
HO
False
1486594468.3
0
HO
False
1486594468.114
0
HO
False
1486594468.155
0
HO
False
1486594468.205
0
HO
False
1486594468.252
0
HO
False
1486594468.293
0
HO
False
1486594468.376
0
HO
False
1486594468.501
0
HO
False
1486594468.552
0
HO
False
1486594468.653
0
HO
False
1486594468.696
0
HO
False
1486594468.891
0
HO
False
1486594469.67
0
HO
False
1486594469.105
0
HO
False
1486594469.144
0
HO
False
1486594469.184
0
HO
False
1486594469.221
0
HO
False
1486594469.260
0
HO
False
1486594469.300
0
HO
False
1486594469.338
0
HO
False
1486594469.375
0
HO
False
1486594469.414
0
HO
False
1486594469.453
0
HO
False
1486594469.491
0
HO
False
1486594469.531
0
HO
False
1486594469.569
0
HO
False
1486594469.607
0
HO
False
1486594469.645
0
HO
False
1486594469.683
0
HO
False
1486594469.721
0
HO
False
1486594469.761
0
HO
False
1486594469.800
0
HO
False
1486594469.838
0
HO
False
1486594469.876
0
HO
False
1486594469.916
0
HO
False
1486594469.954
0
HO
False
1486594469.992
0
HO
False
1486594470.30
0
HO
False
1486594470.68
0
HO
False
1486594470.107
0
HO
False
1486594470.147
0
HO
False
1486594470.185
0
HO
False
1486594470.225
0
HO
False
1486594470.262
0
HO
False
1486594470.301
0
HO
False
1486594470.338
0
HO
False
1486594470.377
0
HO
False
1486594470.415
0
HO
False
1486594470.456
0
HO
False
1486594470.494
0
HO
False
1486594470.531
0
HO
False
1486594470.569
0
HO
False
1486594470.609
0
HO
False
1486594470.647
0
HO
False
1486594470.686
0
HO
False
1486594470.725
0
HO
False
1486594470.764
0
HO
False
1486594470.802
0
HO
False
1486594470.841
0
HO
False
1486594470.880
0
HO
False
1486594470.919
0
HO
False
1486594470.956
0
HO
False
1486594470.994
0
HO
False
1486594471.33
0
HO
False
1486594471.71
0
HO
False
1486594471.109
0
HO
False
1486594471.148
0
HO
False
1486594471.187
0
HO
False
1486594471.228
0
HO
False
1486594471.264
0
HO
False
1486594471.302
0
HO
False
1486594471.341
0
HO
False
1486594471.379
0
HO
False
1486594471.419
0
HO
False
1486594471.456
0
HO
False
1486594471.495
0
HO
False
1486594471.533
0
HO
False
1486594471.573
0
HO
False
1486594471.611
0
HO
False
1486594471.649
0
HO
False
1486594471.688
0
HO
False
1486594471.729
0
HO
False
1486594471.770
0
HO
False
1486594471.808
0
HO
False
1486594471.844
0
HO
False
1486594471.881
0
HO
False
1486594471.920
0
HO
False
1486594471.957
0
HO
False
1486594471.997
0
HO
False
1486594472.35
0
HO
False
1486594472.73
0
HO
False
1486594472.112
0
HO
False
1486594472.150
0
HO
False
1486594472.189
0
HO
False
1486594472.229
0
HO
False
1486594472.266
0
HO
False
1486594472.306
0
HO
False
1486594472.344
0
HO
False
1486594472.382
0
HO
False
1486594472.421
0
HO
False
1486594472.459
0
HO
False
1486594472.500
0
HO
False
1486594472.537
0
HO
False
1486594472.575
0
HO
False
1486594472.614
0
HO
False
1486594472.651
0
HO
False
1486594472.690
0
HO
False
1486594472.732
0
HO
False
1486594472.768
0
HO
False
1486594472.807
0
HO
False
1486594472.844
0
HO
False
1486594472.883
0
HO
False
1486594472.923
0
HO
False
1486594472.960
0
HO
False
1486594472.999
0
HO
False
1486594473.37
0
HO
False
1486594473.74
0
HO
False
1486594473.116
0
HO
False
1486594473.153
0
HO
False
1486594473.192
0
HO
False
1486594473.231
0
HO
False
1486594473.268
0
HO
False
1486594473.307
0
HO
False
1486594473.345
0
HO
False
1486594473.383
0
HO
False
1486594473.424
0
HO
False
1486594473.461
0
HO
False
1486594473.500
0
HO
False
1486594473.538
0
HO
False
1486594473.577
0
HO
False
1486594473.615
0
HO
False
1486594473.654
0
HO
False
1486594473.693
0
HO
False
1486594473.731
0
HO
False
1486594473.770
0
HO
False
1486594473.808
0
HO
False
1486594473.846
0
HO
False
1486594473.885
0
HO
False
1486594473.925
0
HO
False
1486594473.963
0
HO
False
1486594474.2
0
HO
False
1486594474.39
0
HO
False
1486594474.78
0
HO
False
1486594474.118
0
HO
False
1486594474.155
0
HO
False
1486594474.193
0
HO
False
1486594474.234
0
HO
False
1486594474.271
0
HO
False
1486594474.309
0
HO
False
1486594474.348
0
HO
False
1486594474.387
0
HO
False
1486594474.426
0
HO
False
1486594474.465
0
HO
False
1486594474.503
0
HO
False
1486594474.540
0
HO
False
1486594474.579
0
HO
False
1486594474.619
0
HO
False
1486594474.657
0
HO
False
1486594474.694
0
HO
False
1486594474.732
0
HO
False
1486594474.773
0
HO
False
1486594474.809
0
HO
False
1486594474.849
0
HO
False
1486594474.887
0
HO
False
1486594474.927
0
HO
False
1486594474.965
0
HO
False
1486594475.3
0
HO
False
1486594475.41
0
HO
False
1486594475.79
0
HO
False
1486594475.122
0
HO
False
1486594475.156
0
HO
False
1486594475.212
0
HO
False
1486594475.259
0
HO
False
1486594475.285
0
HO
False
1486594475.309
0
HO
False
1486594475.349
0
HO
False
1486594475.392
0
HO
False
1486594475.426
0
HO
False
1486594475.466
0
HO
False
1486594475.506
0
HO
False
1486594475.541
0
HO
False
1486594475.582
0
HO
False
1486594475.621
0
HO
False
1486594475.658
0
HO
False
1486594475.697
0
HO
False
1486594475.738
0
HO
False
1486594475.775
0
HO
False
1486594475.814
0
HO
False
1486594475.851
0
HO
False
1486594475.889
0
HO
False
1486594475.938
0
HO
False
1486594475.965
0
HO
False
1486594476.7
0
HO
False
1486594476.48
0
HO
False
1486594476.84
0
HO
False
1486594476.124
0
HO
False
1486594476.160
0
HO
False
1486594476.198
0
HO
False
1486594476.237
0
HO
False
1486594476.275
0
HO
False
1486594476.315
0
HO
False
1486594476.351
0
HO
False
1486594476.391
0
HO
False
1486594476.431
0
HO
False
1486594476.468
0
HO
False
1486594476.509
0
HO
False
1486594476.543
0
HO
False
1486594476.582
0
HO
False
1486594476.624
0
HO
False
1486594476.660
0
HO
False
1486594476.699
0
HO
False
1486594476.739
0
HO
False
1486594476.775
0
HO
False
1486594476.815
0
HO
False
1486594476.853
0
HO
False
1486594476.892
0
HO
False
1486594476.931
0
HO
False
1486594476.969
0
HO
False
1486594477.8
0
HO
False
1486594477.47
0
HO
False
1486594477.84
0
HO
False
1486594477.125
0
HO
False
1486594477.161
0
HO
False
1486594477.199
0
HO
False
1486594477.241
0
HO
False
1486594477.276
0
HO
False
1486594477.317
0
HO
False
1486594477.352
0
HO
False
1486594477.392
0
HO
False
1486594477.431
0
HO
False
1486594477.470
0
HO
False
1486594477.509
0
HO
False
1486594477.546
0
HO
False
1486594477.585
0
HO
False
1486594477.625
0
HO
False
1486594477.662
0
HO
False
1486594477.700
0
HO
False
1486594477.740
0
HO
False
1486594477.777
0
HO
False
1486594477.818
0
HO
False
1486594477.855
0
HO
False
1486594477.896
0
HO
False
1486594477.932
0
HO
False
1486594477.970
0
HO
False
1486594478.9
0
HO
False
1486594478.47
0
HO
False
1486594478.87
0
HO
False
1486594478.211
0
HO
False
1486594478.341
0
HO
False
1486594478.440
0
HO
False
1486594478.553
0
HO
False
1486594478.612
0
HO
False
1486594478.652
0
HO
False
1486594478.701
0
HO
False
1486594478.800
0
HO
False
1486594478.849
0
HO
False
1486594478.934
0
HO
False
1486594478.992
0
HO
False
1486594479.51
0
HO
False
1486594479.204
0
HO
False
1486594479.261
0
HO
False
1486594479.316
0
HO
False
1486594479.398
0
HO
False
1486594479.443
0
HO
False
1486594479.479
0
HO
False
1486594479.516
0
HO
False
1486594479.551
0
HO
False
1486594479.589
0
HO
False
1486594479.629
0
HO
False
1486594479.666
0
HO
False
1486594479.705
0
HO
False
1486594479.744
0
HO
False
1486594479.782
0
HO
False
1486594479.821
0
HO
False
1486594479.859
0
HO
False
1486594479.897
0
HO
False
1486594479.937
0
HO
False
1486594479.975
0
HO
False
1486594480.13
0
HO
False
1486594480.53
0
HO
False
1486594480.90
0
HO
False
1486594480.129
0
HO
False
1486594480.167
0
HO
False
1486594480.206
0
HO
False
1486594480.246
0
HO
False
1486594480.283
0
HO
False
1486594480.323
0
HA
True
1486594480.359
0
HA
True
1486594480.398
0
HA
True
1486594480.438
41
HA
True
1486594480.476
41
HA
True
1486594480.515
41
HA
True
1486594480.553
22
HO
True
1486594480.591
22
HO
True
1486594480.631
22
HO
True
1486594480.668
49
HO
True
1486594480.707
49
HO
True
1486594480.745
49
HO
True
1486594480.785
44
HB
True
1486594480.823
44
HB
True
1486594480.861
44
HB
True
1486594480.900
0
HO
False
1486594480.939
0
HO
False
1486594480.977
0
HO
False
1486594481.16
0
HO
False
1486594481.54
0
HO
False
1486594481.93
0
HO
False
1486594481.132
0
HO
False
1486594481.170
0
HO
False
1486594481.209
0
HO
False
1486594481.247
0
HO
False
1486594481.287
0
HO
False
1486594481.325
0
HO
False
1486594481.363
0
HO
False
1486594481.401
0
HO
False
1486594481.439
0
HO
False
1486594481.478
0
HO
False
1486594481.518
0
HO
False
1486594481.555
0
HO
False
1486594481.594
0
HO
False
1486594481.634
0
HO
False
1486594481.670
0
HO
False
1486594481.716
0
HO
False
1486594481.756
0
HO
False
1486594481.798
0
HO
False
1486594481.839
0
HO
False
1486594481.874
0
HO
False
1486594481.905
0
HO
False
1486594481.940
0
HO
False
1486594481.983
0
HO
False
1486594482.17
0
HO
False
1486594482.56
0
HO
False
1486594482.95
0
HO
False
1486594482.133
0
HO
False
1486594482.172
0
HO
False
1486594482.210
0
HO
False
1486594482.249
0
HO
False
1486594482.288
0
HO
False
1486594482.324
0
HO
False
1486594482.364
0
HO
False
1486594482.403
0
HO
False
1486594482.442
0
HO
False
1486594482.480
0
HO
False
1486594482.521
0
HO
False
1486594482.556
0
HO
False
1486594482.595
0
HO
False
1486594482.634
0
HO
False
1486594482.673
0
HO
False
1486594482.711
0
HO
False
1486594482.749
0
HO
False
1486594482.788
0
HO
False
1486594482.828
0
HO
False
1486594482.865
0
HO
False
1486594482.903
0
HO
False
1486594482.943
0
HO
False
1486594482.981
0
HO
False
1486594483.21
0
HO
False
1486594483.58
0
HO
False
1486594483.97
0
HO
False
1486594483.152
0
HO
False
1486594483.200
0
HO
False
1486594483.289
0
HO
False
1486594483.329
0
HO
False
1486594483.380
0
HO
False
1486594483.482
0
HO
False
1486594483.522
0
HO
False
1486594483.559
0
HO
False
1486594483.597
0
HO
False
1486594483.637
0
HO
False
1486594483.674
0
HO
False
1486594483.714
0
HO
False
1486594483.752
0
HO
False
1486594483.790
0
HO
False
1486594483.831
0
HO
False
1486594483.868
0
HO
False
1486594483.907
0
HO
False
1486594483.944
0
HO
False
1486594483.984
0
HO
False
1486594484.23
0
HO
False
1486594484.60
0
HO
False
1486594484.99
0
HO
False
1486594484.137
0
HO
False
1486594484.179
0
HO
False
1486594484.214
0
HO
False
1486594484.253
0
HO
False
1486594484.291
0
HO
False
1486594484.331
0
HO
False
1486594484.369
0
HO
False
1486594484.408
0
HO
False
1486594484.449
0
HO
False
1486594484.485
0
HO
False
1486594484.524
0
HO
False
1486594484.562
0
HO
False
1486594484.599
0
HO
False
1486594484.637
0
HO
False
1486594484.678
0
HO
False
1486594484.722
0
HO
False
1486594484.756
0
HO
False
1486594484.792
0
HO
False
1486594484.832
0
HO
False
1486594484.870
0
HO
False
1486594484.910
0
HO
False
1486594484.947
0
HO
False
1486594484.985
0
HO
False
1486594485.26
0
HO
False
1486594485.62
0
HO
False
1486594485.101
0
HO
False
1486594485.139
0
HO
False
1486594485.178
0
HO
False
1486594485.298
0
HO
False
1486594485.334
0
HO
False
1486594485.372
0
HO
False
1486594485.422
0
HO
False
1486594485.465
0
HO
False
1486594485.499
0
HO
False
1486594485.529
0
HO
False
1486594485.562
0
HO
False
1486594485.605
0
HO
False
1486594485.641
0
HO
False
1486594485.683
0
HO
False
1486594485.718
0
HO
False
1486594485.757
0
HO
False
1486594485.795
0
HO
False
1486594485.835
0
HO
False
1486594485.871
0
HO
False
1486594485.909
0
HO
False
1486594485.949
0
HO
False
1486594485.989
0
HO
False
1486594486.27
0
HO
False
1486594486.65
0
HO
False
1486594486.104
0
HO
False
1486594486.142
0
HO
False
1486594486.181
0
HO
False
1486594486.226
0
HO
False
1486594486.259
0
HO
False
1486594486.296
0
HO
False
1486594486.335
0
HO
False
1486594486.373
0
HO
False
1486594486.411
0
HO
False
1486594486.451
0
HO
False
1486594486.488
0
HO
False
1486594486.529
0
HO
False
1486594486.565
20
HB
True
1486594486.604
20
HB
True
1486594486.642
20
HB
True
1486594486.683
0
HO
True
1486594486.720
0
HO
True
1486594486.757
0
HO
True
1486594486.796
37
HO
True
1486594486.836
37
HO
True
1486594486.875
37
HO
True
1486594486.914
0
HO
True
1486594486.950
0
HO
True
1486594486.990
0
HO
True
1486594487.30
39
HO
True
1486594487.65
39
HO
True
1486594487.105
39
HO
True
1486594487.144
23
HO
True
1486594487.184
23
HO
True
1486594487.224
23
HO
True
1486594487.260
0
HA
True
1486594487.298
0
HA
True
1486594487.337
0
HA
True
1486594487.375
0
HO
False
1486594487.430
0
HO
False
1486594487.473
0
HO
False
1486594487.515
0
HO
False
1486594487.535
0
HO
False
1486594487.570
0
HO
False
1486594487.604
0
HO
False
1486594487.647
0
HO
False
1486594487.683
0
HO
False
1486594487.730
0
HO
False
1486594487.760
0
HO
False
1486594487.799
0
HO
False
1486594487.837
0
HO
False
1486594487.875
0
HO
False
1486594487.914
0
HO
False
1486594487.955
0
HO
False
1486594487.995
0
HO
False
1486594488.184
0
HO
False
1486594488.225
0
HO
False
1486594488.261
0
HO
False
1486594488.315
0
HO
False
1486594488.355
0
HO
False
1486594488.396
0
HO
False
1486594488.569
0
HO
False
1486594488.631
0
HO
False
1486594488.681
0
HO
False
1486594488.763
0
HO
False
1486594488.826
0
HO
False
1486594488.859
0
HO
False
1486594488.887
0
HO
False
1486594488.915
0
HO
False
1486594488.953
0
HO
False
1486594488.996
0
HO
False
1486594489.35
0
HO
False
1486594489.72
0
HO
False
1486594489.108
0
HO
False
1486594489.148
0
HO
False
1486594489.186
0
HO
False
1486594489.233
0
HO
False
1486594489.265
0
HO
False
1486594489.303
0
HO
False
1486594489.340
0
HO
False
1486594489.379
0
HO
False
1486594489.418
0
HO
False
1486594489.456
0
HO
False
1486594489.496
0
HO
False
1486594489.536
0
HO
False
1486594489.571
0
HO
False
1486594489.612
0
HO
False
1486594489.648
0
HO
False
1486594489.687
0
HO
False
1486594489.727
0
HO
False
1486594489.764
0
HO
False
1486594489.803
0
HO
False
1486594489.842
0
HO
False
1486594489.879
0
HO
False
1486594489.920
0
HO
False
1486594489.957
0
HO
False
1486594489.995
0
HO
False
1486594490.37
0
HO
False
1486594490.74
0
HO
False
1486594490.111
0
HO
False
1486594490.150
0
HO
False
1486594490.188
0
HO
False
1486594490.241
0
HO
False
1486594490.299
0
HO
False
1486594490.324
0
HO
False
1486594490.342
0
HO
False
1486594490.386
0
HO
False
1486594490.425
0
HO
False
1486594490.457
0
HO
False
1486594490.497
0
HO
False
1486594490.563
0
HO
False
1486594490.655
0
HO
False
1486594490.714
0
HO
False
1486594490.807
0
HO
False
1486594490.844
0
HO
False
1486594490.883
0
HO
False
1486594490.920
0
HO
False
1486594490.960
0
HO
False
1486594490.997
0
HO
False
1486594491.37
0
HO
False
1486594491.75
0
HO
False
1486594491.112
0
HO
False
1486594491.152
0
HO
False
1486594491.191
0
HO
False
1486594491.232
0
HO
False
1486594491.267
0
HO
False
1486594491.307
0
HA
True
1486594491.345
0
HA
True
1486594491.383
0
HA
True
1486594491.422
38
HA
True
1486594491.461
38
HA
True
1486594491.499
38
HA
True
1486594491.540
0
HO
True
1486594491.575
0
HO
True
1486594491.617
0
HO
True
1486594491.653
24
HO
True
1486594491.692
24
HO
True
1486594491.747
24
HO
True
1486594491.793
37
HO
True
1486594491.814
37
HO
True
1486594491.847
37
HO
True
1486594491.885
38
HO
True
1486594491.924
38
HO
True
1486594491.962
38
HO
True
1486594491.999
2
HO
True
1486594492.41
2
HO
True
1486594492.78
2
HO
True
1486594492.115
0
HO
False
1486594492.154
0
HO
False
1486594492.192
0
HO
False
1486594492.240
0
HO
False
1486594492.273
0
HO
False
1486594492.308
0
HO
False
1486594492.347
0
HO
False
1486594492.386
0
HO
False
1486594492.425
0
HO
False
1486594492.464
0
HO
False
1486594492.500
0
HO
False
1486594492.542
0
HO
False
1486594492.577
0
HO
False
1486594492.616
0
HO
False
1486594492.655
0
HO
False
1486594492.693
0
HO
False
1486594492.733
0
HO
False
1486594492.771
0
HO
False
1486594492.809
0
HO
False
1486594492.848
0
HO
False
1486594492.886
0
HO
False
1486594492.925
0
HO
False
1486594492.963
0
HO
False
1486594493.3
0
HO
False
1486594493.41
0
HO
False
1486594493.79
0
HO
False
1486594493.118
0
HO
False
1486594493.156
0
HO
False
1486594493.195
0
HO
False
1486594493.235
0
HO
False
1486594493.273
0
HO
False
1486594493.310
0
HO
False
1486594493.349
0
HO
False
1486594493.388
0
HO
False
1486594493.426
0
HO
False
1486594493.465
0
HO
False
1486594493.503
0
HO
False
1486594493.544
0
HO
False
1486594493.580
0
HO
False
1486594493.619
0
HO
False
1486594493.657
0
HO
False
1486594493.696
0
HO
False
1486594493.742
0
HO
False
1486594493.772
0
HO
False
1486594493.812
0
HO
False
1486594493.849
0
HO
False
1486594493.888
0
HO
False
1486594493.926
0
HO
False
1486594493.966
0
HO
False
1486594494.5
0
HO
False
1486594494.45
0
HO
False
1486594494.82
0
HO
False
1486594494.121
0
HO
False
1486594494.157
0
HO
False
1486594494.197
0
HO
False
1486594494.237
0
HO
False
1486594494.273
0
HO
False
1486594494.312
0
HO
False
1486594494.365
0
HO
False
1486594494.414
0
HO
False
1486594494.505
0
HO
False
1486594494.559
0
HO
False
1486594494.659
0
HO
False
1486594494.698
0
HO
False
1486594494.738
0
HO
False
1486594494.775
0
HO
False
1486594494.814
0
HO
False
1486594494.852
0
HO
False
1486594494.891
0
HO
False
1486594494.929
0
HO
False
1486594494.968
0
HO
False
1486594495.6
0
HO
False
1486594495.46
0
HO
False
1486594495.83
0
HO
False
1486594495.123
0
HO
False
1486594495.159
0
HO
False
1486594495.200
0
HO
False
1486594495.245
0
HO
False
1486594495.277
0
HO
False
1486594495.314
0
HO
False
1486594495.354
0
HO
False
1486594495.391
0
HO
False
1486594495.430
0
HO
False
1486594495.469
0
HO
False
1486594495.509
0
HO
False
1486594495.561
0
HO
False
1486594495.661
0
HO
False
1486594495.700
0
HO
False
1486594495.815
0
HO
False
1486594495.855
0
HO
False
1486594495.893
0
HO
False
1486594495.932
0
HO
False
1486594495.970
0
HO
False
1486594496.8
0
HO
False
1486594496.49
0
HO
False
1486594496.85
0
HO
False
1486594496.126
0
HO
False
1486594496.163
0
HO
False
1486594496.201
0
HO
False
1486594496.242
0
HO
False
1486594496.278
0
HO
False
1486594496.316
0
HO
False
1486594496.354
0
HO
False
1486594496.394
0
HO
False
1486594496.433
0
HO
False
1486594496.470
0
HO
False
1486594496.512
0
HO
False
1486594496.549
0
HO
False
1486594496.586
0
HO
False
1486594496.625
0
HO
False
1486594496.665
0
HO
False
1486594496.702
0
HO
False
1486594496.748
0
HO
False
1486594496.781
0
HO
False
1486594496.818
0
HO
False
1486594496.855
0
HO
False
1486594496.894
0
HO
False
1486594496.933
0
HO
False
1486594496.972
0
HO
False
1486594497.11
0
HO
False
1486594497.50
0
HO
False
1486594497.87
0
HO
False
1486594497.126
0
HO
False
1486594497.163
0
HO
False
1486594497.203
0
HO
False
1486594497.245
0
HO
False
1486594497.291
0
HO
False
1486594497.322
0
HO
False
1486594497.357
0
HO
False
1486594498.860
0
HO
False
1486594498.898
0
HO
False
1486594498.939
0
HO
False
1486594498.976
0
HO
False
1486594499.14
0
HO
False
1486594499.54
0
HO
False
1486594499.92
0
HO
False
1486594499.130
0
HO
False
1486594499.168
0
HO
False
1486594499.208
0
HO
False
1486594499.247
0
HO
False
1486594499.285
0
HO
False
1486594499.321
0
HO
False
1486594499.363
0
HO
False
1486594499.400
0
HO
False
1486594499.441
0
HO
False
1486594499.476
0
HO
False
1486594499.516
0
HO
False
1486594499.554
0
HO
False
1486594499.593
0
HO
False
1486594499.631
0
HO
False
1486594499.670
0
HO
False
1486594499.708
0
HO
False
1486594499.752
0
HO
False
1486594499.787
0
HO
False
1486594499.978
0
HO
False
1486594500.33
0
HO
False
1486594500.54
0
HO
False
1486594500.94
0
HO
False
1486594500.132
0
HO
False
1486594500.171
0
HO
False
1486594500.209
0
HO
False
1486594500.249
0
HO
False
1486594500.287
0
HO
False
1486594500.324
0
HO
False
1486594500.362
0
HO
False
1486594500.402
0
HO
False
1486594500.443
0
HO
False
1486594500.480
0
HO
False
1486594500.518
0
HO
False
1486594500.555
0
HO
False
1486594500.594
0
HO
False
1486594500.633
0
HO
False
1486594500.672
0
HO
False
1486594500.711
0
HO
False
1486594500.749
0
HO
False
1486594500.787
0
HO
False
1486594500.828
0
HO
False
1486594500.866
0
HO
False
1486594500.904
0
HO
False
1486594500.943
0
HO
False
1486594500.979
0
HO
False
1486594501.36
0
HO
False
1486594501.95
0
HO
False
1486594501.193
0
HO
False
1486594501.215
0
HO
False
1486594501.278
0
HO
False
1486594501.365
0
HO
False
1486594501.404
0
HO
False
1486594501.444
0
HO
False
1486594501.481
0
HO
False
1486594501.520
0
HO
False
1486594501.557
0
HO
False
1486594501.597
0
HO
False
1486594501.637
0
HO
False
1486594501.673
0
HO
False
1486594501.713
0
HO
False
1486594501.763
0
HO
False
1486594501.802
0
HO
False
1486594501.830
0
HO
False
1486594501.867
0
HO
False
1486594501.908
0
HO
False
1486594501.947
0
HO
False
1486594501.983
0
HO
False
1486594502.21
0
HO
False
1486594502.60
0
HO
False
1486594502.98
0
HO
False
1486594502.137
0
HO
False
1486594502.175
0
HO
False
1486594502.214
0
HO
False
1486594502.252
0
HO
False
1486594502.290
0
HA
True
1486594502.328
0
HA
True
1486594502.368
0
HA
True
1486594502.406
35
HO
True
1486594502.598
30
HA
True
1486594502.639
25
HO
True
1486594502.677
25
HO
True
1486594502.714
25
HO
True
1486594502.755
37
HO
True
1486594502.792
37
HO
True
1486594502.830
37
HO
True
1486594502.869
0
HB
True
1486594502.907
0
HB
True
1486594502.946
0
HB
True
1486594502.984
0
HO
False
1486594503.23
0
HO
False
1486594503.62
0
HO
False
1486594503.101
0
HO
False
1486594503.140
0
HO
False
1486594503.177
0
HO
False
1486594503.216
0
HO
False
1486594503.254
0
HO
False
1486594503.293
0
HO
False
1486594503.332
0
HO
False
1486594503.371
0
HO
False
1486594503.409
0
HO
False
1486594503.449
0
HO
False
1486594503.485
0
HO
False
1486594503.524
0
HO
False
1486594503.561
0
HO
False
1486594503.602
0
HO
False
1486594503.642
0
HO
False
1486594503.678
0
HO
False
1486594503.717
0
HO
False
1486594503.756
0
HO
False
1486594503.794
0
HO
False
1486594503.833
0
HO
False
1486594503.871
0
HO
False
1486594503.911
0
HO
False
1486594503.950
0
HO
False
1486594503.986
0
HO
False
1486594504.26
0
HO
False
1486594504.63
0
HO
False
1486594504.102
0
HO
False
1486594504.140
0
HO
False
1486594504.179
0
HO
False
1486594504.217
0
HO
False
1486594504.260
0
HO
False
1486594504.295
0
HO
False
1486594504.334
0
HO
False
1486594504.371
0
HO
False
1486594504.411
0
HO
False
1486594504.450
0
HO
False
1486594504.488
0
HO
False
1486594504.526
0
HO
False
1486594504.564
0
HO
False
1486594504.603
0
HO
False
1486594504.642
0
HO
False
1486594504.681
0
HO
False
1486594504.719
0
HO
False
1486594504.759
0
HO
False
1486594504.796
0
HO
False
1486594504.835
0
HO
False
1486594504.873
0
HO
False
1486594504.912
0
HO
False
1486594504.952
0
HO
False
1486594504.988
0
HO
False
1486594505.28
0
HO
False
1486594505.65
0
HO
False
1486594505.104
0
HO
False
1486594505.144
0
HO
False
1486594505.181
0
HO
False
1486594505.220
0
HO
False
1486594505.258
0
HO
False
1486594505.297
0
HO
False
1486594505.336
0
HO
False
1486594505.375
0
HO
False
1486594505.412
0
HO
False
1486594505.468
0
HO
False
1486594505.567
0
HO
False
1486594505.605
0
HO
False
1486594505.667
0
HO
False
1486594505.760
0
HO
False
1486594505.797
0
HO
False
1486594505.838
0
HO
False
1486594505.875
0
HO
False
1486594505.914
0
HO
False
1486594505.953
0
HO
False
1486594505.990
0
HO
False
1486594506.29
0
HO
False
1486594506.68
0
HO
False
1486594506.105
0
HO
False
1486594506.147
0
HO
False
1486594506.184
0
HO
False
1486594506.221
0
HO
False
1486594506.261
0
HO
False
1486594506.300
0
HO
False
1486594506.339
0
HO
False
1486594506.380
0
HO
False
1486594506.415
0
HO
False
1486594506.478
0
HO
False
1486594506.569
0
HO
False
1486594506.615
0
HO
False
1486594506.671
0
HO
False
1486594506.698
0
HO
False
1486594506.728
0
HO
False
1486594506.760
0
HO
False
1486594506.801
0
HO
False
1486594506.839
0
HO
False
1486594506.876
0
HO
False
1486594506.917
0
HO
False
1486594506.957
0
HO
False
1486594506.993
0
HO
False
1486594507.32
0
HO
False
1486594507.70
0
HO
False
1486594507.108
0
HO
False
1486594507.148
0
HO
False
1486594507.186
0
HO
False
1486594507.224
0
HO
False
1486594507.266
0
HO
False
1486594507.301
0
HO
False
1486594507.340
0
HO
False
1486594507.381
0
HO
False
1486594507.418
0
HO
False
1486594507.455
0
HO
False
1486594507.496
0
HO
False
1486594507.532
0
HO
False
1486594507.570
0
HO
False
1486594507.608
0
HO
False
1486594507.650
0
HO
False
1486594507.688
0
HO
False
1486594507.725
0
HO
False
1486594507.764
0
HO
False
1486594507.802
0
HO
False
1486594507.843
0
HO
False
1486594507.879
0
HO
False
1486594507.918
0
HO
False
1486594507.957
0
HO
False
1486594507.995
0
HO
False
1486594508.35
0
HO
False
1486594508.72
0
HO
False
1486594508.111
0
HO
False
1486594508.149
0
HO
False
1486594508.188
0
HO
False
1486594508.227
0
HO
False
1486594508.265
0
HO
False
1486594508.303
0
HO
False
1486594508.342
0
HO
False
1486594508.380
0
HO
False
1486594508.419
0
HO
False
1486594508.457
0
HO
False
1486594508.495
0
HO
False
1486594508.535
0
HO
False
1486594508.572
0
HO
False
1486594508.612
0
HO
False
1486594508.652
0
HO
False
1486594508.689
0
HO
False
1486594508.728
0
HO
False
1486594508.769
0
HB
True
1486594508.803
0
HB
True
1486594508.845
0
HB
True
1486594508.881
32
HB
True
1486594508.920
32
HB
True
1486594509.112
25
HO
True
1486594509.153
25
HO
True
1486594509.189
25
HO
True
1486594509.228
37
HO
True
1486594509.266
37
HO
True
1486594509.305
37
HO
True
1486594509.346
24
HO
True
1486594509.382
24
HO
True
1486594509.421
24
HO
True
1486594509.460
0
HO
True
1486594509.498
0
HO
True
1486594509.538
0
HO
True
1486594509.574
29
HO
True
1486594509.613
29
HO
True
1486594509.654
29
HO
True
1486594509.692
0
HA
True
1486594509.730
0
HA
True
1486594509.768
0
HA
True
1486594509.806
0
HO
False
1486594509.847
0
HO
False
1486594509.883
0
HO
False
1486594509.922
0
HO
False
1486594509.960
0
HO
False
1486594509.999
0
HO
False
1486594510.38
0
HO
False
1486594510.76
0
HO
False
1486594510.116
0
HO
False
1486594510.157
0
HO
False
1486594510.192
0
HO
False
1486594510.230
0
HO
False
1486594510.271
0
HO
False
1486594510.308
0
HO
False
1486594510.349
0
HO
False
1486594510.384
0
HO
False
1486594510.423
0
HO
False
1486594510.461
0
HO
False
1486594510.501
0
HO
False
1486594510.538
0
HO
False
1486594510.577
0
HO
False
1486594510.616
0
HO
False
1486594510.655
0
HO
False
1486594510.693
0
HO
False
1486594510.732
0
HO
False
1486594510.769
0
HO
False
1486594510.816
0
HO
False
1486594510.850
0
HO
False
1486594510.887
0
HO
False
1486594510.924
0
HO
False
1486594510.984
0
HO
False
1486594511.159
0
HO
False
1486594511.203
0
HO
False
1486594511.232
0
HO
False
1486594511.269
0
HO
False
1486594511.310
0
HO
False
1486594511.349
0
HO
False
1486594511.386
0
HO
False
1486594511.424
0
HO
False
1486594511.463
0
HO
False
1486594511.503
0
HO
False
1486594511.540
0
HO
False
1486594511.579
0
HO
False
1486594511.618
0
HO
False
1486594511.658
0
HO
False
1486594511.696
0
HO
False
1486594511.888
0
HO
False
1486594511.927
0
HO
False
1486594511.966
0
HO
False
1486594512.5
0
HO
False
1486594512.41
0
HO
False
1486594512.80
0
HO
False
1486594512.119
0
HO
False
1486594512.158
0
HO
False
1486594512.211
0
HO
False
1486594512.312
0
HO
False
1486594512.367
0
HO
False
1486594512.413
0
HO
False
1486594512.449
0
HO
False
1486594512.465
0
HO
False
1486594512.503
0
HO
False
1486594512.545
0
HO
False
1486594512.582
0
HO
False
1486594512.620
0
HO
False
1486594512.659
0
HO
False
1486594512.698
0
HO
False
1486594512.735
0
HO
False
1486594512.773
0
HO
False
1486594512.812
0
HO
False
1486594512.853
0
HO
False
1486594512.890
0
HO
False
1486594512.927
0
HO
False
1486594512.966
0
HO
False
1486594513.6
0
HO
False
1486594513.44
0
HO
False
1486594513.83
0
HO
False
1486594513.121
0
HO
False
1486594513.161
0
HO
False
1486594513.198
0
HO
False
1486594513.237
0
HO
False
1486594513.277
23
HA
True
1486594513.314
23
HA
True
1486594513.353
23
HA
True
1486594513.392
35
HO
True
1486594513.429
35
HO
True
1486594513.468
35
HO
True
1486594513.506
24
HO
True
1486594513.544
24
HO
True
1486594513.584
24
HO
True
1486594513.622
0
HO
True
1486594513.663
0
HO
True
1486594513.701
0
HO
True
1486594513.737
34
HO
True
1486594513.776
34
HO
True
1486594513.814
34
HO
True
1486594513.855
37
HO
True
1486594513.892
37
HO
True
1486594513.930
37
HO
True
1486594513.967
0
HO
True
1486594514.9
0
HO
True
1486594514.47
0
HO
True
1486594514.84
0
HO
True
1486594514.124
0
HO
True
1486594514.163
0
HO
True
1486594514.201
0
HO
False
1486594514.239
0
HO
False
1486594514.277
0
HO
False
1486594514.316
0
HO
False
1486594514.357
0
HO
False
1486594514.393
0
HO
False
1486594514.430
0
HO
False
1486594514.469
0
HO
False
1486594514.509
0
HO
False
1486594514.547
0
HO
False
1486594514.586
0
HO
False
1486594514.624
0
HO
False
1486594514.664
0
HO
False
1486594514.702
0
HO
False
1486594514.740
0
HO
False
1486594514.781
0
HO
False
1486594514.816
0
HO
False
1486594514.856
0
HO
False
1486594514.895
0
HO
False
1486594514.933
0
HO
False
1486594514.971
0
HO
False
1486594515.10
0
HO
False
1486594515.48
0
HO
False
1486594515.87
0
HO
False
1486594515.125
0
HO
False
1486594515.167
0
HO
False
1486594515.202
0
HO
False
1486594515.241
0
HO
False
1486594515.280
0
HO
False
1486594515.318
0
HO
False
1486594515.358
0
HO
False
1486594515.396
0
HO
False
1486594515.434
0
HO
False
1486594515.472
0
HO
False
1486594515.510
0
HO
False
1486594515.549
0
HO
False
1486594515.588
0
HO
False
1486594515.628
0
HO
False
1486594515.666
0
HO
False
1486594515.703
0
HO
False
1486594515.742
0
HO
False
1486594515.780
0
HO
False
1486594515.819
0
HO
False
1486594515.859
0
HO
False
1486594515.896
0
HO
False
1486594515.935
0
HO
False
1486594515.973
0
HO
False
1486594516.11
0
HO
False
1486594516.51
0
HO
False
1486594516.89
0
HO
False
1486594516.127
0
HO
False
1486594516.168
0
HO
False
1486594516.204
0
HO
False
1486594516.243
0
HO
False
1486594516.283
0
HO
False
1486594516.319
0
HO
False
1486594516.360
0
HO
False
1486594516.398
0
HO
False
1486594516.436
0
HO
False
1486594516.474
0
HO
False
1486594516.513
0
HO
False
1486594516.552
0
HO
False
1486594516.589
0
HO
False
1486594516.645
0
HO
False
1486594516.745
0
HO
False
1486594516.792
0
HO
False
1486594516.843
0
HO
False
1486594516.885
0
HO
False
1486594516.906
0
HO
False
1486594516.935
0
HO
False
1486594516.974
0
HO
False
1486594517.15
0
HO
False
1486594517.53
0
HO
False
1486594517.91
0
HO
False
1486594517.130
0
HO
False
1486594517.321
0
HO
False
1486594517.362
0
HO
False
1486594517.399
0
HO
False
1486594517.438
0
HO
False
1486594517.475
0
HO
False
1486594517.515
0
HO
False
1486594517.554
0
HO
False
1486594517.592
0
HO
False
1486594517.630
0
HO
False
1486594517.670
0
HO
False
1486594517.707
0
HO
False
1486594517.746
0
HO
False
1486594517.786
0
HO
False
1486594517.823
0
HO
False
1486594517.862
0
HO
False
1486594517.979
0
HO
False
1486594518.17
0
HO
False
1486594518.54
0
HO
False
1486594518.117
0
HO
False
1486594518.208
0
HO
False
1486594518.246
0
HO
False
1486594518.286
0
HO
False
1486594518.324
0
HO
False
1486594518.364
0
HO
False
1486594518.402
0
HO
False
1486594518.439
0
HO
False
1486594518.477
0
HO
False
1486594518.518
0
HO
False
1486594518.555
0
HO
False
1486594518.593
0
HO
False
1486594518.632
0
HO
False
1486594518.672
0
HO
False
1486594518.709
0
HO
False
1486594518.747
0
HO
False
1486594518.786
0
HO
False
1486594518.825
0
HO
False
1486594518.866
0
HO
False
1486594518.902
0
HO
False
1486594518.940
0
HO
False
1486594518.979
0
HO
False
1486594519.18
0
HO
False
1486594519.57
0
HO
False
1486594519.95
0
HO
False
1486594519.133
0
HO
False
1486594519.174
0
HO
False
1486594519.211
0
HO
False
1486594519.248
0
HO
False
1486594519.289
0
HO
False
1486594519.325
0
HO
False
1486594519.366
0
HO
False
1486594519.403
0
HO
False
1486594519.442
0
HO
False
1486594519.481
0
HO
False
1486594519.519
0
HO
False
1486594519.557
0
HO
False
1486594519.597
0
HO
False
1486594519.635
0
HO
False
1486594519.675
0
HO
False
1486594519.712
0
HO
False
1486594519.752
0
HO
False
1486594519.789
0
HO
False
1486594519.827
0
HO
False
1486594519.869
0
HO
False
1486594519.903
0
HO
False
1486594519.942
0
HO
False
1486594519.981
0
HB
True
1486594520.19
0
HB
True
1486594520.59
0
HB
True
1486594520.98
23
HB
True
1486594520.135
23
HB
True
1486594520.175
23
HB
True
1486594520.213
35
HO
True
1486594520.251
35
HO
True
1486594520.290
35
HO
True
1486594520.327
31
HO
True
1486594520.367
31
HO
True
1486594520.405
31
HO
True
1486594520.444
37
HO
True
1486594520.483
37
HO
True
1486594520.521
37
HO
True
1486594520.560
39
HO
True
1486594520.598
39
HO
True
1486594520.636
39
HO
True
1486594520.676
0
HO
True
1486594520.713
0
HO
True
1486594520.752
0
HO
True
1486594520.795
38
HO
True
1486594520.831
38
HO
True
1486594520.870
38
HO
True
1486594520.906
0
HO
False
1486594520.945
0
HO
False
1486594520.983
0
HO
False
1486594521.21
0
HO
False
1486594521.61
0
HO
False
1486594521.100
0
HO
False
1486594521.137
0
HO
False
1486594521.177
0
HO
False
1486594521.214
0
HO
False
1486594521.254
0
HO
False
1486594521.290
0
HO
False
1486594521.330
0
HO
False
1486594521.371
0
HO
False
1486594521.406
0
HO
False
1486594521.446
0
HO
False
1486594521.484
0
HO
False
1486594521.522
0
HO
False
1486594521.561
0
HO
False
1486594521.601
0
HO
False
1486594521.638
0
HO
False
1486594521.679
0
HO
False
1486594521.733
0
HO
False
1486594521.760
0
HO
False
1486594521.810
0
HO
False
1486594521.838
0
HO
False
1486594521.873
0
HO
False
1486594521.909
0
HO
False
1486594521.947
0
HO
False
1486594521.985
0
HO
False
1486594522.44
0
HO
False
1486594522.86
0
HO
False
1486594522.113
0
HO
False
1486594522.137
0
HO
False
1486594522.179
0
HO
False
1486594522.243
0
HO
False
1486594522.414
0
HO
False
1486594522.451
0
HO
False
1486594522.490
0
HO
False
1486594522.524
0
HO
False
1486594522.564
0
HO
False
1486594522.602
0
HO
False
1486594522.641
0
HO
False
1486594522.682
0
HO
False
1486594522.722
0
HO
False
1486594522.763
0
HO
False
1486594522.794
0
HO
False
1486594522.834
0
HO
False
1486594522.874
0
HO
False
1486594522.910
0
HO
False
1486594522.950
0
HO
False
1486594522.989
0
HO
False
1486594523.28
0
HO
False
1486594523.64
0
HO
False
1486594523.105
0
HO
False
1486594523.142
0
HO
False
1486594523.183
0
HO
False
1486594523.219
0
HO
False
1486594523.257
0
HO
False
1486594523.297
0
HO
False
1486594523.336
0
HO
False
1486594523.394
0
HO
False
1486594523.501
0
HO
False
1486594523.540
0
HO
False
1486594523.644
0
HO
False
1486594523.704
0
HO
False
1486594523.728
0
HO
False
1486594523.764
0
HO
False
1486594523.795
0
HO
False
1486594523.835
0
HO
False
1486594523.876
0
HO
False
1486594523.915
0
HO
False
1486594523.951
0
HO
False
1486594523.990
0
HO
False
1486594524.28
0
HO
False
1486594524.67
0
HO
False
1486594524.104
0
HO
False
1486594524.145
0
HO
False
1486594524.186
0
HO
False
1486594524.220
0
HO
False
1486594524.260
0
HA
True
1486594524.298
0
HA
True
1486594524.336
0
HA
True
1486594524.375
35
HA
True
1486594524.414
35
HA
True
1486594524.452
35
HA
True
1486594524.495
32
HO
True
1486594524.528
32
HO
True
1486594524.568
32
HO
True
1486594524.606
30
HO
True
1486594524.646
30
HO
True
1486594524.688
30
HO
True
1486594524.721
0
HO
True
1486594524.762
0
HO
True
1486594524.799
0
HO
True
1486594524.837
34
HO
True
1486594524.876
34
HO
True
1486594524.915
34
HO
True
1486594524.954
0
HO
True
1486594524.996
0
HO
True
1486594525.32
0
HO
True
1486594525.69
0
HO
True
1486594525.108
0
HO
True
1486594525.146
0
HO
True
1486594525.189
0
HO
False
1486594525.223
0
HO
False
1486594525.269
0
HO
False
1486594525.305
0
HO
False
1486594525.339
0
HO
False
1486594525.379
0
HO
False
1486594525.415
0
HO
False
1486594525.456
0
HO
False
1486594525.498
0
HO
False
1486594525.532
0
HO
False
1486594525.570
0
HO
False
1486594525.609
0
HO
False
1486594525.647
0
HO
False
1486594525.847
0
HO
False
1486594525.882
0
HO
False
1486594525.917
0
HO
False
1486594525.958
0
HO
False
1486594525.999
0
HO
False
1486594526.32
0
HO
False
1486594526.70
0
HO
False
1486594526.112
0
HO
False
1486594526.148
0
HO
False
1486594526.188
0
HO
False
1486594526.226
0
HO
False
1486594526.265
0
HO
False
1486594526.307
0
HO
False
1486594526.343
0
HO
False
1486594526.381
0
HO
False
1486594526.418
0
HO
False
1486594526.456
0
HO
False
1486594526.495
0
HO
False
1486594526.537
0
HO
False
1486594526.571
0
HO
False
1486594526.617
0
HO
False
1486594526.648
0
HO
False
1486594526.687
0
HO
False
1486594526.727
0
HO
False
1486594526.771
0
HO
False
1486594526.807
0
HO
False
1486594526.845
0
HO
False
1486594526.882
0
HO
False
1486594526.921
0
HO
False
1486594526.957
0
HO
False
1486594526.996
0
HO
False
1486594527.36
0
HO
False
1486594527.72
0
HO
False
1486594527.118
0
HO
False
1486594527.151
0
HO
False
1486594527.218
0
HO
False
1486594527.396
0
HO
False
1486594527.497
0
HO
False
1486594528.385
0
HO
False
1486594528.450
0
HO
False
1486594528.467
0
HO
False
1486594528.520
0
HO
False
1486594528.615
0
HO
False
1486594528.654
0
HO
False
1486594528.692
0
HO
False
1486594528.731
0
HO
False
1486594528.769
0
HO
False
1486594528.810
0
HO
False
1486594528.1000
0
HO
False
1486594529.39
0
HO
False
1486594529.78
0
HO
False
1486594529.117
0
HO
False
1486594529.158
0
HO
False
1486594529.195
0
HO
False
1486594529.233
0
HO
False
1486594529.270
0
HO
False
1486594529.309
0
HO
False
1486594529.352
0
HO
False
1486594529.386
0
HO
False
1486594529.424
0
HO
False
1486594529.467
0
HO
False
1486594529.502
0
HO
False
1486594529.540
0
HO
False
1486594529.578
0
HO
False
1486594529.618
0
HO
False
1486594529.661
0
HO
False
1486594529.694
0
HO
False
1486594529.734
0
HO
False
1486594529.785
0
HO
False
1486594529.809
0
HO
False
1486594529.847
0
HO
False
1486594529.892
0
HO
False
1486594529.929
0
HO
False
1486594529.969
0
HO
False
1486594530.3
0
HO
False
1486594530.41
0
HO
False
1486594530.82
0
HO
False
1486594530.118
0
HO
False
1486594530.156
0
HO
False
1486594530.194
0
HO
False
1486594530.234
0
HO
False
1486594530.278
0
HO
False
1486594530.310
0
HO
False
1486594530.349
0
HO
False
1486594530.388
0
HO
False
1486594530.427
0
HO
False
1486594530.464
0
HO
False
1486594530.502
0
HO
False
1486594530.542
0
HO
False
1486594530.585
0
HO
False
1486594530.618
0
HO
False
1486594530.658
0
HO
False
1486594530.696
0
HO
False
1486594530.737
0
HO
False
1486594530.773
0
HO
False
1486594530.812
0
HO
False
1486594530.851
0
HO
False
1486594530.895
0
HO
False
1486594530.927
0
HO
False
1486594530.966
0
HB
True
1486594531.5
0
HB
True
1486594531.43
0
HB
True
1486594531.85
35
HB
True
1486594531.124
35
HB
True
1486594531.158
35
HB
True
1486594531.200
0
HO
True
1486594531.235
0
HO
True
1486594531.283
0
HO
True
1486594531.312
34
HO
True
1486594531.356
34
HO
True
1486594531.393
34
HO
True
1486594531.429
37
HO
True
1486594531.467
37
HO
True
1486594531.509
37
HO
True
1486594531.544
0
HO
True
1486594531.582
0
HO
True
1486594531.622
0
HO
True
1486594531.660
29
HO
True
1486594531.702
29
HO
True
1486594531.741
29
HO
True
1486594531.783
0
HA
True
1486594531.823
0
HA
True
1486594531.856
0
HA
True
1486594531.894
0
HO
False
1486594531.932
0
HO
False
1486594531.969
0
HO
False
1486594532.10
0
HO
False
1486594532.46
0
HO
False
1486594532.84
0
HO
False
1486594532.123
0
HO
False
1486594532.161
0
HO
False
1486594532.199
0
HO
False
1486594532.238
0
HO
False
1486594532.277
0
HO
False
1486594532.318
0
HO
False
1486594532.353
0
HO
False
1486594532.393
0
HO
False
1486594532.431
0
HO
False
1486594532.469
0
HO
False
1486594532.511
0
HO
False
1486594533.9
0
HO
False
1486594533.68
0
HO
False
1486594533.162
0
HO
False
1486594533.201
0
HO
False
1486594533.240
0
HO
False
1486594533.278
0
HO
False
1486594533.317
0
HO
False
1486594533.356
0
HO
False
1486594533.394
0
HO
False
1486594533.434
0
HO
False
1486594533.471
0
HO
False
1486594533.510
0
HO
False
1486594533.549
0
HO
False
1486594533.587
0
HO
False
1486594533.628
0
HO
False
1486594533.664
0
HO
False
1486594533.702
0
HO
False
1486594533.740
0
HO
False
1486594533.781
0
HO
False
1486594533.817
0
HO
False
1486594533.856
0
HO
False
1486594533.898
0
HO
False
1486594533.937
0
HO
False
1486594533.972
0
HO
False
1486594534.12
0
HO
False
1486594534.50
0
HO
False
1486594534.107
0
HO
False
1486594534.204
0
HO
False
1486594534.258
0
HO
False
1486594534.357
0
HO
False
1486594534.396
0
HO
False
1486594534.437
0
HO
False
1486594534.473
0
HO
False
1486594534.514
0
HO
False
1486594534.550
0
HO
False
1486594534.588
0
HO
False
1486594534.627
0
HO
False
1486594534.666
0
HO
False
1486594534.707
0
HO
False
1486594534.746
0
HO
False
1486594534.781
0
HO
False
1486594534.819
0
HO
False
1486594534.859
0
HO
False
1486594534.897
0
HO
False
1486594534.937
0
HO
False
1486594534.974
0
HO
False
1486594535.13
0
HO
False
1486594535.51
0
HO
False
1486594535.89
0
HO
False
1486594535.128
0
HO
False
1486594535.167
0
HO
False
1486594535.206
0
HO
False
1486594535.247
0
HA
True
1486594535.283
0
HA
True
1486594535.320
0
HA
True
1486594535.361
38
HA
True
1486594535.398
38
HA
True
1486594535.437
38
HA
True
1486594535.474
32
HO
True
1486594535.517
32
HO
True
1486594535.554
32
HO
True
1486594535.590
30
HO
True
1486594535.629
30
HO
True
1486594535.670
30
HO
True
1486594535.708
19
HO
True
1486594535.747
19
HO
True
1486594535.788
19
HO
True
1486594535.823
0
HO
True
1486594535.860
0
HO
True
1486594535.898
0
HO
True
1486594535.937
20
HO
True
1486594535.976
20
HO
True
1486594536.14
20
HO
True
1486594536.56
0
HO
False
1486594536.92
0
HO
False
1486594536.132
0
HO
False
1486594536.168
0
HO
False
1486594536.208
0
HO
False
1486594536.249
0
HO
False
1486594536.285
0
HO
False
1486594536.323
0
HO
False
1486594536.362
0
HO
False
1486594536.401
0
HO
False
1486594536.438
0
HO
False
1486594536.478
0
HO
False
1486594536.517
0
HO
False
1486594536.556
0
HO
False
1486594536.593
0
HO
False
1486594536.631
0
HO
False
1486594536.671
0
HO
False
1486594536.708
0
HO
False
1486594536.748
0
HO
False
1486594536.785
0
HO
False
1486594536.824
0
HO
False
1486594536.863
0
HO
False
1486594536.901
0
HO
False
1486594536.940
0
HO
False
1486594536.978
0
HO
False
1486594537.17
0
HO
False
1486594537.57
0
HO
False
1486594537.94
0
HO
False
1486594537.132
0
HO
False
1486594537.172
0
HO
False
1486594537.210
0
HO
False
1486594537.248
0
HO
False
1486594537.290
0
HO
False
1486594537.324
0
HO
False
1486594537.364
0
HO
False
1486594537.402
0
HO
False
1486594537.441
0
HO
False
1486594537.480
0
HO
False
1486594537.518
0
HO
False
1486594537.557
0
HO
False
1486594537.595
0
HO
False
1486594537.634
0
HO
False
1486594537.672
0
HO
False
1486594537.712
0
HO
False
1486594537.750
0
HO
False
1486594537.787
0
HO
False
1486594537.825
0
HO
False
1486594537.865
0
HO
False
1486594537.905
0
HO
False
1486594537.942
0
HO
False
1486594537.981
0
HO
False
1486594538.20
0
HO
False
1486594538.58
0
HO
False
1486594538.96
0
HO
False
1486594538.134
0
HO
False
1486594538.173
0
HO
False
1486594538.212
0
HO
False
1486594538.250
0
HO
False
1486594538.289
0
HO
False
1486594538.342
0
HO
False
1486594538.402
0
HO
False
1486594538.482
0
HO
False
1486594538.532
0
HO
False
1486594538.589
0
HO
False
1486594538.613
0
HO
False
1486594538.634
0
HO
False
1486594538.674
0
HO
False
1486594538.713
0
HO
False
1486594538.751
0
HO
False
1486594538.791
0
HO
False
1486594538.830
0
HO
False
1486594538.869
0
HO
False
1486594538.906
0
HO
False
1486594538.943
0
HO
False
1486594538.983
0
HO
False
1486594539.21
0
HO
False
1486594539.59
0
HO
False
1486594539.98
0
HO
False
1486594539.136
0
HO
False
1486594539.176
0
HO
False
1486594539.213
0
HO
False
1486594539.252
0
HO
False
1486594539.291
0
HO
False
1486594539.329
0
HO
False
1486594539.367
0
HO
False
1486594539.406
0
HO
False
1486594539.465
0
HO
False
1486594539.560
0
HO
False
1486594539.612
0
HO
False
1486594539.723
0
HO
False
1486594539.756
0
HO
False
1486594539.792
0
HO
False
1486594539.830
0
HO
False
1486594539.871
0
HO
False
1486594539.907
0
HO
False
1486594539.945
0
HO
False
1486594539.985
0
HO
False
1486594540.23
0
HO
False
1486594540.62
0
HO
False
1486594540.101
0
HO
False
1486594540.138
0
HO
False
1486594540.177
0
HO
False
1486594540.216
0
HO
False
1486594540.254
0
HO
False
1486594540.299
0
HO
False
1486594540.334
0
HO
False
1486594540.373
0
HO
False
1486594540.408
0
HO
False
1486594540.447
0
HO
False
1486594540.486
0
HO
False
1486594540.524
0
HO
False
1486594540.563
0
HO
False
1486594540.603
0
HO
False
1486594540.640
0
HO
False
1486594540.679
0
HO
False
1486594540.718
0
HO
False
1486594540.756
0
HO
False
1486594540.793
0
HO
False
1486594540.833
0
HO
False
1486594540.871
0
HO
False
1486594540.909
0
HO
False
1486594540.947
0
HO
False
1486594540.987
0
HO
False
1486594541.26
0
HO
False
1486594541.63
0
HO
False
1486594541.103
0
HO
False
1486594541.141
0
HO
False
1486594541.178
0
HO
False
1486594541.218
0
HO
False
1486594541.256
0
HO
False
1486594541.295
0
HO
False
1486594541.334
0
HO
False
1486594541.371
0
HO
False
1486594541.411
0
HO
False
1486594541.449
0
HO
False
1486594541.488
0
HO
False
1486594541.528
0
HO
False
1486594541.564
0
HO
False
1486594541.603
0
HO
False
1486594541.642
0
HO
False
1486594541.681
0
HO
False
1486594541.720
0
HB
True
1486594541.767
0
HB
True
1486594541.820
0
HB
True
1486594541.991
40
HO
True
1486594542.28
40
HO
True
1486594542.65
36
HO
True
1486594542.104
36
HO
True
1486594542.143
36
HO
True
1486594542.182
38
HO
True
1486594542.220
38
HO
True
1486594542.259
38
HO
True
1486594542.297
0
HO
False
1486594542.335
0
HO
False
1486594542.373
0
HO
False
1486594542.413
0
HO
False
1486594542.451
0
HO
False
1486594542.489
0
HO
False
1486594542.529
0
HO
False
1486594542.566
0
HO
False
1486594542.605
0
HO
False
1486594542.644
0
HO
False
1486594542.682
0
HO
False
1486594542.720
0
HO
False
1486594542.759
0
HO
False
1486594542.798
0
HO
False
1486594542.837
0
HO
False
1486594542.876
0
HO
False
1486594542.913
0
HO
False
1486594542.953
0
HO
False
1486594542.992
0
HO
False
1486594543.30
0
HO
False
1486594543.68
0
HO
False
1486594543.107
0
HO
False
1486594543.144
0
HO
False
1486594543.184
0
HO
False
1486594543.222
0
HO
False
1486594543.261
0
HO
False
1486594543.299
0
HO
False
1486594543.337
0
HO
False
1486594543.376
0
HO
False
1486594543.414
0
HO
False
1486594543.453
0
HO
False
1486594543.491
0
HO
False
1486594543.530
0
HO
False
1486594543.568
0
HO
False
1486594543.607
0
HO
False
1486594543.676
0
HO
False
1486594543.712
0
HO
False
1486594543.733
0
HO
False
1486594543.774
0
HO
False
1486594543.832
0
HO
False
1486594543.858
0
HO
False
1486594543.885
0
HO
False
1486594543.918
0
HO
False
1486594543.958
0
HO
False
1486594543.995
0
HO
False
1486594544.31
0
HO
False
1486594544.69
0
HO
False
1486594544.109
0
HO
False
1486594544.147
0
HO
False
1486594544.185
0
HO
False
1486594544.225
0
HO
False
1486594544.263
0
HO
False
1486594544.302
0
HO
False
1486594544.339
0
HO
False
1486594544.378
0
HO
False
1486594544.418
0
HO
False
1486594544.456
0
HO
False
1486594544.494
0
HO
False
1486594544.534
0
HO
False
1486594544.570
0
HO
False
1486594544.611
0
HO
False
1486594544.649
0
HO
False
1486594544.704
0
HO
False
1486594544.802
0
HO
False
1486594544.840
0
HO
False
1486594544.894
0
HO
False
1486594544.950
0
HO
False
1486594544.981
0
HO
False
1486594545.9
0
HO
False
1486594545.39
0
HO
False
1486594545.71
0
HO
False
1486594545.111
0
HO
False
1486594545.151
0
HO
False
1486594545.190
0
HO
False
1486594545.227
0
HO
False
1486594545.266
0
HO
False
1486594545.304
0
HO
False
1486594545.341
0
HO
False
1486594545.382
0
HO
False
1486594545.419
0
HO
False
1486594545.460
0
HO
False
1486594545.496
0
HO
False
1486594545.534
0
HO
False
1486594545.573
0
HO
False
1486594545.614
0
HO
False
1486594545.652
0
HO
False
1486594545.692
0
HO
False
1486594545.726
0
HO
False
1486594545.767
0
HO
False
1486594545.804
0
HO
False
1486594545.843
0
HO
False
1486594545.881
0
HO
False
1486594545.919
0
HO
False
1486594545.961
0
HO
False
1486594545.998
0
HO
False
1486594546.36
0
HO
False
1486594546.75
0
HO
False
1486594546.114
0
HO
False
1486594546.154
0
HO
False
1486594546.190
0
HO
False
1486594546.230
0
HA
True
1486594546.268
0
HA
True
1486594546.309
0
HA
True
1486594546.344
41
HA
True
1486594546.384
41
HA
True
1486594546.422
41
HA
True
1486594546.462
30
HA
True
1486594546.498
30
HA
True
1486594546.537
30
HA
True
1486594546.574
34
HO
True
1486594546.616
34
HO
True
1486594546.655
34
HO
True
1486594546.691
40
HO
True
1486594546.728
40
HO
True
1486594546.768
40
HO
True
1486594546.807
0
HO
True
1486594546.846
0
HO
True
1486594546.885
0
HO
True
1486594546.922
0
HO
False
1486594546.964
0
HO
False
1486594547.1
0
HO
False
1486594547.38
0
HO
False
1486594547.77
0
HO
False
1486594547.116
0
HO
False
1486594547.157
0
HO
False
1486594547.193
0
HO
False
1486594547.232
0
HO
False
1486594547.271
0
HO
False
1486594547.307
0
HO
False
1486594547.346
0
HO
False
1486594547.386
0
HO
False
1486594547.423
0
HO
False
1486594547.465
0
HO
False
1486594547.501
0
HO
False
1486594547.540
0
HO
False
1486594547.577
0
HO
False
1486594547.617
0
HO
False
1486594547.657
0
HO
False
1486594547.693
0
HO
False
1486594547.732
0
HO
False
1486594547.769
0
HO
False
1486594547.810
0
HO
False
1486594547.847
0
HO
False
1486594547.885
0
HO
False
1486594547.925
0
HO
False
1486594547.965
0
HO
False
1486594548.2
0
HO
False
1486594548.40
0
HO
False
1486594548.78
0
HO
False
1486594548.118
0
HO
False
1486594548.160
0
HO
False
1486594548.193
0
HO
False
1486594548.234
0
HO
False
1486594548.270
0
HO
False
1486594548.308
0
HO
False
1486594548.348
0
HO
False
1486594548.387
0
HO
False
1486594548.426
0
HO
False
1486594548.466
0
HO
False
1486594548.503
0
HO
False
1486594548.542
0
HO
False
1486594548.579
0
HO
False
1486594548.619
0
HO
False
1486594548.660
0
HO
False
1486594548.695
0
HO
False
1486594548.735
0
HO
False
1486594548.775
0
HO
False
1486594548.811
0
HO
False
1486594548.849
0
HO
False
1486594548.887
0
HO
False
1486594548.927
0
HO
False
1486594548.967
0
HO
False
1486594549.3
0
HO
False
1486594549.42
0
HO
False
1486594549.79
0
HO
False
1486594549.120
0
HO
False
1486594549.158
0
HO
False
1486594549.219
0
HO
False
1486594549.312
0
HO
False
1486594549.351
0
HO
False
1486594549.401
0
HO
False
1486594549.504
0
HO
False
1486594549.543
0
HO
False
1486594549.584
0
HO
False
1486594549.620
0
HO
False
1486594549.659
0
HO
False
1486594549.697
0
HO
False
1486594549.735
0
HO
False
1486594549.778
0
HO
False
1486594549.813
0
HO
False
1486594549.852
0
HO
False
1486594549.891
0
HO
False
1486594549.929
0
HO
False
1486594549.967
0
HO
False
1486594550.4
0
HO
False
1486594550.44
0
HO
False
1486594550.85
0
HO
False
1486594550.120
0
HO
False
1486594550.159
0
HO
False
1486594550.198
0
HO
False
1486594550.238
0
HO
False
1486594550.278
0
HO
False
1486594550.313
0
HO
False
1486594550.380
0
HO
False
1486594550.557
0
HO
False
1486594550.662
0
HO
False
1486594550.699
0
HO
False
1486594550.738
0
HO
False
1486594550.776
0
HO
False
1486594550.818
0
HO
False
1486594550.854
0
HO
False
1486594550.896
0
HO
False
1486594550.931
0
HO
False
1486594550.969
0
HO
False
1486594551.8
0
HO
False
1486594551.46
0
HO
False
1486594551.89
0
HO
False
1486594551.125
0
HO
False
1486594551.162
0
HO
False
1486594551.201
0
HO
False
1486594551.240
0
HO
False
1486594551.278
0
HO
False
1486594551.316
0
HO
False
1486594551.355
0
HO
False
1486594551.399
0
HO
False
1486594551.430
0
HO
False
1486594551.471
0
HO
False
1486594551.510
0
HO
False
1486594551.547
0
HO
False
1486594551.585
0
HO
False
1486594551.625
0
HO
False
1486594551.664
0
HO
False
1486594551.707
0
HO
False
1486594551.746
0
HO
False
1486594551.787
0
HO
False
1486594551.821
0
HO
False
1486594551.856
0
HO
False
1486594551.901
0
HO
False
1486594551.933
0
HO
False
1486594551.972
0
HO
False
1486594552.10
0
HO
False
1486594552.49
0
HO
False
1486594552.88
0
HO
False
1486594552.124
0
HO
False
1486594552.164
0
HO
False
1486594552.205
0
HO
False
1486594552.241
0
HO
False
1486594552.279
0
HO
False
1486594552.322
0
HO
False
1486594552.357
0
HO
False
1486594552.394
0
HO
False
1486594552.433
0
HO
False
1486594552.474
0
HO
False
1486594552.514
0
HO
False
1486594552.549
0
HO
False
1486594552.590
0
HO
False
1486594552.626
0
HO
False
1486594552.666
0
HO
False
1486594552.708
0
HO
False
1486594552.743
0
HO
False
1486594552.781
0
HO
False
1486594552.819
0
HO
False
1486594552.857
0
HO
False
1486594552.897
0
HO
False
1486594552.934
0
HO
False
1486594552.973
0
HO
False
1486594553.16
0
HO
False
1486594553.51
0
HO
False
1486594553.90
0
HO
False
1486594553.126
0
HO
False
1486594553.166
0
HO
False
1486594553.204
0
HO
False
1486594553.243
0
HO
False
1486594553.281
0
HO
False
1486594553.322
0
HO
False
1486594553.358
0
HO
False
1486594553.397
17
HB
True
1486594553.436
17
HB
True
1486594553.476
17
HB
True
1486594553.516
44
HO
True
1486594553.552
44
HO
True
1486594553.590
44
HO
True
1486594553.629
37
HO
True
1486594553.667
37
HO
True
1486594553.705
37
HO
True
1486594553.744
20
HO
True
1486594553.784
20
HO
True
1486594553.829
20
HO
True
1486594553.860
0
HO
False
1486594553.899
0
HO
False
1486594553.938
0
HO
False
1486594553.975
0
HO
False
1486594554.13
0
HO
False
1486594554.52
0
HO
False
1486594554.90
0
HO
False
1486594554.132
0
HO
False
1486594554.169
0
HO
False
1486594554.206
0
HO
False
1486594554.246
0
HO
False
1486594554.284
0
HO
False
1486594554.325
0
HO
False
1486594554.360
0
HO
False
1486594554.399
0
HO
False
1486594554.440
0
HO
False
1486594554.477
0
HO
False
1486594554.514
0
HO
False
1486594554.554
0
HO
False
1486594554.591
0
HO
False
1486594554.635
0
HO
False
1486594554.669
0
HO
False
1486594554.708
0
HO
False
1486594554.745
0
HO
False
1486594554.785
0
HO
False
1486594554.823
0
HO
False
1486594554.863
0
HO
False
1486594554.900
0
HO
False
1486594554.942
0
HO
False
1486594554.977
0
HO
False
1486594555.29
0
HO
False
1486594555.74
0
HO
False
1486594555.93
0
HO
False
1486594555.134
0
HO
False
1486594555.172
0
HO
False
1486594555.209
0
HO
False
1486594555.251
0
HO
False
1486594555.285
0
HO
False
1486594555.326
0
HO
False
1486594555.386
0
HO
False
1486594555.432
0
HO
False
1486594555.459
0
HO
False
1486594555.562
0
HO
False
1486594555.602
0
HO
False
1486594555.631
0
HO
False
1486594555.675
0
HO
False
1486594555.716
0
HO
False
1486594555.756
0
HO
False
1486594555.790
0
HO
False
1486594555.825
0
HO
False
1486594555.864
0
HO
False
1486594555.902
0
HO
False
1486594555.941
0
HO
False
1486594555.981
0
HO
False
1486594556.19
0
HO
False
1486594556.60
0
HO
False
1486594556.95
0
HO
False
1486594556.135
0
HO
False
1486594556.172
0
HO
False
1486594556.211
0
HO
False
1486594556.251
0
HO
False
1486594556.288
0
HO
False
1486594556.325
0
HO
False
1486594556.367
0
HO
False
1486594556.404
0
HO
False
1486594556.442
0
HO
False
1486594556.480
0
HO
False
1486594556.521
0
HO
False
1486594556.583
0
HO
False
1486594556.687
0
HO
False
1486594556.730
0
HO
False
1486594556.771
0
HO
False
1486594556.802
0
HO
False
1486594556.827
0
HO
False
1486594556.872
0
HO
False
1486594556.904
0
HO
False
1486594556.944
0
HO
False
1486594556.984
0
HO
False
1486594557.21
0
HO
False
1486594557.60
0
HO
False
1486594557.105
0
HO
False
1486594557.136
0
HO
False
1486594557.181
0
HO
False
1486594557.214
0
HO
False
1486594557.253
0
HO
False
1486594557.292
0
HO
False
1486594557.329
0
HO
False
1486594557.367
0
HO
False
1486594557.404
0
HO
False
1486594557.451
0
HO
False
1486594557.489
0
HO
False
1486594557.526
0
HO
False
1486594557.561
0
HO
False
1486594558.756
0
HO
False
1486594558.798
0
HO
False
1486594558.832
0
HO
False
1486594558.871
0
HO
False
1486594558.915
0
HO
False
1486594558.948
0
HO
False
1486594558.987
0
HO
False
1486594559.25
0
HO
False
1486594559.62
0
HO
False
1486594559.108
0
HO
False
1486594559.142
0
HO
False
1486594559.179
0
HO
False
1486594559.223
0
HO
False
1486594559.255
0
HO
False
1486594559.294
0
HO
False
1486594559.333
0
HO
False
1486594559.371
0
HO
False
1486594559.415
0
HO
False
1486594559.453
0
HO
False
1486594559.486
0
HO
False
1486594559.524
0
HO
False
1486594559.565
0
HO
False
1486594559.604
0
HO
False
1486594559.643
0
HO
False
1486594559.680
0
HO
False
1486594559.724
0
HO
False
1486594559.757
0
HO
False
1486594559.795
0
HO
False
1486594559.842
0
HO
False
1486594559.876
0
HO
False
1486594559.917
0
HO
False
1486594559.955
0
HO
False
1486594559.989
0
HO
False
1486594560.31
0
HO
False
1486594560.65
0
HO
False
1486594560.104
0
HO
False
1486594560.143
0
HO
False
1486594560.182
0
HO
False
1486594560.224
0
HO
False
1486594560.260
0
HO
False
1486594560.297
0
HO
False
1486594560.339
0
HO
False
1486594560.374
0
HO
False
1486594560.411
0
HO
False
1486594560.450
0
HO
False
1486594560.489
0
HO
False
1486594560.533
0
HO
False
1486594560.565
0
HO
False
1486594560.604
0
HO
False
1486594560.645
0
HO
False
1486594560.683
0
HO
False
1486594560.721
0
HO
False
1486594560.760
0
HO
False
1486594560.796
0
HO
False
1486594560.840
0
HO
False
1486594560.875
0
HO
False
1486594560.912
0
HO
False
1486594561.41
0
HO
False
1486594561.166
0
HO
False
1486594561.343
0
HO
False
1486594561.375
0
HO
False
1486594561.414
0
HO
False
1486594561.454
0
HO
False
1486594561.491
0
HO
False
1486594561.530
0
HO
False
1486594561.567
0
HO
False
1486594561.606
0
HO
False
1486594561.650
0
HO
False
1486594561.685
0
HO
False
1486594561.723
0
HO
False
1486594561.769
0
HO
False
1486594561.809
0
HO
False
1486594561.843
0
HO
False
1486594561.884
0
HO
False
1486594561.918
0
HO
False
1486594561.973
0
HO
False
1486594562.18
0
HO
False
1486594562.54
0
HO
False
1486594562.87
0
HO
False
1486594562.111
0
HO
False
1486594562.155
0
HO
False
1486594562.261
0
HO
False
1486594562.300
0
HO
False
1486594562.338
0
HO
False
1486594562.377
0
HO
False
1486594562.416
0
HO
False
1486594562.459
0
HO
False
1486594562.493
0
HO
False
1486594562.553
0
HO
False
1486594562.588
0
HO
False
1486594562.616
0
HO
False
1486594562.653
0
HO
False
1486594562.687
0
HO
False
1486594562.722
0
HO
False
1486594562.766
0
HO
False
1486594562.807
0
HO
False
1486594562.841
0
HO
False
1486594562.878
0
HO
False
1486594562.917
0
HO
False
1486594562.970
0
HO
False
1486594563.22
0
HO
False
1486594563.110
0
HO
False
1486594563.152
0
HO
False
1486594563.186
0
HO
False
1486594563.225
0
HO
False
1486594563.267
0
HO
False
1486594563.303
0
HO
False
1486594563.341
0
HO
False
1486594563.380
0
HO
False
1486594563.417
0
HO
False
1486594563.460
0
HO
False
1486594563.501
0
HO
False
1486594563.539
0
HO
False
1486594563.578
0
HO
False
1486594563.611
0
HO
False
1486594563.649
0
HO
False
1486594563.688
0
HO
False
1486594563.731
0
HO
False
1486594563.919
0
HO
False
1486594563.957
0
HO
False
1486594563.996
0
HO
False
1486594564.34
0
HB
True
1486594564.72
0
HB
True
1486594564.112
0
HB
True
1486594564.150
17
HB
True
1486594564.188
17
HB
True
1486594564.228
17
HB
True
1486594564.268
32
HO
True
1486594564.311
32
HO
True
1486594564.342
32
HO
True
1486594564.381
43
HO
True
1486594564.420
43
HO
True
1486594564.459
43
HO
True
1486594564.497
36
HO
True
1486594564.535
36
HO
True
1486594564.576
36
HO
True
1486594564.613
20
HO
True
1486594564.651
20
HO
True
1486594564.689
20
HO
True
1486594564.728
0
HA
True
1486594564.769
0
HA
True
1486594564.805
0
HA
True
1486594564.844
0
HO
False
1486594564.883
0
HO
False
1486594564.921
0
HO
False
1486594564.959
0
HO
False
1486594564.997
0
HO
False
1486594565.36
0
HO
False
1486594565.76
0
HO
False
1486594565.127
0
HO
False
1486594565.171
0
HO
False
1486594565.221
0
HO
False
1486594565.242
0
HO
False
1486594565.270
0
HO
False
1486594565.305
0
HO
False
1486594565.346
0
HO
False
1486594565.384
0
HO
False
1486594565.423
0
HO
False
1486594565.460
0
HO
False
1486594565.499
0
HO
False
1486594565.538
0
HO
False
1486594565.575
0
HO
False
1486594565.616
0
HO
False
1486594565.655
0
HO
False
1486594565.695
0
HO
False
1486594565.730
0
HO
False
1486594565.769
0
HO
False
1486594565.814
0
HO
False
1486594565.847
0
HO
False
1486594565.885
0
HO
False
1486594565.923
0
HO
False
1486594565.961
0
HO
False
1486594566.1
0
HO
False
1486594566.39
0
HO
False
1486594566.78
0
HO
False
1486594566.117
0
HO
False
1486594566.173
0
HO
False
1486594566.270
0
HO
False
1486594566.308
0
HO
False
1486594566.366
0
HO
False
1486594566.412
0
HO
False
1486594566.435
0
HO
False
1486594566.461
0
HO
False
1486594566.501
0
HO
False
1486594566.541
0
HO
False
1486594566.579
0
HO
False
1486594566.617
0
HO
False
1486594566.655
0
HO
False
1486594566.694
0
HO
False
1486594566.732
0
HO
False
1486594566.771
0
HO
False
1486594566.810
0
HO
False
1486594566.849
0
HO
False
1486594566.887
0
HO
False
1486594566.925
0
HO
False
1486594566.964
0
HO
False
1486594567.3
0
HO
False
1486594567.125
0
HO
False
1486594567.163
0
HO
False
1486594567.214
0
HO
False
1486594567.388
0
HO
False
1486594567.426
0
HO
False
1486594567.465
0
HO
False
1486594567.504
0
HO
False
1486594567.541
0
HO
False
1486594567.580
0
HO
False
1486594567.622
0
HO
False
1486594567.657
0
HO
False
1486594567.696
0
HO
False
1486594567.736
0
HO
False
1486594567.774
0
HO
False
1486594567.812
0
HO
False
1486594567.851
0
HO
False
1486594567.889
0
HO
False
1486594567.927
0
HO
False
1486594567.967
0
HO
False
1486594568.6
0
HO
False
1486594568.43
0
HO
False
1486594568.82
0
HO
False
1486594568.119
0
HO
False
1486594568.159
0
HO
False
1486594568.197
0
HO
False
1486594568.235
0
HO
False
1486594568.274
0
HO
False
1486594568.313
0
HO
False
1486594568.351
0
HO
False
1486594568.389
0
HO
False
1486594568.429
0
HO
False
1486594568.468
0
HO
False
1486594568.506
0
HO
False
1486594568.543
0
HA
True
1486594568.583
0
HA
True
1486594568.621
0
HA
True
1486594568.659
32
HO
True
1486594568.697
32
HO
True
1486594568.738
32
HO
True
1486594568.775
30
HO
True
1486594568.821
30
HO
True
1486594568.852
30
HO
True
1486594568.890
0
HO
True
1486594568.929
0
HO
True
1486594568.968
0
HO
True
1486594569.7
0
HO
True
1486594569.44
0
HO
True
1486594569.84
0
HO
True
1486594569.123
23
HO
True
1486594569.161
23
HO
True
1486594569.200
23
HO
True
1486594569.239
0
HO
False
1486594569.276
0
HO
False
1486594569.315
0
HO
False
1486594569.353
0
HO
False
1486594569.392
0
HO
False
1486594569.432
0
HO
False
1486594569.469
0
HO
False
1486594569.509
0
HO
False
1486594569.546
0
HO
False
1486594569.585
0
HO
False
1486594569.624
0
HO
False
1486594569.662
0
HO
False
1486594569.700
0
HO
False
1486594569.739
0
HO
False
1486594569.777
0
HO
False
1486594569.816
0
HO
False
1486594569.855
0
HO
False
1486594569.893
0
HO
False
1486594569.931
0
HO
False
1486594569.970
0
HO
False
1486594570.10
0
HO
False
1486594570.47
0
HO
False
1486594570.86
0
HO
False
1486594570.124
0
HO
False
1486594570.163
0
HO
False
1486594570.201
0
HO
False
1486594570.239
0
HO
False
1486594570.279
0
HO
False
1486594570.323
0
HO
False
1486594570.355
0
HO
False
1486594570.394
0
HO
False
1486594570.433
0
HO
False
1486594570.472
0
HO
False
1486594570.520
0
HO
False
1486594570.574
0
HO
False
1486594570.591
0
HO
False
1486594570.631
0
HO
False
1486594570.665
0
HO
False
1486594570.702
0
HO
False
1486594570.741
0
HO
False
1486594570.780
0
HO
False
1486594570.817
0
HO
False
1486594570.857
0
HO
False
1486594570.896
0
HO
False
1486594570.946
0
HO
False
1486594570.972
0
HO
False
1486594571.14
0
HO
False
1486594571.52
0
HO
False
1486594571.87
0
HO
False
1486594571.126
0
HO
False
1486594571.167
0
HO
False
1486594571.205
0
HO
False
1486594571.245
0
HO
False
1486594571.280
0
HO
False
1486594571.319
0
HO
False
1486594571.358
0
HO
False
1486594571.396
0
HO
False
1486594571.434
0
HO
False
1486594571.474
0
HO
False
1486594571.537
0
HO
False
1486594571.722
0
HO
False
1486594571.845
0
HO
False
1486594571.880
0
HO
False
1486594571.902
0
HO
False
1486594571.943
0
HO
False
1486594571.978
0
HO
False
1486594572.15
0
HO
False
1486594572.53
0
HO
False
1486594572.90
0
HO
False
1486594572.128
0
HO
False
1486594572.168
0
HO
False
1486594572.205
0
HO
False
1486594572.244
0
HO
False
1486594572.283
0
HO
False
1486594572.322
0
HO
False
1486594572.360
0
HO
False
1486594572.401
0
HO
False
1486594572.437
0
HO
False
1486594572.477
0
HO
False
1486594572.514
0
HO
False
1486594572.553
0
HO
False
1486594572.592
0
HO
False
1486594572.713
0
HO
False
1486594572.747
0
HO
False
1486594572.785
0
HO
False
1486594572.842
0
HO
False
1486594572.882
0
HO
False
1486594572.912
0
HO
False
1486594572.940
0
HO
False
1486594572.982
0
HO
False
1486594573.20
0
HO
False
1486594573.54
0
HO
False
1486594573.92
0
HO
False
1486594573.156
0
HO
False
1486594573.190
0
HO
False
1486594573.206
0
HO
False
1486594573.245
0
HO
False
1486594573.286
0
HO
False
1486594573.334
0
HO
False
1486594573.361
0
HO
False
1486594573.403
0
HO
False
1486594573.439
0
HO
False
1486594573.480
0
HO
False
1486594573.517
0
HO
False
1486594573.556
0
HO
False
1486594573.594
0
HO
False
1486594573.632
0
HO
False
1486594573.670
0
HO
False
1486594573.708
0
HO
False
1486594573.748
0
HO
False
1486594573.787
0
HO
False
1486594573.826
0
HO
False
1486594573.868
0
HO
False
1486594573.906
0
HO
False
1486594573.941
0
HO
False
1486594573.983
0
HO
False
1486594574.18
0
HO
False
1486594574.56
0
HO
False
1486594574.94
0
HO
False
1486594574.135
0
HO
False
1486594574.174
0
HO
False
1486594574.210
0
HO
False
1486594574.250
0
HO
False
1486594574.287
0
HO
False
1486594574.326
0
HO
False
1486594574.365
0
HO
False
1486594574.402
0
HO
False
1486594574.441
0
HO
False
1486594574.483
0
HO
False
1486594574.519
0
HO
False
1486594574.558
0
HO
False
1486594574.595
0
HO
False
1486594574.634
0
HO
False
1486594574.677
0
HO
False
1486594574.712
0
HO
False
1486594574.749
0
HO
False
1486594574.791
0
HO
False
1486594574.834
0
HO
False
1486594574.868
0
HO
False
1486594574.906
0
HB
True
1486594574.941
0
HB
True
1486594574.984
0
HB
True
1486594575.20
32
HO
True
1486594575.58
32
HO
True
1486594575.96
32
HO
True
1486594575.136
0
HO
True
1486594575.177
0
HO
True
1486594575.213
0
HO
True
1486594575.251
37
HO
True
1486594575.288
37
HO
True
1486594575.326
37
HO
True
1486594575.367
21
HO
True
1486594575.405
21
HO
True
1486594575.442
21
HO
True
1486594575.487
0
HO
True
1486594575.519
0
HO
True
1486594575.559
0
HO
True
1486594575.597
29
HO
True
1486594575.635
29
HO
True
1486594575.680
29
HO
True
1486594575.712
0
HA
True
1486594575.752
0
HA
True
1486594575.794
0
HA
True
1486594575.828
0
HO
False
1486594575.867
0
HO
False
1486594575.907
0
HO
False
1486594575.945
0
HO
False
1486594575.986
0
HO
False
1486594576.22
0
HO
False
1486594576.60
0
HO
False
1486594576.99
0
HO
False
1486594576.138
0
HO
False
1486594576.175
0
HO
False
1486594576.213
0
HO
False
1486594576.252
0
HO
False
1486594576.294
0
HO
False
1486594576.335
0
HO
False
1486594576.371
0
HO
False
1486594576.409
0
HO
False
1486594576.445
0
HO
False
1486594576.484
0
HO
False
1486594576.522
0
HO
False
1486594576.561
0
HO
False
1486594576.603
0
HO
False
1486594576.638
0
HO
False
1486594576.676
0
HO
False
1486594576.716
0
HO
False
1486594576.753
0
HO
False
1486594576.793
0
HO
False
1486594576.831
0
HO
False
1486594576.869
0
HO
False
1486594576.910
0
HO
False
1486594576.947
0
HO
False
1486594576.985
0
HO
False
1486594577.24
0
HO
False
1486594577.90
0
HO
False
1486594577.183
0
HO
False
1486594577.293
0
HO
False
1486594577.332
0
HO
False
1486594577.372
0
HO
False
1486594577.412
0
HO
False
1486594577.448
0
HO
False
1486594577.486
0
HO
False
1486594577.525
0
HO
False
1486594577.563
0
HO
False
1486594577.602
0
HO
False
1486594577.641
0
HO
False
1486594577.679
0
HO
False
1486594577.719
0
HO
False
1486594577.756
0
HO
False
1486594577.795
0
HO
False
1486594577.839
0
HO
False
1486594577.872
0
HO
False
1486594577.909
0
HO
False
1486594577.949
0
HO
False
1486594577.987
0
HO
False
1486594578.28
0
HO
False
1486594578.65
0
HO
False
1486594578.103
0
HO
False
1486594578.141
0
HO
False
1486594578.181
0
HO
False
1486594578.244
0
HO
False
1486594578.336
0
HO
False
1486594578.386
0
HO
False
1486594578.489
0
HO
False
1486594578.530
0
HO
False
1486594578.564
0
HO
False
1486594578.604
0
HO
False
1486594578.643
0
HO
False
1486594578.680
0
HO
False
1486594578.719
0
HO
False
1486594578.757
0
HO
False
1486594578.796
0
HO
False
1486594578.837
0
HO
False
1486594578.874
0
HO
False
1486594578.913
0
HO
False
1486594578.950
0
HO
False
1486594578.990
0
HO
False
1486594579.27
0
HO
False
1486594579.66
0
HO
False
1486594579.105
0
HO
False
1486594579.145
0
HO
False
1486594579.182
0
HO
False
1486594579.220
0
HO
False
1486594579.259
0
HO
False
1486594579.298
0
HO
False
1486594579.342
0
HO
False
1486594579.375
0
HO
False
1486594579.412
0
HA
True
1486594579.452
0
HA
True
1486594579.490
0
HA
True
1486594579.529
32
HO
True
1486594579.566
32
HO
True
1486594579.605
32
HO
True
1486594579.646
0
HO
True
1486594579.683
0
HO
True
1486594579.721
0
HO
True
1486594579.760
30
HO
True
1486594579.799
30
HO
True
1486594579.840
30
HO
True
1486594579.876
28
HO
True
1486594579.915
28
HO
True
1486594579.953
28
HO
True
1486594579.991
0
HO
True
1486594580.31
0
HO
True
1486594580.69
0
HO
True
1486594580.108
17
HO
True
1486594580.147
17
HO
True
1486594580.185
17
HO
True
1486594580.223
0
HO
False
1486594580.261
0
HO
False
1486594580.299
0
HO
False
1486594580.339
0
HO
False
1486594580.378
0
HO
False
1486594580.416
0
HO
False
1486594580.455
0
HO
False
1486594580.492
0
HO
False
1486594580.531
0
HO
False
1486594580.572
0
HO
False
1486594580.608
0
HO
False
1486594580.648
0
HO
False
1486594580.686
0
HO
False
1486594580.725
0
HO
False
1486594580.762
0
HO
False
1486594580.801
0
HO
False
1486594580.841
0
HO
False
1486594580.878
0
HO
False
1486594580.916
0
HO
False
1486594580.956
0
HO
False
1486594580.993
0
HO
False
1486594581.33
0
HO
False
1486594581.70
0
HO
False
1486594581.111
0
HO
False
1486594581.150
0
HO
False
1486594581.187
0
HO
False
1486594581.225
0
HO
False
1486594581.265
0
HO
False
1486594581.302
0
HO
False
1486594581.340
0
HO
False
1486594581.378
0
HO
False
1486594581.418
0
HO
False
1486594581.458
0
HO
False
1486594581.494
0
HO
False
1486594581.532
0
HO
False
1486594581.572
0
HO
False
1486594581.610
0
HO
False
1486594581.648
0
HO
False
1486594581.686
0
HO
False
1486594581.879
0
HO
False
1486594581.918
0
HO
False
1486594581.958
0
HO
False
1486594581.996
0
HO
False
1486594582.35
0
HO
False
1486594582.72
0
HO
False
1486594582.112
0
HO
False
1486594582.150
0
HO
False
1486594582.189
0
HO
False
1486594582.226
0
HO
False
1486594582.267
0
HO
False
1486594582.303
0
HO
False
1486594582.344
0
HO
False
1486594582.382
0
HO
False
1486594582.421
0
HO
False
1486594582.458
0
HO
False
1486594582.511
0
HO
False
1486594582.611
0
HO
False
1486594582.669
0
HO
False
1486594582.771
0
HO
False
1486594582.803
0
HO
False
1486594582.843
0
HO
False
1486594582.881
0
HO
False
1486594582.921
0
HO
False
1486594582.961
0
HO
False
1486594582.998
0
HO
False
1486594583.36
0
HO
False
1486594583.73
0
HO
False
1486594583.112
0
HO
False
1486594583.151
0
HO
False
1486594583.191
0
HO
False
1486594583.229
0
HO
False
1486594583.267
0
HO
False
1486594583.305
0
HO
False
1486594583.344
0
HO
False
1486594583.383
0
HO
False
1486594583.421
0
HO
False
1486594583.461
0
HO
False
1486594583.499
0
HO
False
1486594583.537
0
HO
False
1486594583.607
0
HO
False
1486594583.641
0
HO
False
1486594583.668
0
HO
False
1486594583.699
0
HO
False
1486594583.735
0
HO
False
1486594583.791
0
HO
False
1486594583.962
0
HO
False
1486594583.999
0
HO
False
1486594584.45
0
HO
False
1486594584.87
0
HO
False
1486594584.117
0
HO
False
1486594584.307
0
HO
False
1486594584.355
0
HO
False
1486594584.396
0
HO
False
1486594584.422
0
HO
False
1486594584.468
0
HO
False
1486594584.501
0
HO
False
1486594584.539
0
HO
False
1486594584.576
0
HO
False
1486594584.616
0
HO
False
1486594584.656
0
HO
False
1486594584.694
0
HO
False
1486594584.733
0
HO
False
1486594584.775
0
HO
False
1486594584.810
0
HO
False
1486594584.848
0
HO
False
1486594584.889
0
HO
False
1486594584.924
0
HO
False
1486594584.965
0
HO
False
1486594585.1
0
HO
False
1486594585.39
0
HO
False
1486594585.78
0
HO
False
1486594585.117
0
HO
False
1486594585.158
0
HO
False
1486594585.195
0
HO
False
1486594585.234
0
HO
False
1486594585.271
0
HO
False
1486594585.311
0
HO
False
1486594585.349
0
HO
False
1486594585.387
0
HO
False
1486594585.425
0
HO
False
1486594585.465
0
HO
False
1486594585.503
0
HO
False
1486594585.543
0
HO
False
1486594585.580
0
HO
False
1486594585.618
0
HO
False
1486594585.659
0
HO
False
1486594585.694
0
HO
False
1486594585.738
0
HO
False
1486594585.773
0
HO
False
1486594585.811
0
HO
False
1486594585.849
0
HO
False
1486594585.887
0
HB
True
1486594585.927
0
HB
True
1486594585.966
0
HB
True
1486594586.3
35
HO
True
1486594586.42
35
HO
True
1486594586.81
35
HO
True
1486594586.119
0
HO
True
1486594586.158
0
HO
True
1486594586.196
0
HO
True
1486594586.236
37
HO
True
1486594586.273
37
HO
True
1486594586.311
37
HO
True
1486594586.351
27
HO
True
1486594586.388
27
HO
True
1486594586.427
27
HO
True
1486594586.467
0
HO
True
1486594586.505
0
HO
True
1486594586.543
0
HO
True
1486594586.582
29
HO
True
1486594586.620
29
HO
True
1486594586.660
29
HO
True
1486594586.697
0
HO
True
1486594586.737
0
HO
True
1486594586.774
0
HO
True
1486594586.816
0
HO
False
1486594586.850
0
HO
False
1486594586.893
0
HO
False
1486594586.930
0
HO
False
1486594586.968
0
HO
False
1486594587.6
0
HO
False
1486594587.44
0
HO
False
1486594587.84
0
HO
False
1486594587.122
0
HO
False
1486594587.161
0
HO
False
1486594587.199
0
HO
False
1486594587.237
0
HO
False
1486594587.275
0
HO
False
1486594587.314
0
HO
False
1486594587.352
0
HO
False
1486594587.392
0
HO
False
1486594587.429
0
HO
False
1486594587.468
0
HO
False
1486594587.506
0
HO
False
1486594587.547
0
HO
False
1486594587.585
0
HO
False
1486594587.623
0
HO
False
1486594588.665
0
HO
False
1486594588.701
0
HO
False
1486594588.741
0
HO
False
1486594588.779
0
HO
False
1486594588.816
0
HO
False
1486594588.856
0
HO
False
1486594588.894
0
HO
False
1486594588.933
0
HO
False
1486594588.972
0
HO
False
1486594589.10
0
HO
False
1486594589.48
0
HO
False
1486594589.86
0
HO
False
1486594589.125
0
HO
False
1486594589.165
0
HO
False
1486594589.203
0
HO
False
1486594589.241
0
HO
False
1486594589.281
0
HO
False
1486594589.318
0
HO
False
1486594589.357
0
HO
False
1486594589.395
0
HO
False
1486594589.434
0
HO
False
1486594589.473
0
HO
False
1486594589.512
0
HO
False
1486594589.550
0
HO
False
1486594589.587
0
HO
False
1486594589.626
0
HO
False
1486594589.666
0
HO
False
1486594589.704
0
HO
False
1486594589.742
0
HO
False
1486594589.781
0
HO
False
1486594589.818
0
HO
False
1486594589.856
0
HO
False
1486594589.898
0
HO
False
1486594589.934
0
HO
False
1486594589.974
0
HO
False
1486594590.13
0
HO
False
1486594590.50
0
HO
False
1486594590.88
0
HO
False
1486594590.127
0
HO
False
1486594590.166
0
HO
False
1486594590.205
0
HO
False
1486594590.244
0
HO
False
1486594590.282
0
HO
False
1486594590.319
0
HO
False
1486594590.359
0
HO
False
1486594590.399
0
HO
False
1486594590.436
0
HO
False
1486594590.474
0
HO
False
1486594590.514
0
HO
False
1486594590.551
0
HO
False
1486594590.591
0
HO
False
1486594590.629
0
HO
False
1486594590.668
0
HO
False
1486594590.706
0
HO
False
1486594590.744
0
HO
False
1486594590.791
0
HO
False
1486594590.822
0
HO
False
1486594590.860
0
HO
False
1486594590.899
0
HO
False
1486594590.938
0
HO
False
1486594590.975
0
HO
False
1486594591.14
0
HO
False
1486594591.53
0
HO
False
1486594591.90
0
HO
False
1486594591.130
0
HO
False
1486594591.169
0
HO
False
1486594591.207
0
HO
False
1486594591.245
0
HO
False
1486594591.288
0
HO
False
1486594591.322
0
HO
False
1486594591.364
0
HO
False
1486594591.400
0
HO
False
1486594591.439
0
HO
False
1486594591.476
0
HO
False
1486594591.516
0
HO
False
1486594591.554
0
HO
False
1486594591.592
0
HO
False
1486594591.631
0
HO
False
1486594591.668
0
HO
False
1486594591.709
0
HO
False
1486594591.754
0
HO
False
1486594591.797
0
HO
False
1486594591.831
0
HO
False
1486594591.865
0
HO
False
1486594591.901
0
HO
False
1486594591.938
0
HO
False
1486594591.978
0
HO
False
1486594592.16
0
HO
False
1486594592.55
0
HO
False
1486594592.93
0
HO
False
1486594592.132
0
HO
False
1486594592.183
0
HO
False
1486594592.223
0
HO
False
1486594592.246
0
HO
False
1486594592.286
0
HO
False
1486594592.323
0
HO
False
1486594592.363
0
HO
False
1486594592.401
0
HO
False
1486594592.440
0
HO
False
1486594592.479
0
HO
False
1486594592.517
0
HO
False
1486594592.555
0
HO
False
1486594592.594
0
HO
False
1486594592.633
0
HO
False
1486594592.671
0
HO
False
1486594592.711
0
HO
False
1486594592.748
0
HO
False
1486594592.787
0
HO
False
1486594592.825
0
HO
False
1486594592.869
0
HO
False
1486594592.908
0
HO
False
1486594592.943
0
HO
False
1486594592.980
0
HO
False
1486594593.19
0
HO
False
1486594593.57
0
HO
False
1486594593.95
0
HO
False
1486594593.134
0
HO
False
1486594593.172
0
HO
False
1486594593.211
0
HO
False
1486594593.250
0
HO
False
1486594593.287
0
HO
False
1486594593.325
0
HO
False
1486594593.365
0
HO
False
1486594593.428
0
HO
False
1486594593.466
0
HO
False
1486594593.491
0
HO
False
1486594593.522
0
HO
False
1486594593.558
0
HO
False
1486594593.603
0
HO
False
1486594593.637
0
HO
False
1486594593.672
0
HO
False
1486594593.713
0
HO
False
1486594593.751
0
HO
False
1486594593.789
0
HO
False
1486594593.827
0
HO
False
1486594593.867
0
HO
False
1486594593.905
0
HO
False
1486594593.944
0
HO
False
1486594593.982
0
HO
False
1486594594.20
0
HO
False
1486594594.59
0
HO
False
1486594594.99
0
HO
False
1486594594.136
0
HO
False
1486594594.174
0
HO
False
1486594594.214
0
HO
False
1486594594.251
0
HO
False
1486594594.289
0
HO
False
1486594594.327
0
HO
False
1486594594.378
0
HO
False
1486594594.424
0
HO
False
1486594594.462
0
HO
False
1486594594.485
0
HO
False
1486594594.524
0
HO
False
1486594594.560
0
HO
False
1486594594.599
0
HO
False
1486594594.672
0
HO
False
1486594594.762
0
HO
False
1486594594.959
0
HO
False
1486594595.75
0
HO
False
1486594595.183
0
HO
False
1486594595.382
0
HO
False
1486594595.498
0
HO
False
1486594595.615
0
HO
False
1486594595.727
0
HO
False
1486594595.835
0
HO
False
1486594595.897
0
HO
False
1486594596.151
0
HO
False
1486594596.273
0
HO
False
1486594596.322
0
HO
False
1486594596.352
0
HO
False
1486594596.473
0
HO
False
1486594596.574
0
HO
False
1486594596.615
0
HO
False
1486594596.654
0
HO
False
1486594596.699
0
HO
False
1486594596.820
0
HO
False
1486594596.920
0
HO
False
1486594597.35
0
HO
False
1486594597.148
0
HO
False
1486594597.217
0
HO
False
1486594597.304
0
HO
False
1486594597.368
0
HO
False
1486594597.450
0
HO
False
1486594597.489
0
HO
False
