Next
1486590275.46
Page_Up
1486590279.38
Page_Up
1486590280.53
Next
1486590283.74
Next
1486590285.14
Page_Up
1486590288.95
Page_Up
1486590290.03
Next
1486590293.84
Next
1486590295.08
Page_Up
1486590299.2
Page_Up
1486590300.53
Next
1486590304.44
Next
1486590305.59
Page_Up
1486590309.74
Page_Up
1486590310.8
Next
1486590314.99
Next
1486590316.37
Page_Up
1486590320.32
Page_Up
1486590321.31
Next
1486590325.36
Next
1486590326.75
Page_Up
1486590330.59
Page_Up
1486590331.71
Next
1486590335.55
Next
1486590336.76
Page_Up
1486590340.77
Page_Up
1486590341.85
Next
1486590345.92
Next
1486590346.66
Page_Up
1486590350.81
Page_Up
1486590351.86
Next
1486590355.79
Next
1486590356.87
Page_Up
1486590361.08
Page_Up
1486590362.24
Next
1486590366.11
Next
1486590367.22
Page_Up
1486590370.57
Page_Up
1486590371.98
Next
1486590376.22
grave
1486590384.94
