Next
1486605751.21
Page_Up
1486605755.42
Page_Up
1486605756.11
Next
1486605758.78
Next
1486605759.43
Page_Up
1486605762.72
Page_Up
1486605763.49
Next
1486605766.66
Next
1486605767.37
Page_Up
1486605771.1
Page_Up
1486605771.68
Next
1486605775.38
Next
1486605776.05
Page_Up
1486605779.71
Page_Up
1486605780.4
Next
1486605783.87
Next
1486605784.65
Page_Up
1486605788.24
Page_Up
1486605788.75
Next
1486605792.16
Next
1486605792.97
Page_Up
1486605796.78
Page_Up
1486605797.37
Next
1486605801.21
Next
1486605801.77
Page_Up
1486605806.85
Page_Up
1486605807.67
Next
1486605811.35
Next
1486605811.91
Page_Up
1486605815.73
Page_Up
1486605816.3
Next
1486605819.94
Next
1486605820.64
Page_Up
1486605824.25
Page_Up
1486605824.87
Next
1486605828.53
Next
1486605829.06
Page_Up
1486605832.62
Page_Up
1486605833.42
Next
1486605836.57
period
1486605839.03
grave
1486605842.5
