1486592547.354
0
HO
False
1486592547.535
0
HO
False
1486592547.649
0
HO
False
1486592547.759
0
HO
False
1486592547.819
0
HO
False
1486592547.909
0
HO
False
1486592547.965
0
HO
False
1486592547.992
0
HO
False
1486592548.41
0
HO
False
1486592548.72
0
HO
False
1486592548.111
0
HO
False
1486592548.144
0
HO
False
1486592548.186
0
HO
False
1486592548.379
0
HO
False
1486592548.569
0
HO
False
1486592548.607
0
HO
False
1486592548.653
0
HO
False
1486592548.684
0
HO
False
1486592548.720
0
HO
False
1486592548.766
0
HO
False
1486592548.799
0
HO
False
1486592548.837
0
HO
False
1486592548.872
0
HO
False
1486592548.909
0
HO
False
1486592548.947
0
HO
False
1486592548.986
0
HO
False
1486592549.25
0
HO
False
1486592549.64
0
HO
False
1486592549.102
0
HO
False
1486592549.140
0
HO
False
1486592549.179
0
HO
False
1486592549.218
0
HO
False
1486592549.256
0
HO
False
1486592549.296
0
HO
False
1486592549.333
0
HO
False
1486592549.372
0
HO
False
1486592549.409
0
HO
False
1486592549.466
0
HO
False
1486592549.585
0
HO
False
1486592549.632
0
HO
False
1486592549.724
0
HO
False
1486592549.761
0
HO
False
1486592549.796
0
HO
False
1486592549.834
0
HO
False
1486592549.872
0
HO
False
1486592549.918
0
HO
False
1486592549.950
0
HO
False
1486592549.988
0
HO
False
1486592550.27
0
HO
False
1486592550.65
0
HO
False
1486592550.104
0
HO
False
1486592550.142
0
HO
False
1486592550.181
0
HO
False
1486592550.220
0
HO
False
1486592550.258
0
HO
False
1486592550.297
0
HO
False
1486592550.335
0
HO
False
1486592550.375
0
HO
False
1486592550.412
0
HO
False
1486592550.451
0
HO
False
1486592550.489
0
HO
False
1486592550.527
0
HO
False
1486592550.566
0
HO
False
1486592550.604
0
HO
False
1486592550.643
0
HO
False
1486592550.685
0
HO
False
1486592550.722
0
HO
False
1486592550.758
0
HO
False
1486592550.798
0
HO
False
1486592550.836
0
HO
False
1486592550.874
0
HO
False
1486592550.912
0
HO
False
1486592550.952
0
HO
False
1486592550.990
0
HO
False
1486592551.28
0
HO
False
1486592551.68
0
HO
False
1486592551.105
0
HO
False
1486592551.144
0
HO
False
1486592551.183
0
HO
False
1486592551.221
0
HO
False
1486592551.261
0
HO
False
1486592551.298
0
HO
False
1486592551.336
0
HO
False
1486592551.379
0
HO
False
1486592551.420
0
HO
False
1486592551.453
0
HO
False
1486592551.491
0
HO
False
1486592551.529
0
HO
False
1486592551.567
0
HO
False
1486592551.606
0
HO
False
1486592551.645
0
HO
False
1486592551.683
0
HO
False
1486592551.724
0
HO
False
1486592551.768
0
HO
False
1486592551.810
0
HO
False
1486592551.841
0
HO
False
1486592551.876
0
HO
False
1486592551.915
0
HO
False
1486592551.954
0
HO
False
1486592551.992
0
HO
False
1486592552.31
0
HO
False
1486592552.69
0
HO
False
1486592552.108
0
HO
False
1486592552.147
0
HO
False
1486592552.185
0
HO
False
1486592552.224
0
HO
False
1486592552.262
0
HO
False
1486592552.302
0
HO
False
1486592552.339
0
HO
False
1486592552.377
0
HO
False
1486592552.416
0
HO
False
1486592552.455
0
HO
False
1486592552.494
0
HO
False
1486592552.532
0
HO
False
1486592552.570
0
HO
False
1486592552.610
0
HO
False
1486592552.648
0
HO
False
1486592552.685
0
HO
False
1486592552.724
0
HO
False
1486592552.763
0
HO
False
1486592552.802
0
HO
False
1486592552.840
0
HO
False
1486592552.880
0
HO
False
1486592552.926
0
HO
False
1486592552.957
0
HO
False
1486592552.994
0
HO
False
1486592553.33
0
HO
False
1486592553.70
0
HO
False
1486592553.109
0
HO
False
1486592553.148
0
HO
False
1486592553.187
0
HO
False
1486592553.225
0
HO
False
1486592553.265
0
HO
False
1486592553.302
0
HO
False
1486592553.341
0
HO
False
1486592553.379
0
HO
False
1486592553.418
0
HO
False
1486592553.456
0
HO
False
1486592553.495
0
HO
False
1486592553.534
0
HO
False
1486592553.571
0
HO
False
1486592553.610
0
HO
False
1486592553.651
0
HO
False
1486592553.689
0
HO
False
1486592553.729
0
HO
False
1486592553.766
0
HO
False
1486592553.804
0
HO
False
1486592553.843
0
HO
False
1486592553.881
0
HO
False
1486592553.919
0
HO
False
1486592553.958
0
HO
False
1486592553.996
0
HO
False
1486592554.35
0
HO
False
1486592554.74
0
HO
False
1486592554.112
0
HO
False
1486592554.151
0
HO
False
1486592554.190
0
HO
False
1486592554.227
0
HO
False
1486592554.266
0
HO
False
1486592554.304
0
HO
False
1486592554.342
0
HO
False
1486592554.381
0
HO
False
1486592554.427
0
HO
False
1486592554.458
0
HO
False
1486592554.497
0
HO
False
1486592554.536
0
HO
False
1486592554.573
0
HO
False
1486592554.615
0
HO
False
1486592554.651
0
HO
False
1486592554.691
0
HO
False
1486592554.729
0
HO
False
1486592554.767
0
HO
False
1486592554.806
0
HO
False
1486592554.844
0
HO
False
1486592554.884
0
HO
False
1486592554.931
0
HO
False
1486592554.960
0
HO
False
1486592555.1
0
HO
False
1486592555.36
0
HO
False
1486592555.75
0
HO
False
1486592555.114
0
HO
False
1486592555.152
0
HO
False
1486592555.192
0
HO
False
1486592555.230
0
HO
False
1486592555.269
0
HO
False
1486592555.325
0
HO
False
1486592555.441
0
HO
False
1486592555.549
0
HO
False
1486592555.594
0
HO
False
1486592555.646
0
HO
False
1486592555.742
0
HO
False
1486592555.799
0
HO
False
1486592555.832
0
HO
False
1486592555.872
0
HO
False
1486592555.970
0
HO
False
1486592556.12
0
HO
False
1486592556.58
0
HO
False
1486592556.102
0
HO
False
1486592556.138
0
HO
False
1486592556.178
0
HO
False
1486592556.232
0
HO
False
1486592556.323
0
HO
False
1486592556.379
0
HO
False
1486592556.472
0
HO
False
1486592556.532
0
HO
False
1486592556.556
0
HO
False
1486592556.598
0
HO
False
1486592556.775
0
HO
False
1486592556.823
0
HO
False
1486592556.873
0
HO
False
1486592556.965
0
HO
False
1486592557.23
0
HO
False
1486592557.126
0
HO
False
1486592557.172
0
HO
False
1486592557.212
0
HO
False
1486592557.314
0
HO
False
1486592557.369
0
HO
False
1486592557.411
0
HO
False
1486592557.523
0
HO
False
1486592557.572
0
HO
False
1486592557.603
0
HO
False
1486592557.662
0
HO
False
1486592557.743
0
HO
False
1486592557.783
0
HO
False
1486592557.838
0
HO
False
1486592557.891
0
HO
False
1486592557.971
0
HO
False
1486592558.21
0
HO
False
1486592558.61
0
HO
False
1486592558.101
0
HO
False
1486592558.140
0
HO
False
1486592558.184
0
HO
False
1486592558.232
0
HO
False
1486592558.271
0
HO
False
1486592558.363
0
HO
False
1486592558.404
0
HO
False
1486592558.453
0
HO
False
1486592558.633
0
HO
False
1486592558.745
0
HO
False
1486592558.801
0
HO
False
1486592558.982
0
HO
False
1486592559.163
0
HO
False
1486592559.200
0
HO
False
1486592559.239
0
HO
False
1486592559.277
0
HO
False
1486592559.317
0
HO
False
1486592559.353
0
HO
False
1486592559.392
0
HO
False
1486592559.430
0
HO
False
1486592559.470
0
HO
False
1486592559.508
0
HO
False
1486592559.548
0
HO
False
1486592559.586
0
HO
False
1486592559.627
0
HO
False
1486592559.662
0
HO
False
1486592559.703
0
HO
False
1486592559.740
0
HO
False
1486592559.779
0
HO
False
1486592559.818
0
HO
False
1486592559.855
0
HO
False
1486592559.894
0
HO
False
1486592559.935
0
HO
False
1486592559.970
0
HO
False
1486592560.8
0
HO
False
1486592560.48
0
HO
False
1486592560.87
0
HO
False
1486592560.126
0
HO
False
1486592560.164
0
HO
False
1486592560.202
0
HO
False
1486592560.241
0
HO
False
1486592560.279
0
HO
False
1486592560.319
0
HO
False
1486592560.355
0
HO
False
1486592560.396
0
HO
False
1486592560.439
0
HO
False
1486592560.472
0
HO
False
1486592560.510
0
HO
False
1486592560.548
0
HO
False
1486592560.587
0
HO
False
1486592560.627
0
HO
False
1486592560.665
0
HO
False
1486592560.703
0
HO
False
1486592560.742
0
HO
False
1486592560.780
0
HO
False
1486592560.818
0
HO
False
1486592560.858
0
HO
False
1486592560.895
0
HO
False
1486592560.935
0
HO
False
1486592560.972
0
HO
False
1486592561.13
0
HO
False
1486592561.51
0
HO
False
1486592561.87
0
HO
False
1486592561.128
0
HO
False
1486592561.167
0
HO
False
1486592561.204
0
HO
False
1486592561.242
0
HO
False
1486592561.281
0
HO
False
1486592561.321
0
HO
False
1486592561.359
0
HO
False
1486592561.397
0
HO
False
1486592561.434
0
HO
False
1486592561.479
0
HO
False
1486592561.513
0
HO
False
1486592561.551
0
HO
False
1486592561.588
0
HO
False
1486592561.630
0
HO
False
1486592561.667
0
HO
False
1486592561.707
0
HO
False
1486592561.755
0
HO
False
1486592561.809
0
HO
False
1486592561.899
0
HO
False
1486592561.943
0
HO
False
1486592561.974
0
HO
False
1486592562.15
0
HO
False
1486592562.52
0
HO
False
1486592562.91
0
HO
False
1486592562.128
0
HO
False
1486592562.167
0
HO
False
1486592562.207
0
HO
False
1486592562.245
0
HO
False
1486592562.283
0
HO
False
1486592562.322
0
HO
False
1486592562.360
0
HO
False
1486592562.405
0
HO
False
1486592562.462
0
HO
False
1486592562.492
0
HO
False
1486592562.515
0
HO
False
1486592562.557
0
HO
False
1486592562.591
0
HO
False
1486592562.630
0
HO
False
1486592562.669
0
HO
False
1486592562.707
0
HO
False
1486592562.746
0
HO
False
1486592562.784
0
HO
False
1486592562.827
0
HO
False
1486592562.864
0
HO
False
1486592562.899
0
HO
False
1486592562.937
0
HO
False
1486592562.978
0
HO
False
1486592563.17
0
HO
False
1486592563.54
0
HO
False
1486592563.92
0
HO
False
1486592563.135
0
HO
False
1486592563.172
0
HO
False
1486592563.211
0
HO
False
1486592563.247
0
HO
False
1486592563.285
0
HO
False
1486592563.325
0
HO
False
1486592563.370
0
HO
False
1486592563.405
0
HO
False
1486592563.450
0
HO
False
1486592563.481
0
HO
False
1486592563.519
0
HO
False
1486592563.555
0
HO
False
1486592563.593
0
HO
False
1486592563.633
0
HO
False
1486592563.671
0
HO
False
1486592563.709
0
HO
False
1486592563.747
0
HO
False
1486592563.786
0
HO
False
1486592563.825
0
HO
False
1486592563.864
0
HO
False
1486592563.902
0
HO
False
1486592563.940
0
HO
False
1486592563.980
0
HO
False
1486592564.22
0
HO
False
1486592564.57
0
HO
False
1486592564.96
0
HO
False
1486592564.134
0
HO
False
1486592564.173
0
HO
False
1486592564.234
0
HO
False
1486592564.326
0
HO
False
1486592564.365
0
HO
False
1486592564.403
0
HO
False
1486592564.441
0
HO
False
1486592564.480
0
HO
False
1486592564.520
0
HO
False
1486592564.557
0
HO
False
1486592564.596
0
HO
False
1486592564.634
0
HO
False
1486592564.673
0
HO
False
1486592564.711
0
HO
False
1486592564.751
0
HO
False
1486592564.788
0
HO
False
1486592564.829
0
HO
False
1486592564.865
0
HO
False
1486592564.903
0
HO
False
1486592564.949
0
HO
False
1486592564.981
56
HA
True
1486592565.22
56
HA
True
1486592565.58
56
HA
True
1486592565.96
59
HA
True
1486592565.135
59
HA
True
1486592565.174
59
HA
True
1486592565.219
60
HA
True
1486592565.261
60
HA
True
1486592565.293
60
HA
True
1486592565.329
60
HA
True
1486592565.370
60
HA
True
1486592565.406
60
HA
True
1486592565.443
59
HO
True
1486592565.481
59
HO
True
1486592565.523
59
HO
True
1486592565.558
59
HB
True
1486592565.597
59
HB
True
1486592565.636
59
HB
True
1486592565.675
29
HB
True
1486592565.714
29
HB
True
1486592565.753
29
HB
True
1486592565.791
11
HB
True
1486592565.830
11
HB
True
1486592565.867
11
HB
True
1486592565.906
0
HO
False
1486592565.944
0
HO
False
1486592565.984
0
HO
False
1486592566.25
0
HO
False
1486592566.60
0
HO
False
1486592566.99
0
HO
False
1486592566.137
0
HO
False
1486592566.176
0
HO
False
1486592566.216
0
HO
False
1486592566.253
0
HO
False
1486592566.291
0
HO
False
1486592566.352
0
HO
False
1486592566.382
0
HO
False
1486592566.416
0
HO
False
1486592566.451
0
HO
False
1486592566.483
0
HO
False
1486592566.524
0
HO
False
1486592566.561
0
HO
False
1486592566.599
0
HO
False
1486592566.637
0
HO
False
1486592566.677
0
HO
False
1486592566.716
0
HO
False
1486592566.753
0
HO
False
1486592566.793
0
HO
False
1486592566.834
0
HO
False
1486592566.872
0
HO
False
1486592566.908
0
HO
False
1486592566.947
0
HO
False
1486592566.985
0
HO
False
1486592567.26
0
HO
False
1486592567.61
0
HO
False
1486592567.103
0
HO
False
1486592567.139
0
HO
False
1486592567.179
0
HO
False
1486592567.219
0
HO
False
1486592567.255
0
HO
False
1486592567.294
0
HO
False
1486592567.343
0
HO
False
1486592567.394
0
HO
False
1486592567.410
0
HO
False
1486592567.452
0
HO
False
1486592567.486
0
HO
False
1486592567.526
0
HO
False
1486592567.564
0
HO
False
1486592567.602
0
HO
False
1486592567.641
0
HO
False
1486592567.679
0
HO
False
1486592567.720
0
HO
False
1486592567.756
0
HO
False
1486592567.795
0
HO
False
1486592567.833
0
HO
False
1486592567.874
0
HO
False
1486592567.910
0
HO
False
1486592567.952
0
HO
False
1486592567.988
0
HO
False
1486592568.27
0
HO
False
1486592568.64
0
HO
False
1486592568.104
0
HO
False
1486592568.140
0
HO
False
1486592568.179
0
HO
False
1486592568.222
0
HO
False
1486592568.257
0
HO
False
1486592568.295
0
HO
False
1486592568.336
0
HO
False
1486592568.373
0
HO
False
1486592568.411
0
HO
False
1486592568.450
0
HO
False
1486592568.488
0
HO
False
1486592568.528
0
HO
False
1486592568.565
0
HO
False
1486592568.603
0
HO
False
1486592568.646
0
HO
False
1486592568.681
0
HO
False
1486592568.722
0
HO
False
1486592568.758
0
HO
False
1486592568.796
0
HO
False
1486592568.835
0
HO
False
1486592568.874
0
HO
False
1486592568.912
0
HO
False
1486592568.951
0
HO
False
1486592568.989
0
HO
False
1486592569.30
0
HO
False
1486592569.66
0
HO
False
1486592569.105
0
HO
False
1486592569.143
0
HO
False
1486592569.183
0
HO
False
1486592569.222
0
HO
False
1486592569.259
0
HO
False
1486592569.298
0
HO
False
1486592569.336
0
HO
False
1486592569.375
0
HO
False
1486592569.414
0
HO
False
1486592569.454
0
HO
False
1486592569.490
0
HO
False
1486592569.530
0
HO
False
1486592569.567
0
HO
False
1486592569.606
0
HO
False
1486592569.647
0
HO
False
1486592569.683
0
HO
False
1486592569.723
0
HO
False
1486592569.760
0
HO
False
1486592569.799
0
HO
False
1486592569.841
0
HO
False
1486592569.875
0
HO
False
1486592569.915
0
HO
False
1486592569.953
0
HO
False
1486592569.991
0
HO
False
1486592570.31
0
HO
False
1486592570.70
0
HO
False
1486592570.108
0
HO
False
1486592570.148
0
HO
False
1486592570.184
0
HO
False
1486592570.224
0
HO
False
1486592570.262
0
HO
False
1486592570.300
0
HO
False
1486592570.338
0
HO
False
1486592570.376
0
HO
False
1486592570.418
0
HO
False
1486592570.455
0
HO
False
1486592570.492
0
HO
False
1486592570.533
0
HO
False
1486592570.569
0
HO
False
1486592570.608
0
HO
False
1486592570.648
0
HB
True
1486592570.685
0
HB
True
1486592570.725
0
HB
True
1486592570.762
41
HB
True
1486592570.801
41
HB
True
1486592570.840
41
HB
True
1486592570.877
50
HB
True
1486592570.916
50
HB
True
1486592570.957
50
HB
True
1486592570.994
52
HB
True
1486592571.33
52
HB
True
1486592571.71
52
HB
True
1486592571.110
58
HO
True
1486592571.148
58
HO
True
1486592571.186
58
HO
True
1486592571.227
57
HO
True
1486592571.264
57
HO
True
1486592571.302
57
HO
True
1486592571.341
54
HO
True
1486592571.379
54
HO
True
1486592571.421
54
HO
True
1486592571.458
56
HA
True
1486592571.495
56
HA
True
1486592571.533
56
HA
True
1486592571.571
38
HA
True
1486592571.610
38
HA
True
1486592571.651
38
HA
True
1486592571.687
59
HAB
True
1486592571.743
59
HAB
True
1486592571.784
59
HAB
True
1486592571.808
59
HAB
True
1486592571.841
59
HAB
True
1486592571.879
59
HAB
True
1486592571.921
60
HO
True
1486592571.957
60
HO
True
1486592571.995
60
HO
True
1486592572.35
60
HA
True
1486592572.72
60
HA
True
1486592572.112
60
HA
True
1486592572.149
59
HA
True
1486592572.188
59
HA
True
1486592572.230
59
HA
True
1486592572.266
32
HA
True
1486592572.305
32
HA
True
1486592572.342
32
HA
True
1486592572.380
8
HA
True
1486592572.421
8
HA
True
1486592572.461
8
HA
True
1486592572.498
0
HA
True
1486592572.535
0
HA
True
1486592572.573
0
HA
True
1486592572.612
0
HO
False
1486592572.651
0
HO
False
1486592572.689
0
HO
False
1486592572.730
0
HO
False
1486592572.766
0
HO
False
1486592572.805
0
HO
False
1486592572.843
0
HO
False
1486592572.882
0
HO
False
1486592572.921
0
HO
False
1486592572.959
0
HO
False
1486592572.997
0
HO
False
1486592573.36
0
HO
False
1486592573.75
0
HO
False
1486592573.114
0
HO
False
1486592573.152
0
HO
False
1486592573.191
0
HO
False
1486592573.231
0
HO
False
1486592573.268
0
HO
False
1486592573.306
0
HO
False
1486592573.344
0
HO
False
1486592573.383
0
HO
False
1486592573.423
0
HO
False
1486592573.461
0
HO
False
1486592573.499
0
HO
False
1486592573.537
0
HO
False
1486592573.575
0
HO
False
1486592573.614
0
HO
False
1486592573.653
0
HO
False
1486592573.692
0
HO
False
1486592573.730
0
HO
False
1486592573.768
0
HO
False
1486592573.807
0
HO
False
1486592573.846
0
HO
False
1486592573.904
0
HO
False
1486592574.17
0
HO
False
1486592574.64
0
HO
False
1486592574.101
0
HO
False
1486592574.206
0
HO
False
1486592574.257
0
HO
False
1486592574.292
0
HO
False
1486592574.325
0
HO
False
1486592574.366
0
HO
False
1486592574.389
0
HO
False
1486592574.435
0
HO
False
1486592574.479
0
HO
False
1486592574.514
0
HO
False
1486592574.548
0
HO
False
1486592574.662
0
HO
False
1486592574.722
0
HO
False
1486592574.755
0
HO
False
1486592574.787
0
HO
False
1486592574.831
0
HO
False
1486592574.866
0
HO
False
1486592574.912
0
HO
False
1486592574.944
0
HO
False
1486592574.990
0
HO
False
1486592575.30
0
HO
False
1486592575.126
0
HO
False
1486592575.169
0
HO
False
1486592575.218
0
HO
False
1486592575.254
0
HO
False
1486592575.296
0
HO
False
1486592575.341
0
HO
False
1486592575.365
0
HO
False
1486592575.408
0
HO
False
1486592575.508
0
HO
False
1486592575.635
0
HO
False
1486592575.679
0
HO
False
1486592575.716
0
HO
False
1486592575.760
0
HO
False
1486592575.792
0
HO
False
1486592575.809
0
HO
False
1486592575.854
0
HO
False
1486592575.890
0
HO
False
1486592575.929
0
HO
False
1486592575.965
0
HO
False
1486592576.19
0
HO
False
1486592576.65
0
HO
False
1486592576.173
0
HO
False
1486592576.210
0
HO
False
1486592576.254
0
HO
False
1486592576.302
0
HO
False
1486592576.334
0
HO
False
1486592576.368
0
HO
False
1486592576.414
0
HO
False
1486592576.438
0
HO
False
1486592576.481
0
HO
False
1486592576.513
0
HO
False
1486592576.559
0
HO
False
1486592576.819
0
HO
False
1486592576.931
0
HO
False
1486592576.969
0
HO
False
1486592577.9
0
HO
False
1486592577.46
0
HO
False
1486592577.83
0
HO
False
1486592577.138
0
HO
False
1486592577.182
0
HO
False
1486592577.215
0
HO
False
1486592577.253
0
HO
False
1486592577.299
0
HO
False
1486592577.343
0
HO
False
1486592577.374
0
HO
False
1486592577.407
0
HO
False
1486592577.436
0
HO
False
1486592577.473
0
HO
False
1486592577.504
0
HO
False
1486592577.547
0
HO
False
1486592577.584
0
HO
False
1486592577.624
0
HO
False
1486592577.668
0
HO
False
1486592577.714
0
HO
False
1486592577.750
0
HO
False
1486592577.802
0
HO
False
1486592577.970
0
HO
False
1486592578.8
0
HO
False
1486592578.46
0
HO
False
1486592578.86
0
HO
False
1486592578.125
0
HO
False
1486592578.163
0
HO
False
1486592578.201
0
HO
False
1486592578.239
0
HO
False
1486592578.278
0
HO
False
1486592578.316
0
HO
False
1486592578.355
0
HO
False
1486592578.393
0
HO
False
1486592578.434
0
HO
False
1486592578.475
0
HO
False
1486592578.508
0
HO
False
1486592578.548
0
HO
False
1486592578.586
0
HO
False
1486592578.626
0
HO
False
1486592578.664
0
HO
False
1486592578.702
0
HO
False
1486592578.742
0
HO
False
1486592578.778
0
HO
False
1486592578.817
0
HO
False
1486592578.855
0
HO
False
1486592578.911
0
HO
False
1486592579.106
0
HO
False
1486592579.213
0
HO
False
1486592579.267
0
HO
False
1486592579.288
0
HO
False
1486592592.432
0
HO
False
1486592592.627
0
HO
False
1486592592.734
0
HO
False
1486592592.792
0
HO
False
1486592592.970
0
HO
False
1486592593.6
0
HO
False
1486592593.47
0
HO
False
1486592593.85
0
HO
False
1486592593.120
0
HO
False
1486592593.165
0
HO
False
1486592593.198
0
HO
False
1486592593.245
0
HO
False
1486592593.277
0
HO
False
1486592593.315
0
HO
False
1486592593.367
0
HO
False
1486592593.472
0
HO
False
1486592593.519
0
HO
False
1486592593.699
0
HO
False
1486592593.734
0
HO
False
1486592593.772
0
HO
False
1486592593.829
0
HO
False
1486592593.943
0
HO
False
1486592594.128
0
HO
False
1486592594.183
0
HO
False
1486592594.282
0
HO
False
1486592594.319
0
HO
False
1486592594.354
0
HO
False
1486592594.394
0
HO
False
1486592594.432
0
HO
False
1486592594.469
0
HO
False
1486592594.504
0
HO
False
1486592594.546
0
HO
False
1486592594.583
0
HO
False
1486592594.622
0
HO
False
1486592594.661
0
HO
False
1486592594.698
0
HO
False
1486592594.742
0
HO
False
1486592594.782
0
HO
False
1486592594.813
0
HO
False
1486592594.852
0
HO
False
1486592594.890
0
HO
False
1486592594.930
0
HO
False
1486592594.968
0
HO
False
1486592595.8
0
HO
False
1486592595.43
0
HO
False
1486592595.81
0
HO
False
1486592595.120
0
HO
False
1486592595.182
0
HO
False
1486592595.211
0
HO
False
1486592595.246
0
HO
False
1486592595.275
0
HO
False
1486592595.318
0
HO
False
1486592595.353
0
HO
False
1486592595.389
0
HO
False
1486592595.432
0
HO
False
1486592595.467
0
HO
False
1486592595.524
0
HO
False
1486592595.642
0
HO
False
1486592595.772
0
HO
False
1486592595.807
0
HO
False
1486592595.894
0
HO
False
1486592595.950
0
HO
False
1486592595.992
0
HO
False
1486592596.32
0
HO
False
1486592596.131
0
HO
False
1486592596.178
0
HO
False
1486592596.225
0
HO
False
1486592596.322
0
HO
False
1486592596.366
0
HO
False
1486592596.421
0
HO
False
1486592596.529
0
HO
False
1486592596.632
0
HO
False
1486592596.745
0
HO
False
1486592596.792
0
HO
False
1486592596.899
0
HO
False
1486592596.953
0
HO
False
1486592596.993
0
HO
False
1486592597.23
0
HO
False
1486592597.66
0
HO
False
1486592597.121
0
HO
False
1486592597.231
0
HO
False
1486592597.324
0
HO
False
1486592597.380
0
HO
False
1486592597.421
0
HO
False
1486592597.447
0
HO
False
1486592597.485
0
HO
False
1486592597.593
0
HO
False
1486592597.635
0
HO
False
1486592597.689
0
HO
False
1486592597.730
0
HO
False
1486592597.823
0
HO
False
1486592597.871
0
HO
False
1486592597.912
0
HO
False
1486592597.957
0
HO
False
1486592598.72
0
HO
False
1486592598.172
0
HO
False
1486592598.223
0
HO
False
1486592598.257
0
HO
False
1486592598.314
0
HO
False
1486592598.345
0
HO
False
1486592598.435
0
HO
False
1486592598.491
0
HO
False
1486592598.541
0
HO
False
1486592598.634
0
HO
False
1486592598.765
0
HO
False
1486592598.865
0
HO
False
1486592598.914
0
HO
False
1486592598.957
0
HO
False
1486592599.2
0
HO
False
1486592599.249
0
HO
False
1486592599.296
0
HO
False
1486592599.322
0
HO
False
1486592599.362
0
HO
False
1486592599.399
0
HO
False
1486592599.439
0
HO
False
1486592599.487
0
HO
False
1486592599.512
0
HO
False
1486592599.556
0
HO
False
1486592599.590
0
HO
False
1486592599.630
0
HO
False
1486592599.669
0
HO
False
1486592599.707
0
HO
False
1486592599.745
0
HO
False
1486592599.785
0
HO
False
1486592599.823
0
HO
False
1486592599.866
0
HO
False
1486592599.900
0
HO
False
1486592599.940
0
HO
False
1486592599.977
0
HO
False
1486592600.16
0
HO
False
1486592600.54
0
HO
False
1486592600.93
0
HO
False
1486592600.133
0
HO
False
1486592600.170
0
HO
False
1486592600.209
0
HO
False
1486592600.247
0
HO
False
1486592600.286
0
HO
False
1486592600.323
0
HO
False
1486592600.363
0
HO
False
1486592600.400
0
HO
False
1486592600.441
0
HO
False
1486592600.478
0
HO
False
1486592600.517
0
HO
False
1486592600.555
0
HO
False
1486592600.594
0
HO
False
1486592600.632
0
HO
False
1486592600.673
0
HO
False
1486592600.709
0
HO
False
1486592600.749
0
HO
False
1486592600.787
0
HO
False
1486592600.824
0
HO
False
1486592600.864
0
HO
False
1486592600.902
0
HO
False
1486592600.943
0
HO
False
1486592600.980
0
HO
False
1486592601.20
0
HO
False
1486592601.56
0
HO
False
1486592601.95
0
HO
False
1486592601.134
0
HO
False
1486592601.171
0
HO
False
1486592601.212
0
HO
False
1486592601.250
0
HO
False
1486592601.287
0
HO
False
1486592601.326
0
HO
False
1486592601.365
0
HO
False
1486592601.404
0
HO
False
1486592601.443
0
HO
False
1486592601.479
0
HO
False
1486592601.519
0
HO
False
1486592601.557
0
HO
False
1486592601.596
0
HO
False
1486592601.637
0
HO
False
1486592601.673
0
HO
False
1486592601.726
0
HO
False
1486592601.767
0
HO
False
1486592601.881
0
HO
False
1486592601.987
0
HO
False
1486592602.117
0
HO
False
1486592602.219
0
HO
False
1486592602.267
0
HO
False
1486592602.313
0
HO
False
1486592602.353
0
HO
False
1486592602.411
0
HO
False
1486592602.487
0
HO
False
1486592602.535
0
HO
False
1486592602.638
0
HO
False
1486592602.685
0
HO
False
1486592602.734
0
HO
False
1486592602.771
0
HO
False
1486592602.809
0
HO
False
1486592602.905
0
HO
False
1486592602.967
0
HO
False
1486592603.23
0
HO
False
1486592603.104
0
HO
False
1486592603.165
0
HO
False
1486592603.254
0
HO
False
1486592603.291
0
HO
False
1486592603.330
0
HO
False
1486592603.370
0
HO
False
1486592603.408
0
HO
False
1486592603.446
0
HO
False
1486592603.484
59
HA
True
1486592603.524
59
HA
True
1486592603.560
59
HA
True
1486592603.601
59
HA
True
1486592603.638
59
HA
True
1486592603.676
59
HA
True
1486592603.717
60
HA
True
1486592603.755
60
HA
True
1486592603.793
60
HA
True
1486592603.831
58
HO
True
1486592603.870
58
HO
True
1486592603.909
58
HO
True
1486592603.948
59
HB
True
1486592603.991
59
HB
True
1486592604.27
59
HB
True
1486592604.64
29
HB
True
1486592604.101
29
HB
True
1486592604.142
29
HB
True
1486592604.179
11
HB
True
1486592604.216
11
HB
True
1486592604.255
11
HB
True
1486592604.294
0
HO
False
1486592604.335
0
HO
False
1486592604.370
0
HO
False
1486592604.409
0
HO
False
1486592604.450
0
HO
False
1486592604.487
0
HO
False
1486592604.525
0
HO
False
1486592604.564
0
HO
False
1486592604.602
0
HO
False
1486592604.643
0
HO
False
1486592604.679
0
HO
False
1486592604.719
0
HO
False
1486592604.757
0
HO
False
1486592604.794
0
HO
False
1486592604.835
0
HO
False
1486592604.872
0
HO
False
1486592604.911
0
HO
False
1486592604.950
0
HO
False
1486592604.988
0
HO
False
1486592605.26
0
HO
False
1486592605.64
0
HO
False
1486592605.124
0
HO
False
1486592605.161
0
HO
False
1486592605.188
0
HO
False
1486592605.220
0
HO
False
1486592605.263
0
HO
False
1486592605.297
0
HO
False
1486592605.334
0
HO
False
1486592605.371
0
HO
False
1486592605.411
0
HO
False
1486592605.451
0
HO
False
1486592605.494
0
HO
False
1486592605.529
0
HO
False
1486592605.566
0
HO
False
1486592605.604
0
HO
False
1486592605.644
0
HO
False
1486592605.682
0
HO
False
1486592605.720
0
HO
False
1486592605.759
0
HO
False
1486592605.800
0
HO
False
1486592605.842
0
HO
False
1486592605.875
0
HO
False
1486592605.912
0
HO
False
1486592605.950
0
HO
False
1486592605.989
0
HO
False
1486592606.48
0
HO
False
1486592606.146
0
HO
False
1486592606.200
0
HO
False
1486592606.298
0
HO
False
1486592606.339
0
HO
False
1486592606.376
0
HO
False
1486592606.415
0
HO
False
1486592606.452
0
HO
False
1486592606.491
0
HO
False
1486592606.530
0
HO
False
1486592606.567
0
HO
False
1486592606.605
0
HO
False
1486592606.646
0
HO
False
1486592606.683
0
HO
False
1486592606.721
0
HO
False
1486592606.761
0
HO
False
1486592606.798
0
HO
False
1486592606.840
0
HO
False
1486592606.877
0
HO
False
1486592606.915
0
HO
False
1486592606.953
0
HO
False
1486592606.998
0
HO
False
1486592607.28
0
HO
False
1486592607.68
0
HO
False
1486592607.108
0
HO
False
1486592607.147
0
HO
False
1486592607.185
0
HO
False
1486592607.224
0
HO
False
1486592607.261
0
HO
False
1486592607.301
0
HO
False
1486592607.339
0
HO
False
1486592607.377
0
HO
False
1486592607.416
0
HO
False
1486592607.453
0
HO
False
1486592607.492
0
HO
False
1486592607.533
0
HO
False
1486592607.570
0
HO
False
1486592607.609
0
HO
False
1486592607.647
0
HO
False
1486592607.685
0
HO
False
1486592607.724
0
HO
False
1486592607.763
0
HO
False
1486592607.818
0
HO
False
1486592607.867
0
HO
False
1486592607.956
0
HO
False
1486592608.1
0
HO
False
1486592608.58
0
HO
False
1486592608.86
0
HO
False
1486592608.121
0
HO
False
1486592608.155
0
HO
False
1486592608.189
0
HO
False
1486592608.226
0
HO
False
1486592608.264
0
HO
False
1486592608.304
0
HO
False
1486592608.342
0
HO
False
1486592608.378
0
HO
False
1486592608.417
0
HO
False
1486592608.456
0
HO
False
1486592608.500
0
HO
False
1486592608.534
0
HO
False
1486592608.571
0
HO
False
1486592608.611
0
HO
False
1486592608.648
0
HO
False
1486592608.687
0
HO
False
1486592608.725
0
HO
False
1486592608.764
0
HO
False
1486592608.804
0
HO
False
1486592608.843
0
HO
False
1486592608.881
0
HO
False
1486592608.918
0
HO
False
1486592608.957
0
HO
False
1486592608.996
0
HO
False
1486592609.34
0
HO
False
1486592609.73
0
HO
False
1486592609.111
0
HO
False
1486592609.150
0
HO
False
1486592609.190
0
HO
False
1486592609.227
0
HO
False
1486592609.265
0
HO
False
1486592609.304
0
HO
False
1486592609.343
0
HO
False
1486592609.381
0
HO
False
1486592609.420
0
HO
False
1486592609.457
0
HO
False
1486592609.498
0
HO
False
1486592609.536
0
HO
False
1486592609.573
0
HO
False
1486592609.612
0
HO
False
1486592609.650
0
HO
False
1486592609.690
0
HO
False
1486592609.728
0
HO
False
1486592609.766
0
HO
False
1486592609.806
0
HO
False
1486592609.845
0
HO
False
1486592609.883
0
HO
False
1486592609.920
0
HO
False
1486592609.959
0
HO
False
1486592610.4
0
HO
False
1486592610.37
0
HO
False
1486592610.74
0
HO
False
1486592610.114
0
HO
False
1486592610.153
0
HO
False
1486592610.191
0
HB
True
1486592610.230
0
HB
True
1486592610.268
0
HB
True
1486592610.306
59
HB
True
1486592610.345
59
HB
True
1486592610.383
59
HB
True
1486592610.422
58
HO
True
1486592610.461
58
HO
True
1486592610.500
58
HO
True
1486592610.538
60
HO
True
1486592610.575
60
HO
True
1486592610.615
60
HO
True
1486592610.652
60
HA
True
1486592610.691
60
HA
True
1486592610.731
60
HA
True
1486592610.768
59
HA
True
1486592610.824
59
HA
True
1486592610.922
17
HA
True
1486592610.977
17
HA
True
1486592611.18
0
HO
False
1486592611.72
0
HO
False
1486592611.99
0
HO
False
1486592611.126
0
HO
False
1486592611.152
0
HO
False
1486592611.198
0
HO
False
1486592611.231
0
HO
False
1486592611.270
0
HO
False
1486592611.309
0
HO
False
1486592611.348
0
HO
False
1486592611.385
0
HO
False
1486592611.433
0
HO
False
1486592611.481
0
HO
False
1486592611.583
0
HO
False
1486592611.642
0
HO
False
1486592611.667
0
HO
False
1486592611.712
0
HO
False
1486592611.893
0
HO
False
1486592611.952
0
HO
False
1486592612.132
0
HO
False
1486592612.237
0
HO
False
1486592612.273
0
HO
False
1486592612.311
0
HO
False
1486592612.350
0
HO
False
1486592612.389
0
HO
False
1486592612.426
0
HO
False
1486592612.465
0
HO
False
1486592612.507
0
HO
False
1486592612.545
0
HO
False
1486592612.582
0
HO
False
1486592612.620
0
HO
False
1486592612.658
0
HO
False
1486592612.697
0
HO
False
1486592612.749
0
HO
False
1486592612.799
0
HO
False
1486592612.830
0
HO
False
1486592612.874
0
HO
False
1486592612.897
0
HO
False
1486592612.927
0
HO
False
1486592612.969
0
HO
False
1486592613.10
0
HO
False
1486592613.41
0
HO
False
1486592613.81
0
HO
False
1486592613.119
0
HO
False
1486592613.158
0
HO
False
1486592613.197
0
HO
False
1486592613.235
0
HO
False
1486592613.276
0
HO
False
1486592613.313
0
HO
False
1486592613.351
0
HO
False
1486592613.389
0
HO
False
1486592613.431
0
HO
False
1486592613.469
0
HO
False
1486592613.523
0
HO
False
1486592613.622
0
HO
False
1486592613.678
0
HO
False
1486592613.713
0
HO
False
1486592613.750
0
HO
False
1486592613.773
0
HO
False
1486592613.968
0
HO
False
1486592614.6
0
HO
False
1486592614.44
0
HO
False
1486592614.84
0
HO
False
1486592614.122
0
HO
False
1486592614.160
0
HO
False
1486592614.199
0
HO
False
1486592614.238
0
HO
False
1486592614.278
0
HO
False
1486592614.315
0
HO
False
1486592614.353
0
HO
False
1486592614.391
0
HO
False
1486592614.430
0
HO
False
1486592614.469
0
HO
False
1486592614.514
0
HO
False
1486592614.546
0
HO
False
1486592614.584
0
HO
False
1486592614.623
0
HO
False
1486592614.661
0
HO
False
1486592614.699
0
HO
False
1486592614.738
0
HO
False
1486592614.778
0
HO
False
1486592614.816
0
HO
False
1486592614.854
0
HO
False
1486592614.892
0
HO
False
1486592614.931
0
HO
False
1486592614.969
0
HO
False
1486592615.9
0
HO
False
1486592615.46
0
HO
False
1486592615.85
0
HO
False
1486592615.124
0
HO
False
1486592615.163
0
HA
True
1486592615.201
0
HA
True
1486592615.239
0
HA
True
1486592615.277
59
HA
True
1486592615.316
59
HA
True
1486592615.355
59
HA
True
1486592615.394
60
HA
True
1486592615.433
60
HA
True
1486592615.471
60
HA
True
1486592615.509
58
HO
True
1486592615.549
58
HO
True
1486592615.586
58
HO
True
1486592615.625
59
HB
True
1486592615.664
59
HB
True
1486592615.703
59
HB
True
1486592615.754
26
HB
True
1486592615.793
26
HB
True
1486592615.834
26
HB
True
1486592615.873
0
HB
True
1486592615.899
0
HB
True
1486592615.939
0
HB
True
1486592615.975
0
HO
False
1486592616.18
0
HO
False
1486592616.50
0
HO
False
1486592616.87
0
HO
False
1486592616.126
0
HO
False
1486592616.165
0
HO
False
1486592616.203
0
HO
False
1486592616.241
0
HO
False
1486592616.281
0
HO
False
1486592616.319
0
HO
False
1486592616.357
0
HO
False
1486592616.396
0
HO
False
1486592616.438
0
HO
False
1486592616.483
0
HO
False
1486592616.519
0
HO
False
1486592616.557
0
HO
False
1486592616.588
0
HO
False
1486592616.628
0
HO
False
1486592616.669
0
HO
False
1486592616.704
0
HO
False
1486592616.742
0
HO
False
1486592616.782
0
HO
False
1486592616.819
0
HO
False
1486592616.859
0
HO
False
1486592616.897
0
HO
False
1486592616.937
0
HO
False
1486592616.974
0
HO
False
1486592617.13
0
HO
False
1486592617.51
0
HO
False
1486592617.90
0
HO
False
1486592617.128
0
HO
False
1486592617.166
0
HO
False
1486592617.205
0
HO
False
1486592617.244
0
HO
False
1486592617.282
0
HO
False
1486592617.321
0
HO
False
1486592617.360
0
HO
False
1486592617.398
0
HO
False
1486592617.438
0
HO
False
1486592617.475
0
HO
False
1486592617.521
0
HO
False
1486592617.551
0
HO
False
1486592617.590
0
HO
False
1486592617.629
0
HO
False
1486592617.668
0
HO
False
1486592617.706
0
HO
False
1486592617.746
0
HO
False
1486592617.784
0
HO
False
1486592617.828
0
HO
False
1486592617.861
0
HO
False
1486592617.917
0
HO
False
1486592618.15
0
HO
False
1486592618.54
0
HO
False
1486592618.94
0
HO
False
1486592618.150
0
HO
False
1486592618.247
0
HO
False
1486592618.284
0
HO
False
1486592618.323
0
HO
False
1486592618.362
0
HO
False
1486592618.401
0
HO
False
1486592618.439
0
HO
False
1486592618.478
0
HO
False
1486592618.516
0
HO
False
1486592618.555
0
HO
False
1486592618.592
0
HO
False
1486592618.633
0
HO
False
1486592618.670
0
HO
False
1486592618.708
0
HO
False
1486592618.747
0
HO
False
1486592618.785
0
HO
False
1486592618.823
0
HO
False
1486592618.862
0
HO
False
1486592618.900
0
HO
False
1486592618.941
0
HO
False
1486592618.978
0
HO
False
1486592619.24
0
HO
False
1486592619.58
0
HO
False
1486592619.96
0
HO
False
1486592619.133
0
HO
False
1486592619.194
0
HO
False
1486592619.287
0
HO
False
1486592619.341
0
HO
False
1486592619.442
0
HO
False
1486592619.480
0
HO
False
1486592619.517
0
HO
False
1486592619.557
0
HO
False
1486592619.596
0
HO
False
1486592619.634
0
HO
False
1486592619.671
0
HO
False
1486592619.711
0
HO
False
1486592619.749
0
HO
False
1486592619.789
0
HO
False
1486592619.826
0
HO
False
1486592619.865
0
HO
False
1486592619.903
0
HO
False
1486592619.943
0
HO
False
1486592619.981
0
HO
False
1486592620.18
0
HO
False
1486592620.57
0
HO
False
1486592620.97
0
HO
False
1486592620.137
0
HO
False
1486592620.173
0
HO
False
1486592620.211
0
HO
False
1486592620.250
0
HO
False
1486592620.289
0
HO
False
1486592620.327
0
HO
False
1486592620.366
0
HO
False
1486592620.404
0
HO
False
1486592620.443
0
HO
False
1486592620.482
0
HO
False
1486592620.527
0
HO
False
1486592620.562
0
HO
False
1486592620.598
0
HO
False
1486592620.637
0
HO
False
1486592620.674
0
HO
False
1486592620.712
0
HO
False
1486592620.751
0
HO
False
1486592620.790
0
HO
False
1486592620.828
0
HO
False
1486592620.866
0
HO
False
1486592620.905
0
HO
False
1486592620.945
0
HO
False
1486592620.983
0
HO
False
1486592621.21
0
HO
False
1486592621.59
0
HO
False
1486592621.99
0
HO
False
1486592621.138
0
HO
False
1486592621.175
0
HO
False
1486592621.214
0
HO
False
1486592621.254
0
HO
False
1486592621.291
0
HO
False
1486592621.328
0
HO
False
1486592621.368
0
HO
False
1486592621.406
0
HO
False
1486592621.447
0
HO
False
1486592621.483
0
HO
False
1486592621.521
0
HB
True
1486592621.561
0
HB
True
1486592621.599
0
HB
True
1486592621.640
0
HB
True
1486592621.676
0
HB
True
1486592621.715
0
HB
True
1486592621.766
53
HB
True
1486592621.805
53
HB
True
1486592621.837
53
HB
True
1486592621.876
59
HB
True
1486592621.913
59
HB
True
1486592621.949
59
HB
True
1486592621.984
58
HO
True
1486592622.30
58
HO
True
1486592622.64
58
HO
True
1486592622.100
60
HO
True
1486592622.140
60
HO
True
1486592622.177
60
HO
True
1486592622.216
57
HA
True
1486592622.255
57
HA
True
1486592622.293
57
HA
True
1486592622.333
59
HA
True
1486592622.370
59
HA
True
1486592622.409
59
HA
True
1486592622.448
26
HA
True
1486592622.486
26
HA
True
1486592622.524
26
HA
True
1486592622.563
0
HA
True
1486592622.601
0
HA
True
1486592622.641
0
HA
True
1486592622.677
0
HO
False
1486592622.717
0
HO
False
1486592622.755
0
HO
False
1486592622.793
0
HO
False
1486592622.833
0
HO
False
1486592622.871
0
HO
False
1486592622.910
0
HO
False
1486592622.949
0
HO
False
1486592622.987
0
HO
False
1486592623.27
0
HO
False
1486592623.63
0
HO
False
1486592623.103
0
HO
False
1486592623.142
0
HO
False
1486592623.181
0
HO
False
1486592623.219
0
HO
False
1486592623.257
0
HO
False
1486592623.295
0
HO
False
1486592623.354
0
HO
False
1486592623.449
0
HO
False
1486592623.498
0
HO
False
1486592623.554
0
HO
False
1486592623.664
0
HO
False
1486592623.701
0
HO
False
1486592623.737
0
HO
False
1486592623.763
0
HO
False
1486592623.799
0
HO
False
1486592623.844
0
HO
False
1486592623.872
0
HO
False
1486592623.914
0
HO
False
1486592623.951
0
HO
False
1486592623.989
0
HO
False
1486592624.27
0
HO
False
1486592624.66
0
HO
False
1486592624.104
0
HO
False
1486592624.148
0
HO
False
1486592624.184
0
HO
False
1486592624.218
0
HO
False
1486592624.258
0
HO
False
1486592624.297
0
HO
False
1486592624.337
0
HO
False
1486592624.374
0
HO
False
1486592624.413
0
HO
False
1486592624.452
0
HO
False
1486592624.489
0
HO
False
1486592624.528
0
HO
False
1486592624.567
0
HO
False
1486592624.606
0
HO
False
1486592624.645
0
HO
False
1486592624.682
0
HO
False
1486592624.721
0
HO
False
1486592624.773
0
HO
False
1486592624.822
0
HO
False
1486592624.855
0
HO
False
1486592624.954
0
HO
False
1486592625.76
0
HO
False
1486592625.131
0
HO
False
1486592625.228
0
HO
False
1486592625.259
0
HO
False
1486592625.299
0
HO
False
1486592625.343
0
HO
False
1486592625.377
0
HO
False
1486592625.415
0
HO
False
1486592625.454
0
HO
False
1486592625.499
0
HO
False
1486592625.539
0
HO
False
1486592625.572
0
HO
False
1486592625.615
0
HO
False
1486592625.651
0
HO
False
1486592625.687
0
HO
False
1486592625.722
0
HO
False
1486592625.762
0
HO
False
1486592625.802
0
HO
False
1486592625.840
0
HO
False
1486592625.877
0
HO
False
1486592625.916
0
HO
False
1486592625.954
0
HO
False
1486592625.993
0
HO
False
1486592626.32
0
HO
False
1486592626.69
0
HO
False
1486592626.108
0
HO
False
1486592626.149
0
HO
False
1486592626.185
0
HO
False
1486592626.224
0
HO
False
1486592626.264
0
HO
False
1486592626.301
0
HO
False
1486592626.340
0
HO
False
1486592626.378
0
HO
False
1486592626.416
0
HO
False
1486592626.456
0
HO
False
1486592626.494
0
HA
True
1486592626.546
0
HA
True
1486592626.570
0
HA
True
1486592626.613
59
HA
True
1486592626.651
59
HA
True
1486592626.686
59
HA
True
1486592626.753
60
HA
True
1486592626.842
60
HA
True
1486592626.880
60
HA
True
1486592626.920
60
HA
True
1486592626.957
58
HO
True
1486592626.996
58
HO
True
1486592627.34
58
HO
True
1486592627.71
59
HB
True
1486592627.111
59
HB
True
1486592627.150
59
HB
True
1486592627.187
20
HB
True
1486592627.226
20
HB
True
1486592627.267
20
HB
True
1486592627.303
0
HB
True
1486592627.348
0
HB
True
1486592627.382
0
HB
True
1486592627.419
0
HO
False
1486592627.458
0
HO
False
1486592627.496
0
HO
False
1486592627.535
0
HO
False
1486592627.573
0
HO
False
1486592627.612
0
HO
False
1486592627.651
0
HO
False
1486592627.689
0
HO
False
1486592627.727
0
HO
False
1486592627.766
0
HO
False
1486592627.805
0
HO
False
1486592627.844
0
HO
False
1486592627.882
0
HO
False
1486592627.920
0
HO
False
1486592627.960
0
HO
False
1486592627.998
0
HO
False
1486592628.42
0
HO
False
1486592628.73
0
HO
False
1486592628.113
0
HO
False
1486592628.154
0
HO
False
1486592628.190
0
HO
False
1486592628.229
0
HO
False
1486592628.267
0
HO
False
1486592628.305
0
HO
False
1486592628.345
0
HO
False
1486592628.382
0
HO
False
1486592628.421
0
HO
False
1486592628.459
0
HO
False
1486592628.498
0
HO
False
1486592628.536
0
HO
False
1486592628.575
0
HO
False
1486592628.614
0
HO
False
1486592628.652
0
HO
False
1486592628.691
0
HO
False
1486592628.730
0
HO
False
1486592628.770
0
HO
False
1486592628.810
0
HO
False
1486592628.848
0
HO
False
1486592628.883
0
HO
False
1486592628.921
0
HO
False
1486592628.961
0
HO
False
1486592628.999
0
HO
False
1486592629.40
0
HO
False
1486592629.75
0
HO
False
1486592629.115
0
HO
False
1486592629.154
0
HO
False
1486592629.218
0
HO
False
1486592629.307
0
HO
False
1486592629.363
0
HO
False
1486592629.422
0
HO
False
1486592629.444
0
HO
False
1486592629.465
0
HO
False
1486592629.502
0
HO
False
1486592629.543
0
HO
False
1486592629.582
0
HO
False
1486592629.618
0
HO
False
1486592629.655
0
HO
False
1486592629.693
0
HO
False
1486592629.731
0
HO
False
1486592629.769
0
HO
False
1486592629.809
0
HO
False
1486592629.850
0
HO
False
1486592629.886
0
HO
False
1486592629.924
0
HO
False
1486592629.964
0
HO
False
1486592630.1
0
HO
False
1486592630.41
0
HO
False
1486592630.77
0
HO
False
1486592630.116
0
HO
False
1486592630.156
0
HO
False
1486592630.194
0
HO
False
1486592630.233
0
HO
False
1486592630.271
0
HO
False
1486592630.310
0
HO
False
1486592630.359
0
HO
False
1486592630.399
0
HO
False
1486592630.429
0
HO
False
1486592630.467
0
HO
False
1486592630.503
0
HO
False
1486592630.542
0
HO
False
1486592630.579
0
HO
False
1486592630.619
0
HO
False
1486592630.656
0
HO
False
1486592630.695
0
HO
False
1486592630.733
0
HO
False
1486592630.774
0
HO
False
1486592630.811
0
HO
False
1486592630.872
0
HO
False
1486592630.965
0
HO
False
1486592631.4
0
HO
False
1486592631.123
0
HO
False
1486592631.163
0
HO
False
1486592631.198
0
HO
False
1486592631.234
0
HO
False
1486592631.274
0
HO
False
1486592631.313
0
HO
False
1486592631.351
0
HO
False
1486592631.388
0
HO
False
1486592631.427
0
HO
False
1486592631.465
0
HO
False
1486592631.504
0
HO
False
1486592631.545
0
HO
False
1486592631.582
0
HO
False
1486592631.620
0
HO
False
1486592631.658
0
HO
False
1486592631.698
0
HO
False
1486592631.755
0
HO
False
1486592631.779
0
HO
False
1486592631.822
0
HO
False
1486592631.855
0
HO
False
1486592631.896
0
HO
False
1486592631.932
0
HO
False
1486592631.967
0
HO
False
1486592632.6
0
HO
False
1486592632.46
0
HO
False
1486592632.83
0
HO
False
1486592632.121
0
HO
False
1486592632.160
0
HO
False
1486592632.199
0
HO
False
1486592632.238
0
HO
False
1486592632.276
0
HO
False
1486592632.313
0
HO
False
1486592632.352
0
HO
False
1486592632.391
0
HO
False
1486592632.430
0
HO
False
1486592632.468
0
HO
False
1486592632.507
0
HO
False
1486592632.548
0
HO
False
1486592632.583
0
HO
False
1486592632.622
0
HO
False
1486592632.661
0
HO
False
1486592632.699
0
HO
False
1486592632.931
0
HO
False
1486592632.969
0
HO
False
1486592633.8
0
HO
False
1486592633.47
0
HO
False
1486592633.84
0
HO
False
1486592633.124
0
HO
False
1486592633.162
0
HO
False
1486592633.200
0
HO
False
1486592633.240
0
HO
False
1486592633.277
0
HO
False
1486592633.316
0
HB
True
1486592633.354
0
HB
True
1486592633.393
0
HB
True
1486592633.431
59
HB
True
1486592633.470
59
HB
True
1486592633.509
59
HB
True
1486592633.548
58
HB
True
1486592633.586
58
HB
True
1486592633.624
58
HB
True
1486592633.662
60
HO
True
1486592633.701
60
HO
True
1486592633.742
60
HO
True
1486592633.781
60
HA
True
1486592633.817
60
HA
True
1486592633.859
60
HA
True
1486592633.894
59
HA
True
1486592633.932
59
HA
True
1486592633.972
59
HA
True
1486592634.9
14
HA
True
1486592634.52
14
HA
True
1486592634.86
14
HA
True
1486592634.126
0
HA
True
1486592634.165
0
HA
True
1486592634.202
0
HA
True
1486592634.243
0
HO
False
1486592634.280
0
HO
False
1486592634.317
0
HO
False
1486592634.358
0
HO
False
1486592634.395
0
HO
False
1486592634.434
0
HO
False
1486592634.473
0
HO
False
1486592634.510
0
HO
False
1486592634.550
0
HO
False
1486592634.587
0
HO
False
1486592634.626
0
HO
False
1486592634.665
0
HO
False
1486592634.703
0
HO
False
1486592634.743
0
HO
False
1486592634.781
0
HO
False
1486592634.819
0
HO
False
1486592634.859
0
HO
False
1486592634.897
0
HO
False
1486592634.935
0
HO
False
1486592634.973
0
HO
False
1486592635.11
0
HO
False
1486592635.75
0
HO
False
1486592635.180
0
HO
False
1486592635.282
0
HO
False
1486592635.320
0
HO
False
1486592635.358
0
HO
False
1486592635.397
0
HO
False
1486592635.436
0
HO
False
1486592635.478
0
HO
False
1486592635.512
0
HO
False
1486592635.555
0
HO
False
1486592635.590
0
HO
False
1486592635.629
0
HO
False
1486592635.667
0
HO
False
1486592635.707
0
HO
False
1486592635.747
0
HO
False
1486592635.783
0
HO
False
1486592635.820
0
HO
False
1486592635.859
0
HO
False
1486592635.899
0
HO
False
1486592635.939
0
HO
False
1486592635.975
0
HO
False
1486592636.14
0
HO
False
1486592636.53
0
HO
False
1486592636.91
0
HO
False
1486592636.130
0
HO
False
1486592636.169
0
HO
False
1486592636.206
0
HO
False
1486592636.246
0
HO
False
1486592636.284
0
HO
False
1486592636.321
0
HO
False
1486592636.361
0
HO
False
1486592636.400
0
HO
False
1486592636.439
0
HO
False
1486592636.503
0
HO
False
1486592636.592
0
HO
False
1486592636.649
0
HO
False
1486592636.696
0
HO
False
1486592636.720
0
HO
False
1486592636.751
0
HO
False
1486592636.793
0
HO
False
1486592636.828
0
HO
False
1486592636.861
0
HO
False
1486592636.901
0
HO
False
1486592636.941
0
HO
False
1486592636.976
0
HO
False
1486592637.15
0
HO
False
1486592637.58
0
HO
False
1486592637.93
0
HO
False
1486592637.131
0
HO
False
1486592637.170
0
HO
False
1486592637.209
0
HO
False
1486592637.250
0
HO
False
1486592637.286
0
HO
False
1486592637.325
0
HO
False
1486592637.364
0
HO
False
1486592637.402
0
HO
False
1486592637.441
0
HO
False
1486592637.481
0
HO
False
1486592637.516
0
HO
False
1486592637.555
0
HO
False
1486592637.594
0
HO
False
1486592637.632
0
HO
False
1486592637.670
0
HO
False
1486592637.710
0
HO
False
1486592637.750
0
HO
False
1486592637.786
0
HO
False
1486592637.825
0
HA
True
1486592637.864
0
HA
True
1486592637.902
0
HA
True
1486592637.941
59
HA
True
1486592637.981
59
HA
True
1486592638.18
59
HA
True
1486592638.57
60
HA
True
1486592638.95
60
HA
True
1486592638.134
60
HA
True
1486592638.172
60
HO
True
1486592638.211
60
HO
True
1486592638.252
60
HO
True
1486592638.288
59
HB
True
1486592638.327
59
HB
True
1486592638.365
59
HB
True
1486592638.403
59
HB
True
1486592638.444
59
HB
True
1486592638.482
59
HB
True
1486592638.520
11
HB
True
1486592638.561
11
HB
True
1486592638.596
11
HB
True
1486592638.635
0
HO
False
1486592638.672
0
HO
False
1486592638.713
0
HO
False
1486592638.751
0
HO
False
1486592638.788
0
HO
False
1486592638.827
0
HO
False
1486592638.866
0
HO
False
1486592638.904
0
HO
False
1486592638.945
0
HO
False
1486592638.982
0
HO
False
1486592639.21
0
HO
False
1486592639.59
0
HO
False
1486592639.97
0
HO
False
1486592639.135
0
HO
False
1486592639.175
0
HO
False
1486592639.213
0
HO
False
1486592639.254
0
HO
False
1486592639.290
0
HO
False
1486592639.328
0
HO
False
1486592639.367
0
HO
False
1486592639.406
0
HO
False
1486592639.445
0
HO
False
1486592639.484
0
HO
False
1486592639.521
0
HO
False
1486592639.560
0
HO
False
1486592639.598
0
HO
False
1486592639.637
0
HO
False
1486592639.675
0
HO
False
1486592639.713
0
HO
False
1486592639.754
0
HO
False
1486592639.791
0
HO
False
1486592639.829
0
HO
False
1486592639.867
0
HO
False
1486592639.907
0
HO
False
1486592639.947
0
HO
False
1486592639.985
0
HO
False
1486592640.23
0
HO
False
1486592640.60
0
HO
False
1486592640.102
0
HO
False
1486592640.137
0
HO
False
1486592640.177
0
HO
False
1486592640.215
0
HO
False
1486592640.254
0
HO
False
1486592640.292
0
HO
False
1486592640.331
0
HO
False
1486592640.368
0
HO
False
1486592640.408
0
HO
False
1486592640.448
0
HO
False
1486592640.485
0
HO
False
1486592640.522
0
HO
False
1486592640.562
0
HO
False
1486592640.600
0
HO
False
1486592640.639
0
HO
False
1486592640.700
0
HO
False
1486592640.793
0
HO
False
1486592640.831
0
HO
False
1486592640.890
0
HO
False
1486592640.985
0
HO
False
1486592641.43
0
HO
False
1486592641.83
0
HO
False
1486592641.114
0
HO
False
1486592641.140
0
HO
False
1486592641.181
0
HO
False
1486592641.216
0
HO
False
1486592641.256
0
HO
False
1486592641.295
0
HO
False
1486592641.332
0
HO
False
1486592641.371
0
HO
False
1486592641.410
0
HO
False
1486592641.450
0
HO
False
1486592641.486
0
HO
False
1486592641.526
0
HO
False
1486592641.567
0
HO
False
1486592641.602
0
HO
False
1486592641.644
0
HO
False
1486592641.680
0
HO
False
1486592641.719
0
HO
False
1486592641.762
0
HO
False
1486592641.810
0
HO
False
1486592641.838
0
HO
False
1486592641.878
0
HO
False
1486592641.914
0
HO
False
1486592641.951
0
HO
False
1486592641.988
0
HO
False
1486592642.27
0
HO
False
1486592642.64
0
HO
False
1486592642.103
0
HO
False
1486592642.145
0
HO
False
1486592642.181
0
HO
False
1486592642.246
0
HO
False
1486592642.292
0
HO
False
1486592642.317
0
HO
False
1486592642.336
0
HO
False
1486592642.370
0
HO
False
1486592642.437
0
HO
False
1486592642.527
0
HO
False
1486592642.566
0
HO
False
1486592642.605
0
HO
False
1486592642.645
0
HO
False
1486592642.682
0
HO
False
1486592642.721
0
HO
False
1486592642.759
0
HO
False
1486592642.798
0
HO
False
1486592642.835
0
HO
False
1486592642.874
0
HO
False
1486592642.913
0
HO
False
1486592642.953
0
HO
False
1486592642.990
0
HO
False
1486592643.28
0
HO
False
1486592643.69
0
HO
False
1486592643.106
0
HO
False
1486592643.146
0
HO
False
1486592643.183
0
HO
False
1486592643.221
0
HO
False
1486592643.260
0
HO
False
1486592643.299
0
HO
False
1486592643.336
0
HO
False
1486592643.377
0
HO
False
1486592643.414
0
HO
False
1486592643.454
0
HO
False
1486592643.491
0
HO
False
1486592643.530
0
HO
False
1486592643.567
0
HO
False
1486592643.606
0
HO
False
1486592643.648
0
HO
False
1486592643.684
0
HO
False
1486592643.722
0
HO
False
1486592643.760
0
HO
False
1486592643.800
0
HO
False
1486592643.838
0
HO
False
1486592643.879
0
HO
False
1486592643.915
0
HO
False
1486592643.955
0
HO
False
1486592643.992
0
HO
False
1486592644.31
0
HO
False
1486592644.68
0
HO
False
1486592644.108
0
HO
False
1486592644.148
0
HO
False
1486592644.185
0
HO
False
1486592644.224
0
HO
False
1486592644.262
0
HO
False
1486592644.301
0
HO
False
1486592644.339
0
HO
False
1486592644.377
0
HO
False
1486592644.416
0
HO
False
1486592644.455
0
HO
False
1486592644.493
0
HO
False
1486592644.532
38
HB
True
1486592644.572
38
HB
True
1486592644.609
38
HB
True
1486592644.648
59
HB
True
1486592644.686
59
HB
True
1486592644.725
59
HB
True
1486592644.763
58
HB
True
1486592644.801
58
HB
True
1486592644.843
58
HB
True
1486592644.880
60
HO
True
1486592644.918
60
HO
True
1486592644.956
60
HO
True
1486592644.994
60
HA
True
1486592645.33
60
HA
True
1486592645.71
60
HA
True
1486592645.110
59
HA
True
1486592645.150
59
HA
True
1486592645.187
59
HA
True
1486592645.225
59
HA
True
1486592645.264
59
HA
True
1486592645.303
59
HA
True
1486592645.341
11
HA
True
1486592645.383
11
HA
True
1486592645.420
11
HA
True
1486592645.457
0
HO
False
1486592645.497
0
HO
False
1486592645.534
0
HO
False
1486592645.571
0
HO
False
1486592645.610
0
HO
False
1486592645.652
0
HO
False
1486592645.688
0
HO
False
1486592645.728
0
HO
False
1486592645.764
0
HO
False
1486592645.804
0
HO
False
1486592645.843
0
HO
False
1486592645.881
0
HO
False
1486592645.919
0
HO
False
1486592645.957
0
HO
False
1486592645.996
0
HO
False
1486592646.36
0
HO
False
1486592646.77
0
HO
False
1486592646.113
0
HO
False
1486592646.151
0
HO
False
1486592646.189
0
HO
False
1486592646.227
0
HO
False
1486592646.266
0
HO
False
1486592646.335
0
HO
False
1486592646.369
0
HO
False
1486592646.461
0
HO
False
1486592646.504
0
HO
False
1486592646.545
0
HO
False
1486592646.574
0
HO
False
1486592646.614
0
HO
False
1486592646.652
0
HO
False
1486592646.691
0
HO
False
1486592646.728
0
HO
False
1486592646.766
0
HO
False
1486592646.805
0
HO
False
1486592646.846
0
HO
False
1486592646.885
0
HO
False
1486592646.919
0
HO
False
1486592646.960
0
HO
False
1486592646.998
0
HO
False
1486592647.37
0
HO
False
1486592647.76
0
HO
False
1486592647.114
0
HO
False
1486592647.154
0
HO
False
1486592647.191
0
HO
False
1486592647.230
0
HO
False
1486592647.268
0
HO
False
1486592647.306
0
HO
False
1486592647.347
0
HO
False
1486592647.384
0
HO
False
1486592647.423
0
HO
False
1486592647.462
0
HO
False
1486592647.502
0
HO
False
1486592647.538
0
HO
False
1486592647.578
0
HO
False
1486592647.614
0
HO
False
1486592647.655
0
HO
False
1486592647.692
0
HO
False
1486592647.731
0
HO
False
1486592647.859
0
HO
False
1486592647.902
0
HO
False
1486592647.926
0
HO
False
1486592647.986
0
HO
False
1486592648.16
0
HO
False
1486592648.62
0
HO
False
1486592648.82
0
HO
False
1486592648.122
0
HO
False
1486592648.155
0
HO
False
1486592648.192
0
HO
False
1486592648.232
0
HO
False
1486592648.270
0
HO
False
1486592648.308
0
HO
False
1486592648.349
0
HO
False
1486592648.388
0
HO
False
1486592648.425
0
HO
False
1486592648.462
0
HO
False
1486592648.502
0
HO
False
1486592648.542
0
HO
False
1486592648.578
0
HO
False
1486592648.618
0
HO
False
1486592648.657
0
HO
False
1486592648.695
0
HO
False
1486592648.732
0
HO
False
1486592648.773
0
HO
False
1486592648.809
0
HO
False
1486592648.851
0
HO
False
1486592648.886
0
HO
False
1486592648.924
0
HO
False
1486592648.965
0
HO
False
1486592649.2
0
HO
False
1486592649.52
59
HA
True
1486592649.82
59
HA
True
1486592649.118
59
HA
True
1486592649.159
59
HA
True
1486592649.196
59
HA
True
1486592649.236
59
HA
True
1486592649.272
60
HA
True
1486592649.311
60
HA
True
1486592649.350
60
HA
True
1486592649.389
58
HO
True
1486592649.427
58
HO
True
1486592649.466
58
HO
True
1486592649.504
59
HB
True
1486592649.541
59
HB
True
1486592649.580
59
HB
True
1486592649.620
59
HB
True
1486592649.657
59
HB
True
1486592649.696
59
HB
True
1486592649.734
17
HB
True
1486592649.774
17
HB
True
1486592649.813
17
HB
True
1486592649.854
0
HB
True
1486592649.890
0
HB
True
1486592649.929
0
HB
True
1486592649.967
0
HO
False
1486592650.4
0
HO
False
1486592650.48
0
HO
False
1486592650.81
0
HO
False
1486592650.120
0
HO
False
1486592650.158
0
HO
False
1486592650.197
0
HO
False
1486592650.235
0
HO
False
1486592650.275
0
HO
False
1486592650.313
0
HO
False
1486592650.353
0
HO
False
1486592650.389
0
HO
False
1486592650.428
0
HO
False
1486592650.468
0
HO
False
1486592650.506
0
HO
False
1486592650.552
0
HO
False
1486592650.586
0
HO
False
1486592650.622
0
HO
False
1486592650.660
0
HO
False
1486592650.698
0
HO
False
1486592650.737
0
HO
False
1486592650.775
0
HO
False
1486592650.814
0
HO
False
1486592650.855
0
HO
False
1486592650.893
0
HO
False
1486592650.936
0
HO
False
1486592650.974
0
HO
False
1486592651.166
0
HO
False
1486592651.200
0
HO
False
1486592651.237
0
HO
False
1486592651.275
0
HO
False
1486592651.315
0
HO
False
1486592651.355
0
HO
False
1486592651.390
0
HO
False
1486592651.432
0
HO
False
1486592651.469
0
HO
False
1486592651.507
0
HO
False
1486592651.550
0
HO
False
1486592651.585
0
HO
False
1486592651.625
0
HO
False
1486592651.663
0
HO
False
1486592651.700
0
HO
False
1486592651.753
0
HO
False
1486592651.951
0
HO
False
1486592652.63
0
HO
False
1486592652.164
0
HO
False
1486592652.202
0
HO
False
1486592652.241
0
HO
False
1486592652.278
0
HO
False
1486592652.317
0
HO
False
1486592652.358
0
HO
False
1486592652.395
0
HO
False
1486592652.433
0
HO
False
1486592652.471
0
HO
False
1486592652.511
0
HO
False
1486592652.551
0
HO
False
1486592652.592
0
HO
False
1486592652.629
0
HO
False
1486592652.666
0
HO
False
1486592652.702
0
HO
False
1486592652.745
0
HO
False
1486592652.780
0
HO
False
1486592652.817
0
HO
False
1486592652.858
0
HO
False
1486592652.897
0
HO
False
1486592652.934
0
HO
False
1486592652.972
0
HO
False
1486592653.11
0
HO
False
1486592653.51
0
HO
False
1486592653.88
0
HO
False
1486592653.126
0
HO
False
1486592653.166
0
HO
False
1486592653.204
0
HO
False
1486592653.242
0
HO
False
1486592653.281
0
HO
False
1486592653.318
0
HO
False
1486592653.359
0
HO
False
1486592653.415
0
HO
False
1486592653.511
0
HO
False
1486592653.574
0
HO
False
1486592653.666
0
HO
False
1486592653.705
0
HO
False
1486592653.744
0
HO
False
1486592653.781
0
HO
False
1486592653.818
0
HO
False
1486592653.860
0
HO
False
1486592653.898
0
HO
False
1486592653.937
0
HO
False
1486592653.974
0
HO
False
1486592654.13
0
HO
False
1486592654.53
0
HO
False
1486592654.90
0
HO
False
1486592654.129
0
HO
False
1486592654.168
0
HO
False
1486592654.205
0
HO
False
1486592654.246
0
HO
False
1486592654.283
0
HO
False
1486592654.320
0
HO
False
1486592654.360
0
HO
False
1486592654.398
0
HO
False
1486592654.437
0
HO
False
1486592654.475
0
HO
False
1486592654.514
0
HO
False
1486592654.554
0
HO
False
1486592654.592
0
HO
False
1486592654.635
0
HO
False
1486592654.693
0
HO
False
1486592654.730
0
HO
False
1486592654.760
0
HO
False
1486592654.793
0
HO
False
1486592654.820
0
HO
False
1486592654.862
0
HO
False
1486592654.900
0
HO
False
1486592654.939
0
HO
False
1486592654.978
0
HO
False
1486592655.16
0
HO
False
1486592655.55
0
HO
False
1486592655.95
0
HO
False
1486592655.131
0
HO
False
1486592655.170
0
HO
False
1486592655.207
0
HO
False
1486592655.402
0
HO
False
1486592655.440
0
HO
False
1486592655.478
0
HO
False
1486592655.516
0
HO
False
1486592655.557
0
HO
False
1486592655.595
0
HO
False
1486592655.632
0
HO
False
1486592655.670
0
HO
False
1486592655.708
0
HO
False
1486592655.750
53
HB
True
1486592655.787
53
HB
True
1486592655.824
53
HB
True
1486592655.863
59
HB
True
1486592655.901
59
HB
True
1486592655.941
59
HB
True
1486592655.980
58
HO
True
1486592656.17
58
HO
True
1486592656.57
58
HO
True
1486592656.94
60
HO
True
1486592656.133
60
HO
True
1486592656.172
60
HO
True
1486592656.210
59
HA
True
1486592656.250
59
HA
True
1486592656.288
59
HA
True
1486592656.326
59
HA
True
1486592656.364
59
HA
True
1486592656.403
59
HA
True
1486592656.441
20
HA
True
1486592656.481
20
HA
True
1486592656.519
20
HA
True
1486592656.558
0
HA
True
1486592656.597
0
HA
True
1486592656.643
0
HA
True
1486592656.673
0
HO
False
1486592656.715
0
HO
False
1486592656.751
0
HO
False
1486592656.789
0
HO
False
1486592656.826
0
HO
False
1486592656.867
0
HO
False
1486592656.904
0
HO
False
1486592656.941
0
HO
False
1486592656.982
0
HO
False
1486592657.19
0
HO
False
1486592657.59
0
HO
False
1486592657.97
0
HO
False
1486592657.135
0
HO
False
1486592657.174
0
HO
False
1486592657.212
0
HO
False
1486592657.253
0
HO
False
1486592657.289
0
HO
False
1486592657.327
0
HO
False
1486592657.366
0
HO
False
1486592657.404
0
HO
False
1486592657.444
0
HO
False
1486592657.482
0
HO
False
1486592657.537
0
HO
False
1486592657.646
0
HO
False
1486592657.702
0
HO
False
1486592657.737
0
HO
False
1486592657.762
0
HO
False
1486592657.792
0
HO
False
1486592657.833
0
HO
False
1486592657.870
0
HO
False
1486592657.906
0
HO
False
1486592657.944
0
HO
False
1486592657.983
0
HO
False
1486592658.23
0
HO
False
1486592658.62
0
HO
False
1486592658.101
0
HO
False
1486592658.135
0
HO
False
1486592658.175
0
HO
False
1486592658.214
0
HO
False
1486592658.253
0
HO
False
1486592658.291
0
HO
False
1486592658.330
0
HO
False
1486592658.368
0
HO
False
1486592658.406
0
HO
False
1486592658.444
0
HO
False
1486592658.485
0
HO
False
1486592658.522
0
HO
False
1486592658.561
0
HO
False
1486592658.599
0
HO
False
1486592658.638
0
HO
False
1486592658.676
0
HO
False
1486592658.715
0
HO
False
1486592658.772
0
HO
False
1486592658.873
0
HO
False
1486592658.913
0
HO
False
1486592658.969
0
HO
False
1486592659.62
0
HO
False
1486592659.101
0
HO
False
1486592659.140
0
HO
False
1486592659.178
0
HO
False
1486592659.216
0
HO
False
1486592659.257
0
HO
False
1486592659.292
0
HO
False
1486592659.331
0
HO
False
1486592659.370
0
HO
False
1486592659.409
0
HO
False
1486592659.450
0
HO
False
1486592659.486
0
HO
False
1486592659.524
0
HO
False
1486592659.564
0
HO
False
1486592659.603
0
HO
False
1486592659.641
0
HO
False
1486592659.679
0
HO
False
1486592659.717
0
HO
False
1486592659.757
0
HO
False
1486592659.794
0
HO
False
1486592659.832
0
HO
False
1486592659.873
0
HO
False
1486592659.911
0
HO
False
1486592659.949
0
HO
False
1486592659.989
0
HO
False
1486592660.25
0
HO
False
1486592660.64
0
HO
False
1486592660.102
0
HO
False
1486592660.141
0
HA
True
1486592660.179
0
HA
True
1486592660.219
0
HA
True
1486592660.258
59
HA
True
1486592660.296
59
HA
True
1486592660.333
59
HA
True
1486592660.371
60
HA
True
1486592660.411
60
HA
True
1486592660.451
60
HA
True
1486592660.488
60
HA
True
1486592660.527
60
HA
True
1486592660.564
60
HA
True
1486592660.604
58
HO
True
1486592660.642
58
HO
True
1486592660.681
58
HO
True
1486592660.719
59
HB
True
1486592660.760
59
HB
True
1486592660.796
59
HB
True
1486592660.836
26
HB
True
1486592660.875
26
HB
True
1486592660.912
26
HB
True
1486592661.105
0
HO
False
1486592661.143
0
HO
False
1486592661.182
0
HO
False
1486592661.221
0
HO
False
1486592661.259
0
HO
False
1486592661.297
0
HO
False
1486592661.337
0
HO
False
1486592661.374
0
HO
False
1486592661.413
0
HO
False
1486592661.453
0
HO
False
1486592661.490
0
HO
False
1486592661.530
0
HO
False
1486592661.566
0
HO
False
1486592661.605
0
HO
False
1486592661.644
0
HO
False
1486592661.683
0
HO
False
1486592661.914
0
HO
False
1486592661.954
0
HO
False
1486592661.991
0
HO
False
1486592662.30
0
HO
False
1486592662.68
0
HO
False
1486592662.107
0
HO
False
1486592662.146
0
HO
False
1486592662.185
0
HO
False
1486592662.224
0
HO
False
1486592662.263
0
HO
False
1486592662.299
0
HO
False
1486592662.339
0
HO
False
1486592662.376
0
HO
False
1486592662.415
0
HO
False
1486592662.455
0
HO
False
1486592662.493
0
HO
False
1486592662.531
0
HO
False
1486592662.576
0
HO
False
1486592662.607
0
HO
False
1486592662.647
0
HO
False
1486592662.684
0
HO
False
1486592662.724
0
HO
False
1486592662.765
0
HO
False
1486592662.799
0
HO
False
1486592662.839
0
HO
False
1486592662.878
0
HO
False
1486592662.916
0
HO
False
1486592662.956
0
HO
False
1486592662.994
0
HO
False
1486592663.51
0
HO
False
1486592663.147
0
HO
False
1486592663.185
0
HO
False
1486592663.242
0
HO
False
1486592663.287
0
HO
False
1486592663.324
0
HO
False
1486592663.347
0
HO
False
1486592663.377
0
HO
False
1486592663.417
0
HO
False
1486592663.457
0
HO
False
1486592663.495
0
HO
False
1486592663.533
0
HO
False
1486592663.570
0
HO
False
1486592663.609
0
HO
False
1486592663.649
0
HO
False
1486592663.687
0
HO
False
1486592663.726
0
HO
False
1486592663.766
0
HO
False
1486592663.802
0
HO
False
1486592663.841
0
HO
False
1486592663.879
0
HO
False
1486592663.917
0
HO
False
1486592663.958
0
HO
False
1486592663.996
0
HO
False
1486592664.33
0
HO
False
1486592664.79
0
HO
False
1486592664.112
0
HO
False
1486592664.150
0
HO
False
1486592664.188
0
HO
False
1486592664.226
0
HO
False
1486592664.266
0
HO
False
1486592664.304
0
HO
False
1486592664.342
0
HO
False
1486592664.381
0
HO
False
1486592664.419
0
HO
False
1486592664.483
0
HO
False
1486592664.574
0
HO
False
1486592664.611
0
HO
False
1486592664.665
0
HO
False
1486592664.710
0
HO
False
1486592664.804
0
HO
False
1486592664.843
0
HO
False
1486592664.882
0
HO
False
1486592664.921
0
HO
False
1486592665.113
0
HO
False
1486592665.154
0
HO
False
1486592665.191
0
HO
False
1486592665.228
0
HO
False
1486592665.267
0
HO
False
1486592665.307
0
HO
False
1486592665.345
0
HO
False
1486592665.383
0
HO
False
1486592665.421
0
HO
False
1486592665.461
0
HO
False
1486592665.499
0
HO
False
1486592665.538
0
HO
False
1486592665.581
0
HO
False
1486592665.614
0
HO
False
1486592665.654
0
HO
False
1486592665.691
0
HO
False
1486592665.730
0
HO
False
1486592665.768
0
HO
False
1486592665.806
0
HO
False
1486592665.846
0
HO
False
1486592665.883
0
HO
False
1486592665.923
0
HO
False
1486592665.962
0
HO
False
1486592665.999
0
HO
False
1486592666.39
0
HO
False
1486592666.76
0
HO
False
1486592666.115
0
HO
False
1486592666.156
0
HO
False
1486592666.194
0
HO
False
1486592666.231
0
HO
False
1486592666.270
0
HO
False
1486592666.308
0
HO
False
1486592666.347
0
HO
False
1486592666.386
0
HO
False
1486592666.423
0
HO
False
1486592666.465
0
HO
False
1486592666.500
0
HO
False
1486592666.540
0
HO
False
1486592666.577
0
HO
False
1486592666.617
0
HO
False
1486592666.658
0
HO
False
1486592666.693
0
HO
False
1486592666.731
0
HO
False
1486592666.772
0
HO
False
1486592666.808
0
HO
False
1486592666.848
0
HO
True
1486592666.886
0
HO
True
1486592666.925
0
HO
True
1486592666.965
47
HB
True
1486592667.3
47
HB
True
1486592667.40
47
HB
True
1486592667.85
59
HB
True
1486592667.116
59
HB
True
1486592667.158
59
HB
True
1486592667.194
58
HO
True
1486592667.232
58
HO
True
1486592667.272
58
HO
True
1486592667.311
60
HO
True
1486592667.348
60
HO
True
1486592667.387
60
HO
True
1486592667.426
60
HA
True
1486592667.466
60
HA
True
1486592667.503
60
HA
True
1486592667.540
59
HA
True
1486592667.580
59
HA
True
1486592667.618
59
HA
True
1486592667.659
23
HA
True
1486592667.696
23
HA
True
1486592667.733
23
HA
True
1486592667.773
0
HA
True
1486592667.810
0
HA
True
1486592667.849
0
HA
True
1486592667.889
0
HO
False
1486592667.927
0
HO
False
1486592667.966
0
HO
False
1486592668.3
0
HO
False
1486592668.42
0
HO
False
1486592668.81
0
HO
False
1486592668.119
0
HO
False
1486592668.159
0
HO
False
1486592668.198
0
HO
False
1486592668.235
0
HO
False
1486592668.275
0
HO
False
1486592668.317
0
HO
False
1486592668.351
0
HO
False
1486592668.387
0
HO
False
1486592668.427
0
HO
False
1486592668.468
0
HO
False
1486592668.505
0
HO
False
1486592668.543
0
HO
False
1486592668.590
0
HO
False
1486592668.621
0
HO
False
1486592668.660
0
HO
False
1486592668.697
0
HO
False
1486592668.820
0
HO
False
1486592668.867
0
HO
False
1486592668.920
0
HO
False
1486592668.952
0
HO
False
1486592668.971
0
HO
False
1486592669.4
0
HO
False
1486592669.44
0
HO
False
1486592669.86
0
HO
False
1486592669.124
0
HO
False
1486592669.161
0
HO
False
1486592669.198
0
HO
False
1486592669.236
0
HO
False
1486592669.277
0
HO
False
1486592669.315
0
HO
False
1486592669.354
0
HO
False
1486592669.390
0
HO
False
1486592669.430
0
HO
False
1486592669.469
0
HO
False
1486592669.506
0
HO
False
1486592669.548
0
HO
False
1486592669.584
0
HO
False
1486592669.623
0
HO
False
1486592669.663
0
HO
False
1486592669.699
0
HO
False
1486592669.737
0
HO
False
1486592669.776
0
HO
False
1486592669.814
0
HO
False
1486592669.854
0
HO
False
1486592669.892
0
HO
False
1486592669.948
0
HO
False
1486592669.997
0
HO
False
1486592670.93
0
HO
False
1486592670.148
0
HO
False
1486592670.166
0
HO
False
1486592670.205
0
HO
False
1486592670.237
0
HO
False
1486592670.277
0
HO
False
1486592670.316
0
HO
False
1486592670.355
0
HO
False
1486592670.394
0
HO
False
1486592670.431
0
HO
False
1486592670.472
0
HO
False
1486592670.510
0
HO
False
1486592670.547
0
HO
False
1486592670.587
0
HO
False
1486592670.625
0
HO
False
1486592670.665
0
HO
False
1486592670.701
0
HO
False
1486592670.740
0
HO
False
1486592670.779
0
HO
False
1486592670.817
0
HO
False
1486592670.858
0
HO
False
1486592670.895
0
HO
False
1486592670.933
0
HO
False
1486592670.973
0
HO
False
1486592671.11
0
HO
False
1486592671.48
0
HO
False
1486592671.87
0
HO
False
1486592671.126
0
HO
False
1486592671.167
0
HO
False
1486592671.203
0
HO
False
1486592671.242
0
HO
False
1486592671.280
0
HO
False
1486592671.318
0
HO
False
1486592671.359
0
HA
True
1486592671.396
0
HA
True
1486592671.433
0
HA
True
1486592671.473
59
HA
True
1486592671.511
59
HA
True
1486592671.549
59
HA
True
1486592671.595
60
HA
True
1486592671.630
60
HA
True
1486592671.668
60
HA
True
1486592671.704
60
HO
True
1486592671.748
60
HO
True
1486592671.791
60
HO
True
1486592671.824
59
HB
True
1486592671.859
59
HB
True
1486592671.895
59
HB
True
1486592671.938
59
HB
True
1486592671.974
59
HB
True
1486592672.12
59
HB
True
1486592672.50
14
HB
True
1486592672.89
14
HB
True
1486592672.128
14
HB
True
1486592672.167
0
HB
True
1486592672.205
0
HB
True
1486592672.244
0
HB
True
1486592672.283
0
HO
False
1486592672.322
0
HO
False
1486592672.361
0
HO
False
1486592672.397
0
HO
False
1486592672.435
0
HO
False
1486592672.474
0
HO
False
1486592672.513
0
HO
False
1486592672.553
0
HO
False
1486592672.590
0
HO
False
1486592672.629
0
HO
False
1486592672.669
0
HO
False
1486592672.705
0
HO
False
1486592672.746
0
HO
False
1486592672.782
0
HO
False
1486592672.822
0
HO
False
1486592672.862
0
HO
False
1486592672.899
0
HO
False
1486592672.937
0
HO
False
1486592672.975
0
HO
False
1486592673.14
0
HO
False
1486592673.52
0
HO
False
1486592673.98
0
HO
False
1486592673.129
0
HO
False
1486592673.170
0
HO
False
1486592673.207
0
HO
False
1486592673.246
0
HO
False
1486592673.284
0
HO
False
1486592673.321
0
HO
False
1486592673.363
0
HO
False
1486592673.400
0
HO
False
1486592673.438
0
HO
False
1486592673.476
0
HO
False
1486592673.515
0
HO
False
1486592673.554
0
HO
False
1486592673.592
0
HO
False
1486592673.631
0
HO
False
1486592673.672
0
HO
False
1486592673.707
0
HO
False
1486592673.747
0
HO
False
1486592673.784
0
HO
False
1486592673.823
0
HO
False
1486592673.864
0
HO
False
1486592673.900
0
HO
False
1486592673.938
0
HO
False
1486592673.977
0
HO
False
1486592674.16
0
HO
False
1486592674.55
0
HO
False
1486592674.94
0
HO
False
1486592674.132
0
HO
False
1486592674.172
0
HO
False
1486592674.228
0
HO
False
1486592674.323
0
HO
False
1486592674.364
0
HO
False
1486592674.419
0
HO
False
1486592674.517
0
HO
False
1486592674.559
0
HO
False
1486592674.601
0
HO
False
1486592674.632
0
HO
False
1486592674.671
0
HO
False
1486592674.711
0
HO
False
1486592674.748
0
HO
False
1486592674.787
0
HO
False
1486592674.825
0
HO
False
1486592674.868
0
HO
False
1486592674.902
0
HO
False
1486592674.942
0
HO
False
1486592674.980
0
HO
False
1486592675.19
0
HO
False
1486592675.58
0
HO
False
1486592675.95
0
HO
False
1486592675.133
0
HO
False
1486592675.172
0
HO
False
1486592675.211
0
HO
False
1486592675.250
0
HO
False
1486592675.290
0
HO
False
1486592675.326
0
HO
False
1486592675.367
0
HO
False
1486592675.405
0
HO
False
1486592675.459
0
HO
False
1486592675.560
0
HO
False
1486592675.596
0
HO
False
1486592675.634
0
HO
False
1486592675.688
0
HO
False
1486592675.789
0
HO
False
1486592675.827
0
HO
False
1486592675.868
0
HO
False
1486592675.905
0
HO
False
1486592675.944
0
HO
False
1486592675.981
0
HO
False
1486592676.21
0
HO
False
1486592676.62
0
HO
False
1486592676.104
0
HO
False
1486592676.136
0
HO
False
1486592676.174
0
HO
False
1486592676.214
0
HO
False
1486592676.252
0
HO
False
1486592676.291
0
HO
False
1486592676.329
0
HO
False
1486592676.520
0
HO
False
1486592676.561
0
HO
False
1486592676.752
0
HO
False
1486592676.791
0
HO
False
1486592676.829
0
HO
False
1486592676.871
0
HO
False
1486592676.907
0
HO
False
1486592676.945
0
HO
False
1486592676.985
0
HO
False
1486592677.23
0
HO
False
1486592677.62
0
HO
False
1486592677.100
0
HO
False
1486592677.138
0
HO
False
1486592677.176
0
HO
False
1486592677.216
0
HO
False
1486592677.254
0
HO
False
1486592677.293
0
HO
False
1486592677.331
0
HO
False
1486592677.372
0
HO
False
1486592677.407
0
HO
False
1486592677.447
0
HO
False
1486592677.485
0
HO
False
1486592677.523
0
HO
False
1486592677.563
0
HO
False
1486592677.605
0
HO
False
1486592677.639
0
HO
False
1486592677.680
0
HO
False
1486592677.716
0
HB
True
1486592677.755
0
HB
True
1486592677.793
0
HB
True
1486592677.831
59
HB
True
1486592677.871
59
HB
True
1486592677.910
59
HB
True
1486592677.948
59
HB
True
1486592677.986
59
HB
True
1486592678.24
59
HB
True
1486592678.65
60
HO
True
1486592678.101
60
HO
True
1486592678.140
60
HO
True
1486592678.179
60
HO
True
1486592678.217
60
HO
True
1486592678.260
60
HO
True
1486592678.294
59
HA
True
1486592678.334
59
HA
True
1486592678.373
59
HA
True
1486592678.410
59
HA
True
1486592678.449
59
HA
True
1486592678.488
59
HA
True
1486592678.526
5
HA
True
1486592678.566
5
HA
True
1486592678.602
5
HA
True
1486592678.642
0
HO
False
1486592678.681
0
HO
False
1486592678.718
0
HO
False
1486592678.757
0
HO
False
1486592678.796
0
HO
False
1486592678.834
0
HO
False
1486592678.875
0
HO
False
1486592678.911
0
HO
False
1486592678.949
0
HO
False
1486592678.988
0
HO
False
1486592679.27
0
HO
False
1486592679.66
0
HO
False
1486592679.107
0
HO
False
1486592679.143
0
HO
False
1486592679.182
0
HO
False
1486592679.220
0
HO
False
1486592679.260
0
HO
False
1486592679.297
0
HO
False
1486592679.362
0
HO
False
1486592679.450
0
HO
False
1486592679.502
0
HO
False
1486592679.562
0
HO
False
1486592679.588
0
HO
False
1486592679.611
0
HO
False
1486592679.643
0
HO
False
1486592679.681
0
HO
False
1486592679.721
0
HO
False
1486592679.760
0
HO
False
1486592679.797
0
HO
False
1486592679.836
0
HO
False
1486592679.876
0
HO
False
1486592679.914
0
HO
False
1486592679.952
0
HO
False
1486592679.990
0
HO
False
1486592680.31
0
HO
False
1486592680.67
0
HO
False
1486592680.106
0
HO
False
1486592680.145
0
HO
False
1486592680.185
0
HO
False
1486592680.221
0
HO
False
1486592680.261
0
HO
False
1486592680.299
0
HO
False
1486592680.337
0
HO
False
1486592680.377
0
HO
False
1486592680.415
0
HO
False
1486592680.453
0
HO
False
1486592680.492
0
HO
False
1486592680.529
0
HO
False
1486592680.569
0
HO
False
1486592680.610
0
HO
False
1486592680.646
0
HO
False
1486592680.684
0
HO
False
1486592680.722
0
HO
False
1486592680.764
0
HO
False
1486592680.799
0
HO
False
1486592680.838
0
HO
False
1486592680.877
0
HO
False
1486592680.914
0
HO
False
1486592680.953
0
HO
False
1486592680.992
0
HO
False
1486592681.33
0
HO
False
1486592681.72
0
HO
False
1486592681.107
0
HO
False
1486592681.147
0
HO
False
1486592681.185
0
HO
False
1486592681.243
0
HO
False
1486592681.424
0
HO
False
1486592681.456
0
HO
False
1486592681.493
0
HO
False
1486592681.533
0
HO
False
1486592681.571
0
HO
False
1486592681.609
0
HO
False
1486592681.647
0
HO
False
1486592681.687
0
HO
False
1486592681.739
0
HO
False
1486592681.791
0
HO
False
1486592681.825
0
HO
False
1486592681.862
0
HO
False
1486592681.884
0
HO
False
1486592681.915
0
HO
False
1486592681.955
0
HO
False
1486592681.994
0
HO
False
1486592682.34
0
HO
False
1486592682.73
0
HO
False
1486592682.110
0
HO
False
1486592682.149
0
HO
False
1486592682.187
0
HO
False
1486592682.227
0
HO
False
1486592682.264
0
HO
False
1486592682.303
0
HO
False
1486592682.343
0
HO
False
1486592682.380
0
HO
False
1486592682.418
0
HO
False
1486592682.456
0
HO
False
1486592682.495
0
HO
False
1486592682.535
0
HO
False
1486592682.574
59
HA
True
1486592682.612
59
HA
True
1486592682.650
59
HA
True
1486592682.688
59
HA
True
1486592682.728
59
HA
True
1486592682.766
59
HA
True
1486592682.806
60
HA
True
1486592682.843
60
HA
True
1486592682.882
60
HA
True
1486592682.919
58
HO
True
1486592682.959
58
HO
True
1486592682.996
58
HO
True
1486592683.35
59
HB
True
1486592683.76
59
HB
True
1486592683.113
59
HB
True
1486592683.150
26
HB
True
1486592683.189
26
HB
True
1486592683.227
26
HB
True
1486592683.268
14
HB
True
1486592683.304
14
HB
True
1486592683.344
14
HB
True
1486592683.383
0
HO
False
1486592683.420
0
HO
False
1486592683.458
0
HO
False
1486592683.498
0
HO
False
1486592683.536
0
HO
False
1486592683.576
0
HO
False
1486592683.617
0
HO
False
1486592683.653
0
HO
False
1486592683.689
0
HO
False
1486592683.728
0
HO
False
1486592683.770
0
HO
False
1486592683.807
0
HO
False
1486592683.845
0
HO
False
1486592683.886
0
HO
False
1486592683.921
0
HO
False
1486592683.962
0
HO
False
1486592683.998
0
HO
False
1486592684.37
0
HO
False
1486592684.77
0
HO
False
1486592684.113
0
HO
False
1486592684.154
0
HO
False
1486592684.196
0
HO
False
1486592684.229
0
HO
False
1486592684.270
0
HO
False
1486592684.306
0
HO
False
1486592684.347
0
HO
False
1486592684.386
0
HO
False
1486592684.422
0
HO
False
1486592684.461
0
HO
False
1486592684.499
0
HO
False
1486592684.538
0
HO
False
1486592684.579
0
HO
False
1486592684.615
0
HO
False
1486592684.655
0
HO
False
1486592684.692
0
HO
False
1486592684.731
0
HO
False
1486592684.963
0
HO
False
1486592685.1
0
HO
False
1486592685.38
0
HO
False
1486592685.78
0
HO
False
1486592685.117
0
HO
False
1486592685.154
0
HO
False
1486592685.194
0
HO
False
1486592685.233
0
HO
False
1486592685.270
0
HO
False
1486592685.308
0
HO
False
1486592685.349
0
HO
False
1486592685.389
0
HO
False
1486592685.424
0
HO
False
1486592685.463
0
HO
False
1486592685.527
0
HO
False
1486592685.573
0
HO
False
1486592685.656
0
HO
False
1486592685.707
0
HO
False
1486592685.764
0
HO
False
1486592685.926
0
HO
False
1486592685.964
0
HO
False
1486592686.3
0
HO
False
1486592686.42
0
HO
False
1486592686.81
0
HO
False
1486592686.118
0
HO
False
1486592686.158
0
HO
False
1486592686.195
0
HO
False
1486592686.234
0
HO
False
1486592686.275
0
HO
False
1486592686.311
0
HO
False
1486592686.349
0
HO
False
1486592686.390
0
HO
False
1486592686.429
0
HO
False
1486592686.464
0
HO
False
1486592686.503
0
HO
False
1486592686.545
0
HO
False
1486592686.582
0
HO
False
1486592686.621
0
HO
False
1486592686.658
0
HO
False
1486592686.703
0
HO
False
1486592686.735
0
HO
False
1486592686.776
0
HO
False
1486592686.813
0
HO
False
1486592686.850
0
HO
False
1486592686.890
0
HO
False
1486592686.930
0
HO
False
1486592686.966
0
HO
False
1486592687.6
0
HO
False
1486592687.43
0
HO
False
1486592687.240
0
HO
False
1486592687.302
0
HO
False
1486592687.338
0
HO
False
1486592687.370
0
HO
False
1486592687.392
0
HO
False
1486592687.429
0
HO
False
1486592687.468
0
HO
False
1486592687.505
0
HO
False
1486592687.546
0
HO
False
1486592687.584
0
HO
False
1486592687.620
0
HO
False
1486592687.660
0
HO
False
1486592687.699
0
HO
False
1486592687.737
0
HO
False
1486592687.778
0
HO
False
1486592687.814
0
HO
False
1486592687.854
0
HO
False
1486592687.891
0
HO
False
1486592687.931
0
HO
False
1486592687.968
0
HO
False
1486592688.8
0
HO
False
1486592688.45
0
HO
False
1486592688.86
0
HO
False
1486592688.126
0
HO
False
1486592688.161
0
HO
False
1486592688.201
0
HO
False
1486592688.238
0
HO
False
1486592688.278
0
HO
False
1486592688.315
0
HO
False
1486592688.356
0
HO
False
1486592688.395
0
HO
False
1486592688.431
0
HO
False
1486592688.469
0
HO
False
1486592688.507
0
HO
False
1486592688.548
0
HO
False
1486592688.586
0
HO
False
1486592688.623
0
HO
False
1486592688.663
0
HO
False
1486592688.701
0
HO
False
1486592688.740
0
HO
False
1486592688.779
0
HO
False
1486592688.815
0
HO
False
1486592688.855
0
HO
False
1486592688.894
0
HO
False
1486592688.932
0
HO
False
1486592688.971
0
HO
False
1486592689.14
0
HO
False
1486592689.52
0
HO
False
1486592689.87
0
HO
False
1486592689.125
0
HO
False
1486592689.163
0
HO
False
1486592689.202
0
HO
False
1486592689.240
0
HO
False
1486592689.281
0
HB
True
1486592689.316
0
HB
True
1486592689.357
0
HB
True
1486592689.393
0
HO
False
1486592689.433
0
HO
False
1486592689.472
0
HO
False
1486592689.510
0
HB
True
1486592689.549
0
HB
True
1486592689.588
0
HB
True
1486592689.629
59
HB
True
1486592689.663
59
HB
True
1486592689.703
59
HB
True
1486592689.742
59
HB
True
1486592689.782
59
HB
True
1486592689.818
59
HB
True
1486592689.857
60
HO
True
1486592689.895
60
HO
True
1486592689.935
60
HO
True
1486592689.974
60
HA
True
1486592690.10
60
HA
True
1486592690.49
60
HA
True
1486592690.89
59
HA
True
1486592690.127
59
HA
True
1486592690.165
59
HA
True
1486592690.204
26
HA
True
1486592690.243
26
HA
True
1486592690.284
26
HA
True
1486592690.319
0
HA
True
1486592690.357
0
HA
True
1486592690.396
0
HA
True
1486592690.435
0
HO
False
1486592690.486
0
HO
False
1486592690.530
0
HO
False
1486592690.565
0
HO
False
1486592690.592
0
HO
False
1486592690.633
0
HO
False
1486592690.669
0
HO
False
1486592690.705
0
HO
False
1486592690.744
0
HO
False
1486592690.784
0
HO
False
1486592690.819
0
HO
False
1486592690.859
0
HO
False
1486592690.898
0
HO
False
1486592690.936
0
HO
False
1486592690.974
0
HO
False
1486592691.20
0
HO
False
1486592691.55
0
HO
False
1486592691.91
0
HO
False
1486592691.131
0
HO
False
1486592691.169
0
HO
False
1486592691.207
0
HO
False
1486592691.245
0
HO
False
1486592691.438
0
HO
False
1486592691.492
0
HO
False
1486592691.518
0
HO
False
1486592691.555
0
HO
False
1486592691.594
0
HO
False
1486592691.630
0
HO
False
1486592691.669
0
HO
False
1486592691.716
0
HO
False
1486592691.760
0
HO
False
1486592691.804
0
HO
False
1486592691.829
0
HO
False
1486592691.862
0
HO
False
1486592691.900
0
HO
False
1486592691.938
0
HO
False
1486592691.977
0
HO
False
1486592692.17
0
HO
False
1486592692.54
0
HO
False
1486592692.93
0
HO
False
1486592692.131
0
HO
False
1486592692.170
0
HO
False
1486592692.210
0
HO
False
1486592692.246
0
HO
False
1486592692.287
0
HO
False
1486592692.322
0
HO
False
1486592692.362
0
HO
False
1486592692.401
0
HO
False
1486592692.439
0
HO
False
1486592692.479
0
HO
False
1486592692.530
0
HO
False
1486592692.652
0
HO
False
1486592692.753
0
HO
False
1486592692.864
0
HO
False
1486592692.904
0
HO
False
1486592692.940
0
HO
False
1486592692.978
0
HO
False
1486592693.18
0
HO
False
1486592693.56
0
HO
False
1486592693.97
0
HO
False
1486592693.133
0
HO
False
1486592693.172
0
HO
False
1486592693.211
0
HO
False
1486592693.248
0
HO
False
1486592693.287
0
HO
False
1486592693.325
0
HO
False
1486592693.364
0
HO
False
1486592693.405
0
HO
False
1486592693.441
0
HO
False
1486592693.479
0
HO
False
1486592693.518
0
HO
False
1486592693.557
0
HO
False
1486592693.597
0
HO
False
1486592693.634
0
HO
False
1486592693.673
0
HO
False
1486592693.713
0
HO
False
1486592693.750
0
HO
False
1486592693.788
0
HO
False
1486592693.825
0
HO
False
1486592693.867
0
HO
False
1486592693.905
0
HO
False
1486592693.942
0
HO
False
1486592693.980
0
HO
False
1486592694.19
0
HO
False
1486592694.58
0
HO
False
1486592694.98
0
HO
False
1486592694.137
0
HO
False
1486592694.173
0
HO
False
1486592694.212
0
HO
False
1486592694.251
0
HO
False
1486592694.289
0
HO
False
1486592694.326
0
HO
False
1486592694.367
59
HA
True
1486592694.406
59
HA
True
1486592694.446
59
HA
True
1486592694.482
59
HA
True
1486592694.521
59
HA
True
1486592694.559
59
HA
True
1486592694.600
60
HA
True
1486592694.636
60
HA
True
1486592694.674
60
HA
True
1486592694.713
58
HO
True
1486592694.753
58
HO
True
1486592694.791
58
HO
True
1486592694.828
59
HB
True
1486592694.867
59
HB
True
1486592694.907
59
HB
True
1486592694.945
59
HB
True
1486592694.983
59
HB
True
1486592695.21
59
HB
True
1486592695.61
17
HB
True
1486592695.100
17
HB
True
1486592695.137
17
HB
True
1486592695.175
0
HO
False
1486592695.215
0
HO
False
1486592695.253
0
HO
False
1486592695.291
0
HO
False
1486592695.329
0
HO
False
1486592695.368
0
HO
False
1486592695.409
0
HO
False
1486592695.446
0
HO
False
1486592695.484
0
HO
False
1486592695.522
0
HO
False
1486592695.562
0
HO
False
1486592695.754
0
HO
False
1486592695.793
0
HO
False
1486592695.830
0
HO
False
1486592695.869
0
HO
False
1486592695.909
0
HO
False
1486592695.947
0
HO
False
1486592695.985
0
HO
False
1486592696.23
0
HO
False
1486592696.63
0
HO
False
1486592696.103
0
HO
False
1486592696.140
0
HO
False
1486592696.178
0
HO
False
1486592696.216
0
HO
False
1486592696.255
0
HO
False
1486592696.293
0
HO
False
1486592696.331
0
HO
False
1486592696.371
0
HO
False
1486592696.410
0
HO
False
1486592696.448
0
HO
False
1486592696.485
0
HO
False
1486592696.525
0
HO
False
1486592696.563
0
HO
False
1486592696.604
0
HO
False
1486592696.640
0
HO
False
1486592696.679
0
HO
False
1486592696.718
0
HO
False
1486592696.756
0
HO
False
1486592696.795
0
HO
False
1486592696.832
0
HO
False
1486592696.873
0
HO
False
1486592696.912
0
HO
False
1486592696.948
0
HO
False
1486592696.987
0
HO
False
1486592697.26
0
HO
False
1486592697.64
0
HO
False
1486592697.117
0
HO
False
1486592697.223
0
HO
False
1486592697.255
0
HO
False
1486592697.313
0
HO
False
1486592697.360
0
HO
False
1486592697.451
0
HO
False
1486592697.489
0
HO
False
1486592697.527
0
HO
False
1486592697.565
0
HO
False
1486592697.605
0
HO
False
1486592697.642
0
HO
False
1486592697.682
0
HO
False
1486592697.720
0
HO
False
1486592697.759
0
HO
False
1486592697.798
0
HO
False
1486592697.834
0
HO
False
1486592697.873
0
HO
False
1486592697.913
0
HO
False
1486592697.951
0
HO
False
1486592697.989
0
HO
False
1486592698.29
0
HO
False
1486592698.67
0
HO
False
1486592698.107
0
HO
False
1486592698.143
0
HO
False
1486592698.183
0
HO
False
1486592698.221
0
HO
False
1486592698.259
0
HO
False
1486592698.300
0
HO
False
1486592698.336
0
HO
False
1486592698.376
0
HO
False
1486592698.414
0
HO
False
1486592698.468
0
HO
False
1486592698.567
0
HO
False
1486592698.623
0
HO
False
1486592698.667
0
HO
False
1486592698.760
0
HO
False
1486592698.802
0
HO
False
1486592698.837
0
HO
False
1486592698.875
0
HO
False
1486592698.914
0
HO
False
1486592698.953
0
HO
False
1486592698.991
0
HO
False
1486592699.29
0
HO
False
1486592699.68
0
HO
False
1486592699.108
0
HO
False
1486592699.146
0
HO
False
1486592699.184
0
HO
False
1486592699.223
0
HO
False
1486592699.261
0
HO
False
1486592699.454
0
HO
False
1486592699.492
0
HO
False
1486592699.531
0
HO
False
1486592699.569
0
HO
False
1486592699.610
0
HO
False
1486592699.647
0
HO
False
1486592699.685
0
HO
False
1486592699.724
0
HO
False
1486592699.763
0
HO
False
1486592699.802
0
HO
False
1486592699.839
0
HO
False
1486592699.879
0
HO
False
1486592699.915
0
HO
False
1486592699.955
0
HO
False
1486592699.993
0
HO
False
1486592700.34
0
HO
False
1486592700.69
0
HO
False
1486592700.112
0
HO
False
1486592700.151
0
HO
False
1486592700.188
0
HO
False
1486592700.226
0
HO
False
1486592700.263
0
HO
False
1486592700.302
0
HO
False
1486592700.340
0
HO
False
1486592700.380
0
HO
False
1486592700.418
0
HO
False
1486592700.455
0
HO
False
1486592700.496
0
HO
False
1486592700.533
0
HO
False
1486592700.571
0
HO
False
1486592700.612
0
HO
False
1486592700.648
0
HO
False
1486592700.687
0
HO
False
1486592700.726
0
HO
False
1486592700.764
0
HO
False
1486592700.805
0
HO
False
1486592700.841
0
HO
False
1486592700.882
0
HO
False
1486592700.918
0
HO
False
1486592700.957
0
HO
False
1486592700.996
0
HO
False
1486592701.59
0
HO
False
1486592701.150
0
HO
True
1486592701.188
53
HB
True
1486592701.227
53
HB
True
1486592701.265
53
HB
True
1486592701.307
59
HB
True
1486592701.343
59
HB
True
1486592701.380
59
HB
True
1486592701.420
58
HO
True
1486592701.457
58
HO
True
1486592701.497
58
HO
True
1486592701.534
60
HO
True
1486592701.573
60
HO
True
1486592701.613
60
HO
True
1486592701.652
60
HA
True
1486592701.689
60
HA
True
1486592701.733
60
HA
True
1486592701.777
59
HA
True
1486592701.813
59
HA
True
1486592701.846
59
HA
True
1486592701.884
26
HA
True
1486592701.919
26
HA
True
1486592701.959
26
HA
True
1486592701.999
0
HA
True
1486592702.37
0
HA
True
1486592702.75
0
HA
True
1486592702.113
0
HO
False
1486592702.152
0
HO
False
1486592702.190
0
HO
False
1486592702.229
0
HO
False
1486592702.267
0
HO
False
1486592702.308
0
HO
False
1486592702.344
0
HO
False
1486592702.383
0
HO
False
1486592702.421
0
HO
False
1486592702.460
0
HO
False
1486592702.501
0
HO
False
1486592702.539
0
HO
False
1486592702.574
0
HO
False
1486592702.616
0
HO
False
1486592702.653
0
HO
False
1486592702.691
0
HO
False
1486592702.731
0
HO
False
1486592702.768
0
HO
False
1486592702.810
0
HO
False
1486592702.845
0
HO
False
1486592702.884
0
HO
False
1486592702.923
0
HO
False
1486592702.961
0
HO
False
1486592703.19
0
HO
False
1486592703.193
0
HO
False
1486592703.241
0
HO
False
1486592703.267
0
HO
False
1486592703.311
0
HO
False
1486592703.346
0
HO
False
1486592703.384
0
HO
False
1486592703.423
0
HO
False
1486592703.462
0
HO
False
1486592703.502
0
HO
False
1486592703.540
0
HO
False
1486592703.577
0
HO
False
1486592703.616
0
HO
False
1486592703.655
0
HO
False
1486592703.693
0
HO
False
1486592703.731
0
HO
False
1486592703.771
0
HO
False
1486592703.811
0
HO
False
1486592703.847
0
HO
False
1486592703.887
0
HO
False
1486592703.924
0
HO
False
1486592703.964
0
HO
False
1486592704.4
0
HO
False
1486592704.45
0
HO
False
1486592704.82
0
HO
False
1486592704.117
0
HO
False
1486592704.155
0
HO
False
1486592704.219
0
HO
False
1486592704.258
0
HO
False
1486592704.426
0
HO
False
1486592704.463
0
HO
False
1486592704.505
0
HO
False
1486592704.542
0
HO
False
1486592704.580
0
HO
False
1486592704.619
0
HO
False
1486592704.657
0
HO
False
1486592704.696
0
HO
False
1486592704.735
0
HO
False
1486592704.772
0
HO
False
1486592704.812
0
HO
False
1486592704.849
0
HO
False
1486592704.889
0
HO
False
1486592704.926
0
HO
False
1486592704.965
0
HO
False
1486592705.5
0
HO
False
1486592705.43
0
HO
False
1486592705.81
0
HO
False
1486592705.120
0
HO
False
1486592705.158
0
HO
False
1486592705.197
0
HO
False
1486592705.234
0
HO
False
1486592705.274
0
HO
False
1486592705.315
0
HO
False
1486592705.352
0
HO
False
1486592705.389
0
HO
False
1486592705.428
0
HO
False
1486592705.466
0
HO
False
1486592705.507
0
HO
False
1486592705.544
0
HO
False
1486592705.582
0
HO
False
1486592705.621
0
HO
False
1486592705.659
0
HO
False
1486592705.698
0
HA
True
1486592705.736
0
HA
True
1486592705.774
0
HA
True
1486592705.815
59
HA
True
1486592705.850
59
HA
True
1486592705.890
59
HA
True
1486592705.929
59
HA
True
1486592705.967
59
HA
True
1486592706.8
59
HA
True
1486592706.46
60
HA
True
1486592706.83
60
HA
True
1486592706.121
60
HA
True
1486592706.160
58
HO
True
1486592706.202
58
HO
True
1486592706.238
58
HO
True
1486592706.275
59
HB
True
1486592706.315
59
HB
True
1486592706.353
59
HB
True
1486592706.392
23
HB
True
1486592706.430
23
HB
True
1486592706.468
23
HB
True
1486592706.508
0
HB
True
1486592706.546
0
HB
True
1486592706.584
0
HB
True
1486592706.623
0
HO
False
1486592706.662
0
HO
False
1486592706.699
0
HO
False
1486592706.738
0
HO
False
1486592706.777
0
HO
False
1486592706.816
0
HO
False
1486592706.855
0
HO
False
1486592706.893
0
HO
False
1486592706.931
0
HO
False
1486592706.969
0
HO
False
1486592707.10
0
HO
False
1486592707.47
0
HO
False
1486592707.85
0
HO
False
1486592707.125
0
HO
False
1486592707.163
0
HO
False
1486592707.205
0
HO
False
1486592707.242
0
HO
False
1486592707.280
0
HO
False
1486592707.316
0
HO
False
1486592707.355
0
HO
False
1486592707.394
0
HO
False
1486592707.433
0
HO
False
1486592707.471
0
HO
False
1486592707.510
0
HO
False
1486592707.549
0
HO
False
1486592707.586
0
HO
False
1486592707.624
0
HO
False
1486592707.662
0
HO
False
1486592707.715
0
HO
False
1486592707.758
0
HO
False
1486592707.780
0
HO
False
1486592707.823
0
HO
False
1486592707.860
0
HO
False
1486592707.894
0
HO
False
1486592707.933
0
HO
False
1486592707.973
0
HO
False
1486592708.12
0
HO
False
1486592708.50
0
HO
False
1486592708.88
0
HO
False
1486592708.126
0
HO
False
1486592708.164
0
HO
False
1486592708.205
0
HO
False
1486592708.241
0
HO
False
1486592708.280
0
HO
False
1486592708.318
0
HO
False
1486592708.358
0
HO
False
1486592708.399
0
HO
False
1486592708.439
0
HO
False
1486592708.476
0
HO
False
1486592708.535
0
HO
False
1486592708.628
0
HO
False
1486592708.665
0
HO
False
1486592708.724
0
HO
False
1486592708.771
0
HO
False
1486592708.798
0
HO
False
1486592708.828
0
HO
False
1486592708.860
0
HO
False
1486592708.901
0
HO
False
1486592708.938
0
HO
False
1486592708.973
0
HO
False
1486592709.14
0
HO
False
1486592709.54
0
HO
False
1486592709.92
0
HO
False
1486592709.135
0
HO
False
1486592709.167
0
HO
False
1486592709.208
0
HO
False
1486592709.243
0
HO
False
1486592709.281
0
HO
False
1486592709.320
0
HO
False
1486592709.359
0
HO
False
1486592709.398
0
HO
False
1486592709.435
0
HO
False
1486592709.476
0
HO
False
1486592709.514
0
HO
False
1486592709.551
0
HO
False
1486592709.591
0
HO
False
1486592709.629
0
HO
False
1486592709.668
0
HO
False
1486592709.707
0
HO
False
1486592709.744
0
HO
False
1486592709.783
0
HO
False
1486592709.856
0
HO
False
1486592709.938
0
HO
False
1486592709.990
0
HO
False
1486592710.168
0
HO
False
1486592710.208
0
HO
False
1486592710.245
0
HO
False
1486592710.285
0
HO
False
1486592710.322
0
HO
False
1486592710.361
0
HO
False
1486592710.402
0
HO
False
1486592710.438
0
HO
False
1486592710.477
0
HO
False
1486592710.515
0
HO
False
1486592710.553
0
HO
False
1486592710.592
0
HO
False
1486592710.637
0
HO
False
1486592710.669
0
HO
False
1486592710.710
0
HO
False
1486592710.747
0
HO
False
1486592710.785
0
HO
False
1486592710.823
0
HO
False
1486592710.863
0
HO
False
1486592710.904
0
HO
False
1486592710.940
0
HO
False
1486592710.980
0
HO
False
1486592711.17
0
HO
False
1486592711.56
0
HO
False
1486592711.94
0
HO
False
1486592711.132
0
HO
False
1486592711.171
0
HO
False
1486592711.210
0
HO
False
1486592711.248
0
HO
False
1486592711.286
0
HO
False
1486592711.324
0
HO
False
1486592711.364
0
HO
False
1486592711.404
0
HO
False
1486592711.442
0
HO
False
1486592711.480
0
HO
False
1486592711.517
0
HO
False
1486592711.555
0
HO
False
1486592711.594
0
HO
False
1486592711.632
0
HO
False
1486592711.672
0
HO
False
1486592711.713
0
HO
False
1486592711.764
0
HO
False
1486592711.806
0
HO
False
1486592711.835
0
HO
False
1486592711.872
0
HO
False
1486592711.906
0
HO
False
1486592711.944
0
HO
False
1486592711.983
0
HO
False
1486592712.19
0
HO
False
1486592712.57
0
HO
False
1486592712.96
0
HO
False
1486592712.288
0
HO
False
1486592712.327
0
HO
False
1486592712.365
0
HO
False
1486592712.406
0
HO
False
1486592712.442
0
HO
False
1486592712.481
0
HO
False
1486592712.519
0
HO
False
1486592712.558
0
HO
False
1486592712.596
0
HO
False
1486592712.636
0
HO
True
1486592712.673
0
HO
True
1486592712.715
0
HO
True
1486592712.751
0
HB
True
1486592712.788
0
HB
True
1486592712.828
0
HB
True
1486592712.866
59
HB
True
1486592712.907
59
HB
True
1486592712.944
59
HB
True
1486592712.982
59
HB
True
1486592713.21
59
HB
True
1486592713.60
59
HB
True
1486592713.98
58
HO
True
1486592713.136
58
HO
True
1486592713.174
58
HO
True
1486592713.213
60
HA
True
1486592713.253
60
HA
True
1486592713.290
60
HA
True
1486592713.329
59
HA
True
1486592713.369
59
HA
True
1486592713.408
59
HA
True
1486592713.445
59
HA
True
1486592713.483
59
HA
True
1486592713.522
59
HA
True
1486592713.561
14
HA
True
1486592713.598
14
HA
True
1486592713.644
14
HA
True
1486592713.677
0
HA
True
1486592713.716
0
HA
True
1486592713.753
0
HA
True
1486592713.791
0
HO
False
1486592713.830
0
HO
False
1486592713.868
0
HO
False
1486592713.909
0
HO
False
1486592713.946
0
HO
False
1486592713.984
0
HO
False
1486592714.24
0
HO
False
1486592714.61
0
HO
False
1486592714.99
0
HO
False
1486592714.137
0
HO
False
1486592714.178
0
HO
False
1486592714.217
0
HO
False
1486592714.271
0
HO
False
1486592714.383
0
HO
False
1486592714.428
0
HO
False
1486592714.471
0
HO
False
1486592714.489
0
HO
False
1486592714.528
0
HO
False
1486592714.565
0
HO
False
1486592714.600
0
HO
False
1486592714.641
0
HO
False
1486592714.679
0
HO
False
1486592714.719
0
HO
False
1486592714.757
0
HO
False
1486592714.793
0
HO
False
1486592714.833
0
HO
False
1486592714.871
0
HO
False
1486592714.912
0
HO
False
1486592714.946
0
HO
False
1486592714.986
0
HO
False
1486592715.25
0
HO
False
1486592715.63
0
HO
False
1486592715.101
0
HO
False
1486592715.148
0
HO
False
1486592715.179
0
HO
False
1486592715.218
0
HO
False
1486592715.256
0
HO
False
1486592715.295
0
HO
False
1486592715.333
0
HO
False
1486592715.372
0
HO
False
1486592715.412
0
HO
False
1486592715.448
0
HO
False
1486592715.487
0
HO
False
1486592715.526
0
HO
False
1486592715.564
0
HO
False
1486592715.602
0
HO
False
1486592715.643
0
HO
False
1486592715.680
0
HO
False
1486592715.719
0
HO
False
1486592715.757
0
HO
False
1486592715.796
0
HO
False
1486592715.834
0
HO
False
1486592715.873
0
HO
False
1486592715.914
0
HO
False
1486592715.949
0
HO
False
1486592715.989
0
HO
False
1486592716.27
0
HO
False
1486592716.65
0
HO
False
1486592716.107
0
HO
False
1486592716.144
0
HO
False
1486592716.181
0
HO
False
1486592716.221
0
HO
False
1486592716.258
0
HO
False
1486592716.297
0
HO
False
1486592716.336
0
HO
False
1486592716.375
0
HO
False
1486592716.415
0
HO
False
1486592716.449
0
HO
False
1486592716.490
0
HO
False
1486592716.528
0
HO
False
1486592716.565
0
HO
False
1486592716.606
0
HO
False
1486592716.651
0
HO
False
1486592716.685
0
HO
False
1486592716.721
0
HO
False
1486592716.765
0
HO
False
1486592716.799
0
HO
False
1486592716.834
0
HO
False
1486592716.875
0
HO
False
1486592716.914
0
HO
False
1486592716.952
0
HO
False
1486592716.991
0
HO
False
1486592717.29
0
HO
False
1486592717.67
0
HO
False
1486592717.110
0
HO
False
1486592717.145
0
HO
False
1486592717.186
0
HO
False
1486592717.222
0
HO
False
1486592717.260
0
HO
False
1486592717.299
0
HO
False
1486592717.338
0
HO
False
1486592717.377
0
HO
False
1486592717.416
0
HO
False
1486592717.454
0
HO
False
1486592717.491
0
HO
False
1486592717.530
0
HO
False
1486592717.568
0
HO
False
1486592717.610
0
HO
False
1486592717.646
0
HO
False
1486592717.685
0
HO
False
1486592717.722
0
HO
False
1486592717.763
0
HO
False
1486592717.800
0
HO
False
1486592717.838
0
HO
False
1486592717.879
0
HO
False
1486592717.917
0
HO
False
1486592717.954
0
HO
False
1486592717.993
0
HO
False
1486592718.31
0
HO
False
1486592718.70
0
HO
False
1486592718.109
0
HO
False
1486592718.152
0
HO
False
1486592718.186
0
HO
False
1486592718.223
0
HO
False
1486592718.262
0
HO
False
1486592718.300
0
HO
False
1486592718.340
0
HO
False
1486592718.378
0
HO
False
1486592718.418
0
HO
False
1486592718.455
0
HO
False
1486592718.494
0
HO
False
1486592718.532
0
HO
False
1486592718.570
0
HO
False
1486592718.611
0
HO
False
1486592718.647
0
HO
False
1486592718.686
0
HO
False
1486592718.725
0
HO
False
1486592718.763
0
HO
False
1486592718.802
0
HO
False
1486592718.840
0
HO
False
1486592718.878
0
HO
False
1486592718.918
0
HO
False
1486592718.956
0
HO
False
1486592718.995
0
HO
False
1486592719.33
0
HO
False
1486592719.76
0
HO
False
1486592719.114
0
HO
False
1486592719.148
0
HO
False
1486592719.187
0
HO
False
1486592719.226
0
HO
False
1486592719.264
0
HO
False
1486592719.305
0
HO
False
1486592719.341
0
HO
False
1486592719.383
0
HO
False
1486592719.418
0
HO
False
1486592719.457
0
HO
False
1486592719.496
0
HO
False
1486592719.534
0
HO
False
1486592719.571
0
HO
False
1486592719.614
0
HO
False
1486592719.656
0
HO
False
1486592719.687
0
HO
False
1486592719.727
0
HO
False
1486592719.764
0
HO
False
1486592719.806
0
HO
False
1486592719.860
0
HO
False
1486592719.909
0
HO
False
1486592719.934
0
HO
False
1486592719.957
0
HO
False
1486592719.995
0
HO
False
1486592720.44
0
HO
False
1486592720.78
0
HO
False
1486592720.114
0
HO
False
1486592720.151
0
HO
False
1486592720.189
0
HO
False
1486592720.229
0
HO
False
1486592720.266
0
HO
False
1486592720.307
0
HO
False
1486592720.344
0
HO
False
1486592720.382
0
HO
False
1486592720.422
0
HO
False
1486592720.460
0
HO
False
1486592720.497
0
HO
False
1486592720.539
0
HO
False
1486592720.574
0
HO
False
1486592720.614
0
HO
False
1486592720.651
0
HO
False
1486592720.691
0
HO
False
1486592720.729
0
HO
False
1486592720.768
0
HO
False
1486592720.808
0
HO
False
1486592720.845
0
HO
False
1486592720.884
0
HO
False
1486592720.922
0
HO
False
1486592720.960
0
HO
False
1486592720.1000
0
HO
False
1486592721.39
0
HO
False
1486592721.74
0
HO
False
1486592721.117
0
HO
False
1486592721.161
0
HO
False
1486592721.195
0
HO
False
1486592721.229
0
HO
False
1486592721.269
0
HO
False
1486592721.309
0
HO
False
1486592721.347
0
HO
False
1486592721.384
0
HO
False
1486592721.424
0
HO
False
1486592721.462
0
HO
False
1486592721.500
0
HO
False
1486592721.539
0
HO
False
1486592721.577
0
HO
False
1486592721.617
0
HO
False
1486592721.654
0
HO
False
1486592721.693
0
HO
False
1486592721.751
0
HO
False
1486592721.776
0
HO
False
1486592721.812
0
HO
False
1486592721.848
0
HO
False
1486592721.890
0
HO
False
1486592721.930
0
HO
False
1486592721.964
0
HO
False
1486592722.0
0
HO
False
1486592722.41
0
HO
False
1486592722.77
0
HO
False
1486592722.118
0
HO
False
1486592722.155
0
HO
False
1486592722.195
0
HO
False
1486592722.231
0
HO
False
1486592722.272
0
HO
False
1486592722.312
0
HO
False
1486592722.348
0
HO
False
1486592722.386
0
HO
False
1486592722.425
0
HO
False
1486592722.464
0
HO
False
1486592722.502
0
HO
False
1486592722.542
0
HO
False
1486592722.580
0
HO
False
1486592722.619
0
HO
False
1486592722.663
0
HO
False
1486592722.695
0
HO
False
1486592722.734
0
HO
False
1486592722.772
0
HO
False
1486592722.812
0
HO
False
1486592722.849
0
HO
False
1486592722.887
0
HO
False
1486592722.946
0
HO
False
1486592723.54
0
HO
False
1486592723.167
0
HO
False
1486592723.287
0
HO
False
1486592723.411
0
HO
False
1486592723.518
0
HO
False
1486592723.636
0
HO
False
1486592723.743
0
HO
False
1486592723.863
0
HO
False
1486592723.982
0
HO
False
1486592724.97
0
HO
False
1486592724.200
0
HO
False
1486592724.263
0
HO
False
1486592724.361
0
HO
False
1486592724.412
0
HO
False
1486592724.466
0
HO
False
1486592724.544
0
HO
False
1486592724.678
0
HO
False
1486592724.784
0
HO
False
1486592724.827
0
HO
False
1486592724.875
0
HO
False
1486592724.974
0
HO
False
1486592725.18
0
HO
False
1486592725.64
0
HO
False
1486592725.113
0
HO
False
1486592725.283
0
HO
False
1486592725.402
0
HO
False
1486592725.510
0
HO
False
1486592725.573
0
HO
False
1486592725.668
0
HO
False
1486592725.700
0
HO
False
1486592725.741
0
HO
False
1486592725.778
0
HO
False
1486592725.818
0
HO
False
1486592725.856
0
HO
False
1486592725.896
0
HO
False
1486592725.934
0
HO
False
1486592725.971
0
HO
False
1486592726.11
0
HO
False
