Next
1486592602.08
Page_Up
1486592606.12
Page_Up
1486592607.9
Next
1486592612.11
Next
1486592613.63
Page_Up
1486592618.0
Page_Up
1486592619.25
Next
1486592623.42
Next
1486592625.13
Page_Up
1486592629.28
Page_Up
1486592630.94
Next
1486592635.15
Next
1486592636.57
Page_Up
1486592640.76
Page_Up
1486592642.31
Next
1486592646.38
Next
1486592647.96
Page_Up
1486592651.98
Page_Up
1486592653.49
Next
1486592657.62
Next
1486592658.85
Page_Up
1486592663.12
Page_Up
1486592664.58
Next
1486592668.83
Next
1486592670.04
Page_Up
1486592674.31
Page_Up
1486592675.54
Next
1486592679.43
Next
1486592681.3
Page_Up
1486592685.59
Page_Up
1486592687.16
Next
1486592691.36
Next
1486592692.69
Page_Up
1486592697.23
Page_Up
1486592698.54
Next
1486592703.1
Next
1486592704.27
Page_Up
1486592708.62
Page_Up
1486592709.91
Next
1486592714.35
grave
1486592723.14
