1486429278.868
0
HO
False
1486429278.989
0
HO
False
1486429279.104
0
HO
False
1486429279.134
0
HO
False
1486429279.328
0
HO
False
1486429279.385
0
HO
False
1486429279.487
0
HO
False
1486429279.601
0
HO
False
1486429279.711
0
HO
False
1486429279.830
0
HO
False
1486429280.23
0
HO
False
1486429280.92
0
HO
False
1486429280.109
0
HO
False
1486429280.142
0
HO
False
1486429280.172
0
HO
False
1486429280.209
0
HO
False
1486429280.253
0
HO
False
1486429280.288
0
HO
False
1486429280.326
0
HO
False
1486429280.363
0
HO
False
1486429280.402
0
HO
False
1486429280.442
0
HO
False
1486429280.480
0
HO
False
1486429280.518
0
HO
False
1486429280.556
0
HO
False
1486429280.597
0
HO
False
1486429280.632
0
HO
False
1486429280.671
0
HO
False
1486429280.712
0
HO
False
1486429280.749
0
HO
False
1486429280.787
0
HO
False
1486429280.826
0
HO
False
1486429280.864
0
HO
False
1486429280.905
0
HO
False
1486429280.960
0
HO
False
1486429281.62
0
HO
False
1486429281.113
0
HO
False
1486429281.151
0
HO
False
1486429281.200
0
HO
False
1486429281.230
0
HO
False
1486429281.289
0
HO
False
1486429281.370
0
HO
False
1486429281.430
0
HO
False
1486429281.520
0
HO
False
1486429281.577
0
HO
False
1486429281.677
0
HO
False
1486429281.734
0
HO
False
1486429281.780
0
HO
False
1486429281.869
0
HO
False
1486429281.930
0
HO
False
1486429281.978
0
HO
False
1486429282.69
0
HO
False
1486429282.113
0
HO
False
1486429282.161
0
HO
False
1486429282.200
0
HO
False
1486429282.302
0
HO
False
1486429282.349
0
HO
False
1486429282.392
0
HO
False
1486429282.435
0
HO
False
1486429282.470
0
HO
False
1486429282.519
0
HO
False
1486429282.604
0
HO
False
1486429282.661
0
HO
False
1486429282.761
0
HO
False
1486429282.820
0
HO
False
1486429282.912
0
HO
False
1486429282.969
0
HO
False
1486429283.14
0
HO
False
1486429283.102
0
HO
False
1486429283.154
0
HO
False
1486429283.202
0
HO
False
1486429283.300
0
HO
False
1486429283.344
0
HO
False
1486429283.449
0
HO
False
1486429283.507
0
HO
False
1486429283.544
0
HO
False
1486429283.583
0
HO
False
1486429283.623
0
HO
False
1486429283.662
0
HO
False
1486429283.784
0
HO
False
1486429283.812
0
HO
False
1486429283.858
0
HO
False
1486429284.28
0
HO
False
1486429284.81
0
HO
False
1486429284.119
0
HO
False
1486429284.160
0
HO
False
1486429284.203
0
HO
False
1486429284.248
0
HO
False
1486429284.355
0
HO
False
1486429284.393
0
HO
False
1486429284.440
0
HO
False
1486429284.540
0
HO
False
1486429284.568
0
HO
False
1486429284.601
0
HO
False
1486429284.644
0
HO
False
1486429284.679
0
HO
False
1486429284.721
0
HO
False
1486429284.757
0
HO
False
1486429284.797
0
HO
False
1486429284.834
0
HO
False
1486429284.873
0
HO
False
1486429284.913
0
HO
False
1486429284.950
0
HO
False
1486429284.988
0
HO
False
1486429285.30
0
HO
False
1486429285.65
0
HO
False
1486429285.104
0
HO
False
1486429285.142
0
HO
False
1486429285.182
0
HO
False
1486429285.222
0
HO
False
1486429285.258
0
HO
False
1486429285.297
0
HO
False
1486429285.336
0
HO
False
1486429285.374
0
HO
False
1486429285.412
0
HO
False
1486429285.451
0
HO
False
1486429285.493
0
HO
False
1486429285.531
0
HO
False
1486429285.566
0
HO
False
1486429285.605
0
HO
False
1486429285.643
0
HO
False
1486429285.682
0
HO
False
1486429285.722
0
HO
False
1486429285.760
0
HO
False
1486429285.799
0
HO
False
1486429285.837
0
HO
False
1486429285.874
0
HO
False
1486429285.912
0
HO
False
1486429285.953
0
HO
False
1486429285.992
0
HO
False
1486429286.31
0
HO
False
1486429286.67
0
HO
False
1486429286.105
0
HO
False
1486429286.147
0
HO
False
1486429286.183
0
HO
False
1486429286.224
0
HO
False
1486429286.261
0
HO
False
1486429286.298
0
HO
False
1486429286.339
0
HO
False
1486429286.377
0
HO
False
1486429286.415
0
HO
False
1486429286.454
0
HO
False
1486429286.646
0
HO
False
1486429286.683
0
HO
False
1486429286.725
0
HO
False
1486429286.763
0
HO
False
1486429286.801
0
HO
False
1486429286.839
0
HO
False
1486429286.877
0
HO
False
1486429286.916
0
HO
False
1486429286.954
0
HO
False
1486429286.993
0
HO
False
1486429287.33
0
HO
False
1486429287.69
0
HO
False
1486429287.108
0
HO
False
1486429287.148
0
HO
False
1486429287.186
0
HO
False
1486429287.225
0
HO
False
1486429287.262
0
HO
False
1486429287.300
0
HO
False
1486429287.339
0
HO
False
1486429287.378
0
HO
False
1486429287.416
0
HO
False
1486429287.454
0
HO
False
1486429287.494
0
HO
False
1486429287.533
0
HO
False
1486429287.571
0
HO
False
1486429287.608
0
HO
False
1486429287.648
0
HO
False
1486429287.687
0
HO
False
1486429287.725
0
HO
False
1486429287.763
0
HO
False
1486429287.802
0
HO
False
1486429287.841
0
HO
False
1486429287.879
0
HO
False
1486429287.922
0
HO
False
1486429287.956
0
HO
False
1486429287.995
0
HO
False
1486429288.33
0
HO
False
1486429288.72
0
HO
False
1486429288.111
0
HO
False
1486429288.149
0
HO
False
1486429288.187
0
HO
False
1486429288.227
0
HO
False
1486429288.264
0
HO
False
1486429288.304
0
HO
False
1486429288.341
0
HO
False
1486429288.380
0
HO
False
1486429288.419
0
HO
False
1486429288.458
0
HO
False
1486429288.495
0
HO
False
1486429288.535
0
HO
False
1486429288.572
0
HO
False
1486429288.611
0
HO
False
1486429288.651
0
HO
False
1486429288.688
0
HO
False
1486429288.729
0
HO
False
1486429288.768
0
HO
False
1486429288.808
0
HO
False
1486429288.844
0
HO
False
1486429288.885
0
HO
False
1486429288.920
0
HO
False
1486429288.959
0
HO
False
1486429288.999
0
HO
False
1486429289.35
0
HO
False
1486429289.73
0
HO
False
1486429289.113
0
HO
False
1486429289.152
0
HO
False
1486429289.190
0
HO
False
1486429289.229
0
HO
False
1486429289.267
0
HO
False
1486429289.305
0
HO
False
1486429289.344
0
HO
False
1486429289.382
0
HO
False
1486429289.420
0
HO
False
1486429289.459
0
HO
False
1486429289.497
0
HO
False
1486429289.536
0
HO
False
1486429289.579
0
HO
False
1486429289.614
0
HO
False
1486429289.653
0
HO
False
1486429289.691
0
HO
False
1486429289.729
0
HO
False
1486429289.768
0
HO
False
1486429289.806
0
HO
False
1486429289.845
0
HO
False
1486429289.884
0
HO
False
1486429289.922
0
HO
False
1486429289.961
0
HO
False
1486429289.999
0
HO
False
1486429290.38
0
HO
False
1486429290.77
0
HO
False
1486429290.114
0
HO
False
1486429290.153
0
HO
False
1486429290.191
0
HO
False
1486429290.230
0
HO
False
1486429290.269
0
HO
False
1486429290.309
0
HO
False
1486429290.345
0
HO
False
1486429290.384
0
HO
False
1486429290.423
0
HO
False
1486429290.461
0
HO
False
1486429290.499
0
HO
False
1486429290.539
0
HO
False
1486429290.577
0
HO
False
1486429290.616
0
HO
False
1486429290.656
0
HO
False
1486429290.694
0
HO
False
1486429290.734
0
HO
False
1486429290.768
0
HO
False
1486429290.808
0
HO
False
1486429290.848
0
HO
False
1486429290.886
0
HO
False
1486429290.924
0
HO
False
1486429290.963
0
HO
False
1486429290.1000
0
HO
False
1486429291.40
0
HO
False
1486429291.79
0
HO
False
1486429291.116
0
HO
False
1486429291.155
0
HO
False
1486429291.195
0
HO
False
1486429291.232
0
HO
False
1486429291.271
0
HO
False
1486429291.310
0
HO
False
1486429291.348
0
HO
False
1486429291.387
0
HO
False
1486429291.425
0
HO
False
1486429291.464
0
HO
False
1486429291.501
0
HO
False
1486429291.541
0
HO
False
1486429291.579
0
HO
False
1486429291.617
0
HO
False
1486429291.656
0
HO
False
1486429291.694
0
HO
False
1486429291.733
0
HO
False
1486429291.772
0
HO
False
1486429291.810
0
HO
False
1486429291.849
0
HO
False
1486429291.887
0
HO
False
1486429291.927
0
HO
False
1486429291.964
0
HO
False
1486429292.2
0
HO
False
1486429292.43
0
HO
False
1486429292.81
0
HO
False
1486429292.119
0
HO
False
1486429292.157
0
HO
False
1486429292.196
0
HO
False
1486429292.235
0
HO
False
1486429292.275
0
HO
False
1486429292.312
0
HO
False
1486429292.350
0
HO
False
1486429292.388
0
HO
False
1486429292.427
0
HO
False
1486429292.466
0
HO
False
1486429292.504
0
HO
False
1486429292.542
0
HO
False
1486429292.582
0
HO
False
1486429292.620
0
HO
False
1486429292.659
0
HO
False
1486429292.696
0
HO
False
1486429292.735
0
HO
False
1486429292.774
0
HO
False
1486429292.813
0
HO
False
1486429292.850
0
HO
False
1486429292.890
0
HO
False
1486429292.929
0
HO
False
1486429292.967
0
HO
False
1486429293.6
0
HO
False
1486429293.44
0
HO
False
1486429293.82
0
HO
False
1486429293.121
0
HO
False
1486429293.159
0
HO
False
1486429293.198
0
HO
False
1486429293.238
0
HO
False
1486429293.274
0
HO
False
1486429293.315
0
HO
False
1486429293.353
0
HO
False
1486429293.393
0
HO
False
1486429293.429
0
HO
False
1486429293.467
0
HO
False
1486429293.505
0
HO
False
1486429293.545
0
HO
False
1486429293.584
0
HO
False
1486429293.622
0
HO
False
1486429293.662
0
HO
False
1486429293.699
0
HO
False
1486429293.737
0
HO
False
1486429293.776
0
HO
False
1486429293.815
0
HO
False
1486429293.854
0
HO
False
1486429293.892
0
HO
False
1486429293.930
0
HO
False
1486429293.968
0
HO
False
1486429294.6
0
HO
False
1486429294.46
0
HO
False
1486429294.84
0
HO
False
1486429294.122
0
HO
False
1486429294.161
0
HO
False
1486429294.200
0
HO
False
1486429294.238
0
HO
False
1486429294.278
0
HO
False
1486429294.315
0
HO
False
1486429294.354
0
HO
False
1486429294.393
0
HO
False
1486429294.432
0
HO
False
1486429294.470
0
HO
False
1486429294.509
0
HO
False
1486429294.546
0
HO
False
1486429294.585
0
HO
False
1486429294.624
0
HO
False
1486429294.664
0
HO
False
1486429294.701
0
HO
False
1486429294.740
0
HO
False
1486429294.779
0
HO
False
1486429294.817
0
HO
False
1486429294.855
0
HO
False
1486429294.894
0
HO
False
1486429294.932
0
HO
False
1486429294.970
0
HO
False
1486429295.10
0
HO
False
1486429295.47
0
HO
False
1486429295.86
0
HO
False
1486429295.125
0
HO
False
1486429295.164
0
HO
False
1486429295.202
0
HO
False
1486429295.240
0
HO
False
1486429295.280
0
HO
False
1486429295.318
0
HO
False
1486429295.356
0
HO
False
1486429295.395
0
HO
False
1486429295.433
0
HO
False
1486429295.472
0
HO
False
1486429295.510
0
HO
False
1486429295.548
0
HO
False
1486429295.593
0
HO
False
1486429295.626
0
HO
False
1486429295.666
0
HO
False
1486429295.703
0
HO
False
1486429295.741
0
HO
False
1486429295.781
0
HO
False
1486429295.819
0
HO
False
1486429295.858
0
HO
False
1486429295.896
0
HO
False
1486429295.935
0
HO
False
1486429295.972
0
HO
False
1486429296.13
0
HO
False
1486429296.51
0
HO
False
1486429296.89
0
HO
False
1486429296.126
0
HO
False
1486429296.167
0
HO
False
1486429296.204
0
HO
False
1486429296.244
0
HO
False
1486429296.281
0
HO
False
1486429296.320
0
HO
False
1486429296.358
0
HO
False
1486429296.398
0
HO
False
1486429296.435
0
HO
False
1486429296.474
0
HO
False
1486429296.512
0
HO
False
1486429296.552
0
HO
False
1486429296.590
0
HO
False
1486429296.629
0
HO
False
1486429296.669
0
HO
False
1486429296.706
0
HO
False
1486429296.744
0
HO
False
1486429296.783
0
HO
False
1486429296.821
0
HO
False
1486429296.861
0
HO
False
1486429296.898
0
HO
False
1486429296.939
0
HO
False
1486429296.976
0
HO
False
1486429297.16
0
HO
False
1486429297.53
0
HO
False
1486429297.93
0
HO
False
1486429297.130
0
HO
False
1486429297.168
0
HO
False
1486429297.206
0
HO
False
1486429297.245
0
HO
False
1486429297.284
0
HO
False
1486429297.321
0
HO
False
1486429297.361
0
HO
False
1486429297.401
0
HO
False
1486429297.438
0
HO
False
1486429297.476
0
HO
False
1486429297.514
0
HO
False
1486429297.554
0
HO
False
1486429297.592
0
HO
False
1486429297.632
0
HO
False
1486429297.669
0
HO
False
1486429297.708
0
HO
False
1486429297.745
0
HO
False
1486429297.785
0
HO
False
1486429297.824
0
HO
False
1486429297.862
0
HO
False
1486429297.899
0
HO
False
1486429297.938
0
HO
False
1486429297.977
0
HO
False
1486429298.16
0
HO
False
1486429298.55
0
HO
False
1486429298.93
0
HO
False
1486429298.133
0
HO
False
1486429298.172
0
HO
False
1486429298.209
0
HO
False
1486429298.246
0
HO
False
1486429298.285
0
HO
False
1486429298.326
0
HO
False
1486429298.362
0
HO
False
1486429298.403
0
HO
False
1486429298.439
0
HO
False
1486429298.478
0
HO
False
1486429298.516
0
HO
False
1486429298.555
0
HO
False
1486429298.595
0
HO
False
1486429298.633
0
HO
False
1486429298.672
0
HO
False
1486429298.713
0
HO
False
1486429298.751
0
HO
False
1486429298.793
0
HO
False
1486429298.835
0
HO
False
1486429298.868
0
HO
False
1486429298.903
0
HO
False
1486429298.945
0
HO
False
1486429298.986
0
HO
False
1486429299.19
0
HO
False
1486429299.55
0
HO
False
1486429299.96
0
HO
False
1486429299.136
0
HO
False
1486429299.173
0
HO
False
1486429299.212
0
HO
False
1486429299.250
0
HO
False
1486429299.288
0
HO
False
1486429299.330
0
HO
False
1486429299.365
0
HO
False
1486429299.404
0
HO
False
1486429299.443
0
HO
False
1486429299.482
0
HO
False
1486429299.519
0
HO
False
1486429299.558
0
HO
False
1486429299.596
0
HO
False
1486429299.637
0
HO
False
1486429299.677
0
HO
False
1486429299.712
0
HO
False
1486429299.753
0
HO
False
1486429299.787
0
HO
False
1486429299.830
0
HO
False
1486429299.866
0
HO
False
1486429299.904
0
HO
False
1486429299.942
0
HO
False
1486429299.981
0
HO
False
1486429300.20
0
HO
False
1486429300.60
0
HO
False
1486429300.97
0
HO
False
1486429300.139
0
HO
False
1486429300.175
0
HO
False
1486429300.213
0
HO
False
1486429300.250
0
HO
False
1486429300.291
0
HO
False
1486429300.332
0
HO
False
1486429300.366
0
HO
False
1486429300.406
0
HO
False
1486429300.455
0
HO
False
1486429300.498
0
HO
False
1486429300.536
0
HO
False
1486429300.562
0
HO
False
1486429300.597
0
HO
False
1486429300.639
0
HO
False
1486429300.677
0
HO
False
1486429300.716
0
HO
False
1486429300.753
0
HO
False
1486429300.792
0
HO
False
1486429300.831
0
HO
False
1486429300.869
0
HO
False
1486429300.906
0
HO
False
1486429300.948
0
HO
False
1486429300.984
0
HO
False
1486429301.22
0
HO
False
1486429301.62
0
HO
False
1486429301.100
0
HO
False
1486429301.228
0
HO
False
1486429301.343
0
HO
False
1486429301.535
0
HO
False
1486429301.640
0
HO
False
1486429301.692
0
HO
False
1486429301.729
0
HO
False
1486429301.771
0
HO
False
1486429301.814
0
HO
False
1486429301.850
0
HO
False
1486429301.948
0
HO
False
1486429301.999
0
HO
False
1486429302.39
0
HO
False
1486429302.82
0
HO
False
1486429302.128
0
HO
False
1486429302.225
0
HO
False
1486429302.272
0
HO
False
1486429302.329
0
HO
False
1486429302.415
0
HO
False
1486429302.527
40
HA
True
1486429302.564
40
HA
True
1486429302.603
15
HA
True
1486429302.640
15
HA
True
1486429302.681
15
HA
True
1486429302.718
12
HO
True
1486429302.758
12
HO
True
1486429302.796
12
HO
True
1486429302.834
11
HO
True
1486429302.872
11
HO
True
1486429302.910
11
HO
True
1486429302.952
14
HO
True
1486429302.987
14
HO
True
1486429303.28
14
HO
True
1486429303.66
16
HO
True
1486429303.104
16
HO
True
1486429303.141
16
HO
True
1486429303.181
18
HB
True
1486429303.219
18
HB
True
1486429303.259
18
HB
True
1486429303.296
20
HB
True
1486429303.336
20
HB
True
1486429303.374
20
HB
True
1486429303.411
0
HO
False
1486429303.451
0
HO
False
1486429303.490
0
HO
False
1486429303.528
0
HO
False
1486429303.567
0
HO
False
1486429303.603
0
HO
False
1486429303.644
0
HO
False
1486429303.681
0
HO
False
1486429303.720
0
HO
False
1486429303.760
0
HO
False
1486429303.797
0
HO
False
1486429303.837
0
HO
False
1486429303.874
0
HO
False
1486429303.912
0
HO
False
1486429303.951
0
HO
False
1486429303.990
0
HO
False
1486429304.28
0
HO
False
1486429304.71
0
HO
False
1486429304.105
0
HO
False
1486429304.146
0
HO
False
1486429304.188
0
HO
False
1486429304.220
0
HO
False
1486429304.262
0
HO
False
1486429304.298
0
HO
False
1486429304.338
0
HO
False
1486429304.375
0
HO
False
1486429304.415
0
HO
False
1486429304.451
0
HO
False
1486429304.491
0
HO
False
1486429304.529
0
HO
False
1486429304.571
0
HO
False
1486429304.608
0
HO
False
1486429304.646
0
HO
False
1486429304.683
0
HO
False
1486429304.721
0
HO
False
1486429304.762
0
HO
False
1486429304.800
0
HO
False
1486429304.838
0
HO
False
1486429304.878
0
HO
False
1486429304.916
0
HO
False
1486429304.953
0
HO
False
1486429304.992
0
HO
False
1486429305.31
0
HO
False
1486429305.72
0
HO
False
1486429305.107
0
HO
False
1486429305.146
0
HO
False
1486429305.184
0
HO
False
1486429305.223
0
HO
False
1486429305.262
0
HO
False
1486429305.302
0
HO
False
1486429305.340
0
HO
False
1486429305.379
0
HO
False
1486429305.431
0
HO
False
1486429305.533
0
HO
False
1486429305.576
0
HO
False
1486429305.610
0
HO
False
1486429305.670
0
HO
False
1486429305.715
0
HO
False
1486429305.802
0
HO
False
1486429305.841
0
HO
False
1486429305.879
0
HO
False
1486429305.917
0
HO
False
1486429305.955
0
HO
False
1486429305.994
0
HO
False
1486429306.32
0
HO
False
1486429306.74
0
HO
False
1486429306.109
0
HO
False
1486429306.150
0
HO
False
1486429306.188
0
HO
False
1486429306.226
0
HO
False
1486429306.267
0
HO
False
1486429306.302
0
HO
False
1486429306.342
0
HO
False
1486429306.383
0
HO
False
1486429306.418
0
HO
False
1486429306.457
0
HO
False
1486429306.494
0
HO
False
1486429306.534
0
HO
False
1486429306.574
0
HO
False
1486429306.611
0
HO
False
1486429306.654
0
HO
False
1486429306.691
0
HO
False
1486429306.724
0
HO
False
1486429306.765
0
HO
False
1486429306.804
0
HO
False
1486429306.842
0
HO
False
1486429306.883
0
HO
False
1486429306.920
0
HO
False
1486429306.957
0
HO
False
1486429306.996
0
HO
False
1486429307.34
0
HO
False
1486429307.75
0
HO
False
1486429307.111
0
HO
False
1486429307.150
0
HO
False
1486429307.187
0
HO
False
1486429307.228
0
HO
False
1486429307.266
0
HO
False
1486429307.304
0
HO
False
1486429307.345
0
HO
False
1486429307.384
0
HO
False
1486429307.421
0
HO
False
1486429307.463
0
HO
False
1486429307.497
0
HO
False
1486429307.535
0
HO
False
1486429307.576
0
HO
False
1486429307.613
0
HO
False
1486429307.651
0
HO
False
1486429307.689
0
HO
False
1486429307.728
0
HO
False
1486429307.772
0
HO
False
1486429307.807
0
HO
False
1486429307.844
0
HO
False
1486429307.885
0
HO
False
1486429307.925
0
HO
False
1486429307.960
0
HO
False
1486429307.997
0
HO
False
1486429308.37
0
HO
False
1486429308.78
0
HO
False
1486429308.114
0
HO
False
1486429308.153
0
HO
False
1486429308.191
0
HO
False
1486429308.247
0
HO
False
1486429308.347
0
HO
False
1486429308.387
0
HO
False
1486429308.449
0
HO
False
1486429308.538
0
HO
False
1486429308.581
0
HO
False
1486429308.614
0
HO
False
1486429308.655
0
HO
False
1486429308.696
0
HO
False
1486429308.735
0
HO
False
1486429308.781
0
HO
False
1486429308.816
0
HO
False
1486429308.851
0
HO
False
1486429308.889
0
HO
False
1486429308.922
0
HO
False
1486429308.967
0
HO
False
1486429309.3
0
HO
False
1486429309.39
0
HO
False
1486429309.78
0
HO
False
1486429309.115
0
HO
False
1486429309.154
0
HO
False
1486429309.196
0
HO
False
1486429309.232
0
HO
False
1486429309.271
0
HO
False
1486429309.309
0
HO
False
1486429309.347
0
HO
False
1486429309.387
0
HO
False
1486429309.424
0
HO
False
1486429309.463
0
HO
False
1486429309.502
0
HO
False
1486429309.539
0
HO
False
1486429309.578
0
HO
False
1486429309.617
0
HO
False
1486429309.655
0
HO
False
1486429309.695
0
HO
False
1486429309.732
0
HO
False
1486429309.773
0
HO
False
1486429309.811
0
HO
False
1486429309.849
0
HO
False
1486429309.889
0
HO
False
1486429309.925
0
HO
False
1486429309.964
0
HO
False
1486429310.1
0
HO
False
1486429310.40
0
HO
False
1486429310.79
0
HO
False
1486429310.117
0
HO
False
1486429310.156
0
HO
False
1486429310.199
0
HO
False
1486429310.237
0
HO
False
1486429310.273
0
HO
False
1486429310.311
0
HO
False
1486429310.350
0
HO
True
1486429310.389
0
HO
True
1486429310.428
0
HO
True
1486429310.465
8
HB
True
1486429310.502
8
HB
True
1486429310.542
8
HB
True
1486429310.580
7
HO
True
1486429310.618
7
HO
True
1486429310.658
7
HO
True
1486429310.699
11
HO
True
1486429310.734
11
HO
True
1486429310.775
11
HO
True
1486429310.814
17
HO
True
1486429310.850
17
HO
True
1486429310.889
17
HO
True
1486429310.928
18
HO
True
1486429310.965
18
HO
True
1486429311.7
18
HO
True
1486429311.43
18
HA
True
1486429311.82
18
HA
True
1486429311.119
18
HA
True
1486429311.170
19
HO
True
1486429311.201
19
HO
True
1486429311.234
19
HO
True
1486429311.274
0
HO
False
1486429311.315
0
HO
False
1486429311.352
0
HO
False
1486429311.391
0
HO
False
1486429311.428
0
HO
False
1486429311.469
0
HO
False
1486429311.507
0
HO
False
1486429311.549
0
HO
False
1486429311.586
0
HO
False
1486429311.623
0
HO
False
1486429311.659
0
HO
False
1486429311.703
0
HO
False
1486429311.736
0
HO
False
1486429311.775
0
HO
False
1486429311.814
0
HO
False
1486429311.853
0
HO
False
1486429311.891
0
HO
False
1486429311.930
0
HO
False
1486429311.968
0
HO
False
1486429312.8
0
HO
False
1486429312.46
0
HO
False
1486429312.84
0
HO
False
1486429312.122
0
HO
False
1486429312.161
0
HO
False
1486429312.203
0
HO
False
1486429312.237
0
HO
False
1486429312.276
0
HO
False
1486429312.315
0
HO
False
1486429312.353
0
HO
False
1486429312.392
0
HO
False
1486429312.431
0
HO
False
1486429312.469
0
HO
False
1486429312.510
0
HO
False
1486429312.547
0
HO
False
1486429312.586
0
HO
False
1486429312.623
0
HO
False
1486429312.663
0
HO
False
1486429312.701
0
HO
False
1486429312.739
0
HO
False
1486429312.778
0
HO
False
1486429312.818
0
HO
False
1486429312.854
0
HO
False
1486429312.893
0
HO
False
1486429312.931
0
HO
False
1486429312.970
0
HO
False
1486429313.10
0
HO
False
1486429313.47
0
HO
False
1486429313.86
0
HO
False
1486429313.124
0
HO
False
1486429313.170
0
HO
False
1486429313.227
0
HO
False
1486429313.319
0
HO
False
1486429313.355
0
HO
False
1486429313.394
0
HO
False
1486429313.449
0
HO
False
1486429313.498
0
HO
False
1486429313.520
0
HO
False
1486429313.546
0
HO
False
1486429313.592
0
HO
False
1486429313.629
0
HO
False
1486429313.663
0
HO
False
1486429313.702
0
HO
False
1486429313.742
0
HO
False
1486429313.779
0
HO
False
1486429313.822
0
HO
False
1486429313.854
0
HO
False
1486429313.896
0
HO
False
1486429313.932
0
HO
False
1486429313.971
0
HO
False
1486429314.12
0
HO
False
1486429314.50
0
HO
False
1486429314.87
0
HO
False
1486429314.126
0
HO
False
1486429314.165
0
HO
False
1486429314.204
0
HO
False
1486429314.242
0
HO
False
1486429314.282
0
HO
False
1486429314.321
0
HO
False
1486429314.357
0
HO
False
1486429314.396
0
HO
False
1486429314.434
0
HO
False
1486429314.474
0
HO
False
1486429314.512
0
HO
False
1486429314.550
0
HO
False
1486429314.589
0
HO
False
1486429314.628
0
HO
False
1486429314.673
0
HO
False
1486429314.705
0
HO
False
1486429314.744
0
HO
False
1486429314.783
0
HO
False
1486429314.822
0
HO
False
1486429314.859
0
HO
False
1486429314.897
0
HO
False
1486429314.936
0
HO
False
1486429314.975
0
HO
False
1486429315.12
0
HO
False
1486429315.51
0
HO
False
1486429315.90
0
HO
False
1486429315.129
0
HO
False
1486429315.167
0
HO
False
1486429315.206
0
HO
False
1486429315.243
0
HO
False
1486429315.282
0
HO
False
1486429315.325
0
HO
False
1486429315.361
0
HO
False
1486429315.398
0
HO
False
1486429315.437
0
HO
False
1486429315.476
0
HO
False
1486429315.514
0
HO
False
1486429315.552
0
HO
False
1486429315.590
0
HO
False
1486429315.630
0
HO
False
1486429315.668
0
HO
False
1486429315.708
0
HO
False
1486429315.745
0
HO
False
1486429315.784
0
HO
False
1486429315.824
0
HO
False
1486429315.862
0
HO
False
1486429315.900
0
HO
False
1486429315.938
0
HO
False
1486429315.977
0
HO
False
1486429316.14
0
HO
False
1486429316.54
0
HO
False
1486429316.92
0
HO
False
1486429316.132
0
HO
False
1486429316.175
0
HO
False
1486429316.206
0
HO
False
1486429316.249
0
HO
False
1486429316.284
0
HO
False
1486429316.324
0
HO
False
1486429316.362
0
HO
False
1486429316.400
0
HO
False
1486429316.440
0
HO
False
1486429316.478
0
HO
False
1486429316.519
0
HO
False
1486429316.574
0
HO
False
1486429316.625
0
HO
False
1486429316.647
0
HO
False
1486429316.672
0
HO
False
1486429316.711
0
HO
False
1486429316.760
0
HO
False
1486429316.863
0
HO
False
1486429316.901
0
HO
False
1486429316.940
0
HO
False
1486429316.978
0
HO
False
1486429317.17
0
HO
False
1486429317.55
0
HO
False
1486429317.94
0
HO
False
1486429317.133
0
HO
False
1486429317.172
0
HO
False
1486429317.211
0
HO
False
1486429317.248
0
HO
False
1486429317.286
0
HO
False
1486429317.326
0
HO
False
1486429317.363
0
HO
False
1486429317.402
0
HO
False
1486429317.441
0
HO
False
1486429317.479
0
HO
False
1486429317.520
0
HO
False
1486429317.557
0
HO
False
1486429317.595
0
HO
False
1486429317.635
0
HO
False
1486429317.678
0
HO
False
1486429317.709
0
HO
False
1486429317.750
0
HO
False
1486429317.789
0
HO
False
1486429317.837
0
HO
False
1486429317.869
0
HO
False
1486429317.904
0
HO
False
1486429317.944
0
HO
False
1486429317.980
0
HO
False
1486429318.19
0
HO
False
1486429318.58
0
HO
False
1486429318.96
0
HO
False
1486429318.137
0
HO
False
1486429318.173
0
HO
False
1486429318.212
0
HO
False
1486429318.249
0
HO
False
1486429318.289
0
HO
False
1486429318.329
46
HO
True
1486429318.366
46
HO
True
1486429318.405
46
HO
True
1486429318.444
25
HA
True
1486429318.482
25
HA
True
1486429318.521
25
HA
True
1486429318.559
10
HO
True
1486429318.596
10
HO
True
1486429318.636
10
HO
True
1486429318.677
9
HO
True
1486429318.714
9
HO
True
1486429318.755
9
HO
True
1486429318.790
13
HO
True
1486429318.831
13
HO
True
1486429318.867
13
HO
True
1486429318.906
16
HO
True
1486429318.944
16
HO
True
1486429318.982
16
HO
True
1486429319.22
19
HB
True
1486429319.61
19
HB
True
1486429319.98
19
HB
True
1486429319.138
0
HO
True
1486429319.181
0
HO
True
1486429319.213
0
HO
True
1486429319.251
0
HO
False
1486429319.291
0
HO
False
1486429319.332
0
HO
False
1486429319.368
0
HO
False
1486429319.407
0
HO
False
1486429319.445
0
HO
False
1486429319.483
0
HO
False
1486429319.522
0
HO
False
1486429319.561
0
HO
False
1486429319.600
0
HO
False
1486429319.637
0
HO
False
1486429319.677
0
HO
False
1486429319.715
0
HO
False
1486429319.753
0
HO
False
1486429319.792
0
HO
False
1486429319.830
0
HO
False
1486429319.868
0
HO
False
1486429319.908
0
HO
False
1486429319.947
0
HO
False
1486429319.984
0
HO
False
1486429320.23
0
HO
False
1486429320.61
0
HO
False
1486429320.100
0
HO
False
1486429320.140
0
HO
False
1486429320.178
0
HO
False
1486429320.216
0
HO
False
1486429320.254
0
HO
False
1486429320.294
0
HO
False
1486429320.333
0
HO
False
1486429320.371
0
HO
False
1486429320.409
0
HO
False
1486429320.447
0
HO
False
1486429320.487
0
HO
False
1486429320.524
0
HO
False
1486429320.563
0
HO
False
1486429320.602
0
HO
False
1486429320.639
0
HO
False
1486429320.685
0
HO
False
1486429320.717
0
HO
False
1486429320.759
0
HO
False
1486429320.796
0
HO
False
1486429320.833
0
HO
False
1486429320.870
0
HO
False
1486429320.911
0
HO
False
1486429320.949
0
HO
False
1486429320.986
0
HO
False
1486429321.33
0
HO
False
1486429321.80
0
HO
False
1486429321.111
0
HO
False
1486429321.140
0
HO
False
1486429321.178
0
HO
False
1486429321.217
0
HO
False
1486429321.255
0
HO
False
1486429321.294
0
HO
False
1486429321.334
0
HO
False
1486429321.372
0
HO
False
1486429321.412
0
HO
False
1486429321.449
0
HO
False
1486429321.487
0
HO
False
1486429321.527
0
HO
False
1486429321.564
0
HO
False
1486429321.603
0
HO
False
1486429321.656
0
HO
False
1486429321.703
0
HO
False
1486429321.752
0
HO
False
1486429321.767
0
HO
False
1486429321.811
0
HO
False
1486429321.849
0
HO
False
1486429321.894
0
HO
False
1486429321.910
0
HO
False
1486429321.950
0
HO
False
1486429321.991
0
HO
False
1486429322.27
0
HO
False
1486429322.67
0
HO
False
1486429322.104
0
HO
False
1486429322.144
0
HO
False
1486429322.188
0
HO
False
1486429322.220
0
HO
False
1486429322.258
0
HO
False
1486429322.297
0
HO
False
1486429322.335
0
HO
False
1486429322.374
0
HO
False
1486429322.413
0
HO
False
1486429322.452
0
HO
False
1486429322.490
0
HO
False
1486429322.530
0
HO
False
1486429322.567
0
HO
False
1486429322.605
0
HO
False
1486429322.644
0
HO
False
1486429322.682
0
HO
False
1486429322.721
0
HO
False
1486429322.760
0
HO
False
1486429322.798
0
HO
False
1486429322.837
0
HO
False
1486429322.875
0
HO
False
1486429322.914
0
HO
False
1486429322.952
0
HO
False
1486429322.991
0
HO
False
1486429323.29
0
HO
False
1486429323.68
0
HO
False
1486429323.106
0
HO
False
1486429323.146
0
HO
False
1486429323.183
0
HO
False
1486429323.241
0
HO
False
1486429323.351
0
HO
False
1486429323.399
0
HO
False
1486429323.432
0
HO
False
1486429323.455
0
HO
False
1486429323.491
0
HO
False
1486429323.531
0
HO
False
1486429323.569
0
HO
False
1486429323.610
0
HO
False
1486429323.646
0
HO
False
1486429323.694
0
HO
False
1486429323.726
0
HO
False
1486429323.761
0
HO
False
1486429323.805
0
HO
False
1486429323.842
0
HO
False
1486429323.878
0
HO
False
1486429323.917
0
HO
False
1486429323.954
0
HO
False
1486429323.993
0
HO
False
1486429324.31
0
HO
False
1486429324.71
0
HO
False
1486429324.109
0
HO
False
1486429324.147
0
HO
False
1486429324.186
0
HO
False
1486429324.224
0
HO
False
1486429324.264
0
HO
False
1486429324.301
0
HO
False
1486429324.341
0
HO
False
1486429324.379
0
HO
False
1486429324.417
0
HO
False
1486429324.456
0
HO
False
1486429324.494
0
HO
False
1486429324.533
0
HO
False
1486429324.572
0
HO
False
1486429324.611
0
HO
False
1486429324.648
0
HO
False
1486429324.686
0
HO
False
1486429324.726
0
HO
False
1486429324.764
0
HO
False
1486429324.802
0
HO
False
1486429324.842
0
HO
False
1486429324.880
0
HO
False
1486429324.921
0
HO
False
1486429324.956
0
HO
False
1486429324.994
0
HO
False
1486429325.34
0
HO
False
1486429325.72
0
HO
False
1486429325.111
0
HO
False
1486429325.149
0
HO
False
1486429325.194
0
HO
False
1486429325.227
0
HO
False
1486429325.266
0
HO
False
1486429325.303
0
HO
False
1486429325.343
0
HO
False
1486429325.381
0
HO
False
1486429325.421
0
HO
False
1486429325.459
0
HO
False
1486429325.496
0
HO
False
1486429325.535
0
HO
False
1486429325.573
0
HO
False
1486429325.612
0
HO
False
1486429325.650
0
HO
False
1486429325.689
0
HO
False
1486429325.729
0
HO
False
1486429325.766
0
HO
False
1486429325.805
0
HO
False
1486429325.844
0
HO
False
1486429325.881
0
HO
False
1486429325.921
0
HO
False
1486429325.959
0
HO
False
1486429325.997
0
HO
False
1486429326.35
0
HO
False
1486429326.75
25
HB
True
1486429326.113
25
HB
True
1486429326.152
25
HB
True
1486429326.189
11
HB
True
1486429326.233
11
HB
True
1486429326.266
11
HB
True
1486429326.306
9
HO
True
1486429326.344
9
HO
True
1486429326.383
9
HO
True
1486429326.423
8
HO
True
1486429326.460
8
HO
True
1486429326.497
8
HO
True
1486429326.538
10
HO
True
1486429326.576
10
HO
True
1486429326.613
10
HO
True
1486429326.653
14
HA
True
1486429326.698
14
HA
True
1486429326.730
14
HA
True
1486429326.769
20
HA
True
1486429326.806
20
HA
True
1486429326.845
20
HA
True
1486429326.884
0
HO
False
1486429326.924
0
HO
False
1486429326.961
0
HO
False
1486429326.999
0
HO
False
1486429327.38
0
HO
False
1486429327.77
0
HO
False
1486429327.117
0
HO
False
1486429327.154
0
HO
False
1486429327.192
0
HO
False
1486429327.232
0
HO
False
1486429327.268
0
HO
False
1486429327.309
0
HO
False
1486429327.346
0
HO
False
1486429327.385
0
HO
False
1486429327.425
0
HO
False
1486429327.461
0
HO
False
1486429327.508
0
HO
False
1486429327.541
0
HO
False
1486429327.579
0
HO
False
1486429327.620
0
HO
False
1486429327.654
0
HO
False
1486429327.693
0
HO
False
1486429327.731
0
HO
False
1486429327.771
0
HO
False
1486429327.810
0
HO
False
1486429327.845
0
HO
False
1486429327.886
0
HO
False
1486429327.927
0
HO
False
1486429327.963
0
HO
False
1486429328.2
0
HO
False
1486429328.41
0
HO
False
1486429328.79
0
HO
False
1486429328.118
0
HO
False
1486429328.157
0
HO
False
1486429328.200
0
HO
False
1486429328.233
0
HO
False
1486429328.270
0
HO
False
1486429328.310
0
HO
False
1486429328.382
0
HO
False
1486429328.465
0
HO
False
1486429328.514
0
HO
False
1486429328.619
0
HO
False
1486429328.656
0
HO
False
1486429328.695
0
HO
False
1486429328.736
0
HO
False
1486429328.784
0
HO
False
1486429328.822
0
HO
False
1486429328.855
0
HO
False
1486429328.890
0
HO
False
1486429328.930
0
HO
False
1486429328.969
0
HO
False
1486429329.6
0
HO
False
1486429329.42
0
HO
False
1486429329.81
0
HO
False
1486429329.119
0
HO
False
1486429329.158
0
HO
False
1486429329.195
0
HO
False
1486429329.239
0
HO
False
1486429329.272
0
HO
False
1486429329.312
0
HO
False
1486429329.350
0
HO
False
1486429329.389
0
HO
False
1486429329.427
0
HO
False
1486429329.465
0
HO
False
1486429329.504
0
HO
False
1486429329.545
0
HO
False
1486429329.582
0
HO
False
1486429329.620
0
HO
False
1486429329.660
0
HO
False
1486429329.702
0
HO
False
1486429329.736
0
HO
False
1486429329.775
0
HO
False
1486429329.813
0
HO
False
1486429329.852
0
HO
False
1486429329.891
0
HO
False
1486429330.5
0
HO
False
1486429330.46
0
HO
False
1486429330.84
0
HO
False
1486429330.147
0
HO
False
1486429330.184
0
HO
False
1486429330.206
0
HO
False
1486429330.391
0
HO
False
1486429330.431
0
HO
False
1486429330.468
0
HO
False
1486429330.505
0
HO
False
1486429330.547
0
HO
False
1486429330.583
0
HO
False
1486429330.623
0
HO
False
1486429330.662
0
HO
False
1486429330.700
0
HO
False
1486429330.741
0
HO
False
1486429330.778
0
HO
False
1486429330.815
0
HO
False
1486429330.855
0
HO
False
1486429330.893
0
HO
False
1486429330.931
0
HO
False
1486429330.969
0
HO
False
1486429331.7
0
HO
False
1486429331.48
0
HO
False
1486429331.85
0
HO
False
1486429331.124
0
HO
False
1486429331.162
0
HO
False
1486429331.204
0
HO
False
1486429331.240
0
HO
False
1486429331.278
0
HO
False
1486429331.317
0
HO
False
1486429331.356
0
HO
False
1486429331.394
20
HA
True
1486429331.432
20
HA
True
1486429331.471
20
HA
True
1486429331.509
10
HO
True
1486429331.550
10
HO
True
1486429331.585
10
HO
True
1486429331.624
13
HO
True
1486429331.666
13
HO
True
1486429331.703
13
HO
True
1486429331.740
13
HO
True
1486429331.780
13
HO
True
1486429331.816
13
HO
True
1486429331.858
11
HO
True
1486429331.894
11
HO
True
1486429331.933
11
HO
True
1486429331.971
14
HB
True
1486429332.10
14
HB
True
1486429332.49
14
HB
True
1486429332.87
0
HO
True
1486429332.126
0
HO
True
1486429332.166
0
HO
True
1486429332.202
0
HO
False
1486429332.242
0
HO
False
1486429332.280
0
HO
False
1486429332.319
0
HO
False
1486429332.358
0
HO
False
1486429332.394
0
HO
False
1486429332.434
0
HO
False
1486429332.474
0
HO
False
1486429332.511
0
HO
False
1486429332.549
0
HO
False
1486429332.588
0
HO
False
1486429332.627
0
HO
False
1486429332.667
0
HO
False
1486429332.707
0
HO
False
1486429332.743
0
HO
False
1486429332.781
0
HO
False
1486429332.820
0
HO
False
1486429332.860
0
HO
False
1486429332.897
0
HO
False
1486429332.935
0
HO
False
1486429332.973
0
HO
False
1486429333.12
0
HO
False
1486429333.51
0
HO
False
1486429333.90
0
HO
False
1486429333.127
0
HO
False
1486429333.169
0
HO
False
1486429333.204
0
HO
False
1486429333.243
0
HO
False
1486429333.282
0
HO
False
1486429333.321
0
HO
False
1486429333.359
0
HO
False
1486429333.397
0
HO
False
1486429333.435
0
HO
False
1486429333.477
0
HO
False
1486429333.512
0
HO
False
1486429333.552
0
HO
False
1486429333.589
0
HO
False
1486429333.630
0
HO
False
1486429333.674
0
HO
False
1486429333.705
0
HO
False
1486429333.744
0
HO
False
1486429333.784
0
HO
False
1486429333.821
0
HO
False
1486429333.861
0
HO
False
1486429333.898
0
HO
False
1486429333.937
0
HO
False
1486429333.978
0
HO
False
1486429334.13
0
HO
False
1486429334.52
0
HO
False
1486429334.118
0
HO
False
1486429334.214
0
HO
False
1486429334.325
0
HO
False
1486429334.360
0
HO
False
1486429334.400
0
HO
False
1486429334.439
0
HO
False
1486429334.479
0
HO
False
1486429334.516
0
HO
False
1486429334.553
0
HO
False
1486429334.593
0
HO
False
1486429334.631
0
HO
False
1486429334.669
0
HO
False
1486429334.708
0
HO
False
1486429334.745
0
HO
False
1486429334.786
0
HO
False
1486429334.824
0
HO
False
1486429334.861
0
HO
False
1486429334.901
0
HO
False
1486429334.939
0
HO
False
1486429334.982
0
HO
False
1486429335.17
0
HO
False
1486429335.55
0
HO
False
1486429335.94
0
HO
False
1486429335.132
0
HO
False
1486429335.171
0
HO
False
1486429335.209
0
HO
False
1486429335.246
0
HO
False
1486429335.306
0
HO
False
1486429335.401
0
HO
False
1486429335.441
0
HO
False
1486429335.488
0
HO
False
1486429335.543
0
HO
False
1486429335.633
0
HO
False
1486429335.671
0
HO
False
1486429335.712
0
HO
False
1486429335.747
0
HO
False
1486429335.789
0
HO
False
1486429335.826
0
HO
False
1486429335.864
0
HO
False
1486429335.903
0
HO
False
1486429335.941
0
HO
False
1486429336.5
0
HO
False
1486429336.173
0
HO
False
1486429336.214
0
HO
False
1486429336.250
0
HO
False
1486429336.290
0
HO
False
1486429336.328
0
HO
False
1486429336.366
0
HO
False
1486429336.404
0
HO
False
1486429336.442
0
HO
False
1486429336.480
0
HO
False
1486429336.521
0
HO
False
1486429336.558
0
HO
False
1486429336.600
0
HO
False
1486429336.640
0
HO
False
1486429336.676
0
HO
False
1486429336.711
0
HO
False
1486429336.750
0
HO
False
1486429336.791
0
HO
False
1486429336.827
0
HO
False
1486429336.867
0
HO
False
1486429336.906
0
HO
False
1486429336.943
0
HO
False
1486429336.982
0
HO
False
1486429337.21
0
HO
False
1486429337.59
0
HO
False
1486429337.101
0
HO
False
1486429337.135
0
HO
False
1486429337.175
23
HB
True
1486429337.215
23
HB
True
1486429337.251
23
HB
True
1486429337.291
8
HB
True
1486429337.328
8
HB
True
1486429337.367
8
HB
True
1486429337.409
12
HO
True
1486429337.445
12
HO
True
1486429337.482
12
HO
True
1486429337.521
13
HO
True
1486429337.560
13
HO
True
1486429337.601
13
HO
True
1486429337.638
13
HO
True
1486429337.690
13
HO
True
1486429337.725
13
HO
True
1486429337.750
16
HA
True
1486429337.793
16
HA
True
1486429337.829
16
HA
True
1486429337.868
0
HO
True
1486429337.909
0
HO
True
1486429337.945
0
HO
True
1486429337.983
0
HO
False
1486429338.31
0
HO
False
1486429338.70
0
HO
False
1486429338.122
0
HO
False
1486429338.141
0
HO
False
1486429338.175
0
HO
False
1486429338.221
0
HO
False
1486429338.252
0
HO
False
1486429338.295
0
HO
False
1486429338.334
0
HO
False
1486429338.369
0
HO
False
1486429338.410
0
HO
False
1486429338.447
0
HO
False
1486429338.485
0
HO
False
1486429338.524
0
HO
False
1486429338.562
0
HO
False
1486429338.600
0
HO
False
1486429338.640
0
HO
False
1486429338.679
0
HO
False
1486429338.871
0
HO
False
1486429338.912
0
HO
False
1486429338.947
0
HO
False
1486429338.986
0
HO
False
1486429339.25
0
HO
False
1486429339.65
0
HO
False
1486429339.101
0
HO
False
1486429339.140
0
HO
False
1486429339.178
0
HO
False
1486429339.221
0
HO
False
1486429339.255
0
HO
False
1486429339.295
0
HO
False
1486429339.333
0
HO
False
1486429339.387
0
HO
False
1486429339.579
0
HO
False
1486429339.640
0
HO
False
1486429339.659
0
HO
False
1486429339.678
0
HO
False
1486429339.721
0
HO
False
1486429339.761
0
HO
False
1486429339.796
0
HO
False
1486429339.833
0
HO
False
1486429339.872
0
HO
False
1486429339.911
0
HO
False
1486429339.950
0
HO
False
1486429339.988
0
HO
False
1486429340.28
0
HO
False
1486429340.65
0
HO
False
1486429340.104
0
HO
False
1486429340.143
0
HO
False
1486429340.181
0
HO
False
1486429340.223
0
HO
False
1486429340.259
0
HO
False
1486429340.297
0
HO
False
1486429340.336
0
HO
False
1486429340.374
0
HO
False
1486429340.412
0
HO
False
1486429340.451
0
HO
False
1486429340.489
0
HO
False
1486429340.545
0
HO
False
1486429340.643
0
HO
False
1486429340.682
0
HO
False
1486429340.745
0
HO
False
1486429340.780
0
HO
False
1486429340.801
0
HO
False
1486429340.839
0
HO
False
1486429340.877
0
HO
False
1486429340.914
0
HO
False
1486429340.952
0
HO
False
1486429340.990
0
HO
False
1486429341.30
0
HO
False
1486429341.68
0
HO
False
1486429341.105
0
HO
False
1486429341.144
0
HO
False
1486429341.184
0
HO
False
1486429341.234
0
HO
False
1486429341.265
0
HO
False
1486429341.299
0
HO
False
1486429341.343
0
HO
False
1486429341.376
0
HO
False
1486429341.414
0
HO
False
1486429341.453
0
HO
False
1486429341.491
0
HO
False
1486429341.532
0
HO
False
1486429341.568
0
HO
False
1486429341.607
0
HO
False
1486429341.646
0
HO
False
1486429341.684
0
HO
False
1486429341.723
0
HO
False
1486429341.761
0
HO
False
1486429341.800
30
HA
True
1486429341.841
30
HA
True
1486429341.877
30
HA
True
1486429341.917
11
HA
True
1486429341.953
11
HA
True
1486429341.992
11
HA
True
1486429342.31
13
HO
True
1486429342.70
13
HO
True
1486429342.110
13
HO
True
1486429342.148
14
HO
True
1486429342.186
14
HO
True
1486429342.225
14
HO
True
1486429342.262
14
HO
True
1486429342.302
14
HO
True
1486429342.343
14
HO
True
1486429342.377
13
HB
True
1486429342.416
13
HB
True
1486429342.454
13
HB
True
1486429342.494
15
HB
True
1486429342.534
15
HB
True
1486429342.570
15
HB
True
1486429342.610
0
HO
False
1486429342.649
0
HO
False
1486429342.685
0
HO
False
1486429342.725
0
HO
False
1486429342.765
0
HO
False
1486429342.803
0
HO
False
1486429342.843
0
HO
False
1486429342.879
0
HO
False
1486429342.918
0
HO
False
1486429342.956
0
HO
False
1486429342.1000
0
HO
False
1486429343.33
0
HO
False
1486429343.71
0
HO
False
1486429343.111
0
HO
False
1486429343.151
0
HO
False
1486429343.187
0
HO
False
1486429343.228
0
HO
False
1486429343.264
0
HO
False
1486429343.303
0
HO
False
1486429343.344
0
HO
False
1486429343.380
0
HO
False
1486429343.419
0
HO
False
1486429343.458
0
HO
False
1486429343.496
0
HO
False
1486429343.534
0
HO
False
1486429343.574
0
HO
False
1486429343.611
0
HO
False
1486429343.652
0
HO
False
1486429343.687
0
HO
False
1486429343.728
0
HO
False
1486429343.765
0
HO
False
1486429343.803
0
HO
False
1486429343.842
0
HO
False
1486429343.881
0
HO
False
1486429343.918
0
HO
False
1486429343.961
0
HO
False
1486429343.996
0
HO
False
1486429344.35
0
HO
False
1486429344.74
0
HO
False
1486429344.112
0
HO
False
1486429344.151
0
HO
False
1486429344.189
0
HO
False
1486429344.227
0
HO
False
1486429344.267
0
HO
False
1486429344.306
0
HO
False
1486429344.367
0
HO
False
1486429344.468
0
HO
False
1486429344.511
0
HO
False
1486429344.548
0
HO
False
1486429344.578
0
HO
False
1486429344.614
0
HO
False
1486429344.659
0
HO
False
1486429344.693
0
HO
False
1486429344.732
0
HO
False
1486429344.771
0
HO
False
1486429344.806
0
HO
False
1486429344.845
0
HO
False
1486429344.883
0
HO
False
1486429344.923
0
HO
False
1486429344.962
0
HO
False
1486429344.998
0
HO
False
1486429345.37
0
HO
False
1486429345.76
0
HO
False
1486429345.115
0
HO
False
1486429345.152
0
HO
False
1486429345.193
0
HO
False
1486429345.230
0
HO
False
1486429345.271
0
HO
False
1486429345.306
0
HO
False
1486429345.346
0
HO
False
1486429345.384
0
HO
False
1486429345.423
0
HO
False
1486429345.463
0
HO
False
1486429345.501
0
HO
False
1486429345.537
0
HO
False
1486429345.577
0
HO
False
1486429345.615
0
HO
False
1486429345.655
0
HO
False
1486429345.693
0
HO
False
1486429345.731
0
HO
False
1486429345.772
0
HO
False
1486429345.808
0
HO
False
1486429345.846
0
HO
False
1486429345.885
0
HO
False
1486429345.924
0
HO
False
1486429345.964
0
HO
False
1486429345.999
0
HO
False
1486429346.40
0
HO
False
1486429346.79
0
HO
False
1486429346.116
0
HO
False
1486429346.155
0
HO
False
1486429346.194
0
HO
False
1486429346.232
0
HO
False
1486429346.272
0
HO
False
1486429346.326
0
HO
False
1486429346.425
0
HO
False
1486429346.463
0
HO
False
1486429346.503
0
HO
False
1486429346.556
0
HO
False
1486429346.656
0
HO
False
1486429346.695
0
HO
False
1486429346.734
0
HO
False
1486429346.774
0
HO
False
1486429346.811
0
HO
False
1486429346.849
0
HO
False
1486429346.887
0
HO
False
1486429346.926
0
HO
False
1486429346.964
0
HO
False
1486429347.3
0
HO
False
1486429347.41
0
HO
False
1486429347.82
0
HO
False
1486429347.118
0
HO
False
1486429347.157
0
HO
False
1486429347.195
0
HO
False
1486429347.233
0
HO
False
1486429347.275
0
HO
False
1486429347.311
0
HO
False
1486429347.350
0
HO
False
1486429347.388
0
HO
False
1486429347.428
0
HO
False
1486429347.466
0
HO
False
1486429347.504
0
HO
False
1486429347.544
0
HO
False
1486429347.582
0
HO
False
1486429347.620
0
HO
False
1486429347.660
0
HO
False
1486429347.695
0
HO
False
1486429347.735
0
HO
False
1486429347.775
0
HO
False
1486429347.814
0
HO
False
1486429347.851
0
HO
False
1486429347.890
0
HO
False
1486429347.930
0
HO
False
1486429347.969
0
HO
False
1486429348.7
0
HO
False
1486429348.43
0
HO
False
1486429348.84
0
HO
False
1486429348.120
0
HO
False
1486429348.160
0
HO
False
1486429348.196
0
HO
False
1486429348.236
0
HO
False
1486429348.275
20
HB
True
1486429348.313
20
HB
True
1486429348.353
20
HB
True
1486429348.392
7
HO
True
1486429348.429
7
HO
True
1486429348.468
7
HO
True
1486429348.505
12
HO
True
1486429348.545
12
HO
True
1486429348.585
12
HO
True
1486429348.622
16
HO
True
1486429348.662
16
HO
True
1486429348.699
16
HO
True
1486429348.741
18
HA
True
1486429348.787
18
HA
True
1486429348.817
18
HA
True
1486429348.852
17
HA
True
1486429348.901
17
HA
True
1486429348.935
17
HA
True
1486429348.967
0
HO
False
1486429349.6
0
HO
False
1486429349.45
0
HO
False
1486429349.86
0
HO
False
1486429349.122
0
HO
False
1486429349.161
0
HO
False
1486429349.199
0
HO
False
1486429349.238
0
HO
False
1486429349.277
0
HO
False
1486429349.315
0
HO
False
1486429349.354
0
HO
False
1486429349.394
0
HO
False
1486429349.431
0
HO
False
1486429349.469
0
HO
False
1486429349.510
0
HO
False
1486429349.546
0
HO
False
1486429349.588
0
HO
False
1486429349.625
0
HO
False
1486429349.663
0
HO
False
1486429349.701
0
HO
False
1486429349.739
0
HO
False
1486429349.777
0
HO
False
1486429349.817
0
HO
False
1486429349.854
0
HO
False
1486429349.895
0
HO
False
1486429349.932
0
HO
False
1486429349.971
0
HO
False
1486429350.10
0
HO
False
1486429350.47
0
HO
False
1486429350.88
0
HO
False
1486429350.125
0
HO
False
1486429350.164
0
HO
False
1486429350.202
0
HO
False
1486429350.242
0
HO
False
1486429350.279
0
HO
False
1486429350.318
0
HO
False
1486429350.357
0
HO
False
1486429350.397
0
HO
False
1486429350.434
0
HO
False
1486429350.472
0
HO
False
1486429350.509
0
HO
False
1486429350.573
0
HO
False
1486429350.664
0
HO
False
1486429350.722
0
HO
False
1486429350.770
0
HO
False
1486429350.934
0
HO
False
1486429350.973
0
HO
False
1486429351.12
0
HO
False
1486429351.50
0
HO
False
1486429351.89
0
HO
False
1486429351.126
0
HO
False
1486429351.166
0
HO
False
1486429351.205
0
HO
False
1486429351.243
0
HO
False
1486429351.280
0
HO
False
1486429351.320
0
HO
False
1486429351.357
0
HO
False
1486429351.399
0
HO
False
1486429351.436
0
HO
False
1486429351.473
0
HO
False
1486429351.512
0
HO
False
1486429351.550
0
HO
False
1486429351.590
0
HO
False
1486429351.628
0
HO
False
1486429351.666
0
HO
False
1486429351.706
0
HO
False
1486429351.742
0
HO
False
1486429351.783
0
HO
False
1486429351.821
0
HO
False
1486429351.859
0
HO
False
1486429351.898
0
HO
False
1486429351.936
0
HO
False
1486429351.975
0
HO
False
1486429352.15
0
HO
False
1486429352.52
0
HO
False
1486429352.91
0
HO
False
1486429352.128
0
HO
False
1486429352.167
0
HO
False
1486429352.206
0
HO
False
1486429352.246
0
HO
False
1486429352.283
0
HO
False
1486429352.322
0
HO
False
1486429352.360
0
HO
False
1486429352.400
0
HO
False
1486429352.438
0
HO
False
1486429352.475
0
HO
False
1486429352.516
0
HO
False
1486429352.553
0
HO
False
1486429352.591
0
HO
False
1486429352.630
0
HO
False
1486429352.668
0
HO
False
1486429352.709
0
HO
False
1486429352.747
0
HO
False
1486429352.783
0
HO
False
1486429352.822
0
HO
False
1486429352.862
0
HO
False
1486429352.899
0
HO
False
1486429352.956
0
HO
False
1486429353.4
0
HO
False
1486429353.34
0
HO
False
1486429353.62
0
HO
False
1486429353.124
0
HO
False
1486429353.159
0
HO
False
1486429353.184
0
HO
False
1486429353.210
0
HO
False
1486429353.250
0
HO
False
1486429353.284
0
HO
False
1486429353.327
0
HO
False
1486429353.363
0
HO
False
1486429353.400
0
HO
False
1486429353.441
0
HO
False
1486429353.477
0
HO
False
1486429353.519
0
HO
False
1486429353.555
0
HO
False
1486429353.593
0
HO
False
1486429353.631
0
HO
False
1486429353.670
0
HO
False
1486429353.709
0
HO
False
1486429353.749
0
HO
False
1486429353.786
0
HO
False
1486429353.826
0
HO
False
1486429353.866
0
HO
False
1486429353.902
0
HO
False
1486429353.940
0
HO
False
1486429353.978
0
HO
False
1486429354.20
0
HO
False
1486429354.56
0
HO
False
1486429354.94
0
HO
False
1486429354.134
0
HO
False
1486429354.172
41
HA
True
1486429354.210
41
HA
True
1486429354.247
41
HA
True
1486429354.287
9
HA
True
1486429354.330
9
HA
True
1486429354.363
9
HA
True
1486429354.402
8
HO
True
1486429354.442
8
HO
True
1486429354.479
8
HO
True
1486429354.521
12
HO
True
1486429354.557
12
HO
True
1486429354.595
12
HO
True
1486429354.634
14
HO
True
1486429354.673
14
HO
True
1486429354.711
14
HO
True
1486429354.750
15
HB
True
1486429354.788
15
HB
True
1486429354.829
15
HB
True
1486429354.866
15
HB
True
1486429354.903
15
HB
True
1486429354.943
15
HB
True
1486429354.981
0
HO
False
1486429355.20
0
HO
False
1486429355.59
0
HO
False
1486429355.97
0
HO
False
1486429355.137
0
HO
False
1486429355.174
0
HO
False
1486429355.213
0
HO
False
1486429355.255
0
HO
False
1486429355.289
0
HO
False
1486429355.329
0
HO
False
1486429355.366
0
HO
False
1486429355.405
0
HO
False
1486429355.444
0
HO
False
1486429355.482
0
HO
False
1486429355.520
0
HO
False
1486429355.558
0
HO
False
1486429355.598
0
HO
False
1486429355.638
0
HO
False
1486429355.674
0
HO
False
1486429355.713
0
HO
False
1486429355.752
0
HO
False
1486429355.791
0
HO
False
1486429355.831
0
HO
False
1486429355.868
0
HO
False
1486429355.906
0
HO
False
1486429355.943
0
HO
False
1486429355.983
0
HO
False
1486429356.21
0
HO
False
1486429356.60
0
HO
False
1486429356.101
0
HO
False
1486429356.138
0
HO
False
1486429356.175
0
HO
False
1486429356.214
0
HO
False
1486429356.252
0
HO
False
1486429356.292
0
HO
False
1486429356.333
0
HO
False
1486429356.369
0
HO
False
1486429356.408
0
HO
False
1486429356.602
0
HO
False
1486429356.639
0
HO
False
1486429356.676
0
HO
False
1486429356.715
0
HO
False
1486429356.756
0
HO
False
1486429356.793
0
HO
False
1486429356.833
0
HO
False
1486429356.870
0
HO
False
1486429356.909
0
HO
False
1486429356.946
0
HO
False
1486429356.985
0
HO
False
1486429357.24
0
HO
False
1486429357.62
0
HO
False
1486429357.127
0
HO
False
1486429357.216
0
HO
False
1486429357.269
0
HO
False
1486429357.326
0
HO
False
1486429357.357
0
HO
False
1486429357.379
0
HO
False
1486429357.409
0
HO
False
1486429357.451
0
HO
False
1486429357.486
0
HO
False
1486429357.525
0
HO
False
1486429357.563
0
HO
False
1486429357.602
0
HO
False
1486429357.642
0
HO
False
1486429357.680
0
HO
False
1486429357.717
0
HO
False
1486429357.755
0
HO
False
1486429357.795
0
HO
False
1486429357.833
0
HO
False
1486429357.870
0
HO
False
1486429357.910
0
HO
False
1486429357.951
0
HO
False
1486429357.987
0
HO
False
1486429358.26
0
HO
False
1486429358.62
0
HO
False
1486429358.103
0
HO
False
1486429358.142
0
HO
False
1486429358.180
0
HO
False
1486429358.218
0
HO
False
1486429358.260
0
HO
False
1486429358.295
0
HO
False
1486429358.334
0
HO
False
1486429358.372
0
HO
False
1486429358.411
0
HO
False
1486429358.453
0
HO
False
1486429358.489
0
HO
False
1486429358.527
0
HO
False
1486429358.566
0
HO
False
1486429358.604
0
HO
False
1486429358.642
0
HO
False
1486429358.683
0
HO
False
1486429358.807
0
HO
False
1486429358.858
0
HO
False
1486429358.880
0
HO
False
1486429358.916
0
HO
False
1486429358.979
0
HO
False
1486429359.68
0
HO
False
1486429359.106
0
HO
False
1486429359.143
0
HO
False
1486429359.183
0
HO
False
1486429359.221
0
HO
False
1486429359.260
0
HO
False
1486429359.298
0
HO
False
1486429359.336
0
HO
False
1486429359.374
0
HO
False
1486429359.413
0
HO
False
1486429359.452
0
HO
False
1486429359.491
0
HO
False
1486429359.529
0
HO
False
1486429359.569
0
HO
False
1486429359.605
0
HO
False
1486429359.644
0
HO
False
1486429359.683
0
HO
False
1486429359.722
0
HO
False
1486429359.760
0
HO
False
1486429359.798
0
HO
False
1486429359.837
0
HO
False
1486429359.876
0
HO
False
1486429359.915
0
HO
False
1486429359.952
0
HO
False
1486429359.992
0
HO
False
1486429360.31
0
HO
False
1486429360.72
0
HO
False
1486429360.108
0
HO
False
1486429360.145
0
HO
False
1486429360.185
0
HO
False
1486429360.223
0
HO
False
1486429360.263
0
HO
False
1486429360.300
0
HO
False
1486429360.338
0
HO
False
1486429360.376
0
HO
False
1486429360.416
0
HO
False
1486429360.454
0
HO
False
1486429360.492
0
HO
False
1486429360.531
0
HO
False
1486429360.571
0
HO
False
1486429360.609
0
HO
False
1486429360.647
0
HO
False
1486429360.684
0
HO
False
1486429360.725
0
HO
False
1486429360.762
0
HO
False
1486429360.800
0
HO
False
1486429360.839
0
HO
False
1486429360.879
34
HB
True
1486429360.917
34
HB
True
1486429360.954
34
HB
True
1486429360.993
8
HB
True
1486429361.33
8
HB
True
1486429361.74
8
HB
True
1486429361.110
11
HO
True
1486429361.147
11
HO
True
1486429361.187
11
HO
True
1486429361.230
13
HO
True
1486429361.264
13
HO
True
1486429361.303
13
HO
True
1486429361.342
13
HO
True
1486429361.381
13
HO
True
1486429361.418
13
HO
True
1486429361.455
14
HA
True
1486429361.493
14
HA
True
1486429361.534
14
HA
True
1486429361.573
18
HA
True
1486429361.610
18
HA
True
1486429361.649
18
HA
True
1486429361.689
0
HO
False
1486429361.726
0
HO
False
1486429361.764
0
HO
False
1486429361.802
0
HO
False
1486429361.842
0
HO
False
1486429361.882
0
HO
False
1486429361.918
0
HO
False
1486429361.957
0
HO
False
1486429361.995
0
HO
False
1486429362.35
0
HO
False
1486429362.72
0
HO
False
1486429362.111
0
HO
False
1486429362.150
0
HO
False
1486429362.190
0
HO
False
1486429362.229
0
HO
False
1486429362.265
0
HO
False
1486429362.303
0
HO
False
1486429362.343
0
HO
False
1486429362.384
0
HO
False
1486429362.419
0
HO
False
1486429362.458
0
HO
False
1486429362.495
0
HO
False
1486429362.536
0
HO
False
1486429362.574
0
HO
False
1486429362.612
0
HO
False
1486429362.652
0
HO
False
1486429362.691
0
HO
False
1486429362.735
0
HO
False
1486429362.766
0
HO
False
1486429362.804
0
HO
False
1486429362.844
0
HO
False
1486429362.885
0
HO
False
1486429362.921
0
HO
False
1486429362.959
0
HO
False
1486429362.997
0
HO
False
1486429363.37
0
HO
False
1486429363.75
0
HO
False
1486429363.113
0
HO
False
1486429363.151
0
HO
False
1486429363.191
0
HO
False
1486429363.229
0
HO
False
1486429363.267
0
HO
False
1486429363.306
0
HO
False
1486429363.344
0
HO
False
1486429363.384
0
HO
False
1486429363.453
0
HO
False
1486429363.486
0
HO
False
1486429363.510
0
HO
False
1486429363.537
0
HO
False
1486429363.592
0
HO
False
1486429363.634
0
HO
False
1486429363.670
0
HO
False
1486429363.691
0
HO
False
1486429363.734
0
HO
False
1486429363.768
0
HO
False
1486429363.807
0
HO
False
1486429363.845
0
HO
False
1486429363.885
0
HO
False
1486429363.923
0
HO
False
1486429363.961
0
HO
False
1486429363.999
0
HO
False
1486429364.38
0
HO
False
1486429364.77
0
HO
False
1486429364.115
0
HO
False
1486429364.153
0
HO
False
1486429364.195
0
HO
False
1486429364.237
0
HO
False
1486429364.270
0
HO
False
1486429364.309
0
HO
False
1486429364.347
0
HO
False
1486429364.387
0
HO
False
1486429364.424
0
HO
False
1486429364.462
0
HO
False
1486429364.501
0
HO
False
1486429364.538
0
HO
False
1486429364.579
0
HO
False
1486429364.616
0
HO
False
1486429364.655
0
HO
False
1486429364.695
0
HO
False
1486429364.731
0
HO
False
1486429364.770
0
HO
False
1486429364.809
0
HO
False
1486429364.847
0
HO
False
1486429364.887
0
HO
False
1486429364.925
0
HO
False
1486429364.963
0
HO
False
1486429365.1
0
HO
False
1486429365.40
0
HO
False
1486429365.79
0
HO
False
1486429365.117
0
HO
False
1486429365.156
0
HO
False
1486429365.197
0
HO
False
1486429365.233
0
HO
False
1486429365.272
0
HO
False
1486429365.310
0
HO
False
1486429365.348
0
HO
False
1486429365.389
0
HO
False
1486429365.426
0
HO
False
1486429365.464
0
HO
False
1486429365.502
0
HO
False
1486429365.542
0
HO
False
1486429365.579
0
HO
False
1486429365.619
0
HO
False
1486429365.658
0
HO
False
1486429365.697
0
HO
False
1486429365.741
0
HO
False
1486429365.775
0
HO
False
1486429365.810
0
HO
False
1486429365.850
0
HO
False
1486429365.890
0
HO
False
1486429365.927
0
HO
False
1486429365.966
0
HO
False
1486429366.4
0
HO
False
1486429366.42
0
HO
False
1486429366.81
0
HO
False
1486429366.120
0
HO
False
1486429366.192
0
HO
False
1486429366.290
0
HO
False
1486429366.397
0
HO
False
1486429366.513
0
HO
False
1486429366.634
0
HO
False
1486429366.825
0
HO
False
1486429366.943
0
HO
False
1486429367.51
0
HO
False
1486429367.113
0
HO
False
1486429367.203
0
HO
False
1486429367.250
0
HO
False
1486429367.298
0
HO
False
1486429367.340
0
HO
False
1486429367.377
0
HO
False
1486429367.499
0
HO
False
1486429367.662
0
HO
False
1486429367.782
0
HO
False
1486429367.826
0
HO
False
1486429367.851
0
HO
False
1486429367.894
0
HO
False
1486429367.930
0
HO
False
1486429367.970
0
HO
False
1486429368.8
0
HO
False
1486429368.47
0
HO
False
1486429368.83
0
HO
False
1486429368.125
0
HO
False
1486429368.162
0
HO
False
1486429368.202
0
HO
False
1486429368.240
0
HO
False
1486429368.278
0
HO
False
1486429368.318
0
HO
False
1486429368.355
0
HO
False
1486429368.394
0
HO
False
1486429368.432
0
HO
False
1486429368.473
0
HO
False
1486429368.509
0
HO
False
1486429368.548
0
HO
False
1486429368.586
0
HO
False
1486429368.625
0
HO
False
1486429368.665
0
HO
False
1486429368.712
0
HO
False
1486429368.763
0
HO
False
1486429368.803
0
HO
False
1486429368.827
0
HO
False
1486429368.859
0
HO
False
1486429368.896
0
HO
False
1486429368.936
0
HO
False
1486429368.972
0
HO
False
1486429369.10
0
HO
False
1486429369.49
0
HO
False
1486429369.87
0
HO
False
1486429369.126
0
HO
False
1486429369.164
0
HO
False
1486429369.203
0
HO
False
1486429369.241
0
HO
False
1486429369.280
0
HO
False
1486429369.319
0
HO
False
1486429369.357
0
HO
False
1486429369.396
0
HO
False
1486429369.435
0
HO
False
1486429369.475
0
HO
False
1486429369.511
0
HO
False
1486429369.550
0
HO
False
1486429369.588
0
HO
False
1486429369.630
0
HO
False
1486429369.666
0
HO
False
1486429369.704
0
HO
False
1486429369.742
0
HO
False
1486429369.780
0
HO
False
1486429369.819
0
HO
False
1486429369.859
0
HO
False
1486429369.897
0
HO
False
1486429369.935
0
HO
False
1486429369.974
0
HO
False
1486429370.12
0
HO
False
1486429370.50
0
HO
False
1486429370.89
0
HO
False
1486429370.128
0
HO
False
1486429370.166
0
HO
False
1486429370.204
0
HO
False
1486429370.249
0
HO
False
1486429370.294
0
HO
False
1486429370.324
0
HO
False
1486429370.372
0
HO
False
1486429370.408
0
HO
False
1486429370.452
0
HO
False
1486429370.490
0
HO
False
1486429370.521
0
HO
False
1486429370.562
0
HO
False
1486429370.595
0
HO
False
1486429370.632
0
HO
False
1486429370.826
0
HO
False
1486429370.871
0
HO
False
1486429370.913
0
HO
False
1486429370.945
0
HO
False
1486429370.981
0
HO
False
1486429371.27
0
HO
False
1486429371.57
0
HO
False
1486429371.98
0
HO
False
1486429371.151
0
HO
False
1486429371.249
0
HO
False
1486429371.363
0
HO
False
1486429371.400
0
HO
False
1486429371.438
0
HO
False
1486429371.477
0
HO
False
1486429371.515
0
HO
False
1486429371.555
0
HO
False
1486429371.593
0
HO
False
1486429371.632
0
HO
False
1486429371.690
0
HO
False
1486429371.868
0
HO
False
1486429371.980
0
HO
False
1486429372.16
0
HO
False
1486429372.55
0
HO
False
1486429372.94
0
HO
False
1486429372.133
0
HO
False
1486429372.171
0
HO
False
1486429372.211
0
HO
False
1486429372.247
0
HO
False
1486429372.287
0
HO
False
1486429372.325
0
HO
False
1486429372.372
0
HO
False
1486429372.405
0
HO
False
1486429372.456
0
HO
False
1486429372.482
0
HO
False
1486429372.530
0
HO
False
1486429372.566
0
HO
False
1486429372.600
0
HO
False
1486429372.642
0
HO
False
1486429372.680
0
HO
False
1486429372.714
0
HO
False
1486429372.759
0
HO
False
1486429372.804
0
HO
False
1486429372.836
0
HO
False
1486429372.867
0
HO
False
1486429372.913
0
HO
False
1486429372.947
0
HO
False
1486429372.987
0
HO
False
1486429373.27
0
HO
False
1486429373.61
0
HO
False
1486429373.107
0
HO
False
1486429373.144
0
HO
False
1486429373.186
0
HO
False
1486429373.220
0
HO
False
1486429373.260
0
HO
False
1486429373.292
0
HO
False
1486429373.334
0
HO
False
1486429373.370
0
HO
False
1486429373.412
0
HO
False
1486429373.598
0
HO
False
1486429373.636
0
HO
False
1486429373.673
0
HO
False
1486429373.712
0
HO
False
1486429373.750
0
HO
False
1486429373.790
0
HO
False
1486429373.829
0
HO
False
1486429373.866
0
HO
False
1486429373.905
0
HO
False
1486429373.943
0
HO
False
1486429373.984
0
HO
False
1486429374.20
0
HO
False
1486429374.59
0
HO
False
1486429374.99
0
HO
False
1486429374.137
0
HO
False
1486429374.175
0
HO
False
1486429374.214
0
HO
False
1486429374.252
0
HO
False
1486429374.292
0
HO
False
1486429374.330
0
HO
False
